[2024-06-03T09:55:37.813+0000] {processor.py:161} INFO - Started process (PID=281) to work on /home/airflow/.local/lib/python3.12/site-packages/airflow/example_dags/example_sensor_decorator.py
[2024-06-03T09:55:37.814+0000] {processor.py:830} INFO - Processing file /home/airflow/.local/lib/python3.12/site-packages/airflow/example_dags/example_sensor_decorator.py for tasks to queue
[2024-06-03T09:55:37.849+0000] {logging_mixin.py:188} INFO - [2024-06-03T09:55:37.837+0000] {dagbag.py:545} INFO - Filling up the DagBag from /home/airflow/.local/lib/python3.12/site-packages/airflow/example_dags/example_sensor_decorator.py
[2024-06-03T09:55:37.902+0000] {processor.py:840} INFO - DAG(s) 'example_sensor_decorator' retrieved from /home/airflow/.local/lib/python3.12/site-packages/airflow/example_dags/example_sensor_decorator.py
[2024-06-03T09:55:38.114+0000] {logging_mixin.py:188} INFO - [2024-06-03T09:55:38.114+0000] {dag.py:3096} INFO - Sync 1 DAGs
[2024-06-03T09:55:38.130+0000] {logging_mixin.py:188} INFO - [2024-06-03T09:55:38.130+0000] {dag.py:3954} INFO - Setting next_dagrun for example_sensor_decorator to None, run_after=None
[2024-06-03T09:55:38.157+0000] {processor.py:183} INFO - Processing /home/airflow/.local/lib/python3.12/site-packages/airflow/example_dags/example_sensor_decorator.py took 0.396 seconds
[2024-06-03T09:57:56.936+0000] {processor.py:161} INFO - Started process (PID=582) to work on /home/airflow/.local/lib/python3.12/site-packages/airflow/example_dags/example_sensor_decorator.py
[2024-06-03T09:57:56.954+0000] {processor.py:830} INFO - Processing file /home/airflow/.local/lib/python3.12/site-packages/airflow/example_dags/example_sensor_decorator.py for tasks to queue
[2024-06-03T09:57:56.956+0000] {logging_mixin.py:188} INFO - [2024-06-03T09:57:56.956+0000] {dagbag.py:545} INFO - Filling up the DagBag from /home/airflow/.local/lib/python3.12/site-packages/airflow/example_dags/example_sensor_decorator.py
[2024-06-03T09:57:57.237+0000] {processor.py:840} INFO - DAG(s) 'example_sensor_decorator' retrieved from /home/airflow/.local/lib/python3.12/site-packages/airflow/example_dags/example_sensor_decorator.py
[2024-06-03T09:57:58.581+0000] {logging_mixin.py:188} INFO - [2024-06-03T09:57:58.581+0000] {dag.py:3096} INFO - Sync 1 DAGs
[2024-06-03T09:57:58.842+0000] {logging_mixin.py:188} INFO - [2024-06-03T09:57:58.841+0000] {dag.py:3954} INFO - Setting next_dagrun for example_sensor_decorator to None, run_after=None
[2024-06-03T09:57:59.847+0000] {processor.py:183} INFO - Processing /home/airflow/.local/lib/python3.12/site-packages/airflow/example_dags/example_sensor_decorator.py took 3.389 seconds
[2024-06-03T10:00:07.108+0000] {processor.py:161} INFO - Started process (PID=840) to work on /home/airflow/.local/lib/python3.12/site-packages/airflow/example_dags/example_sensor_decorator.py
[2024-06-03T10:00:07.168+0000] {processor.py:830} INFO - Processing file /home/airflow/.local/lib/python3.12/site-packages/airflow/example_dags/example_sensor_decorator.py for tasks to queue
[2024-06-03T10:00:07.187+0000] {logging_mixin.py:188} INFO - [2024-06-03T10:00:07.187+0000] {dagbag.py:545} INFO - Filling up the DagBag from /home/airflow/.local/lib/python3.12/site-packages/airflow/example_dags/example_sensor_decorator.py
[2024-06-03T10:00:07.429+0000] {processor.py:840} INFO - DAG(s) 'example_sensor_decorator' retrieved from /home/airflow/.local/lib/python3.12/site-packages/airflow/example_dags/example_sensor_decorator.py
[2024-06-03T10:00:08.839+0000] {logging_mixin.py:188} INFO - [2024-06-03T10:00:08.838+0000] {dag.py:3096} INFO - Sync 1 DAGs
[2024-06-03T10:00:09.979+0000] {logging_mixin.py:188} INFO - [2024-06-03T10:00:09.926+0000] {dag.py:3954} INFO - Setting next_dagrun for example_sensor_decorator to None, run_after=None
[2024-06-03T10:00:10.285+0000] {processor.py:183} INFO - Processing /home/airflow/.local/lib/python3.12/site-packages/airflow/example_dags/example_sensor_decorator.py took 3.437 seconds
[2024-06-03T10:00:40.668+0000] {processor.py:161} INFO - Started process (PID=1094) to work on /home/airflow/.local/lib/python3.12/site-packages/airflow/example_dags/example_sensor_decorator.py
[2024-06-03T10:00:40.679+0000] {processor.py:830} INFO - Processing file /home/airflow/.local/lib/python3.12/site-packages/airflow/example_dags/example_sensor_decorator.py for tasks to queue
[2024-06-03T10:00:40.681+0000] {logging_mixin.py:188} INFO - [2024-06-03T10:00:40.681+0000] {dagbag.py:545} INFO - Filling up the DagBag from /home/airflow/.local/lib/python3.12/site-packages/airflow/example_dags/example_sensor_decorator.py
[2024-06-03T10:00:40.728+0000] {processor.py:840} INFO - DAG(s) 'example_sensor_decorator' retrieved from /home/airflow/.local/lib/python3.12/site-packages/airflow/example_dags/example_sensor_decorator.py
[2024-06-03T10:00:40.868+0000] {logging_mixin.py:188} INFO - [2024-06-03T10:00:40.867+0000] {dag.py:3096} INFO - Sync 1 DAGs
[2024-06-03T10:00:40.938+0000] {logging_mixin.py:188} INFO - [2024-06-03T10:00:40.937+0000] {dag.py:3954} INFO - Setting next_dagrun for example_sensor_decorator to None, run_after=None
[2024-06-03T10:00:41.056+0000] {processor.py:183} INFO - Processing /home/airflow/.local/lib/python3.12/site-packages/airflow/example_dags/example_sensor_decorator.py took 0.411 seconds
[2024-06-03T10:02:10.335+0000] {processor.py:161} INFO - Started process (PID=1426) to work on /home/airflow/.local/lib/python3.12/site-packages/airflow/example_dags/example_sensor_decorator.py
[2024-06-03T10:02:10.389+0000] {processor.py:830} INFO - Processing file /home/airflow/.local/lib/python3.12/site-packages/airflow/example_dags/example_sensor_decorator.py for tasks to queue
[2024-06-03T10:02:10.391+0000] {logging_mixin.py:188} INFO - [2024-06-03T10:02:10.391+0000] {dagbag.py:545} INFO - Filling up the DagBag from /home/airflow/.local/lib/python3.12/site-packages/airflow/example_dags/example_sensor_decorator.py
[2024-06-03T10:02:10.498+0000] {processor.py:840} INFO - DAG(s) 'example_sensor_decorator' retrieved from /home/airflow/.local/lib/python3.12/site-packages/airflow/example_dags/example_sensor_decorator.py
[2024-06-03T10:02:10.873+0000] {logging_mixin.py:188} INFO - [2024-06-03T10:02:10.873+0000] {dag.py:3096} INFO - Sync 1 DAGs
[2024-06-03T10:02:11.274+0000] {logging_mixin.py:188} INFO - [2024-06-03T10:02:11.273+0000] {dag.py:3954} INFO - Setting next_dagrun for example_sensor_decorator to None, run_after=None
[2024-06-03T10:02:11.693+0000] {processor.py:183} INFO - Processing /home/airflow/.local/lib/python3.12/site-packages/airflow/example_dags/example_sensor_decorator.py took 1.579 seconds
[2024-06-03T10:05:08.876+0000] {processor.py:161} INFO - Started process (PID=1765) to work on /home/airflow/.local/lib/python3.12/site-packages/airflow/example_dags/example_sensor_decorator.py
[2024-06-03T10:05:08.894+0000] {processor.py:830} INFO - Processing file /home/airflow/.local/lib/python3.12/site-packages/airflow/example_dags/example_sensor_decorator.py for tasks to queue
[2024-06-03T10:05:08.897+0000] {logging_mixin.py:188} INFO - [2024-06-03T10:05:08.896+0000] {dagbag.py:545} INFO - Filling up the DagBag from /home/airflow/.local/lib/python3.12/site-packages/airflow/example_dags/example_sensor_decorator.py
[2024-06-03T10:05:09.202+0000] {processor.py:840} INFO - DAG(s) 'example_sensor_decorator' retrieved from /home/airflow/.local/lib/python3.12/site-packages/airflow/example_dags/example_sensor_decorator.py
[2024-06-03T10:05:09.839+0000] {logging_mixin.py:188} INFO - [2024-06-03T10:05:09.838+0000] {dag.py:3096} INFO - Sync 1 DAGs
[2024-06-03T10:05:09.866+0000] {logging_mixin.py:188} INFO - [2024-06-03T10:05:09.866+0000] {dag.py:3954} INFO - Setting next_dagrun for example_sensor_decorator to None, run_after=None
[2024-06-03T10:05:09.927+0000] {processor.py:183} INFO - Processing /home/airflow/.local/lib/python3.12/site-packages/airflow/example_dags/example_sensor_decorator.py took 1.212 seconds
[2024-06-03T10:05:40.086+0000] {processor.py:161} INFO - Started process (PID=2018) to work on /home/airflow/.local/lib/python3.12/site-packages/airflow/example_dags/example_sensor_decorator.py
[2024-06-03T10:05:40.088+0000] {processor.py:830} INFO - Processing file /home/airflow/.local/lib/python3.12/site-packages/airflow/example_dags/example_sensor_decorator.py for tasks to queue
[2024-06-03T10:05:40.090+0000] {logging_mixin.py:188} INFO - [2024-06-03T10:05:40.090+0000] {dagbag.py:545} INFO - Filling up the DagBag from /home/airflow/.local/lib/python3.12/site-packages/airflow/example_dags/example_sensor_decorator.py
[2024-06-03T10:05:40.099+0000] {processor.py:840} INFO - DAG(s) 'example_sensor_decorator' retrieved from /home/airflow/.local/lib/python3.12/site-packages/airflow/example_dags/example_sensor_decorator.py
[2024-06-03T10:05:40.131+0000] {logging_mixin.py:188} INFO - [2024-06-03T10:05:40.130+0000] {dag.py:3096} INFO - Sync 1 DAGs
[2024-06-03T10:05:40.149+0000] {logging_mixin.py:188} INFO - [2024-06-03T10:05:40.149+0000] {dag.py:3954} INFO - Setting next_dagrun for example_sensor_decorator to None, run_after=None
[2024-06-03T10:05:40.244+0000] {processor.py:183} INFO - Processing /home/airflow/.local/lib/python3.12/site-packages/airflow/example_dags/example_sensor_decorator.py took 0.166 seconds
[2024-06-03T10:06:30.306+0000] {processor.py:161} INFO - Started process (PID=2220) to work on /home/airflow/.local/lib/python3.12/site-packages/airflow/example_dags/example_sensor_decorator.py
[2024-06-03T10:06:30.364+0000] {processor.py:830} INFO - Processing file /home/airflow/.local/lib/python3.12/site-packages/airflow/example_dags/example_sensor_decorator.py for tasks to queue
[2024-06-03T10:06:30.367+0000] {logging_mixin.py:188} INFO - [2024-06-03T10:06:30.366+0000] {dagbag.py:545} INFO - Filling up the DagBag from /home/airflow/.local/lib/python3.12/site-packages/airflow/example_dags/example_sensor_decorator.py
[2024-06-03T10:06:30.527+0000] {processor.py:840} INFO - DAG(s) 'example_sensor_decorator' retrieved from /home/airflow/.local/lib/python3.12/site-packages/airflow/example_dags/example_sensor_decorator.py
[2024-06-03T10:06:30.988+0000] {logging_mixin.py:188} INFO - [2024-06-03T10:06:30.987+0000] {dag.py:3096} INFO - Sync 1 DAGs
[2024-06-03T10:06:31.230+0000] {logging_mixin.py:188} INFO - [2024-06-03T10:06:31.229+0000] {dag.py:3954} INFO - Setting next_dagrun for example_sensor_decorator to None, run_after=None
[2024-06-03T10:06:31.830+0000] {processor.py:183} INFO - Processing /home/airflow/.local/lib/python3.12/site-packages/airflow/example_dags/example_sensor_decorator.py took 1.769 seconds
[2024-06-03T10:22:30.605+0000] {processor.py:161} INFO - Started process (PID=283) to work on /home/airflow/.local/lib/python3.12/site-packages/airflow/example_dags/example_sensor_decorator.py
[2024-06-03T10:22:30.606+0000] {processor.py:830} INFO - Processing file /home/airflow/.local/lib/python3.12/site-packages/airflow/example_dags/example_sensor_decorator.py for tasks to queue
[2024-06-03T10:22:30.608+0000] {logging_mixin.py:188} INFO - [2024-06-03T10:22:30.608+0000] {dagbag.py:545} INFO - Filling up the DagBag from /home/airflow/.local/lib/python3.12/site-packages/airflow/example_dags/example_sensor_decorator.py
[2024-06-03T10:22:30.620+0000] {processor.py:840} INFO - DAG(s) 'example_sensor_decorator' retrieved from /home/airflow/.local/lib/python3.12/site-packages/airflow/example_dags/example_sensor_decorator.py
[2024-06-03T10:22:30.783+0000] {logging_mixin.py:188} INFO - [2024-06-03T10:22:30.783+0000] {dag.py:3096} INFO - Sync 1 DAGs
[2024-06-03T10:22:30.799+0000] {logging_mixin.py:188} INFO - [2024-06-03T10:22:30.799+0000] {dag.py:3954} INFO - Setting next_dagrun for example_sensor_decorator to None, run_after=None
[2024-06-03T10:22:30.824+0000] {processor.py:183} INFO - Processing /home/airflow/.local/lib/python3.12/site-packages/airflow/example_dags/example_sensor_decorator.py took 0.227 seconds
[2024-06-03T10:23:01.357+0000] {processor.py:161} INFO - Started process (PID=541) to work on /home/airflow/.local/lib/python3.12/site-packages/airflow/example_dags/example_sensor_decorator.py
[2024-06-03T10:23:01.357+0000] {processor.py:830} INFO - Processing file /home/airflow/.local/lib/python3.12/site-packages/airflow/example_dags/example_sensor_decorator.py for tasks to queue
[2024-06-03T10:23:01.359+0000] {logging_mixin.py:188} INFO - [2024-06-03T10:23:01.359+0000] {dagbag.py:545} INFO - Filling up the DagBag from /home/airflow/.local/lib/python3.12/site-packages/airflow/example_dags/example_sensor_decorator.py
[2024-06-03T10:23:01.365+0000] {processor.py:840} INFO - DAG(s) 'example_sensor_decorator' retrieved from /home/airflow/.local/lib/python3.12/site-packages/airflow/example_dags/example_sensor_decorator.py
[2024-06-03T10:23:01.391+0000] {logging_mixin.py:188} INFO - [2024-06-03T10:23:01.391+0000] {dag.py:3096} INFO - Sync 1 DAGs
[2024-06-03T10:23:01.409+0000] {logging_mixin.py:188} INFO - [2024-06-03T10:23:01.408+0000] {dag.py:3954} INFO - Setting next_dagrun for example_sensor_decorator to None, run_after=None
[2024-06-03T10:23:01.437+0000] {processor.py:183} INFO - Processing /home/airflow/.local/lib/python3.12/site-packages/airflow/example_dags/example_sensor_decorator.py took 0.087 seconds
[2024-06-03T10:23:31.832+0000] {processor.py:161} INFO - Started process (PID=795) to work on /home/airflow/.local/lib/python3.12/site-packages/airflow/example_dags/example_sensor_decorator.py
[2024-06-03T10:23:31.833+0000] {processor.py:830} INFO - Processing file /home/airflow/.local/lib/python3.12/site-packages/airflow/example_dags/example_sensor_decorator.py for tasks to queue
[2024-06-03T10:23:31.835+0000] {logging_mixin.py:188} INFO - [2024-06-03T10:23:31.834+0000] {dagbag.py:545} INFO - Filling up the DagBag from /home/airflow/.local/lib/python3.12/site-packages/airflow/example_dags/example_sensor_decorator.py
[2024-06-03T10:23:31.841+0000] {processor.py:840} INFO - DAG(s) 'example_sensor_decorator' retrieved from /home/airflow/.local/lib/python3.12/site-packages/airflow/example_dags/example_sensor_decorator.py
[2024-06-03T10:23:31.865+0000] {logging_mixin.py:188} INFO - [2024-06-03T10:23:31.865+0000] {dag.py:3096} INFO - Sync 1 DAGs
[2024-06-03T10:23:31.884+0000] {logging_mixin.py:188} INFO - [2024-06-03T10:23:31.884+0000] {dag.py:3954} INFO - Setting next_dagrun for example_sensor_decorator to None, run_after=None
[2024-06-03T10:23:31.909+0000] {processor.py:183} INFO - Processing /home/airflow/.local/lib/python3.12/site-packages/airflow/example_dags/example_sensor_decorator.py took 0.083 seconds
[2024-06-03T10:24:02.393+0000] {processor.py:161} INFO - Started process (PID=1051) to work on /home/airflow/.local/lib/python3.12/site-packages/airflow/example_dags/example_sensor_decorator.py
[2024-06-03T10:24:02.394+0000] {processor.py:830} INFO - Processing file /home/airflow/.local/lib/python3.12/site-packages/airflow/example_dags/example_sensor_decorator.py for tasks to queue
[2024-06-03T10:24:02.395+0000] {logging_mixin.py:188} INFO - [2024-06-03T10:24:02.395+0000] {dagbag.py:545} INFO - Filling up the DagBag from /home/airflow/.local/lib/python3.12/site-packages/airflow/example_dags/example_sensor_decorator.py
[2024-06-03T10:24:02.402+0000] {processor.py:840} INFO - DAG(s) 'example_sensor_decorator' retrieved from /home/airflow/.local/lib/python3.12/site-packages/airflow/example_dags/example_sensor_decorator.py
[2024-06-03T10:24:02.428+0000] {logging_mixin.py:188} INFO - [2024-06-03T10:24:02.428+0000] {dag.py:3096} INFO - Sync 1 DAGs
[2024-06-03T10:24:02.447+0000] {logging_mixin.py:188} INFO - [2024-06-03T10:24:02.446+0000] {dag.py:3954} INFO - Setting next_dagrun for example_sensor_decorator to None, run_after=None
[2024-06-03T10:24:02.474+0000] {processor.py:183} INFO - Processing /home/airflow/.local/lib/python3.12/site-packages/airflow/example_dags/example_sensor_decorator.py took 0.089 seconds
[2024-06-03T10:24:32.886+0000] {processor.py:161} INFO - Started process (PID=1307) to work on /home/airflow/.local/lib/python3.12/site-packages/airflow/example_dags/example_sensor_decorator.py
[2024-06-03T10:24:32.887+0000] {processor.py:830} INFO - Processing file /home/airflow/.local/lib/python3.12/site-packages/airflow/example_dags/example_sensor_decorator.py for tasks to queue
[2024-06-03T10:24:32.889+0000] {logging_mixin.py:188} INFO - [2024-06-03T10:24:32.888+0000] {dagbag.py:545} INFO - Filling up the DagBag from /home/airflow/.local/lib/python3.12/site-packages/airflow/example_dags/example_sensor_decorator.py
[2024-06-03T10:24:32.895+0000] {processor.py:840} INFO - DAG(s) 'example_sensor_decorator' retrieved from /home/airflow/.local/lib/python3.12/site-packages/airflow/example_dags/example_sensor_decorator.py
[2024-06-03T10:24:32.919+0000] {logging_mixin.py:188} INFO - [2024-06-03T10:24:32.919+0000] {dag.py:3096} INFO - Sync 1 DAGs
[2024-06-03T10:24:32.936+0000] {logging_mixin.py:188} INFO - [2024-06-03T10:24:32.936+0000] {dag.py:3954} INFO - Setting next_dagrun for example_sensor_decorator to None, run_after=None
[2024-06-03T10:24:32.960+0000] {processor.py:183} INFO - Processing /home/airflow/.local/lib/python3.12/site-packages/airflow/example_dags/example_sensor_decorator.py took 0.080 seconds
[2024-06-03T10:25:03.404+0000] {processor.py:161} INFO - Started process (PID=1563) to work on /home/airflow/.local/lib/python3.12/site-packages/airflow/example_dags/example_sensor_decorator.py
[2024-06-03T10:25:03.405+0000] {processor.py:830} INFO - Processing file /home/airflow/.local/lib/python3.12/site-packages/airflow/example_dags/example_sensor_decorator.py for tasks to queue
[2024-06-03T10:25:03.407+0000] {logging_mixin.py:188} INFO - [2024-06-03T10:25:03.406+0000] {dagbag.py:545} INFO - Filling up the DagBag from /home/airflow/.local/lib/python3.12/site-packages/airflow/example_dags/example_sensor_decorator.py
[2024-06-03T10:25:03.413+0000] {processor.py:840} INFO - DAG(s) 'example_sensor_decorator' retrieved from /home/airflow/.local/lib/python3.12/site-packages/airflow/example_dags/example_sensor_decorator.py
[2024-06-03T10:25:03.437+0000] {logging_mixin.py:188} INFO - [2024-06-03T10:25:03.437+0000] {dag.py:3096} INFO - Sync 1 DAGs
[2024-06-03T10:25:03.454+0000] {logging_mixin.py:188} INFO - [2024-06-03T10:25:03.454+0000] {dag.py:3954} INFO - Setting next_dagrun for example_sensor_decorator to None, run_after=None
[2024-06-03T10:25:03.478+0000] {processor.py:183} INFO - Processing /home/airflow/.local/lib/python3.12/site-packages/airflow/example_dags/example_sensor_decorator.py took 0.080 seconds
[2024-06-03T10:25:33.896+0000] {processor.py:161} INFO - Started process (PID=1821) to work on /home/airflow/.local/lib/python3.12/site-packages/airflow/example_dags/example_sensor_decorator.py
[2024-06-03T10:25:33.897+0000] {processor.py:830} INFO - Processing file /home/airflow/.local/lib/python3.12/site-packages/airflow/example_dags/example_sensor_decorator.py for tasks to queue
[2024-06-03T10:25:33.899+0000] {logging_mixin.py:188} INFO - [2024-06-03T10:25:33.898+0000] {dagbag.py:545} INFO - Filling up the DagBag from /home/airflow/.local/lib/python3.12/site-packages/airflow/example_dags/example_sensor_decorator.py
[2024-06-03T10:25:33.905+0000] {processor.py:840} INFO - DAG(s) 'example_sensor_decorator' retrieved from /home/airflow/.local/lib/python3.12/site-packages/airflow/example_dags/example_sensor_decorator.py
[2024-06-03T10:25:33.929+0000] {logging_mixin.py:188} INFO - [2024-06-03T10:25:33.929+0000] {dag.py:3096} INFO - Sync 1 DAGs
[2024-06-03T10:25:33.951+0000] {logging_mixin.py:188} INFO - [2024-06-03T10:25:33.950+0000] {dag.py:3954} INFO - Setting next_dagrun for example_sensor_decorator to None, run_after=None
[2024-06-03T10:25:33.979+0000] {processor.py:183} INFO - Processing /home/airflow/.local/lib/python3.12/site-packages/airflow/example_dags/example_sensor_decorator.py took 0.090 seconds
[2024-06-03T10:26:04.314+0000] {processor.py:161} INFO - Started process (PID=2075) to work on /home/airflow/.local/lib/python3.12/site-packages/airflow/example_dags/example_sensor_decorator.py
[2024-06-03T10:26:04.315+0000] {processor.py:830} INFO - Processing file /home/airflow/.local/lib/python3.12/site-packages/airflow/example_dags/example_sensor_decorator.py for tasks to queue
[2024-06-03T10:26:04.317+0000] {logging_mixin.py:188} INFO - [2024-06-03T10:26:04.316+0000] {dagbag.py:545} INFO - Filling up the DagBag from /home/airflow/.local/lib/python3.12/site-packages/airflow/example_dags/example_sensor_decorator.py
[2024-06-03T10:26:04.323+0000] {processor.py:840} INFO - DAG(s) 'example_sensor_decorator' retrieved from /home/airflow/.local/lib/python3.12/site-packages/airflow/example_dags/example_sensor_decorator.py
[2024-06-03T10:26:04.351+0000] {logging_mixin.py:188} INFO - [2024-06-03T10:26:04.350+0000] {dag.py:3096} INFO - Sync 1 DAGs
[2024-06-03T10:26:04.372+0000] {logging_mixin.py:188} INFO - [2024-06-03T10:26:04.372+0000] {dag.py:3954} INFO - Setting next_dagrun for example_sensor_decorator to None, run_after=None
[2024-06-03T10:26:04.400+0000] {processor.py:183} INFO - Processing /home/airflow/.local/lib/python3.12/site-packages/airflow/example_dags/example_sensor_decorator.py took 0.093 seconds
[2024-06-03T10:26:34.671+0000] {processor.py:161} INFO - Started process (PID=2333) to work on /home/airflow/.local/lib/python3.12/site-packages/airflow/example_dags/example_sensor_decorator.py
[2024-06-03T10:26:34.671+0000] {processor.py:830} INFO - Processing file /home/airflow/.local/lib/python3.12/site-packages/airflow/example_dags/example_sensor_decorator.py for tasks to queue
[2024-06-03T10:26:34.673+0000] {logging_mixin.py:188} INFO - [2024-06-03T10:26:34.673+0000] {dagbag.py:545} INFO - Filling up the DagBag from /home/airflow/.local/lib/python3.12/site-packages/airflow/example_dags/example_sensor_decorator.py
[2024-06-03T10:26:34.679+0000] {processor.py:840} INFO - DAG(s) 'example_sensor_decorator' retrieved from /home/airflow/.local/lib/python3.12/site-packages/airflow/example_dags/example_sensor_decorator.py
[2024-06-03T10:26:34.702+0000] {logging_mixin.py:188} INFO - [2024-06-03T10:26:34.702+0000] {dag.py:3096} INFO - Sync 1 DAGs
[2024-06-03T10:26:34.719+0000] {logging_mixin.py:188} INFO - [2024-06-03T10:26:34.719+0000] {dag.py:3954} INFO - Setting next_dagrun for example_sensor_decorator to None, run_after=None
[2024-06-03T10:26:34.743+0000] {processor.py:183} INFO - Processing /home/airflow/.local/lib/python3.12/site-packages/airflow/example_dags/example_sensor_decorator.py took 0.079 seconds
[2024-06-03T10:27:05.106+0000] {processor.py:161} INFO - Started process (PID=2587) to work on /home/airflow/.local/lib/python3.12/site-packages/airflow/example_dags/example_sensor_decorator.py
[2024-06-03T10:27:05.107+0000] {processor.py:830} INFO - Processing file /home/airflow/.local/lib/python3.12/site-packages/airflow/example_dags/example_sensor_decorator.py for tasks to queue
[2024-06-03T10:27:05.109+0000] {logging_mixin.py:188} INFO - [2024-06-03T10:27:05.109+0000] {dagbag.py:545} INFO - Filling up the DagBag from /home/airflow/.local/lib/python3.12/site-packages/airflow/example_dags/example_sensor_decorator.py
[2024-06-03T10:27:05.115+0000] {processor.py:840} INFO - DAG(s) 'example_sensor_decorator' retrieved from /home/airflow/.local/lib/python3.12/site-packages/airflow/example_dags/example_sensor_decorator.py
[2024-06-03T10:27:05.139+0000] {logging_mixin.py:188} INFO - [2024-06-03T10:27:05.139+0000] {dag.py:3096} INFO - Sync 1 DAGs
[2024-06-03T10:27:05.157+0000] {logging_mixin.py:188} INFO - [2024-06-03T10:27:05.156+0000] {dag.py:3954} INFO - Setting next_dagrun for example_sensor_decorator to None, run_after=None
[2024-06-03T10:27:05.181+0000] {processor.py:183} INFO - Processing /home/airflow/.local/lib/python3.12/site-packages/airflow/example_dags/example_sensor_decorator.py took 0.082 seconds
[2024-06-03T10:27:35.453+0000] {processor.py:161} INFO - Started process (PID=2845) to work on /home/airflow/.local/lib/python3.12/site-packages/airflow/example_dags/example_sensor_decorator.py
[2024-06-03T10:27:35.453+0000] {processor.py:830} INFO - Processing file /home/airflow/.local/lib/python3.12/site-packages/airflow/example_dags/example_sensor_decorator.py for tasks to queue
[2024-06-03T10:27:35.455+0000] {logging_mixin.py:188} INFO - [2024-06-03T10:27:35.454+0000] {dagbag.py:545} INFO - Filling up the DagBag from /home/airflow/.local/lib/python3.12/site-packages/airflow/example_dags/example_sensor_decorator.py
[2024-06-03T10:27:35.461+0000] {processor.py:840} INFO - DAG(s) 'example_sensor_decorator' retrieved from /home/airflow/.local/lib/python3.12/site-packages/airflow/example_dags/example_sensor_decorator.py
[2024-06-03T10:27:35.484+0000] {logging_mixin.py:188} INFO - [2024-06-03T10:27:35.484+0000] {dag.py:3096} INFO - Sync 1 DAGs
[2024-06-03T10:27:35.501+0000] {logging_mixin.py:188} INFO - [2024-06-03T10:27:35.501+0000] {dag.py:3954} INFO - Setting next_dagrun for example_sensor_decorator to None, run_after=None
[2024-06-03T10:27:35.524+0000] {processor.py:183} INFO - Processing /home/airflow/.local/lib/python3.12/site-packages/airflow/example_dags/example_sensor_decorator.py took 0.078 seconds
[2024-06-03T10:28:05.712+0000] {processor.py:161} INFO - Started process (PID=3099) to work on /home/airflow/.local/lib/python3.12/site-packages/airflow/example_dags/example_sensor_decorator.py
[2024-06-03T10:28:05.713+0000] {processor.py:830} INFO - Processing file /home/airflow/.local/lib/python3.12/site-packages/airflow/example_dags/example_sensor_decorator.py for tasks to queue
[2024-06-03T10:28:05.715+0000] {logging_mixin.py:188} INFO - [2024-06-03T10:28:05.714+0000] {dagbag.py:545} INFO - Filling up the DagBag from /home/airflow/.local/lib/python3.12/site-packages/airflow/example_dags/example_sensor_decorator.py
[2024-06-03T10:28:05.722+0000] {processor.py:840} INFO - DAG(s) 'example_sensor_decorator' retrieved from /home/airflow/.local/lib/python3.12/site-packages/airflow/example_dags/example_sensor_decorator.py
[2024-06-03T10:28:05.747+0000] {logging_mixin.py:188} INFO - [2024-06-03T10:28:05.747+0000] {dag.py:3096} INFO - Sync 1 DAGs
[2024-06-03T10:28:05.766+0000] {logging_mixin.py:188} INFO - [2024-06-03T10:28:05.765+0000] {dag.py:3954} INFO - Setting next_dagrun for example_sensor_decorator to None, run_after=None
[2024-06-03T10:28:05.790+0000] {processor.py:183} INFO - Processing /home/airflow/.local/lib/python3.12/site-packages/airflow/example_dags/example_sensor_decorator.py took 0.085 seconds
[2024-06-03T10:28:35.901+0000] {processor.py:161} INFO - Started process (PID=3355) to work on /home/airflow/.local/lib/python3.12/site-packages/airflow/example_dags/example_sensor_decorator.py
[2024-06-03T10:28:35.902+0000] {processor.py:830} INFO - Processing file /home/airflow/.local/lib/python3.12/site-packages/airflow/example_dags/example_sensor_decorator.py for tasks to queue
[2024-06-03T10:28:35.904+0000] {logging_mixin.py:188} INFO - [2024-06-03T10:28:35.904+0000] {dagbag.py:545} INFO - Filling up the DagBag from /home/airflow/.local/lib/python3.12/site-packages/airflow/example_dags/example_sensor_decorator.py
[2024-06-03T10:28:35.911+0000] {processor.py:840} INFO - DAG(s) 'example_sensor_decorator' retrieved from /home/airflow/.local/lib/python3.12/site-packages/airflow/example_dags/example_sensor_decorator.py
[2024-06-03T10:28:35.937+0000] {logging_mixin.py:188} INFO - [2024-06-03T10:28:35.936+0000] {dag.py:3096} INFO - Sync 1 DAGs
[2024-06-03T10:28:35.955+0000] {logging_mixin.py:188} INFO - [2024-06-03T10:28:35.955+0000] {dag.py:3954} INFO - Setting next_dagrun for example_sensor_decorator to None, run_after=None
[2024-06-03T10:28:35.981+0000] {processor.py:183} INFO - Processing /home/airflow/.local/lib/python3.12/site-packages/airflow/example_dags/example_sensor_decorator.py took 0.087 seconds
[2024-06-03T10:29:06.277+0000] {processor.py:161} INFO - Started process (PID=3613) to work on /home/airflow/.local/lib/python3.12/site-packages/airflow/example_dags/example_sensor_decorator.py
[2024-06-03T10:29:06.278+0000] {processor.py:830} INFO - Processing file /home/airflow/.local/lib/python3.12/site-packages/airflow/example_dags/example_sensor_decorator.py for tasks to queue
[2024-06-03T10:29:06.279+0000] {logging_mixin.py:188} INFO - [2024-06-03T10:29:06.279+0000] {dagbag.py:545} INFO - Filling up the DagBag from /home/airflow/.local/lib/python3.12/site-packages/airflow/example_dags/example_sensor_decorator.py
[2024-06-03T10:29:06.286+0000] {processor.py:840} INFO - DAG(s) 'example_sensor_decorator' retrieved from /home/airflow/.local/lib/python3.12/site-packages/airflow/example_dags/example_sensor_decorator.py
[2024-06-03T10:29:06.310+0000] {logging_mixin.py:188} INFO - [2024-06-03T10:29:06.309+0000] {dag.py:3096} INFO - Sync 1 DAGs
[2024-06-03T10:29:06.326+0000] {logging_mixin.py:188} INFO - [2024-06-03T10:29:06.326+0000] {dag.py:3954} INFO - Setting next_dagrun for example_sensor_decorator to None, run_after=None
[2024-06-03T10:29:06.348+0000] {processor.py:183} INFO - Processing /home/airflow/.local/lib/python3.12/site-packages/airflow/example_dags/example_sensor_decorator.py took 0.078 seconds
[2024-06-03T10:29:36.571+0000] {processor.py:161} INFO - Started process (PID=3867) to work on /home/airflow/.local/lib/python3.12/site-packages/airflow/example_dags/example_sensor_decorator.py
[2024-06-03T10:29:36.572+0000] {processor.py:830} INFO - Processing file /home/airflow/.local/lib/python3.12/site-packages/airflow/example_dags/example_sensor_decorator.py for tasks to queue
[2024-06-03T10:29:36.573+0000] {logging_mixin.py:188} INFO - [2024-06-03T10:29:36.573+0000] {dagbag.py:545} INFO - Filling up the DagBag from /home/airflow/.local/lib/python3.12/site-packages/airflow/example_dags/example_sensor_decorator.py
[2024-06-03T10:29:36.580+0000] {processor.py:840} INFO - DAG(s) 'example_sensor_decorator' retrieved from /home/airflow/.local/lib/python3.12/site-packages/airflow/example_dags/example_sensor_decorator.py
[2024-06-03T10:29:36.605+0000] {logging_mixin.py:188} INFO - [2024-06-03T10:29:36.605+0000] {dag.py:3096} INFO - Sync 1 DAGs
[2024-06-03T10:29:36.623+0000] {logging_mixin.py:188} INFO - [2024-06-03T10:29:36.623+0000] {dag.py:3954} INFO - Setting next_dagrun for example_sensor_decorator to None, run_after=None
[2024-06-03T10:29:36.648+0000] {processor.py:183} INFO - Processing /home/airflow/.local/lib/python3.12/site-packages/airflow/example_dags/example_sensor_decorator.py took 0.084 seconds
[2024-06-03T10:30:07.589+0000] {processor.py:161} INFO - Started process (PID=4123) to work on /home/airflow/.local/lib/python3.12/site-packages/airflow/example_dags/example_sensor_decorator.py
[2024-06-03T10:30:07.590+0000] {processor.py:830} INFO - Processing file /home/airflow/.local/lib/python3.12/site-packages/airflow/example_dags/example_sensor_decorator.py for tasks to queue
[2024-06-03T10:30:07.592+0000] {logging_mixin.py:188} INFO - [2024-06-03T10:30:07.591+0000] {dagbag.py:545} INFO - Filling up the DagBag from /home/airflow/.local/lib/python3.12/site-packages/airflow/example_dags/example_sensor_decorator.py
[2024-06-03T10:30:07.599+0000] {processor.py:840} INFO - DAG(s) 'example_sensor_decorator' retrieved from /home/airflow/.local/lib/python3.12/site-packages/airflow/example_dags/example_sensor_decorator.py
[2024-06-03T10:30:07.627+0000] {logging_mixin.py:188} INFO - [2024-06-03T10:30:07.626+0000] {dag.py:3096} INFO - Sync 1 DAGs
[2024-06-03T10:30:07.648+0000] {logging_mixin.py:188} INFO - [2024-06-03T10:30:07.647+0000] {dag.py:3954} INFO - Setting next_dagrun for example_sensor_decorator to None, run_after=None
[2024-06-03T10:30:07.677+0000] {processor.py:183} INFO - Processing /home/airflow/.local/lib/python3.12/site-packages/airflow/example_dags/example_sensor_decorator.py took 0.094 seconds
[2024-06-03T10:30:37.934+0000] {processor.py:161} INFO - Started process (PID=4379) to work on /home/airflow/.local/lib/python3.12/site-packages/airflow/example_dags/example_sensor_decorator.py
[2024-06-03T10:30:37.935+0000] {processor.py:830} INFO - Processing file /home/airflow/.local/lib/python3.12/site-packages/airflow/example_dags/example_sensor_decorator.py for tasks to queue
[2024-06-03T10:30:37.936+0000] {logging_mixin.py:188} INFO - [2024-06-03T10:30:37.936+0000] {dagbag.py:545} INFO - Filling up the DagBag from /home/airflow/.local/lib/python3.12/site-packages/airflow/example_dags/example_sensor_decorator.py
[2024-06-03T10:30:37.943+0000] {processor.py:840} INFO - DAG(s) 'example_sensor_decorator' retrieved from /home/airflow/.local/lib/python3.12/site-packages/airflow/example_dags/example_sensor_decorator.py
[2024-06-03T10:30:37.968+0000] {logging_mixin.py:188} INFO - [2024-06-03T10:30:37.968+0000] {dag.py:3096} INFO - Sync 1 DAGs
[2024-06-03T10:30:37.987+0000] {logging_mixin.py:188} INFO - [2024-06-03T10:30:37.987+0000] {dag.py:3954} INFO - Setting next_dagrun for example_sensor_decorator to None, run_after=None
[2024-06-03T10:30:38.016+0000] {processor.py:183} INFO - Processing /home/airflow/.local/lib/python3.12/site-packages/airflow/example_dags/example_sensor_decorator.py took 0.089 seconds
[2024-06-03T10:31:08.284+0000] {processor.py:161} INFO - Started process (PID=4637) to work on /home/airflow/.local/lib/python3.12/site-packages/airflow/example_dags/example_sensor_decorator.py
[2024-06-03T10:31:08.285+0000] {processor.py:830} INFO - Processing file /home/airflow/.local/lib/python3.12/site-packages/airflow/example_dags/example_sensor_decorator.py for tasks to queue
[2024-06-03T10:31:08.287+0000] {logging_mixin.py:188} INFO - [2024-06-03T10:31:08.286+0000] {dagbag.py:545} INFO - Filling up the DagBag from /home/airflow/.local/lib/python3.12/site-packages/airflow/example_dags/example_sensor_decorator.py
[2024-06-03T10:31:08.293+0000] {processor.py:840} INFO - DAG(s) 'example_sensor_decorator' retrieved from /home/airflow/.local/lib/python3.12/site-packages/airflow/example_dags/example_sensor_decorator.py
[2024-06-03T10:31:08.316+0000] {logging_mixin.py:188} INFO - [2024-06-03T10:31:08.316+0000] {dag.py:3096} INFO - Sync 1 DAGs
[2024-06-03T10:31:08.333+0000] {logging_mixin.py:188} INFO - [2024-06-03T10:31:08.333+0000] {dag.py:3954} INFO - Setting next_dagrun for example_sensor_decorator to None, run_after=None
[2024-06-03T10:31:08.355+0000] {processor.py:183} INFO - Processing /home/airflow/.local/lib/python3.12/site-packages/airflow/example_dags/example_sensor_decorator.py took 0.078 seconds
[2024-06-03T10:31:38.522+0000] {processor.py:161} INFO - Started process (PID=4891) to work on /home/airflow/.local/lib/python3.12/site-packages/airflow/example_dags/example_sensor_decorator.py
[2024-06-03T10:31:38.523+0000] {processor.py:830} INFO - Processing file /home/airflow/.local/lib/python3.12/site-packages/airflow/example_dags/example_sensor_decorator.py for tasks to queue
[2024-06-03T10:31:38.524+0000] {logging_mixin.py:188} INFO - [2024-06-03T10:31:38.524+0000] {dagbag.py:545} INFO - Filling up the DagBag from /home/airflow/.local/lib/python3.12/site-packages/airflow/example_dags/example_sensor_decorator.py
[2024-06-03T10:31:38.531+0000] {processor.py:840} INFO - DAG(s) 'example_sensor_decorator' retrieved from /home/airflow/.local/lib/python3.12/site-packages/airflow/example_dags/example_sensor_decorator.py
[2024-06-03T10:31:38.557+0000] {logging_mixin.py:188} INFO - [2024-06-03T10:31:38.557+0000] {dag.py:3096} INFO - Sync 1 DAGs
[2024-06-03T10:31:38.579+0000] {logging_mixin.py:188} INFO - [2024-06-03T10:31:38.579+0000] {dag.py:3954} INFO - Setting next_dagrun for example_sensor_decorator to None, run_after=None
[2024-06-03T10:31:38.608+0000] {processor.py:183} INFO - Processing /home/airflow/.local/lib/python3.12/site-packages/airflow/example_dags/example_sensor_decorator.py took 0.092 seconds
[2024-06-03T10:32:08.727+0000] {processor.py:161} INFO - Started process (PID=5144) to work on /home/airflow/.local/lib/python3.12/site-packages/airflow/example_dags/example_sensor_decorator.py
[2024-06-03T10:32:08.728+0000] {processor.py:830} INFO - Processing file /home/airflow/.local/lib/python3.12/site-packages/airflow/example_dags/example_sensor_decorator.py for tasks to queue
[2024-06-03T10:32:08.730+0000] {logging_mixin.py:188} INFO - [2024-06-03T10:32:08.729+0000] {dagbag.py:545} INFO - Filling up the DagBag from /home/airflow/.local/lib/python3.12/site-packages/airflow/example_dags/example_sensor_decorator.py
[2024-06-03T10:32:08.736+0000] {processor.py:840} INFO - DAG(s) 'example_sensor_decorator' retrieved from /home/airflow/.local/lib/python3.12/site-packages/airflow/example_dags/example_sensor_decorator.py
[2024-06-03T10:32:08.759+0000] {logging_mixin.py:188} INFO - [2024-06-03T10:32:08.758+0000] {dag.py:3096} INFO - Sync 1 DAGs
[2024-06-03T10:32:08.777+0000] {logging_mixin.py:188} INFO - [2024-06-03T10:32:08.777+0000] {dag.py:3954} INFO - Setting next_dagrun for example_sensor_decorator to None, run_after=None
[2024-06-03T10:32:08.801+0000] {processor.py:183} INFO - Processing /home/airflow/.local/lib/python3.12/site-packages/airflow/example_dags/example_sensor_decorator.py took 0.081 seconds
[2024-06-03T10:32:38.982+0000] {processor.py:161} INFO - Started process (PID=5400) to work on /home/airflow/.local/lib/python3.12/site-packages/airflow/example_dags/example_sensor_decorator.py
[2024-06-03T10:32:38.983+0000] {processor.py:830} INFO - Processing file /home/airflow/.local/lib/python3.12/site-packages/airflow/example_dags/example_sensor_decorator.py for tasks to queue
[2024-06-03T10:32:38.985+0000] {logging_mixin.py:188} INFO - [2024-06-03T10:32:38.984+0000] {dagbag.py:545} INFO - Filling up the DagBag from /home/airflow/.local/lib/python3.12/site-packages/airflow/example_dags/example_sensor_decorator.py
[2024-06-03T10:32:38.991+0000] {processor.py:840} INFO - DAG(s) 'example_sensor_decorator' retrieved from /home/airflow/.local/lib/python3.12/site-packages/airflow/example_dags/example_sensor_decorator.py
[2024-06-03T10:32:39.014+0000] {logging_mixin.py:188} INFO - [2024-06-03T10:32:39.014+0000] {dag.py:3096} INFO - Sync 1 DAGs
[2024-06-03T10:32:39.031+0000] {logging_mixin.py:188} INFO - [2024-06-03T10:32:39.031+0000] {dag.py:3954} INFO - Setting next_dagrun for example_sensor_decorator to None, run_after=None
[2024-06-03T10:32:39.053+0000] {processor.py:183} INFO - Processing /home/airflow/.local/lib/python3.12/site-packages/airflow/example_dags/example_sensor_decorator.py took 0.077 seconds
[2024-06-03T10:33:09.262+0000] {processor.py:161} INFO - Started process (PID=5656) to work on /home/airflow/.local/lib/python3.12/site-packages/airflow/example_dags/example_sensor_decorator.py
[2024-06-03T10:33:09.263+0000] {processor.py:830} INFO - Processing file /home/airflow/.local/lib/python3.12/site-packages/airflow/example_dags/example_sensor_decorator.py for tasks to queue
[2024-06-03T10:33:09.265+0000] {logging_mixin.py:188} INFO - [2024-06-03T10:33:09.264+0000] {dagbag.py:545} INFO - Filling up the DagBag from /home/airflow/.local/lib/python3.12/site-packages/airflow/example_dags/example_sensor_decorator.py
[2024-06-03T10:33:09.271+0000] {processor.py:840} INFO - DAG(s) 'example_sensor_decorator' retrieved from /home/airflow/.local/lib/python3.12/site-packages/airflow/example_dags/example_sensor_decorator.py
[2024-06-03T10:33:09.294+0000] {logging_mixin.py:188} INFO - [2024-06-03T10:33:09.294+0000] {dag.py:3096} INFO - Sync 1 DAGs
[2024-06-03T10:33:09.311+0000] {logging_mixin.py:188} INFO - [2024-06-03T10:33:09.311+0000] {dag.py:3954} INFO - Setting next_dagrun for example_sensor_decorator to None, run_after=None
[2024-06-03T10:33:09.333+0000] {processor.py:183} INFO - Processing /home/airflow/.local/lib/python3.12/site-packages/airflow/example_dags/example_sensor_decorator.py took 0.078 seconds
[2024-06-03T10:33:39.600+0000] {processor.py:161} INFO - Started process (PID=5912) to work on /home/airflow/.local/lib/python3.12/site-packages/airflow/example_dags/example_sensor_decorator.py
[2024-06-03T10:33:39.601+0000] {processor.py:830} INFO - Processing file /home/airflow/.local/lib/python3.12/site-packages/airflow/example_dags/example_sensor_decorator.py for tasks to queue
[2024-06-03T10:33:39.602+0000] {logging_mixin.py:188} INFO - [2024-06-03T10:33:39.602+0000] {dagbag.py:545} INFO - Filling up the DagBag from /home/airflow/.local/lib/python3.12/site-packages/airflow/example_dags/example_sensor_decorator.py
[2024-06-03T10:33:39.609+0000] {processor.py:840} INFO - DAG(s) 'example_sensor_decorator' retrieved from /home/airflow/.local/lib/python3.12/site-packages/airflow/example_dags/example_sensor_decorator.py
[2024-06-03T10:33:39.635+0000] {logging_mixin.py:188} INFO - [2024-06-03T10:33:39.634+0000] {dag.py:3096} INFO - Sync 1 DAGs
[2024-06-03T10:33:39.656+0000] {logging_mixin.py:188} INFO - [2024-06-03T10:33:39.656+0000] {dag.py:3954} INFO - Setting next_dagrun for example_sensor_decorator to None, run_after=None
[2024-06-03T10:33:39.684+0000] {processor.py:183} INFO - Processing /home/airflow/.local/lib/python3.12/site-packages/airflow/example_dags/example_sensor_decorator.py took 0.091 seconds
[2024-06-03T10:34:10.502+0000] {processor.py:161} INFO - Started process (PID=6166) to work on /home/airflow/.local/lib/python3.12/site-packages/airflow/example_dags/example_sensor_decorator.py
[2024-06-03T10:34:10.503+0000] {processor.py:830} INFO - Processing file /home/airflow/.local/lib/python3.12/site-packages/airflow/example_dags/example_sensor_decorator.py for tasks to queue
[2024-06-03T10:34:10.504+0000] {logging_mixin.py:188} INFO - [2024-06-03T10:34:10.504+0000] {dagbag.py:545} INFO - Filling up the DagBag from /home/airflow/.local/lib/python3.12/site-packages/airflow/example_dags/example_sensor_decorator.py
[2024-06-03T10:34:10.511+0000] {processor.py:840} INFO - DAG(s) 'example_sensor_decorator' retrieved from /home/airflow/.local/lib/python3.12/site-packages/airflow/example_dags/example_sensor_decorator.py
[2024-06-03T10:34:10.535+0000] {logging_mixin.py:188} INFO - [2024-06-03T10:34:10.535+0000] {dag.py:3096} INFO - Sync 1 DAGs
[2024-06-03T10:34:10.553+0000] {logging_mixin.py:188} INFO - [2024-06-03T10:34:10.552+0000] {dag.py:3954} INFO - Setting next_dagrun for example_sensor_decorator to None, run_after=None
[2024-06-03T10:34:10.576+0000] {processor.py:183} INFO - Processing /home/airflow/.local/lib/python3.12/site-packages/airflow/example_dags/example_sensor_decorator.py took 0.081 seconds
[2024-06-03T10:34:41.135+0000] {processor.py:161} INFO - Started process (PID=6424) to work on /home/airflow/.local/lib/python3.12/site-packages/airflow/example_dags/example_sensor_decorator.py
[2024-06-03T10:34:41.135+0000] {processor.py:830} INFO - Processing file /home/airflow/.local/lib/python3.12/site-packages/airflow/example_dags/example_sensor_decorator.py for tasks to queue
[2024-06-03T10:34:41.137+0000] {logging_mixin.py:188} INFO - [2024-06-03T10:34:41.137+0000] {dagbag.py:545} INFO - Filling up the DagBag from /home/airflow/.local/lib/python3.12/site-packages/airflow/example_dags/example_sensor_decorator.py
[2024-06-03T10:34:41.143+0000] {processor.py:840} INFO - DAG(s) 'example_sensor_decorator' retrieved from /home/airflow/.local/lib/python3.12/site-packages/airflow/example_dags/example_sensor_decorator.py
[2024-06-03T10:34:41.167+0000] {logging_mixin.py:188} INFO - [2024-06-03T10:34:41.167+0000] {dag.py:3096} INFO - Sync 1 DAGs
[2024-06-03T10:34:41.185+0000] {logging_mixin.py:188} INFO - [2024-06-03T10:34:41.185+0000] {dag.py:3954} INFO - Setting next_dagrun for example_sensor_decorator to None, run_after=None
[2024-06-03T10:34:41.211+0000] {processor.py:183} INFO - Processing /home/airflow/.local/lib/python3.12/site-packages/airflow/example_dags/example_sensor_decorator.py took 0.083 seconds
[2024-06-03T10:35:11.449+0000] {processor.py:161} INFO - Started process (PID=6680) to work on /home/airflow/.local/lib/python3.12/site-packages/airflow/example_dags/example_sensor_decorator.py
[2024-06-03T10:35:11.450+0000] {processor.py:830} INFO - Processing file /home/airflow/.local/lib/python3.12/site-packages/airflow/example_dags/example_sensor_decorator.py for tasks to queue
[2024-06-03T10:35:11.452+0000] {logging_mixin.py:188} INFO - [2024-06-03T10:35:11.452+0000] {dagbag.py:545} INFO - Filling up the DagBag from /home/airflow/.local/lib/python3.12/site-packages/airflow/example_dags/example_sensor_decorator.py
[2024-06-03T10:35:11.459+0000] {processor.py:840} INFO - DAG(s) 'example_sensor_decorator' retrieved from /home/airflow/.local/lib/python3.12/site-packages/airflow/example_dags/example_sensor_decorator.py
[2024-06-03T10:35:11.483+0000] {logging_mixin.py:188} INFO - [2024-06-03T10:35:11.482+0000] {dag.py:3096} INFO - Sync 1 DAGs
[2024-06-03T10:35:11.501+0000] {logging_mixin.py:188} INFO - [2024-06-03T10:35:11.501+0000] {dag.py:3954} INFO - Setting next_dagrun for example_sensor_decorator to None, run_after=None
[2024-06-03T10:35:11.531+0000] {processor.py:183} INFO - Processing /home/airflow/.local/lib/python3.12/site-packages/airflow/example_dags/example_sensor_decorator.py took 0.088 seconds
[2024-06-03T10:35:41.756+0000] {processor.py:161} INFO - Started process (PID=6936) to work on /home/airflow/.local/lib/python3.12/site-packages/airflow/example_dags/example_sensor_decorator.py
[2024-06-03T10:35:41.757+0000] {processor.py:830} INFO - Processing file /home/airflow/.local/lib/python3.12/site-packages/airflow/example_dags/example_sensor_decorator.py for tasks to queue
[2024-06-03T10:35:41.759+0000] {logging_mixin.py:188} INFO - [2024-06-03T10:35:41.758+0000] {dagbag.py:545} INFO - Filling up the DagBag from /home/airflow/.local/lib/python3.12/site-packages/airflow/example_dags/example_sensor_decorator.py
[2024-06-03T10:35:41.765+0000] {processor.py:840} INFO - DAG(s) 'example_sensor_decorator' retrieved from /home/airflow/.local/lib/python3.12/site-packages/airflow/example_dags/example_sensor_decorator.py
[2024-06-03T10:35:41.788+0000] {logging_mixin.py:188} INFO - [2024-06-03T10:35:41.788+0000] {dag.py:3096} INFO - Sync 1 DAGs
[2024-06-03T10:35:41.806+0000] {logging_mixin.py:188} INFO - [2024-06-03T10:35:41.805+0000] {dag.py:3954} INFO - Setting next_dagrun for example_sensor_decorator to None, run_after=None
[2024-06-03T10:35:41.828+0000] {processor.py:183} INFO - Processing /home/airflow/.local/lib/python3.12/site-packages/airflow/example_dags/example_sensor_decorator.py took 0.079 seconds
[2024-06-03T10:36:12.023+0000] {processor.py:161} INFO - Started process (PID=7192) to work on /home/airflow/.local/lib/python3.12/site-packages/airflow/example_dags/example_sensor_decorator.py
[2024-06-03T10:36:12.023+0000] {processor.py:830} INFO - Processing file /home/airflow/.local/lib/python3.12/site-packages/airflow/example_dags/example_sensor_decorator.py for tasks to queue
[2024-06-03T10:36:12.025+0000] {logging_mixin.py:188} INFO - [2024-06-03T10:36:12.025+0000] {dagbag.py:545} INFO - Filling up the DagBag from /home/airflow/.local/lib/python3.12/site-packages/airflow/example_dags/example_sensor_decorator.py
[2024-06-03T10:36:12.031+0000] {processor.py:840} INFO - DAG(s) 'example_sensor_decorator' retrieved from /home/airflow/.local/lib/python3.12/site-packages/airflow/example_dags/example_sensor_decorator.py
[2024-06-03T10:36:12.059+0000] {logging_mixin.py:188} INFO - [2024-06-03T10:36:12.058+0000] {dag.py:3096} INFO - Sync 1 DAGs
[2024-06-03T10:36:12.080+0000] {logging_mixin.py:188} INFO - [2024-06-03T10:36:12.080+0000] {dag.py:3954} INFO - Setting next_dagrun for example_sensor_decorator to None, run_after=None
[2024-06-03T10:36:12.108+0000] {processor.py:183} INFO - Processing /home/airflow/.local/lib/python3.12/site-packages/airflow/example_dags/example_sensor_decorator.py took 0.092 seconds
[2024-06-03T10:36:42.181+0000] {processor.py:161} INFO - Started process (PID=7446) to work on /home/airflow/.local/lib/python3.12/site-packages/airflow/example_dags/example_sensor_decorator.py
[2024-06-03T10:36:42.182+0000] {processor.py:830} INFO - Processing file /home/airflow/.local/lib/python3.12/site-packages/airflow/example_dags/example_sensor_decorator.py for tasks to queue
[2024-06-03T10:36:42.184+0000] {logging_mixin.py:188} INFO - [2024-06-03T10:36:42.184+0000] {dagbag.py:545} INFO - Filling up the DagBag from /home/airflow/.local/lib/python3.12/site-packages/airflow/example_dags/example_sensor_decorator.py
[2024-06-03T10:36:42.191+0000] {processor.py:840} INFO - DAG(s) 'example_sensor_decorator' retrieved from /home/airflow/.local/lib/python3.12/site-packages/airflow/example_dags/example_sensor_decorator.py
[2024-06-03T10:36:42.218+0000] {logging_mixin.py:188} INFO - [2024-06-03T10:36:42.217+0000] {dag.py:3096} INFO - Sync 1 DAGs
[2024-06-03T10:36:42.239+0000] {logging_mixin.py:188} INFO - [2024-06-03T10:36:42.239+0000] {dag.py:3954} INFO - Setting next_dagrun for example_sensor_decorator to None, run_after=None
[2024-06-03T10:36:42.267+0000] {processor.py:183} INFO - Processing /home/airflow/.local/lib/python3.12/site-packages/airflow/example_dags/example_sensor_decorator.py took 0.093 seconds
[2024-06-03T10:37:12.701+0000] {processor.py:161} INFO - Started process (PID=7702) to work on /home/airflow/.local/lib/python3.12/site-packages/airflow/example_dags/example_sensor_decorator.py
[2024-06-03T10:37:12.702+0000] {processor.py:830} INFO - Processing file /home/airflow/.local/lib/python3.12/site-packages/airflow/example_dags/example_sensor_decorator.py for tasks to queue
[2024-06-03T10:37:12.703+0000] {logging_mixin.py:188} INFO - [2024-06-03T10:37:12.703+0000] {dagbag.py:545} INFO - Filling up the DagBag from /home/airflow/.local/lib/python3.12/site-packages/airflow/example_dags/example_sensor_decorator.py
[2024-06-03T10:37:12.710+0000] {processor.py:840} INFO - DAG(s) 'example_sensor_decorator' retrieved from /home/airflow/.local/lib/python3.12/site-packages/airflow/example_dags/example_sensor_decorator.py
[2024-06-03T10:37:12.735+0000] {logging_mixin.py:188} INFO - [2024-06-03T10:37:12.735+0000] {dag.py:3096} INFO - Sync 1 DAGs
[2024-06-03T10:37:12.754+0000] {logging_mixin.py:188} INFO - [2024-06-03T10:37:12.754+0000] {dag.py:3954} INFO - Setting next_dagrun for example_sensor_decorator to None, run_after=None
[2024-06-03T10:37:12.778+0000] {processor.py:183} INFO - Processing /home/airflow/.local/lib/python3.12/site-packages/airflow/example_dags/example_sensor_decorator.py took 0.084 seconds
[2024-06-03T10:37:43.255+0000] {processor.py:161} INFO - Started process (PID=7958) to work on /home/airflow/.local/lib/python3.12/site-packages/airflow/example_dags/example_sensor_decorator.py
[2024-06-03T10:37:43.256+0000] {processor.py:830} INFO - Processing file /home/airflow/.local/lib/python3.12/site-packages/airflow/example_dags/example_sensor_decorator.py for tasks to queue
[2024-06-03T10:37:43.258+0000] {logging_mixin.py:188} INFO - [2024-06-03T10:37:43.258+0000] {dagbag.py:545} INFO - Filling up the DagBag from /home/airflow/.local/lib/python3.12/site-packages/airflow/example_dags/example_sensor_decorator.py
[2024-06-03T10:37:43.266+0000] {processor.py:840} INFO - DAG(s) 'example_sensor_decorator' retrieved from /home/airflow/.local/lib/python3.12/site-packages/airflow/example_dags/example_sensor_decorator.py
[2024-06-03T10:37:43.289+0000] {logging_mixin.py:188} INFO - [2024-06-03T10:37:43.289+0000] {dag.py:3096} INFO - Sync 1 DAGs
[2024-06-03T10:37:43.307+0000] {logging_mixin.py:188} INFO - [2024-06-03T10:37:43.307+0000] {dag.py:3954} INFO - Setting next_dagrun for example_sensor_decorator to None, run_after=None
[2024-06-03T10:37:43.332+0000] {processor.py:183} INFO - Processing /home/airflow/.local/lib/python3.12/site-packages/airflow/example_dags/example_sensor_decorator.py took 0.086 seconds
[2024-06-03T10:38:13.886+0000] {processor.py:161} INFO - Started process (PID=8214) to work on /home/airflow/.local/lib/python3.12/site-packages/airflow/example_dags/example_sensor_decorator.py
[2024-06-03T10:38:13.886+0000] {processor.py:830} INFO - Processing file /home/airflow/.local/lib/python3.12/site-packages/airflow/example_dags/example_sensor_decorator.py for tasks to queue
[2024-06-03T10:38:13.888+0000] {logging_mixin.py:188} INFO - [2024-06-03T10:38:13.888+0000] {dagbag.py:545} INFO - Filling up the DagBag from /home/airflow/.local/lib/python3.12/site-packages/airflow/example_dags/example_sensor_decorator.py
[2024-06-03T10:38:13.895+0000] {processor.py:840} INFO - DAG(s) 'example_sensor_decorator' retrieved from /home/airflow/.local/lib/python3.12/site-packages/airflow/example_dags/example_sensor_decorator.py
[2024-06-03T10:38:13.918+0000] {logging_mixin.py:188} INFO - [2024-06-03T10:38:13.918+0000] {dag.py:3096} INFO - Sync 1 DAGs
[2024-06-03T10:38:13.937+0000] {logging_mixin.py:188} INFO - [2024-06-03T10:38:13.937+0000] {dag.py:3954} INFO - Setting next_dagrun for example_sensor_decorator to None, run_after=None
[2024-06-03T10:38:13.962+0000] {processor.py:183} INFO - Processing /home/airflow/.local/lib/python3.12/site-packages/airflow/example_dags/example_sensor_decorator.py took 0.083 seconds
[2024-06-03T10:38:44.286+0000] {processor.py:161} INFO - Started process (PID=8472) to work on /home/airflow/.local/lib/python3.12/site-packages/airflow/example_dags/example_sensor_decorator.py
[2024-06-03T10:38:44.287+0000] {processor.py:830} INFO - Processing file /home/airflow/.local/lib/python3.12/site-packages/airflow/example_dags/example_sensor_decorator.py for tasks to queue
[2024-06-03T10:38:44.289+0000] {logging_mixin.py:188} INFO - [2024-06-03T10:38:44.289+0000] {dagbag.py:545} INFO - Filling up the DagBag from /home/airflow/.local/lib/python3.12/site-packages/airflow/example_dags/example_sensor_decorator.py
[2024-06-03T10:38:44.295+0000] {processor.py:840} INFO - DAG(s) 'example_sensor_decorator' retrieved from /home/airflow/.local/lib/python3.12/site-packages/airflow/example_dags/example_sensor_decorator.py
[2024-06-03T10:38:44.319+0000] {logging_mixin.py:188} INFO - [2024-06-03T10:38:44.319+0000] {dag.py:3096} INFO - Sync 1 DAGs
[2024-06-03T10:38:44.337+0000] {logging_mixin.py:188} INFO - [2024-06-03T10:38:44.336+0000] {dag.py:3954} INFO - Setting next_dagrun for example_sensor_decorator to None, run_after=None
[2024-06-03T10:38:44.360+0000] {processor.py:183} INFO - Processing /home/airflow/.local/lib/python3.12/site-packages/airflow/example_dags/example_sensor_decorator.py took 0.081 seconds
[2024-06-03T10:39:15.259+0000] {processor.py:161} INFO - Started process (PID=8728) to work on /home/airflow/.local/lib/python3.12/site-packages/airflow/example_dags/example_sensor_decorator.py
[2024-06-03T10:39:15.260+0000] {processor.py:830} INFO - Processing file /home/airflow/.local/lib/python3.12/site-packages/airflow/example_dags/example_sensor_decorator.py for tasks to queue
[2024-06-03T10:39:15.261+0000] {logging_mixin.py:188} INFO - [2024-06-03T10:39:15.261+0000] {dagbag.py:545} INFO - Filling up the DagBag from /home/airflow/.local/lib/python3.12/site-packages/airflow/example_dags/example_sensor_decorator.py
[2024-06-03T10:39:15.267+0000] {processor.py:840} INFO - DAG(s) 'example_sensor_decorator' retrieved from /home/airflow/.local/lib/python3.12/site-packages/airflow/example_dags/example_sensor_decorator.py
[2024-06-03T10:39:15.295+0000] {logging_mixin.py:188} INFO - [2024-06-03T10:39:15.294+0000] {dag.py:3096} INFO - Sync 1 DAGs
[2024-06-03T10:39:15.316+0000] {logging_mixin.py:188} INFO - [2024-06-03T10:39:15.316+0000] {dag.py:3954} INFO - Setting next_dagrun for example_sensor_decorator to None, run_after=None
[2024-06-03T10:39:15.343+0000] {processor.py:183} INFO - Processing /home/airflow/.local/lib/python3.12/site-packages/airflow/example_dags/example_sensor_decorator.py took 0.091 seconds
[2024-06-03T10:39:46.156+0000] {processor.py:161} INFO - Started process (PID=8982) to work on /home/airflow/.local/lib/python3.12/site-packages/airflow/example_dags/example_sensor_decorator.py
[2024-06-03T10:39:46.157+0000] {processor.py:830} INFO - Processing file /home/airflow/.local/lib/python3.12/site-packages/airflow/example_dags/example_sensor_decorator.py for tasks to queue
[2024-06-03T10:39:46.158+0000] {logging_mixin.py:188} INFO - [2024-06-03T10:39:46.158+0000] {dagbag.py:545} INFO - Filling up the DagBag from /home/airflow/.local/lib/python3.12/site-packages/airflow/example_dags/example_sensor_decorator.py
[2024-06-03T10:39:46.165+0000] {processor.py:840} INFO - DAG(s) 'example_sensor_decorator' retrieved from /home/airflow/.local/lib/python3.12/site-packages/airflow/example_dags/example_sensor_decorator.py
[2024-06-03T10:39:46.191+0000] {logging_mixin.py:188} INFO - [2024-06-03T10:39:46.190+0000] {dag.py:3096} INFO - Sync 1 DAGs
[2024-06-03T10:39:46.211+0000] {logging_mixin.py:188} INFO - [2024-06-03T10:39:46.211+0000] {dag.py:3954} INFO - Setting next_dagrun for example_sensor_decorator to None, run_after=None
[2024-06-03T10:39:46.238+0000] {processor.py:183} INFO - Processing /home/airflow/.local/lib/python3.12/site-packages/airflow/example_dags/example_sensor_decorator.py took 0.089 seconds
[2024-06-03T10:40:16.820+0000] {processor.py:161} INFO - Started process (PID=9238) to work on /home/airflow/.local/lib/python3.12/site-packages/airflow/example_dags/example_sensor_decorator.py
[2024-06-03T10:40:16.820+0000] {processor.py:830} INFO - Processing file /home/airflow/.local/lib/python3.12/site-packages/airflow/example_dags/example_sensor_decorator.py for tasks to queue
[2024-06-03T10:40:16.823+0000] {logging_mixin.py:188} INFO - [2024-06-03T10:40:16.822+0000] {dagbag.py:545} INFO - Filling up the DagBag from /home/airflow/.local/lib/python3.12/site-packages/airflow/example_dags/example_sensor_decorator.py
[2024-06-03T10:40:16.830+0000] {processor.py:840} INFO - DAG(s) 'example_sensor_decorator' retrieved from /home/airflow/.local/lib/python3.12/site-packages/airflow/example_dags/example_sensor_decorator.py
[2024-06-03T10:40:16.855+0000] {logging_mixin.py:188} INFO - [2024-06-03T10:40:16.854+0000] {dag.py:3096} INFO - Sync 1 DAGs
[2024-06-03T10:40:16.874+0000] {logging_mixin.py:188} INFO - [2024-06-03T10:40:16.874+0000] {dag.py:3954} INFO - Setting next_dagrun for example_sensor_decorator to None, run_after=None
[2024-06-03T10:40:16.900+0000] {processor.py:183} INFO - Processing /home/airflow/.local/lib/python3.12/site-packages/airflow/example_dags/example_sensor_decorator.py took 0.087 seconds
[2024-06-03T10:40:47.130+0000] {processor.py:161} INFO - Started process (PID=9494) to work on /home/airflow/.local/lib/python3.12/site-packages/airflow/example_dags/example_sensor_decorator.py
[2024-06-03T10:40:47.131+0000] {processor.py:830} INFO - Processing file /home/airflow/.local/lib/python3.12/site-packages/airflow/example_dags/example_sensor_decorator.py for tasks to queue
[2024-06-03T10:40:47.132+0000] {logging_mixin.py:188} INFO - [2024-06-03T10:40:47.132+0000] {dagbag.py:545} INFO - Filling up the DagBag from /home/airflow/.local/lib/python3.12/site-packages/airflow/example_dags/example_sensor_decorator.py
[2024-06-03T10:40:47.139+0000] {processor.py:840} INFO - DAG(s) 'example_sensor_decorator' retrieved from /home/airflow/.local/lib/python3.12/site-packages/airflow/example_dags/example_sensor_decorator.py
[2024-06-03T10:40:47.169+0000] {logging_mixin.py:188} INFO - [2024-06-03T10:40:47.169+0000] {dag.py:3096} INFO - Sync 1 DAGs
[2024-06-03T10:40:47.190+0000] {logging_mixin.py:188} INFO - [2024-06-03T10:40:47.190+0000] {dag.py:3954} INFO - Setting next_dagrun for example_sensor_decorator to None, run_after=None
[2024-06-03T10:40:47.218+0000] {processor.py:183} INFO - Processing /home/airflow/.local/lib/python3.12/site-packages/airflow/example_dags/example_sensor_decorator.py took 0.095 seconds
[2024-06-03T10:41:17.909+0000] {processor.py:161} INFO - Started process (PID=9746) to work on /home/airflow/.local/lib/python3.12/site-packages/airflow/example_dags/example_sensor_decorator.py
[2024-06-03T10:41:17.910+0000] {processor.py:830} INFO - Processing file /home/airflow/.local/lib/python3.12/site-packages/airflow/example_dags/example_sensor_decorator.py for tasks to queue
[2024-06-03T10:41:17.912+0000] {logging_mixin.py:188} INFO - [2024-06-03T10:41:17.911+0000] {dagbag.py:545} INFO - Filling up the DagBag from /home/airflow/.local/lib/python3.12/site-packages/airflow/example_dags/example_sensor_decorator.py
[2024-06-03T10:41:17.918+0000] {processor.py:840} INFO - DAG(s) 'example_sensor_decorator' retrieved from /home/airflow/.local/lib/python3.12/site-packages/airflow/example_dags/example_sensor_decorator.py
[2024-06-03T10:41:17.945+0000] {logging_mixin.py:188} INFO - [2024-06-03T10:41:17.945+0000] {dag.py:3096} INFO - Sync 1 DAGs
[2024-06-03T10:41:17.967+0000] {logging_mixin.py:188} INFO - [2024-06-03T10:41:17.966+0000] {dag.py:3954} INFO - Setting next_dagrun for example_sensor_decorator to None, run_after=None
[2024-06-03T10:41:17.996+0000] {processor.py:183} INFO - Processing /home/airflow/.local/lib/python3.12/site-packages/airflow/example_dags/example_sensor_decorator.py took 0.094 seconds
[2024-06-03T10:41:48.169+0000] {processor.py:161} INFO - Started process (PID=10002) to work on /home/airflow/.local/lib/python3.12/site-packages/airflow/example_dags/example_sensor_decorator.py
[2024-06-03T10:41:48.170+0000] {processor.py:830} INFO - Processing file /home/airflow/.local/lib/python3.12/site-packages/airflow/example_dags/example_sensor_decorator.py for tasks to queue
[2024-06-03T10:41:48.172+0000] {logging_mixin.py:188} INFO - [2024-06-03T10:41:48.171+0000] {dagbag.py:545} INFO - Filling up the DagBag from /home/airflow/.local/lib/python3.12/site-packages/airflow/example_dags/example_sensor_decorator.py
[2024-06-03T10:41:48.178+0000] {processor.py:840} INFO - DAG(s) 'example_sensor_decorator' retrieved from /home/airflow/.local/lib/python3.12/site-packages/airflow/example_dags/example_sensor_decorator.py
[2024-06-03T10:41:48.204+0000] {logging_mixin.py:188} INFO - [2024-06-03T10:41:48.203+0000] {dag.py:3096} INFO - Sync 1 DAGs
[2024-06-03T10:41:48.226+0000] {logging_mixin.py:188} INFO - [2024-06-03T10:41:48.225+0000] {dag.py:3954} INFO - Setting next_dagrun for example_sensor_decorator to None, run_after=None
[2024-06-03T10:41:48.255+0000] {processor.py:183} INFO - Processing /home/airflow/.local/lib/python3.12/site-packages/airflow/example_dags/example_sensor_decorator.py took 0.093 seconds
[2024-06-03T10:42:18.461+0000] {processor.py:161} INFO - Started process (PID=10258) to work on /home/airflow/.local/lib/python3.12/site-packages/airflow/example_dags/example_sensor_decorator.py
[2024-06-03T10:42:18.461+0000] {processor.py:830} INFO - Processing file /home/airflow/.local/lib/python3.12/site-packages/airflow/example_dags/example_sensor_decorator.py for tasks to queue
[2024-06-03T10:42:18.463+0000] {logging_mixin.py:188} INFO - [2024-06-03T10:42:18.463+0000] {dagbag.py:545} INFO - Filling up the DagBag from /home/airflow/.local/lib/python3.12/site-packages/airflow/example_dags/example_sensor_decorator.py
[2024-06-03T10:42:18.469+0000] {processor.py:840} INFO - DAG(s) 'example_sensor_decorator' retrieved from /home/airflow/.local/lib/python3.12/site-packages/airflow/example_dags/example_sensor_decorator.py
[2024-06-03T10:42:18.495+0000] {logging_mixin.py:188} INFO - [2024-06-03T10:42:18.495+0000] {dag.py:3096} INFO - Sync 1 DAGs
[2024-06-03T10:42:18.513+0000] {logging_mixin.py:188} INFO - [2024-06-03T10:42:18.513+0000] {dag.py:3954} INFO - Setting next_dagrun for example_sensor_decorator to None, run_after=None
[2024-06-03T10:42:18.538+0000] {processor.py:183} INFO - Processing /home/airflow/.local/lib/python3.12/site-packages/airflow/example_dags/example_sensor_decorator.py took 0.084 seconds
[2024-06-03T10:42:48.629+0000] {processor.py:161} INFO - Started process (PID=10514) to work on /home/airflow/.local/lib/python3.12/site-packages/airflow/example_dags/example_sensor_decorator.py
[2024-06-03T10:42:48.630+0000] {processor.py:830} INFO - Processing file /home/airflow/.local/lib/python3.12/site-packages/airflow/example_dags/example_sensor_decorator.py for tasks to queue
[2024-06-03T10:42:48.632+0000] {logging_mixin.py:188} INFO - [2024-06-03T10:42:48.632+0000] {dagbag.py:545} INFO - Filling up the DagBag from /home/airflow/.local/lib/python3.12/site-packages/airflow/example_dags/example_sensor_decorator.py
[2024-06-03T10:42:48.638+0000] {processor.py:840} INFO - DAG(s) 'example_sensor_decorator' retrieved from /home/airflow/.local/lib/python3.12/site-packages/airflow/example_dags/example_sensor_decorator.py
[2024-06-03T10:42:48.662+0000] {logging_mixin.py:188} INFO - [2024-06-03T10:42:48.662+0000] {dag.py:3096} INFO - Sync 1 DAGs
[2024-06-03T10:42:48.680+0000] {logging_mixin.py:188} INFO - [2024-06-03T10:42:48.680+0000] {dag.py:3954} INFO - Setting next_dagrun for example_sensor_decorator to None, run_after=None
[2024-06-03T10:42:48.704+0000] {processor.py:183} INFO - Processing /home/airflow/.local/lib/python3.12/site-packages/airflow/example_dags/example_sensor_decorator.py took 0.081 seconds
[2024-06-03T10:43:18.872+0000] {processor.py:161} INFO - Started process (PID=10768) to work on /home/airflow/.local/lib/python3.12/site-packages/airflow/example_dags/example_sensor_decorator.py
[2024-06-03T10:43:18.873+0000] {processor.py:830} INFO - Processing file /home/airflow/.local/lib/python3.12/site-packages/airflow/example_dags/example_sensor_decorator.py for tasks to queue
[2024-06-03T10:43:18.874+0000] {logging_mixin.py:188} INFO - [2024-06-03T10:43:18.874+0000] {dagbag.py:545} INFO - Filling up the DagBag from /home/airflow/.local/lib/python3.12/site-packages/airflow/example_dags/example_sensor_decorator.py
[2024-06-03T10:43:18.881+0000] {processor.py:840} INFO - DAG(s) 'example_sensor_decorator' retrieved from /home/airflow/.local/lib/python3.12/site-packages/airflow/example_dags/example_sensor_decorator.py
[2024-06-03T10:43:18.907+0000] {logging_mixin.py:188} INFO - [2024-06-03T10:43:18.907+0000] {dag.py:3096} INFO - Sync 1 DAGs
[2024-06-03T10:43:18.925+0000] {logging_mixin.py:188} INFO - [2024-06-03T10:43:18.924+0000] {dag.py:3954} INFO - Setting next_dagrun for example_sensor_decorator to None, run_after=None
[2024-06-03T10:43:18.948+0000] {processor.py:183} INFO - Processing /home/airflow/.local/lib/python3.12/site-packages/airflow/example_dags/example_sensor_decorator.py took 0.083 seconds
[2024-06-03T10:43:50.687+0000] {processor.py:161} INFO - Started process (PID=11024) to work on /home/airflow/.local/lib/python3.12/site-packages/airflow/example_dags/example_sensor_decorator.py
[2024-06-03T10:43:50.688+0000] {processor.py:830} INFO - Processing file /home/airflow/.local/lib/python3.12/site-packages/airflow/example_dags/example_sensor_decorator.py for tasks to queue
[2024-06-03T10:43:50.690+0000] {logging_mixin.py:188} INFO - [2024-06-03T10:43:50.690+0000] {dagbag.py:545} INFO - Filling up the DagBag from /home/airflow/.local/lib/python3.12/site-packages/airflow/example_dags/example_sensor_decorator.py
[2024-06-03T10:43:50.697+0000] {processor.py:840} INFO - DAG(s) 'example_sensor_decorator' retrieved from /home/airflow/.local/lib/python3.12/site-packages/airflow/example_dags/example_sensor_decorator.py
[2024-06-03T10:43:50.721+0000] {logging_mixin.py:188} INFO - [2024-06-03T10:43:50.721+0000] {dag.py:3096} INFO - Sync 1 DAGs
[2024-06-03T10:43:50.883+0000] {logging_mixin.py:188} INFO - [2024-06-03T10:43:50.882+0000] {dag.py:3954} INFO - Setting next_dagrun for example_sensor_decorator to None, run_after=None
[2024-06-03T10:43:50.908+0000] {processor.py:183} INFO - Processing /home/airflow/.local/lib/python3.12/site-packages/airflow/example_dags/example_sensor_decorator.py took 0.228 seconds
[2024-06-03T10:44:21.454+0000] {processor.py:161} INFO - Started process (PID=11280) to work on /home/airflow/.local/lib/python3.12/site-packages/airflow/example_dags/example_sensor_decorator.py
[2024-06-03T10:44:21.455+0000] {processor.py:830} INFO - Processing file /home/airflow/.local/lib/python3.12/site-packages/airflow/example_dags/example_sensor_decorator.py for tasks to queue
[2024-06-03T10:44:21.457+0000] {logging_mixin.py:188} INFO - [2024-06-03T10:44:21.456+0000] {dagbag.py:545} INFO - Filling up the DagBag from /home/airflow/.local/lib/python3.12/site-packages/airflow/example_dags/example_sensor_decorator.py
[2024-06-03T10:44:21.463+0000] {processor.py:840} INFO - DAG(s) 'example_sensor_decorator' retrieved from /home/airflow/.local/lib/python3.12/site-packages/airflow/example_dags/example_sensor_decorator.py
[2024-06-03T10:44:21.492+0000] {logging_mixin.py:188} INFO - [2024-06-03T10:44:21.492+0000] {dag.py:3096} INFO - Sync 1 DAGs
[2024-06-03T10:44:21.514+0000] {logging_mixin.py:188} INFO - [2024-06-03T10:44:21.514+0000] {dag.py:3954} INFO - Setting next_dagrun for example_sensor_decorator to None, run_after=None
[2024-06-03T10:44:21.693+0000] {processor.py:183} INFO - Processing /home/airflow/.local/lib/python3.12/site-packages/airflow/example_dags/example_sensor_decorator.py took 0.246 seconds
[2024-06-03T10:44:52.244+0000] {processor.py:161} INFO - Started process (PID=11536) to work on /home/airflow/.local/lib/python3.12/site-packages/airflow/example_dags/example_sensor_decorator.py
[2024-06-03T10:44:52.245+0000] {processor.py:830} INFO - Processing file /home/airflow/.local/lib/python3.12/site-packages/airflow/example_dags/example_sensor_decorator.py for tasks to queue
[2024-06-03T10:44:52.247+0000] {logging_mixin.py:188} INFO - [2024-06-03T10:44:52.246+0000] {dagbag.py:545} INFO - Filling up the DagBag from /home/airflow/.local/lib/python3.12/site-packages/airflow/example_dags/example_sensor_decorator.py
[2024-06-03T10:44:52.253+0000] {processor.py:840} INFO - DAG(s) 'example_sensor_decorator' retrieved from /home/airflow/.local/lib/python3.12/site-packages/airflow/example_dags/example_sensor_decorator.py
[2024-06-03T10:44:52.278+0000] {logging_mixin.py:188} INFO - [2024-06-03T10:44:52.278+0000] {dag.py:3096} INFO - Sync 1 DAGs
[2024-06-03T10:44:52.296+0000] {logging_mixin.py:188} INFO - [2024-06-03T10:44:52.296+0000] {dag.py:3954} INFO - Setting next_dagrun for example_sensor_decorator to None, run_after=None
[2024-06-03T10:44:52.321+0000] {processor.py:183} INFO - Processing /home/airflow/.local/lib/python3.12/site-packages/airflow/example_dags/example_sensor_decorator.py took 0.084 seconds
[2024-06-03T10:45:23.227+0000] {processor.py:161} INFO - Started process (PID=11792) to work on /home/airflow/.local/lib/python3.12/site-packages/airflow/example_dags/example_sensor_decorator.py
[2024-06-03T10:45:23.228+0000] {processor.py:830} INFO - Processing file /home/airflow/.local/lib/python3.12/site-packages/airflow/example_dags/example_sensor_decorator.py for tasks to queue
[2024-06-03T10:45:23.230+0000] {logging_mixin.py:188} INFO - [2024-06-03T10:45:23.229+0000] {dagbag.py:545} INFO - Filling up the DagBag from /home/airflow/.local/lib/python3.12/site-packages/airflow/example_dags/example_sensor_decorator.py
[2024-06-03T10:45:23.237+0000] {processor.py:840} INFO - DAG(s) 'example_sensor_decorator' retrieved from /home/airflow/.local/lib/python3.12/site-packages/airflow/example_dags/example_sensor_decorator.py
[2024-06-03T10:45:23.261+0000] {logging_mixin.py:188} INFO - [2024-06-03T10:45:23.261+0000] {dag.py:3096} INFO - Sync 1 DAGs
[2024-06-03T10:45:23.279+0000] {logging_mixin.py:188} INFO - [2024-06-03T10:45:23.279+0000] {dag.py:3954} INFO - Setting next_dagrun for example_sensor_decorator to None, run_after=None
[2024-06-03T10:45:23.304+0000] {processor.py:183} INFO - Processing /home/airflow/.local/lib/python3.12/site-packages/airflow/example_dags/example_sensor_decorator.py took 0.084 seconds
[2024-06-03T10:45:53.897+0000] {processor.py:161} INFO - Started process (PID=12048) to work on /home/airflow/.local/lib/python3.12/site-packages/airflow/example_dags/example_sensor_decorator.py
[2024-06-03T10:45:53.898+0000] {processor.py:830} INFO - Processing file /home/airflow/.local/lib/python3.12/site-packages/airflow/example_dags/example_sensor_decorator.py for tasks to queue
[2024-06-03T10:45:53.900+0000] {logging_mixin.py:188} INFO - [2024-06-03T10:45:53.900+0000] {dagbag.py:545} INFO - Filling up the DagBag from /home/airflow/.local/lib/python3.12/site-packages/airflow/example_dags/example_sensor_decorator.py
[2024-06-03T10:45:53.906+0000] {processor.py:840} INFO - DAG(s) 'example_sensor_decorator' retrieved from /home/airflow/.local/lib/python3.12/site-packages/airflow/example_dags/example_sensor_decorator.py
[2024-06-03T10:45:53.931+0000] {logging_mixin.py:188} INFO - [2024-06-03T10:45:53.931+0000] {dag.py:3096} INFO - Sync 1 DAGs
[2024-06-03T10:45:53.949+0000] {logging_mixin.py:188} INFO - [2024-06-03T10:45:53.949+0000] {dag.py:3954} INFO - Setting next_dagrun for example_sensor_decorator to None, run_after=None
[2024-06-03T10:45:53.977+0000] {processor.py:183} INFO - Processing /home/airflow/.local/lib/python3.12/site-packages/airflow/example_dags/example_sensor_decorator.py took 0.086 seconds
[2024-06-03T10:46:24.253+0000] {processor.py:161} INFO - Started process (PID=12304) to work on /home/airflow/.local/lib/python3.12/site-packages/airflow/example_dags/example_sensor_decorator.py
[2024-06-03T10:46:24.255+0000] {processor.py:830} INFO - Processing file /home/airflow/.local/lib/python3.12/site-packages/airflow/example_dags/example_sensor_decorator.py for tasks to queue
[2024-06-03T10:46:24.257+0000] {logging_mixin.py:188} INFO - [2024-06-03T10:46:24.256+0000] {dagbag.py:545} INFO - Filling up the DagBag from /home/airflow/.local/lib/python3.12/site-packages/airflow/example_dags/example_sensor_decorator.py
[2024-06-03T10:46:24.264+0000] {processor.py:840} INFO - DAG(s) 'example_sensor_decorator' retrieved from /home/airflow/.local/lib/python3.12/site-packages/airflow/example_dags/example_sensor_decorator.py
[2024-06-03T10:46:24.289+0000] {logging_mixin.py:188} INFO - [2024-06-03T10:46:24.289+0000] {dag.py:3096} INFO - Sync 1 DAGs
[2024-06-03T10:46:24.307+0000] {logging_mixin.py:188} INFO - [2024-06-03T10:46:24.307+0000] {dag.py:3954} INFO - Setting next_dagrun for example_sensor_decorator to None, run_after=None
[2024-06-03T10:46:24.334+0000] {processor.py:183} INFO - Processing /home/airflow/.local/lib/python3.12/site-packages/airflow/example_dags/example_sensor_decorator.py took 0.088 seconds
[2024-06-03T10:46:54.825+0000] {processor.py:161} INFO - Started process (PID=12560) to work on /home/airflow/.local/lib/python3.12/site-packages/airflow/example_dags/example_sensor_decorator.py
[2024-06-03T10:46:54.826+0000] {processor.py:830} INFO - Processing file /home/airflow/.local/lib/python3.12/site-packages/airflow/example_dags/example_sensor_decorator.py for tasks to queue
[2024-06-03T10:46:54.828+0000] {logging_mixin.py:188} INFO - [2024-06-03T10:46:54.827+0000] {dagbag.py:545} INFO - Filling up the DagBag from /home/airflow/.local/lib/python3.12/site-packages/airflow/example_dags/example_sensor_decorator.py
[2024-06-03T10:46:54.835+0000] {processor.py:840} INFO - DAG(s) 'example_sensor_decorator' retrieved from /home/airflow/.local/lib/python3.12/site-packages/airflow/example_dags/example_sensor_decorator.py
[2024-06-03T10:46:54.864+0000] {logging_mixin.py:188} INFO - [2024-06-03T10:46:54.864+0000] {dag.py:3096} INFO - Sync 1 DAGs
[2024-06-03T10:46:54.883+0000] {logging_mixin.py:188} INFO - [2024-06-03T10:46:54.883+0000] {dag.py:3954} INFO - Setting next_dagrun for example_sensor_decorator to None, run_after=None
[2024-06-03T10:46:54.909+0000] {processor.py:183} INFO - Processing /home/airflow/.local/lib/python3.12/site-packages/airflow/example_dags/example_sensor_decorator.py took 0.091 seconds
[2024-06-03T10:47:25.482+0000] {processor.py:161} INFO - Started process (PID=12816) to work on /home/airflow/.local/lib/python3.12/site-packages/airflow/example_dags/example_sensor_decorator.py
[2024-06-03T10:47:25.483+0000] {processor.py:830} INFO - Processing file /home/airflow/.local/lib/python3.12/site-packages/airflow/example_dags/example_sensor_decorator.py for tasks to queue
[2024-06-03T10:47:25.485+0000] {logging_mixin.py:188} INFO - [2024-06-03T10:47:25.484+0000] {dagbag.py:545} INFO - Filling up the DagBag from /home/airflow/.local/lib/python3.12/site-packages/airflow/example_dags/example_sensor_decorator.py
[2024-06-03T10:47:25.491+0000] {processor.py:840} INFO - DAG(s) 'example_sensor_decorator' retrieved from /home/airflow/.local/lib/python3.12/site-packages/airflow/example_dags/example_sensor_decorator.py
[2024-06-03T10:47:25.516+0000] {logging_mixin.py:188} INFO - [2024-06-03T10:47:25.515+0000] {dag.py:3096} INFO - Sync 1 DAGs
[2024-06-03T10:47:25.534+0000] {logging_mixin.py:188} INFO - [2024-06-03T10:47:25.534+0000] {dag.py:3954} INFO - Setting next_dagrun for example_sensor_decorator to None, run_after=None
[2024-06-03T10:47:25.563+0000] {processor.py:183} INFO - Processing /home/airflow/.local/lib/python3.12/site-packages/airflow/example_dags/example_sensor_decorator.py took 0.089 seconds
[2024-06-03T10:47:56.231+0000] {processor.py:161} INFO - Started process (PID=13072) to work on /home/airflow/.local/lib/python3.12/site-packages/airflow/example_dags/example_sensor_decorator.py
[2024-06-03T10:47:56.232+0000] {processor.py:830} INFO - Processing file /home/airflow/.local/lib/python3.12/site-packages/airflow/example_dags/example_sensor_decorator.py for tasks to queue
[2024-06-03T10:47:56.234+0000] {logging_mixin.py:188} INFO - [2024-06-03T10:47:56.234+0000] {dagbag.py:545} INFO - Filling up the DagBag from /home/airflow/.local/lib/python3.12/site-packages/airflow/example_dags/example_sensor_decorator.py
[2024-06-03T10:47:56.242+0000] {processor.py:840} INFO - DAG(s) 'example_sensor_decorator' retrieved from /home/airflow/.local/lib/python3.12/site-packages/airflow/example_dags/example_sensor_decorator.py
[2024-06-03T10:47:56.267+0000] {logging_mixin.py:188} INFO - [2024-06-03T10:47:56.266+0000] {dag.py:3096} INFO - Sync 1 DAGs
[2024-06-03T10:47:56.285+0000] {logging_mixin.py:188} INFO - [2024-06-03T10:47:56.284+0000] {dag.py:3954} INFO - Setting next_dagrun for example_sensor_decorator to None, run_after=None
[2024-06-03T10:47:56.308+0000] {processor.py:183} INFO - Processing /home/airflow/.local/lib/python3.12/site-packages/airflow/example_dags/example_sensor_decorator.py took 0.085 seconds
[2024-06-03T10:48:26.603+0000] {processor.py:161} INFO - Started process (PID=13328) to work on /home/airflow/.local/lib/python3.12/site-packages/airflow/example_dags/example_sensor_decorator.py
[2024-06-03T10:48:26.604+0000] {processor.py:830} INFO - Processing file /home/airflow/.local/lib/python3.12/site-packages/airflow/example_dags/example_sensor_decorator.py for tasks to queue
[2024-06-03T10:48:26.606+0000] {logging_mixin.py:188} INFO - [2024-06-03T10:48:26.606+0000] {dagbag.py:545} INFO - Filling up the DagBag from /home/airflow/.local/lib/python3.12/site-packages/airflow/example_dags/example_sensor_decorator.py
[2024-06-03T10:48:26.613+0000] {processor.py:840} INFO - DAG(s) 'example_sensor_decorator' retrieved from /home/airflow/.local/lib/python3.12/site-packages/airflow/example_dags/example_sensor_decorator.py
[2024-06-03T10:48:26.638+0000] {logging_mixin.py:188} INFO - [2024-06-03T10:48:26.638+0000] {dag.py:3096} INFO - Sync 1 DAGs
[2024-06-03T10:48:26.655+0000] {logging_mixin.py:188} INFO - [2024-06-03T10:48:26.655+0000] {dag.py:3954} INFO - Setting next_dagrun for example_sensor_decorator to None, run_after=None
[2024-06-03T10:48:26.680+0000] {processor.py:183} INFO - Processing /home/airflow/.local/lib/python3.12/site-packages/airflow/example_dags/example_sensor_decorator.py took 0.084 seconds
[2024-06-03T10:48:56.909+0000] {processor.py:161} INFO - Started process (PID=13584) to work on /home/airflow/.local/lib/python3.12/site-packages/airflow/example_dags/example_sensor_decorator.py
[2024-06-03T10:48:56.910+0000] {processor.py:830} INFO - Processing file /home/airflow/.local/lib/python3.12/site-packages/airflow/example_dags/example_sensor_decorator.py for tasks to queue
[2024-06-03T10:48:56.912+0000] {logging_mixin.py:188} INFO - [2024-06-03T10:48:56.912+0000] {dagbag.py:545} INFO - Filling up the DagBag from /home/airflow/.local/lib/python3.12/site-packages/airflow/example_dags/example_sensor_decorator.py
[2024-06-03T10:48:56.919+0000] {processor.py:840} INFO - DAG(s) 'example_sensor_decorator' retrieved from /home/airflow/.local/lib/python3.12/site-packages/airflow/example_dags/example_sensor_decorator.py
[2024-06-03T10:48:56.944+0000] {logging_mixin.py:188} INFO - [2024-06-03T10:48:56.944+0000] {dag.py:3096} INFO - Sync 1 DAGs
[2024-06-03T10:48:56.962+0000] {logging_mixin.py:188} INFO - [2024-06-03T10:48:56.962+0000] {dag.py:3954} INFO - Setting next_dagrun for example_sensor_decorator to None, run_after=None
[2024-06-03T10:48:56.988+0000] {processor.py:183} INFO - Processing /home/airflow/.local/lib/python3.12/site-packages/airflow/example_dags/example_sensor_decorator.py took 0.085 seconds
[2024-06-03T10:49:27.223+0000] {processor.py:161} INFO - Started process (PID=13840) to work on /home/airflow/.local/lib/python3.12/site-packages/airflow/example_dags/example_sensor_decorator.py
[2024-06-03T10:49:27.225+0000] {processor.py:830} INFO - Processing file /home/airflow/.local/lib/python3.12/site-packages/airflow/example_dags/example_sensor_decorator.py for tasks to queue
[2024-06-03T10:49:27.226+0000] {logging_mixin.py:188} INFO - [2024-06-03T10:49:27.226+0000] {dagbag.py:545} INFO - Filling up the DagBag from /home/airflow/.local/lib/python3.12/site-packages/airflow/example_dags/example_sensor_decorator.py
[2024-06-03T10:49:27.233+0000] {processor.py:840} INFO - DAG(s) 'example_sensor_decorator' retrieved from /home/airflow/.local/lib/python3.12/site-packages/airflow/example_dags/example_sensor_decorator.py
[2024-06-03T10:49:27.258+0000] {logging_mixin.py:188} INFO - [2024-06-03T10:49:27.258+0000] {dag.py:3096} INFO - Sync 1 DAGs
[2024-06-03T10:49:27.275+0000] {logging_mixin.py:188} INFO - [2024-06-03T10:49:27.275+0000] {dag.py:3954} INFO - Setting next_dagrun for example_sensor_decorator to None, run_after=None
[2024-06-03T10:49:27.304+0000] {processor.py:183} INFO - Processing /home/airflow/.local/lib/python3.12/site-packages/airflow/example_dags/example_sensor_decorator.py took 0.087 seconds
[2024-06-03T10:49:57.812+0000] {processor.py:161} INFO - Started process (PID=14096) to work on /home/airflow/.local/lib/python3.12/site-packages/airflow/example_dags/example_sensor_decorator.py
[2024-06-03T10:49:57.813+0000] {processor.py:830} INFO - Processing file /home/airflow/.local/lib/python3.12/site-packages/airflow/example_dags/example_sensor_decorator.py for tasks to queue
[2024-06-03T10:49:57.815+0000] {logging_mixin.py:188} INFO - [2024-06-03T10:49:57.814+0000] {dagbag.py:545} INFO - Filling up the DagBag from /home/airflow/.local/lib/python3.12/site-packages/airflow/example_dags/example_sensor_decorator.py
[2024-06-03T10:49:57.822+0000] {processor.py:840} INFO - DAG(s) 'example_sensor_decorator' retrieved from /home/airflow/.local/lib/python3.12/site-packages/airflow/example_dags/example_sensor_decorator.py
[2024-06-03T10:49:57.846+0000] {logging_mixin.py:188} INFO - [2024-06-03T10:49:57.846+0000] {dag.py:3096} INFO - Sync 1 DAGs
[2024-06-03T10:49:57.865+0000] {logging_mixin.py:188} INFO - [2024-06-03T10:49:57.864+0000] {dag.py:3954} INFO - Setting next_dagrun for example_sensor_decorator to None, run_after=None
[2024-06-03T10:49:57.890+0000] {processor.py:183} INFO - Processing /home/airflow/.local/lib/python3.12/site-packages/airflow/example_dags/example_sensor_decorator.py took 0.084 seconds
[2024-06-03T10:50:28.183+0000] {processor.py:161} INFO - Started process (PID=14352) to work on /home/airflow/.local/lib/python3.12/site-packages/airflow/example_dags/example_sensor_decorator.py
[2024-06-03T10:50:28.184+0000] {processor.py:830} INFO - Processing file /home/airflow/.local/lib/python3.12/site-packages/airflow/example_dags/example_sensor_decorator.py for tasks to queue
[2024-06-03T10:50:28.186+0000] {logging_mixin.py:188} INFO - [2024-06-03T10:50:28.185+0000] {dagbag.py:545} INFO - Filling up the DagBag from /home/airflow/.local/lib/python3.12/site-packages/airflow/example_dags/example_sensor_decorator.py
[2024-06-03T10:50:28.192+0000] {processor.py:840} INFO - DAG(s) 'example_sensor_decorator' retrieved from /home/airflow/.local/lib/python3.12/site-packages/airflow/example_dags/example_sensor_decorator.py
[2024-06-03T10:50:28.219+0000] {logging_mixin.py:188} INFO - [2024-06-03T10:50:28.218+0000] {dag.py:3096} INFO - Sync 1 DAGs
[2024-06-03T10:50:28.241+0000] {logging_mixin.py:188} INFO - [2024-06-03T10:50:28.241+0000] {dag.py:3954} INFO - Setting next_dagrun for example_sensor_decorator to None, run_after=None
[2024-06-03T10:50:28.266+0000] {processor.py:183} INFO - Processing /home/airflow/.local/lib/python3.12/site-packages/airflow/example_dags/example_sensor_decorator.py took 0.090 seconds
[2024-06-03T10:50:58.903+0000] {processor.py:161} INFO - Started process (PID=14608) to work on /home/airflow/.local/lib/python3.12/site-packages/airflow/example_dags/example_sensor_decorator.py
[2024-06-03T10:50:58.904+0000] {processor.py:830} INFO - Processing file /home/airflow/.local/lib/python3.12/site-packages/airflow/example_dags/example_sensor_decorator.py for tasks to queue
[2024-06-03T10:50:58.906+0000] {logging_mixin.py:188} INFO - [2024-06-03T10:50:58.906+0000] {dagbag.py:545} INFO - Filling up the DagBag from /home/airflow/.local/lib/python3.12/site-packages/airflow/example_dags/example_sensor_decorator.py
[2024-06-03T10:50:58.913+0000] {processor.py:840} INFO - DAG(s) 'example_sensor_decorator' retrieved from /home/airflow/.local/lib/python3.12/site-packages/airflow/example_dags/example_sensor_decorator.py
[2024-06-03T10:50:58.940+0000] {logging_mixin.py:188} INFO - [2024-06-03T10:50:58.939+0000] {dag.py:3096} INFO - Sync 1 DAGs
[2024-06-03T10:50:58.959+0000] {logging_mixin.py:188} INFO - [2024-06-03T10:50:58.959+0000] {dag.py:3954} INFO - Setting next_dagrun for example_sensor_decorator to None, run_after=None
[2024-06-03T10:50:58.987+0000] {processor.py:183} INFO - Processing /home/airflow/.local/lib/python3.12/site-packages/airflow/example_dags/example_sensor_decorator.py took 0.092 seconds
[2024-06-03T10:51:29.662+0000] {processor.py:161} INFO - Started process (PID=14864) to work on /home/airflow/.local/lib/python3.12/site-packages/airflow/example_dags/example_sensor_decorator.py
[2024-06-03T10:51:29.664+0000] {processor.py:830} INFO - Processing file /home/airflow/.local/lib/python3.12/site-packages/airflow/example_dags/example_sensor_decorator.py for tasks to queue
[2024-06-03T10:51:29.665+0000] {logging_mixin.py:188} INFO - [2024-06-03T10:51:29.665+0000] {dagbag.py:545} INFO - Filling up the DagBag from /home/airflow/.local/lib/python3.12/site-packages/airflow/example_dags/example_sensor_decorator.py
[2024-06-03T10:51:29.674+0000] {processor.py:840} INFO - DAG(s) 'example_sensor_decorator' retrieved from /home/airflow/.local/lib/python3.12/site-packages/airflow/example_dags/example_sensor_decorator.py
[2024-06-03T10:51:29.702+0000] {logging_mixin.py:188} INFO - [2024-06-03T10:51:29.702+0000] {dag.py:3096} INFO - Sync 1 DAGs
[2024-06-03T10:51:29.725+0000] {logging_mixin.py:188} INFO - [2024-06-03T10:51:29.725+0000] {dag.py:3954} INFO - Setting next_dagrun for example_sensor_decorator to None, run_after=None
[2024-06-03T10:51:29.756+0000] {processor.py:183} INFO - Processing /home/airflow/.local/lib/python3.12/site-packages/airflow/example_dags/example_sensor_decorator.py took 0.100 seconds
[2024-06-03T10:52:00.288+0000] {processor.py:161} INFO - Started process (PID=15120) to work on /home/airflow/.local/lib/python3.12/site-packages/airflow/example_dags/example_sensor_decorator.py
[2024-06-03T10:52:00.289+0000] {processor.py:830} INFO - Processing file /home/airflow/.local/lib/python3.12/site-packages/airflow/example_dags/example_sensor_decorator.py for tasks to queue
[2024-06-03T10:52:00.291+0000] {logging_mixin.py:188} INFO - [2024-06-03T10:52:00.291+0000] {dagbag.py:545} INFO - Filling up the DagBag from /home/airflow/.local/lib/python3.12/site-packages/airflow/example_dags/example_sensor_decorator.py
[2024-06-03T10:52:00.299+0000] {processor.py:840} INFO - DAG(s) 'example_sensor_decorator' retrieved from /home/airflow/.local/lib/python3.12/site-packages/airflow/example_dags/example_sensor_decorator.py
[2024-06-03T10:52:00.325+0000] {logging_mixin.py:188} INFO - [2024-06-03T10:52:00.325+0000] {dag.py:3096} INFO - Sync 1 DAGs
[2024-06-03T10:52:00.344+0000] {logging_mixin.py:188} INFO - [2024-06-03T10:52:00.343+0000] {dag.py:3954} INFO - Setting next_dagrun for example_sensor_decorator to None, run_after=None
[2024-06-03T10:52:00.369+0000] {processor.py:183} INFO - Processing /home/airflow/.local/lib/python3.12/site-packages/airflow/example_dags/example_sensor_decorator.py took 0.089 seconds
[2024-06-03T10:52:31.059+0000] {processor.py:161} INFO - Started process (PID=15376) to work on /home/airflow/.local/lib/python3.12/site-packages/airflow/example_dags/example_sensor_decorator.py
[2024-06-03T10:52:31.060+0000] {processor.py:830} INFO - Processing file /home/airflow/.local/lib/python3.12/site-packages/airflow/example_dags/example_sensor_decorator.py for tasks to queue
[2024-06-03T10:52:31.062+0000] {logging_mixin.py:188} INFO - [2024-06-03T10:52:31.062+0000] {dagbag.py:545} INFO - Filling up the DagBag from /home/airflow/.local/lib/python3.12/site-packages/airflow/example_dags/example_sensor_decorator.py
[2024-06-03T10:52:31.069+0000] {processor.py:840} INFO - DAG(s) 'example_sensor_decorator' retrieved from /home/airflow/.local/lib/python3.12/site-packages/airflow/example_dags/example_sensor_decorator.py
[2024-06-03T10:52:31.093+0000] {logging_mixin.py:188} INFO - [2024-06-03T10:52:31.092+0000] {dag.py:3096} INFO - Sync 1 DAGs
[2024-06-03T10:52:31.110+0000] {logging_mixin.py:188} INFO - [2024-06-03T10:52:31.110+0000] {dag.py:3954} INFO - Setting next_dagrun for example_sensor_decorator to None, run_after=None
[2024-06-03T10:52:31.137+0000] {processor.py:183} INFO - Processing /home/airflow/.local/lib/python3.12/site-packages/airflow/example_dags/example_sensor_decorator.py took 0.086 seconds
[2024-06-03T10:53:01.425+0000] {processor.py:161} INFO - Started process (PID=15632) to work on /home/airflow/.local/lib/python3.12/site-packages/airflow/example_dags/example_sensor_decorator.py
[2024-06-03T10:53:01.425+0000] {processor.py:830} INFO - Processing file /home/airflow/.local/lib/python3.12/site-packages/airflow/example_dags/example_sensor_decorator.py for tasks to queue
[2024-06-03T10:53:01.427+0000] {logging_mixin.py:188} INFO - [2024-06-03T10:53:01.427+0000] {dagbag.py:545} INFO - Filling up the DagBag from /home/airflow/.local/lib/python3.12/site-packages/airflow/example_dags/example_sensor_decorator.py
[2024-06-03T10:53:01.434+0000] {processor.py:840} INFO - DAG(s) 'example_sensor_decorator' retrieved from /home/airflow/.local/lib/python3.12/site-packages/airflow/example_dags/example_sensor_decorator.py
[2024-06-03T10:53:01.459+0000] {logging_mixin.py:188} INFO - [2024-06-03T10:53:01.459+0000] {dag.py:3096} INFO - Sync 1 DAGs
[2024-06-03T10:53:01.479+0000] {logging_mixin.py:188} INFO - [2024-06-03T10:53:01.478+0000] {dag.py:3954} INFO - Setting next_dagrun for example_sensor_decorator to None, run_after=None
[2024-06-03T10:53:01.506+0000] {processor.py:183} INFO - Processing /home/airflow/.local/lib/python3.12/site-packages/airflow/example_dags/example_sensor_decorator.py took 0.088 seconds
[2024-06-03T10:53:31.809+0000] {processor.py:161} INFO - Started process (PID=15888) to work on /home/airflow/.local/lib/python3.12/site-packages/airflow/example_dags/example_sensor_decorator.py
[2024-06-03T10:53:31.810+0000] {processor.py:830} INFO - Processing file /home/airflow/.local/lib/python3.12/site-packages/airflow/example_dags/example_sensor_decorator.py for tasks to queue
[2024-06-03T10:53:31.812+0000] {logging_mixin.py:188} INFO - [2024-06-03T10:53:31.811+0000] {dagbag.py:545} INFO - Filling up the DagBag from /home/airflow/.local/lib/python3.12/site-packages/airflow/example_dags/example_sensor_decorator.py
[2024-06-03T10:53:31.818+0000] {processor.py:840} INFO - DAG(s) 'example_sensor_decorator' retrieved from /home/airflow/.local/lib/python3.12/site-packages/airflow/example_dags/example_sensor_decorator.py
[2024-06-03T10:53:31.846+0000] {logging_mixin.py:188} INFO - [2024-06-03T10:53:31.845+0000] {dag.py:3096} INFO - Sync 1 DAGs
[2024-06-03T10:53:31.868+0000] {logging_mixin.py:188} INFO - [2024-06-03T10:53:31.868+0000] {dag.py:3954} INFO - Setting next_dagrun for example_sensor_decorator to None, run_after=None
[2024-06-03T10:53:31.893+0000] {processor.py:183} INFO - Processing /home/airflow/.local/lib/python3.12/site-packages/airflow/example_dags/example_sensor_decorator.py took 0.091 seconds
