[2024-06-03T09:55:38.143+0000] {processor.py:161} INFO - Started process (PID=286) to work on /home/airflow/.local/lib/python3.12/site-packages/airflow/example_dags/example_sensors.py
[2024-06-03T09:55:38.144+0000] {processor.py:830} INFO - Processing file /home/airflow/.local/lib/python3.12/site-packages/airflow/example_dags/example_sensors.py for tasks to queue
[2024-06-03T09:55:38.149+0000] {logging_mixin.py:188} INFO - [2024-06-03T09:55:38.148+0000] {dagbag.py:545} INFO - Filling up the DagBag from /home/airflow/.local/lib/python3.12/site-packages/airflow/example_dags/example_sensors.py
[2024-06-03T09:55:38.175+0000] {processor.py:840} INFO - DAG(s) 'example_sensors' retrieved from /home/airflow/.local/lib/python3.12/site-packages/airflow/example_dags/example_sensors.py
[2024-06-03T09:55:38.647+0000] {logging_mixin.py:188} INFO - [2024-06-03T09:55:38.639+0000] {dag.py:3096} INFO - Sync 1 DAGs
[2024-06-03T09:55:38.692+0000] {logging_mixin.py:188} INFO - [2024-06-03T09:55:38.691+0000] {dag.py:3954} INFO - Setting next_dagrun for example_sensors to None, run_after=None
[2024-06-03T09:55:38.769+0000] {processor.py:183} INFO - Processing /home/airflow/.local/lib/python3.12/site-packages/airflow/example_dags/example_sensors.py took 0.637 seconds
[2024-06-03T09:57:59.705+0000] {processor.py:161} INFO - Started process (PID=587) to work on /home/airflow/.local/lib/python3.12/site-packages/airflow/example_dags/example_sensors.py
[2024-06-03T09:57:59.784+0000] {processor.py:830} INFO - Processing file /home/airflow/.local/lib/python3.12/site-packages/airflow/example_dags/example_sensors.py for tasks to queue
[2024-06-03T09:57:59.811+0000] {logging_mixin.py:188} INFO - [2024-06-03T09:57:59.810+0000] {dagbag.py:545} INFO - Filling up the DagBag from /home/airflow/.local/lib/python3.12/site-packages/airflow/example_dags/example_sensors.py
[2024-06-03T09:58:00.409+0000] {processor.py:840} INFO - DAG(s) 'example_sensors' retrieved from /home/airflow/.local/lib/python3.12/site-packages/airflow/example_dags/example_sensors.py
[2024-06-03T09:58:01.471+0000] {logging_mixin.py:188} INFO - [2024-06-03T09:58:01.470+0000] {dag.py:3096} INFO - Sync 1 DAGs
[2024-06-03T09:58:01.630+0000] {logging_mixin.py:188} INFO - [2024-06-03T09:58:01.613+0000] {dag.py:3954} INFO - Setting next_dagrun for example_sensors to None, run_after=None
[2024-06-03T09:58:02.856+0000] {processor.py:183} INFO - Processing /home/airflow/.local/lib/python3.12/site-packages/airflow/example_dags/example_sensors.py took 3.532 seconds
[2024-06-03T10:00:06.906+0000] {processor.py:161} INFO - Started process (PID=841) to work on /home/airflow/.local/lib/python3.12/site-packages/airflow/example_dags/example_sensors.py
[2024-06-03T10:00:06.965+0000] {processor.py:830} INFO - Processing file /home/airflow/.local/lib/python3.12/site-packages/airflow/example_dags/example_sensors.py for tasks to queue
[2024-06-03T10:00:07.068+0000] {logging_mixin.py:188} INFO - [2024-06-03T10:00:07.067+0000] {dagbag.py:545} INFO - Filling up the DagBag from /home/airflow/.local/lib/python3.12/site-packages/airflow/example_dags/example_sensors.py
[2024-06-03T10:00:07.611+0000] {processor.py:840} INFO - DAG(s) 'example_sensors' retrieved from /home/airflow/.local/lib/python3.12/site-packages/airflow/example_dags/example_sensors.py
[2024-06-03T10:00:09.094+0000] {logging_mixin.py:188} INFO - [2024-06-03T10:00:09.094+0000] {dag.py:3096} INFO - Sync 1 DAGs
[2024-06-03T10:00:09.397+0000] {logging_mixin.py:188} INFO - [2024-06-03T10:00:09.396+0000] {dag.py:3954} INFO - Setting next_dagrun for example_sensors to None, run_after=None
[2024-06-03T10:00:09.962+0000] {processor.py:183} INFO - Processing /home/airflow/.local/lib/python3.12/site-packages/airflow/example_dags/example_sensors.py took 3.336 seconds
[2024-06-03T10:00:41.497+0000] {processor.py:161} INFO - Started process (PID=1099) to work on /home/airflow/.local/lib/python3.12/site-packages/airflow/example_dags/example_sensors.py
[2024-06-03T10:00:41.521+0000] {processor.py:830} INFO - Processing file /home/airflow/.local/lib/python3.12/site-packages/airflow/example_dags/example_sensors.py for tasks to queue
[2024-06-03T10:00:41.546+0000] {logging_mixin.py:188} INFO - [2024-06-03T10:00:41.545+0000] {dagbag.py:545} INFO - Filling up the DagBag from /home/airflow/.local/lib/python3.12/site-packages/airflow/example_dags/example_sensors.py
[2024-06-03T10:00:41.644+0000] {processor.py:840} INFO - DAG(s) 'example_sensors' retrieved from /home/airflow/.local/lib/python3.12/site-packages/airflow/example_dags/example_sensors.py
[2024-06-03T10:00:41.848+0000] {logging_mixin.py:188} INFO - [2024-06-03T10:00:41.847+0000] {dag.py:3096} INFO - Sync 1 DAGs
[2024-06-03T10:00:41.890+0000] {logging_mixin.py:188} INFO - [2024-06-03T10:00:41.890+0000] {dag.py:3954} INFO - Setting next_dagrun for example_sensors to None, run_after=None
[2024-06-03T10:00:41.948+0000] {processor.py:183} INFO - Processing /home/airflow/.local/lib/python3.12/site-packages/airflow/example_dags/example_sensors.py took 0.559 seconds
[2024-06-03T10:02:12.057+0000] {processor.py:161} INFO - Started process (PID=1429) to work on /home/airflow/.local/lib/python3.12/site-packages/airflow/example_dags/example_sensors.py
[2024-06-03T10:02:12.075+0000] {processor.py:830} INFO - Processing file /home/airflow/.local/lib/python3.12/site-packages/airflow/example_dags/example_sensors.py for tasks to queue
[2024-06-03T10:02:12.096+0000] {logging_mixin.py:188} INFO - [2024-06-03T10:02:12.095+0000] {dagbag.py:545} INFO - Filling up the DagBag from /home/airflow/.local/lib/python3.12/site-packages/airflow/example_dags/example_sensors.py
[2024-06-03T10:02:12.478+0000] {processor.py:840} INFO - DAG(s) 'example_sensors' retrieved from /home/airflow/.local/lib/python3.12/site-packages/airflow/example_dags/example_sensors.py
[2024-06-03T10:02:13.581+0000] {logging_mixin.py:188} INFO - [2024-06-03T10:02:13.580+0000] {dag.py:3096} INFO - Sync 1 DAGs
[2024-06-03T10:02:13.802+0000] {logging_mixin.py:188} INFO - [2024-06-03T10:02:13.802+0000] {dag.py:3954} INFO - Setting next_dagrun for example_sensors to None, run_after=None
[2024-06-03T10:02:14.123+0000] {processor.py:183} INFO - Processing /home/airflow/.local/lib/python3.12/site-packages/airflow/example_dags/example_sensors.py took 2.628 seconds
[2024-06-03T10:05:10.120+0000] {processor.py:161} INFO - Started process (PID=1770) to work on /home/airflow/.local/lib/python3.12/site-packages/airflow/example_dags/example_sensors.py
[2024-06-03T10:05:10.153+0000] {processor.py:830} INFO - Processing file /home/airflow/.local/lib/python3.12/site-packages/airflow/example_dags/example_sensors.py for tasks to queue
[2024-06-03T10:05:10.169+0000] {logging_mixin.py:188} INFO - [2024-06-03T10:05:10.168+0000] {dagbag.py:545} INFO - Filling up the DagBag from /home/airflow/.local/lib/python3.12/site-packages/airflow/example_dags/example_sensors.py
[2024-06-03T10:05:10.253+0000] {processor.py:840} INFO - DAG(s) 'example_sensors' retrieved from /home/airflow/.local/lib/python3.12/site-packages/airflow/example_dags/example_sensors.py
[2024-06-03T10:05:10.337+0000] {logging_mixin.py:188} INFO - [2024-06-03T10:05:10.336+0000] {dag.py:3096} INFO - Sync 1 DAGs
[2024-06-03T10:05:10.373+0000] {logging_mixin.py:188} INFO - [2024-06-03T10:05:10.370+0000] {dag.py:3954} INFO - Setting next_dagrun for example_sensors to None, run_after=None
[2024-06-03T10:05:10.450+0000] {processor.py:183} INFO - Processing /home/airflow/.local/lib/python3.12/site-packages/airflow/example_dags/example_sensors.py took 0.358 seconds
[2024-06-03T10:05:41.193+0000] {processor.py:161} INFO - Started process (PID=2025) to work on /home/airflow/.local/lib/python3.12/site-packages/airflow/example_dags/example_sensors.py
[2024-06-03T10:05:41.198+0000] {processor.py:830} INFO - Processing file /home/airflow/.local/lib/python3.12/site-packages/airflow/example_dags/example_sensors.py for tasks to queue
[2024-06-03T10:05:41.200+0000] {logging_mixin.py:188} INFO - [2024-06-03T10:05:41.200+0000] {dagbag.py:545} INFO - Filling up the DagBag from /home/airflow/.local/lib/python3.12/site-packages/airflow/example_dags/example_sensors.py
[2024-06-03T10:05:41.275+0000] {processor.py:840} INFO - DAG(s) 'example_sensors' retrieved from /home/airflow/.local/lib/python3.12/site-packages/airflow/example_dags/example_sensors.py
[2024-06-03T10:05:41.431+0000] {logging_mixin.py:188} INFO - [2024-06-03T10:05:41.430+0000] {dag.py:3096} INFO - Sync 1 DAGs
[2024-06-03T10:05:41.521+0000] {logging_mixin.py:188} INFO - [2024-06-03T10:05:41.521+0000] {dag.py:3954} INFO - Setting next_dagrun for example_sensors to None, run_after=None
[2024-06-03T10:05:41.630+0000] {processor.py:183} INFO - Processing /home/airflow/.local/lib/python3.12/site-packages/airflow/example_dags/example_sensors.py took 0.490 seconds
[2024-06-03T10:06:32.290+0000] {processor.py:161} INFO - Started process (PID=2229) to work on /home/airflow/.local/lib/python3.12/site-packages/airflow/example_dags/example_sensors.py
[2024-06-03T10:06:32.310+0000] {processor.py:830} INFO - Processing file /home/airflow/.local/lib/python3.12/site-packages/airflow/example_dags/example_sensors.py for tasks to queue
[2024-06-03T10:06:32.313+0000] {logging_mixin.py:188} INFO - [2024-06-03T10:06:32.312+0000] {dagbag.py:545} INFO - Filling up the DagBag from /home/airflow/.local/lib/python3.12/site-packages/airflow/example_dags/example_sensors.py
[2024-06-03T10:06:32.433+0000] {processor.py:840} INFO - DAG(s) 'example_sensors' retrieved from /home/airflow/.local/lib/python3.12/site-packages/airflow/example_dags/example_sensors.py
[2024-06-03T10:06:33.194+0000] {logging_mixin.py:188} INFO - [2024-06-03T10:06:33.176+0000] {dag.py:3096} INFO - Sync 1 DAGs
[2024-06-03T10:06:33.336+0000] {logging_mixin.py:188} INFO - [2024-06-03T10:06:33.316+0000] {dag.py:3954} INFO - Setting next_dagrun for example_sensors to None, run_after=None
[2024-06-03T10:06:34.055+0000] {processor.py:183} INFO - Processing /home/airflow/.local/lib/python3.12/site-packages/airflow/example_dags/example_sensors.py took 1.883 seconds
[2024-06-03T10:22:30.657+0000] {processor.py:161} INFO - Started process (PID=288) to work on /home/airflow/.local/lib/python3.12/site-packages/airflow/example_dags/example_sensors.py
[2024-06-03T10:22:30.658+0000] {processor.py:830} INFO - Processing file /home/airflow/.local/lib/python3.12/site-packages/airflow/example_dags/example_sensors.py for tasks to queue
[2024-06-03T10:22:30.660+0000] {logging_mixin.py:188} INFO - [2024-06-03T10:22:30.660+0000] {dagbag.py:545} INFO - Filling up the DagBag from /home/airflow/.local/lib/python3.12/site-packages/airflow/example_dags/example_sensors.py
[2024-06-03T10:22:30.677+0000] {processor.py:840} INFO - DAG(s) 'example_sensors' retrieved from /home/airflow/.local/lib/python3.12/site-packages/airflow/example_dags/example_sensors.py
[2024-06-03T10:22:30.881+0000] {logging_mixin.py:188} INFO - [2024-06-03T10:22:30.880+0000] {dag.py:3096} INFO - Sync 1 DAGs
[2024-06-03T10:22:30.897+0000] {logging_mixin.py:188} INFO - [2024-06-03T10:22:30.896+0000] {dag.py:3954} INFO - Setting next_dagrun for example_sensors to None, run_after=None
[2024-06-03T10:22:30.925+0000] {processor.py:183} INFO - Processing /home/airflow/.local/lib/python3.12/site-packages/airflow/example_dags/example_sensors.py took 0.274 seconds
[2024-06-03T10:23:01.364+0000] {processor.py:161} INFO - Started process (PID=544) to work on /home/airflow/.local/lib/python3.12/site-packages/airflow/example_dags/example_sensors.py
[2024-06-03T10:23:01.365+0000] {processor.py:830} INFO - Processing file /home/airflow/.local/lib/python3.12/site-packages/airflow/example_dags/example_sensors.py for tasks to queue
[2024-06-03T10:23:01.366+0000] {logging_mixin.py:188} INFO - [2024-06-03T10:23:01.366+0000] {dagbag.py:545} INFO - Filling up the DagBag from /home/airflow/.local/lib/python3.12/site-packages/airflow/example_dags/example_sensors.py
[2024-06-03T10:23:01.380+0000] {processor.py:840} INFO - DAG(s) 'example_sensors' retrieved from /home/airflow/.local/lib/python3.12/site-packages/airflow/example_dags/example_sensors.py
[2024-06-03T10:23:01.417+0000] {logging_mixin.py:188} INFO - [2024-06-03T10:23:01.417+0000] {dag.py:3096} INFO - Sync 1 DAGs
[2024-06-03T10:23:01.439+0000] {logging_mixin.py:188} INFO - [2024-06-03T10:23:01.438+0000] {dag.py:3954} INFO - Setting next_dagrun for example_sensors to None, run_after=None
[2024-06-03T10:23:01.465+0000] {processor.py:183} INFO - Processing /home/airflow/.local/lib/python3.12/site-packages/airflow/example_dags/example_sensors.py took 0.108 seconds
[2024-06-03T10:23:31.943+0000] {processor.py:161} INFO - Started process (PID=802) to work on /home/airflow/.local/lib/python3.12/site-packages/airflow/example_dags/example_sensors.py
[2024-06-03T10:23:31.944+0000] {processor.py:830} INFO - Processing file /home/airflow/.local/lib/python3.12/site-packages/airflow/example_dags/example_sensors.py for tasks to queue
[2024-06-03T10:23:31.946+0000] {logging_mixin.py:188} INFO - [2024-06-03T10:23:31.946+0000] {dagbag.py:545} INFO - Filling up the DagBag from /home/airflow/.local/lib/python3.12/site-packages/airflow/example_dags/example_sensors.py
[2024-06-03T10:23:31.957+0000] {processor.py:840} INFO - DAG(s) 'example_sensors' retrieved from /home/airflow/.local/lib/python3.12/site-packages/airflow/example_dags/example_sensors.py
[2024-06-03T10:23:31.993+0000] {logging_mixin.py:188} INFO - [2024-06-03T10:23:31.993+0000] {dag.py:3096} INFO - Sync 1 DAGs
[2024-06-03T10:23:32.010+0000] {logging_mixin.py:188} INFO - [2024-06-03T10:23:32.010+0000] {dag.py:3954} INFO - Setting next_dagrun for example_sensors to None, run_after=None
[2024-06-03T10:23:32.034+0000] {processor.py:183} INFO - Processing /home/airflow/.local/lib/python3.12/site-packages/airflow/example_dags/example_sensors.py took 0.097 seconds
[2024-06-03T10:24:02.509+0000] {processor.py:161} INFO - Started process (PID=1056) to work on /home/airflow/.local/lib/python3.12/site-packages/airflow/example_dags/example_sensors.py
[2024-06-03T10:24:02.510+0000] {processor.py:830} INFO - Processing file /home/airflow/.local/lib/python3.12/site-packages/airflow/example_dags/example_sensors.py for tasks to queue
[2024-06-03T10:24:02.512+0000] {logging_mixin.py:188} INFO - [2024-06-03T10:24:02.511+0000] {dagbag.py:545} INFO - Filling up the DagBag from /home/airflow/.local/lib/python3.12/site-packages/airflow/example_dags/example_sensors.py
[2024-06-03T10:24:02.526+0000] {processor.py:840} INFO - DAG(s) 'example_sensors' retrieved from /home/airflow/.local/lib/python3.12/site-packages/airflow/example_dags/example_sensors.py
[2024-06-03T10:24:02.564+0000] {logging_mixin.py:188} INFO - [2024-06-03T10:24:02.564+0000] {dag.py:3096} INFO - Sync 1 DAGs
[2024-06-03T10:24:02.584+0000] {logging_mixin.py:188} INFO - [2024-06-03T10:24:02.584+0000] {dag.py:3954} INFO - Setting next_dagrun for example_sensors to None, run_after=None
[2024-06-03T10:24:02.613+0000] {processor.py:183} INFO - Processing /home/airflow/.local/lib/python3.12/site-packages/airflow/example_dags/example_sensors.py took 0.112 seconds
[2024-06-03T10:24:32.989+0000] {processor.py:161} INFO - Started process (PID=1314) to work on /home/airflow/.local/lib/python3.12/site-packages/airflow/example_dags/example_sensors.py
[2024-06-03T10:24:32.990+0000] {processor.py:830} INFO - Processing file /home/airflow/.local/lib/python3.12/site-packages/airflow/example_dags/example_sensors.py for tasks to queue
[2024-06-03T10:24:32.992+0000] {logging_mixin.py:188} INFO - [2024-06-03T10:24:32.992+0000] {dagbag.py:545} INFO - Filling up the DagBag from /home/airflow/.local/lib/python3.12/site-packages/airflow/example_dags/example_sensors.py
[2024-06-03T10:24:33.003+0000] {processor.py:840} INFO - DAG(s) 'example_sensors' retrieved from /home/airflow/.local/lib/python3.12/site-packages/airflow/example_dags/example_sensors.py
[2024-06-03T10:24:33.041+0000] {logging_mixin.py:188} INFO - [2024-06-03T10:24:33.041+0000] {dag.py:3096} INFO - Sync 1 DAGs
[2024-06-03T10:24:33.059+0000] {logging_mixin.py:188} INFO - [2024-06-03T10:24:33.059+0000] {dag.py:3954} INFO - Setting next_dagrun for example_sensors to None, run_after=None
[2024-06-03T10:24:33.085+0000] {processor.py:183} INFO - Processing /home/airflow/.local/lib/python3.12/site-packages/airflow/example_dags/example_sensors.py took 0.102 seconds
[2024-06-03T10:25:03.508+0000] {processor.py:161} INFO - Started process (PID=1570) to work on /home/airflow/.local/lib/python3.12/site-packages/airflow/example_dags/example_sensors.py
[2024-06-03T10:25:03.509+0000] {processor.py:830} INFO - Processing file /home/airflow/.local/lib/python3.12/site-packages/airflow/example_dags/example_sensors.py for tasks to queue
[2024-06-03T10:25:03.511+0000] {logging_mixin.py:188} INFO - [2024-06-03T10:25:03.510+0000] {dagbag.py:545} INFO - Filling up the DagBag from /home/airflow/.local/lib/python3.12/site-packages/airflow/example_dags/example_sensors.py
[2024-06-03T10:25:03.522+0000] {processor.py:840} INFO - DAG(s) 'example_sensors' retrieved from /home/airflow/.local/lib/python3.12/site-packages/airflow/example_dags/example_sensors.py
[2024-06-03T10:25:03.556+0000] {logging_mixin.py:188} INFO - [2024-06-03T10:25:03.556+0000] {dag.py:3096} INFO - Sync 1 DAGs
[2024-06-03T10:25:03.574+0000] {logging_mixin.py:188} INFO - [2024-06-03T10:25:03.573+0000] {dag.py:3954} INFO - Setting next_dagrun for example_sensors to None, run_after=None
[2024-06-03T10:25:03.599+0000] {processor.py:183} INFO - Processing /home/airflow/.local/lib/python3.12/site-packages/airflow/example_dags/example_sensors.py took 0.097 seconds
[2024-06-03T10:25:33.908+0000] {processor.py:161} INFO - Started process (PID=1824) to work on /home/airflow/.local/lib/python3.12/site-packages/airflow/example_dags/example_sensors.py
[2024-06-03T10:25:33.910+0000] {processor.py:830} INFO - Processing file /home/airflow/.local/lib/python3.12/site-packages/airflow/example_dags/example_sensors.py for tasks to queue
[2024-06-03T10:25:33.911+0000] {logging_mixin.py:188} INFO - [2024-06-03T10:25:33.911+0000] {dagbag.py:545} INFO - Filling up the DagBag from /home/airflow/.local/lib/python3.12/site-packages/airflow/example_dags/example_sensors.py
[2024-06-03T10:25:33.923+0000] {processor.py:840} INFO - DAG(s) 'example_sensors' retrieved from /home/airflow/.local/lib/python3.12/site-packages/airflow/example_dags/example_sensors.py
[2024-06-03T10:25:33.966+0000] {logging_mixin.py:188} INFO - [2024-06-03T10:25:33.965+0000] {dag.py:3096} INFO - Sync 1 DAGs
[2024-06-03T10:25:33.987+0000] {logging_mixin.py:188} INFO - [2024-06-03T10:25:33.987+0000] {dag.py:3954} INFO - Setting next_dagrun for example_sensors to None, run_after=None
[2024-06-03T10:25:34.013+0000] {processor.py:183} INFO - Processing /home/airflow/.local/lib/python3.12/site-packages/airflow/example_dags/example_sensors.py took 0.112 seconds
[2024-06-03T10:26:04.431+0000] {processor.py:161} INFO - Started process (PID=2082) to work on /home/airflow/.local/lib/python3.12/site-packages/airflow/example_dags/example_sensors.py
[2024-06-03T10:26:04.432+0000] {processor.py:830} INFO - Processing file /home/airflow/.local/lib/python3.12/site-packages/airflow/example_dags/example_sensors.py for tasks to queue
[2024-06-03T10:26:04.434+0000] {logging_mixin.py:188} INFO - [2024-06-03T10:26:04.433+0000] {dagbag.py:545} INFO - Filling up the DagBag from /home/airflow/.local/lib/python3.12/site-packages/airflow/example_dags/example_sensors.py
[2024-06-03T10:26:04.445+0000] {processor.py:840} INFO - DAG(s) 'example_sensors' retrieved from /home/airflow/.local/lib/python3.12/site-packages/airflow/example_dags/example_sensors.py
[2024-06-03T10:26:04.480+0000] {logging_mixin.py:188} INFO - [2024-06-03T10:26:04.480+0000] {dag.py:3096} INFO - Sync 1 DAGs
[2024-06-03T10:26:04.501+0000] {logging_mixin.py:188} INFO - [2024-06-03T10:26:04.500+0000] {dag.py:3954} INFO - Setting next_dagrun for example_sensors to None, run_after=None
[2024-06-03T10:26:04.525+0000] {processor.py:183} INFO - Processing /home/airflow/.local/lib/python3.12/site-packages/airflow/example_dags/example_sensors.py took 0.101 seconds
[2024-06-03T10:26:34.776+0000] {processor.py:161} INFO - Started process (PID=2338) to work on /home/airflow/.local/lib/python3.12/site-packages/airflow/example_dags/example_sensors.py
[2024-06-03T10:26:34.776+0000] {processor.py:830} INFO - Processing file /home/airflow/.local/lib/python3.12/site-packages/airflow/example_dags/example_sensors.py for tasks to queue
[2024-06-03T10:26:34.778+0000] {logging_mixin.py:188} INFO - [2024-06-03T10:26:34.778+0000] {dagbag.py:545} INFO - Filling up the DagBag from /home/airflow/.local/lib/python3.12/site-packages/airflow/example_dags/example_sensors.py
[2024-06-03T10:26:34.789+0000] {processor.py:840} INFO - DAG(s) 'example_sensors' retrieved from /home/airflow/.local/lib/python3.12/site-packages/airflow/example_dags/example_sensors.py
[2024-06-03T10:26:34.833+0000] {logging_mixin.py:188} INFO - [2024-06-03T10:26:34.832+0000] {dag.py:3096} INFO - Sync 1 DAGs
[2024-06-03T10:26:34.854+0000] {logging_mixin.py:188} INFO - [2024-06-03T10:26:34.853+0000] {dag.py:3954} INFO - Setting next_dagrun for example_sensors to None, run_after=None
[2024-06-03T10:26:34.882+0000] {processor.py:183} INFO - Processing /home/airflow/.local/lib/python3.12/site-packages/airflow/example_dags/example_sensors.py took 0.114 seconds
[2024-06-03T10:27:05.210+0000] {processor.py:161} INFO - Started process (PID=2594) to work on /home/airflow/.local/lib/python3.12/site-packages/airflow/example_dags/example_sensors.py
[2024-06-03T10:27:05.211+0000] {processor.py:830} INFO - Processing file /home/airflow/.local/lib/python3.12/site-packages/airflow/example_dags/example_sensors.py for tasks to queue
[2024-06-03T10:27:05.213+0000] {logging_mixin.py:188} INFO - [2024-06-03T10:27:05.212+0000] {dagbag.py:545} INFO - Filling up the DagBag from /home/airflow/.local/lib/python3.12/site-packages/airflow/example_dags/example_sensors.py
[2024-06-03T10:27:05.224+0000] {processor.py:840} INFO - DAG(s) 'example_sensors' retrieved from /home/airflow/.local/lib/python3.12/site-packages/airflow/example_dags/example_sensors.py
[2024-06-03T10:27:05.259+0000] {logging_mixin.py:188} INFO - [2024-06-03T10:27:05.258+0000] {dag.py:3096} INFO - Sync 1 DAGs
[2024-06-03T10:27:05.276+0000] {logging_mixin.py:188} INFO - [2024-06-03T10:27:05.276+0000] {dag.py:3954} INFO - Setting next_dagrun for example_sensors to None, run_after=None
[2024-06-03T10:27:05.298+0000] {processor.py:183} INFO - Processing /home/airflow/.local/lib/python3.12/site-packages/airflow/example_dags/example_sensors.py took 0.094 seconds
[2024-06-03T10:27:35.554+0000] {processor.py:161} INFO - Started process (PID=2850) to work on /home/airflow/.local/lib/python3.12/site-packages/airflow/example_dags/example_sensors.py
[2024-06-03T10:27:35.555+0000] {processor.py:830} INFO - Processing file /home/airflow/.local/lib/python3.12/site-packages/airflow/example_dags/example_sensors.py for tasks to queue
[2024-06-03T10:27:35.556+0000] {logging_mixin.py:188} INFO - [2024-06-03T10:27:35.556+0000] {dagbag.py:545} INFO - Filling up the DagBag from /home/airflow/.local/lib/python3.12/site-packages/airflow/example_dags/example_sensors.py
[2024-06-03T10:27:35.568+0000] {processor.py:840} INFO - DAG(s) 'example_sensors' retrieved from /home/airflow/.local/lib/python3.12/site-packages/airflow/example_dags/example_sensors.py
[2024-06-03T10:27:35.604+0000] {logging_mixin.py:188} INFO - [2024-06-03T10:27:35.604+0000] {dag.py:3096} INFO - Sync 1 DAGs
[2024-06-03T10:27:35.622+0000] {logging_mixin.py:188} INFO - [2024-06-03T10:27:35.622+0000] {dag.py:3954} INFO - Setting next_dagrun for example_sensors to None, run_after=None
[2024-06-03T10:27:35.649+0000] {processor.py:183} INFO - Processing /home/airflow/.local/lib/python3.12/site-packages/airflow/example_dags/example_sensors.py took 0.102 seconds
[2024-06-03T10:28:05.749+0000] {processor.py:161} INFO - Started process (PID=3104) to work on /home/airflow/.local/lib/python3.12/site-packages/airflow/example_dags/example_sensors.py
[2024-06-03T10:28:05.750+0000] {processor.py:830} INFO - Processing file /home/airflow/.local/lib/python3.12/site-packages/airflow/example_dags/example_sensors.py for tasks to queue
[2024-06-03T10:28:05.752+0000] {logging_mixin.py:188} INFO - [2024-06-03T10:28:05.752+0000] {dagbag.py:545} INFO - Filling up the DagBag from /home/airflow/.local/lib/python3.12/site-packages/airflow/example_dags/example_sensors.py
[2024-06-03T10:28:05.764+0000] {processor.py:840} INFO - DAG(s) 'example_sensors' retrieved from /home/airflow/.local/lib/python3.12/site-packages/airflow/example_dags/example_sensors.py
[2024-06-03T10:28:05.801+0000] {logging_mixin.py:188} INFO - [2024-06-03T10:28:05.800+0000] {dag.py:3096} INFO - Sync 1 DAGs
[2024-06-03T10:28:05.820+0000] {logging_mixin.py:188} INFO - [2024-06-03T10:28:05.820+0000] {dag.py:3954} INFO - Setting next_dagrun for example_sensors to None, run_after=None
[2024-06-03T10:28:05.845+0000] {processor.py:183} INFO - Processing /home/airflow/.local/lib/python3.12/site-packages/airflow/example_dags/example_sensors.py took 0.102 seconds
[2024-06-03T10:28:35.941+0000] {processor.py:161} INFO - Started process (PID=3360) to work on /home/airflow/.local/lib/python3.12/site-packages/airflow/example_dags/example_sensors.py
[2024-06-03T10:28:35.942+0000] {processor.py:830} INFO - Processing file /home/airflow/.local/lib/python3.12/site-packages/airflow/example_dags/example_sensors.py for tasks to queue
[2024-06-03T10:28:35.944+0000] {logging_mixin.py:188} INFO - [2024-06-03T10:28:35.944+0000] {dagbag.py:545} INFO - Filling up the DagBag from /home/airflow/.local/lib/python3.12/site-packages/airflow/example_dags/example_sensors.py
[2024-06-03T10:28:35.956+0000] {processor.py:840} INFO - DAG(s) 'example_sensors' retrieved from /home/airflow/.local/lib/python3.12/site-packages/airflow/example_dags/example_sensors.py
[2024-06-03T10:28:35.997+0000] {logging_mixin.py:188} INFO - [2024-06-03T10:28:35.997+0000] {dag.py:3096} INFO - Sync 1 DAGs
[2024-06-03T10:28:36.016+0000] {logging_mixin.py:188} INFO - [2024-06-03T10:28:36.016+0000] {dag.py:3954} INFO - Setting next_dagrun for example_sensors to None, run_after=None
[2024-06-03T10:28:36.042+0000] {processor.py:183} INFO - Processing /home/airflow/.local/lib/python3.12/site-packages/airflow/example_dags/example_sensors.py took 0.107 seconds
[2024-06-03T10:29:06.379+0000] {processor.py:161} INFO - Started process (PID=3618) to work on /home/airflow/.local/lib/python3.12/site-packages/airflow/example_dags/example_sensors.py
[2024-06-03T10:29:06.379+0000] {processor.py:830} INFO - Processing file /home/airflow/.local/lib/python3.12/site-packages/airflow/example_dags/example_sensors.py for tasks to queue
[2024-06-03T10:29:06.381+0000] {logging_mixin.py:188} INFO - [2024-06-03T10:29:06.381+0000] {dagbag.py:545} INFO - Filling up the DagBag from /home/airflow/.local/lib/python3.12/site-packages/airflow/example_dags/example_sensors.py
[2024-06-03T10:29:06.392+0000] {processor.py:840} INFO - DAG(s) 'example_sensors' retrieved from /home/airflow/.local/lib/python3.12/site-packages/airflow/example_dags/example_sensors.py
[2024-06-03T10:29:06.430+0000] {logging_mixin.py:188} INFO - [2024-06-03T10:29:06.430+0000] {dag.py:3096} INFO - Sync 1 DAGs
[2024-06-03T10:29:06.449+0000] {logging_mixin.py:188} INFO - [2024-06-03T10:29:06.448+0000] {dag.py:3954} INFO - Setting next_dagrun for example_sensors to None, run_after=None
[2024-06-03T10:29:06.473+0000] {processor.py:183} INFO - Processing /home/airflow/.local/lib/python3.12/site-packages/airflow/example_dags/example_sensors.py took 0.102 seconds
[2024-06-03T10:29:36.679+0000] {processor.py:161} INFO - Started process (PID=3874) to work on /home/airflow/.local/lib/python3.12/site-packages/airflow/example_dags/example_sensors.py
[2024-06-03T10:29:36.680+0000] {processor.py:830} INFO - Processing file /home/airflow/.local/lib/python3.12/site-packages/airflow/example_dags/example_sensors.py for tasks to queue
[2024-06-03T10:29:36.681+0000] {logging_mixin.py:188} INFO - [2024-06-03T10:29:36.681+0000] {dagbag.py:545} INFO - Filling up the DagBag from /home/airflow/.local/lib/python3.12/site-packages/airflow/example_dags/example_sensors.py
[2024-06-03T10:29:36.693+0000] {processor.py:840} INFO - DAG(s) 'example_sensors' retrieved from /home/airflow/.local/lib/python3.12/site-packages/airflow/example_dags/example_sensors.py
[2024-06-03T10:29:36.736+0000] {logging_mixin.py:188} INFO - [2024-06-03T10:29:36.736+0000] {dag.py:3096} INFO - Sync 1 DAGs
[2024-06-03T10:29:36.757+0000] {logging_mixin.py:188} INFO - [2024-06-03T10:29:36.756+0000] {dag.py:3954} INFO - Setting next_dagrun for example_sensors to None, run_after=None
[2024-06-03T10:29:36.785+0000] {processor.py:183} INFO - Processing /home/airflow/.local/lib/python3.12/site-packages/airflow/example_dags/example_sensors.py took 0.113 seconds
[2024-06-03T10:30:07.703+0000] {processor.py:161} INFO - Started process (PID=4130) to work on /home/airflow/.local/lib/python3.12/site-packages/airflow/example_dags/example_sensors.py
[2024-06-03T10:30:07.704+0000] {processor.py:830} INFO - Processing file /home/airflow/.local/lib/python3.12/site-packages/airflow/example_dags/example_sensors.py for tasks to queue
[2024-06-03T10:30:07.705+0000] {logging_mixin.py:188} INFO - [2024-06-03T10:30:07.705+0000] {dagbag.py:545} INFO - Filling up the DagBag from /home/airflow/.local/lib/python3.12/site-packages/airflow/example_dags/example_sensors.py
[2024-06-03T10:30:07.716+0000] {processor.py:840} INFO - DAG(s) 'example_sensors' retrieved from /home/airflow/.local/lib/python3.12/site-packages/airflow/example_dags/example_sensors.py
[2024-06-03T10:30:07.751+0000] {logging_mixin.py:188} INFO - [2024-06-03T10:30:07.751+0000] {dag.py:3096} INFO - Sync 1 DAGs
[2024-06-03T10:30:07.768+0000] {logging_mixin.py:188} INFO - [2024-06-03T10:30:07.768+0000] {dag.py:3954} INFO - Setting next_dagrun for example_sensors to None, run_after=None
[2024-06-03T10:30:07.790+0000] {processor.py:183} INFO - Processing /home/airflow/.local/lib/python3.12/site-packages/airflow/example_dags/example_sensors.py took 0.094 seconds
[2024-06-03T10:30:37.993+0000] {processor.py:161} INFO - Started process (PID=4384) to work on /home/airflow/.local/lib/python3.12/site-packages/airflow/example_dags/example_sensors.py
[2024-06-03T10:30:37.994+0000] {processor.py:830} INFO - Processing file /home/airflow/.local/lib/python3.12/site-packages/airflow/example_dags/example_sensors.py for tasks to queue
[2024-06-03T10:30:37.996+0000] {logging_mixin.py:188} INFO - [2024-06-03T10:30:37.995+0000] {dagbag.py:545} INFO - Filling up the DagBag from /home/airflow/.local/lib/python3.12/site-packages/airflow/example_dags/example_sensors.py
[2024-06-03T10:30:38.010+0000] {processor.py:840} INFO - DAG(s) 'example_sensors' retrieved from /home/airflow/.local/lib/python3.12/site-packages/airflow/example_dags/example_sensors.py
[2024-06-03T10:30:38.047+0000] {logging_mixin.py:188} INFO - [2024-06-03T10:30:38.046+0000] {dag.py:3096} INFO - Sync 1 DAGs
[2024-06-03T10:30:38.065+0000] {logging_mixin.py:188} INFO - [2024-06-03T10:30:38.065+0000] {dag.py:3954} INFO - Setting next_dagrun for example_sensors to None, run_after=None
[2024-06-03T10:30:38.094+0000] {processor.py:183} INFO - Processing /home/airflow/.local/lib/python3.12/site-packages/airflow/example_dags/example_sensors.py took 0.110 seconds
[2024-06-03T10:31:08.385+0000] {processor.py:161} INFO - Started process (PID=4642) to work on /home/airflow/.local/lib/python3.12/site-packages/airflow/example_dags/example_sensors.py
[2024-06-03T10:31:08.386+0000] {processor.py:830} INFO - Processing file /home/airflow/.local/lib/python3.12/site-packages/airflow/example_dags/example_sensors.py for tasks to queue
[2024-06-03T10:31:08.387+0000] {logging_mixin.py:188} INFO - [2024-06-03T10:31:08.387+0000] {dagbag.py:545} INFO - Filling up the DagBag from /home/airflow/.local/lib/python3.12/site-packages/airflow/example_dags/example_sensors.py
[2024-06-03T10:31:08.399+0000] {processor.py:840} INFO - DAG(s) 'example_sensors' retrieved from /home/airflow/.local/lib/python3.12/site-packages/airflow/example_dags/example_sensors.py
[2024-06-03T10:31:08.436+0000] {logging_mixin.py:188} INFO - [2024-06-03T10:31:08.436+0000] {dag.py:3096} INFO - Sync 1 DAGs
[2024-06-03T10:31:08.455+0000] {logging_mixin.py:188} INFO - [2024-06-03T10:31:08.455+0000] {dag.py:3954} INFO - Setting next_dagrun for example_sensors to None, run_after=None
[2024-06-03T10:31:08.484+0000] {processor.py:183} INFO - Processing /home/airflow/.local/lib/python3.12/site-packages/airflow/example_dags/example_sensors.py took 0.106 seconds
[2024-06-03T10:31:38.642+0000] {processor.py:161} INFO - Started process (PID=4896) to work on /home/airflow/.local/lib/python3.12/site-packages/airflow/example_dags/example_sensors.py
[2024-06-03T10:31:38.643+0000] {processor.py:830} INFO - Processing file /home/airflow/.local/lib/python3.12/site-packages/airflow/example_dags/example_sensors.py for tasks to queue
[2024-06-03T10:31:38.645+0000] {logging_mixin.py:188} INFO - [2024-06-03T10:31:38.644+0000] {dagbag.py:545} INFO - Filling up the DagBag from /home/airflow/.local/lib/python3.12/site-packages/airflow/example_dags/example_sensors.py
[2024-06-03T10:31:38.659+0000] {processor.py:840} INFO - DAG(s) 'example_sensors' retrieved from /home/airflow/.local/lib/python3.12/site-packages/airflow/example_dags/example_sensors.py
[2024-06-03T10:31:38.706+0000] {logging_mixin.py:188} INFO - [2024-06-03T10:31:38.705+0000] {dag.py:3096} INFO - Sync 1 DAGs
[2024-06-03T10:31:38.727+0000] {logging_mixin.py:188} INFO - [2024-06-03T10:31:38.727+0000] {dag.py:3954} INFO - Setting next_dagrun for example_sensors to None, run_after=None
[2024-06-03T10:31:38.757+0000] {processor.py:183} INFO - Processing /home/airflow/.local/lib/python3.12/site-packages/airflow/example_dags/example_sensors.py took 0.122 seconds
[2024-06-03T10:32:08.840+0000] {processor.py:161} INFO - Started process (PID=5152) to work on /home/airflow/.local/lib/python3.12/site-packages/airflow/example_dags/example_sensors.py
[2024-06-03T10:32:08.841+0000] {processor.py:830} INFO - Processing file /home/airflow/.local/lib/python3.12/site-packages/airflow/example_dags/example_sensors.py for tasks to queue
[2024-06-03T10:32:08.842+0000] {logging_mixin.py:188} INFO - [2024-06-03T10:32:08.842+0000] {dagbag.py:545} INFO - Filling up the DagBag from /home/airflow/.local/lib/python3.12/site-packages/airflow/example_dags/example_sensors.py
[2024-06-03T10:32:08.854+0000] {processor.py:840} INFO - DAG(s) 'example_sensors' retrieved from /home/airflow/.local/lib/python3.12/site-packages/airflow/example_dags/example_sensors.py
[2024-06-03T10:32:08.897+0000] {logging_mixin.py:188} INFO - [2024-06-03T10:32:08.896+0000] {dag.py:3096} INFO - Sync 1 DAGs
[2024-06-03T10:32:08.917+0000] {logging_mixin.py:188} INFO - [2024-06-03T10:32:08.917+0000] {dag.py:3954} INFO - Setting next_dagrun for example_sensors to None, run_after=None
[2024-06-03T10:32:08.947+0000] {processor.py:183} INFO - Processing /home/airflow/.local/lib/python3.12/site-packages/airflow/example_dags/example_sensors.py took 0.114 seconds
[2024-06-03T10:32:39.083+0000] {processor.py:161} INFO - Started process (PID=5405) to work on /home/airflow/.local/lib/python3.12/site-packages/airflow/example_dags/example_sensors.py
[2024-06-03T10:32:39.084+0000] {processor.py:830} INFO - Processing file /home/airflow/.local/lib/python3.12/site-packages/airflow/example_dags/example_sensors.py for tasks to queue
[2024-06-03T10:32:39.085+0000] {logging_mixin.py:188} INFO - [2024-06-03T10:32:39.085+0000] {dagbag.py:545} INFO - Filling up the DagBag from /home/airflow/.local/lib/python3.12/site-packages/airflow/example_dags/example_sensors.py
[2024-06-03T10:32:39.096+0000] {processor.py:840} INFO - DAG(s) 'example_sensors' retrieved from /home/airflow/.local/lib/python3.12/site-packages/airflow/example_dags/example_sensors.py
[2024-06-03T10:32:39.131+0000] {logging_mixin.py:188} INFO - [2024-06-03T10:32:39.130+0000] {dag.py:3096} INFO - Sync 1 DAGs
[2024-06-03T10:32:39.148+0000] {logging_mixin.py:188} INFO - [2024-06-03T10:32:39.147+0000] {dag.py:3954} INFO - Setting next_dagrun for example_sensors to None, run_after=None
[2024-06-03T10:32:39.169+0000] {processor.py:183} INFO - Processing /home/airflow/.local/lib/python3.12/site-packages/airflow/example_dags/example_sensors.py took 0.093 seconds
[2024-06-03T10:33:09.364+0000] {processor.py:161} INFO - Started process (PID=5661) to work on /home/airflow/.local/lib/python3.12/site-packages/airflow/example_dags/example_sensors.py
[2024-06-03T10:33:09.364+0000] {processor.py:830} INFO - Processing file /home/airflow/.local/lib/python3.12/site-packages/airflow/example_dags/example_sensors.py for tasks to queue
[2024-06-03T10:33:09.366+0000] {logging_mixin.py:188} INFO - [2024-06-03T10:33:09.366+0000] {dagbag.py:545} INFO - Filling up the DagBag from /home/airflow/.local/lib/python3.12/site-packages/airflow/example_dags/example_sensors.py
[2024-06-03T10:33:09.378+0000] {processor.py:840} INFO - DAG(s) 'example_sensors' retrieved from /home/airflow/.local/lib/python3.12/site-packages/airflow/example_dags/example_sensors.py
[2024-06-03T10:33:09.414+0000] {logging_mixin.py:188} INFO - [2024-06-03T10:33:09.413+0000] {dag.py:3096} INFO - Sync 1 DAGs
[2024-06-03T10:33:09.431+0000] {logging_mixin.py:188} INFO - [2024-06-03T10:33:09.431+0000] {dag.py:3954} INFO - Setting next_dagrun for example_sensors to None, run_after=None
[2024-06-03T10:33:09.455+0000] {processor.py:183} INFO - Processing /home/airflow/.local/lib/python3.12/site-packages/airflow/example_dags/example_sensors.py took 0.098 seconds
[2024-06-03T10:33:39.608+0000] {processor.py:161} INFO - Started process (PID=5915) to work on /home/airflow/.local/lib/python3.12/site-packages/airflow/example_dags/example_sensors.py
[2024-06-03T10:33:39.609+0000] {processor.py:830} INFO - Processing file /home/airflow/.local/lib/python3.12/site-packages/airflow/example_dags/example_sensors.py for tasks to queue
[2024-06-03T10:33:39.611+0000] {logging_mixin.py:188} INFO - [2024-06-03T10:33:39.611+0000] {dagbag.py:545} INFO - Filling up the DagBag from /home/airflow/.local/lib/python3.12/site-packages/airflow/example_dags/example_sensors.py
[2024-06-03T10:33:39.623+0000] {processor.py:840} INFO - DAG(s) 'example_sensors' retrieved from /home/airflow/.local/lib/python3.12/site-packages/airflow/example_dags/example_sensors.py
[2024-06-03T10:33:39.667+0000] {logging_mixin.py:188} INFO - [2024-06-03T10:33:39.667+0000] {dag.py:3096} INFO - Sync 1 DAGs
[2024-06-03T10:33:39.688+0000] {logging_mixin.py:188} INFO - [2024-06-03T10:33:39.688+0000] {dag.py:3954} INFO - Setting next_dagrun for example_sensors to None, run_after=None
[2024-06-03T10:33:39.713+0000] {processor.py:183} INFO - Processing /home/airflow/.local/lib/python3.12/site-packages/airflow/example_dags/example_sensors.py took 0.112 seconds
[2024-06-03T10:34:10.607+0000] {processor.py:161} INFO - Started process (PID=6173) to work on /home/airflow/.local/lib/python3.12/site-packages/airflow/example_dags/example_sensors.py
[2024-06-03T10:34:10.608+0000] {processor.py:830} INFO - Processing file /home/airflow/.local/lib/python3.12/site-packages/airflow/example_dags/example_sensors.py for tasks to queue
[2024-06-03T10:34:10.610+0000] {logging_mixin.py:188} INFO - [2024-06-03T10:34:10.609+0000] {dagbag.py:545} INFO - Filling up the DagBag from /home/airflow/.local/lib/python3.12/site-packages/airflow/example_dags/example_sensors.py
[2024-06-03T10:34:10.621+0000] {processor.py:840} INFO - DAG(s) 'example_sensors' retrieved from /home/airflow/.local/lib/python3.12/site-packages/airflow/example_dags/example_sensors.py
[2024-06-03T10:34:10.658+0000] {logging_mixin.py:188} INFO - [2024-06-03T10:34:10.657+0000] {dag.py:3096} INFO - Sync 1 DAGs
[2024-06-03T10:34:10.675+0000] {logging_mixin.py:188} INFO - [2024-06-03T10:34:10.674+0000] {dag.py:3954} INFO - Setting next_dagrun for example_sensors to None, run_after=None
[2024-06-03T10:34:10.699+0000] {processor.py:183} INFO - Processing /home/airflow/.local/lib/python3.12/site-packages/airflow/example_dags/example_sensors.py took 0.099 seconds
[2024-06-03T10:34:41.242+0000] {processor.py:161} INFO - Started process (PID=6429) to work on /home/airflow/.local/lib/python3.12/site-packages/airflow/example_dags/example_sensors.py
[2024-06-03T10:34:41.243+0000] {processor.py:830} INFO - Processing file /home/airflow/.local/lib/python3.12/site-packages/airflow/example_dags/example_sensors.py for tasks to queue
[2024-06-03T10:34:41.245+0000] {logging_mixin.py:188} INFO - [2024-06-03T10:34:41.245+0000] {dagbag.py:545} INFO - Filling up the DagBag from /home/airflow/.local/lib/python3.12/site-packages/airflow/example_dags/example_sensors.py
[2024-06-03T10:34:41.257+0000] {processor.py:840} INFO - DAG(s) 'example_sensors' retrieved from /home/airflow/.local/lib/python3.12/site-packages/airflow/example_dags/example_sensors.py
[2024-06-03T10:34:41.303+0000] {logging_mixin.py:188} INFO - [2024-06-03T10:34:41.302+0000] {dag.py:3096} INFO - Sync 1 DAGs
[2024-06-03T10:34:41.326+0000] {logging_mixin.py:188} INFO - [2024-06-03T10:34:41.326+0000] {dag.py:3954} INFO - Setting next_dagrun for example_sensors to None, run_after=None
[2024-06-03T10:34:41.356+0000] {processor.py:183} INFO - Processing /home/airflow/.local/lib/python3.12/site-packages/airflow/example_dags/example_sensors.py took 0.121 seconds
[2024-06-03T10:35:11.563+0000] {processor.py:161} INFO - Started process (PID=6685) to work on /home/airflow/.local/lib/python3.12/site-packages/airflow/example_dags/example_sensors.py
[2024-06-03T10:35:11.564+0000] {processor.py:830} INFO - Processing file /home/airflow/.local/lib/python3.12/site-packages/airflow/example_dags/example_sensors.py for tasks to queue
[2024-06-03T10:35:11.566+0000] {logging_mixin.py:188} INFO - [2024-06-03T10:35:11.565+0000] {dagbag.py:545} INFO - Filling up the DagBag from /home/airflow/.local/lib/python3.12/site-packages/airflow/example_dags/example_sensors.py
[2024-06-03T10:35:11.578+0000] {processor.py:840} INFO - DAG(s) 'example_sensors' retrieved from /home/airflow/.local/lib/python3.12/site-packages/airflow/example_dags/example_sensors.py
[2024-06-03T10:35:11.616+0000] {logging_mixin.py:188} INFO - [2024-06-03T10:35:11.615+0000] {dag.py:3096} INFO - Sync 1 DAGs
[2024-06-03T10:35:11.634+0000] {logging_mixin.py:188} INFO - [2024-06-03T10:35:11.633+0000] {dag.py:3954} INFO - Setting next_dagrun for example_sensors to None, run_after=None
[2024-06-03T10:35:11.659+0000] {processor.py:183} INFO - Processing /home/airflow/.local/lib/python3.12/site-packages/airflow/example_dags/example_sensors.py took 0.104 seconds
[2024-06-03T10:35:41.859+0000] {processor.py:161} INFO - Started process (PID=6941) to work on /home/airflow/.local/lib/python3.12/site-packages/airflow/example_dags/example_sensors.py
[2024-06-03T10:35:41.860+0000] {processor.py:830} INFO - Processing file /home/airflow/.local/lib/python3.12/site-packages/airflow/example_dags/example_sensors.py for tasks to queue
[2024-06-03T10:35:41.862+0000] {logging_mixin.py:188} INFO - [2024-06-03T10:35:41.862+0000] {dagbag.py:545} INFO - Filling up the DagBag from /home/airflow/.local/lib/python3.12/site-packages/airflow/example_dags/example_sensors.py
[2024-06-03T10:35:41.877+0000] {processor.py:840} INFO - DAG(s) 'example_sensors' retrieved from /home/airflow/.local/lib/python3.12/site-packages/airflow/example_dags/example_sensors.py
[2024-06-03T10:35:41.921+0000] {logging_mixin.py:188} INFO - [2024-06-03T10:35:41.921+0000] {dag.py:3096} INFO - Sync 1 DAGs
[2024-06-03T10:35:41.942+0000] {logging_mixin.py:188} INFO - [2024-06-03T10:35:41.942+0000] {dag.py:3954} INFO - Setting next_dagrun for example_sensors to None, run_after=None
[2024-06-03T10:35:41.972+0000] {processor.py:183} INFO - Processing /home/airflow/.local/lib/python3.12/site-packages/airflow/example_dags/example_sensors.py took 0.120 seconds
[2024-06-03T10:36:12.030+0000] {processor.py:161} INFO - Started process (PID=7195) to work on /home/airflow/.local/lib/python3.12/site-packages/airflow/example_dags/example_sensors.py
[2024-06-03T10:36:12.031+0000] {processor.py:830} INFO - Processing file /home/airflow/.local/lib/python3.12/site-packages/airflow/example_dags/example_sensors.py for tasks to queue
[2024-06-03T10:36:12.033+0000] {logging_mixin.py:188} INFO - [2024-06-03T10:36:12.033+0000] {dagbag.py:545} INFO - Filling up the DagBag from /home/airflow/.local/lib/python3.12/site-packages/airflow/example_dags/example_sensors.py
[2024-06-03T10:36:12.047+0000] {processor.py:840} INFO - DAG(s) 'example_sensors' retrieved from /home/airflow/.local/lib/python3.12/site-packages/airflow/example_dags/example_sensors.py
[2024-06-03T10:36:12.090+0000] {logging_mixin.py:188} INFO - [2024-06-03T10:36:12.090+0000] {dag.py:3096} INFO - Sync 1 DAGs
[2024-06-03T10:36:12.111+0000] {logging_mixin.py:188} INFO - [2024-06-03T10:36:12.111+0000] {dag.py:3954} INFO - Setting next_dagrun for example_sensors to None, run_after=None
[2024-06-03T10:36:12.137+0000] {processor.py:183} INFO - Processing /home/airflow/.local/lib/python3.12/site-packages/airflow/example_dags/example_sensors.py took 0.113 seconds
[2024-06-03T10:36:42.298+0000] {processor.py:161} INFO - Started process (PID=7453) to work on /home/airflow/.local/lib/python3.12/site-packages/airflow/example_dags/example_sensors.py
[2024-06-03T10:36:42.299+0000] {processor.py:830} INFO - Processing file /home/airflow/.local/lib/python3.12/site-packages/airflow/example_dags/example_sensors.py for tasks to queue
[2024-06-03T10:36:42.300+0000] {logging_mixin.py:188} INFO - [2024-06-03T10:36:42.300+0000] {dagbag.py:545} INFO - Filling up the DagBag from /home/airflow/.local/lib/python3.12/site-packages/airflow/example_dags/example_sensors.py
[2024-06-03T10:36:42.312+0000] {processor.py:840} INFO - DAG(s) 'example_sensors' retrieved from /home/airflow/.local/lib/python3.12/site-packages/airflow/example_dags/example_sensors.py
[2024-06-03T10:36:42.347+0000] {logging_mixin.py:188} INFO - [2024-06-03T10:36:42.347+0000] {dag.py:3096} INFO - Sync 1 DAGs
[2024-06-03T10:36:42.364+0000] {logging_mixin.py:188} INFO - [2024-06-03T10:36:42.364+0000] {dag.py:3954} INFO - Setting next_dagrun for example_sensors to None, run_after=None
[2024-06-03T10:36:42.386+0000] {processor.py:183} INFO - Processing /home/airflow/.local/lib/python3.12/site-packages/airflow/example_dags/example_sensors.py took 0.095 seconds
[2024-06-03T10:37:12.811+0000] {processor.py:161} INFO - Started process (PID=7709) to work on /home/airflow/.local/lib/python3.12/site-packages/airflow/example_dags/example_sensors.py
[2024-06-03T10:37:12.812+0000] {processor.py:830} INFO - Processing file /home/airflow/.local/lib/python3.12/site-packages/airflow/example_dags/example_sensors.py for tasks to queue
[2024-06-03T10:37:12.814+0000] {logging_mixin.py:188} INFO - [2024-06-03T10:37:12.814+0000] {dagbag.py:545} INFO - Filling up the DagBag from /home/airflow/.local/lib/python3.12/site-packages/airflow/example_dags/example_sensors.py
[2024-06-03T10:37:12.826+0000] {processor.py:840} INFO - DAG(s) 'example_sensors' retrieved from /home/airflow/.local/lib/python3.12/site-packages/airflow/example_dags/example_sensors.py
[2024-06-03T10:37:12.862+0000] {logging_mixin.py:188} INFO - [2024-06-03T10:37:12.861+0000] {dag.py:3096} INFO - Sync 1 DAGs
[2024-06-03T10:37:12.879+0000] {logging_mixin.py:188} INFO - [2024-06-03T10:37:12.879+0000] {dag.py:3954} INFO - Setting next_dagrun for example_sensors to None, run_after=None
[2024-06-03T10:37:12.903+0000] {processor.py:183} INFO - Processing /home/airflow/.local/lib/python3.12/site-packages/airflow/example_dags/example_sensors.py took 0.099 seconds
[2024-06-03T10:37:43.364+0000] {processor.py:161} INFO - Started process (PID=7965) to work on /home/airflow/.local/lib/python3.12/site-packages/airflow/example_dags/example_sensors.py
[2024-06-03T10:37:43.364+0000] {processor.py:830} INFO - Processing file /home/airflow/.local/lib/python3.12/site-packages/airflow/example_dags/example_sensors.py for tasks to queue
[2024-06-03T10:37:43.366+0000] {logging_mixin.py:188} INFO - [2024-06-03T10:37:43.366+0000] {dagbag.py:545} INFO - Filling up the DagBag from /home/airflow/.local/lib/python3.12/site-packages/airflow/example_dags/example_sensors.py
[2024-06-03T10:37:43.378+0000] {processor.py:840} INFO - DAG(s) 'example_sensors' retrieved from /home/airflow/.local/lib/python3.12/site-packages/airflow/example_dags/example_sensors.py
[2024-06-03T10:37:43.414+0000] {logging_mixin.py:188} INFO - [2024-06-03T10:37:43.413+0000] {dag.py:3096} INFO - Sync 1 DAGs
[2024-06-03T10:37:43.432+0000] {logging_mixin.py:188} INFO - [2024-06-03T10:37:43.432+0000] {dag.py:3954} INFO - Setting next_dagrun for example_sensors to None, run_after=None
[2024-06-03T10:37:43.456+0000] {processor.py:183} INFO - Processing /home/airflow/.local/lib/python3.12/site-packages/airflow/example_dags/example_sensors.py took 0.100 seconds
[2024-06-03T10:38:13.992+0000] {processor.py:161} INFO - Started process (PID=8221) to work on /home/airflow/.local/lib/python3.12/site-packages/airflow/example_dags/example_sensors.py
[2024-06-03T10:38:13.994+0000] {processor.py:830} INFO - Processing file /home/airflow/.local/lib/python3.12/site-packages/airflow/example_dags/example_sensors.py for tasks to queue
[2024-06-03T10:38:13.995+0000] {logging_mixin.py:188} INFO - [2024-06-03T10:38:13.995+0000] {dagbag.py:545} INFO - Filling up the DagBag from /home/airflow/.local/lib/python3.12/site-packages/airflow/example_dags/example_sensors.py
[2024-06-03T10:38:14.007+0000] {processor.py:840} INFO - DAG(s) 'example_sensors' retrieved from /home/airflow/.local/lib/python3.12/site-packages/airflow/example_dags/example_sensors.py
[2024-06-03T10:38:14.042+0000] {logging_mixin.py:188} INFO - [2024-06-03T10:38:14.041+0000] {dag.py:3096} INFO - Sync 1 DAGs
[2024-06-03T10:38:14.058+0000] {logging_mixin.py:188} INFO - [2024-06-03T10:38:14.058+0000] {dag.py:3954} INFO - Setting next_dagrun for example_sensors to None, run_after=None
[2024-06-03T10:38:14.080+0000] {processor.py:183} INFO - Processing /home/airflow/.local/lib/python3.12/site-packages/airflow/example_dags/example_sensors.py took 0.095 seconds
[2024-06-03T10:38:44.294+0000] {processor.py:161} INFO - Started process (PID=8475) to work on /home/airflow/.local/lib/python3.12/site-packages/airflow/example_dags/example_sensors.py
[2024-06-03T10:38:44.295+0000] {processor.py:830} INFO - Processing file /home/airflow/.local/lib/python3.12/site-packages/airflow/example_dags/example_sensors.py for tasks to queue
[2024-06-03T10:38:44.297+0000] {logging_mixin.py:188} INFO - [2024-06-03T10:38:44.296+0000] {dagbag.py:545} INFO - Filling up the DagBag from /home/airflow/.local/lib/python3.12/site-packages/airflow/example_dags/example_sensors.py
[2024-06-03T10:38:44.309+0000] {processor.py:840} INFO - DAG(s) 'example_sensors' retrieved from /home/airflow/.local/lib/python3.12/site-packages/airflow/example_dags/example_sensors.py
[2024-06-03T10:38:44.344+0000] {logging_mixin.py:188} INFO - [2024-06-03T10:38:44.344+0000] {dag.py:3096} INFO - Sync 1 DAGs
[2024-06-03T10:38:44.362+0000] {logging_mixin.py:188} INFO - [2024-06-03T10:38:44.362+0000] {dag.py:3954} INFO - Setting next_dagrun for example_sensors to None, run_after=None
[2024-06-03T10:38:44.392+0000] {processor.py:183} INFO - Processing /home/airflow/.local/lib/python3.12/site-packages/airflow/example_dags/example_sensors.py took 0.104 seconds
[2024-06-03T10:39:15.267+0000] {processor.py:161} INFO - Started process (PID=8731) to work on /home/airflow/.local/lib/python3.12/site-packages/airflow/example_dags/example_sensors.py
[2024-06-03T10:39:15.268+0000] {processor.py:830} INFO - Processing file /home/airflow/.local/lib/python3.12/site-packages/airflow/example_dags/example_sensors.py for tasks to queue
[2024-06-03T10:39:15.269+0000] {logging_mixin.py:188} INFO - [2024-06-03T10:39:15.269+0000] {dagbag.py:545} INFO - Filling up the DagBag from /home/airflow/.local/lib/python3.12/site-packages/airflow/example_dags/example_sensors.py
[2024-06-03T10:39:15.283+0000] {processor.py:840} INFO - DAG(s) 'example_sensors' retrieved from /home/airflow/.local/lib/python3.12/site-packages/airflow/example_dags/example_sensors.py
[2024-06-03T10:39:15.326+0000] {logging_mixin.py:188} INFO - [2024-06-03T10:39:15.326+0000] {dag.py:3096} INFO - Sync 1 DAGs
[2024-06-03T10:39:15.347+0000] {logging_mixin.py:188} INFO - [2024-06-03T10:39:15.347+0000] {dag.py:3954} INFO - Setting next_dagrun for example_sensors to None, run_after=None
[2024-06-03T10:39:15.374+0000] {processor.py:183} INFO - Processing /home/airflow/.local/lib/python3.12/site-packages/airflow/example_dags/example_sensors.py took 0.114 seconds
[2024-06-03T10:39:46.271+0000] {processor.py:161} INFO - Started process (PID=8989) to work on /home/airflow/.local/lib/python3.12/site-packages/airflow/example_dags/example_sensors.py
[2024-06-03T10:39:46.272+0000] {processor.py:830} INFO - Processing file /home/airflow/.local/lib/python3.12/site-packages/airflow/example_dags/example_sensors.py for tasks to queue
[2024-06-03T10:39:46.274+0000] {logging_mixin.py:188} INFO - [2024-06-03T10:39:46.274+0000] {dagbag.py:545} INFO - Filling up the DagBag from /home/airflow/.local/lib/python3.12/site-packages/airflow/example_dags/example_sensors.py
[2024-06-03T10:39:46.287+0000] {processor.py:840} INFO - DAG(s) 'example_sensors' retrieved from /home/airflow/.local/lib/python3.12/site-packages/airflow/example_dags/example_sensors.py
[2024-06-03T10:39:46.337+0000] {logging_mixin.py:188} INFO - [2024-06-03T10:39:46.336+0000] {dag.py:3096} INFO - Sync 1 DAGs
[2024-06-03T10:39:46.357+0000] {logging_mixin.py:188} INFO - [2024-06-03T10:39:46.357+0000] {dag.py:3954} INFO - Setting next_dagrun for example_sensors to None, run_after=None
[2024-06-03T10:39:46.383+0000] {processor.py:183} INFO - Processing /home/airflow/.local/lib/python3.12/site-packages/airflow/example_dags/example_sensors.py took 0.119 seconds
[2024-06-03T10:40:16.920+0000] {processor.py:161} INFO - Started process (PID=9245) to work on /home/airflow/.local/lib/python3.12/site-packages/airflow/example_dags/example_sensors.py
[2024-06-03T10:40:16.921+0000] {processor.py:830} INFO - Processing file /home/airflow/.local/lib/python3.12/site-packages/airflow/example_dags/example_sensors.py for tasks to queue
[2024-06-03T10:40:16.923+0000] {logging_mixin.py:188} INFO - [2024-06-03T10:40:16.923+0000] {dagbag.py:545} INFO - Filling up the DagBag from /home/airflow/.local/lib/python3.12/site-packages/airflow/example_dags/example_sensors.py
[2024-06-03T10:40:16.934+0000] {processor.py:840} INFO - DAG(s) 'example_sensors' retrieved from /home/airflow/.local/lib/python3.12/site-packages/airflow/example_dags/example_sensors.py
[2024-06-03T10:40:16.970+0000] {logging_mixin.py:188} INFO - [2024-06-03T10:40:16.970+0000] {dag.py:3096} INFO - Sync 1 DAGs
[2024-06-03T10:40:16.988+0000] {logging_mixin.py:188} INFO - [2024-06-03T10:40:16.988+0000] {dag.py:3954} INFO - Setting next_dagrun for example_sensors to None, run_after=None
[2024-06-03T10:40:17.012+0000] {processor.py:183} INFO - Processing /home/airflow/.local/lib/python3.12/site-packages/airflow/example_dags/example_sensors.py took 0.098 seconds
[2024-06-03T10:40:47.251+0000] {processor.py:161} INFO - Started process (PID=9501) to work on /home/airflow/.local/lib/python3.12/site-packages/airflow/example_dags/example_sensors.py
[2024-06-03T10:40:47.252+0000] {processor.py:830} INFO - Processing file /home/airflow/.local/lib/python3.12/site-packages/airflow/example_dags/example_sensors.py for tasks to queue
[2024-06-03T10:40:47.253+0000] {logging_mixin.py:188} INFO - [2024-06-03T10:40:47.253+0000] {dagbag.py:545} INFO - Filling up the DagBag from /home/airflow/.local/lib/python3.12/site-packages/airflow/example_dags/example_sensors.py
[2024-06-03T10:40:47.265+0000] {processor.py:840} INFO - DAG(s) 'example_sensors' retrieved from /home/airflow/.local/lib/python3.12/site-packages/airflow/example_dags/example_sensors.py
[2024-06-03T10:40:47.308+0000] {logging_mixin.py:188} INFO - [2024-06-03T10:40:47.308+0000] {dag.py:3096} INFO - Sync 1 DAGs
[2024-06-03T10:40:47.330+0000] {logging_mixin.py:188} INFO - [2024-06-03T10:40:47.330+0000] {dag.py:3954} INFO - Setting next_dagrun for example_sensors to None, run_after=None
[2024-06-03T10:40:47.358+0000] {processor.py:183} INFO - Processing /home/airflow/.local/lib/python3.12/site-packages/airflow/example_dags/example_sensors.py took 0.115 seconds
[2024-06-03T10:41:17.917+0000] {processor.py:161} INFO - Started process (PID=9749) to work on /home/airflow/.local/lib/python3.12/site-packages/airflow/example_dags/example_sensors.py
[2024-06-03T10:41:17.918+0000] {processor.py:830} INFO - Processing file /home/airflow/.local/lib/python3.12/site-packages/airflow/example_dags/example_sensors.py for tasks to queue
[2024-06-03T10:41:17.920+0000] {logging_mixin.py:188} INFO - [2024-06-03T10:41:17.919+0000] {dagbag.py:545} INFO - Filling up the DagBag from /home/airflow/.local/lib/python3.12/site-packages/airflow/example_dags/example_sensors.py
[2024-06-03T10:41:17.933+0000] {processor.py:840} INFO - DAG(s) 'example_sensors' retrieved from /home/airflow/.local/lib/python3.12/site-packages/airflow/example_dags/example_sensors.py
[2024-06-03T10:41:17.977+0000] {logging_mixin.py:188} INFO - [2024-06-03T10:41:17.976+0000] {dag.py:3096} INFO - Sync 1 DAGs
[2024-06-03T10:41:17.999+0000] {logging_mixin.py:188} INFO - [2024-06-03T10:41:17.998+0000] {dag.py:3954} INFO - Setting next_dagrun for example_sensors to None, run_after=None
[2024-06-03T10:41:18.025+0000] {processor.py:183} INFO - Processing /home/airflow/.local/lib/python3.12/site-packages/airflow/example_dags/example_sensors.py took 0.115 seconds
[2024-06-03T10:41:48.177+0000] {processor.py:161} INFO - Started process (PID=10005) to work on /home/airflow/.local/lib/python3.12/site-packages/airflow/example_dags/example_sensors.py
[2024-06-03T10:41:48.178+0000] {processor.py:830} INFO - Processing file /home/airflow/.local/lib/python3.12/site-packages/airflow/example_dags/example_sensors.py for tasks to queue
[2024-06-03T10:41:48.180+0000] {logging_mixin.py:188} INFO - [2024-06-03T10:41:48.179+0000] {dagbag.py:545} INFO - Filling up the DagBag from /home/airflow/.local/lib/python3.12/site-packages/airflow/example_dags/example_sensors.py
[2024-06-03T10:41:48.193+0000] {processor.py:840} INFO - DAG(s) 'example_sensors' retrieved from /home/airflow/.local/lib/python3.12/site-packages/airflow/example_dags/example_sensors.py
[2024-06-03T10:41:48.236+0000] {logging_mixin.py:188} INFO - [2024-06-03T10:41:48.235+0000] {dag.py:3096} INFO - Sync 1 DAGs
[2024-06-03T10:41:48.258+0000] {logging_mixin.py:188} INFO - [2024-06-03T10:41:48.257+0000] {dag.py:3954} INFO - Setting next_dagrun for example_sensors to None, run_after=None
[2024-06-03T10:41:48.283+0000] {processor.py:183} INFO - Processing /home/airflow/.local/lib/python3.12/site-packages/airflow/example_dags/example_sensors.py took 0.113 seconds
[2024-06-03T10:42:18.468+0000] {processor.py:161} INFO - Started process (PID=10261) to work on /home/airflow/.local/lib/python3.12/site-packages/airflow/example_dags/example_sensors.py
[2024-06-03T10:42:18.469+0000] {processor.py:830} INFO - Processing file /home/airflow/.local/lib/python3.12/site-packages/airflow/example_dags/example_sensors.py for tasks to queue
[2024-06-03T10:42:18.471+0000] {logging_mixin.py:188} INFO - [2024-06-03T10:42:18.471+0000] {dagbag.py:545} INFO - Filling up the DagBag from /home/airflow/.local/lib/python3.12/site-packages/airflow/example_dags/example_sensors.py
[2024-06-03T10:42:18.484+0000] {processor.py:840} INFO - DAG(s) 'example_sensors' retrieved from /home/airflow/.local/lib/python3.12/site-packages/airflow/example_dags/example_sensors.py
[2024-06-03T10:42:18.521+0000] {logging_mixin.py:188} INFO - [2024-06-03T10:42:18.521+0000] {dag.py:3096} INFO - Sync 1 DAGs
[2024-06-03T10:42:18.541+0000] {logging_mixin.py:188} INFO - [2024-06-03T10:42:18.540+0000] {dag.py:3954} INFO - Setting next_dagrun for example_sensors to None, run_after=None
[2024-06-03T10:42:18.568+0000] {processor.py:183} INFO - Processing /home/airflow/.local/lib/python3.12/site-packages/airflow/example_dags/example_sensors.py took 0.107 seconds
[2024-06-03T10:42:48.642+0000] {processor.py:161} INFO - Started process (PID=10517) to work on /home/airflow/.local/lib/python3.12/site-packages/airflow/example_dags/example_sensors.py
[2024-06-03T10:42:48.643+0000] {processor.py:830} INFO - Processing file /home/airflow/.local/lib/python3.12/site-packages/airflow/example_dags/example_sensors.py for tasks to queue
[2024-06-03T10:42:48.645+0000] {logging_mixin.py:188} INFO - [2024-06-03T10:42:48.644+0000] {dagbag.py:545} INFO - Filling up the DagBag from /home/airflow/.local/lib/python3.12/site-packages/airflow/example_dags/example_sensors.py
[2024-06-03T10:42:48.656+0000] {processor.py:840} INFO - DAG(s) 'example_sensors' retrieved from /home/airflow/.local/lib/python3.12/site-packages/airflow/example_dags/example_sensors.py
[2024-06-03T10:42:48.692+0000] {logging_mixin.py:188} INFO - [2024-06-03T10:42:48.692+0000] {dag.py:3096} INFO - Sync 1 DAGs
[2024-06-03T10:42:48.710+0000] {logging_mixin.py:188} INFO - [2024-06-03T10:42:48.709+0000] {dag.py:3954} INFO - Setting next_dagrun for example_sensors to None, run_after=None
[2024-06-03T10:42:48.738+0000] {processor.py:183} INFO - Processing /home/airflow/.local/lib/python3.12/site-packages/airflow/example_dags/example_sensors.py took 0.103 seconds
[2024-06-03T10:43:18.912+0000] {processor.py:161} INFO - Started process (PID=10773) to work on /home/airflow/.local/lib/python3.12/site-packages/airflow/example_dags/example_sensors.py
[2024-06-03T10:43:18.913+0000] {processor.py:830} INFO - Processing file /home/airflow/.local/lib/python3.12/site-packages/airflow/example_dags/example_sensors.py for tasks to queue
[2024-06-03T10:43:18.914+0000] {logging_mixin.py:188} INFO - [2024-06-03T10:43:18.914+0000] {dagbag.py:545} INFO - Filling up the DagBag from /home/airflow/.local/lib/python3.12/site-packages/airflow/example_dags/example_sensors.py
[2024-06-03T10:43:18.926+0000] {processor.py:840} INFO - DAG(s) 'example_sensors' retrieved from /home/airflow/.local/lib/python3.12/site-packages/airflow/example_dags/example_sensors.py
[2024-06-03T10:43:18.961+0000] {logging_mixin.py:188} INFO - [2024-06-03T10:43:18.961+0000] {dag.py:3096} INFO - Sync 1 DAGs
[2024-06-03T10:43:18.979+0000] {logging_mixin.py:188} INFO - [2024-06-03T10:43:18.979+0000] {dag.py:3954} INFO - Setting next_dagrun for example_sensors to None, run_after=None
[2024-06-03T10:43:19.004+0000] {processor.py:183} INFO - Processing /home/airflow/.local/lib/python3.12/site-packages/airflow/example_dags/example_sensors.py took 0.099 seconds
[2024-06-03T10:43:50.748+0000] {processor.py:161} INFO - Started process (PID=11029) to work on /home/airflow/.local/lib/python3.12/site-packages/airflow/example_dags/example_sensors.py
[2024-06-03T10:43:50.749+0000] {processor.py:830} INFO - Processing file /home/airflow/.local/lib/python3.12/site-packages/airflow/example_dags/example_sensors.py for tasks to queue
[2024-06-03T10:43:50.751+0000] {logging_mixin.py:188} INFO - [2024-06-03T10:43:50.751+0000] {dagbag.py:545} INFO - Filling up the DagBag from /home/airflow/.local/lib/python3.12/site-packages/airflow/example_dags/example_sensors.py
[2024-06-03T10:43:50.763+0000] {processor.py:840} INFO - DAG(s) 'example_sensors' retrieved from /home/airflow/.local/lib/python3.12/site-packages/airflow/example_dags/example_sensors.py
[2024-06-03T10:43:50.937+0000] {logging_mixin.py:188} INFO - [2024-06-03T10:43:50.937+0000] {dag.py:3096} INFO - Sync 1 DAGs
[2024-06-03T10:43:50.954+0000] {logging_mixin.py:188} INFO - [2024-06-03T10:43:50.954+0000] {dag.py:3954} INFO - Setting next_dagrun for example_sensors to None, run_after=None
[2024-06-03T10:43:50.978+0000] {processor.py:183} INFO - Processing /home/airflow/.local/lib/python3.12/site-packages/airflow/example_dags/example_sensors.py took 0.237 seconds
[2024-06-03T10:44:21.548+0000] {processor.py:161} INFO - Started process (PID=11285) to work on /home/airflow/.local/lib/python3.12/site-packages/airflow/example_dags/example_sensors.py
[2024-06-03T10:44:21.548+0000] {processor.py:830} INFO - Processing file /home/airflow/.local/lib/python3.12/site-packages/airflow/example_dags/example_sensors.py for tasks to queue
[2024-06-03T10:44:21.550+0000] {logging_mixin.py:188} INFO - [2024-06-03T10:44:21.550+0000] {dagbag.py:545} INFO - Filling up the DagBag from /home/airflow/.local/lib/python3.12/site-packages/airflow/example_dags/example_sensors.py
[2024-06-03T10:44:21.562+0000] {processor.py:840} INFO - DAG(s) 'example_sensors' retrieved from /home/airflow/.local/lib/python3.12/site-packages/airflow/example_dags/example_sensors.py
[2024-06-03T10:44:21.610+0000] {logging_mixin.py:188} INFO - [2024-06-03T10:44:21.610+0000] {dag.py:3096} INFO - Sync 1 DAGs
[2024-06-03T10:44:21.795+0000] {logging_mixin.py:188} INFO - [2024-06-03T10:44:21.794+0000] {dag.py:3954} INFO - Setting next_dagrun for example_sensors to None, run_after=None
[2024-06-03T10:44:21.820+0000] {processor.py:183} INFO - Processing /home/airflow/.local/lib/python3.12/site-packages/airflow/example_dags/example_sensors.py took 0.280 seconds
[2024-06-03T10:44:52.281+0000] {processor.py:161} INFO - Started process (PID=11541) to work on /home/airflow/.local/lib/python3.12/site-packages/airflow/example_dags/example_sensors.py
[2024-06-03T10:44:52.282+0000] {processor.py:830} INFO - Processing file /home/airflow/.local/lib/python3.12/site-packages/airflow/example_dags/example_sensors.py for tasks to queue
[2024-06-03T10:44:52.283+0000] {logging_mixin.py:188} INFO - [2024-06-03T10:44:52.283+0000] {dagbag.py:545} INFO - Filling up the DagBag from /home/airflow/.local/lib/python3.12/site-packages/airflow/example_dags/example_sensors.py
[2024-06-03T10:44:52.295+0000] {processor.py:840} INFO - DAG(s) 'example_sensors' retrieved from /home/airflow/.local/lib/python3.12/site-packages/airflow/example_dags/example_sensors.py
[2024-06-03T10:44:52.332+0000] {logging_mixin.py:188} INFO - [2024-06-03T10:44:52.332+0000] {dag.py:3096} INFO - Sync 1 DAGs
[2024-06-03T10:44:52.350+0000] {logging_mixin.py:188} INFO - [2024-06-03T10:44:52.350+0000] {dag.py:3954} INFO - Setting next_dagrun for example_sensors to None, run_after=None
[2024-06-03T10:44:52.375+0000] {processor.py:183} INFO - Processing /home/airflow/.local/lib/python3.12/site-packages/airflow/example_dags/example_sensors.py took 0.102 seconds
[2024-06-03T10:45:23.265+0000] {processor.py:161} INFO - Started process (PID=11797) to work on /home/airflow/.local/lib/python3.12/site-packages/airflow/example_dags/example_sensors.py
[2024-06-03T10:45:23.266+0000] {processor.py:830} INFO - Processing file /home/airflow/.local/lib/python3.12/site-packages/airflow/example_dags/example_sensors.py for tasks to queue
[2024-06-03T10:45:23.268+0000] {logging_mixin.py:188} INFO - [2024-06-03T10:45:23.267+0000] {dagbag.py:545} INFO - Filling up the DagBag from /home/airflow/.local/lib/python3.12/site-packages/airflow/example_dags/example_sensors.py
[2024-06-03T10:45:23.279+0000] {processor.py:840} INFO - DAG(s) 'example_sensors' retrieved from /home/airflow/.local/lib/python3.12/site-packages/airflow/example_dags/example_sensors.py
[2024-06-03T10:45:23.316+0000] {logging_mixin.py:188} INFO - [2024-06-03T10:45:23.315+0000] {dag.py:3096} INFO - Sync 1 DAGs
[2024-06-03T10:45:23.336+0000] {logging_mixin.py:188} INFO - [2024-06-03T10:45:23.335+0000] {dag.py:3954} INFO - Setting next_dagrun for example_sensors to None, run_after=None
[2024-06-03T10:45:23.361+0000] {processor.py:183} INFO - Processing /home/airflow/.local/lib/python3.12/site-packages/airflow/example_dags/example_sensors.py took 0.103 seconds
[2024-06-03T10:45:53.929+0000] {processor.py:161} INFO - Started process (PID=12053) to work on /home/airflow/.local/lib/python3.12/site-packages/airflow/example_dags/example_sensors.py
[2024-06-03T10:45:53.930+0000] {processor.py:830} INFO - Processing file /home/airflow/.local/lib/python3.12/site-packages/airflow/example_dags/example_sensors.py for tasks to queue
[2024-06-03T10:45:53.931+0000] {logging_mixin.py:188} INFO - [2024-06-03T10:45:53.931+0000] {dagbag.py:545} INFO - Filling up the DagBag from /home/airflow/.local/lib/python3.12/site-packages/airflow/example_dags/example_sensors.py
[2024-06-03T10:45:53.943+0000] {processor.py:840} INFO - DAG(s) 'example_sensors' retrieved from /home/airflow/.local/lib/python3.12/site-packages/airflow/example_dags/example_sensors.py
[2024-06-03T10:45:53.986+0000] {logging_mixin.py:188} INFO - [2024-06-03T10:45:53.985+0000] {dag.py:3096} INFO - Sync 1 DAGs
[2024-06-03T10:45:54.004+0000] {logging_mixin.py:188} INFO - [2024-06-03T10:45:54.004+0000] {dag.py:3954} INFO - Setting next_dagrun for example_sensors to None, run_after=None
[2024-06-03T10:45:54.029+0000] {processor.py:183} INFO - Processing /home/airflow/.local/lib/python3.12/site-packages/airflow/example_dags/example_sensors.py took 0.107 seconds
[2024-06-03T10:46:24.292+0000] {processor.py:161} INFO - Started process (PID=12309) to work on /home/airflow/.local/lib/python3.12/site-packages/airflow/example_dags/example_sensors.py
[2024-06-03T10:46:24.293+0000] {processor.py:830} INFO - Processing file /home/airflow/.local/lib/python3.12/site-packages/airflow/example_dags/example_sensors.py for tasks to queue
[2024-06-03T10:46:24.294+0000] {logging_mixin.py:188} INFO - [2024-06-03T10:46:24.294+0000] {dagbag.py:545} INFO - Filling up the DagBag from /home/airflow/.local/lib/python3.12/site-packages/airflow/example_dags/example_sensors.py
[2024-06-03T10:46:24.306+0000] {processor.py:840} INFO - DAG(s) 'example_sensors' retrieved from /home/airflow/.local/lib/python3.12/site-packages/airflow/example_dags/example_sensors.py
[2024-06-03T10:46:24.347+0000] {logging_mixin.py:188} INFO - [2024-06-03T10:46:24.346+0000] {dag.py:3096} INFO - Sync 1 DAGs
[2024-06-03T10:46:24.365+0000] {logging_mixin.py:188} INFO - [2024-06-03T10:46:24.365+0000] {dag.py:3954} INFO - Setting next_dagrun for example_sensors to None, run_after=None
[2024-06-03T10:46:24.392+0000] {processor.py:183} INFO - Processing /home/airflow/.local/lib/python3.12/site-packages/airflow/example_dags/example_sensors.py took 0.107 seconds
[2024-06-03T10:46:54.861+0000] {processor.py:161} INFO - Started process (PID=12565) to work on /home/airflow/.local/lib/python3.12/site-packages/airflow/example_dags/example_sensors.py
[2024-06-03T10:46:54.862+0000] {processor.py:830} INFO - Processing file /home/airflow/.local/lib/python3.12/site-packages/airflow/example_dags/example_sensors.py for tasks to queue
[2024-06-03T10:46:54.863+0000] {logging_mixin.py:188} INFO - [2024-06-03T10:46:54.863+0000] {dagbag.py:545} INFO - Filling up the DagBag from /home/airflow/.local/lib/python3.12/site-packages/airflow/example_dags/example_sensors.py
[2024-06-03T10:46:54.875+0000] {processor.py:840} INFO - DAG(s) 'example_sensors' retrieved from /home/airflow/.local/lib/python3.12/site-packages/airflow/example_dags/example_sensors.py
[2024-06-03T10:46:54.914+0000] {logging_mixin.py:188} INFO - [2024-06-03T10:46:54.914+0000] {dag.py:3096} INFO - Sync 1 DAGs
[2024-06-03T10:46:54.932+0000] {logging_mixin.py:188} INFO - [2024-06-03T10:46:54.932+0000] {dag.py:3954} INFO - Setting next_dagrun for example_sensors to None, run_after=None
[2024-06-03T10:46:54.958+0000] {processor.py:183} INFO - Processing /home/airflow/.local/lib/python3.12/site-packages/airflow/example_dags/example_sensors.py took 0.105 seconds
[2024-06-03T10:47:25.516+0000] {processor.py:161} INFO - Started process (PID=12821) to work on /home/airflow/.local/lib/python3.12/site-packages/airflow/example_dags/example_sensors.py
[2024-06-03T10:47:25.517+0000] {processor.py:830} INFO - Processing file /home/airflow/.local/lib/python3.12/site-packages/airflow/example_dags/example_sensors.py for tasks to queue
[2024-06-03T10:47:25.519+0000] {logging_mixin.py:188} INFO - [2024-06-03T10:47:25.519+0000] {dagbag.py:545} INFO - Filling up the DagBag from /home/airflow/.local/lib/python3.12/site-packages/airflow/example_dags/example_sensors.py
[2024-06-03T10:47:25.530+0000] {processor.py:840} INFO - DAG(s) 'example_sensors' retrieved from /home/airflow/.local/lib/python3.12/site-packages/airflow/example_dags/example_sensors.py
[2024-06-03T10:47:25.574+0000] {logging_mixin.py:188} INFO - [2024-06-03T10:47:25.574+0000] {dag.py:3096} INFO - Sync 1 DAGs
[2024-06-03T10:47:25.594+0000] {logging_mixin.py:188} INFO - [2024-06-03T10:47:25.593+0000] {dag.py:3954} INFO - Setting next_dagrun for example_sensors to None, run_after=None
[2024-06-03T10:47:25.618+0000] {processor.py:183} INFO - Processing /home/airflow/.local/lib/python3.12/site-packages/airflow/example_dags/example_sensors.py took 0.109 seconds
[2024-06-03T10:47:56.266+0000] {processor.py:161} INFO - Started process (PID=13077) to work on /home/airflow/.local/lib/python3.12/site-packages/airflow/example_dags/example_sensors.py
[2024-06-03T10:47:56.267+0000] {processor.py:830} INFO - Processing file /home/airflow/.local/lib/python3.12/site-packages/airflow/example_dags/example_sensors.py for tasks to queue
[2024-06-03T10:47:56.269+0000] {logging_mixin.py:188} INFO - [2024-06-03T10:47:56.268+0000] {dagbag.py:545} INFO - Filling up the DagBag from /home/airflow/.local/lib/python3.12/site-packages/airflow/example_dags/example_sensors.py
[2024-06-03T10:47:56.280+0000] {processor.py:840} INFO - DAG(s) 'example_sensors' retrieved from /home/airflow/.local/lib/python3.12/site-packages/airflow/example_dags/example_sensors.py
[2024-06-03T10:47:56.316+0000] {logging_mixin.py:188} INFO - [2024-06-03T10:47:56.315+0000] {dag.py:3096} INFO - Sync 1 DAGs
[2024-06-03T10:47:56.336+0000] {logging_mixin.py:188} INFO - [2024-06-03T10:47:56.336+0000] {dag.py:3954} INFO - Setting next_dagrun for example_sensors to None, run_after=None
[2024-06-03T10:47:56.362+0000] {processor.py:183} INFO - Processing /home/airflow/.local/lib/python3.12/site-packages/airflow/example_dags/example_sensors.py took 0.103 seconds
[2024-06-03T10:48:26.638+0000] {processor.py:161} INFO - Started process (PID=13333) to work on /home/airflow/.local/lib/python3.12/site-packages/airflow/example_dags/example_sensors.py
[2024-06-03T10:48:26.639+0000] {processor.py:830} INFO - Processing file /home/airflow/.local/lib/python3.12/site-packages/airflow/example_dags/example_sensors.py for tasks to queue
[2024-06-03T10:48:26.641+0000] {logging_mixin.py:188} INFO - [2024-06-03T10:48:26.640+0000] {dagbag.py:545} INFO - Filling up the DagBag from /home/airflow/.local/lib/python3.12/site-packages/airflow/example_dags/example_sensors.py
[2024-06-03T10:48:26.652+0000] {processor.py:840} INFO - DAG(s) 'example_sensors' retrieved from /home/airflow/.local/lib/python3.12/site-packages/airflow/example_dags/example_sensors.py
[2024-06-03T10:48:26.689+0000] {logging_mixin.py:188} INFO - [2024-06-03T10:48:26.688+0000] {dag.py:3096} INFO - Sync 1 DAGs
[2024-06-03T10:48:26.709+0000] {logging_mixin.py:188} INFO - [2024-06-03T10:48:26.709+0000] {dag.py:3954} INFO - Setting next_dagrun for example_sensors to None, run_after=None
[2024-06-03T10:48:26.734+0000] {processor.py:183} INFO - Processing /home/airflow/.local/lib/python3.12/site-packages/airflow/example_dags/example_sensors.py took 0.103 seconds
[2024-06-03T10:48:56.942+0000] {processor.py:161} INFO - Started process (PID=13589) to work on /home/airflow/.local/lib/python3.12/site-packages/airflow/example_dags/example_sensors.py
[2024-06-03T10:48:56.943+0000] {processor.py:830} INFO - Processing file /home/airflow/.local/lib/python3.12/site-packages/airflow/example_dags/example_sensors.py for tasks to queue
[2024-06-03T10:48:56.945+0000] {logging_mixin.py:188} INFO - [2024-06-03T10:48:56.944+0000] {dagbag.py:545} INFO - Filling up the DagBag from /home/airflow/.local/lib/python3.12/site-packages/airflow/example_dags/example_sensors.py
[2024-06-03T10:48:56.957+0000] {processor.py:840} INFO - DAG(s) 'example_sensors' retrieved from /home/airflow/.local/lib/python3.12/site-packages/airflow/example_dags/example_sensors.py
[2024-06-03T10:48:56.993+0000] {logging_mixin.py:188} INFO - [2024-06-03T10:48:56.993+0000] {dag.py:3096} INFO - Sync 1 DAGs
[2024-06-03T10:48:57.013+0000] {logging_mixin.py:188} INFO - [2024-06-03T10:48:57.013+0000] {dag.py:3954} INFO - Setting next_dagrun for example_sensors to None, run_after=None
[2024-06-03T10:48:57.042+0000] {processor.py:183} INFO - Processing /home/airflow/.local/lib/python3.12/site-packages/airflow/example_dags/example_sensors.py took 0.107 seconds
[2024-06-03T10:49:27.259+0000] {processor.py:161} INFO - Started process (PID=13845) to work on /home/airflow/.local/lib/python3.12/site-packages/airflow/example_dags/example_sensors.py
[2024-06-03T10:49:27.260+0000] {processor.py:830} INFO - Processing file /home/airflow/.local/lib/python3.12/site-packages/airflow/example_dags/example_sensors.py for tasks to queue
[2024-06-03T10:49:27.262+0000] {logging_mixin.py:188} INFO - [2024-06-03T10:49:27.262+0000] {dagbag.py:545} INFO - Filling up the DagBag from /home/airflow/.local/lib/python3.12/site-packages/airflow/example_dags/example_sensors.py
[2024-06-03T10:49:27.273+0000] {processor.py:840} INFO - DAG(s) 'example_sensors' retrieved from /home/airflow/.local/lib/python3.12/site-packages/airflow/example_dags/example_sensors.py
[2024-06-03T10:49:27.315+0000] {logging_mixin.py:188} INFO - [2024-06-03T10:49:27.315+0000] {dag.py:3096} INFO - Sync 1 DAGs
[2024-06-03T10:49:27.335+0000] {logging_mixin.py:188} INFO - [2024-06-03T10:49:27.334+0000] {dag.py:3954} INFO - Setting next_dagrun for example_sensors to None, run_after=None
[2024-06-03T10:49:27.360+0000] {processor.py:183} INFO - Processing /home/airflow/.local/lib/python3.12/site-packages/airflow/example_dags/example_sensors.py took 0.108 seconds
[2024-06-03T10:49:57.847+0000] {processor.py:161} INFO - Started process (PID=14101) to work on /home/airflow/.local/lib/python3.12/site-packages/airflow/example_dags/example_sensors.py
[2024-06-03T10:49:57.848+0000] {processor.py:830} INFO - Processing file /home/airflow/.local/lib/python3.12/site-packages/airflow/example_dags/example_sensors.py for tasks to queue
[2024-06-03T10:49:57.849+0000] {logging_mixin.py:188} INFO - [2024-06-03T10:49:57.849+0000] {dagbag.py:545} INFO - Filling up the DagBag from /home/airflow/.local/lib/python3.12/site-packages/airflow/example_dags/example_sensors.py
[2024-06-03T10:49:57.861+0000] {processor.py:840} INFO - DAG(s) 'example_sensors' retrieved from /home/airflow/.local/lib/python3.12/site-packages/airflow/example_dags/example_sensors.py
[2024-06-03T10:49:57.898+0000] {logging_mixin.py:188} INFO - [2024-06-03T10:49:57.897+0000] {dag.py:3096} INFO - Sync 1 DAGs
[2024-06-03T10:49:57.916+0000] {logging_mixin.py:188} INFO - [2024-06-03T10:49:57.916+0000] {dag.py:3954} INFO - Setting next_dagrun for example_sensors to None, run_after=None
[2024-06-03T10:49:57.942+0000] {processor.py:183} INFO - Processing /home/airflow/.local/lib/python3.12/site-packages/airflow/example_dags/example_sensors.py took 0.101 seconds
[2024-06-03T10:50:28.219+0000] {processor.py:161} INFO - Started process (PID=14357) to work on /home/airflow/.local/lib/python3.12/site-packages/airflow/example_dags/example_sensors.py
[2024-06-03T10:50:28.221+0000] {processor.py:830} INFO - Processing file /home/airflow/.local/lib/python3.12/site-packages/airflow/example_dags/example_sensors.py for tasks to queue
[2024-06-03T10:50:28.222+0000] {logging_mixin.py:188} INFO - [2024-06-03T10:50:28.222+0000] {dagbag.py:545} INFO - Filling up the DagBag from /home/airflow/.local/lib/python3.12/site-packages/airflow/example_dags/example_sensors.py
[2024-06-03T10:50:28.237+0000] {processor.py:840} INFO - DAG(s) 'example_sensors' retrieved from /home/airflow/.local/lib/python3.12/site-packages/airflow/example_dags/example_sensors.py
[2024-06-03T10:50:28.274+0000] {logging_mixin.py:188} INFO - [2024-06-03T10:50:28.273+0000] {dag.py:3096} INFO - Sync 1 DAGs
[2024-06-03T10:50:28.295+0000] {logging_mixin.py:188} INFO - [2024-06-03T10:50:28.294+0000] {dag.py:3954} INFO - Setting next_dagrun for example_sensors to None, run_after=None
[2024-06-03T10:50:28.321+0000] {processor.py:183} INFO - Processing /home/airflow/.local/lib/python3.12/site-packages/airflow/example_dags/example_sensors.py took 0.109 seconds
[2024-06-03T10:50:58.943+0000] {processor.py:161} INFO - Started process (PID=14613) to work on /home/airflow/.local/lib/python3.12/site-packages/airflow/example_dags/example_sensors.py
[2024-06-03T10:50:58.943+0000] {processor.py:830} INFO - Processing file /home/airflow/.local/lib/python3.12/site-packages/airflow/example_dags/example_sensors.py for tasks to queue
[2024-06-03T10:50:58.945+0000] {logging_mixin.py:188} INFO - [2024-06-03T10:50:58.945+0000] {dagbag.py:545} INFO - Filling up the DagBag from /home/airflow/.local/lib/python3.12/site-packages/airflow/example_dags/example_sensors.py
[2024-06-03T10:50:58.958+0000] {processor.py:840} INFO - DAG(s) 'example_sensors' retrieved from /home/airflow/.local/lib/python3.12/site-packages/airflow/example_dags/example_sensors.py
[2024-06-03T10:50:58.999+0000] {logging_mixin.py:188} INFO - [2024-06-03T10:50:58.999+0000] {dag.py:3096} INFO - Sync 1 DAGs
[2024-06-03T10:50:59.018+0000] {logging_mixin.py:188} INFO - [2024-06-03T10:50:59.018+0000] {dag.py:3954} INFO - Setting next_dagrun for example_sensors to None, run_after=None
[2024-06-03T10:50:59.045+0000] {processor.py:183} INFO - Processing /home/airflow/.local/lib/python3.12/site-packages/airflow/example_dags/example_sensors.py took 0.110 seconds
[2024-06-03T10:51:29.705+0000] {processor.py:161} INFO - Started process (PID=14869) to work on /home/airflow/.local/lib/python3.12/site-packages/airflow/example_dags/example_sensors.py
[2024-06-03T10:51:29.706+0000] {processor.py:830} INFO - Processing file /home/airflow/.local/lib/python3.12/site-packages/airflow/example_dags/example_sensors.py for tasks to queue
[2024-06-03T10:51:29.708+0000] {logging_mixin.py:188} INFO - [2024-06-03T10:51:29.708+0000] {dagbag.py:545} INFO - Filling up the DagBag from /home/airflow/.local/lib/python3.12/site-packages/airflow/example_dags/example_sensors.py
[2024-06-03T10:51:29.723+0000] {processor.py:840} INFO - DAG(s) 'example_sensors' retrieved from /home/airflow/.local/lib/python3.12/site-packages/airflow/example_dags/example_sensors.py
[2024-06-03T10:51:29.768+0000] {logging_mixin.py:188} INFO - [2024-06-03T10:51:29.767+0000] {dag.py:3096} INFO - Sync 1 DAGs
[2024-06-03T10:51:29.787+0000] {logging_mixin.py:188} INFO - [2024-06-03T10:51:29.787+0000] {dag.py:3954} INFO - Setting next_dagrun for example_sensors to None, run_after=None
[2024-06-03T10:51:29.813+0000] {processor.py:183} INFO - Processing /home/airflow/.local/lib/python3.12/site-packages/airflow/example_dags/example_sensors.py took 0.117 seconds
[2024-06-03T10:52:00.329+0000] {processor.py:161} INFO - Started process (PID=15125) to work on /home/airflow/.local/lib/python3.12/site-packages/airflow/example_dags/example_sensors.py
[2024-06-03T10:52:00.330+0000] {processor.py:830} INFO - Processing file /home/airflow/.local/lib/python3.12/site-packages/airflow/example_dags/example_sensors.py for tasks to queue
[2024-06-03T10:52:00.332+0000] {logging_mixin.py:188} INFO - [2024-06-03T10:52:00.331+0000] {dagbag.py:545} INFO - Filling up the DagBag from /home/airflow/.local/lib/python3.12/site-packages/airflow/example_dags/example_sensors.py
[2024-06-03T10:52:00.344+0000] {processor.py:840} INFO - DAG(s) 'example_sensors' retrieved from /home/airflow/.local/lib/python3.12/site-packages/airflow/example_dags/example_sensors.py
[2024-06-03T10:52:00.381+0000] {logging_mixin.py:188} INFO - [2024-06-03T10:52:00.380+0000] {dag.py:3096} INFO - Sync 1 DAGs
[2024-06-03T10:52:00.399+0000] {logging_mixin.py:188} INFO - [2024-06-03T10:52:00.398+0000] {dag.py:3954} INFO - Setting next_dagrun for example_sensors to None, run_after=None
[2024-06-03T10:52:00.423+0000] {processor.py:183} INFO - Processing /home/airflow/.local/lib/python3.12/site-packages/airflow/example_dags/example_sensors.py took 0.102 seconds
[2024-06-03T10:52:31.092+0000] {processor.py:161} INFO - Started process (PID=15381) to work on /home/airflow/.local/lib/python3.12/site-packages/airflow/example_dags/example_sensors.py
[2024-06-03T10:52:31.094+0000] {processor.py:830} INFO - Processing file /home/airflow/.local/lib/python3.12/site-packages/airflow/example_dags/example_sensors.py for tasks to queue
[2024-06-03T10:52:31.095+0000] {logging_mixin.py:188} INFO - [2024-06-03T10:52:31.095+0000] {dagbag.py:545} INFO - Filling up the DagBag from /home/airflow/.local/lib/python3.12/site-packages/airflow/example_dags/example_sensors.py
[2024-06-03T10:52:31.107+0000] {processor.py:840} INFO - DAG(s) 'example_sensors' retrieved from /home/airflow/.local/lib/python3.12/site-packages/airflow/example_dags/example_sensors.py
[2024-06-03T10:52:31.145+0000] {logging_mixin.py:188} INFO - [2024-06-03T10:52:31.145+0000] {dag.py:3096} INFO - Sync 1 DAGs
[2024-06-03T10:52:31.165+0000] {logging_mixin.py:188} INFO - [2024-06-03T10:52:31.164+0000] {dag.py:3954} INFO - Setting next_dagrun for example_sensors to None, run_after=None
[2024-06-03T10:52:31.194+0000] {processor.py:183} INFO - Processing /home/airflow/.local/lib/python3.12/site-packages/airflow/example_dags/example_sensors.py took 0.109 seconds
[2024-06-03T10:53:01.466+0000] {processor.py:161} INFO - Started process (PID=15637) to work on /home/airflow/.local/lib/python3.12/site-packages/airflow/example_dags/example_sensors.py
[2024-06-03T10:53:01.466+0000] {processor.py:830} INFO - Processing file /home/airflow/.local/lib/python3.12/site-packages/airflow/example_dags/example_sensors.py for tasks to queue
[2024-06-03T10:53:01.468+0000] {logging_mixin.py:188} INFO - [2024-06-03T10:53:01.468+0000] {dagbag.py:545} INFO - Filling up the DagBag from /home/airflow/.local/lib/python3.12/site-packages/airflow/example_dags/example_sensors.py
[2024-06-03T10:53:01.482+0000] {processor.py:840} INFO - DAG(s) 'example_sensors' retrieved from /home/airflow/.local/lib/python3.12/site-packages/airflow/example_dags/example_sensors.py
[2024-06-03T10:53:01.521+0000] {logging_mixin.py:188} INFO - [2024-06-03T10:53:01.520+0000] {dag.py:3096} INFO - Sync 1 DAGs
[2024-06-03T10:53:01.540+0000] {logging_mixin.py:188} INFO - [2024-06-03T10:53:01.540+0000] {dag.py:3954} INFO - Setting next_dagrun for example_sensors to None, run_after=None
[2024-06-03T10:53:01.567+0000] {processor.py:183} INFO - Processing /home/airflow/.local/lib/python3.12/site-packages/airflow/example_dags/example_sensors.py took 0.108 seconds
[2024-06-03T10:53:31.844+0000] {processor.py:161} INFO - Started process (PID=15893) to work on /home/airflow/.local/lib/python3.12/site-packages/airflow/example_dags/example_sensors.py
[2024-06-03T10:53:31.846+0000] {processor.py:830} INFO - Processing file /home/airflow/.local/lib/python3.12/site-packages/airflow/example_dags/example_sensors.py for tasks to queue
[2024-06-03T10:53:31.848+0000] {logging_mixin.py:188} INFO - [2024-06-03T10:53:31.847+0000] {dagbag.py:545} INFO - Filling up the DagBag from /home/airflow/.local/lib/python3.12/site-packages/airflow/example_dags/example_sensors.py
[2024-06-03T10:53:31.863+0000] {processor.py:840} INFO - DAG(s) 'example_sensors' retrieved from /home/airflow/.local/lib/python3.12/site-packages/airflow/example_dags/example_sensors.py
[2024-06-03T10:53:31.902+0000] {logging_mixin.py:188} INFO - [2024-06-03T10:53:31.901+0000] {dag.py:3096} INFO - Sync 1 DAGs
[2024-06-03T10:53:31.923+0000] {logging_mixin.py:188} INFO - [2024-06-03T10:53:31.923+0000] {dag.py:3954} INFO - Setting next_dagrun for example_sensors to None, run_after=None
[2024-06-03T10:53:31.950+0000] {processor.py:183} INFO - Processing /home/airflow/.local/lib/python3.12/site-packages/airflow/example_dags/example_sensors.py took 0.114 seconds
