[2024-06-03T09:55:41.263+0000] {processor.py:161} INFO - Started process (PID=316) to work on /home/airflow/.local/lib/python3.12/site-packages/airflow/example_dags/example_sla_dag.py
[2024-06-03T09:55:41.264+0000] {processor.py:830} INFO - Processing file /home/airflow/.local/lib/python3.12/site-packages/airflow/example_dags/example_sla_dag.py for tasks to queue
[2024-06-03T09:55:41.267+0000] {logging_mixin.py:188} INFO - [2024-06-03T09:55:41.266+0000] {dagbag.py:545} INFO - Filling up the DagBag from /home/airflow/.local/lib/python3.12/site-packages/airflow/example_dags/example_sla_dag.py
[2024-06-03T09:55:41.304+0000] {processor.py:840} INFO - DAG(s) 'example_sla_dag' retrieved from /home/airflow/.local/lib/python3.12/site-packages/airflow/example_dags/example_sla_dag.py
[2024-06-03T09:55:41.679+0000] {logging_mixin.py:188} INFO - [2024-06-03T09:55:41.679+0000] {dag.py:3096} INFO - Sync 1 DAGs
[2024-06-03T09:55:41.774+0000] {logging_mixin.py:188} INFO - [2024-06-03T09:55:41.773+0000] {dag.py:3954} INFO - Setting next_dagrun for example_sla_dag to 2024-06-03 09:52:00+00:00, run_after=2024-06-03 09:54:00+00:00
[2024-06-03T09:55:41.853+0000] {processor.py:183} INFO - Processing /home/airflow/.local/lib/python3.12/site-packages/airflow/example_dags/example_sla_dag.py took 0.609 seconds
[2024-06-03T09:58:13.692+0000] {processor.py:161} INFO - Started process (PID=617) to work on /home/airflow/.local/lib/python3.12/site-packages/airflow/example_dags/example_sla_dag.py
[2024-06-03T09:58:13.711+0000] {processor.py:830} INFO - Processing file /home/airflow/.local/lib/python3.12/site-packages/airflow/example_dags/example_sla_dag.py for tasks to queue
[2024-06-03T09:58:13.771+0000] {logging_mixin.py:188} INFO - [2024-06-03T09:58:13.753+0000] {dagbag.py:545} INFO - Filling up the DagBag from /home/airflow/.local/lib/python3.12/site-packages/airflow/example_dags/example_sla_dag.py
[2024-06-03T09:58:13.993+0000] {processor.py:840} INFO - DAG(s) 'example_sla_dag' retrieved from /home/airflow/.local/lib/python3.12/site-packages/airflow/example_dags/example_sla_dag.py
[2024-06-03T09:58:14.413+0000] {logging_mixin.py:188} INFO - [2024-06-03T09:58:14.375+0000] {dag.py:3096} INFO - Sync 1 DAGs
[2024-06-03T09:58:14.996+0000] {logging_mixin.py:188} INFO - [2024-06-03T09:58:14.995+0000] {dag.py:3954} INFO - Setting next_dagrun for example_sla_dag to 2024-06-03 09:56:00+00:00, run_after=2024-06-03 09:58:00+00:00
[2024-06-03T09:58:15.377+0000] {processor.py:183} INFO - Processing /home/airflow/.local/lib/python3.12/site-packages/airflow/example_dags/example_sla_dag.py took 2.466 seconds
[2024-06-03T10:00:18.740+0000] {processor.py:161} INFO - Started process (PID=953) to work on /home/airflow/.local/lib/python3.12/site-packages/airflow/example_dags/example_sla_dag.py
[2024-06-03T10:00:18.747+0000] {processor.py:830} INFO - Processing file /home/airflow/.local/lib/python3.12/site-packages/airflow/example_dags/example_sla_dag.py for tasks to queue
[2024-06-03T10:00:18.750+0000] {logging_mixin.py:188} INFO - [2024-06-03T10:00:18.749+0000] {dagbag.py:545} INFO - Filling up the DagBag from /home/airflow/.local/lib/python3.12/site-packages/airflow/example_dags/example_sla_dag.py
[2024-06-03T10:00:18.875+0000] {processor.py:840} INFO - DAG(s) 'example_sla_dag' retrieved from /home/airflow/.local/lib/python3.12/site-packages/airflow/example_dags/example_sla_dag.py
[2024-06-03T10:00:19.193+0000] {logging_mixin.py:188} INFO - [2024-06-03T10:00:19.193+0000] {dag.py:3096} INFO - Sync 1 DAGs
[2024-06-03T10:00:19.561+0000] {logging_mixin.py:188} INFO - [2024-06-03T10:00:19.561+0000] {dag.py:3954} INFO - Setting next_dagrun for example_sla_dag to 2024-06-03 09:58:00+00:00, run_after=2024-06-03 10:00:00+00:00
[2024-06-03T10:00:19.796+0000] {processor.py:183} INFO - Processing /home/airflow/.local/lib/python3.12/site-packages/airflow/example_dags/example_sla_dag.py took 1.081 seconds
[2024-06-03T10:00:52.704+0000] {processor.py:161} INFO - Started process (PID=1209) to work on /home/airflow/.local/lib/python3.12/site-packages/airflow/example_dags/example_sla_dag.py
[2024-06-03T10:00:52.718+0000] {processor.py:830} INFO - Processing file /home/airflow/.local/lib/python3.12/site-packages/airflow/example_dags/example_sla_dag.py for tasks to queue
[2024-06-03T10:00:52.723+0000] {logging_mixin.py:188} INFO - [2024-06-03T10:00:52.723+0000] {dagbag.py:545} INFO - Filling up the DagBag from /home/airflow/.local/lib/python3.12/site-packages/airflow/example_dags/example_sla_dag.py
[2024-06-03T10:00:52.831+0000] {processor.py:840} INFO - DAG(s) 'example_sla_dag' retrieved from /home/airflow/.local/lib/python3.12/site-packages/airflow/example_dags/example_sla_dag.py
[2024-06-03T10:00:53.139+0000] {logging_mixin.py:188} INFO - [2024-06-03T10:00:53.138+0000] {dag.py:3096} INFO - Sync 1 DAGs
[2024-06-03T10:00:53.484+0000] {logging_mixin.py:188} INFO - [2024-06-03T10:00:53.483+0000] {dag.py:3954} INFO - Setting next_dagrun for example_sla_dag to 2024-06-03 09:58:00+00:00, run_after=2024-06-03 10:00:00+00:00
[2024-06-03T10:00:53.608+0000] {processor.py:183} INFO - Processing /home/airflow/.local/lib/python3.12/site-packages/airflow/example_dags/example_sla_dag.py took 0.942 seconds
[2024-06-03T10:02:20.899+0000] {processor.py:161} INFO - Started process (PID=1459) to work on /home/airflow/.local/lib/python3.12/site-packages/airflow/example_dags/example_sla_dag.py
[2024-06-03T10:02:20.939+0000] {processor.py:830} INFO - Processing file /home/airflow/.local/lib/python3.12/site-packages/airflow/example_dags/example_sla_dag.py for tasks to queue
[2024-06-03T10:02:20.942+0000] {logging_mixin.py:188} INFO - [2024-06-03T10:02:20.942+0000] {dagbag.py:545} INFO - Filling up the DagBag from /home/airflow/.local/lib/python3.12/site-packages/airflow/example_dags/example_sla_dag.py
[2024-06-03T10:02:21.421+0000] {processor.py:840} INFO - DAG(s) 'example_sla_dag' retrieved from /home/airflow/.local/lib/python3.12/site-packages/airflow/example_dags/example_sla_dag.py
[2024-06-03T10:02:22.504+0000] {logging_mixin.py:188} INFO - [2024-06-03T10:02:22.503+0000] {dag.py:3096} INFO - Sync 1 DAGs
[2024-06-03T10:02:23.596+0000] {logging_mixin.py:188} INFO - [2024-06-03T10:02:23.596+0000] {dag.py:3954} INFO - Setting next_dagrun for example_sla_dag to 2024-06-03 10:00:00+00:00, run_after=2024-06-03 10:02:00+00:00
[2024-06-03T10:02:24.722+0000] {processor.py:183} INFO - Processing /home/airflow/.local/lib/python3.12/site-packages/airflow/example_dags/example_sla_dag.py took 4.102 seconds
[2024-06-03T10:05:12.234+0000] {processor.py:161} INFO - Started process (PID=1800) to work on /home/airflow/.local/lib/python3.12/site-packages/airflow/example_dags/example_sla_dag.py
[2024-06-03T10:05:12.246+0000] {processor.py:830} INFO - Processing file /home/airflow/.local/lib/python3.12/site-packages/airflow/example_dags/example_sla_dag.py for tasks to queue
[2024-06-03T10:05:12.259+0000] {logging_mixin.py:188} INFO - [2024-06-03T10:05:12.259+0000] {dagbag.py:545} INFO - Filling up the DagBag from /home/airflow/.local/lib/python3.12/site-packages/airflow/example_dags/example_sla_dag.py
[2024-06-03T10:05:12.404+0000] {processor.py:840} INFO - DAG(s) 'example_sla_dag' retrieved from /home/airflow/.local/lib/python3.12/site-packages/airflow/example_dags/example_sla_dag.py
[2024-06-03T10:05:12.583+0000] {logging_mixin.py:188} INFO - [2024-06-03T10:05:12.583+0000] {dag.py:3096} INFO - Sync 1 DAGs
[2024-06-03T10:05:12.799+0000] {logging_mixin.py:188} INFO - [2024-06-03T10:05:12.798+0000] {dag.py:3954} INFO - Setting next_dagrun for example_sla_dag to 2024-06-03 10:02:00+00:00, run_after=2024-06-03 10:04:00+00:00
[2024-06-03T10:05:13.045+0000] {processor.py:183} INFO - Processing /home/airflow/.local/lib/python3.12/site-packages/airflow/example_dags/example_sla_dag.py took 0.911 seconds
[2024-06-03T10:05:43.724+0000] {processor.py:161} INFO - Started process (PID=2058) to work on /home/airflow/.local/lib/python3.12/site-packages/airflow/example_dags/example_sla_dag.py
[2024-06-03T10:05:43.726+0000] {processor.py:830} INFO - Processing file /home/airflow/.local/lib/python3.12/site-packages/airflow/example_dags/example_sla_dag.py for tasks to queue
[2024-06-03T10:05:43.729+0000] {logging_mixin.py:188} INFO - [2024-06-03T10:05:43.729+0000] {dagbag.py:545} INFO - Filling up the DagBag from /home/airflow/.local/lib/python3.12/site-packages/airflow/example_dags/example_sla_dag.py
[2024-06-03T10:05:43.747+0000] {processor.py:840} INFO - DAG(s) 'example_sla_dag' retrieved from /home/airflow/.local/lib/python3.12/site-packages/airflow/example_dags/example_sla_dag.py
[2024-06-03T10:05:43.818+0000] {logging_mixin.py:188} INFO - [2024-06-03T10:05:43.818+0000] {dag.py:3096} INFO - Sync 1 DAGs
[2024-06-03T10:05:43.899+0000] {logging_mixin.py:188} INFO - [2024-06-03T10:05:43.899+0000] {dag.py:3954} INFO - Setting next_dagrun for example_sla_dag to 2024-06-03 10:02:00+00:00, run_after=2024-06-03 10:04:00+00:00
[2024-06-03T10:05:43.971+0000] {processor.py:183} INFO - Processing /home/airflow/.local/lib/python3.12/site-packages/airflow/example_dags/example_sla_dag.py took 0.272 seconds
[2024-06-03T10:22:31.590+0000] {processor.py:161} INFO - Started process (PID=318) to work on /home/airflow/.local/lib/python3.12/site-packages/airflow/example_dags/example_sla_dag.py
[2024-06-03T10:22:31.591+0000] {processor.py:830} INFO - Processing file /home/airflow/.local/lib/python3.12/site-packages/airflow/example_dags/example_sla_dag.py for tasks to queue
[2024-06-03T10:22:31.593+0000] {logging_mixin.py:188} INFO - [2024-06-03T10:22:31.593+0000] {dagbag.py:545} INFO - Filling up the DagBag from /home/airflow/.local/lib/python3.12/site-packages/airflow/example_dags/example_sla_dag.py
[2024-06-03T10:22:31.613+0000] {processor.py:840} INFO - DAG(s) 'example_sla_dag' retrieved from /home/airflow/.local/lib/python3.12/site-packages/airflow/example_dags/example_sla_dag.py
[2024-06-03T10:22:31.810+0000] {logging_mixin.py:188} INFO - [2024-06-03T10:22:31.809+0000] {dag.py:3096} INFO - Sync 1 DAGs
[2024-06-03T10:22:31.850+0000] {logging_mixin.py:188} INFO - [2024-06-03T10:22:31.850+0000] {dag.py:3954} INFO - Setting next_dagrun for example_sla_dag to 2024-06-03 10:20:00+00:00, run_after=2024-06-03 10:22:00+00:00
[2024-06-03T10:22:31.881+0000] {processor.py:183} INFO - Processing /home/airflow/.local/lib/python3.12/site-packages/airflow/example_dags/example_sla_dag.py took 0.298 seconds
[2024-06-03T10:23:02.771+0000] {processor.py:161} INFO - Started process (PID=576) to work on /home/airflow/.local/lib/python3.12/site-packages/airflow/example_dags/example_sla_dag.py
[2024-06-03T10:23:02.772+0000] {processor.py:830} INFO - Processing file /home/airflow/.local/lib/python3.12/site-packages/airflow/example_dags/example_sla_dag.py for tasks to queue
[2024-06-03T10:23:02.773+0000] {logging_mixin.py:188} INFO - [2024-06-03T10:23:02.773+0000] {dagbag.py:545} INFO - Filling up the DagBag from /home/airflow/.local/lib/python3.12/site-packages/airflow/example_dags/example_sla_dag.py
[2024-06-03T10:23:02.783+0000] {processor.py:840} INFO - DAG(s) 'example_sla_dag' retrieved from /home/airflow/.local/lib/python3.12/site-packages/airflow/example_dags/example_sla_dag.py
[2024-06-03T10:23:02.807+0000] {logging_mixin.py:188} INFO - [2024-06-03T10:23:02.807+0000] {dag.py:3096} INFO - Sync 1 DAGs
[2024-06-03T10:23:02.842+0000] {logging_mixin.py:188} INFO - [2024-06-03T10:23:02.842+0000] {dag.py:3954} INFO - Setting next_dagrun for example_sla_dag to 2024-06-03 10:20:00+00:00, run_after=2024-06-03 10:22:00+00:00
[2024-06-03T10:23:02.866+0000] {processor.py:183} INFO - Processing /home/airflow/.local/lib/python3.12/site-packages/airflow/example_dags/example_sla_dag.py took 0.102 seconds
[2024-06-03T10:23:33.369+0000] {processor.py:161} INFO - Started process (PID=832) to work on /home/airflow/.local/lib/python3.12/site-packages/airflow/example_dags/example_sla_dag.py
[2024-06-03T10:23:33.370+0000] {processor.py:830} INFO - Processing file /home/airflow/.local/lib/python3.12/site-packages/airflow/example_dags/example_sla_dag.py for tasks to queue
[2024-06-03T10:23:33.372+0000] {logging_mixin.py:188} INFO - [2024-06-03T10:23:33.372+0000] {dagbag.py:545} INFO - Filling up the DagBag from /home/airflow/.local/lib/python3.12/site-packages/airflow/example_dags/example_sla_dag.py
[2024-06-03T10:23:33.382+0000] {processor.py:840} INFO - DAG(s) 'example_sla_dag' retrieved from /home/airflow/.local/lib/python3.12/site-packages/airflow/example_dags/example_sla_dag.py
[2024-06-03T10:23:33.408+0000] {logging_mixin.py:188} INFO - [2024-06-03T10:23:33.407+0000] {dag.py:3096} INFO - Sync 1 DAGs
[2024-06-03T10:23:33.451+0000] {logging_mixin.py:188} INFO - [2024-06-03T10:23:33.450+0000] {dag.py:3954} INFO - Setting next_dagrun for example_sla_dag to 2024-06-03 10:20:00+00:00, run_after=2024-06-03 10:22:00+00:00
[2024-06-03T10:23:33.478+0000] {processor.py:183} INFO - Processing /home/airflow/.local/lib/python3.12/site-packages/airflow/example_dags/example_sla_dag.py took 0.115 seconds
[2024-06-03T10:24:04.052+0000] {processor.py:161} INFO - Started process (PID=1088) to work on /home/airflow/.local/lib/python3.12/site-packages/airflow/example_dags/example_sla_dag.py
[2024-06-03T10:24:04.053+0000] {processor.py:830} INFO - Processing file /home/airflow/.local/lib/python3.12/site-packages/airflow/example_dags/example_sla_dag.py for tasks to queue
[2024-06-03T10:24:04.054+0000] {logging_mixin.py:188} INFO - [2024-06-03T10:24:04.054+0000] {dagbag.py:545} INFO - Filling up the DagBag from /home/airflow/.local/lib/python3.12/site-packages/airflow/example_dags/example_sla_dag.py
[2024-06-03T10:24:04.064+0000] {processor.py:840} INFO - DAG(s) 'example_sla_dag' retrieved from /home/airflow/.local/lib/python3.12/site-packages/airflow/example_dags/example_sla_dag.py
[2024-06-03T10:24:04.088+0000] {logging_mixin.py:188} INFO - [2024-06-03T10:24:04.088+0000] {dag.py:3096} INFO - Sync 1 DAGs
[2024-06-03T10:24:04.123+0000] {logging_mixin.py:188} INFO - [2024-06-03T10:24:04.122+0000] {dag.py:3954} INFO - Setting next_dagrun for example_sla_dag to 2024-06-03 10:22:00+00:00, run_after=2024-06-03 10:24:00+00:00
[2024-06-03T10:24:04.146+0000] {processor.py:183} INFO - Processing /home/airflow/.local/lib/python3.12/site-packages/airflow/example_dags/example_sla_dag.py took 0.101 seconds
[2024-06-03T10:24:34.439+0000] {processor.py:161} INFO - Started process (PID=1344) to work on /home/airflow/.local/lib/python3.12/site-packages/airflow/example_dags/example_sla_dag.py
[2024-06-03T10:24:34.441+0000] {processor.py:830} INFO - Processing file /home/airflow/.local/lib/python3.12/site-packages/airflow/example_dags/example_sla_dag.py for tasks to queue
[2024-06-03T10:24:34.442+0000] {logging_mixin.py:188} INFO - [2024-06-03T10:24:34.442+0000] {dagbag.py:545} INFO - Filling up the DagBag from /home/airflow/.local/lib/python3.12/site-packages/airflow/example_dags/example_sla_dag.py
[2024-06-03T10:24:34.457+0000] {processor.py:840} INFO - DAG(s) 'example_sla_dag' retrieved from /home/airflow/.local/lib/python3.12/site-packages/airflow/example_dags/example_sla_dag.py
[2024-06-03T10:24:34.508+0000] {logging_mixin.py:188} INFO - [2024-06-03T10:24:34.508+0000] {dag.py:3096} INFO - Sync 1 DAGs
[2024-06-03T10:24:34.567+0000] {logging_mixin.py:188} INFO - [2024-06-03T10:24:34.567+0000] {dag.py:3954} INFO - Setting next_dagrun for example_sla_dag to 2024-06-03 10:22:00+00:00, run_after=2024-06-03 10:24:00+00:00
[2024-06-03T10:24:34.600+0000] {processor.py:183} INFO - Processing /home/airflow/.local/lib/python3.12/site-packages/airflow/example_dags/example_sla_dag.py took 0.168 seconds
[2024-06-03T10:25:04.927+0000] {processor.py:161} INFO - Started process (PID=1600) to work on /home/airflow/.local/lib/python3.12/site-packages/airflow/example_dags/example_sla_dag.py
[2024-06-03T10:25:04.927+0000] {processor.py:830} INFO - Processing file /home/airflow/.local/lib/python3.12/site-packages/airflow/example_dags/example_sla_dag.py for tasks to queue
[2024-06-03T10:25:04.929+0000] {logging_mixin.py:188} INFO - [2024-06-03T10:25:04.929+0000] {dagbag.py:545} INFO - Filling up the DagBag from /home/airflow/.local/lib/python3.12/site-packages/airflow/example_dags/example_sla_dag.py
[2024-06-03T10:25:04.939+0000] {processor.py:840} INFO - DAG(s) 'example_sla_dag' retrieved from /home/airflow/.local/lib/python3.12/site-packages/airflow/example_dags/example_sla_dag.py
[2024-06-03T10:25:04.963+0000] {logging_mixin.py:188} INFO - [2024-06-03T10:25:04.963+0000] {dag.py:3096} INFO - Sync 1 DAGs
[2024-06-03T10:25:04.997+0000] {logging_mixin.py:188} INFO - [2024-06-03T10:25:04.997+0000] {dag.py:3954} INFO - Setting next_dagrun for example_sla_dag to 2024-06-03 10:22:00+00:00, run_after=2024-06-03 10:24:00+00:00
[2024-06-03T10:25:05.023+0000] {processor.py:183} INFO - Processing /home/airflow/.local/lib/python3.12/site-packages/airflow/example_dags/example_sla_dag.py took 0.104 seconds
[2024-06-03T10:25:35.339+0000] {processor.py:161} INFO - Started process (PID=1856) to work on /home/airflow/.local/lib/python3.12/site-packages/airflow/example_dags/example_sla_dag.py
[2024-06-03T10:25:35.340+0000] {processor.py:830} INFO - Processing file /home/airflow/.local/lib/python3.12/site-packages/airflow/example_dags/example_sla_dag.py for tasks to queue
[2024-06-03T10:25:35.342+0000] {logging_mixin.py:188} INFO - [2024-06-03T10:25:35.342+0000] {dagbag.py:545} INFO - Filling up the DagBag from /home/airflow/.local/lib/python3.12/site-packages/airflow/example_dags/example_sla_dag.py
[2024-06-03T10:25:35.354+0000] {processor.py:840} INFO - DAG(s) 'example_sla_dag' retrieved from /home/airflow/.local/lib/python3.12/site-packages/airflow/example_dags/example_sla_dag.py
[2024-06-03T10:25:35.382+0000] {logging_mixin.py:188} INFO - [2024-06-03T10:25:35.381+0000] {dag.py:3096} INFO - Sync 1 DAGs
[2024-06-03T10:25:35.425+0000] {logging_mixin.py:188} INFO - [2024-06-03T10:25:35.425+0000] {dag.py:3954} INFO - Setting next_dagrun for example_sla_dag to 2024-06-03 10:22:00+00:00, run_after=2024-06-03 10:24:00+00:00
[2024-06-03T10:25:35.449+0000] {processor.py:183} INFO - Processing /home/airflow/.local/lib/python3.12/site-packages/airflow/example_dags/example_sla_dag.py took 0.118 seconds
[2024-06-03T10:26:05.947+0000] {processor.py:161} INFO - Started process (PID=2112) to work on /home/airflow/.local/lib/python3.12/site-packages/airflow/example_dags/example_sla_dag.py
[2024-06-03T10:26:05.948+0000] {processor.py:830} INFO - Processing file /home/airflow/.local/lib/python3.12/site-packages/airflow/example_dags/example_sla_dag.py for tasks to queue
[2024-06-03T10:26:05.950+0000] {logging_mixin.py:188} INFO - [2024-06-03T10:26:05.950+0000] {dagbag.py:545} INFO - Filling up the DagBag from /home/airflow/.local/lib/python3.12/site-packages/airflow/example_dags/example_sla_dag.py
[2024-06-03T10:26:05.962+0000] {processor.py:840} INFO - DAG(s) 'example_sla_dag' retrieved from /home/airflow/.local/lib/python3.12/site-packages/airflow/example_dags/example_sla_dag.py
[2024-06-03T10:26:05.987+0000] {logging_mixin.py:188} INFO - [2024-06-03T10:26:05.987+0000] {dag.py:3096} INFO - Sync 1 DAGs
[2024-06-03T10:26:06.022+0000] {logging_mixin.py:188} INFO - [2024-06-03T10:26:06.022+0000] {dag.py:3954} INFO - Setting next_dagrun for example_sla_dag to 2024-06-03 10:24:00+00:00, run_after=2024-06-03 10:26:00+00:00
[2024-06-03T10:26:06.046+0000] {processor.py:183} INFO - Processing /home/airflow/.local/lib/python3.12/site-packages/airflow/example_dags/example_sla_dag.py took 0.107 seconds
[2024-06-03T10:26:36.179+0000] {processor.py:161} INFO - Started process (PID=2368) to work on /home/airflow/.local/lib/python3.12/site-packages/airflow/example_dags/example_sla_dag.py
[2024-06-03T10:26:36.179+0000] {processor.py:830} INFO - Processing file /home/airflow/.local/lib/python3.12/site-packages/airflow/example_dags/example_sla_dag.py for tasks to queue
[2024-06-03T10:26:36.181+0000] {logging_mixin.py:188} INFO - [2024-06-03T10:26:36.181+0000] {dagbag.py:545} INFO - Filling up the DagBag from /home/airflow/.local/lib/python3.12/site-packages/airflow/example_dags/example_sla_dag.py
[2024-06-03T10:26:36.191+0000] {processor.py:840} INFO - DAG(s) 'example_sla_dag' retrieved from /home/airflow/.local/lib/python3.12/site-packages/airflow/example_dags/example_sla_dag.py
[2024-06-03T10:26:36.217+0000] {logging_mixin.py:188} INFO - [2024-06-03T10:26:36.216+0000] {dag.py:3096} INFO - Sync 1 DAGs
[2024-06-03T10:26:36.252+0000] {logging_mixin.py:188} INFO - [2024-06-03T10:26:36.251+0000] {dag.py:3954} INFO - Setting next_dagrun for example_sla_dag to 2024-06-03 10:24:00+00:00, run_after=2024-06-03 10:26:00+00:00
[2024-06-03T10:26:36.275+0000] {processor.py:183} INFO - Processing /home/airflow/.local/lib/python3.12/site-packages/airflow/example_dags/example_sla_dag.py took 0.103 seconds
[2024-06-03T10:27:06.708+0000] {processor.py:161} INFO - Started process (PID=2624) to work on /home/airflow/.local/lib/python3.12/site-packages/airflow/example_dags/example_sla_dag.py
[2024-06-03T10:27:06.709+0000] {processor.py:830} INFO - Processing file /home/airflow/.local/lib/python3.12/site-packages/airflow/example_dags/example_sla_dag.py for tasks to queue
[2024-06-03T10:27:06.711+0000] {logging_mixin.py:188} INFO - [2024-06-03T10:27:06.710+0000] {dagbag.py:545} INFO - Filling up the DagBag from /home/airflow/.local/lib/python3.12/site-packages/airflow/example_dags/example_sla_dag.py
[2024-06-03T10:27:06.720+0000] {processor.py:840} INFO - DAG(s) 'example_sla_dag' retrieved from /home/airflow/.local/lib/python3.12/site-packages/airflow/example_dags/example_sla_dag.py
[2024-06-03T10:27:06.748+0000] {logging_mixin.py:188} INFO - [2024-06-03T10:27:06.747+0000] {dag.py:3096} INFO - Sync 1 DAGs
[2024-06-03T10:27:06.791+0000] {logging_mixin.py:188} INFO - [2024-06-03T10:27:06.791+0000] {dag.py:3954} INFO - Setting next_dagrun for example_sla_dag to 2024-06-03 10:24:00+00:00, run_after=2024-06-03 10:26:00+00:00
[2024-06-03T10:27:06.818+0000] {processor.py:183} INFO - Processing /home/airflow/.local/lib/python3.12/site-packages/airflow/example_dags/example_sla_dag.py took 0.118 seconds
[2024-06-03T10:27:36.948+0000] {processor.py:161} INFO - Started process (PID=2880) to work on /home/airflow/.local/lib/python3.12/site-packages/airflow/example_dags/example_sla_dag.py
[2024-06-03T10:27:36.949+0000] {processor.py:830} INFO - Processing file /home/airflow/.local/lib/python3.12/site-packages/airflow/example_dags/example_sla_dag.py for tasks to queue
[2024-06-03T10:27:36.951+0000] {logging_mixin.py:188} INFO - [2024-06-03T10:27:36.950+0000] {dagbag.py:545} INFO - Filling up the DagBag from /home/airflow/.local/lib/python3.12/site-packages/airflow/example_dags/example_sla_dag.py
[2024-06-03T10:27:36.961+0000] {processor.py:840} INFO - DAG(s) 'example_sla_dag' retrieved from /home/airflow/.local/lib/python3.12/site-packages/airflow/example_dags/example_sla_dag.py
[2024-06-03T10:27:36.989+0000] {logging_mixin.py:188} INFO - [2024-06-03T10:27:36.988+0000] {dag.py:3096} INFO - Sync 1 DAGs
[2024-06-03T10:27:37.033+0000] {logging_mixin.py:188} INFO - [2024-06-03T10:27:37.032+0000] {dag.py:3954} INFO - Setting next_dagrun for example_sla_dag to 2024-06-03 10:24:00+00:00, run_after=2024-06-03 10:26:00+00:00
[2024-06-03T10:27:37.061+0000] {processor.py:183} INFO - Processing /home/airflow/.local/lib/python3.12/site-packages/airflow/example_dags/example_sla_dag.py took 0.120 seconds
[2024-06-03T10:28:07.092+0000] {processor.py:161} INFO - Started process (PID=3136) to work on /home/airflow/.local/lib/python3.12/site-packages/airflow/example_dags/example_sla_dag.py
[2024-06-03T10:28:07.093+0000] {processor.py:830} INFO - Processing file /home/airflow/.local/lib/python3.12/site-packages/airflow/example_dags/example_sla_dag.py for tasks to queue
[2024-06-03T10:28:07.095+0000] {logging_mixin.py:188} INFO - [2024-06-03T10:28:07.094+0000] {dagbag.py:545} INFO - Filling up the DagBag from /home/airflow/.local/lib/python3.12/site-packages/airflow/example_dags/example_sla_dag.py
[2024-06-03T10:28:07.104+0000] {processor.py:840} INFO - DAG(s) 'example_sla_dag' retrieved from /home/airflow/.local/lib/python3.12/site-packages/airflow/example_dags/example_sla_dag.py
[2024-06-03T10:28:07.128+0000] {logging_mixin.py:188} INFO - [2024-06-03T10:28:07.128+0000] {dag.py:3096} INFO - Sync 1 DAGs
[2024-06-03T10:28:07.162+0000] {logging_mixin.py:188} INFO - [2024-06-03T10:28:07.162+0000] {dag.py:3954} INFO - Setting next_dagrun for example_sla_dag to 2024-06-03 10:26:00+00:00, run_after=2024-06-03 10:28:00+00:00
[2024-06-03T10:28:07.185+0000] {processor.py:183} INFO - Processing /home/airflow/.local/lib/python3.12/site-packages/airflow/example_dags/example_sla_dag.py took 0.100 seconds
[2024-06-03T10:28:37.288+0000] {processor.py:161} INFO - Started process (PID=3392) to work on /home/airflow/.local/lib/python3.12/site-packages/airflow/example_dags/example_sla_dag.py
[2024-06-03T10:28:37.289+0000] {processor.py:830} INFO - Processing file /home/airflow/.local/lib/python3.12/site-packages/airflow/example_dags/example_sla_dag.py for tasks to queue
[2024-06-03T10:28:37.291+0000] {logging_mixin.py:188} INFO - [2024-06-03T10:28:37.290+0000] {dagbag.py:545} INFO - Filling up the DagBag from /home/airflow/.local/lib/python3.12/site-packages/airflow/example_dags/example_sla_dag.py
[2024-06-03T10:28:37.300+0000] {processor.py:840} INFO - DAG(s) 'example_sla_dag' retrieved from /home/airflow/.local/lib/python3.12/site-packages/airflow/example_dags/example_sla_dag.py
[2024-06-03T10:28:37.323+0000] {logging_mixin.py:188} INFO - [2024-06-03T10:28:37.322+0000] {dag.py:3096} INFO - Sync 1 DAGs
[2024-06-03T10:28:37.356+0000] {logging_mixin.py:188} INFO - [2024-06-03T10:28:37.356+0000] {dag.py:3954} INFO - Setting next_dagrun for example_sla_dag to 2024-06-03 10:26:00+00:00, run_after=2024-06-03 10:28:00+00:00
[2024-06-03T10:28:37.378+0000] {processor.py:183} INFO - Processing /home/airflow/.local/lib/python3.12/site-packages/airflow/example_dags/example_sla_dag.py took 0.097 seconds
[2024-06-03T10:29:07.768+0000] {processor.py:161} INFO - Started process (PID=3648) to work on /home/airflow/.local/lib/python3.12/site-packages/airflow/example_dags/example_sla_dag.py
[2024-06-03T10:29:07.769+0000] {processor.py:830} INFO - Processing file /home/airflow/.local/lib/python3.12/site-packages/airflow/example_dags/example_sla_dag.py for tasks to queue
[2024-06-03T10:29:07.770+0000] {logging_mixin.py:188} INFO - [2024-06-03T10:29:07.770+0000] {dagbag.py:545} INFO - Filling up the DagBag from /home/airflow/.local/lib/python3.12/site-packages/airflow/example_dags/example_sla_dag.py
[2024-06-03T10:29:07.780+0000] {processor.py:840} INFO - DAG(s) 'example_sla_dag' retrieved from /home/airflow/.local/lib/python3.12/site-packages/airflow/example_dags/example_sla_dag.py
[2024-06-03T10:29:07.805+0000] {logging_mixin.py:188} INFO - [2024-06-03T10:29:07.805+0000] {dag.py:3096} INFO - Sync 1 DAGs
[2024-06-03T10:29:07.841+0000] {logging_mixin.py:188} INFO - [2024-06-03T10:29:07.841+0000] {dag.py:3954} INFO - Setting next_dagrun for example_sla_dag to 2024-06-03 10:26:00+00:00, run_after=2024-06-03 10:28:00+00:00
[2024-06-03T10:29:07.866+0000] {processor.py:183} INFO - Processing /home/airflow/.local/lib/python3.12/site-packages/airflow/example_dags/example_sla_dag.py took 0.106 seconds
[2024-06-03T10:29:38.088+0000] {processor.py:161} INFO - Started process (PID=3904) to work on /home/airflow/.local/lib/python3.12/site-packages/airflow/example_dags/example_sla_dag.py
[2024-06-03T10:29:38.089+0000] {processor.py:830} INFO - Processing file /home/airflow/.local/lib/python3.12/site-packages/airflow/example_dags/example_sla_dag.py for tasks to queue
[2024-06-03T10:29:38.090+0000] {logging_mixin.py:188} INFO - [2024-06-03T10:29:38.090+0000] {dagbag.py:545} INFO - Filling up the DagBag from /home/airflow/.local/lib/python3.12/site-packages/airflow/example_dags/example_sla_dag.py
[2024-06-03T10:29:38.100+0000] {processor.py:840} INFO - DAG(s) 'example_sla_dag' retrieved from /home/airflow/.local/lib/python3.12/site-packages/airflow/example_dags/example_sla_dag.py
[2024-06-03T10:29:38.124+0000] {logging_mixin.py:188} INFO - [2024-06-03T10:29:38.124+0000] {dag.py:3096} INFO - Sync 1 DAGs
[2024-06-03T10:29:38.159+0000] {logging_mixin.py:188} INFO - [2024-06-03T10:29:38.158+0000] {dag.py:3954} INFO - Setting next_dagrun for example_sla_dag to 2024-06-03 10:26:00+00:00, run_after=2024-06-03 10:28:00+00:00
[2024-06-03T10:29:38.181+0000] {processor.py:183} INFO - Processing /home/airflow/.local/lib/python3.12/site-packages/airflow/example_dags/example_sla_dag.py took 0.100 seconds
[2024-06-03T10:30:08.225+0000] {processor.py:161} INFO - Started process (PID=4160) to work on /home/airflow/.local/lib/python3.12/site-packages/airflow/example_dags/example_sla_dag.py
[2024-06-03T10:30:08.226+0000] {processor.py:830} INFO - Processing file /home/airflow/.local/lib/python3.12/site-packages/airflow/example_dags/example_sla_dag.py for tasks to queue
[2024-06-03T10:30:08.227+0000] {logging_mixin.py:188} INFO - [2024-06-03T10:30:08.227+0000] {dagbag.py:545} INFO - Filling up the DagBag from /home/airflow/.local/lib/python3.12/site-packages/airflow/example_dags/example_sla_dag.py
[2024-06-03T10:30:08.237+0000] {processor.py:840} INFO - DAG(s) 'example_sla_dag' retrieved from /home/airflow/.local/lib/python3.12/site-packages/airflow/example_dags/example_sla_dag.py
[2024-06-03T10:30:08.260+0000] {logging_mixin.py:188} INFO - [2024-06-03T10:30:08.260+0000] {dag.py:3096} INFO - Sync 1 DAGs
[2024-06-03T10:30:08.296+0000] {logging_mixin.py:188} INFO - [2024-06-03T10:30:08.295+0000] {dag.py:3954} INFO - Setting next_dagrun for example_sla_dag to 2024-06-03 10:28:00+00:00, run_after=2024-06-03 10:30:00+00:00
[2024-06-03T10:30:08.321+0000] {processor.py:183} INFO - Processing /home/airflow/.local/lib/python3.12/site-packages/airflow/example_dags/example_sla_dag.py took 0.103 seconds
[2024-06-03T10:30:38.386+0000] {processor.py:161} INFO - Started process (PID=4414) to work on /home/airflow/.local/lib/python3.12/site-packages/airflow/example_dags/example_sla_dag.py
[2024-06-03T10:30:38.387+0000] {processor.py:830} INFO - Processing file /home/airflow/.local/lib/python3.12/site-packages/airflow/example_dags/example_sla_dag.py for tasks to queue
[2024-06-03T10:30:38.388+0000] {logging_mixin.py:188} INFO - [2024-06-03T10:30:38.388+0000] {dagbag.py:545} INFO - Filling up the DagBag from /home/airflow/.local/lib/python3.12/site-packages/airflow/example_dags/example_sla_dag.py
[2024-06-03T10:30:38.399+0000] {processor.py:840} INFO - DAG(s) 'example_sla_dag' retrieved from /home/airflow/.local/lib/python3.12/site-packages/airflow/example_dags/example_sla_dag.py
[2024-06-03T10:30:38.425+0000] {logging_mixin.py:188} INFO - [2024-06-03T10:30:38.425+0000] {dag.py:3096} INFO - Sync 1 DAGs
[2024-06-03T10:30:38.463+0000] {logging_mixin.py:188} INFO - [2024-06-03T10:30:38.463+0000] {dag.py:3954} INFO - Setting next_dagrun for example_sla_dag to 2024-06-03 10:28:00+00:00, run_after=2024-06-03 10:30:00+00:00
[2024-06-03T10:30:38.486+0000] {processor.py:183} INFO - Processing /home/airflow/.local/lib/python3.12/site-packages/airflow/example_dags/example_sla_dag.py took 0.107 seconds
[2024-06-03T10:31:08.906+0000] {processor.py:161} INFO - Started process (PID=4672) to work on /home/airflow/.local/lib/python3.12/site-packages/airflow/example_dags/example_sla_dag.py
[2024-06-03T10:31:08.907+0000] {processor.py:830} INFO - Processing file /home/airflow/.local/lib/python3.12/site-packages/airflow/example_dags/example_sla_dag.py for tasks to queue
[2024-06-03T10:31:08.909+0000] {logging_mixin.py:188} INFO - [2024-06-03T10:31:08.909+0000] {dagbag.py:545} INFO - Filling up the DagBag from /home/airflow/.local/lib/python3.12/site-packages/airflow/example_dags/example_sla_dag.py
[2024-06-03T10:31:08.918+0000] {processor.py:840} INFO - DAG(s) 'example_sla_dag' retrieved from /home/airflow/.local/lib/python3.12/site-packages/airflow/example_dags/example_sla_dag.py
[2024-06-03T10:31:08.942+0000] {logging_mixin.py:188} INFO - [2024-06-03T10:31:08.941+0000] {dag.py:3096} INFO - Sync 1 DAGs
[2024-06-03T10:31:08.976+0000] {logging_mixin.py:188} INFO - [2024-06-03T10:31:08.976+0000] {dag.py:3954} INFO - Setting next_dagrun for example_sla_dag to 2024-06-03 10:28:00+00:00, run_after=2024-06-03 10:30:00+00:00
[2024-06-03T10:31:09.000+0000] {processor.py:183} INFO - Processing /home/airflow/.local/lib/python3.12/site-packages/airflow/example_dags/example_sla_dag.py took 0.100 seconds
[2024-06-03T10:31:39.079+0000] {processor.py:161} INFO - Started process (PID=4926) to work on /home/airflow/.local/lib/python3.12/site-packages/airflow/example_dags/example_sla_dag.py
[2024-06-03T10:31:39.080+0000] {processor.py:830} INFO - Processing file /home/airflow/.local/lib/python3.12/site-packages/airflow/example_dags/example_sla_dag.py for tasks to queue
[2024-06-03T10:31:39.082+0000] {logging_mixin.py:188} INFO - [2024-06-03T10:31:39.081+0000] {dagbag.py:545} INFO - Filling up the DagBag from /home/airflow/.local/lib/python3.12/site-packages/airflow/example_dags/example_sla_dag.py
[2024-06-03T10:31:39.091+0000] {processor.py:840} INFO - DAG(s) 'example_sla_dag' retrieved from /home/airflow/.local/lib/python3.12/site-packages/airflow/example_dags/example_sla_dag.py
[2024-06-03T10:31:39.116+0000] {logging_mixin.py:188} INFO - [2024-06-03T10:31:39.116+0000] {dag.py:3096} INFO - Sync 1 DAGs
[2024-06-03T10:31:39.154+0000] {logging_mixin.py:188} INFO - [2024-06-03T10:31:39.153+0000] {dag.py:3954} INFO - Setting next_dagrun for example_sla_dag to 2024-06-03 10:28:00+00:00, run_after=2024-06-03 10:30:00+00:00
[2024-06-03T10:31:39.178+0000] {processor.py:183} INFO - Processing /home/airflow/.local/lib/python3.12/site-packages/airflow/example_dags/example_sla_dag.py took 0.105 seconds
[2024-06-03T10:32:09.507+0000] {processor.py:161} INFO - Started process (PID=5184) to work on /home/airflow/.local/lib/python3.12/site-packages/airflow/example_dags/example_sla_dag.py
[2024-06-03T10:32:09.508+0000] {processor.py:830} INFO - Processing file /home/airflow/.local/lib/python3.12/site-packages/airflow/example_dags/example_sla_dag.py for tasks to queue
[2024-06-03T10:32:09.510+0000] {logging_mixin.py:188} INFO - [2024-06-03T10:32:09.509+0000] {dagbag.py:545} INFO - Filling up the DagBag from /home/airflow/.local/lib/python3.12/site-packages/airflow/example_dags/example_sla_dag.py
[2024-06-03T10:32:09.519+0000] {processor.py:840} INFO - DAG(s) 'example_sla_dag' retrieved from /home/airflow/.local/lib/python3.12/site-packages/airflow/example_dags/example_sla_dag.py
[2024-06-03T10:32:09.542+0000] {logging_mixin.py:188} INFO - [2024-06-03T10:32:09.542+0000] {dag.py:3096} INFO - Sync 1 DAGs
[2024-06-03T10:32:09.576+0000] {logging_mixin.py:188} INFO - [2024-06-03T10:32:09.576+0000] {dag.py:3954} INFO - Setting next_dagrun for example_sla_dag to 2024-06-03 10:30:00+00:00, run_after=2024-06-03 10:32:00+00:00
[2024-06-03T10:32:09.599+0000] {processor.py:183} INFO - Processing /home/airflow/.local/lib/python3.12/site-packages/airflow/example_dags/example_sla_dag.py took 0.099 seconds
[2024-06-03T10:32:39.732+0000] {processor.py:161} INFO - Started process (PID=5438) to work on /home/airflow/.local/lib/python3.12/site-packages/airflow/example_dags/example_sla_dag.py
[2024-06-03T10:32:39.733+0000] {processor.py:830} INFO - Processing file /home/airflow/.local/lib/python3.12/site-packages/airflow/example_dags/example_sla_dag.py for tasks to queue
[2024-06-03T10:32:39.734+0000] {logging_mixin.py:188} INFO - [2024-06-03T10:32:39.734+0000] {dagbag.py:545} INFO - Filling up the DagBag from /home/airflow/.local/lib/python3.12/site-packages/airflow/example_dags/example_sla_dag.py
[2024-06-03T10:32:39.744+0000] {processor.py:840} INFO - DAG(s) 'example_sla_dag' retrieved from /home/airflow/.local/lib/python3.12/site-packages/airflow/example_dags/example_sla_dag.py
[2024-06-03T10:32:39.769+0000] {logging_mixin.py:188} INFO - [2024-06-03T10:32:39.768+0000] {dag.py:3096} INFO - Sync 1 DAGs
[2024-06-03T10:32:39.804+0000] {logging_mixin.py:188} INFO - [2024-06-03T10:32:39.803+0000] {dag.py:3954} INFO - Setting next_dagrun for example_sla_dag to 2024-06-03 10:30:00+00:00, run_after=2024-06-03 10:32:00+00:00
[2024-06-03T10:32:39.828+0000] {processor.py:183} INFO - Processing /home/airflow/.local/lib/python3.12/site-packages/airflow/example_dags/example_sla_dag.py took 0.103 seconds
[2024-06-03T10:33:09.996+0000] {processor.py:161} INFO - Started process (PID=5694) to work on /home/airflow/.local/lib/python3.12/site-packages/airflow/example_dags/example_sla_dag.py
[2024-06-03T10:33:09.998+0000] {processor.py:830} INFO - Processing file /home/airflow/.local/lib/python3.12/site-packages/airflow/example_dags/example_sla_dag.py for tasks to queue
[2024-06-03T10:33:10.000+0000] {logging_mixin.py:188} INFO - [2024-06-03T10:33:09.999+0000] {dagbag.py:545} INFO - Filling up the DagBag from /home/airflow/.local/lib/python3.12/site-packages/airflow/example_dags/example_sla_dag.py
[2024-06-03T10:33:10.009+0000] {processor.py:840} INFO - DAG(s) 'example_sla_dag' retrieved from /home/airflow/.local/lib/python3.12/site-packages/airflow/example_dags/example_sla_dag.py
[2024-06-03T10:33:10.033+0000] {logging_mixin.py:188} INFO - [2024-06-03T10:33:10.033+0000] {dag.py:3096} INFO - Sync 1 DAGs
[2024-06-03T10:33:10.081+0000] {logging_mixin.py:188} INFO - [2024-06-03T10:33:10.081+0000] {dag.py:3954} INFO - Setting next_dagrun for example_sla_dag to 2024-06-03 10:30:00+00:00, run_after=2024-06-03 10:32:00+00:00
[2024-06-03T10:33:10.108+0000] {processor.py:183} INFO - Processing /home/airflow/.local/lib/python3.12/site-packages/airflow/example_dags/example_sla_dag.py took 0.118 seconds
[2024-06-03T10:33:41.024+0000] {processor.py:161} INFO - Started process (PID=5950) to work on /home/airflow/.local/lib/python3.12/site-packages/airflow/example_dags/example_sla_dag.py
[2024-06-03T10:33:41.025+0000] {processor.py:830} INFO - Processing file /home/airflow/.local/lib/python3.12/site-packages/airflow/example_dags/example_sla_dag.py for tasks to queue
[2024-06-03T10:33:41.026+0000] {logging_mixin.py:188} INFO - [2024-06-03T10:33:41.026+0000] {dagbag.py:545} INFO - Filling up the DagBag from /home/airflow/.local/lib/python3.12/site-packages/airflow/example_dags/example_sla_dag.py
[2024-06-03T10:33:41.038+0000] {processor.py:840} INFO - DAG(s) 'example_sla_dag' retrieved from /home/airflow/.local/lib/python3.12/site-packages/airflow/example_dags/example_sla_dag.py
[2024-06-03T10:33:41.065+0000] {logging_mixin.py:188} INFO - [2024-06-03T10:33:41.064+0000] {dag.py:3096} INFO - Sync 1 DAGs
[2024-06-03T10:33:41.107+0000] {logging_mixin.py:188} INFO - [2024-06-03T10:33:41.107+0000] {dag.py:3954} INFO - Setting next_dagrun for example_sla_dag to 2024-06-03 10:30:00+00:00, run_after=2024-06-03 10:32:00+00:00
[2024-06-03T10:33:41.134+0000] {processor.py:183} INFO - Processing /home/airflow/.local/lib/python3.12/site-packages/airflow/example_dags/example_sla_dag.py took 0.117 seconds
[2024-06-03T10:34:12.002+0000] {processor.py:161} INFO - Started process (PID=6206) to work on /home/airflow/.local/lib/python3.12/site-packages/airflow/example_dags/example_sla_dag.py
[2024-06-03T10:34:12.003+0000] {processor.py:830} INFO - Processing file /home/airflow/.local/lib/python3.12/site-packages/airflow/example_dags/example_sla_dag.py for tasks to queue
[2024-06-03T10:34:12.005+0000] {logging_mixin.py:188} INFO - [2024-06-03T10:34:12.005+0000] {dagbag.py:545} INFO - Filling up the DagBag from /home/airflow/.local/lib/python3.12/site-packages/airflow/example_dags/example_sla_dag.py
[2024-06-03T10:34:12.015+0000] {processor.py:840} INFO - DAG(s) 'example_sla_dag' retrieved from /home/airflow/.local/lib/python3.12/site-packages/airflow/example_dags/example_sla_dag.py
[2024-06-03T10:34:12.041+0000] {logging_mixin.py:188} INFO - [2024-06-03T10:34:12.040+0000] {dag.py:3096} INFO - Sync 1 DAGs
[2024-06-03T10:34:12.075+0000] {logging_mixin.py:188} INFO - [2024-06-03T10:34:12.075+0000] {dag.py:3954} INFO - Setting next_dagrun for example_sla_dag to 2024-06-03 10:32:00+00:00, run_after=2024-06-03 10:34:00+00:00
[2024-06-03T10:34:12.102+0000] {processor.py:183} INFO - Processing /home/airflow/.local/lib/python3.12/site-packages/airflow/example_dags/example_sla_dag.py took 0.107 seconds
[2024-06-03T10:34:42.683+0000] {processor.py:161} INFO - Started process (PID=6462) to work on /home/airflow/.local/lib/python3.12/site-packages/airflow/example_dags/example_sla_dag.py
[2024-06-03T10:34:42.684+0000] {processor.py:830} INFO - Processing file /home/airflow/.local/lib/python3.12/site-packages/airflow/example_dags/example_sla_dag.py for tasks to queue
[2024-06-03T10:34:42.686+0000] {logging_mixin.py:188} INFO - [2024-06-03T10:34:42.685+0000] {dagbag.py:545} INFO - Filling up the DagBag from /home/airflow/.local/lib/python3.12/site-packages/airflow/example_dags/example_sla_dag.py
[2024-06-03T10:34:42.696+0000] {processor.py:840} INFO - DAG(s) 'example_sla_dag' retrieved from /home/airflow/.local/lib/python3.12/site-packages/airflow/example_dags/example_sla_dag.py
[2024-06-03T10:34:42.722+0000] {logging_mixin.py:188} INFO - [2024-06-03T10:34:42.721+0000] {dag.py:3096} INFO - Sync 1 DAGs
[2024-06-03T10:34:42.759+0000] {logging_mixin.py:188} INFO - [2024-06-03T10:34:42.759+0000] {dag.py:3954} INFO - Setting next_dagrun for example_sla_dag to 2024-06-03 10:32:00+00:00, run_after=2024-06-03 10:34:00+00:00
[2024-06-03T10:34:42.786+0000] {processor.py:183} INFO - Processing /home/airflow/.local/lib/python3.12/site-packages/airflow/example_dags/example_sla_dag.py took 0.110 seconds
[2024-06-03T10:35:12.987+0000] {processor.py:161} INFO - Started process (PID=6718) to work on /home/airflow/.local/lib/python3.12/site-packages/airflow/example_dags/example_sla_dag.py
[2024-06-03T10:35:12.988+0000] {processor.py:830} INFO - Processing file /home/airflow/.local/lib/python3.12/site-packages/airflow/example_dags/example_sla_dag.py for tasks to queue
[2024-06-03T10:35:12.990+0000] {logging_mixin.py:188} INFO - [2024-06-03T10:35:12.989+0000] {dagbag.py:545} INFO - Filling up the DagBag from /home/airflow/.local/lib/python3.12/site-packages/airflow/example_dags/example_sla_dag.py
[2024-06-03T10:35:13.000+0000] {processor.py:840} INFO - DAG(s) 'example_sla_dag' retrieved from /home/airflow/.local/lib/python3.12/site-packages/airflow/example_dags/example_sla_dag.py
[2024-06-03T10:35:13.026+0000] {logging_mixin.py:188} INFO - [2024-06-03T10:35:13.025+0000] {dag.py:3096} INFO - Sync 1 DAGs
[2024-06-03T10:35:13.062+0000] {logging_mixin.py:188} INFO - [2024-06-03T10:35:13.062+0000] {dag.py:3954} INFO - Setting next_dagrun for example_sla_dag to 2024-06-03 10:32:00+00:00, run_after=2024-06-03 10:34:00+00:00
[2024-06-03T10:35:13.092+0000] {processor.py:183} INFO - Processing /home/airflow/.local/lib/python3.12/site-packages/airflow/example_dags/example_sla_dag.py took 0.112 seconds
[2024-06-03T10:35:43.282+0000] {processor.py:161} INFO - Started process (PID=6971) to work on /home/airflow/.local/lib/python3.12/site-packages/airflow/example_dags/example_sla_dag.py
[2024-06-03T10:35:43.283+0000] {processor.py:830} INFO - Processing file /home/airflow/.local/lib/python3.12/site-packages/airflow/example_dags/example_sla_dag.py for tasks to queue
[2024-06-03T10:35:43.284+0000] {logging_mixin.py:188} INFO - [2024-06-03T10:35:43.284+0000] {dagbag.py:545} INFO - Filling up the DagBag from /home/airflow/.local/lib/python3.12/site-packages/airflow/example_dags/example_sla_dag.py
[2024-06-03T10:35:43.294+0000] {processor.py:840} INFO - DAG(s) 'example_sla_dag' retrieved from /home/airflow/.local/lib/python3.12/site-packages/airflow/example_dags/example_sla_dag.py
[2024-06-03T10:35:43.318+0000] {logging_mixin.py:188} INFO - [2024-06-03T10:35:43.318+0000] {dag.py:3096} INFO - Sync 1 DAGs
[2024-06-03T10:35:43.353+0000] {logging_mixin.py:188} INFO - [2024-06-03T10:35:43.353+0000] {dag.py:3954} INFO - Setting next_dagrun for example_sla_dag to 2024-06-03 10:32:00+00:00, run_after=2024-06-03 10:34:00+00:00
[2024-06-03T10:35:43.377+0000] {processor.py:183} INFO - Processing /home/airflow/.local/lib/python3.12/site-packages/airflow/example_dags/example_sla_dag.py took 0.103 seconds
[2024-06-03T10:36:13.459+0000] {processor.py:161} INFO - Started process (PID=7227) to work on /home/airflow/.local/lib/python3.12/site-packages/airflow/example_dags/example_sla_dag.py
[2024-06-03T10:36:13.460+0000] {processor.py:830} INFO - Processing file /home/airflow/.local/lib/python3.12/site-packages/airflow/example_dags/example_sla_dag.py for tasks to queue
[2024-06-03T10:36:13.462+0000] {logging_mixin.py:188} INFO - [2024-06-03T10:36:13.461+0000] {dagbag.py:545} INFO - Filling up the DagBag from /home/airflow/.local/lib/python3.12/site-packages/airflow/example_dags/example_sla_dag.py
[2024-06-03T10:36:13.471+0000] {processor.py:840} INFO - DAG(s) 'example_sla_dag' retrieved from /home/airflow/.local/lib/python3.12/site-packages/airflow/example_dags/example_sla_dag.py
[2024-06-03T10:36:13.504+0000] {logging_mixin.py:188} INFO - [2024-06-03T10:36:13.503+0000] {dag.py:3096} INFO - Sync 1 DAGs
[2024-06-03T10:36:13.549+0000] {logging_mixin.py:188} INFO - [2024-06-03T10:36:13.548+0000] {dag.py:3954} INFO - Setting next_dagrun for example_sla_dag to 2024-06-03 10:34:00+00:00, run_after=2024-06-03 10:36:00+00:00
[2024-06-03T10:36:13.577+0000] {processor.py:183} INFO - Processing /home/airflow/.local/lib/python3.12/site-packages/airflow/example_dags/example_sla_dag.py took 0.125 seconds
[2024-06-03T10:36:43.695+0000] {processor.py:161} INFO - Started process (PID=7483) to work on /home/airflow/.local/lib/python3.12/site-packages/airflow/example_dags/example_sla_dag.py
[2024-06-03T10:36:43.695+0000] {processor.py:830} INFO - Processing file /home/airflow/.local/lib/python3.12/site-packages/airflow/example_dags/example_sla_dag.py for tasks to queue
[2024-06-03T10:36:43.697+0000] {logging_mixin.py:188} INFO - [2024-06-03T10:36:43.697+0000] {dagbag.py:545} INFO - Filling up the DagBag from /home/airflow/.local/lib/python3.12/site-packages/airflow/example_dags/example_sla_dag.py
[2024-06-03T10:36:43.707+0000] {processor.py:840} INFO - DAG(s) 'example_sla_dag' retrieved from /home/airflow/.local/lib/python3.12/site-packages/airflow/example_dags/example_sla_dag.py
[2024-06-03T10:36:43.734+0000] {logging_mixin.py:188} INFO - [2024-06-03T10:36:43.734+0000] {dag.py:3096} INFO - Sync 1 DAGs
[2024-06-03T10:36:43.779+0000] {logging_mixin.py:188} INFO - [2024-06-03T10:36:43.778+0000] {dag.py:3954} INFO - Setting next_dagrun for example_sla_dag to 2024-06-03 10:34:00+00:00, run_after=2024-06-03 10:36:00+00:00
[2024-06-03T10:36:43.806+0000] {processor.py:183} INFO - Processing /home/airflow/.local/lib/python3.12/site-packages/airflow/example_dags/example_sla_dag.py took 0.118 seconds
[2024-06-03T10:37:14.203+0000] {processor.py:161} INFO - Started process (PID=7739) to work on /home/airflow/.local/lib/python3.12/site-packages/airflow/example_dags/example_sla_dag.py
[2024-06-03T10:37:14.204+0000] {processor.py:830} INFO - Processing file /home/airflow/.local/lib/python3.12/site-packages/airflow/example_dags/example_sla_dag.py for tasks to queue
[2024-06-03T10:37:14.206+0000] {logging_mixin.py:188} INFO - [2024-06-03T10:37:14.206+0000] {dagbag.py:545} INFO - Filling up the DagBag from /home/airflow/.local/lib/python3.12/site-packages/airflow/example_dags/example_sla_dag.py
[2024-06-03T10:37:14.216+0000] {processor.py:840} INFO - DAG(s) 'example_sla_dag' retrieved from /home/airflow/.local/lib/python3.12/site-packages/airflow/example_dags/example_sla_dag.py
[2024-06-03T10:37:14.242+0000] {logging_mixin.py:188} INFO - [2024-06-03T10:37:14.241+0000] {dag.py:3096} INFO - Sync 1 DAGs
[2024-06-03T10:37:14.277+0000] {logging_mixin.py:188} INFO - [2024-06-03T10:37:14.277+0000] {dag.py:3954} INFO - Setting next_dagrun for example_sla_dag to 2024-06-03 10:34:00+00:00, run_after=2024-06-03 10:36:00+00:00
[2024-06-03T10:37:14.301+0000] {processor.py:183} INFO - Processing /home/airflow/.local/lib/python3.12/site-packages/airflow/example_dags/example_sla_dag.py took 0.106 seconds
[2024-06-03T10:37:44.789+0000] {processor.py:161} INFO - Started process (PID=7995) to work on /home/airflow/.local/lib/python3.12/site-packages/airflow/example_dags/example_sla_dag.py
[2024-06-03T10:37:44.790+0000] {processor.py:830} INFO - Processing file /home/airflow/.local/lib/python3.12/site-packages/airflow/example_dags/example_sla_dag.py for tasks to queue
[2024-06-03T10:37:44.792+0000] {logging_mixin.py:188} INFO - [2024-06-03T10:37:44.791+0000] {dagbag.py:545} INFO - Filling up the DagBag from /home/airflow/.local/lib/python3.12/site-packages/airflow/example_dags/example_sla_dag.py
[2024-06-03T10:37:44.802+0000] {processor.py:840} INFO - DAG(s) 'example_sla_dag' retrieved from /home/airflow/.local/lib/python3.12/site-packages/airflow/example_dags/example_sla_dag.py
[2024-06-03T10:37:44.826+0000] {logging_mixin.py:188} INFO - [2024-06-03T10:37:44.826+0000] {dag.py:3096} INFO - Sync 1 DAGs
[2024-06-03T10:37:44.861+0000] {logging_mixin.py:188} INFO - [2024-06-03T10:37:44.861+0000] {dag.py:3954} INFO - Setting next_dagrun for example_sla_dag to 2024-06-03 10:34:00+00:00, run_after=2024-06-03 10:36:00+00:00
[2024-06-03T10:37:44.885+0000] {processor.py:183} INFO - Processing /home/airflow/.local/lib/python3.12/site-packages/airflow/example_dags/example_sla_dag.py took 0.103 seconds
[2024-06-03T10:38:15.417+0000] {processor.py:161} INFO - Started process (PID=8251) to work on /home/airflow/.local/lib/python3.12/site-packages/airflow/example_dags/example_sla_dag.py
[2024-06-03T10:38:15.418+0000] {processor.py:830} INFO - Processing file /home/airflow/.local/lib/python3.12/site-packages/airflow/example_dags/example_sla_dag.py for tasks to queue
[2024-06-03T10:38:15.420+0000] {logging_mixin.py:188} INFO - [2024-06-03T10:38:15.420+0000] {dagbag.py:545} INFO - Filling up the DagBag from /home/airflow/.local/lib/python3.12/site-packages/airflow/example_dags/example_sla_dag.py
[2024-06-03T10:38:15.430+0000] {processor.py:840} INFO - DAG(s) 'example_sla_dag' retrieved from /home/airflow/.local/lib/python3.12/site-packages/airflow/example_dags/example_sla_dag.py
[2024-06-03T10:38:15.459+0000] {logging_mixin.py:188} INFO - [2024-06-03T10:38:15.458+0000] {dag.py:3096} INFO - Sync 1 DAGs
[2024-06-03T10:38:15.502+0000] {logging_mixin.py:188} INFO - [2024-06-03T10:38:15.502+0000] {dag.py:3954} INFO - Setting next_dagrun for example_sla_dag to 2024-06-03 10:36:00+00:00, run_after=2024-06-03 10:38:00+00:00
[2024-06-03T10:38:15.531+0000] {processor.py:183} INFO - Processing /home/airflow/.local/lib/python3.12/site-packages/airflow/example_dags/example_sla_dag.py took 0.121 seconds
[2024-06-03T10:38:45.723+0000] {processor.py:161} INFO - Started process (PID=8507) to work on /home/airflow/.local/lib/python3.12/site-packages/airflow/example_dags/example_sla_dag.py
[2024-06-03T10:38:45.723+0000] {processor.py:830} INFO - Processing file /home/airflow/.local/lib/python3.12/site-packages/airflow/example_dags/example_sla_dag.py for tasks to queue
[2024-06-03T10:38:45.725+0000] {logging_mixin.py:188} INFO - [2024-06-03T10:38:45.725+0000] {dagbag.py:545} INFO - Filling up the DagBag from /home/airflow/.local/lib/python3.12/site-packages/airflow/example_dags/example_sla_dag.py
[2024-06-03T10:38:45.735+0000] {processor.py:840} INFO - DAG(s) 'example_sla_dag' retrieved from /home/airflow/.local/lib/python3.12/site-packages/airflow/example_dags/example_sla_dag.py
[2024-06-03T10:38:45.759+0000] {logging_mixin.py:188} INFO - [2024-06-03T10:38:45.758+0000] {dag.py:3096} INFO - Sync 1 DAGs
[2024-06-03T10:38:45.794+0000] {logging_mixin.py:188} INFO - [2024-06-03T10:38:45.794+0000] {dag.py:3954} INFO - Setting next_dagrun for example_sla_dag to 2024-06-03 10:36:00+00:00, run_after=2024-06-03 10:38:00+00:00
[2024-06-03T10:38:45.818+0000] {processor.py:183} INFO - Processing /home/airflow/.local/lib/python3.12/site-packages/airflow/example_dags/example_sla_dag.py took 0.102 seconds
[2024-06-03T10:39:16.701+0000] {processor.py:161} INFO - Started process (PID=8763) to work on /home/airflow/.local/lib/python3.12/site-packages/airflow/example_dags/example_sla_dag.py
[2024-06-03T10:39:16.702+0000] {processor.py:830} INFO - Processing file /home/airflow/.local/lib/python3.12/site-packages/airflow/example_dags/example_sla_dag.py for tasks to queue
[2024-06-03T10:39:16.703+0000] {logging_mixin.py:188} INFO - [2024-06-03T10:39:16.703+0000] {dagbag.py:545} INFO - Filling up the DagBag from /home/airflow/.local/lib/python3.12/site-packages/airflow/example_dags/example_sla_dag.py
[2024-06-03T10:39:16.714+0000] {processor.py:840} INFO - DAG(s) 'example_sla_dag' retrieved from /home/airflow/.local/lib/python3.12/site-packages/airflow/example_dags/example_sla_dag.py
[2024-06-03T10:39:16.739+0000] {logging_mixin.py:188} INFO - [2024-06-03T10:39:16.738+0000] {dag.py:3096} INFO - Sync 1 DAGs
[2024-06-03T10:39:16.774+0000] {logging_mixin.py:188} INFO - [2024-06-03T10:39:16.774+0000] {dag.py:3954} INFO - Setting next_dagrun for example_sla_dag to 2024-06-03 10:36:00+00:00, run_after=2024-06-03 10:38:00+00:00
[2024-06-03T10:39:16.799+0000] {processor.py:183} INFO - Processing /home/airflow/.local/lib/python3.12/site-packages/airflow/example_dags/example_sla_dag.py took 0.106 seconds
[2024-06-03T10:39:47.694+0000] {processor.py:161} INFO - Started process (PID=9019) to work on /home/airflow/.local/lib/python3.12/site-packages/airflow/example_dags/example_sla_dag.py
[2024-06-03T10:39:47.695+0000] {processor.py:830} INFO - Processing file /home/airflow/.local/lib/python3.12/site-packages/airflow/example_dags/example_sla_dag.py for tasks to queue
[2024-06-03T10:39:47.697+0000] {logging_mixin.py:188} INFO - [2024-06-03T10:39:47.697+0000] {dagbag.py:545} INFO - Filling up the DagBag from /home/airflow/.local/lib/python3.12/site-packages/airflow/example_dags/example_sla_dag.py
[2024-06-03T10:39:47.707+0000] {processor.py:840} INFO - DAG(s) 'example_sla_dag' retrieved from /home/airflow/.local/lib/python3.12/site-packages/airflow/example_dags/example_sla_dag.py
[2024-06-03T10:39:47.731+0000] {logging_mixin.py:188} INFO - [2024-06-03T10:39:47.731+0000] {dag.py:3096} INFO - Sync 1 DAGs
[2024-06-03T10:39:47.767+0000] {logging_mixin.py:188} INFO - [2024-06-03T10:39:47.767+0000] {dag.py:3954} INFO - Setting next_dagrun for example_sla_dag to 2024-06-03 10:36:00+00:00, run_after=2024-06-03 10:38:00+00:00
[2024-06-03T10:39:47.791+0000] {processor.py:183} INFO - Processing /home/airflow/.local/lib/python3.12/site-packages/airflow/example_dags/example_sla_dag.py took 0.104 seconds
[2024-06-03T10:40:18.445+0000] {processor.py:161} INFO - Started process (PID=9275) to work on /home/airflow/.local/lib/python3.12/site-packages/airflow/example_dags/example_sla_dag.py
[2024-06-03T10:40:18.446+0000] {processor.py:830} INFO - Processing file /home/airflow/.local/lib/python3.12/site-packages/airflow/example_dags/example_sla_dag.py for tasks to queue
[2024-06-03T10:40:18.448+0000] {logging_mixin.py:188} INFO - [2024-06-03T10:40:18.447+0000] {dagbag.py:545} INFO - Filling up the DagBag from /home/airflow/.local/lib/python3.12/site-packages/airflow/example_dags/example_sla_dag.py
[2024-06-03T10:40:18.460+0000] {processor.py:840} INFO - DAG(s) 'example_sla_dag' retrieved from /home/airflow/.local/lib/python3.12/site-packages/airflow/example_dags/example_sla_dag.py
[2024-06-03T10:40:18.485+0000] {logging_mixin.py:188} INFO - [2024-06-03T10:40:18.485+0000] {dag.py:3096} INFO - Sync 1 DAGs
[2024-06-03T10:40:18.520+0000] {logging_mixin.py:188} INFO - [2024-06-03T10:40:18.520+0000] {dag.py:3954} INFO - Setting next_dagrun for example_sla_dag to 2024-06-03 10:38:00+00:00, run_after=2024-06-03 10:40:00+00:00
[2024-06-03T10:40:18.544+0000] {processor.py:183} INFO - Processing /home/airflow/.local/lib/python3.12/site-packages/airflow/example_dags/example_sla_dag.py took 0.108 seconds
[2024-06-03T10:40:48.665+0000] {processor.py:161} INFO - Started process (PID=9531) to work on /home/airflow/.local/lib/python3.12/site-packages/airflow/example_dags/example_sla_dag.py
[2024-06-03T10:40:48.666+0000] {processor.py:830} INFO - Processing file /home/airflow/.local/lib/python3.12/site-packages/airflow/example_dags/example_sla_dag.py for tasks to queue
[2024-06-03T10:40:48.668+0000] {logging_mixin.py:188} INFO - [2024-06-03T10:40:48.667+0000] {dagbag.py:545} INFO - Filling up the DagBag from /home/airflow/.local/lib/python3.12/site-packages/airflow/example_dags/example_sla_dag.py
[2024-06-03T10:40:48.677+0000] {processor.py:840} INFO - DAG(s) 'example_sla_dag' retrieved from /home/airflow/.local/lib/python3.12/site-packages/airflow/example_dags/example_sla_dag.py
[2024-06-03T10:40:48.704+0000] {logging_mixin.py:188} INFO - [2024-06-03T10:40:48.704+0000] {dag.py:3096} INFO - Sync 1 DAGs
[2024-06-03T10:40:48.748+0000] {logging_mixin.py:188} INFO - [2024-06-03T10:40:48.747+0000] {dag.py:3954} INFO - Setting next_dagrun for example_sla_dag to 2024-06-03 10:38:00+00:00, run_after=2024-06-03 10:40:00+00:00
[2024-06-03T10:40:48.774+0000] {processor.py:183} INFO - Processing /home/airflow/.local/lib/python3.12/site-packages/airflow/example_dags/example_sla_dag.py took 0.116 seconds
[2024-06-03T10:41:19.737+0000] {processor.py:161} INFO - Started process (PID=9787) to work on /home/airflow/.local/lib/python3.12/site-packages/airflow/example_dags/example_sla_dag.py
[2024-06-03T10:41:19.738+0000] {processor.py:830} INFO - Processing file /home/airflow/.local/lib/python3.12/site-packages/airflow/example_dags/example_sla_dag.py for tasks to queue
[2024-06-03T10:41:19.740+0000] {logging_mixin.py:188} INFO - [2024-06-03T10:41:19.740+0000] {dagbag.py:545} INFO - Filling up the DagBag from /home/airflow/.local/lib/python3.12/site-packages/airflow/example_dags/example_sla_dag.py
[2024-06-03T10:41:19.752+0000] {processor.py:840} INFO - DAG(s) 'example_sla_dag' retrieved from /home/airflow/.local/lib/python3.12/site-packages/airflow/example_dags/example_sla_dag.py
[2024-06-03T10:41:19.777+0000] {logging_mixin.py:188} INFO - [2024-06-03T10:41:19.777+0000] {dag.py:3096} INFO - Sync 1 DAGs
[2024-06-03T10:41:19.821+0000] {logging_mixin.py:188} INFO - [2024-06-03T10:41:19.820+0000] {dag.py:3954} INFO - Setting next_dagrun for example_sla_dag to 2024-06-03 10:38:00+00:00, run_after=2024-06-03 10:40:00+00:00
[2024-06-03T10:41:19.845+0000] {processor.py:183} INFO - Processing /home/airflow/.local/lib/python3.12/site-packages/airflow/example_dags/example_sla_dag.py took 0.115 seconds
[2024-06-03T10:41:49.940+0000] {processor.py:161} INFO - Started process (PID=10043) to work on /home/airflow/.local/lib/python3.12/site-packages/airflow/example_dags/example_sla_dag.py
[2024-06-03T10:41:49.941+0000] {processor.py:830} INFO - Processing file /home/airflow/.local/lib/python3.12/site-packages/airflow/example_dags/example_sla_dag.py for tasks to queue
[2024-06-03T10:41:49.943+0000] {logging_mixin.py:188} INFO - [2024-06-03T10:41:49.942+0000] {dagbag.py:545} INFO - Filling up the DagBag from /home/airflow/.local/lib/python3.12/site-packages/airflow/example_dags/example_sla_dag.py
[2024-06-03T10:41:49.952+0000] {processor.py:840} INFO - DAG(s) 'example_sla_dag' retrieved from /home/airflow/.local/lib/python3.12/site-packages/airflow/example_dags/example_sla_dag.py
[2024-06-03T10:41:49.977+0000] {logging_mixin.py:188} INFO - [2024-06-03T10:41:49.976+0000] {dag.py:3096} INFO - Sync 1 DAGs
[2024-06-03T10:41:50.011+0000] {logging_mixin.py:188} INFO - [2024-06-03T10:41:50.011+0000] {dag.py:3954} INFO - Setting next_dagrun for example_sla_dag to 2024-06-03 10:38:00+00:00, run_after=2024-06-03 10:40:00+00:00
[2024-06-03T10:41:50.034+0000] {processor.py:183} INFO - Processing /home/airflow/.local/lib/python3.12/site-packages/airflow/example_dags/example_sla_dag.py took 0.102 seconds
[2024-06-03T10:42:20.077+0000] {processor.py:161} INFO - Started process (PID=10297) to work on /home/airflow/.local/lib/python3.12/site-packages/airflow/example_dags/example_sla_dag.py
[2024-06-03T10:42:20.078+0000] {processor.py:830} INFO - Processing file /home/airflow/.local/lib/python3.12/site-packages/airflow/example_dags/example_sla_dag.py for tasks to queue
[2024-06-03T10:42:20.080+0000] {logging_mixin.py:188} INFO - [2024-06-03T10:42:20.080+0000] {dagbag.py:545} INFO - Filling up the DagBag from /home/airflow/.local/lib/python3.12/site-packages/airflow/example_dags/example_sla_dag.py
[2024-06-03T10:42:20.090+0000] {processor.py:840} INFO - DAG(s) 'example_sla_dag' retrieved from /home/airflow/.local/lib/python3.12/site-packages/airflow/example_dags/example_sla_dag.py
[2024-06-03T10:42:20.115+0000] {logging_mixin.py:188} INFO - [2024-06-03T10:42:20.115+0000] {dag.py:3096} INFO - Sync 1 DAGs
[2024-06-03T10:42:20.152+0000] {logging_mixin.py:188} INFO - [2024-06-03T10:42:20.152+0000] {dag.py:3954} INFO - Setting next_dagrun for example_sla_dag to 2024-06-03 10:40:00+00:00, run_after=2024-06-03 10:42:00+00:00
[2024-06-03T10:42:20.179+0000] {processor.py:183} INFO - Processing /home/airflow/.local/lib/python3.12/site-packages/airflow/example_dags/example_sla_dag.py took 0.108 seconds
[2024-06-03T10:42:50.242+0000] {processor.py:161} INFO - Started process (PID=10549) to work on /home/airflow/.local/lib/python3.12/site-packages/airflow/example_dags/example_sla_dag.py
[2024-06-03T10:42:50.243+0000] {processor.py:830} INFO - Processing file /home/airflow/.local/lib/python3.12/site-packages/airflow/example_dags/example_sla_dag.py for tasks to queue
[2024-06-03T10:42:50.245+0000] {logging_mixin.py:188} INFO - [2024-06-03T10:42:50.245+0000] {dagbag.py:545} INFO - Filling up the DagBag from /home/airflow/.local/lib/python3.12/site-packages/airflow/example_dags/example_sla_dag.py
[2024-06-03T10:42:50.255+0000] {processor.py:840} INFO - DAG(s) 'example_sla_dag' retrieved from /home/airflow/.local/lib/python3.12/site-packages/airflow/example_dags/example_sla_dag.py
[2024-06-03T10:42:50.278+0000] {logging_mixin.py:188} INFO - [2024-06-03T10:42:50.278+0000] {dag.py:3096} INFO - Sync 1 DAGs
[2024-06-03T10:42:50.312+0000] {logging_mixin.py:188} INFO - [2024-06-03T10:42:50.311+0000] {dag.py:3954} INFO - Setting next_dagrun for example_sla_dag to 2024-06-03 10:40:00+00:00, run_after=2024-06-03 10:42:00+00:00
[2024-06-03T10:42:50.333+0000] {processor.py:183} INFO - Processing /home/airflow/.local/lib/python3.12/site-packages/airflow/example_dags/example_sla_dag.py took 0.098 seconds
[2024-06-03T10:43:20.372+0000] {processor.py:161} INFO - Started process (PID=10805) to work on /home/airflow/.local/lib/python3.12/site-packages/airflow/example_dags/example_sla_dag.py
[2024-06-03T10:43:20.373+0000] {processor.py:830} INFO - Processing file /home/airflow/.local/lib/python3.12/site-packages/airflow/example_dags/example_sla_dag.py for tasks to queue
[2024-06-03T10:43:20.374+0000] {logging_mixin.py:188} INFO - [2024-06-03T10:43:20.374+0000] {dagbag.py:545} INFO - Filling up the DagBag from /home/airflow/.local/lib/python3.12/site-packages/airflow/example_dags/example_sla_dag.py
[2024-06-03T10:43:20.384+0000] {processor.py:840} INFO - DAG(s) 'example_sla_dag' retrieved from /home/airflow/.local/lib/python3.12/site-packages/airflow/example_dags/example_sla_dag.py
[2024-06-03T10:43:20.408+0000] {logging_mixin.py:188} INFO - [2024-06-03T10:43:20.407+0000] {dag.py:3096} INFO - Sync 1 DAGs
[2024-06-03T10:43:20.443+0000] {logging_mixin.py:188} INFO - [2024-06-03T10:43:20.443+0000] {dag.py:3954} INFO - Setting next_dagrun for example_sla_dag to 2024-06-03 10:40:00+00:00, run_after=2024-06-03 10:42:00+00:00
[2024-06-03T10:43:20.467+0000] {processor.py:183} INFO - Processing /home/airflow/.local/lib/python3.12/site-packages/airflow/example_dags/example_sla_dag.py took 0.101 seconds
[2024-06-03T10:43:51.601+0000] {processor.py:161} INFO - Started process (PID=11059) to work on /home/airflow/.local/lib/python3.12/site-packages/airflow/example_dags/example_sla_dag.py
[2024-06-03T10:43:51.603+0000] {processor.py:830} INFO - Processing file /home/airflow/.local/lib/python3.12/site-packages/airflow/example_dags/example_sla_dag.py for tasks to queue
[2024-06-03T10:43:51.605+0000] {logging_mixin.py:188} INFO - [2024-06-03T10:43:51.604+0000] {dagbag.py:545} INFO - Filling up the DagBag from /home/airflow/.local/lib/python3.12/site-packages/airflow/example_dags/example_sla_dag.py
[2024-06-03T10:43:51.615+0000] {processor.py:840} INFO - DAG(s) 'example_sla_dag' retrieved from /home/airflow/.local/lib/python3.12/site-packages/airflow/example_dags/example_sla_dag.py
[2024-06-03T10:43:51.817+0000] {logging_mixin.py:188} INFO - [2024-06-03T10:43:51.816+0000] {dag.py:3096} INFO - Sync 1 DAGs
[2024-06-03T10:43:51.851+0000] {logging_mixin.py:188} INFO - [2024-06-03T10:43:51.851+0000] {dag.py:3954} INFO - Setting next_dagrun for example_sla_dag to 2024-06-03 10:40:00+00:00, run_after=2024-06-03 10:42:00+00:00
[2024-06-03T10:43:51.875+0000] {processor.py:183} INFO - Processing /home/airflow/.local/lib/python3.12/site-packages/airflow/example_dags/example_sla_dag.py took 0.281 seconds
[2024-06-03T10:44:22.412+0000] {processor.py:161} INFO - Started process (PID=11315) to work on /home/airflow/.local/lib/python3.12/site-packages/airflow/example_dags/example_sla_dag.py
[2024-06-03T10:44:22.413+0000] {processor.py:830} INFO - Processing file /home/airflow/.local/lib/python3.12/site-packages/airflow/example_dags/example_sla_dag.py for tasks to queue
[2024-06-03T10:44:22.415+0000] {logging_mixin.py:188} INFO - [2024-06-03T10:44:22.414+0000] {dagbag.py:545} INFO - Filling up the DagBag from /home/airflow/.local/lib/python3.12/site-packages/airflow/example_dags/example_sla_dag.py
[2024-06-03T10:44:22.425+0000] {processor.py:840} INFO - DAG(s) 'example_sla_dag' retrieved from /home/airflow/.local/lib/python3.12/site-packages/airflow/example_dags/example_sla_dag.py
[2024-06-03T10:44:22.457+0000] {logging_mixin.py:188} INFO - [2024-06-03T10:44:22.456+0000] {dag.py:3096} INFO - Sync 1 DAGs
[2024-06-03T10:44:22.669+0000] {logging_mixin.py:188} INFO - [2024-06-03T10:44:22.669+0000] {dag.py:3954} INFO - Setting next_dagrun for example_sla_dag to 2024-06-03 10:42:00+00:00, run_after=2024-06-03 10:44:00+00:00
[2024-06-03T10:44:22.695+0000] {processor.py:183} INFO - Processing /home/airflow/.local/lib/python3.12/site-packages/airflow/example_dags/example_sla_dag.py took 0.290 seconds
[2024-06-03T10:44:52.763+0000] {processor.py:161} INFO - Started process (PID=11573) to work on /home/airflow/.local/lib/python3.12/site-packages/airflow/example_dags/example_sla_dag.py
[2024-06-03T10:44:52.764+0000] {processor.py:830} INFO - Processing file /home/airflow/.local/lib/python3.12/site-packages/airflow/example_dags/example_sla_dag.py for tasks to queue
[2024-06-03T10:44:52.767+0000] {logging_mixin.py:188} INFO - [2024-06-03T10:44:52.767+0000] {dagbag.py:545} INFO - Filling up the DagBag from /home/airflow/.local/lib/python3.12/site-packages/airflow/example_dags/example_sla_dag.py
[2024-06-03T10:44:52.779+0000] {processor.py:840} INFO - DAG(s) 'example_sla_dag' retrieved from /home/airflow/.local/lib/python3.12/site-packages/airflow/example_dags/example_sla_dag.py
[2024-06-03T10:44:52.803+0000] {logging_mixin.py:188} INFO - [2024-06-03T10:44:52.802+0000] {dag.py:3096} INFO - Sync 1 DAGs
[2024-06-03T10:44:52.837+0000] {logging_mixin.py:188} INFO - [2024-06-03T10:44:52.837+0000] {dag.py:3954} INFO - Setting next_dagrun for example_sla_dag to 2024-06-03 10:42:00+00:00, run_after=2024-06-03 10:44:00+00:00
[2024-06-03T10:44:52.858+0000] {processor.py:183} INFO - Processing /home/airflow/.local/lib/python3.12/site-packages/airflow/example_dags/example_sla_dag.py took 0.101 seconds
[2024-06-03T10:45:23.664+0000] {processor.py:161} INFO - Started process (PID=11827) to work on /home/airflow/.local/lib/python3.12/site-packages/airflow/example_dags/example_sla_dag.py
[2024-06-03T10:45:23.665+0000] {processor.py:830} INFO - Processing file /home/airflow/.local/lib/python3.12/site-packages/airflow/example_dags/example_sla_dag.py for tasks to queue
[2024-06-03T10:45:23.666+0000] {logging_mixin.py:188} INFO - [2024-06-03T10:45:23.666+0000] {dagbag.py:545} INFO - Filling up the DagBag from /home/airflow/.local/lib/python3.12/site-packages/airflow/example_dags/example_sla_dag.py
[2024-06-03T10:45:23.677+0000] {processor.py:840} INFO - DAG(s) 'example_sla_dag' retrieved from /home/airflow/.local/lib/python3.12/site-packages/airflow/example_dags/example_sla_dag.py
[2024-06-03T10:45:23.702+0000] {logging_mixin.py:188} INFO - [2024-06-03T10:45:23.702+0000] {dag.py:3096} INFO - Sync 1 DAGs
[2024-06-03T10:45:23.740+0000] {logging_mixin.py:188} INFO - [2024-06-03T10:45:23.739+0000] {dag.py:3954} INFO - Setting next_dagrun for example_sla_dag to 2024-06-03 10:42:00+00:00, run_after=2024-06-03 10:44:00+00:00
[2024-06-03T10:45:23.764+0000] {processor.py:183} INFO - Processing /home/airflow/.local/lib/python3.12/site-packages/airflow/example_dags/example_sla_dag.py took 0.108 seconds
[2024-06-03T10:45:54.334+0000] {processor.py:161} INFO - Started process (PID=12083) to work on /home/airflow/.local/lib/python3.12/site-packages/airflow/example_dags/example_sla_dag.py
[2024-06-03T10:45:54.336+0000] {processor.py:830} INFO - Processing file /home/airflow/.local/lib/python3.12/site-packages/airflow/example_dags/example_sla_dag.py for tasks to queue
[2024-06-03T10:45:54.338+0000] {logging_mixin.py:188} INFO - [2024-06-03T10:45:54.337+0000] {dagbag.py:545} INFO - Filling up the DagBag from /home/airflow/.local/lib/python3.12/site-packages/airflow/example_dags/example_sla_dag.py
[2024-06-03T10:45:54.350+0000] {processor.py:840} INFO - DAG(s) 'example_sla_dag' retrieved from /home/airflow/.local/lib/python3.12/site-packages/airflow/example_dags/example_sla_dag.py
[2024-06-03T10:45:54.377+0000] {logging_mixin.py:188} INFO - [2024-06-03T10:45:54.376+0000] {dag.py:3096} INFO - Sync 1 DAGs
[2024-06-03T10:45:54.415+0000] {logging_mixin.py:188} INFO - [2024-06-03T10:45:54.415+0000] {dag.py:3954} INFO - Setting next_dagrun for example_sla_dag to 2024-06-03 10:42:00+00:00, run_after=2024-06-03 10:44:00+00:00
[2024-06-03T10:45:54.437+0000] {processor.py:183} INFO - Processing /home/airflow/.local/lib/python3.12/site-packages/airflow/example_dags/example_sla_dag.py took 0.111 seconds
[2024-06-03T10:46:24.703+0000] {processor.py:161} INFO - Started process (PID=12339) to work on /home/airflow/.local/lib/python3.12/site-packages/airflow/example_dags/example_sla_dag.py
[2024-06-03T10:46:24.703+0000] {processor.py:830} INFO - Processing file /home/airflow/.local/lib/python3.12/site-packages/airflow/example_dags/example_sla_dag.py for tasks to queue
[2024-06-03T10:46:24.705+0000] {logging_mixin.py:188} INFO - [2024-06-03T10:46:24.705+0000] {dagbag.py:545} INFO - Filling up the DagBag from /home/airflow/.local/lib/python3.12/site-packages/airflow/example_dags/example_sla_dag.py
[2024-06-03T10:46:24.715+0000] {processor.py:840} INFO - DAG(s) 'example_sla_dag' retrieved from /home/airflow/.local/lib/python3.12/site-packages/airflow/example_dags/example_sla_dag.py
[2024-06-03T10:46:24.739+0000] {logging_mixin.py:188} INFO - [2024-06-03T10:46:24.738+0000] {dag.py:3096} INFO - Sync 1 DAGs
[2024-06-03T10:46:24.775+0000] {logging_mixin.py:188} INFO - [2024-06-03T10:46:24.774+0000] {dag.py:3954} INFO - Setting next_dagrun for example_sla_dag to 2024-06-03 10:44:00+00:00, run_after=2024-06-03 10:46:00+00:00
[2024-06-03T10:46:24.797+0000] {processor.py:183} INFO - Processing /home/airflow/.local/lib/python3.12/site-packages/airflow/example_dags/example_sla_dag.py took 0.101 seconds
[2024-06-03T10:46:55.267+0000] {processor.py:161} INFO - Started process (PID=12595) to work on /home/airflow/.local/lib/python3.12/site-packages/airflow/example_dags/example_sla_dag.py
[2024-06-03T10:46:55.269+0000] {processor.py:830} INFO - Processing file /home/airflow/.local/lib/python3.12/site-packages/airflow/example_dags/example_sla_dag.py for tasks to queue
[2024-06-03T10:46:55.270+0000] {logging_mixin.py:188} INFO - [2024-06-03T10:46:55.270+0000] {dagbag.py:545} INFO - Filling up the DagBag from /home/airflow/.local/lib/python3.12/site-packages/airflow/example_dags/example_sla_dag.py
[2024-06-03T10:46:55.281+0000] {processor.py:840} INFO - DAG(s) 'example_sla_dag' retrieved from /home/airflow/.local/lib/python3.12/site-packages/airflow/example_dags/example_sla_dag.py
[2024-06-03T10:46:55.305+0000] {logging_mixin.py:188} INFO - [2024-06-03T10:46:55.305+0000] {dag.py:3096} INFO - Sync 1 DAGs
[2024-06-03T10:46:55.340+0000] {logging_mixin.py:188} INFO - [2024-06-03T10:46:55.340+0000] {dag.py:3954} INFO - Setting next_dagrun for example_sla_dag to 2024-06-03 10:44:00+00:00, run_after=2024-06-03 10:46:00+00:00
[2024-06-03T10:46:55.362+0000] {processor.py:183} INFO - Processing /home/airflow/.local/lib/python3.12/site-packages/airflow/example_dags/example_sla_dag.py took 0.102 seconds
[2024-06-03T10:47:25.930+0000] {processor.py:161} INFO - Started process (PID=12851) to work on /home/airflow/.local/lib/python3.12/site-packages/airflow/example_dags/example_sla_dag.py
[2024-06-03T10:47:25.931+0000] {processor.py:830} INFO - Processing file /home/airflow/.local/lib/python3.12/site-packages/airflow/example_dags/example_sla_dag.py for tasks to queue
[2024-06-03T10:47:25.933+0000] {logging_mixin.py:188} INFO - [2024-06-03T10:47:25.932+0000] {dagbag.py:545} INFO - Filling up the DagBag from /home/airflow/.local/lib/python3.12/site-packages/airflow/example_dags/example_sla_dag.py
[2024-06-03T10:47:25.943+0000] {processor.py:840} INFO - DAG(s) 'example_sla_dag' retrieved from /home/airflow/.local/lib/python3.12/site-packages/airflow/example_dags/example_sla_dag.py
[2024-06-03T10:47:25.970+0000] {logging_mixin.py:188} INFO - [2024-06-03T10:47:25.970+0000] {dag.py:3096} INFO - Sync 1 DAGs
[2024-06-03T10:47:26.010+0000] {logging_mixin.py:188} INFO - [2024-06-03T10:47:26.010+0000] {dag.py:3954} INFO - Setting next_dagrun for example_sla_dag to 2024-06-03 10:44:00+00:00, run_after=2024-06-03 10:46:00+00:00
[2024-06-03T10:47:26.032+0000] {processor.py:183} INFO - Processing /home/airflow/.local/lib/python3.12/site-packages/airflow/example_dags/example_sla_dag.py took 0.109 seconds
[2024-06-03T10:47:56.678+0000] {processor.py:161} INFO - Started process (PID=13107) to work on /home/airflow/.local/lib/python3.12/site-packages/airflow/example_dags/example_sla_dag.py
[2024-06-03T10:47:56.680+0000] {processor.py:830} INFO - Processing file /home/airflow/.local/lib/python3.12/site-packages/airflow/example_dags/example_sla_dag.py for tasks to queue
[2024-06-03T10:47:56.681+0000] {logging_mixin.py:188} INFO - [2024-06-03T10:47:56.681+0000] {dagbag.py:545} INFO - Filling up the DagBag from /home/airflow/.local/lib/python3.12/site-packages/airflow/example_dags/example_sla_dag.py
[2024-06-03T10:47:56.691+0000] {processor.py:840} INFO - DAG(s) 'example_sla_dag' retrieved from /home/airflow/.local/lib/python3.12/site-packages/airflow/example_dags/example_sla_dag.py
[2024-06-03T10:47:56.715+0000] {logging_mixin.py:188} INFO - [2024-06-03T10:47:56.714+0000] {dag.py:3096} INFO - Sync 1 DAGs
[2024-06-03T10:47:56.751+0000] {logging_mixin.py:188} INFO - [2024-06-03T10:47:56.751+0000] {dag.py:3954} INFO - Setting next_dagrun for example_sla_dag to 2024-06-03 10:44:00+00:00, run_after=2024-06-03 10:46:00+00:00
[2024-06-03T10:47:56.775+0000] {processor.py:183} INFO - Processing /home/airflow/.local/lib/python3.12/site-packages/airflow/example_dags/example_sla_dag.py took 0.103 seconds
[2024-06-03T10:48:27.054+0000] {processor.py:161} INFO - Started process (PID=13363) to work on /home/airflow/.local/lib/python3.12/site-packages/airflow/example_dags/example_sla_dag.py
[2024-06-03T10:48:27.055+0000] {processor.py:830} INFO - Processing file /home/airflow/.local/lib/python3.12/site-packages/airflow/example_dags/example_sla_dag.py for tasks to queue
[2024-06-03T10:48:27.057+0000] {logging_mixin.py:188} INFO - [2024-06-03T10:48:27.056+0000] {dagbag.py:545} INFO - Filling up the DagBag from /home/airflow/.local/lib/python3.12/site-packages/airflow/example_dags/example_sla_dag.py
[2024-06-03T10:48:27.067+0000] {processor.py:840} INFO - DAG(s) 'example_sla_dag' retrieved from /home/airflow/.local/lib/python3.12/site-packages/airflow/example_dags/example_sla_dag.py
[2024-06-03T10:48:27.093+0000] {logging_mixin.py:188} INFO - [2024-06-03T10:48:27.092+0000] {dag.py:3096} INFO - Sync 1 DAGs
[2024-06-03T10:48:27.129+0000] {logging_mixin.py:188} INFO - [2024-06-03T10:48:27.129+0000] {dag.py:3954} INFO - Setting next_dagrun for example_sla_dag to 2024-06-03 10:46:00+00:00, run_after=2024-06-03 10:48:00+00:00
[2024-06-03T10:48:27.152+0000] {processor.py:183} INFO - Processing /home/airflow/.local/lib/python3.12/site-packages/airflow/example_dags/example_sla_dag.py took 0.105 seconds
[2024-06-03T10:48:57.358+0000] {processor.py:161} INFO - Started process (PID=13619) to work on /home/airflow/.local/lib/python3.12/site-packages/airflow/example_dags/example_sla_dag.py
[2024-06-03T10:48:57.359+0000] {processor.py:830} INFO - Processing file /home/airflow/.local/lib/python3.12/site-packages/airflow/example_dags/example_sla_dag.py for tasks to queue
[2024-06-03T10:48:57.361+0000] {logging_mixin.py:188} INFO - [2024-06-03T10:48:57.361+0000] {dagbag.py:545} INFO - Filling up the DagBag from /home/airflow/.local/lib/python3.12/site-packages/airflow/example_dags/example_sla_dag.py
[2024-06-03T10:48:57.372+0000] {processor.py:840} INFO - DAG(s) 'example_sla_dag' retrieved from /home/airflow/.local/lib/python3.12/site-packages/airflow/example_dags/example_sla_dag.py
[2024-06-03T10:48:57.398+0000] {logging_mixin.py:188} INFO - [2024-06-03T10:48:57.398+0000] {dag.py:3096} INFO - Sync 1 DAGs
[2024-06-03T10:48:57.434+0000] {logging_mixin.py:188} INFO - [2024-06-03T10:48:57.434+0000] {dag.py:3954} INFO - Setting next_dagrun for example_sla_dag to 2024-06-03 10:46:00+00:00, run_after=2024-06-03 10:48:00+00:00
[2024-06-03T10:48:57.456+0000] {processor.py:183} INFO - Processing /home/airflow/.local/lib/python3.12/site-packages/airflow/example_dags/example_sla_dag.py took 0.106 seconds
[2024-06-03T10:49:27.677+0000] {processor.py:161} INFO - Started process (PID=13875) to work on /home/airflow/.local/lib/python3.12/site-packages/airflow/example_dags/example_sla_dag.py
[2024-06-03T10:49:27.678+0000] {processor.py:830} INFO - Processing file /home/airflow/.local/lib/python3.12/site-packages/airflow/example_dags/example_sla_dag.py for tasks to queue
[2024-06-03T10:49:27.680+0000] {logging_mixin.py:188} INFO - [2024-06-03T10:49:27.679+0000] {dagbag.py:545} INFO - Filling up the DagBag from /home/airflow/.local/lib/python3.12/site-packages/airflow/example_dags/example_sla_dag.py
[2024-06-03T10:49:27.690+0000] {processor.py:840} INFO - DAG(s) 'example_sla_dag' retrieved from /home/airflow/.local/lib/python3.12/site-packages/airflow/example_dags/example_sla_dag.py
[2024-06-03T10:49:27.716+0000] {logging_mixin.py:188} INFO - [2024-06-03T10:49:27.715+0000] {dag.py:3096} INFO - Sync 1 DAGs
[2024-06-03T10:49:27.750+0000] {logging_mixin.py:188} INFO - [2024-06-03T10:49:27.750+0000] {dag.py:3954} INFO - Setting next_dagrun for example_sla_dag to 2024-06-03 10:46:00+00:00, run_after=2024-06-03 10:48:00+00:00
[2024-06-03T10:49:27.772+0000] {processor.py:183} INFO - Processing /home/airflow/.local/lib/python3.12/site-packages/airflow/example_dags/example_sla_dag.py took 0.102 seconds
[2024-06-03T10:49:58.241+0000] {processor.py:161} INFO - Started process (PID=14131) to work on /home/airflow/.local/lib/python3.12/site-packages/airflow/example_dags/example_sla_dag.py
[2024-06-03T10:49:58.243+0000] {processor.py:830} INFO - Processing file /home/airflow/.local/lib/python3.12/site-packages/airflow/example_dags/example_sla_dag.py for tasks to queue
[2024-06-03T10:49:58.244+0000] {logging_mixin.py:188} INFO - [2024-06-03T10:49:58.244+0000] {dagbag.py:545} INFO - Filling up the DagBag from /home/airflow/.local/lib/python3.12/site-packages/airflow/example_dags/example_sla_dag.py
[2024-06-03T10:49:58.254+0000] {processor.py:840} INFO - DAG(s) 'example_sla_dag' retrieved from /home/airflow/.local/lib/python3.12/site-packages/airflow/example_dags/example_sla_dag.py
[2024-06-03T10:49:58.281+0000] {logging_mixin.py:188} INFO - [2024-06-03T10:49:58.281+0000] {dag.py:3096} INFO - Sync 1 DAGs
[2024-06-03T10:49:58.317+0000] {logging_mixin.py:188} INFO - [2024-06-03T10:49:58.317+0000] {dag.py:3954} INFO - Setting next_dagrun for example_sla_dag to 2024-06-03 10:46:00+00:00, run_after=2024-06-03 10:48:00+00:00
[2024-06-03T10:49:58.338+0000] {processor.py:183} INFO - Processing /home/airflow/.local/lib/python3.12/site-packages/airflow/example_dags/example_sla_dag.py took 0.104 seconds
[2024-06-03T10:50:28.645+0000] {processor.py:161} INFO - Started process (PID=14387) to work on /home/airflow/.local/lib/python3.12/site-packages/airflow/example_dags/example_sla_dag.py
[2024-06-03T10:50:28.646+0000] {processor.py:830} INFO - Processing file /home/airflow/.local/lib/python3.12/site-packages/airflow/example_dags/example_sla_dag.py for tasks to queue
[2024-06-03T10:50:28.648+0000] {logging_mixin.py:188} INFO - [2024-06-03T10:50:28.647+0000] {dagbag.py:545} INFO - Filling up the DagBag from /home/airflow/.local/lib/python3.12/site-packages/airflow/example_dags/example_sla_dag.py
[2024-06-03T10:50:28.660+0000] {processor.py:840} INFO - DAG(s) 'example_sla_dag' retrieved from /home/airflow/.local/lib/python3.12/site-packages/airflow/example_dags/example_sla_dag.py
[2024-06-03T10:50:28.686+0000] {logging_mixin.py:188} INFO - [2024-06-03T10:50:28.686+0000] {dag.py:3096} INFO - Sync 1 DAGs
[2024-06-03T10:50:28.722+0000] {logging_mixin.py:188} INFO - [2024-06-03T10:50:28.721+0000] {dag.py:3954} INFO - Setting next_dagrun for example_sla_dag to 2024-06-03 10:48:00+00:00, run_after=2024-06-03 10:50:00+00:00
[2024-06-03T10:50:28.743+0000] {processor.py:183} INFO - Processing /home/airflow/.local/lib/python3.12/site-packages/airflow/example_dags/example_sla_dag.py took 0.107 seconds
[2024-06-03T10:50:59.350+0000] {processor.py:161} INFO - Started process (PID=14643) to work on /home/airflow/.local/lib/python3.12/site-packages/airflow/example_dags/example_sla_dag.py
[2024-06-03T10:50:59.351+0000] {processor.py:830} INFO - Processing file /home/airflow/.local/lib/python3.12/site-packages/airflow/example_dags/example_sla_dag.py for tasks to queue
[2024-06-03T10:50:59.353+0000] {logging_mixin.py:188} INFO - [2024-06-03T10:50:59.353+0000] {dagbag.py:545} INFO - Filling up the DagBag from /home/airflow/.local/lib/python3.12/site-packages/airflow/example_dags/example_sla_dag.py
[2024-06-03T10:50:59.363+0000] {processor.py:840} INFO - DAG(s) 'example_sla_dag' retrieved from /home/airflow/.local/lib/python3.12/site-packages/airflow/example_dags/example_sla_dag.py
[2024-06-03T10:50:59.387+0000] {logging_mixin.py:188} INFO - [2024-06-03T10:50:59.387+0000] {dag.py:3096} INFO - Sync 1 DAGs
[2024-06-03T10:50:59.421+0000] {logging_mixin.py:188} INFO - [2024-06-03T10:50:59.421+0000] {dag.py:3954} INFO - Setting next_dagrun for example_sla_dag to 2024-06-03 10:48:00+00:00, run_after=2024-06-03 10:50:00+00:00
[2024-06-03T10:50:59.445+0000] {processor.py:183} INFO - Processing /home/airflow/.local/lib/python3.12/site-packages/airflow/example_dags/example_sla_dag.py took 0.102 seconds
[2024-06-03T10:51:30.123+0000] {processor.py:161} INFO - Started process (PID=14899) to work on /home/airflow/.local/lib/python3.12/site-packages/airflow/example_dags/example_sla_dag.py
[2024-06-03T10:51:30.123+0000] {processor.py:830} INFO - Processing file /home/airflow/.local/lib/python3.12/site-packages/airflow/example_dags/example_sla_dag.py for tasks to queue
[2024-06-03T10:51:30.125+0000] {logging_mixin.py:188} INFO - [2024-06-03T10:51:30.125+0000] {dagbag.py:545} INFO - Filling up the DagBag from /home/airflow/.local/lib/python3.12/site-packages/airflow/example_dags/example_sla_dag.py
[2024-06-03T10:51:30.135+0000] {processor.py:840} INFO - DAG(s) 'example_sla_dag' retrieved from /home/airflow/.local/lib/python3.12/site-packages/airflow/example_dags/example_sla_dag.py
[2024-06-03T10:51:30.159+0000] {logging_mixin.py:188} INFO - [2024-06-03T10:51:30.159+0000] {dag.py:3096} INFO - Sync 1 DAGs
[2024-06-03T10:51:30.196+0000] {logging_mixin.py:188} INFO - [2024-06-03T10:51:30.196+0000] {dag.py:3954} INFO - Setting next_dagrun for example_sla_dag to 2024-06-03 10:48:00+00:00, run_after=2024-06-03 10:50:00+00:00
[2024-06-03T10:51:30.218+0000] {processor.py:183} INFO - Processing /home/airflow/.local/lib/python3.12/site-packages/airflow/example_dags/example_sla_dag.py took 0.102 seconds
[2024-06-03T10:52:00.733+0000] {processor.py:161} INFO - Started process (PID=15155) to work on /home/airflow/.local/lib/python3.12/site-packages/airflow/example_dags/example_sla_dag.py
[2024-06-03T10:52:00.734+0000] {processor.py:830} INFO - Processing file /home/airflow/.local/lib/python3.12/site-packages/airflow/example_dags/example_sla_dag.py for tasks to queue
[2024-06-03T10:52:00.736+0000] {logging_mixin.py:188} INFO - [2024-06-03T10:52:00.736+0000] {dagbag.py:545} INFO - Filling up the DagBag from /home/airflow/.local/lib/python3.12/site-packages/airflow/example_dags/example_sla_dag.py
[2024-06-03T10:52:00.746+0000] {processor.py:840} INFO - DAG(s) 'example_sla_dag' retrieved from /home/airflow/.local/lib/python3.12/site-packages/airflow/example_dags/example_sla_dag.py
[2024-06-03T10:52:00.773+0000] {logging_mixin.py:188} INFO - [2024-06-03T10:52:00.773+0000] {dag.py:3096} INFO - Sync 1 DAGs
[2024-06-03T10:52:00.810+0000] {logging_mixin.py:188} INFO - [2024-06-03T10:52:00.810+0000] {dag.py:3954} INFO - Setting next_dagrun for example_sla_dag to 2024-06-03 10:50:00+00:00, run_after=2024-06-03 10:52:00+00:00
[2024-06-03T10:52:00.832+0000] {processor.py:183} INFO - Processing /home/airflow/.local/lib/python3.12/site-packages/airflow/example_dags/example_sla_dag.py took 0.106 seconds
[2024-06-03T10:52:31.504+0000] {processor.py:161} INFO - Started process (PID=15411) to work on /home/airflow/.local/lib/python3.12/site-packages/airflow/example_dags/example_sla_dag.py
[2024-06-03T10:52:31.504+0000] {processor.py:830} INFO - Processing file /home/airflow/.local/lib/python3.12/site-packages/airflow/example_dags/example_sla_dag.py for tasks to queue
[2024-06-03T10:52:31.506+0000] {logging_mixin.py:188} INFO - [2024-06-03T10:52:31.506+0000] {dagbag.py:545} INFO - Filling up the DagBag from /home/airflow/.local/lib/python3.12/site-packages/airflow/example_dags/example_sla_dag.py
[2024-06-03T10:52:31.516+0000] {processor.py:840} INFO - DAG(s) 'example_sla_dag' retrieved from /home/airflow/.local/lib/python3.12/site-packages/airflow/example_dags/example_sla_dag.py
[2024-06-03T10:52:31.540+0000] {logging_mixin.py:188} INFO - [2024-06-03T10:52:31.539+0000] {dag.py:3096} INFO - Sync 1 DAGs
[2024-06-03T10:52:31.574+0000] {logging_mixin.py:188} INFO - [2024-06-03T10:52:31.574+0000] {dag.py:3954} INFO - Setting next_dagrun for example_sla_dag to 2024-06-03 10:50:00+00:00, run_after=2024-06-03 10:52:00+00:00
[2024-06-03T10:52:31.597+0000] {processor.py:183} INFO - Processing /home/airflow/.local/lib/python3.12/site-packages/airflow/example_dags/example_sla_dag.py took 0.100 seconds
[2024-06-03T10:53:01.889+0000] {processor.py:161} INFO - Started process (PID=15667) to work on /home/airflow/.local/lib/python3.12/site-packages/airflow/example_dags/example_sla_dag.py
[2024-06-03T10:53:01.890+0000] {processor.py:830} INFO - Processing file /home/airflow/.local/lib/python3.12/site-packages/airflow/example_dags/example_sla_dag.py for tasks to queue
[2024-06-03T10:53:01.892+0000] {logging_mixin.py:188} INFO - [2024-06-03T10:53:01.891+0000] {dagbag.py:545} INFO - Filling up the DagBag from /home/airflow/.local/lib/python3.12/site-packages/airflow/example_dags/example_sla_dag.py
[2024-06-03T10:53:01.902+0000] {processor.py:840} INFO - DAG(s) 'example_sla_dag' retrieved from /home/airflow/.local/lib/python3.12/site-packages/airflow/example_dags/example_sla_dag.py
[2024-06-03T10:53:01.929+0000] {logging_mixin.py:188} INFO - [2024-06-03T10:53:01.929+0000] {dag.py:3096} INFO - Sync 1 DAGs
[2024-06-03T10:53:01.967+0000] {logging_mixin.py:188} INFO - [2024-06-03T10:53:01.966+0000] {dag.py:3954} INFO - Setting next_dagrun for example_sla_dag to 2024-06-03 10:50:00+00:00, run_after=2024-06-03 10:52:00+00:00
[2024-06-03T10:53:01.991+0000] {processor.py:183} INFO - Processing /home/airflow/.local/lib/python3.12/site-packages/airflow/example_dags/example_sla_dag.py took 0.109 seconds
[2024-06-03T10:53:32.260+0000] {processor.py:161} INFO - Started process (PID=15923) to work on /home/airflow/.local/lib/python3.12/site-packages/airflow/example_dags/example_sla_dag.py
[2024-06-03T10:53:32.261+0000] {processor.py:830} INFO - Processing file /home/airflow/.local/lib/python3.12/site-packages/airflow/example_dags/example_sla_dag.py for tasks to queue
[2024-06-03T10:53:32.263+0000] {logging_mixin.py:188} INFO - [2024-06-03T10:53:32.262+0000] {dagbag.py:545} INFO - Filling up the DagBag from /home/airflow/.local/lib/python3.12/site-packages/airflow/example_dags/example_sla_dag.py
[2024-06-03T10:53:32.273+0000] {processor.py:840} INFO - DAG(s) 'example_sla_dag' retrieved from /home/airflow/.local/lib/python3.12/site-packages/airflow/example_dags/example_sla_dag.py
[2024-06-03T10:53:32.297+0000] {logging_mixin.py:188} INFO - [2024-06-03T10:53:32.296+0000] {dag.py:3096} INFO - Sync 1 DAGs
[2024-06-03T10:53:32.333+0000] {logging_mixin.py:188} INFO - [2024-06-03T10:53:32.332+0000] {dag.py:3954} INFO - Setting next_dagrun for example_sla_dag to 2024-06-03 10:50:00+00:00, run_after=2024-06-03 10:52:00+00:00
[2024-06-03T10:53:32.354+0000] {processor.py:183} INFO - Processing /home/airflow/.local/lib/python3.12/site-packages/airflow/example_dags/example_sla_dag.py took 0.100 seconds
