[2024-06-03T09:55:42.791+0000] {processor.py:161} INFO - Started process (PID=331) to work on /home/airflow/.local/lib/python3.12/site-packages/airflow/example_dags/example_task_group_decorator.py
[2024-06-03T09:55:42.792+0000] {processor.py:830} INFO - Processing file /home/airflow/.local/lib/python3.12/site-packages/airflow/example_dags/example_task_group_decorator.py for tasks to queue
[2024-06-03T09:55:42.805+0000] {logging_mixin.py:188} INFO - [2024-06-03T09:55:42.805+0000] {dagbag.py:545} INFO - Filling up the DagBag from /home/airflow/.local/lib/python3.12/site-packages/airflow/example_dags/example_task_group_decorator.py
[2024-06-03T09:55:42.889+0000] {processor.py:840} INFO - DAG(s) 'example_task_group_decorator' retrieved from /home/airflow/.local/lib/python3.12/site-packages/airflow/example_dags/example_task_group_decorator.py
[2024-06-03T09:55:43.617+0000] {logging_mixin.py:188} INFO - [2024-06-03T09:55:43.617+0000] {dag.py:3096} INFO - Sync 1 DAGs
[2024-06-03T09:55:43.750+0000] {logging_mixin.py:188} INFO - [2024-06-03T09:55:43.750+0000] {dag.py:3954} INFO - Setting next_dagrun for example_task_group_decorator to 2024-06-02 00:00:00+00:00, run_after=2024-06-03 00:00:00+00:00
[2024-06-03T09:55:43.979+0000] {processor.py:183} INFO - Processing /home/airflow/.local/lib/python3.12/site-packages/airflow/example_dags/example_task_group_decorator.py took 1.295 seconds
[2024-06-03T09:58:20.690+0000] {processor.py:161} INFO - Started process (PID=632) to work on /home/airflow/.local/lib/python3.12/site-packages/airflow/example_dags/example_task_group_decorator.py
[2024-06-03T09:58:20.766+0000] {processor.py:830} INFO - Processing file /home/airflow/.local/lib/python3.12/site-packages/airflow/example_dags/example_task_group_decorator.py for tasks to queue
[2024-06-03T09:58:20.846+0000] {logging_mixin.py:188} INFO - [2024-06-03T09:58:20.846+0000] {dagbag.py:545} INFO - Filling up the DagBag from /home/airflow/.local/lib/python3.12/site-packages/airflow/example_dags/example_task_group_decorator.py
[2024-06-03T09:58:21.717+0000] {processor.py:840} INFO - DAG(s) 'example_task_group_decorator' retrieved from /home/airflow/.local/lib/python3.12/site-packages/airflow/example_dags/example_task_group_decorator.py
[2024-06-03T09:58:21.956+0000] {logging_mixin.py:188} INFO - [2024-06-03T09:58:21.955+0000] {dag.py:3096} INFO - Sync 1 DAGs
[2024-06-03T09:58:22.234+0000] {logging_mixin.py:188} INFO - [2024-06-03T09:58:22.217+0000] {dag.py:3954} INFO - Setting next_dagrun for example_task_group_decorator to 2024-06-02 00:00:00+00:00, run_after=2024-06-03 00:00:00+00:00
[2024-06-03T09:58:22.819+0000] {processor.py:183} INFO - Processing /home/airflow/.local/lib/python3.12/site-packages/airflow/example_dags/example_task_group_decorator.py took 2.351 seconds
[2024-06-03T10:00:20.053+0000] {processor.py:161} INFO - Started process (PID=968) to work on /home/airflow/.local/lib/python3.12/site-packages/airflow/example_dags/example_task_group_decorator.py
[2024-06-03T10:00:20.059+0000] {processor.py:830} INFO - Processing file /home/airflow/.local/lib/python3.12/site-packages/airflow/example_dags/example_task_group_decorator.py for tasks to queue
[2024-06-03T10:00:20.061+0000] {logging_mixin.py:188} INFO - [2024-06-03T10:00:20.061+0000] {dagbag.py:545} INFO - Filling up the DagBag from /home/airflow/.local/lib/python3.12/site-packages/airflow/example_dags/example_task_group_decorator.py
[2024-06-03T10:00:20.147+0000] {processor.py:840} INFO - DAG(s) 'example_task_group_decorator' retrieved from /home/airflow/.local/lib/python3.12/site-packages/airflow/example_dags/example_task_group_decorator.py
[2024-06-03T10:00:20.489+0000] {logging_mixin.py:188} INFO - [2024-06-03T10:00:20.488+0000] {dag.py:3096} INFO - Sync 1 DAGs
[2024-06-03T10:00:20.608+0000] {logging_mixin.py:188} INFO - [2024-06-03T10:00:20.608+0000] {dag.py:3954} INFO - Setting next_dagrun for example_task_group_decorator to 2024-06-02 00:00:00+00:00, run_after=2024-06-03 00:00:00+00:00
[2024-06-03T10:00:20.808+0000] {processor.py:183} INFO - Processing /home/airflow/.local/lib/python3.12/site-packages/airflow/example_dags/example_task_group_decorator.py took 0.834 seconds
[2024-06-03T10:00:54.390+0000] {processor.py:161} INFO - Started process (PID=1224) to work on /home/airflow/.local/lib/python3.12/site-packages/airflow/example_dags/example_task_group_decorator.py
[2024-06-03T10:00:54.393+0000] {processor.py:830} INFO - Processing file /home/airflow/.local/lib/python3.12/site-packages/airflow/example_dags/example_task_group_decorator.py for tasks to queue
[2024-06-03T10:00:54.405+0000] {logging_mixin.py:188} INFO - [2024-06-03T10:00:54.405+0000] {dagbag.py:545} INFO - Filling up the DagBag from /home/airflow/.local/lib/python3.12/site-packages/airflow/example_dags/example_task_group_decorator.py
[2024-06-03T10:00:54.462+0000] {processor.py:840} INFO - DAG(s) 'example_task_group_decorator' retrieved from /home/airflow/.local/lib/python3.12/site-packages/airflow/example_dags/example_task_group_decorator.py
[2024-06-03T10:00:54.558+0000] {logging_mixin.py:188} INFO - [2024-06-03T10:00:54.558+0000] {dag.py:3096} INFO - Sync 1 DAGs
[2024-06-03T10:00:54.629+0000] {logging_mixin.py:188} INFO - [2024-06-03T10:00:54.629+0000] {dag.py:3954} INFO - Setting next_dagrun for example_task_group_decorator to 2024-06-02 00:00:00+00:00, run_after=2024-06-03 00:00:00+00:00
[2024-06-03T10:00:54.704+0000] {processor.py:183} INFO - Processing /home/airflow/.local/lib/python3.12/site-packages/airflow/example_dags/example_task_group_decorator.py took 0.346 seconds
[2024-06-03T10:02:27.635+0000] {processor.py:161} INFO - Started process (PID=1474) to work on /home/airflow/.local/lib/python3.12/site-packages/airflow/example_dags/example_task_group_decorator.py
[2024-06-03T10:02:27.693+0000] {processor.py:830} INFO - Processing file /home/airflow/.local/lib/python3.12/site-packages/airflow/example_dags/example_task_group_decorator.py for tasks to queue
[2024-06-03T10:02:27.695+0000] {logging_mixin.py:188} INFO - [2024-06-03T10:02:27.695+0000] {dagbag.py:545} INFO - Filling up the DagBag from /home/airflow/.local/lib/python3.12/site-packages/airflow/example_dags/example_task_group_decorator.py
[2024-06-03T10:02:28.539+0000] {processor.py:840} INFO - DAG(s) 'example_task_group_decorator' retrieved from /home/airflow/.local/lib/python3.12/site-packages/airflow/example_dags/example_task_group_decorator.py
[2024-06-03T10:02:29.532+0000] {logging_mixin.py:188} INFO - [2024-06-03T10:02:29.494+0000] {dag.py:3096} INFO - Sync 1 DAGs
[2024-06-03T10:02:30.076+0000] {logging_mixin.py:188} INFO - [2024-06-03T10:02:30.076+0000] {dag.py:3954} INFO - Setting next_dagrun for example_task_group_decorator to 2024-06-02 00:00:00+00:00, run_after=2024-06-03 00:00:00+00:00
[2024-06-03T10:02:30.698+0000] {processor.py:183} INFO - Processing /home/airflow/.local/lib/python3.12/site-packages/airflow/example_dags/example_task_group_decorator.py took 3.403 seconds
[2024-06-03T10:05:13.262+0000] {processor.py:161} INFO - Started process (PID=1814) to work on /home/airflow/.local/lib/python3.12/site-packages/airflow/example_dags/example_task_group_decorator.py
[2024-06-03T10:05:13.278+0000] {processor.py:830} INFO - Processing file /home/airflow/.local/lib/python3.12/site-packages/airflow/example_dags/example_task_group_decorator.py for tasks to queue
[2024-06-03T10:05:13.295+0000] {logging_mixin.py:188} INFO - [2024-06-03T10:05:13.280+0000] {dagbag.py:545} INFO - Filling up the DagBag from /home/airflow/.local/lib/python3.12/site-packages/airflow/example_dags/example_task_group_decorator.py
[2024-06-03T10:05:13.382+0000] {processor.py:840} INFO - DAG(s) 'example_task_group_decorator' retrieved from /home/airflow/.local/lib/python3.12/site-packages/airflow/example_dags/example_task_group_decorator.py
[2024-06-03T10:05:13.559+0000] {logging_mixin.py:188} INFO - [2024-06-03T10:05:13.559+0000] {dag.py:3096} INFO - Sync 1 DAGs
[2024-06-03T10:05:13.636+0000] {logging_mixin.py:188} INFO - [2024-06-03T10:05:13.636+0000] {dag.py:3954} INFO - Setting next_dagrun for example_task_group_decorator to 2024-06-02 00:00:00+00:00, run_after=2024-06-03 00:00:00+00:00
[2024-06-03T10:05:13.728+0000] {processor.py:183} INFO - Processing /home/airflow/.local/lib/python3.12/site-packages/airflow/example_dags/example_task_group_decorator.py took 0.494 seconds
[2024-06-03T10:05:44.274+0000] {processor.py:161} INFO - Started process (PID=2071) to work on /home/airflow/.local/lib/python3.12/site-packages/airflow/example_dags/example_task_group_decorator.py
[2024-06-03T10:05:44.275+0000] {processor.py:830} INFO - Processing file /home/airflow/.local/lib/python3.12/site-packages/airflow/example_dags/example_task_group_decorator.py for tasks to queue
[2024-06-03T10:05:44.277+0000] {logging_mixin.py:188} INFO - [2024-06-03T10:05:44.277+0000] {dagbag.py:545} INFO - Filling up the DagBag from /home/airflow/.local/lib/python3.12/site-packages/airflow/example_dags/example_task_group_decorator.py
[2024-06-03T10:05:44.387+0000] {processor.py:840} INFO - DAG(s) 'example_task_group_decorator' retrieved from /home/airflow/.local/lib/python3.12/site-packages/airflow/example_dags/example_task_group_decorator.py
[2024-06-03T10:05:44.538+0000] {logging_mixin.py:188} INFO - [2024-06-03T10:05:44.538+0000] {dag.py:3096} INFO - Sync 1 DAGs
[2024-06-03T10:05:44.582+0000] {logging_mixin.py:188} INFO - [2024-06-03T10:05:44.581+0000] {dag.py:3954} INFO - Setting next_dagrun for example_task_group_decorator to 2024-06-02 00:00:00+00:00, run_after=2024-06-03 00:00:00+00:00
[2024-06-03T10:05:44.616+0000] {processor.py:183} INFO - Processing /home/airflow/.local/lib/python3.12/site-packages/airflow/example_dags/example_task_group_decorator.py took 0.385 seconds
[2024-06-03T10:22:32.061+0000] {processor.py:161} INFO - Started process (PID=333) to work on /home/airflow/.local/lib/python3.12/site-packages/airflow/example_dags/example_task_group_decorator.py
[2024-06-03T10:22:32.063+0000] {processor.py:830} INFO - Processing file /home/airflow/.local/lib/python3.12/site-packages/airflow/example_dags/example_task_group_decorator.py for tasks to queue
[2024-06-03T10:22:32.067+0000] {logging_mixin.py:188} INFO - [2024-06-03T10:22:32.067+0000] {dagbag.py:545} INFO - Filling up the DagBag from /home/airflow/.local/lib/python3.12/site-packages/airflow/example_dags/example_task_group_decorator.py
[2024-06-03T10:22:32.095+0000] {processor.py:840} INFO - DAG(s) 'example_task_group_decorator' retrieved from /home/airflow/.local/lib/python3.12/site-packages/airflow/example_dags/example_task_group_decorator.py
[2024-06-03T10:22:32.280+0000] {logging_mixin.py:188} INFO - [2024-06-03T10:22:32.280+0000] {dag.py:3096} INFO - Sync 1 DAGs
[2024-06-03T10:22:32.316+0000] {logging_mixin.py:188} INFO - [2024-06-03T10:22:32.315+0000] {dag.py:3954} INFO - Setting next_dagrun for example_task_group_decorator to 2024-06-02 00:00:00+00:00, run_after=2024-06-03 00:00:00+00:00
[2024-06-03T10:22:32.348+0000] {processor.py:183} INFO - Processing /home/airflow/.local/lib/python3.12/site-packages/airflow/example_dags/example_task_group_decorator.py took 0.295 seconds
[2024-06-03T10:23:02.937+0000] {processor.py:161} INFO - Started process (PID=589) to work on /home/airflow/.local/lib/python3.12/site-packages/airflow/example_dags/example_task_group_decorator.py
[2024-06-03T10:23:02.938+0000] {processor.py:830} INFO - Processing file /home/airflow/.local/lib/python3.12/site-packages/airflow/example_dags/example_task_group_decorator.py for tasks to queue
[2024-06-03T10:23:02.940+0000] {logging_mixin.py:188} INFO - [2024-06-03T10:23:02.939+0000] {dagbag.py:545} INFO - Filling up the DagBag from /home/airflow/.local/lib/python3.12/site-packages/airflow/example_dags/example_task_group_decorator.py
[2024-06-03T10:23:02.961+0000] {processor.py:840} INFO - DAG(s) 'example_task_group_decorator' retrieved from /home/airflow/.local/lib/python3.12/site-packages/airflow/example_dags/example_task_group_decorator.py
[2024-06-03T10:23:02.999+0000] {logging_mixin.py:188} INFO - [2024-06-03T10:23:02.998+0000] {dag.py:3096} INFO - Sync 1 DAGs
[2024-06-03T10:23:03.031+0000] {logging_mixin.py:188} INFO - [2024-06-03T10:23:03.031+0000] {dag.py:3954} INFO - Setting next_dagrun for example_task_group_decorator to 2024-06-02 00:00:00+00:00, run_after=2024-06-03 00:00:00+00:00
[2024-06-03T10:23:03.061+0000] {processor.py:183} INFO - Processing /home/airflow/.local/lib/python3.12/site-packages/airflow/example_dags/example_task_group_decorator.py took 0.130 seconds
[2024-06-03T10:23:33.550+0000] {processor.py:161} INFO - Started process (PID=845) to work on /home/airflow/.local/lib/python3.12/site-packages/airflow/example_dags/example_task_group_decorator.py
[2024-06-03T10:23:33.551+0000] {processor.py:830} INFO - Processing file /home/airflow/.local/lib/python3.12/site-packages/airflow/example_dags/example_task_group_decorator.py for tasks to queue
[2024-06-03T10:23:33.552+0000] {logging_mixin.py:188} INFO - [2024-06-03T10:23:33.552+0000] {dagbag.py:545} INFO - Filling up the DagBag from /home/airflow/.local/lib/python3.12/site-packages/airflow/example_dags/example_task_group_decorator.py
[2024-06-03T10:23:33.573+0000] {processor.py:840} INFO - DAG(s) 'example_task_group_decorator' retrieved from /home/airflow/.local/lib/python3.12/site-packages/airflow/example_dags/example_task_group_decorator.py
[2024-06-03T10:23:33.610+0000] {logging_mixin.py:188} INFO - [2024-06-03T10:23:33.609+0000] {dag.py:3096} INFO - Sync 1 DAGs
[2024-06-03T10:23:33.644+0000] {logging_mixin.py:188} INFO - [2024-06-03T10:23:33.644+0000] {dag.py:3954} INFO - Setting next_dagrun for example_task_group_decorator to 2024-06-02 00:00:00+00:00, run_after=2024-06-03 00:00:00+00:00
[2024-06-03T10:23:33.675+0000] {processor.py:183} INFO - Processing /home/airflow/.local/lib/python3.12/site-packages/airflow/example_dags/example_task_group_decorator.py took 0.131 seconds
[2024-06-03T10:24:04.211+0000] {processor.py:161} INFO - Started process (PID=1101) to work on /home/airflow/.local/lib/python3.12/site-packages/airflow/example_dags/example_task_group_decorator.py
[2024-06-03T10:24:04.212+0000] {processor.py:830} INFO - Processing file /home/airflow/.local/lib/python3.12/site-packages/airflow/example_dags/example_task_group_decorator.py for tasks to queue
[2024-06-03T10:24:04.213+0000] {logging_mixin.py:188} INFO - [2024-06-03T10:24:04.213+0000] {dagbag.py:545} INFO - Filling up the DagBag from /home/airflow/.local/lib/python3.12/site-packages/airflow/example_dags/example_task_group_decorator.py
[2024-06-03T10:24:04.233+0000] {processor.py:840} INFO - DAG(s) 'example_task_group_decorator' retrieved from /home/airflow/.local/lib/python3.12/site-packages/airflow/example_dags/example_task_group_decorator.py
[2024-06-03T10:24:04.269+0000] {logging_mixin.py:188} INFO - [2024-06-03T10:24:04.269+0000] {dag.py:3096} INFO - Sync 1 DAGs
[2024-06-03T10:24:04.303+0000] {logging_mixin.py:188} INFO - [2024-06-03T10:24:04.303+0000] {dag.py:3954} INFO - Setting next_dagrun for example_task_group_decorator to 2024-06-02 00:00:00+00:00, run_after=2024-06-03 00:00:00+00:00
[2024-06-03T10:24:04.328+0000] {processor.py:183} INFO - Processing /home/airflow/.local/lib/python3.12/site-packages/airflow/example_dags/example_task_group_decorator.py took 0.123 seconds
[2024-06-03T10:24:34.659+0000] {processor.py:161} INFO - Started process (PID=1357) to work on /home/airflow/.local/lib/python3.12/site-packages/airflow/example_dags/example_task_group_decorator.py
[2024-06-03T10:24:34.661+0000] {processor.py:830} INFO - Processing file /home/airflow/.local/lib/python3.12/site-packages/airflow/example_dags/example_task_group_decorator.py for tasks to queue
[2024-06-03T10:24:34.663+0000] {logging_mixin.py:188} INFO - [2024-06-03T10:24:34.662+0000] {dagbag.py:545} INFO - Filling up the DagBag from /home/airflow/.local/lib/python3.12/site-packages/airflow/example_dags/example_task_group_decorator.py
[2024-06-03T10:24:34.691+0000] {processor.py:840} INFO - DAG(s) 'example_task_group_decorator' retrieved from /home/airflow/.local/lib/python3.12/site-packages/airflow/example_dags/example_task_group_decorator.py
[2024-06-03T10:24:34.741+0000] {logging_mixin.py:188} INFO - [2024-06-03T10:24:34.740+0000] {dag.py:3096} INFO - Sync 1 DAGs
[2024-06-03T10:24:34.781+0000] {logging_mixin.py:188} INFO - [2024-06-03T10:24:34.781+0000] {dag.py:3954} INFO - Setting next_dagrun for example_task_group_decorator to 2024-06-02 00:00:00+00:00, run_after=2024-06-03 00:00:00+00:00
[2024-06-03T10:24:34.809+0000] {processor.py:183} INFO - Processing /home/airflow/.local/lib/python3.12/site-packages/airflow/example_dags/example_task_group_decorator.py took 0.157 seconds
[2024-06-03T10:25:05.095+0000] {processor.py:161} INFO - Started process (PID=1613) to work on /home/airflow/.local/lib/python3.12/site-packages/airflow/example_dags/example_task_group_decorator.py
[2024-06-03T10:25:05.096+0000] {processor.py:830} INFO - Processing file /home/airflow/.local/lib/python3.12/site-packages/airflow/example_dags/example_task_group_decorator.py for tasks to queue
[2024-06-03T10:25:05.097+0000] {logging_mixin.py:188} INFO - [2024-06-03T10:25:05.097+0000] {dagbag.py:545} INFO - Filling up the DagBag from /home/airflow/.local/lib/python3.12/site-packages/airflow/example_dags/example_task_group_decorator.py
[2024-06-03T10:25:05.118+0000] {processor.py:840} INFO - DAG(s) 'example_task_group_decorator' retrieved from /home/airflow/.local/lib/python3.12/site-packages/airflow/example_dags/example_task_group_decorator.py
[2024-06-03T10:25:05.154+0000] {logging_mixin.py:188} INFO - [2024-06-03T10:25:05.154+0000] {dag.py:3096} INFO - Sync 1 DAGs
[2024-06-03T10:25:05.192+0000] {logging_mixin.py:188} INFO - [2024-06-03T10:25:05.191+0000] {dag.py:3954} INFO - Setting next_dagrun for example_task_group_decorator to 2024-06-02 00:00:00+00:00, run_after=2024-06-03 00:00:00+00:00
[2024-06-03T10:25:05.220+0000] {processor.py:183} INFO - Processing /home/airflow/.local/lib/python3.12/site-packages/airflow/example_dags/example_task_group_decorator.py took 0.132 seconds
[2024-06-03T10:25:35.520+0000] {processor.py:161} INFO - Started process (PID=1869) to work on /home/airflow/.local/lib/python3.12/site-packages/airflow/example_dags/example_task_group_decorator.py
[2024-06-03T10:25:35.521+0000] {processor.py:830} INFO - Processing file /home/airflow/.local/lib/python3.12/site-packages/airflow/example_dags/example_task_group_decorator.py for tasks to queue
[2024-06-03T10:25:35.523+0000] {logging_mixin.py:188} INFO - [2024-06-03T10:25:35.522+0000] {dagbag.py:545} INFO - Filling up the DagBag from /home/airflow/.local/lib/python3.12/site-packages/airflow/example_dags/example_task_group_decorator.py
[2024-06-03T10:25:35.543+0000] {processor.py:840} INFO - DAG(s) 'example_task_group_decorator' retrieved from /home/airflow/.local/lib/python3.12/site-packages/airflow/example_dags/example_task_group_decorator.py
[2024-06-03T10:25:35.587+0000] {logging_mixin.py:188} INFO - [2024-06-03T10:25:35.587+0000] {dag.py:3096} INFO - Sync 1 DAGs
[2024-06-03T10:25:35.620+0000] {logging_mixin.py:188} INFO - [2024-06-03T10:25:35.620+0000] {dag.py:3954} INFO - Setting next_dagrun for example_task_group_decorator to 2024-06-02 00:00:00+00:00, run_after=2024-06-03 00:00:00+00:00
[2024-06-03T10:25:35.648+0000] {processor.py:183} INFO - Processing /home/airflow/.local/lib/python3.12/site-packages/airflow/example_dags/example_task_group_decorator.py took 0.134 seconds
[2024-06-03T10:26:06.115+0000] {processor.py:161} INFO - Started process (PID=2125) to work on /home/airflow/.local/lib/python3.12/site-packages/airflow/example_dags/example_task_group_decorator.py
[2024-06-03T10:26:06.116+0000] {processor.py:830} INFO - Processing file /home/airflow/.local/lib/python3.12/site-packages/airflow/example_dags/example_task_group_decorator.py for tasks to queue
[2024-06-03T10:26:06.118+0000] {logging_mixin.py:188} INFO - [2024-06-03T10:26:06.117+0000] {dagbag.py:545} INFO - Filling up the DagBag from /home/airflow/.local/lib/python3.12/site-packages/airflow/example_dags/example_task_group_decorator.py
[2024-06-03T10:26:06.139+0000] {processor.py:840} INFO - DAG(s) 'example_task_group_decorator' retrieved from /home/airflow/.local/lib/python3.12/site-packages/airflow/example_dags/example_task_group_decorator.py
[2024-06-03T10:26:06.176+0000] {logging_mixin.py:188} INFO - [2024-06-03T10:26:06.175+0000] {dag.py:3096} INFO - Sync 1 DAGs
[2024-06-03T10:26:06.208+0000] {logging_mixin.py:188} INFO - [2024-06-03T10:26:06.208+0000] {dag.py:3954} INFO - Setting next_dagrun for example_task_group_decorator to 2024-06-02 00:00:00+00:00, run_after=2024-06-03 00:00:00+00:00
[2024-06-03T10:26:06.232+0000] {processor.py:183} INFO - Processing /home/airflow/.local/lib/python3.12/site-packages/airflow/example_dags/example_task_group_decorator.py took 0.124 seconds
[2024-06-03T10:26:36.345+0000] {processor.py:161} INFO - Started process (PID=2381) to work on /home/airflow/.local/lib/python3.12/site-packages/airflow/example_dags/example_task_group_decorator.py
[2024-06-03T10:26:36.345+0000] {processor.py:830} INFO - Processing file /home/airflow/.local/lib/python3.12/site-packages/airflow/example_dags/example_task_group_decorator.py for tasks to queue
[2024-06-03T10:26:36.347+0000] {logging_mixin.py:188} INFO - [2024-06-03T10:26:36.347+0000] {dagbag.py:545} INFO - Filling up the DagBag from /home/airflow/.local/lib/python3.12/site-packages/airflow/example_dags/example_task_group_decorator.py
[2024-06-03T10:26:36.368+0000] {processor.py:840} INFO - DAG(s) 'example_task_group_decorator' retrieved from /home/airflow/.local/lib/python3.12/site-packages/airflow/example_dags/example_task_group_decorator.py
[2024-06-03T10:26:36.405+0000] {logging_mixin.py:188} INFO - [2024-06-03T10:26:36.405+0000] {dag.py:3096} INFO - Sync 1 DAGs
[2024-06-03T10:26:36.438+0000] {logging_mixin.py:188} INFO - [2024-06-03T10:26:36.438+0000] {dag.py:3954} INFO - Setting next_dagrun for example_task_group_decorator to 2024-06-02 00:00:00+00:00, run_after=2024-06-03 00:00:00+00:00
[2024-06-03T10:26:36.464+0000] {processor.py:183} INFO - Processing /home/airflow/.local/lib/python3.12/site-packages/airflow/example_dags/example_task_group_decorator.py took 0.126 seconds
[2024-06-03T10:27:06.887+0000] {processor.py:161} INFO - Started process (PID=2637) to work on /home/airflow/.local/lib/python3.12/site-packages/airflow/example_dags/example_task_group_decorator.py
[2024-06-03T10:27:06.888+0000] {processor.py:830} INFO - Processing file /home/airflow/.local/lib/python3.12/site-packages/airflow/example_dags/example_task_group_decorator.py for tasks to queue
[2024-06-03T10:27:06.889+0000] {logging_mixin.py:188} INFO - [2024-06-03T10:27:06.889+0000] {dagbag.py:545} INFO - Filling up the DagBag from /home/airflow/.local/lib/python3.12/site-packages/airflow/example_dags/example_task_group_decorator.py
[2024-06-03T10:27:06.910+0000] {processor.py:840} INFO - DAG(s) 'example_task_group_decorator' retrieved from /home/airflow/.local/lib/python3.12/site-packages/airflow/example_dags/example_task_group_decorator.py
[2024-06-03T10:27:06.950+0000] {logging_mixin.py:188} INFO - [2024-06-03T10:27:06.950+0000] {dag.py:3096} INFO - Sync 1 DAGs
[2024-06-03T10:27:06.989+0000] {logging_mixin.py:188} INFO - [2024-06-03T10:27:06.988+0000] {dag.py:3954} INFO - Setting next_dagrun for example_task_group_decorator to 2024-06-02 00:00:00+00:00, run_after=2024-06-03 00:00:00+00:00
[2024-06-03T10:27:07.017+0000] {processor.py:183} INFO - Processing /home/airflow/.local/lib/python3.12/site-packages/airflow/example_dags/example_task_group_decorator.py took 0.137 seconds
[2024-06-03T10:27:37.129+0000] {processor.py:161} INFO - Started process (PID=2893) to work on /home/airflow/.local/lib/python3.12/site-packages/airflow/example_dags/example_task_group_decorator.py
[2024-06-03T10:27:37.130+0000] {processor.py:830} INFO - Processing file /home/airflow/.local/lib/python3.12/site-packages/airflow/example_dags/example_task_group_decorator.py for tasks to queue
[2024-06-03T10:27:37.132+0000] {logging_mixin.py:188} INFO - [2024-06-03T10:27:37.131+0000] {dagbag.py:545} INFO - Filling up the DagBag from /home/airflow/.local/lib/python3.12/site-packages/airflow/example_dags/example_task_group_decorator.py
[2024-06-03T10:27:37.152+0000] {processor.py:840} INFO - DAG(s) 'example_task_group_decorator' retrieved from /home/airflow/.local/lib/python3.12/site-packages/airflow/example_dags/example_task_group_decorator.py
[2024-06-03T10:27:37.189+0000] {logging_mixin.py:188} INFO - [2024-06-03T10:27:37.189+0000] {dag.py:3096} INFO - Sync 1 DAGs
[2024-06-03T10:27:37.224+0000] {logging_mixin.py:188} INFO - [2024-06-03T10:27:37.223+0000] {dag.py:3954} INFO - Setting next_dagrun for example_task_group_decorator to 2024-06-02 00:00:00+00:00, run_after=2024-06-03 00:00:00+00:00
[2024-06-03T10:27:37.249+0000] {processor.py:183} INFO - Processing /home/airflow/.local/lib/python3.12/site-packages/airflow/example_dags/example_task_group_decorator.py took 0.127 seconds
[2024-06-03T10:28:07.373+0000] {processor.py:161} INFO - Started process (PID=3149) to work on /home/airflow/.local/lib/python3.12/site-packages/airflow/example_dags/example_task_group_decorator.py
[2024-06-03T10:28:07.374+0000] {processor.py:830} INFO - Processing file /home/airflow/.local/lib/python3.12/site-packages/airflow/example_dags/example_task_group_decorator.py for tasks to queue
[2024-06-03T10:28:07.375+0000] {logging_mixin.py:188} INFO - [2024-06-03T10:28:07.375+0000] {dagbag.py:545} INFO - Filling up the DagBag from /home/airflow/.local/lib/python3.12/site-packages/airflow/example_dags/example_task_group_decorator.py
[2024-06-03T10:28:07.396+0000] {processor.py:840} INFO - DAG(s) 'example_task_group_decorator' retrieved from /home/airflow/.local/lib/python3.12/site-packages/airflow/example_dags/example_task_group_decorator.py
[2024-06-03T10:28:07.433+0000] {logging_mixin.py:188} INFO - [2024-06-03T10:28:07.432+0000] {dag.py:3096} INFO - Sync 1 DAGs
[2024-06-03T10:28:07.463+0000] {logging_mixin.py:188} INFO - [2024-06-03T10:28:07.462+0000] {dag.py:3954} INFO - Setting next_dagrun for example_task_group_decorator to 2024-06-02 00:00:00+00:00, run_after=2024-06-03 00:00:00+00:00
[2024-06-03T10:28:07.489+0000] {processor.py:183} INFO - Processing /home/airflow/.local/lib/python3.12/site-packages/airflow/example_dags/example_task_group_decorator.py took 0.124 seconds
[2024-06-03T10:28:37.564+0000] {processor.py:161} INFO - Started process (PID=3405) to work on /home/airflow/.local/lib/python3.12/site-packages/airflow/example_dags/example_task_group_decorator.py
[2024-06-03T10:28:37.565+0000] {processor.py:830} INFO - Processing file /home/airflow/.local/lib/python3.12/site-packages/airflow/example_dags/example_task_group_decorator.py for tasks to queue
[2024-06-03T10:28:37.566+0000] {logging_mixin.py:188} INFO - [2024-06-03T10:28:37.566+0000] {dagbag.py:545} INFO - Filling up the DagBag from /home/airflow/.local/lib/python3.12/site-packages/airflow/example_dags/example_task_group_decorator.py
[2024-06-03T10:28:37.589+0000] {processor.py:840} INFO - DAG(s) 'example_task_group_decorator' retrieved from /home/airflow/.local/lib/python3.12/site-packages/airflow/example_dags/example_task_group_decorator.py
[2024-06-03T10:28:37.632+0000] {logging_mixin.py:188} INFO - [2024-06-03T10:28:37.631+0000] {dag.py:3096} INFO - Sync 1 DAGs
[2024-06-03T10:28:37.668+0000] {logging_mixin.py:188} INFO - [2024-06-03T10:28:37.668+0000] {dag.py:3954} INFO - Setting next_dagrun for example_task_group_decorator to 2024-06-02 00:00:00+00:00, run_after=2024-06-03 00:00:00+00:00
[2024-06-03T10:28:37.692+0000] {processor.py:183} INFO - Processing /home/airflow/.local/lib/python3.12/site-packages/airflow/example_dags/example_task_group_decorator.py took 0.135 seconds
[2024-06-03T10:29:07.940+0000] {processor.py:161} INFO - Started process (PID=3661) to work on /home/airflow/.local/lib/python3.12/site-packages/airflow/example_dags/example_task_group_decorator.py
[2024-06-03T10:29:07.941+0000] {processor.py:830} INFO - Processing file /home/airflow/.local/lib/python3.12/site-packages/airflow/example_dags/example_task_group_decorator.py for tasks to queue
[2024-06-03T10:29:07.943+0000] {logging_mixin.py:188} INFO - [2024-06-03T10:29:07.943+0000] {dagbag.py:545} INFO - Filling up the DagBag from /home/airflow/.local/lib/python3.12/site-packages/airflow/example_dags/example_task_group_decorator.py
[2024-06-03T10:29:07.963+0000] {processor.py:840} INFO - DAG(s) 'example_task_group_decorator' retrieved from /home/airflow/.local/lib/python3.12/site-packages/airflow/example_dags/example_task_group_decorator.py
[2024-06-03T10:29:08.007+0000] {logging_mixin.py:188} INFO - [2024-06-03T10:29:08.007+0000] {dag.py:3096} INFO - Sync 1 DAGs
[2024-06-03T10:29:08.039+0000] {logging_mixin.py:188} INFO - [2024-06-03T10:29:08.039+0000] {dag.py:3954} INFO - Setting next_dagrun for example_task_group_decorator to 2024-06-02 00:00:00+00:00, run_after=2024-06-03 00:00:00+00:00
[2024-06-03T10:29:08.063+0000] {processor.py:183} INFO - Processing /home/airflow/.local/lib/python3.12/site-packages/airflow/example_dags/example_task_group_decorator.py took 0.129 seconds
[2024-06-03T10:29:38.256+0000] {processor.py:161} INFO - Started process (PID=3917) to work on /home/airflow/.local/lib/python3.12/site-packages/airflow/example_dags/example_task_group_decorator.py
[2024-06-03T10:29:38.257+0000] {processor.py:830} INFO - Processing file /home/airflow/.local/lib/python3.12/site-packages/airflow/example_dags/example_task_group_decorator.py for tasks to queue
[2024-06-03T10:29:38.258+0000] {logging_mixin.py:188} INFO - [2024-06-03T10:29:38.258+0000] {dagbag.py:545} INFO - Filling up the DagBag from /home/airflow/.local/lib/python3.12/site-packages/airflow/example_dags/example_task_group_decorator.py
[2024-06-03T10:29:38.279+0000] {processor.py:840} INFO - DAG(s) 'example_task_group_decorator' retrieved from /home/airflow/.local/lib/python3.12/site-packages/airflow/example_dags/example_task_group_decorator.py
[2024-06-03T10:29:38.323+0000] {logging_mixin.py:188} INFO - [2024-06-03T10:29:38.323+0000] {dag.py:3096} INFO - Sync 1 DAGs
[2024-06-03T10:29:38.359+0000] {logging_mixin.py:188} INFO - [2024-06-03T10:29:38.358+0000] {dag.py:3954} INFO - Setting next_dagrun for example_task_group_decorator to 2024-06-02 00:00:00+00:00, run_after=2024-06-03 00:00:00+00:00
[2024-06-03T10:29:38.385+0000] {processor.py:183} INFO - Processing /home/airflow/.local/lib/python3.12/site-packages/airflow/example_dags/example_task_group_decorator.py took 0.135 seconds
[2024-06-03T10:30:08.489+0000] {processor.py:161} INFO - Started process (PID=4173) to work on /home/airflow/.local/lib/python3.12/site-packages/airflow/example_dags/example_task_group_decorator.py
[2024-06-03T10:30:08.490+0000] {processor.py:830} INFO - Processing file /home/airflow/.local/lib/python3.12/site-packages/airflow/example_dags/example_task_group_decorator.py for tasks to queue
[2024-06-03T10:30:08.492+0000] {logging_mixin.py:188} INFO - [2024-06-03T10:30:08.491+0000] {dagbag.py:545} INFO - Filling up the DagBag from /home/airflow/.local/lib/python3.12/site-packages/airflow/example_dags/example_task_group_decorator.py
[2024-06-03T10:30:08.512+0000] {processor.py:840} INFO - DAG(s) 'example_task_group_decorator' retrieved from /home/airflow/.local/lib/python3.12/site-packages/airflow/example_dags/example_task_group_decorator.py
[2024-06-03T10:30:08.556+0000] {logging_mixin.py:188} INFO - [2024-06-03T10:30:08.556+0000] {dag.py:3096} INFO - Sync 1 DAGs
[2024-06-03T10:30:08.587+0000] {logging_mixin.py:188} INFO - [2024-06-03T10:30:08.587+0000] {dag.py:3954} INFO - Setting next_dagrun for example_task_group_decorator to 2024-06-02 00:00:00+00:00, run_after=2024-06-03 00:00:00+00:00
[2024-06-03T10:30:08.613+0000] {processor.py:183} INFO - Processing /home/airflow/.local/lib/python3.12/site-packages/airflow/example_dags/example_task_group_decorator.py took 0.131 seconds
[2024-06-03T10:30:38.669+0000] {processor.py:161} INFO - Started process (PID=4429) to work on /home/airflow/.local/lib/python3.12/site-packages/airflow/example_dags/example_task_group_decorator.py
[2024-06-03T10:30:38.670+0000] {processor.py:830} INFO - Processing file /home/airflow/.local/lib/python3.12/site-packages/airflow/example_dags/example_task_group_decorator.py for tasks to queue
[2024-06-03T10:30:38.672+0000] {logging_mixin.py:188} INFO - [2024-06-03T10:30:38.672+0000] {dagbag.py:545} INFO - Filling up the DagBag from /home/airflow/.local/lib/python3.12/site-packages/airflow/example_dags/example_task_group_decorator.py
[2024-06-03T10:30:38.693+0000] {processor.py:840} INFO - DAG(s) 'example_task_group_decorator' retrieved from /home/airflow/.local/lib/python3.12/site-packages/airflow/example_dags/example_task_group_decorator.py
[2024-06-03T10:30:38.737+0000] {logging_mixin.py:188} INFO - [2024-06-03T10:30:38.737+0000] {dag.py:3096} INFO - Sync 1 DAGs
[2024-06-03T10:30:38.774+0000] {logging_mixin.py:188} INFO - [2024-06-03T10:30:38.773+0000] {dag.py:3954} INFO - Setting next_dagrun for example_task_group_decorator to 2024-06-02 00:00:00+00:00, run_after=2024-06-03 00:00:00+00:00
[2024-06-03T10:30:38.801+0000] {processor.py:183} INFO - Processing /home/airflow/.local/lib/python3.12/site-packages/airflow/example_dags/example_task_group_decorator.py took 0.139 seconds
[2024-06-03T10:31:09.167+0000] {processor.py:161} INFO - Started process (PID=4685) to work on /home/airflow/.local/lib/python3.12/site-packages/airflow/example_dags/example_task_group_decorator.py
[2024-06-03T10:31:09.168+0000] {processor.py:830} INFO - Processing file /home/airflow/.local/lib/python3.12/site-packages/airflow/example_dags/example_task_group_decorator.py for tasks to queue
[2024-06-03T10:31:09.170+0000] {logging_mixin.py:188} INFO - [2024-06-03T10:31:09.169+0000] {dagbag.py:545} INFO - Filling up the DagBag from /home/airflow/.local/lib/python3.12/site-packages/airflow/example_dags/example_task_group_decorator.py
[2024-06-03T10:31:09.191+0000] {processor.py:840} INFO - DAG(s) 'example_task_group_decorator' retrieved from /home/airflow/.local/lib/python3.12/site-packages/airflow/example_dags/example_task_group_decorator.py
[2024-06-03T10:31:09.229+0000] {logging_mixin.py:188} INFO - [2024-06-03T10:31:09.228+0000] {dag.py:3096} INFO - Sync 1 DAGs
[2024-06-03T10:31:09.261+0000] {logging_mixin.py:188} INFO - [2024-06-03T10:31:09.260+0000] {dag.py:3954} INFO - Setting next_dagrun for example_task_group_decorator to 2024-06-02 00:00:00+00:00, run_after=2024-06-03 00:00:00+00:00
[2024-06-03T10:31:09.287+0000] {processor.py:183} INFO - Processing /home/airflow/.local/lib/python3.12/site-packages/airflow/example_dags/example_task_group_decorator.py took 0.127 seconds
[2024-06-03T10:31:39.373+0000] {processor.py:161} INFO - Started process (PID=4946) to work on /home/airflow/.local/lib/python3.12/site-packages/airflow/example_dags/example_task_group_decorator.py
[2024-06-03T10:31:39.374+0000] {processor.py:830} INFO - Processing file /home/airflow/.local/lib/python3.12/site-packages/airflow/example_dags/example_task_group_decorator.py for tasks to queue
[2024-06-03T10:31:39.376+0000] {logging_mixin.py:188} INFO - [2024-06-03T10:31:39.375+0000] {dagbag.py:545} INFO - Filling up the DagBag from /home/airflow/.local/lib/python3.12/site-packages/airflow/example_dags/example_task_group_decorator.py
[2024-06-03T10:31:39.397+0000] {processor.py:840} INFO - DAG(s) 'example_task_group_decorator' retrieved from /home/airflow/.local/lib/python3.12/site-packages/airflow/example_dags/example_task_group_decorator.py
[2024-06-03T10:31:39.433+0000] {logging_mixin.py:188} INFO - [2024-06-03T10:31:39.432+0000] {dag.py:3096} INFO - Sync 1 DAGs
[2024-06-03T10:31:39.464+0000] {logging_mixin.py:188} INFO - [2024-06-03T10:31:39.463+0000] {dag.py:3954} INFO - Setting next_dagrun for example_task_group_decorator to 2024-06-02 00:00:00+00:00, run_after=2024-06-03 00:00:00+00:00
[2024-06-03T10:31:39.487+0000] {processor.py:183} INFO - Processing /home/airflow/.local/lib/python3.12/site-packages/airflow/example_dags/example_task_group_decorator.py took 0.120 seconds
[2024-06-03T10:32:09.776+0000] {processor.py:161} INFO - Started process (PID=5197) to work on /home/airflow/.local/lib/python3.12/site-packages/airflow/example_dags/example_task_group_decorator.py
[2024-06-03T10:32:09.777+0000] {processor.py:830} INFO - Processing file /home/airflow/.local/lib/python3.12/site-packages/airflow/example_dags/example_task_group_decorator.py for tasks to queue
[2024-06-03T10:32:09.778+0000] {logging_mixin.py:188} INFO - [2024-06-03T10:32:09.778+0000] {dagbag.py:545} INFO - Filling up the DagBag from /home/airflow/.local/lib/python3.12/site-packages/airflow/example_dags/example_task_group_decorator.py
[2024-06-03T10:32:09.799+0000] {processor.py:840} INFO - DAG(s) 'example_task_group_decorator' retrieved from /home/airflow/.local/lib/python3.12/site-packages/airflow/example_dags/example_task_group_decorator.py
[2024-06-03T10:32:09.842+0000] {logging_mixin.py:188} INFO - [2024-06-03T10:32:09.841+0000] {dag.py:3096} INFO - Sync 1 DAGs
[2024-06-03T10:32:09.872+0000] {logging_mixin.py:188} INFO - [2024-06-03T10:32:09.872+0000] {dag.py:3954} INFO - Setting next_dagrun for example_task_group_decorator to 2024-06-02 00:00:00+00:00, run_after=2024-06-03 00:00:00+00:00
[2024-06-03T10:32:09.898+0000] {processor.py:183} INFO - Processing /home/airflow/.local/lib/python3.12/site-packages/airflow/example_dags/example_task_group_decorator.py took 0.130 seconds
[2024-06-03T10:32:39.996+0000] {processor.py:161} INFO - Started process (PID=5455) to work on /home/airflow/.local/lib/python3.12/site-packages/airflow/example_dags/example_task_group_decorator.py
[2024-06-03T10:32:39.997+0000] {processor.py:830} INFO - Processing file /home/airflow/.local/lib/python3.12/site-packages/airflow/example_dags/example_task_group_decorator.py for tasks to queue
[2024-06-03T10:32:39.998+0000] {logging_mixin.py:188} INFO - [2024-06-03T10:32:39.998+0000] {dagbag.py:545} INFO - Filling up the DagBag from /home/airflow/.local/lib/python3.12/site-packages/airflow/example_dags/example_task_group_decorator.py
[2024-06-03T10:32:40.020+0000] {processor.py:840} INFO - DAG(s) 'example_task_group_decorator' retrieved from /home/airflow/.local/lib/python3.12/site-packages/airflow/example_dags/example_task_group_decorator.py
[2024-06-03T10:32:40.064+0000] {logging_mixin.py:188} INFO - [2024-06-03T10:32:40.064+0000] {dag.py:3096} INFO - Sync 1 DAGs
[2024-06-03T10:32:40.100+0000] {logging_mixin.py:188} INFO - [2024-06-03T10:32:40.100+0000] {dag.py:3954} INFO - Setting next_dagrun for example_task_group_decorator to 2024-06-02 00:00:00+00:00, run_after=2024-06-03 00:00:00+00:00
[2024-06-03T10:32:40.126+0000] {processor.py:183} INFO - Processing /home/airflow/.local/lib/python3.12/site-packages/airflow/example_dags/example_task_group_decorator.py took 0.137 seconds
[2024-06-03T10:33:10.386+0000] {processor.py:161} INFO - Started process (PID=5714) to work on /home/airflow/.local/lib/python3.12/site-packages/airflow/example_dags/example_task_group_decorator.py
[2024-06-03T10:33:10.387+0000] {processor.py:830} INFO - Processing file /home/airflow/.local/lib/python3.12/site-packages/airflow/example_dags/example_task_group_decorator.py for tasks to queue
[2024-06-03T10:33:10.389+0000] {logging_mixin.py:188} INFO - [2024-06-03T10:33:10.389+0000] {dagbag.py:545} INFO - Filling up the DagBag from /home/airflow/.local/lib/python3.12/site-packages/airflow/example_dags/example_task_group_decorator.py
[2024-06-03T10:33:10.413+0000] {processor.py:840} INFO - DAG(s) 'example_task_group_decorator' retrieved from /home/airflow/.local/lib/python3.12/site-packages/airflow/example_dags/example_task_group_decorator.py
[2024-06-03T10:33:10.453+0000] {logging_mixin.py:188} INFO - [2024-06-03T10:33:10.452+0000] {dag.py:3096} INFO - Sync 1 DAGs
[2024-06-03T10:33:10.490+0000] {logging_mixin.py:188} INFO - [2024-06-03T10:33:10.489+0000] {dag.py:3954} INFO - Setting next_dagrun for example_task_group_decorator to 2024-06-02 00:00:00+00:00, run_after=2024-06-03 00:00:00+00:00
[2024-06-03T10:33:10.517+0000] {processor.py:183} INFO - Processing /home/airflow/.local/lib/python3.12/site-packages/airflow/example_dags/example_task_group_decorator.py took 0.137 seconds
[2024-06-03T10:33:41.489+0000] {processor.py:161} INFO - Started process (PID=5965) to work on /home/airflow/.local/lib/python3.12/site-packages/airflow/example_dags/example_task_group_decorator.py
[2024-06-03T10:33:41.490+0000] {processor.py:830} INFO - Processing file /home/airflow/.local/lib/python3.12/site-packages/airflow/example_dags/example_task_group_decorator.py for tasks to queue
[2024-06-03T10:33:41.492+0000] {logging_mixin.py:188} INFO - [2024-06-03T10:33:41.491+0000] {dagbag.py:545} INFO - Filling up the DagBag from /home/airflow/.local/lib/python3.12/site-packages/airflow/example_dags/example_task_group_decorator.py
[2024-06-03T10:33:41.517+0000] {processor.py:840} INFO - DAG(s) 'example_task_group_decorator' retrieved from /home/airflow/.local/lib/python3.12/site-packages/airflow/example_dags/example_task_group_decorator.py
[2024-06-03T10:33:41.556+0000] {logging_mixin.py:188} INFO - [2024-06-03T10:33:41.555+0000] {dag.py:3096} INFO - Sync 1 DAGs
[2024-06-03T10:33:41.589+0000] {logging_mixin.py:188} INFO - [2024-06-03T10:33:41.589+0000] {dag.py:3954} INFO - Setting next_dagrun for example_task_group_decorator to 2024-06-02 00:00:00+00:00, run_after=2024-06-03 00:00:00+00:00
[2024-06-03T10:33:41.616+0000] {processor.py:183} INFO - Processing /home/airflow/.local/lib/python3.12/site-packages/airflow/example_dags/example_task_group_decorator.py took 0.134 seconds
[2024-06-03T10:34:12.426+0000] {processor.py:161} INFO - Started process (PID=6221) to work on /home/airflow/.local/lib/python3.12/site-packages/airflow/example_dags/example_task_group_decorator.py
[2024-06-03T10:34:12.427+0000] {processor.py:830} INFO - Processing file /home/airflow/.local/lib/python3.12/site-packages/airflow/example_dags/example_task_group_decorator.py for tasks to queue
[2024-06-03T10:34:12.428+0000] {logging_mixin.py:188} INFO - [2024-06-03T10:34:12.428+0000] {dagbag.py:545} INFO - Filling up the DagBag from /home/airflow/.local/lib/python3.12/site-packages/airflow/example_dags/example_task_group_decorator.py
[2024-06-03T10:34:12.450+0000] {processor.py:840} INFO - DAG(s) 'example_task_group_decorator' retrieved from /home/airflow/.local/lib/python3.12/site-packages/airflow/example_dags/example_task_group_decorator.py
[2024-06-03T10:34:12.497+0000] {logging_mixin.py:188} INFO - [2024-06-03T10:34:12.497+0000] {dag.py:3096} INFO - Sync 1 DAGs
[2024-06-03T10:34:12.530+0000] {logging_mixin.py:188} INFO - [2024-06-03T10:34:12.530+0000] {dag.py:3954} INFO - Setting next_dagrun for example_task_group_decorator to 2024-06-02 00:00:00+00:00, run_after=2024-06-03 00:00:00+00:00
[2024-06-03T10:34:12.556+0000] {processor.py:183} INFO - Processing /home/airflow/.local/lib/python3.12/site-packages/airflow/example_dags/example_task_group_decorator.py took 0.138 seconds
[2024-06-03T10:34:42.981+0000] {processor.py:161} INFO - Started process (PID=6477) to work on /home/airflow/.local/lib/python3.12/site-packages/airflow/example_dags/example_task_group_decorator.py
[2024-06-03T10:34:42.982+0000] {processor.py:830} INFO - Processing file /home/airflow/.local/lib/python3.12/site-packages/airflow/example_dags/example_task_group_decorator.py for tasks to queue
[2024-06-03T10:34:42.984+0000] {logging_mixin.py:188} INFO - [2024-06-03T10:34:42.983+0000] {dagbag.py:545} INFO - Filling up the DagBag from /home/airflow/.local/lib/python3.12/site-packages/airflow/example_dags/example_task_group_decorator.py
[2024-06-03T10:34:43.004+0000] {processor.py:840} INFO - DAG(s) 'example_task_group_decorator' retrieved from /home/airflow/.local/lib/python3.12/site-packages/airflow/example_dags/example_task_group_decorator.py
[2024-06-03T10:34:43.051+0000] {logging_mixin.py:188} INFO - [2024-06-03T10:34:43.051+0000] {dag.py:3096} INFO - Sync 1 DAGs
[2024-06-03T10:34:43.097+0000] {logging_mixin.py:188} INFO - [2024-06-03T10:34:43.096+0000] {dag.py:3954} INFO - Setting next_dagrun for example_task_group_decorator to 2024-06-02 00:00:00+00:00, run_after=2024-06-03 00:00:00+00:00
[2024-06-03T10:34:43.129+0000] {processor.py:183} INFO - Processing /home/airflow/.local/lib/python3.12/site-packages/airflow/example_dags/example_task_group_decorator.py took 0.155 seconds
[2024-06-03T10:35:13.375+0000] {processor.py:161} INFO - Started process (PID=6733) to work on /home/airflow/.local/lib/python3.12/site-packages/airflow/example_dags/example_task_group_decorator.py
[2024-06-03T10:35:13.375+0000] {processor.py:830} INFO - Processing file /home/airflow/.local/lib/python3.12/site-packages/airflow/example_dags/example_task_group_decorator.py for tasks to queue
[2024-06-03T10:35:13.377+0000] {logging_mixin.py:188} INFO - [2024-06-03T10:35:13.377+0000] {dagbag.py:545} INFO - Filling up the DagBag from /home/airflow/.local/lib/python3.12/site-packages/airflow/example_dags/example_task_group_decorator.py
[2024-06-03T10:35:13.405+0000] {processor.py:840} INFO - DAG(s) 'example_task_group_decorator' retrieved from /home/airflow/.local/lib/python3.12/site-packages/airflow/example_dags/example_task_group_decorator.py
[2024-06-03T10:35:13.456+0000] {logging_mixin.py:188} INFO - [2024-06-03T10:35:13.456+0000] {dag.py:3096} INFO - Sync 1 DAGs
[2024-06-03T10:35:13.496+0000] {logging_mixin.py:188} INFO - [2024-06-03T10:35:13.496+0000] {dag.py:3954} INFO - Setting next_dagrun for example_task_group_decorator to 2024-06-02 00:00:00+00:00, run_after=2024-06-03 00:00:00+00:00
[2024-06-03T10:35:13.525+0000] {processor.py:183} INFO - Processing /home/airflow/.local/lib/python3.12/site-packages/airflow/example_dags/example_task_group_decorator.py took 0.158 seconds
[2024-06-03T10:35:43.593+0000] {processor.py:161} INFO - Started process (PID=6989) to work on /home/airflow/.local/lib/python3.12/site-packages/airflow/example_dags/example_task_group_decorator.py
[2024-06-03T10:35:43.594+0000] {processor.py:830} INFO - Processing file /home/airflow/.local/lib/python3.12/site-packages/airflow/example_dags/example_task_group_decorator.py for tasks to queue
[2024-06-03T10:35:43.596+0000] {logging_mixin.py:188} INFO - [2024-06-03T10:35:43.595+0000] {dagbag.py:545} INFO - Filling up the DagBag from /home/airflow/.local/lib/python3.12/site-packages/airflow/example_dags/example_task_group_decorator.py
[2024-06-03T10:35:43.616+0000] {processor.py:840} INFO - DAG(s) 'example_task_group_decorator' retrieved from /home/airflow/.local/lib/python3.12/site-packages/airflow/example_dags/example_task_group_decorator.py
[2024-06-03T10:35:43.653+0000] {logging_mixin.py:188} INFO - [2024-06-03T10:35:43.653+0000] {dag.py:3096} INFO - Sync 1 DAGs
[2024-06-03T10:35:43.685+0000] {logging_mixin.py:188} INFO - [2024-06-03T10:35:43.685+0000] {dag.py:3954} INFO - Setting next_dagrun for example_task_group_decorator to 2024-06-02 00:00:00+00:00, run_after=2024-06-03 00:00:00+00:00
[2024-06-03T10:35:43.711+0000] {processor.py:183} INFO - Processing /home/airflow/.local/lib/python3.12/site-packages/airflow/example_dags/example_task_group_decorator.py took 0.127 seconds
[2024-06-03T10:36:14.651+0000] {processor.py:161} INFO - Started process (PID=7245) to work on /home/airflow/.local/lib/python3.12/site-packages/airflow/example_dags/example_task_group_decorator.py
[2024-06-03T10:36:14.652+0000] {processor.py:830} INFO - Processing file /home/airflow/.local/lib/python3.12/site-packages/airflow/example_dags/example_task_group_decorator.py for tasks to queue
[2024-06-03T10:36:14.654+0000] {logging_mixin.py:188} INFO - [2024-06-03T10:36:14.654+0000] {dagbag.py:545} INFO - Filling up the DagBag from /home/airflow/.local/lib/python3.12/site-packages/airflow/example_dags/example_task_group_decorator.py
[2024-06-03T10:36:14.675+0000] {processor.py:840} INFO - DAG(s) 'example_task_group_decorator' retrieved from /home/airflow/.local/lib/python3.12/site-packages/airflow/example_dags/example_task_group_decorator.py
[2024-06-03T10:36:14.711+0000] {logging_mixin.py:188} INFO - [2024-06-03T10:36:14.710+0000] {dag.py:3096} INFO - Sync 1 DAGs
[2024-06-03T10:36:14.741+0000] {logging_mixin.py:188} INFO - [2024-06-03T10:36:14.741+0000] {dag.py:3954} INFO - Setting next_dagrun for example_task_group_decorator to 2024-06-02 00:00:00+00:00, run_after=2024-06-03 00:00:00+00:00
[2024-06-03T10:36:14.766+0000] {processor.py:183} INFO - Processing /home/airflow/.local/lib/python3.12/site-packages/airflow/example_dags/example_task_group_decorator.py took 0.122 seconds
[2024-06-03T10:36:44.882+0000] {processor.py:161} INFO - Started process (PID=7498) to work on /home/airflow/.local/lib/python3.12/site-packages/airflow/example_dags/example_task_group_decorator.py
[2024-06-03T10:36:44.883+0000] {processor.py:830} INFO - Processing file /home/airflow/.local/lib/python3.12/site-packages/airflow/example_dags/example_task_group_decorator.py for tasks to queue
[2024-06-03T10:36:44.885+0000] {logging_mixin.py:188} INFO - [2024-06-03T10:36:44.884+0000] {dagbag.py:545} INFO - Filling up the DagBag from /home/airflow/.local/lib/python3.12/site-packages/airflow/example_dags/example_task_group_decorator.py
[2024-06-03T10:36:44.905+0000] {processor.py:840} INFO - DAG(s) 'example_task_group_decorator' retrieved from /home/airflow/.local/lib/python3.12/site-packages/airflow/example_dags/example_task_group_decorator.py
[2024-06-03T10:36:44.940+0000] {logging_mixin.py:188} INFO - [2024-06-03T10:36:44.939+0000] {dag.py:3096} INFO - Sync 1 DAGs
[2024-06-03T10:36:44.972+0000] {logging_mixin.py:188} INFO - [2024-06-03T10:36:44.972+0000] {dag.py:3954} INFO - Setting next_dagrun for example_task_group_decorator to 2024-06-02 00:00:00+00:00, run_after=2024-06-03 00:00:00+00:00
[2024-06-03T10:36:44.999+0000] {processor.py:183} INFO - Processing /home/airflow/.local/lib/python3.12/site-packages/airflow/example_dags/example_task_group_decorator.py took 0.123 seconds
[2024-06-03T10:37:15.374+0000] {processor.py:161} INFO - Started process (PID=7754) to work on /home/airflow/.local/lib/python3.12/site-packages/airflow/example_dags/example_task_group_decorator.py
[2024-06-03T10:37:15.375+0000] {processor.py:830} INFO - Processing file /home/airflow/.local/lib/python3.12/site-packages/airflow/example_dags/example_task_group_decorator.py for tasks to queue
[2024-06-03T10:37:15.377+0000] {logging_mixin.py:188} INFO - [2024-06-03T10:37:15.377+0000] {dagbag.py:545} INFO - Filling up the DagBag from /home/airflow/.local/lib/python3.12/site-packages/airflow/example_dags/example_task_group_decorator.py
[2024-06-03T10:37:15.402+0000] {processor.py:840} INFO - DAG(s) 'example_task_group_decorator' retrieved from /home/airflow/.local/lib/python3.12/site-packages/airflow/example_dags/example_task_group_decorator.py
[2024-06-03T10:37:15.439+0000] {logging_mixin.py:188} INFO - [2024-06-03T10:37:15.439+0000] {dag.py:3096} INFO - Sync 1 DAGs
[2024-06-03T10:37:15.472+0000] {logging_mixin.py:188} INFO - [2024-06-03T10:37:15.471+0000] {dag.py:3954} INFO - Setting next_dagrun for example_task_group_decorator to 2024-06-02 00:00:00+00:00, run_after=2024-06-03 00:00:00+00:00
[2024-06-03T10:37:15.498+0000] {processor.py:183} INFO - Processing /home/airflow/.local/lib/python3.12/site-packages/airflow/example_dags/example_task_group_decorator.py took 0.131 seconds
[2024-06-03T10:37:45.958+0000] {processor.py:161} INFO - Started process (PID=8010) to work on /home/airflow/.local/lib/python3.12/site-packages/airflow/example_dags/example_task_group_decorator.py
[2024-06-03T10:37:45.959+0000] {processor.py:830} INFO - Processing file /home/airflow/.local/lib/python3.12/site-packages/airflow/example_dags/example_task_group_decorator.py for tasks to queue
[2024-06-03T10:37:45.961+0000] {logging_mixin.py:188} INFO - [2024-06-03T10:37:45.961+0000] {dagbag.py:545} INFO - Filling up the DagBag from /home/airflow/.local/lib/python3.12/site-packages/airflow/example_dags/example_task_group_decorator.py
[2024-06-03T10:37:45.983+0000] {processor.py:840} INFO - DAG(s) 'example_task_group_decorator' retrieved from /home/airflow/.local/lib/python3.12/site-packages/airflow/example_dags/example_task_group_decorator.py
[2024-06-03T10:37:46.020+0000] {logging_mixin.py:188} INFO - [2024-06-03T10:37:46.019+0000] {dag.py:3096} INFO - Sync 1 DAGs
[2024-06-03T10:37:46.053+0000] {logging_mixin.py:188} INFO - [2024-06-03T10:37:46.053+0000] {dag.py:3954} INFO - Setting next_dagrun for example_task_group_decorator to 2024-06-02 00:00:00+00:00, run_after=2024-06-03 00:00:00+00:00
[2024-06-03T10:37:46.083+0000] {processor.py:183} INFO - Processing /home/airflow/.local/lib/python3.12/site-packages/airflow/example_dags/example_task_group_decorator.py took 0.131 seconds
[2024-06-03T10:38:16.618+0000] {processor.py:161} INFO - Started process (PID=8266) to work on /home/airflow/.local/lib/python3.12/site-packages/airflow/example_dags/example_task_group_decorator.py
[2024-06-03T10:38:16.619+0000] {processor.py:830} INFO - Processing file /home/airflow/.local/lib/python3.12/site-packages/airflow/example_dags/example_task_group_decorator.py for tasks to queue
[2024-06-03T10:38:16.621+0000] {logging_mixin.py:188} INFO - [2024-06-03T10:38:16.620+0000] {dagbag.py:545} INFO - Filling up the DagBag from /home/airflow/.local/lib/python3.12/site-packages/airflow/example_dags/example_task_group_decorator.py
[2024-06-03T10:38:16.644+0000] {processor.py:840} INFO - DAG(s) 'example_task_group_decorator' retrieved from /home/airflow/.local/lib/python3.12/site-packages/airflow/example_dags/example_task_group_decorator.py
[2024-06-03T10:38:16.683+0000] {logging_mixin.py:188} INFO - [2024-06-03T10:38:16.682+0000] {dag.py:3096} INFO - Sync 1 DAGs
[2024-06-03T10:38:16.716+0000] {logging_mixin.py:188} INFO - [2024-06-03T10:38:16.716+0000] {dag.py:3954} INFO - Setting next_dagrun for example_task_group_decorator to 2024-06-02 00:00:00+00:00, run_after=2024-06-03 00:00:00+00:00
[2024-06-03T10:38:16.742+0000] {processor.py:183} INFO - Processing /home/airflow/.local/lib/python3.12/site-packages/airflow/example_dags/example_task_group_decorator.py took 0.132 seconds
[2024-06-03T10:38:46.900+0000] {processor.py:161} INFO - Started process (PID=8522) to work on /home/airflow/.local/lib/python3.12/site-packages/airflow/example_dags/example_task_group_decorator.py
[2024-06-03T10:38:46.901+0000] {processor.py:830} INFO - Processing file /home/airflow/.local/lib/python3.12/site-packages/airflow/example_dags/example_task_group_decorator.py for tasks to queue
[2024-06-03T10:38:46.903+0000] {logging_mixin.py:188} INFO - [2024-06-03T10:38:46.902+0000] {dagbag.py:545} INFO - Filling up the DagBag from /home/airflow/.local/lib/python3.12/site-packages/airflow/example_dags/example_task_group_decorator.py
[2024-06-03T10:38:46.924+0000] {processor.py:840} INFO - DAG(s) 'example_task_group_decorator' retrieved from /home/airflow/.local/lib/python3.12/site-packages/airflow/example_dags/example_task_group_decorator.py
[2024-06-03T10:38:46.962+0000] {logging_mixin.py:188} INFO - [2024-06-03T10:38:46.962+0000] {dag.py:3096} INFO - Sync 1 DAGs
[2024-06-03T10:38:46.995+0000] {logging_mixin.py:188} INFO - [2024-06-03T10:38:46.995+0000] {dag.py:3954} INFO - Setting next_dagrun for example_task_group_decorator to 2024-06-02 00:00:00+00:00, run_after=2024-06-03 00:00:00+00:00
[2024-06-03T10:38:47.022+0000] {processor.py:183} INFO - Processing /home/airflow/.local/lib/python3.12/site-packages/airflow/example_dags/example_task_group_decorator.py took 0.129 seconds
[2024-06-03T10:39:17.875+0000] {processor.py:161} INFO - Started process (PID=8778) to work on /home/airflow/.local/lib/python3.12/site-packages/airflow/example_dags/example_task_group_decorator.py
[2024-06-03T10:39:17.875+0000] {processor.py:830} INFO - Processing file /home/airflow/.local/lib/python3.12/site-packages/airflow/example_dags/example_task_group_decorator.py for tasks to queue
[2024-06-03T10:39:17.877+0000] {logging_mixin.py:188} INFO - [2024-06-03T10:39:17.877+0000] {dagbag.py:545} INFO - Filling up the DagBag from /home/airflow/.local/lib/python3.12/site-packages/airflow/example_dags/example_task_group_decorator.py
[2024-06-03T10:39:17.900+0000] {processor.py:840} INFO - DAG(s) 'example_task_group_decorator' retrieved from /home/airflow/.local/lib/python3.12/site-packages/airflow/example_dags/example_task_group_decorator.py
[2024-06-03T10:39:17.943+0000] {logging_mixin.py:188} INFO - [2024-06-03T10:39:17.943+0000] {dag.py:3096} INFO - Sync 1 DAGs
[2024-06-03T10:39:17.981+0000] {logging_mixin.py:188} INFO - [2024-06-03T10:39:17.980+0000] {dag.py:3954} INFO - Setting next_dagrun for example_task_group_decorator to 2024-06-02 00:00:00+00:00, run_after=2024-06-03 00:00:00+00:00
[2024-06-03T10:39:18.010+0000] {processor.py:183} INFO - Processing /home/airflow/.local/lib/python3.12/site-packages/airflow/example_dags/example_task_group_decorator.py took 0.142 seconds
[2024-06-03T10:39:48.866+0000] {processor.py:161} INFO - Started process (PID=9034) to work on /home/airflow/.local/lib/python3.12/site-packages/airflow/example_dags/example_task_group_decorator.py
[2024-06-03T10:39:48.867+0000] {processor.py:830} INFO - Processing file /home/airflow/.local/lib/python3.12/site-packages/airflow/example_dags/example_task_group_decorator.py for tasks to queue
[2024-06-03T10:39:48.869+0000] {logging_mixin.py:188} INFO - [2024-06-03T10:39:48.868+0000] {dagbag.py:545} INFO - Filling up the DagBag from /home/airflow/.local/lib/python3.12/site-packages/airflow/example_dags/example_task_group_decorator.py
[2024-06-03T10:39:48.891+0000] {processor.py:840} INFO - DAG(s) 'example_task_group_decorator' retrieved from /home/airflow/.local/lib/python3.12/site-packages/airflow/example_dags/example_task_group_decorator.py
[2024-06-03T10:39:48.933+0000] {logging_mixin.py:188} INFO - [2024-06-03T10:39:48.933+0000] {dag.py:3096} INFO - Sync 1 DAGs
[2024-06-03T10:39:48.969+0000] {logging_mixin.py:188} INFO - [2024-06-03T10:39:48.969+0000] {dag.py:3954} INFO - Setting next_dagrun for example_task_group_decorator to 2024-06-02 00:00:00+00:00, run_after=2024-06-03 00:00:00+00:00
[2024-06-03T10:39:48.994+0000] {processor.py:183} INFO - Processing /home/airflow/.local/lib/python3.12/site-packages/airflow/example_dags/example_task_group_decorator.py took 0.135 seconds
[2024-06-03T10:40:19.621+0000] {processor.py:161} INFO - Started process (PID=9290) to work on /home/airflow/.local/lib/python3.12/site-packages/airflow/example_dags/example_task_group_decorator.py
[2024-06-03T10:40:19.622+0000] {processor.py:830} INFO - Processing file /home/airflow/.local/lib/python3.12/site-packages/airflow/example_dags/example_task_group_decorator.py for tasks to queue
[2024-06-03T10:40:19.624+0000] {logging_mixin.py:188} INFO - [2024-06-03T10:40:19.623+0000] {dagbag.py:545} INFO - Filling up the DagBag from /home/airflow/.local/lib/python3.12/site-packages/airflow/example_dags/example_task_group_decorator.py
[2024-06-03T10:40:19.646+0000] {processor.py:840} INFO - DAG(s) 'example_task_group_decorator' retrieved from /home/airflow/.local/lib/python3.12/site-packages/airflow/example_dags/example_task_group_decorator.py
[2024-06-03T10:40:19.692+0000] {logging_mixin.py:188} INFO - [2024-06-03T10:40:19.691+0000] {dag.py:3096} INFO - Sync 1 DAGs
[2024-06-03T10:40:19.729+0000] {logging_mixin.py:188} INFO - [2024-06-03T10:40:19.729+0000] {dag.py:3954} INFO - Setting next_dagrun for example_task_group_decorator to 2024-06-02 00:00:00+00:00, run_after=2024-06-03 00:00:00+00:00
[2024-06-03T10:40:19.754+0000] {processor.py:183} INFO - Processing /home/airflow/.local/lib/python3.12/site-packages/airflow/example_dags/example_task_group_decorator.py took 0.140 seconds
[2024-06-03T10:40:49.851+0000] {processor.py:161} INFO - Started process (PID=9546) to work on /home/airflow/.local/lib/python3.12/site-packages/airflow/example_dags/example_task_group_decorator.py
[2024-06-03T10:40:49.852+0000] {processor.py:830} INFO - Processing file /home/airflow/.local/lib/python3.12/site-packages/airflow/example_dags/example_task_group_decorator.py for tasks to queue
[2024-06-03T10:40:49.853+0000] {logging_mixin.py:188} INFO - [2024-06-03T10:40:49.853+0000] {dagbag.py:545} INFO - Filling up the DagBag from /home/airflow/.local/lib/python3.12/site-packages/airflow/example_dags/example_task_group_decorator.py
[2024-06-03T10:40:49.875+0000] {processor.py:840} INFO - DAG(s) 'example_task_group_decorator' retrieved from /home/airflow/.local/lib/python3.12/site-packages/airflow/example_dags/example_task_group_decorator.py
[2024-06-03T10:40:49.914+0000] {logging_mixin.py:188} INFO - [2024-06-03T10:40:49.913+0000] {dag.py:3096} INFO - Sync 1 DAGs
[2024-06-03T10:40:49.947+0000] {logging_mixin.py:188} INFO - [2024-06-03T10:40:49.946+0000] {dag.py:3954} INFO - Setting next_dagrun for example_task_group_decorator to 2024-06-02 00:00:00+00:00, run_after=2024-06-03 00:00:00+00:00
[2024-06-03T10:40:49.973+0000] {processor.py:183} INFO - Processing /home/airflow/.local/lib/python3.12/site-packages/airflow/example_dags/example_task_group_decorator.py took 0.129 seconds
[2024-06-03T10:41:20.008+0000] {processor.py:161} INFO - Started process (PID=9802) to work on /home/airflow/.local/lib/python3.12/site-packages/airflow/example_dags/example_task_group_decorator.py
[2024-06-03T10:41:20.009+0000] {processor.py:830} INFO - Processing file /home/airflow/.local/lib/python3.12/site-packages/airflow/example_dags/example_task_group_decorator.py for tasks to queue
[2024-06-03T10:41:20.011+0000] {logging_mixin.py:188} INFO - [2024-06-03T10:41:20.011+0000] {dagbag.py:545} INFO - Filling up the DagBag from /home/airflow/.local/lib/python3.12/site-packages/airflow/example_dags/example_task_group_decorator.py
[2024-06-03T10:41:20.032+0000] {processor.py:840} INFO - DAG(s) 'example_task_group_decorator' retrieved from /home/airflow/.local/lib/python3.12/site-packages/airflow/example_dags/example_task_group_decorator.py
[2024-06-03T10:41:20.068+0000] {logging_mixin.py:188} INFO - [2024-06-03T10:41:20.068+0000] {dag.py:3096} INFO - Sync 1 DAGs
[2024-06-03T10:41:20.101+0000] {logging_mixin.py:188} INFO - [2024-06-03T10:41:20.100+0000] {dag.py:3954} INFO - Setting next_dagrun for example_task_group_decorator to 2024-06-02 00:00:00+00:00, run_after=2024-06-03 00:00:00+00:00
[2024-06-03T10:41:20.126+0000] {processor.py:183} INFO - Processing /home/airflow/.local/lib/python3.12/site-packages/airflow/example_dags/example_task_group_decorator.py took 0.127 seconds
[2024-06-03T10:41:50.191+0000] {processor.py:161} INFO - Started process (PID=10058) to work on /home/airflow/.local/lib/python3.12/site-packages/airflow/example_dags/example_task_group_decorator.py
[2024-06-03T10:41:50.192+0000] {processor.py:830} INFO - Processing file /home/airflow/.local/lib/python3.12/site-packages/airflow/example_dags/example_task_group_decorator.py for tasks to queue
[2024-06-03T10:41:50.194+0000] {logging_mixin.py:188} INFO - [2024-06-03T10:41:50.193+0000] {dagbag.py:545} INFO - Filling up the DagBag from /home/airflow/.local/lib/python3.12/site-packages/airflow/example_dags/example_task_group_decorator.py
[2024-06-03T10:41:50.216+0000] {processor.py:840} INFO - DAG(s) 'example_task_group_decorator' retrieved from /home/airflow/.local/lib/python3.12/site-packages/airflow/example_dags/example_task_group_decorator.py
[2024-06-03T10:41:50.263+0000] {logging_mixin.py:188} INFO - [2024-06-03T10:41:50.263+0000] {dag.py:3096} INFO - Sync 1 DAGs
[2024-06-03T10:41:50.295+0000] {logging_mixin.py:188} INFO - [2024-06-03T10:41:50.295+0000] {dag.py:3954} INFO - Setting next_dagrun for example_task_group_decorator to 2024-06-02 00:00:00+00:00, run_after=2024-06-03 00:00:00+00:00
[2024-06-03T10:41:50.321+0000] {processor.py:183} INFO - Processing /home/airflow/.local/lib/python3.12/site-packages/airflow/example_dags/example_task_group_decorator.py took 0.137 seconds
[2024-06-03T10:42:20.506+0000] {processor.py:161} INFO - Started process (PID=10312) to work on /home/airflow/.local/lib/python3.12/site-packages/airflow/example_dags/example_task_group_decorator.py
[2024-06-03T10:42:20.507+0000] {processor.py:830} INFO - Processing file /home/airflow/.local/lib/python3.12/site-packages/airflow/example_dags/example_task_group_decorator.py for tasks to queue
[2024-06-03T10:42:20.509+0000] {logging_mixin.py:188} INFO - [2024-06-03T10:42:20.508+0000] {dagbag.py:545} INFO - Filling up the DagBag from /home/airflow/.local/lib/python3.12/site-packages/airflow/example_dags/example_task_group_decorator.py
[2024-06-03T10:42:20.529+0000] {processor.py:840} INFO - DAG(s) 'example_task_group_decorator' retrieved from /home/airflow/.local/lib/python3.12/site-packages/airflow/example_dags/example_task_group_decorator.py
[2024-06-03T10:42:20.571+0000] {logging_mixin.py:188} INFO - [2024-06-03T10:42:20.571+0000] {dag.py:3096} INFO - Sync 1 DAGs
[2024-06-03T10:42:20.604+0000] {logging_mixin.py:188} INFO - [2024-06-03T10:42:20.604+0000] {dag.py:3954} INFO - Setting next_dagrun for example_task_group_decorator to 2024-06-02 00:00:00+00:00, run_after=2024-06-03 00:00:00+00:00
[2024-06-03T10:42:20.630+0000] {processor.py:183} INFO - Processing /home/airflow/.local/lib/python3.12/site-packages/airflow/example_dags/example_task_group_decorator.py took 0.130 seconds
[2024-06-03T10:42:51.390+0000] {processor.py:161} INFO - Started process (PID=10562) to work on /home/airflow/.local/lib/python3.12/site-packages/airflow/example_dags/example_task_group_decorator.py
[2024-06-03T10:42:51.391+0000] {processor.py:830} INFO - Processing file /home/airflow/.local/lib/python3.12/site-packages/airflow/example_dags/example_task_group_decorator.py for tasks to queue
[2024-06-03T10:42:51.393+0000] {logging_mixin.py:188} INFO - [2024-06-03T10:42:51.392+0000] {dagbag.py:545} INFO - Filling up the DagBag from /home/airflow/.local/lib/python3.12/site-packages/airflow/example_dags/example_task_group_decorator.py
[2024-06-03T10:42:51.415+0000] {processor.py:840} INFO - DAG(s) 'example_task_group_decorator' retrieved from /home/airflow/.local/lib/python3.12/site-packages/airflow/example_dags/example_task_group_decorator.py
[2024-06-03T10:42:51.452+0000] {logging_mixin.py:188} INFO - [2024-06-03T10:42:51.452+0000] {dag.py:3096} INFO - Sync 1 DAGs
[2024-06-03T10:42:51.483+0000] {logging_mixin.py:188} INFO - [2024-06-03T10:42:51.483+0000] {dag.py:3954} INFO - Setting next_dagrun for example_task_group_decorator to 2024-06-02 00:00:00+00:00, run_after=2024-06-03 00:00:00+00:00
[2024-06-03T10:42:51.508+0000] {processor.py:183} INFO - Processing /home/airflow/.local/lib/python3.12/site-packages/airflow/example_dags/example_task_group_decorator.py took 0.126 seconds
[2024-06-03T10:43:21.651+0000] {processor.py:161} INFO - Started process (PID=10818) to work on /home/airflow/.local/lib/python3.12/site-packages/airflow/example_dags/example_task_group_decorator.py
[2024-06-03T10:43:21.652+0000] {processor.py:830} INFO - Processing file /home/airflow/.local/lib/python3.12/site-packages/airflow/example_dags/example_task_group_decorator.py for tasks to queue
[2024-06-03T10:43:21.653+0000] {logging_mixin.py:188} INFO - [2024-06-03T10:43:21.653+0000] {dagbag.py:545} INFO - Filling up the DagBag from /home/airflow/.local/lib/python3.12/site-packages/airflow/example_dags/example_task_group_decorator.py
[2024-06-03T10:43:21.676+0000] {processor.py:840} INFO - DAG(s) 'example_task_group_decorator' retrieved from /home/airflow/.local/lib/python3.12/site-packages/airflow/example_dags/example_task_group_decorator.py
[2024-06-03T10:43:21.713+0000] {logging_mixin.py:188} INFO - [2024-06-03T10:43:21.712+0000] {dag.py:3096} INFO - Sync 1 DAGs
[2024-06-03T10:43:21.743+0000] {logging_mixin.py:188} INFO - [2024-06-03T10:43:21.742+0000] {dag.py:3954} INFO - Setting next_dagrun for example_task_group_decorator to 2024-06-02 00:00:00+00:00, run_after=2024-06-03 00:00:00+00:00
[2024-06-03T10:43:21.768+0000] {processor.py:183} INFO - Processing /home/airflow/.local/lib/python3.12/site-packages/airflow/example_dags/example_task_group_decorator.py took 0.124 seconds
[2024-06-03T10:43:52.153+0000] {processor.py:161} INFO - Started process (PID=11074) to work on /home/airflow/.local/lib/python3.12/site-packages/airflow/example_dags/example_task_group_decorator.py
[2024-06-03T10:43:52.154+0000] {processor.py:830} INFO - Processing file /home/airflow/.local/lib/python3.12/site-packages/airflow/example_dags/example_task_group_decorator.py for tasks to queue
[2024-06-03T10:43:52.156+0000] {logging_mixin.py:188} INFO - [2024-06-03T10:43:52.156+0000] {dagbag.py:545} INFO - Filling up the DagBag from /home/airflow/.local/lib/python3.12/site-packages/airflow/example_dags/example_task_group_decorator.py
[2024-06-03T10:43:52.178+0000] {processor.py:840} INFO - DAG(s) 'example_task_group_decorator' retrieved from /home/airflow/.local/lib/python3.12/site-packages/airflow/example_dags/example_task_group_decorator.py
[2024-06-03T10:43:52.360+0000] {logging_mixin.py:188} INFO - [2024-06-03T10:43:52.360+0000] {dag.py:3096} INFO - Sync 1 DAGs
[2024-06-03T10:43:52.389+0000] {logging_mixin.py:188} INFO - [2024-06-03T10:43:52.389+0000] {dag.py:3954} INFO - Setting next_dagrun for example_task_group_decorator to 2024-06-02 00:00:00+00:00, run_after=2024-06-03 00:00:00+00:00
[2024-06-03T10:43:52.413+0000] {processor.py:183} INFO - Processing /home/airflow/.local/lib/python3.12/site-packages/airflow/example_dags/example_task_group_decorator.py took 0.267 seconds
[2024-06-03T10:44:22.952+0000] {processor.py:161} INFO - Started process (PID=11330) to work on /home/airflow/.local/lib/python3.12/site-packages/airflow/example_dags/example_task_group_decorator.py
[2024-06-03T10:44:22.953+0000] {processor.py:830} INFO - Processing file /home/airflow/.local/lib/python3.12/site-packages/airflow/example_dags/example_task_group_decorator.py for tasks to queue
[2024-06-03T10:44:22.955+0000] {logging_mixin.py:188} INFO - [2024-06-03T10:44:22.955+0000] {dagbag.py:545} INFO - Filling up the DagBag from /home/airflow/.local/lib/python3.12/site-packages/airflow/example_dags/example_task_group_decorator.py
[2024-06-03T10:44:22.979+0000] {processor.py:840} INFO - DAG(s) 'example_task_group_decorator' retrieved from /home/airflow/.local/lib/python3.12/site-packages/airflow/example_dags/example_task_group_decorator.py
[2024-06-03T10:44:23.018+0000] {logging_mixin.py:188} INFO - [2024-06-03T10:44:23.017+0000] {dag.py:3096} INFO - Sync 1 DAGs
[2024-06-03T10:44:23.187+0000] {logging_mixin.py:188} INFO - [2024-06-03T10:44:23.186+0000] {dag.py:3954} INFO - Setting next_dagrun for example_task_group_decorator to 2024-06-02 00:00:00+00:00, run_after=2024-06-03 00:00:00+00:00
[2024-06-03T10:44:23.209+0000] {processor.py:183} INFO - Processing /home/airflow/.local/lib/python3.12/site-packages/airflow/example_dags/example_task_group_decorator.py took 0.264 seconds
[2024-06-03T10:44:53.915+0000] {processor.py:161} INFO - Started process (PID=11586) to work on /home/airflow/.local/lib/python3.12/site-packages/airflow/example_dags/example_task_group_decorator.py
[2024-06-03T10:44:53.916+0000] {processor.py:830} INFO - Processing file /home/airflow/.local/lib/python3.12/site-packages/airflow/example_dags/example_task_group_decorator.py for tasks to queue
[2024-06-03T10:44:53.918+0000] {logging_mixin.py:188} INFO - [2024-06-03T10:44:53.918+0000] {dagbag.py:545} INFO - Filling up the DagBag from /home/airflow/.local/lib/python3.12/site-packages/airflow/example_dags/example_task_group_decorator.py
[2024-06-03T10:44:53.939+0000] {processor.py:840} INFO - DAG(s) 'example_task_group_decorator' retrieved from /home/airflow/.local/lib/python3.12/site-packages/airflow/example_dags/example_task_group_decorator.py
[2024-06-03T10:44:53.976+0000] {logging_mixin.py:188} INFO - [2024-06-03T10:44:53.975+0000] {dag.py:3096} INFO - Sync 1 DAGs
[2024-06-03T10:44:54.007+0000] {logging_mixin.py:188} INFO - [2024-06-03T10:44:54.007+0000] {dag.py:3954} INFO - Setting next_dagrun for example_task_group_decorator to 2024-06-02 00:00:00+00:00, run_after=2024-06-03 00:00:00+00:00
[2024-06-03T10:44:54.032+0000] {processor.py:183} INFO - Processing /home/airflow/.local/lib/python3.12/site-packages/airflow/example_dags/example_task_group_decorator.py took 0.124 seconds
[2024-06-03T10:45:24.884+0000] {processor.py:161} INFO - Started process (PID=11842) to work on /home/airflow/.local/lib/python3.12/site-packages/airflow/example_dags/example_task_group_decorator.py
[2024-06-03T10:45:24.885+0000] {processor.py:830} INFO - Processing file /home/airflow/.local/lib/python3.12/site-packages/airflow/example_dags/example_task_group_decorator.py for tasks to queue
[2024-06-03T10:45:24.888+0000] {logging_mixin.py:188} INFO - [2024-06-03T10:45:24.887+0000] {dagbag.py:545} INFO - Filling up the DagBag from /home/airflow/.local/lib/python3.12/site-packages/airflow/example_dags/example_task_group_decorator.py
[2024-06-03T10:45:24.910+0000] {processor.py:840} INFO - DAG(s) 'example_task_group_decorator' retrieved from /home/airflow/.local/lib/python3.12/site-packages/airflow/example_dags/example_task_group_decorator.py
[2024-06-03T10:45:24.947+0000] {logging_mixin.py:188} INFO - [2024-06-03T10:45:24.947+0000] {dag.py:3096} INFO - Sync 1 DAGs
[2024-06-03T10:45:24.979+0000] {logging_mixin.py:188} INFO - [2024-06-03T10:45:24.978+0000] {dag.py:3954} INFO - Setting next_dagrun for example_task_group_decorator to 2024-06-02 00:00:00+00:00, run_after=2024-06-03 00:00:00+00:00
[2024-06-03T10:45:25.004+0000] {processor.py:183} INFO - Processing /home/airflow/.local/lib/python3.12/site-packages/airflow/example_dags/example_task_group_decorator.py took 0.127 seconds
[2024-06-03T10:45:55.554+0000] {processor.py:161} INFO - Started process (PID=12098) to work on /home/airflow/.local/lib/python3.12/site-packages/airflow/example_dags/example_task_group_decorator.py
[2024-06-03T10:45:55.554+0000] {processor.py:830} INFO - Processing file /home/airflow/.local/lib/python3.12/site-packages/airflow/example_dags/example_task_group_decorator.py for tasks to queue
[2024-06-03T10:45:55.557+0000] {logging_mixin.py:188} INFO - [2024-06-03T10:45:55.557+0000] {dagbag.py:545} INFO - Filling up the DagBag from /home/airflow/.local/lib/python3.12/site-packages/airflow/example_dags/example_task_group_decorator.py
[2024-06-03T10:45:55.579+0000] {processor.py:840} INFO - DAG(s) 'example_task_group_decorator' retrieved from /home/airflow/.local/lib/python3.12/site-packages/airflow/example_dags/example_task_group_decorator.py
[2024-06-03T10:45:55.616+0000] {logging_mixin.py:188} INFO - [2024-06-03T10:45:55.616+0000] {dag.py:3096} INFO - Sync 1 DAGs
[2024-06-03T10:45:55.648+0000] {logging_mixin.py:188} INFO - [2024-06-03T10:45:55.648+0000] {dag.py:3954} INFO - Setting next_dagrun for example_task_group_decorator to 2024-06-02 00:00:00+00:00, run_after=2024-06-03 00:00:00+00:00
[2024-06-03T10:45:55.674+0000] {processor.py:183} INFO - Processing /home/airflow/.local/lib/python3.12/site-packages/airflow/example_dags/example_task_group_decorator.py took 0.127 seconds
[2024-06-03T10:46:25.924+0000] {processor.py:161} INFO - Started process (PID=12354) to work on /home/airflow/.local/lib/python3.12/site-packages/airflow/example_dags/example_task_group_decorator.py
[2024-06-03T10:46:25.926+0000] {processor.py:830} INFO - Processing file /home/airflow/.local/lib/python3.12/site-packages/airflow/example_dags/example_task_group_decorator.py for tasks to queue
[2024-06-03T10:46:25.928+0000] {logging_mixin.py:188} INFO - [2024-06-03T10:46:25.928+0000] {dagbag.py:545} INFO - Filling up the DagBag from /home/airflow/.local/lib/python3.12/site-packages/airflow/example_dags/example_task_group_decorator.py
[2024-06-03T10:46:25.949+0000] {processor.py:840} INFO - DAG(s) 'example_task_group_decorator' retrieved from /home/airflow/.local/lib/python3.12/site-packages/airflow/example_dags/example_task_group_decorator.py
[2024-06-03T10:46:25.986+0000] {logging_mixin.py:188} INFO - [2024-06-03T10:46:25.985+0000] {dag.py:3096} INFO - Sync 1 DAGs
[2024-06-03T10:46:26.017+0000] {logging_mixin.py:188} INFO - [2024-06-03T10:46:26.017+0000] {dag.py:3954} INFO - Setting next_dagrun for example_task_group_decorator to 2024-06-02 00:00:00+00:00, run_after=2024-06-03 00:00:00+00:00
[2024-06-03T10:46:26.042+0000] {processor.py:183} INFO - Processing /home/airflow/.local/lib/python3.12/site-packages/airflow/example_dags/example_task_group_decorator.py took 0.125 seconds
[2024-06-03T10:46:56.490+0000] {processor.py:161} INFO - Started process (PID=12610) to work on /home/airflow/.local/lib/python3.12/site-packages/airflow/example_dags/example_task_group_decorator.py
[2024-06-03T10:46:56.490+0000] {processor.py:830} INFO - Processing file /home/airflow/.local/lib/python3.12/site-packages/airflow/example_dags/example_task_group_decorator.py for tasks to queue
[2024-06-03T10:46:56.493+0000] {logging_mixin.py:188} INFO - [2024-06-03T10:46:56.493+0000] {dagbag.py:545} INFO - Filling up the DagBag from /home/airflow/.local/lib/python3.12/site-packages/airflow/example_dags/example_task_group_decorator.py
[2024-06-03T10:46:56.515+0000] {processor.py:840} INFO - DAG(s) 'example_task_group_decorator' retrieved from /home/airflow/.local/lib/python3.12/site-packages/airflow/example_dags/example_task_group_decorator.py
[2024-06-03T10:46:56.558+0000] {logging_mixin.py:188} INFO - [2024-06-03T10:46:56.558+0000] {dag.py:3096} INFO - Sync 1 DAGs
[2024-06-03T10:46:56.595+0000] {logging_mixin.py:188} INFO - [2024-06-03T10:46:56.594+0000] {dag.py:3954} INFO - Setting next_dagrun for example_task_group_decorator to 2024-06-02 00:00:00+00:00, run_after=2024-06-03 00:00:00+00:00
[2024-06-03T10:46:56.621+0000] {processor.py:183} INFO - Processing /home/airflow/.local/lib/python3.12/site-packages/airflow/example_dags/example_task_group_decorator.py took 0.139 seconds
[2024-06-03T10:47:27.148+0000] {processor.py:161} INFO - Started process (PID=12866) to work on /home/airflow/.local/lib/python3.12/site-packages/airflow/example_dags/example_task_group_decorator.py
[2024-06-03T10:47:27.150+0000] {processor.py:830} INFO - Processing file /home/airflow/.local/lib/python3.12/site-packages/airflow/example_dags/example_task_group_decorator.py for tasks to queue
[2024-06-03T10:47:27.152+0000] {logging_mixin.py:188} INFO - [2024-06-03T10:47:27.152+0000] {dagbag.py:545} INFO - Filling up the DagBag from /home/airflow/.local/lib/python3.12/site-packages/airflow/example_dags/example_task_group_decorator.py
[2024-06-03T10:47:27.172+0000] {processor.py:840} INFO - DAG(s) 'example_task_group_decorator' retrieved from /home/airflow/.local/lib/python3.12/site-packages/airflow/example_dags/example_task_group_decorator.py
[2024-06-03T10:47:27.209+0000] {logging_mixin.py:188} INFO - [2024-06-03T10:47:27.208+0000] {dag.py:3096} INFO - Sync 1 DAGs
[2024-06-03T10:47:27.239+0000] {logging_mixin.py:188} INFO - [2024-06-03T10:47:27.239+0000] {dag.py:3954} INFO - Setting next_dagrun for example_task_group_decorator to 2024-06-02 00:00:00+00:00, run_after=2024-06-03 00:00:00+00:00
[2024-06-03T10:47:27.266+0000] {processor.py:183} INFO - Processing /home/airflow/.local/lib/python3.12/site-packages/airflow/example_dags/example_task_group_decorator.py took 0.124 seconds
[2024-06-03T10:47:57.896+0000] {processor.py:161} INFO - Started process (PID=13122) to work on /home/airflow/.local/lib/python3.12/site-packages/airflow/example_dags/example_task_group_decorator.py
[2024-06-03T10:47:57.897+0000] {processor.py:830} INFO - Processing file /home/airflow/.local/lib/python3.12/site-packages/airflow/example_dags/example_task_group_decorator.py for tasks to queue
[2024-06-03T10:47:57.898+0000] {logging_mixin.py:188} INFO - [2024-06-03T10:47:57.898+0000] {dagbag.py:545} INFO - Filling up the DagBag from /home/airflow/.local/lib/python3.12/site-packages/airflow/example_dags/example_task_group_decorator.py
[2024-06-03T10:47:57.919+0000] {processor.py:840} INFO - DAG(s) 'example_task_group_decorator' retrieved from /home/airflow/.local/lib/python3.12/site-packages/airflow/example_dags/example_task_group_decorator.py
[2024-06-03T10:47:57.957+0000] {logging_mixin.py:188} INFO - [2024-06-03T10:47:57.957+0000] {dag.py:3096} INFO - Sync 1 DAGs
[2024-06-03T10:47:57.990+0000] {logging_mixin.py:188} INFO - [2024-06-03T10:47:57.990+0000] {dag.py:3954} INFO - Setting next_dagrun for example_task_group_decorator to 2024-06-02 00:00:00+00:00, run_after=2024-06-03 00:00:00+00:00
[2024-06-03T10:47:58.017+0000] {processor.py:183} INFO - Processing /home/airflow/.local/lib/python3.12/site-packages/airflow/example_dags/example_task_group_decorator.py took 0.130 seconds
[2024-06-03T10:48:28.268+0000] {processor.py:161} INFO - Started process (PID=13378) to work on /home/airflow/.local/lib/python3.12/site-packages/airflow/example_dags/example_task_group_decorator.py
[2024-06-03T10:48:28.269+0000] {processor.py:830} INFO - Processing file /home/airflow/.local/lib/python3.12/site-packages/airflow/example_dags/example_task_group_decorator.py for tasks to queue
[2024-06-03T10:48:28.271+0000] {logging_mixin.py:188} INFO - [2024-06-03T10:48:28.271+0000] {dagbag.py:545} INFO - Filling up the DagBag from /home/airflow/.local/lib/python3.12/site-packages/airflow/example_dags/example_task_group_decorator.py
[2024-06-03T10:48:28.292+0000] {processor.py:840} INFO - DAG(s) 'example_task_group_decorator' retrieved from /home/airflow/.local/lib/python3.12/site-packages/airflow/example_dags/example_task_group_decorator.py
[2024-06-03T10:48:28.334+0000] {logging_mixin.py:188} INFO - [2024-06-03T10:48:28.333+0000] {dag.py:3096} INFO - Sync 1 DAGs
[2024-06-03T10:48:28.369+0000] {logging_mixin.py:188} INFO - [2024-06-03T10:48:28.369+0000] {dag.py:3954} INFO - Setting next_dagrun for example_task_group_decorator to 2024-06-02 00:00:00+00:00, run_after=2024-06-03 00:00:00+00:00
[2024-06-03T10:48:28.395+0000] {processor.py:183} INFO - Processing /home/airflow/.local/lib/python3.12/site-packages/airflow/example_dags/example_task_group_decorator.py took 0.134 seconds
[2024-06-03T10:48:58.574+0000] {processor.py:161} INFO - Started process (PID=13634) to work on /home/airflow/.local/lib/python3.12/site-packages/airflow/example_dags/example_task_group_decorator.py
[2024-06-03T10:48:58.575+0000] {processor.py:830} INFO - Processing file /home/airflow/.local/lib/python3.12/site-packages/airflow/example_dags/example_task_group_decorator.py for tasks to queue
[2024-06-03T10:48:58.577+0000] {logging_mixin.py:188} INFO - [2024-06-03T10:48:58.576+0000] {dagbag.py:545} INFO - Filling up the DagBag from /home/airflow/.local/lib/python3.12/site-packages/airflow/example_dags/example_task_group_decorator.py
[2024-06-03T10:48:58.599+0000] {processor.py:840} INFO - DAG(s) 'example_task_group_decorator' retrieved from /home/airflow/.local/lib/python3.12/site-packages/airflow/example_dags/example_task_group_decorator.py
[2024-06-03T10:48:58.641+0000] {logging_mixin.py:188} INFO - [2024-06-03T10:48:58.641+0000] {dag.py:3096} INFO - Sync 1 DAGs
[2024-06-03T10:48:58.677+0000] {logging_mixin.py:188} INFO - [2024-06-03T10:48:58.677+0000] {dag.py:3954} INFO - Setting next_dagrun for example_task_group_decorator to 2024-06-02 00:00:00+00:00, run_after=2024-06-03 00:00:00+00:00
[2024-06-03T10:48:58.704+0000] {processor.py:183} INFO - Processing /home/airflow/.local/lib/python3.12/site-packages/airflow/example_dags/example_task_group_decorator.py took 0.138 seconds
[2024-06-03T10:49:28.883+0000] {processor.py:161} INFO - Started process (PID=13890) to work on /home/airflow/.local/lib/python3.12/site-packages/airflow/example_dags/example_task_group_decorator.py
[2024-06-03T10:49:28.884+0000] {processor.py:830} INFO - Processing file /home/airflow/.local/lib/python3.12/site-packages/airflow/example_dags/example_task_group_decorator.py for tasks to queue
[2024-06-03T10:49:28.885+0000] {logging_mixin.py:188} INFO - [2024-06-03T10:49:28.885+0000] {dagbag.py:545} INFO - Filling up the DagBag from /home/airflow/.local/lib/python3.12/site-packages/airflow/example_dags/example_task_group_decorator.py
[2024-06-03T10:49:28.908+0000] {processor.py:840} INFO - DAG(s) 'example_task_group_decorator' retrieved from /home/airflow/.local/lib/python3.12/site-packages/airflow/example_dags/example_task_group_decorator.py
[2024-06-03T10:49:28.946+0000] {logging_mixin.py:188} INFO - [2024-06-03T10:49:28.946+0000] {dag.py:3096} INFO - Sync 1 DAGs
[2024-06-03T10:49:28.977+0000] {logging_mixin.py:188} INFO - [2024-06-03T10:49:28.976+0000] {dag.py:3954} INFO - Setting next_dagrun for example_task_group_decorator to 2024-06-02 00:00:00+00:00, run_after=2024-06-03 00:00:00+00:00
[2024-06-03T10:49:29.004+0000] {processor.py:183} INFO - Processing /home/airflow/.local/lib/python3.12/site-packages/airflow/example_dags/example_task_group_decorator.py took 0.128 seconds
[2024-06-03T10:49:59.474+0000] {processor.py:161} INFO - Started process (PID=14146) to work on /home/airflow/.local/lib/python3.12/site-packages/airflow/example_dags/example_task_group_decorator.py
[2024-06-03T10:49:59.476+0000] {processor.py:830} INFO - Processing file /home/airflow/.local/lib/python3.12/site-packages/airflow/example_dags/example_task_group_decorator.py for tasks to queue
[2024-06-03T10:49:59.478+0000] {logging_mixin.py:188} INFO - [2024-06-03T10:49:59.478+0000] {dagbag.py:545} INFO - Filling up the DagBag from /home/airflow/.local/lib/python3.12/site-packages/airflow/example_dags/example_task_group_decorator.py
[2024-06-03T10:49:59.502+0000] {processor.py:840} INFO - DAG(s) 'example_task_group_decorator' retrieved from /home/airflow/.local/lib/python3.12/site-packages/airflow/example_dags/example_task_group_decorator.py
[2024-06-03T10:49:59.545+0000] {logging_mixin.py:188} INFO - [2024-06-03T10:49:59.545+0000] {dag.py:3096} INFO - Sync 1 DAGs
[2024-06-03T10:49:59.582+0000] {logging_mixin.py:188} INFO - [2024-06-03T10:49:59.582+0000] {dag.py:3954} INFO - Setting next_dagrun for example_task_group_decorator to 2024-06-02 00:00:00+00:00, run_after=2024-06-03 00:00:00+00:00
[2024-06-03T10:49:59.609+0000] {processor.py:183} INFO - Processing /home/airflow/.local/lib/python3.12/site-packages/airflow/example_dags/example_task_group_decorator.py took 0.143 seconds
[2024-06-03T10:50:29.859+0000] {processor.py:161} INFO - Started process (PID=14402) to work on /home/airflow/.local/lib/python3.12/site-packages/airflow/example_dags/example_task_group_decorator.py
[2024-06-03T10:50:29.860+0000] {processor.py:830} INFO - Processing file /home/airflow/.local/lib/python3.12/site-packages/airflow/example_dags/example_task_group_decorator.py for tasks to queue
[2024-06-03T10:50:29.861+0000] {logging_mixin.py:188} INFO - [2024-06-03T10:50:29.861+0000] {dagbag.py:545} INFO - Filling up the DagBag from /home/airflow/.local/lib/python3.12/site-packages/airflow/example_dags/example_task_group_decorator.py
[2024-06-03T10:50:29.885+0000] {processor.py:840} INFO - DAG(s) 'example_task_group_decorator' retrieved from /home/airflow/.local/lib/python3.12/site-packages/airflow/example_dags/example_task_group_decorator.py
[2024-06-03T10:50:29.927+0000] {logging_mixin.py:188} INFO - [2024-06-03T10:50:29.927+0000] {dag.py:3096} INFO - Sync 1 DAGs
[2024-06-03T10:50:29.965+0000] {logging_mixin.py:188} INFO - [2024-06-03T10:50:29.964+0000] {dag.py:3954} INFO - Setting next_dagrun for example_task_group_decorator to 2024-06-02 00:00:00+00:00, run_after=2024-06-03 00:00:00+00:00
[2024-06-03T10:50:29.992+0000] {processor.py:183} INFO - Processing /home/airflow/.local/lib/python3.12/site-packages/airflow/example_dags/example_task_group_decorator.py took 0.140 seconds
[2024-06-03T10:51:00.559+0000] {processor.py:161} INFO - Started process (PID=14658) to work on /home/airflow/.local/lib/python3.12/site-packages/airflow/example_dags/example_task_group_decorator.py
[2024-06-03T10:51:00.561+0000] {processor.py:830} INFO - Processing file /home/airflow/.local/lib/python3.12/site-packages/airflow/example_dags/example_task_group_decorator.py for tasks to queue
[2024-06-03T10:51:00.562+0000] {logging_mixin.py:188} INFO - [2024-06-03T10:51:00.562+0000] {dagbag.py:545} INFO - Filling up the DagBag from /home/airflow/.local/lib/python3.12/site-packages/airflow/example_dags/example_task_group_decorator.py
[2024-06-03T10:51:00.583+0000] {processor.py:840} INFO - DAG(s) 'example_task_group_decorator' retrieved from /home/airflow/.local/lib/python3.12/site-packages/airflow/example_dags/example_task_group_decorator.py
[2024-06-03T10:51:00.626+0000] {logging_mixin.py:188} INFO - [2024-06-03T10:51:00.626+0000] {dag.py:3096} INFO - Sync 1 DAGs
[2024-06-03T10:51:00.664+0000] {logging_mixin.py:188} INFO - [2024-06-03T10:51:00.663+0000] {dag.py:3954} INFO - Setting next_dagrun for example_task_group_decorator to 2024-06-02 00:00:00+00:00, run_after=2024-06-03 00:00:00+00:00
[2024-06-03T10:51:00.692+0000] {processor.py:183} INFO - Processing /home/airflow/.local/lib/python3.12/site-packages/airflow/example_dags/example_task_group_decorator.py took 0.139 seconds
[2024-06-03T10:51:31.329+0000] {processor.py:161} INFO - Started process (PID=14914) to work on /home/airflow/.local/lib/python3.12/site-packages/airflow/example_dags/example_task_group_decorator.py
[2024-06-03T10:51:31.330+0000] {processor.py:830} INFO - Processing file /home/airflow/.local/lib/python3.12/site-packages/airflow/example_dags/example_task_group_decorator.py for tasks to queue
[2024-06-03T10:51:31.332+0000] {logging_mixin.py:188} INFO - [2024-06-03T10:51:31.331+0000] {dagbag.py:545} INFO - Filling up the DagBag from /home/airflow/.local/lib/python3.12/site-packages/airflow/example_dags/example_task_group_decorator.py
[2024-06-03T10:51:31.353+0000] {processor.py:840} INFO - DAG(s) 'example_task_group_decorator' retrieved from /home/airflow/.local/lib/python3.12/site-packages/airflow/example_dags/example_task_group_decorator.py
[2024-06-03T10:51:31.390+0000] {logging_mixin.py:188} INFO - [2024-06-03T10:51:31.390+0000] {dag.py:3096} INFO - Sync 1 DAGs
[2024-06-03T10:51:31.421+0000] {logging_mixin.py:188} INFO - [2024-06-03T10:51:31.421+0000] {dag.py:3954} INFO - Setting next_dagrun for example_task_group_decorator to 2024-06-02 00:00:00+00:00, run_after=2024-06-03 00:00:00+00:00
[2024-06-03T10:51:31.447+0000] {processor.py:183} INFO - Processing /home/airflow/.local/lib/python3.12/site-packages/airflow/example_dags/example_task_group_decorator.py took 0.125 seconds
[2024-06-03T10:52:01.951+0000] {processor.py:161} INFO - Started process (PID=15170) to work on /home/airflow/.local/lib/python3.12/site-packages/airflow/example_dags/example_task_group_decorator.py
[2024-06-03T10:52:01.952+0000] {processor.py:830} INFO - Processing file /home/airflow/.local/lib/python3.12/site-packages/airflow/example_dags/example_task_group_decorator.py for tasks to queue
[2024-06-03T10:52:01.954+0000] {logging_mixin.py:188} INFO - [2024-06-03T10:52:01.954+0000] {dagbag.py:545} INFO - Filling up the DagBag from /home/airflow/.local/lib/python3.12/site-packages/airflow/example_dags/example_task_group_decorator.py
[2024-06-03T10:52:01.978+0000] {processor.py:840} INFO - DAG(s) 'example_task_group_decorator' retrieved from /home/airflow/.local/lib/python3.12/site-packages/airflow/example_dags/example_task_group_decorator.py
[2024-06-03T10:52:02.017+0000] {logging_mixin.py:188} INFO - [2024-06-03T10:52:02.017+0000] {dag.py:3096} INFO - Sync 1 DAGs
[2024-06-03T10:52:02.049+0000] {logging_mixin.py:188} INFO - [2024-06-03T10:52:02.048+0000] {dag.py:3954} INFO - Setting next_dagrun for example_task_group_decorator to 2024-06-02 00:00:00+00:00, run_after=2024-06-03 00:00:00+00:00
[2024-06-03T10:52:02.074+0000] {processor.py:183} INFO - Processing /home/airflow/.local/lib/python3.12/site-packages/airflow/example_dags/example_task_group_decorator.py took 0.130 seconds
[2024-06-03T10:52:32.731+0000] {processor.py:161} INFO - Started process (PID=15426) to work on /home/airflow/.local/lib/python3.12/site-packages/airflow/example_dags/example_task_group_decorator.py
[2024-06-03T10:52:32.731+0000] {processor.py:830} INFO - Processing file /home/airflow/.local/lib/python3.12/site-packages/airflow/example_dags/example_task_group_decorator.py for tasks to queue
[2024-06-03T10:52:32.733+0000] {logging_mixin.py:188} INFO - [2024-06-03T10:52:32.733+0000] {dagbag.py:545} INFO - Filling up the DagBag from /home/airflow/.local/lib/python3.12/site-packages/airflow/example_dags/example_task_group_decorator.py
[2024-06-03T10:52:32.754+0000] {processor.py:840} INFO - DAG(s) 'example_task_group_decorator' retrieved from /home/airflow/.local/lib/python3.12/site-packages/airflow/example_dags/example_task_group_decorator.py
[2024-06-03T10:52:32.797+0000] {logging_mixin.py:188} INFO - [2024-06-03T10:52:32.796+0000] {dag.py:3096} INFO - Sync 1 DAGs
[2024-06-03T10:52:32.834+0000] {logging_mixin.py:188} INFO - [2024-06-03T10:52:32.833+0000] {dag.py:3954} INFO - Setting next_dagrun for example_task_group_decorator to 2024-06-02 00:00:00+00:00, run_after=2024-06-03 00:00:00+00:00
[2024-06-03T10:52:32.861+0000] {processor.py:183} INFO - Processing /home/airflow/.local/lib/python3.12/site-packages/airflow/example_dags/example_task_group_decorator.py took 0.138 seconds
[2024-06-03T10:53:03.108+0000] {processor.py:161} INFO - Started process (PID=15682) to work on /home/airflow/.local/lib/python3.12/site-packages/airflow/example_dags/example_task_group_decorator.py
[2024-06-03T10:53:03.110+0000] {processor.py:830} INFO - Processing file /home/airflow/.local/lib/python3.12/site-packages/airflow/example_dags/example_task_group_decorator.py for tasks to queue
[2024-06-03T10:53:03.112+0000] {logging_mixin.py:188} INFO - [2024-06-03T10:53:03.111+0000] {dagbag.py:545} INFO - Filling up the DagBag from /home/airflow/.local/lib/python3.12/site-packages/airflow/example_dags/example_task_group_decorator.py
[2024-06-03T10:53:03.135+0000] {processor.py:840} INFO - DAG(s) 'example_task_group_decorator' retrieved from /home/airflow/.local/lib/python3.12/site-packages/airflow/example_dags/example_task_group_decorator.py
[2024-06-03T10:53:03.173+0000] {logging_mixin.py:188} INFO - [2024-06-03T10:53:03.172+0000] {dag.py:3096} INFO - Sync 1 DAGs
[2024-06-03T10:53:03.206+0000] {logging_mixin.py:188} INFO - [2024-06-03T10:53:03.206+0000] {dag.py:3954} INFO - Setting next_dagrun for example_task_group_decorator to 2024-06-02 00:00:00+00:00, run_after=2024-06-03 00:00:00+00:00
[2024-06-03T10:53:03.232+0000] {processor.py:183} INFO - Processing /home/airflow/.local/lib/python3.12/site-packages/airflow/example_dags/example_task_group_decorator.py took 0.131 seconds
[2024-06-03T10:53:33.479+0000] {processor.py:161} INFO - Started process (PID=15938) to work on /home/airflow/.local/lib/python3.12/site-packages/airflow/example_dags/example_task_group_decorator.py
[2024-06-03T10:53:33.480+0000] {processor.py:830} INFO - Processing file /home/airflow/.local/lib/python3.12/site-packages/airflow/example_dags/example_task_group_decorator.py for tasks to queue
[2024-06-03T10:53:33.482+0000] {logging_mixin.py:188} INFO - [2024-06-03T10:53:33.482+0000] {dagbag.py:545} INFO - Filling up the DagBag from /home/airflow/.local/lib/python3.12/site-packages/airflow/example_dags/example_task_group_decorator.py
[2024-06-03T10:53:33.505+0000] {processor.py:840} INFO - DAG(s) 'example_task_group_decorator' retrieved from /home/airflow/.local/lib/python3.12/site-packages/airflow/example_dags/example_task_group_decorator.py
[2024-06-03T10:53:33.542+0000] {logging_mixin.py:188} INFO - [2024-06-03T10:53:33.542+0000] {dag.py:3096} INFO - Sync 1 DAGs
[2024-06-03T10:53:33.574+0000] {logging_mixin.py:188} INFO - [2024-06-03T10:53:33.573+0000] {dag.py:3954} INFO - Setting next_dagrun for example_task_group_decorator to 2024-06-02 00:00:00+00:00, run_after=2024-06-03 00:00:00+00:00
[2024-06-03T10:53:33.598+0000] {processor.py:183} INFO - Processing /home/airflow/.local/lib/python3.12/site-packages/airflow/example_dags/example_task_group_decorator.py took 0.127 seconds
