[2024-06-03T09:55:37.721+0000] {processor.py:161} INFO - Started process (PID=276) to work on /home/airflow/.local/lib/python3.12/site-packages/airflow/example_dags/example_python_operator.py
[2024-06-03T09:55:37.722+0000] {processor.py:830} INFO - Processing file /home/airflow/.local/lib/python3.12/site-packages/airflow/example_dags/example_python_operator.py for tasks to queue
[2024-06-03T09:55:37.724+0000] {logging_mixin.py:188} INFO - [2024-06-03T09:55:37.724+0000] {dagbag.py:545} INFO - Filling up the DagBag from /home/airflow/.local/lib/python3.12/site-packages/airflow/example_dags/example_python_operator.py
[2024-06-03T09:55:37.749+0000] {processor.py:840} INFO - DAG(s) 'example_python_operator' retrieved from /home/airflow/.local/lib/python3.12/site-packages/airflow/example_dags/example_python_operator.py
[2024-06-03T09:55:37.920+0000] {logging_mixin.py:188} INFO - [2024-06-03T09:55:37.919+0000] {dag.py:3096} INFO - Sync 1 DAGs
[2024-06-03T09:55:37.953+0000] {logging_mixin.py:188} INFO - [2024-06-03T09:55:37.952+0000] {dag.py:3954} INFO - Setting next_dagrun for example_python_operator to None, run_after=None
[2024-06-03T09:55:38.014+0000] {processor.py:183} INFO - Processing /home/airflow/.local/lib/python3.12/site-packages/airflow/example_dags/example_python_operator.py took 0.313 seconds
[2024-06-03T09:57:54.334+0000] {processor.py:161} INFO - Started process (PID=577) to work on /home/airflow/.local/lib/python3.12/site-packages/airflow/example_dags/example_python_operator.py
[2024-06-03T09:57:54.452+0000] {processor.py:830} INFO - Processing file /home/airflow/.local/lib/python3.12/site-packages/airflow/example_dags/example_python_operator.py for tasks to queue
[2024-06-03T09:57:54.454+0000] {logging_mixin.py:188} INFO - [2024-06-03T09:57:54.454+0000] {dagbag.py:545} INFO - Filling up the DagBag from /home/airflow/.local/lib/python3.12/site-packages/airflow/example_dags/example_python_operator.py
[2024-06-03T09:57:54.814+0000] {processor.py:840} INFO - DAG(s) 'example_python_operator' retrieved from /home/airflow/.local/lib/python3.12/site-packages/airflow/example_dags/example_python_operator.py
[2024-06-03T09:57:56.002+0000] {logging_mixin.py:188} INFO - [2024-06-03T09:57:56.001+0000] {dag.py:3096} INFO - Sync 1 DAGs
[2024-06-03T09:57:56.463+0000] {logging_mixin.py:188} INFO - [2024-06-03T09:57:56.462+0000] {dag.py:3954} INFO - Setting next_dagrun for example_python_operator to None, run_after=None
[2024-06-03T09:57:57.780+0000] {processor.py:183} INFO - Processing /home/airflow/.local/lib/python3.12/site-packages/airflow/example_dags/example_python_operator.py took 3.769 seconds
[2024-06-03T10:00:02.789+0000] {processor.py:161} INFO - Started process (PID=833) to work on /home/airflow/.local/lib/python3.12/site-packages/airflow/example_dags/example_python_operator.py
[2024-06-03T10:00:02.811+0000] {processor.py:830} INFO - Processing file /home/airflow/.local/lib/python3.12/site-packages/airflow/example_dags/example_python_operator.py for tasks to queue
[2024-06-03T10:00:02.850+0000] {logging_mixin.py:188} INFO - [2024-06-03T10:00:02.849+0000] {dagbag.py:545} INFO - Filling up the DagBag from /home/airflow/.local/lib/python3.12/site-packages/airflow/example_dags/example_python_operator.py
[2024-06-03T10:00:03.398+0000] {processor.py:840} INFO - DAG(s) 'example_python_operator' retrieved from /home/airflow/.local/lib/python3.12/site-packages/airflow/example_dags/example_python_operator.py
[2024-06-03T10:00:04.721+0000] {logging_mixin.py:188} INFO - [2024-06-03T10:00:04.721+0000] {dag.py:3096} INFO - Sync 1 DAGs
[2024-06-03T10:00:05.288+0000] {logging_mixin.py:188} INFO - [2024-06-03T10:00:05.250+0000] {dag.py:3954} INFO - Setting next_dagrun for example_python_operator to None, run_after=None
[2024-06-03T10:00:05.984+0000] {processor.py:183} INFO - Processing /home/airflow/.local/lib/python3.12/site-packages/airflow/example_dags/example_python_operator.py took 3.596 seconds
[2024-06-03T10:00:39.587+0000] {processor.py:161} INFO - Started process (PID=1089) to work on /home/airflow/.local/lib/python3.12/site-packages/airflow/example_dags/example_python_operator.py
[2024-06-03T10:00:39.596+0000] {processor.py:830} INFO - Processing file /home/airflow/.local/lib/python3.12/site-packages/airflow/example_dags/example_python_operator.py for tasks to queue
[2024-06-03T10:00:39.599+0000] {logging_mixin.py:188} INFO - [2024-06-03T10:00:39.598+0000] {dagbag.py:545} INFO - Filling up the DagBag from /home/airflow/.local/lib/python3.12/site-packages/airflow/example_dags/example_python_operator.py
[2024-06-03T10:00:39.663+0000] {processor.py:840} INFO - DAG(s) 'example_python_operator' retrieved from /home/airflow/.local/lib/python3.12/site-packages/airflow/example_dags/example_python_operator.py
[2024-06-03T10:00:39.698+0000] {logging_mixin.py:188} INFO - [2024-06-03T10:00:39.698+0000] {dag.py:3096} INFO - Sync 1 DAGs
[2024-06-03T10:00:39.718+0000] {logging_mixin.py:188} INFO - [2024-06-03T10:00:39.718+0000] {dag.py:3954} INFO - Setting next_dagrun for example_python_operator to None, run_after=None
[2024-06-03T10:00:39.748+0000] {processor.py:183} INFO - Processing /home/airflow/.local/lib/python3.12/site-packages/airflow/example_dags/example_python_operator.py took 0.171 seconds
[2024-06-03T10:02:07.047+0000] {processor.py:161} INFO - Started process (PID=1419) to work on /home/airflow/.local/lib/python3.12/site-packages/airflow/example_dags/example_python_operator.py
[2024-06-03T10:02:07.067+0000] {processor.py:830} INFO - Processing file /home/airflow/.local/lib/python3.12/site-packages/airflow/example_dags/example_python_operator.py for tasks to queue
[2024-06-03T10:02:07.104+0000] {logging_mixin.py:188} INFO - [2024-06-03T10:02:07.087+0000] {dagbag.py:545} INFO - Filling up the DagBag from /home/airflow/.local/lib/python3.12/site-packages/airflow/example_dags/example_python_operator.py
[2024-06-03T10:02:07.286+0000] {processor.py:840} INFO - DAG(s) 'example_python_operator' retrieved from /home/airflow/.local/lib/python3.12/site-packages/airflow/example_dags/example_python_operator.py
[2024-06-03T10:02:08.587+0000] {logging_mixin.py:188} INFO - [2024-06-03T10:02:08.586+0000] {dag.py:3096} INFO - Sync 1 DAGs
[2024-06-03T10:02:09.049+0000] {logging_mixin.py:188} INFO - [2024-06-03T10:02:09.049+0000] {dag.py:3954} INFO - Setting next_dagrun for example_python_operator to None, run_after=None
[2024-06-03T10:02:09.710+0000] {processor.py:183} INFO - Processing /home/airflow/.local/lib/python3.12/site-packages/airflow/example_dags/example_python_operator.py took 2.744 seconds
[2024-06-03T10:05:07.686+0000] {processor.py:161} INFO - Started process (PID=1760) to work on /home/airflow/.local/lib/python3.12/site-packages/airflow/example_dags/example_python_operator.py
[2024-06-03T10:05:07.706+0000] {processor.py:830} INFO - Processing file /home/airflow/.local/lib/python3.12/site-packages/airflow/example_dags/example_python_operator.py for tasks to queue
[2024-06-03T10:05:07.708+0000] {logging_mixin.py:188} INFO - [2024-06-03T10:05:07.708+0000] {dagbag.py:545} INFO - Filling up the DagBag from /home/airflow/.local/lib/python3.12/site-packages/airflow/example_dags/example_python_operator.py
[2024-06-03T10:05:07.908+0000] {processor.py:840} INFO - DAG(s) 'example_python_operator' retrieved from /home/airflow/.local/lib/python3.12/site-packages/airflow/example_dags/example_python_operator.py
[2024-06-03T10:05:09.779+0000] {logging_mixin.py:188} INFO - [2024-06-03T10:05:09.779+0000] {dag.py:3096} INFO - Sync 1 DAGs
[2024-06-03T10:05:10.011+0000] {logging_mixin.py:188} INFO - [2024-06-03T10:05:10.010+0000] {dag.py:3954} INFO - Setting next_dagrun for example_python_operator to None, run_after=None
[2024-06-03T10:05:10.353+0000] {processor.py:183} INFO - Processing /home/airflow/.local/lib/python3.12/site-packages/airflow/example_dags/example_python_operator.py took 2.829 seconds
[2024-06-03T10:05:41.136+0000] {processor.py:161} INFO - Started process (PID=2023) to work on /home/airflow/.local/lib/python3.12/site-packages/airflow/example_dags/example_python_operator.py
[2024-06-03T10:05:41.137+0000] {processor.py:830} INFO - Processing file /home/airflow/.local/lib/python3.12/site-packages/airflow/example_dags/example_python_operator.py for tasks to queue
[2024-06-03T10:05:41.141+0000] {logging_mixin.py:188} INFO - [2024-06-03T10:05:41.141+0000] {dagbag.py:545} INFO - Filling up the DagBag from /home/airflow/.local/lib/python3.12/site-packages/airflow/example_dags/example_python_operator.py
[2024-06-03T10:05:41.157+0000] {processor.py:840} INFO - DAG(s) 'example_python_operator' retrieved from /home/airflow/.local/lib/python3.12/site-packages/airflow/example_dags/example_python_operator.py
[2024-06-03T10:05:41.191+0000] {logging_mixin.py:188} INFO - [2024-06-03T10:05:41.190+0000] {dag.py:3096} INFO - Sync 1 DAGs
[2024-06-03T10:05:41.222+0000] {logging_mixin.py:188} INFO - [2024-06-03T10:05:41.222+0000] {dag.py:3954} INFO - Setting next_dagrun for example_python_operator to None, run_after=None
[2024-06-03T10:05:41.285+0000] {processor.py:183} INFO - Processing /home/airflow/.local/lib/python3.12/site-packages/airflow/example_dags/example_python_operator.py took 0.169 seconds
[2024-06-03T10:06:30.260+0000] {processor.py:161} INFO - Started process (PID=2219) to work on /home/airflow/.local/lib/python3.12/site-packages/airflow/example_dags/example_python_operator.py
[2024-06-03T10:06:30.280+0000] {processor.py:830} INFO - Processing file /home/airflow/.local/lib/python3.12/site-packages/airflow/example_dags/example_python_operator.py for tasks to queue
[2024-06-03T10:06:30.324+0000] {logging_mixin.py:188} INFO - [2024-06-03T10:06:30.282+0000] {dagbag.py:545} INFO - Filling up the DagBag from /home/airflow/.local/lib/python3.12/site-packages/airflow/example_dags/example_python_operator.py
[2024-06-03T10:06:30.607+0000] {processor.py:840} INFO - DAG(s) 'example_python_operator' retrieved from /home/airflow/.local/lib/python3.12/site-packages/airflow/example_dags/example_python_operator.py
[2024-06-03T10:06:31.329+0000] {logging_mixin.py:188} INFO - [2024-06-03T10:06:31.329+0000] {dag.py:3096} INFO - Sync 1 DAGs
[2024-06-03T10:06:31.610+0000] {logging_mixin.py:188} INFO - [2024-06-03T10:06:31.610+0000] {dag.py:3954} INFO - Setting next_dagrun for example_python_operator to None, run_after=None
[2024-06-03T10:06:31.949+0000] {processor.py:183} INFO - Processing /home/airflow/.local/lib/python3.12/site-packages/airflow/example_dags/example_python_operator.py took 1.968 seconds
[2024-06-03T10:22:30.364+0000] {processor.py:161} INFO - Started process (PID=278) to work on /home/airflow/.local/lib/python3.12/site-packages/airflow/example_dags/example_python_operator.py
[2024-06-03T10:22:30.365+0000] {processor.py:830} INFO - Processing file /home/airflow/.local/lib/python3.12/site-packages/airflow/example_dags/example_python_operator.py for tasks to queue
[2024-06-03T10:22:30.367+0000] {logging_mixin.py:188} INFO - [2024-06-03T10:22:30.366+0000] {dagbag.py:545} INFO - Filling up the DagBag from /home/airflow/.local/lib/python3.12/site-packages/airflow/example_dags/example_python_operator.py
[2024-06-03T10:22:30.384+0000] {processor.py:840} INFO - DAG(s) 'example_python_operator' retrieved from /home/airflow/.local/lib/python3.12/site-packages/airflow/example_dags/example_python_operator.py
[2024-06-03T10:22:30.559+0000] {logging_mixin.py:188} INFO - [2024-06-03T10:22:30.559+0000] {dag.py:3096} INFO - Sync 1 DAGs
[2024-06-03T10:22:30.578+0000] {logging_mixin.py:188} INFO - [2024-06-03T10:22:30.578+0000] {dag.py:3954} INFO - Setting next_dagrun for example_python_operator to None, run_after=None
[2024-06-03T10:22:30.609+0000] {processor.py:183} INFO - Processing /home/airflow/.local/lib/python3.12/site-packages/airflow/example_dags/example_python_operator.py took 0.252 seconds
[2024-06-03T10:23:01.244+0000] {processor.py:161} INFO - Started process (PID=536) to work on /home/airflow/.local/lib/python3.12/site-packages/airflow/example_dags/example_python_operator.py
[2024-06-03T10:23:01.245+0000] {processor.py:830} INFO - Processing file /home/airflow/.local/lib/python3.12/site-packages/airflow/example_dags/example_python_operator.py for tasks to queue
[2024-06-03T10:23:01.246+0000] {logging_mixin.py:188} INFO - [2024-06-03T10:23:01.246+0000] {dagbag.py:545} INFO - Filling up the DagBag from /home/airflow/.local/lib/python3.12/site-packages/airflow/example_dags/example_python_operator.py
[2024-06-03T10:23:01.258+0000] {processor.py:840} INFO - DAG(s) 'example_python_operator' retrieved from /home/airflow/.local/lib/python3.12/site-packages/airflow/example_dags/example_python_operator.py
[2024-06-03T10:23:01.287+0000] {logging_mixin.py:188} INFO - [2024-06-03T10:23:01.287+0000] {dag.py:3096} INFO - Sync 1 DAGs
[2024-06-03T10:23:01.304+0000] {logging_mixin.py:188} INFO - [2024-06-03T10:23:01.304+0000] {dag.py:3954} INFO - Setting next_dagrun for example_python_operator to None, run_after=None
[2024-06-03T10:23:01.327+0000] {processor.py:183} INFO - Processing /home/airflow/.local/lib/python3.12/site-packages/airflow/example_dags/example_python_operator.py took 0.090 seconds
[2024-06-03T10:23:31.826+0000] {processor.py:161} INFO - Started process (PID=792) to work on /home/airflow/.local/lib/python3.12/site-packages/airflow/example_dags/example_python_operator.py
[2024-06-03T10:23:31.827+0000] {processor.py:830} INFO - Processing file /home/airflow/.local/lib/python3.12/site-packages/airflow/example_dags/example_python_operator.py for tasks to queue
[2024-06-03T10:23:31.829+0000] {logging_mixin.py:188} INFO - [2024-06-03T10:23:31.828+0000] {dagbag.py:545} INFO - Filling up the DagBag from /home/airflow/.local/lib/python3.12/site-packages/airflow/example_dags/example_python_operator.py
[2024-06-03T10:23:31.841+0000] {processor.py:840} INFO - DAG(s) 'example_python_operator' retrieved from /home/airflow/.local/lib/python3.12/site-packages/airflow/example_dags/example_python_operator.py
[2024-06-03T10:23:31.871+0000] {logging_mixin.py:188} INFO - [2024-06-03T10:23:31.870+0000] {dag.py:3096} INFO - Sync 1 DAGs
[2024-06-03T10:23:31.888+0000] {logging_mixin.py:188} INFO - [2024-06-03T10:23:31.888+0000] {dag.py:3954} INFO - Setting next_dagrun for example_python_operator to None, run_after=None
[2024-06-03T10:23:31.914+0000] {processor.py:183} INFO - Processing /home/airflow/.local/lib/python3.12/site-packages/airflow/example_dags/example_python_operator.py took 0.095 seconds
[2024-06-03T10:24:02.308+0000] {processor.py:161} INFO - Started process (PID=1046) to work on /home/airflow/.local/lib/python3.12/site-packages/airflow/example_dags/example_python_operator.py
[2024-06-03T10:24:02.309+0000] {processor.py:830} INFO - Processing file /home/airflow/.local/lib/python3.12/site-packages/airflow/example_dags/example_python_operator.py for tasks to queue
[2024-06-03T10:24:02.322+0000] {logging_mixin.py:188} INFO - [2024-06-03T10:24:02.322+0000] {dagbag.py:545} INFO - Filling up the DagBag from /home/airflow/.local/lib/python3.12/site-packages/airflow/example_dags/example_python_operator.py
[2024-06-03T10:24:02.341+0000] {processor.py:840} INFO - DAG(s) 'example_python_operator' retrieved from /home/airflow/.local/lib/python3.12/site-packages/airflow/example_dags/example_python_operator.py
[2024-06-03T10:24:02.401+0000] {logging_mixin.py:188} INFO - [2024-06-03T10:24:02.401+0000] {dag.py:3096} INFO - Sync 1 DAGs
[2024-06-03T10:24:02.429+0000] {logging_mixin.py:188} INFO - [2024-06-03T10:24:02.428+0000] {dag.py:3954} INFO - Setting next_dagrun for example_python_operator to None, run_after=None
[2024-06-03T10:24:02.502+0000] {processor.py:183} INFO - Processing /home/airflow/.local/lib/python3.12/site-packages/airflow/example_dags/example_python_operator.py took 0.206 seconds
[2024-06-03T10:24:32.880+0000] {processor.py:161} INFO - Started process (PID=1304) to work on /home/airflow/.local/lib/python3.12/site-packages/airflow/example_dags/example_python_operator.py
[2024-06-03T10:24:32.881+0000] {processor.py:830} INFO - Processing file /home/airflow/.local/lib/python3.12/site-packages/airflow/example_dags/example_python_operator.py for tasks to queue
[2024-06-03T10:24:32.883+0000] {logging_mixin.py:188} INFO - [2024-06-03T10:24:32.882+0000] {dagbag.py:545} INFO - Filling up the DagBag from /home/airflow/.local/lib/python3.12/site-packages/airflow/example_dags/example_python_operator.py
[2024-06-03T10:24:32.895+0000] {processor.py:840} INFO - DAG(s) 'example_python_operator' retrieved from /home/airflow/.local/lib/python3.12/site-packages/airflow/example_dags/example_python_operator.py
[2024-06-03T10:24:32.925+0000] {logging_mixin.py:188} INFO - [2024-06-03T10:24:32.924+0000] {dag.py:3096} INFO - Sync 1 DAGs
[2024-06-03T10:24:32.942+0000] {logging_mixin.py:188} INFO - [2024-06-03T10:24:32.942+0000] {dag.py:3954} INFO - Setting next_dagrun for example_python_operator to None, run_after=None
[2024-06-03T10:24:32.967+0000] {processor.py:183} INFO - Processing /home/airflow/.local/lib/python3.12/site-packages/airflow/example_dags/example_python_operator.py took 0.094 seconds
[2024-06-03T10:25:03.398+0000] {processor.py:161} INFO - Started process (PID=1560) to work on /home/airflow/.local/lib/python3.12/site-packages/airflow/example_dags/example_python_operator.py
[2024-06-03T10:25:03.399+0000] {processor.py:830} INFO - Processing file /home/airflow/.local/lib/python3.12/site-packages/airflow/example_dags/example_python_operator.py for tasks to queue
[2024-06-03T10:25:03.400+0000] {logging_mixin.py:188} INFO - [2024-06-03T10:25:03.400+0000] {dagbag.py:545} INFO - Filling up the DagBag from /home/airflow/.local/lib/python3.12/site-packages/airflow/example_dags/example_python_operator.py
[2024-06-03T10:25:03.413+0000] {processor.py:840} INFO - DAG(s) 'example_python_operator' retrieved from /home/airflow/.local/lib/python3.12/site-packages/airflow/example_dags/example_python_operator.py
[2024-06-03T10:25:03.443+0000] {logging_mixin.py:188} INFO - [2024-06-03T10:25:03.442+0000] {dag.py:3096} INFO - Sync 1 DAGs
[2024-06-03T10:25:03.460+0000] {logging_mixin.py:188} INFO - [2024-06-03T10:25:03.460+0000] {dag.py:3954} INFO - Setting next_dagrun for example_python_operator to None, run_after=None
[2024-06-03T10:25:03.485+0000] {processor.py:183} INFO - Processing /home/airflow/.local/lib/python3.12/site-packages/airflow/example_dags/example_python_operator.py took 0.094 seconds
[2024-06-03T10:25:33.786+0000] {processor.py:161} INFO - Started process (PID=1814) to work on /home/airflow/.local/lib/python3.12/site-packages/airflow/example_dags/example_python_operator.py
[2024-06-03T10:25:33.788+0000] {processor.py:830} INFO - Processing file /home/airflow/.local/lib/python3.12/site-packages/airflow/example_dags/example_python_operator.py for tasks to queue
[2024-06-03T10:25:33.789+0000] {logging_mixin.py:188} INFO - [2024-06-03T10:25:33.789+0000] {dagbag.py:545} INFO - Filling up the DagBag from /home/airflow/.local/lib/python3.12/site-packages/airflow/example_dags/example_python_operator.py
[2024-06-03T10:25:33.802+0000] {processor.py:840} INFO - DAG(s) 'example_python_operator' retrieved from /home/airflow/.local/lib/python3.12/site-packages/airflow/example_dags/example_python_operator.py
[2024-06-03T10:25:33.832+0000] {logging_mixin.py:188} INFO - [2024-06-03T10:25:33.832+0000] {dag.py:3096} INFO - Sync 1 DAGs
[2024-06-03T10:25:33.850+0000] {logging_mixin.py:188} INFO - [2024-06-03T10:25:33.849+0000] {dag.py:3954} INFO - Setting next_dagrun for example_python_operator to None, run_after=None
[2024-06-03T10:25:33.877+0000] {processor.py:183} INFO - Processing /home/airflow/.local/lib/python3.12/site-packages/airflow/example_dags/example_python_operator.py took 0.097 seconds
[2024-06-03T10:26:04.308+0000] {processor.py:161} INFO - Started process (PID=2072) to work on /home/airflow/.local/lib/python3.12/site-packages/airflow/example_dags/example_python_operator.py
[2024-06-03T10:26:04.309+0000] {processor.py:830} INFO - Processing file /home/airflow/.local/lib/python3.12/site-packages/airflow/example_dags/example_python_operator.py for tasks to queue
[2024-06-03T10:26:04.311+0000] {logging_mixin.py:188} INFO - [2024-06-03T10:26:04.310+0000] {dagbag.py:545} INFO - Filling up the DagBag from /home/airflow/.local/lib/python3.12/site-packages/airflow/example_dags/example_python_operator.py
[2024-06-03T10:26:04.323+0000] {processor.py:840} INFO - DAG(s) 'example_python_operator' retrieved from /home/airflow/.local/lib/python3.12/site-packages/airflow/example_dags/example_python_operator.py
[2024-06-03T10:26:04.359+0000] {logging_mixin.py:188} INFO - [2024-06-03T10:26:04.358+0000] {dag.py:3096} INFO - Sync 1 DAGs
[2024-06-03T10:26:04.380+0000] {logging_mixin.py:188} INFO - [2024-06-03T10:26:04.379+0000] {dag.py:3954} INFO - Setting next_dagrun for example_python_operator to None, run_after=None
[2024-06-03T10:26:04.408+0000] {processor.py:183} INFO - Processing /home/airflow/.local/lib/python3.12/site-packages/airflow/example_dags/example_python_operator.py took 0.107 seconds
[2024-06-03T10:26:34.544+0000] {processor.py:161} INFO - Started process (PID=2326) to work on /home/airflow/.local/lib/python3.12/site-packages/airflow/example_dags/example_python_operator.py
[2024-06-03T10:26:34.545+0000] {processor.py:830} INFO - Processing file /home/airflow/.local/lib/python3.12/site-packages/airflow/example_dags/example_python_operator.py for tasks to queue
[2024-06-03T10:26:34.546+0000] {logging_mixin.py:188} INFO - [2024-06-03T10:26:34.546+0000] {dagbag.py:545} INFO - Filling up the DagBag from /home/airflow/.local/lib/python3.12/site-packages/airflow/example_dags/example_python_operator.py
[2024-06-03T10:26:34.559+0000] {processor.py:840} INFO - DAG(s) 'example_python_operator' retrieved from /home/airflow/.local/lib/python3.12/site-packages/airflow/example_dags/example_python_operator.py
[2024-06-03T10:26:34.595+0000] {logging_mixin.py:188} INFO - [2024-06-03T10:26:34.594+0000] {dag.py:3096} INFO - Sync 1 DAGs
[2024-06-03T10:26:34.616+0000] {logging_mixin.py:188} INFO - [2024-06-03T10:26:34.615+0000] {dag.py:3954} INFO - Setting next_dagrun for example_python_operator to None, run_after=None
[2024-06-03T10:26:34.644+0000] {processor.py:183} INFO - Processing /home/airflow/.local/lib/python3.12/site-packages/airflow/example_dags/example_python_operator.py took 0.107 seconds
[2024-06-03T10:27:05.099+0000] {processor.py:161} INFO - Started process (PID=2584) to work on /home/airflow/.local/lib/python3.12/site-packages/airflow/example_dags/example_python_operator.py
[2024-06-03T10:27:05.101+0000] {processor.py:830} INFO - Processing file /home/airflow/.local/lib/python3.12/site-packages/airflow/example_dags/example_python_operator.py for tasks to queue
[2024-06-03T10:27:05.102+0000] {logging_mixin.py:188} INFO - [2024-06-03T10:27:05.102+0000] {dagbag.py:545} INFO - Filling up the DagBag from /home/airflow/.local/lib/python3.12/site-packages/airflow/example_dags/example_python_operator.py
[2024-06-03T10:27:05.115+0000] {processor.py:840} INFO - DAG(s) 'example_python_operator' retrieved from /home/airflow/.local/lib/python3.12/site-packages/airflow/example_dags/example_python_operator.py
[2024-06-03T10:27:05.145+0000] {logging_mixin.py:188} INFO - [2024-06-03T10:27:05.145+0000] {dag.py:3096} INFO - Sync 1 DAGs
[2024-06-03T10:27:05.163+0000] {logging_mixin.py:188} INFO - [2024-06-03T10:27:05.163+0000] {dag.py:3954} INFO - Setting next_dagrun for example_python_operator to None, run_after=None
[2024-06-03T10:27:05.188+0000] {processor.py:183} INFO - Processing /home/airflow/.local/lib/python3.12/site-packages/airflow/example_dags/example_python_operator.py took 0.095 seconds
[2024-06-03T10:27:35.327+0000] {processor.py:161} INFO - Started process (PID=2838) to work on /home/airflow/.local/lib/python3.12/site-packages/airflow/example_dags/example_python_operator.py
[2024-06-03T10:27:35.328+0000] {processor.py:830} INFO - Processing file /home/airflow/.local/lib/python3.12/site-packages/airflow/example_dags/example_python_operator.py for tasks to queue
[2024-06-03T10:27:35.330+0000] {logging_mixin.py:188} INFO - [2024-06-03T10:27:35.329+0000] {dagbag.py:545} INFO - Filling up the DagBag from /home/airflow/.local/lib/python3.12/site-packages/airflow/example_dags/example_python_operator.py
[2024-06-03T10:27:35.342+0000] {processor.py:840} INFO - DAG(s) 'example_python_operator' retrieved from /home/airflow/.local/lib/python3.12/site-packages/airflow/example_dags/example_python_operator.py
[2024-06-03T10:27:35.377+0000] {logging_mixin.py:188} INFO - [2024-06-03T10:27:35.376+0000] {dag.py:3096} INFO - Sync 1 DAGs
[2024-06-03T10:27:35.398+0000] {logging_mixin.py:188} INFO - [2024-06-03T10:27:35.397+0000] {dag.py:3954} INFO - Setting next_dagrun for example_python_operator to None, run_after=None
[2024-06-03T10:27:35.427+0000] {processor.py:183} INFO - Processing /home/airflow/.local/lib/python3.12/site-packages/airflow/example_dags/example_python_operator.py took 0.106 seconds
[2024-06-03T10:28:05.623+0000] {processor.py:161} INFO - Started process (PID=3094) to work on /home/airflow/.local/lib/python3.12/site-packages/airflow/example_dags/example_python_operator.py
[2024-06-03T10:28:05.624+0000] {processor.py:830} INFO - Processing file /home/airflow/.local/lib/python3.12/site-packages/airflow/example_dags/example_python_operator.py for tasks to queue
[2024-06-03T10:28:05.626+0000] {logging_mixin.py:188} INFO - [2024-06-03T10:28:05.625+0000] {dagbag.py:545} INFO - Filling up the DagBag from /home/airflow/.local/lib/python3.12/site-packages/airflow/example_dags/example_python_operator.py
[2024-06-03T10:28:05.638+0000] {processor.py:840} INFO - DAG(s) 'example_python_operator' retrieved from /home/airflow/.local/lib/python3.12/site-packages/airflow/example_dags/example_python_operator.py
[2024-06-03T10:28:05.669+0000] {logging_mixin.py:188} INFO - [2024-06-03T10:28:05.669+0000] {dag.py:3096} INFO - Sync 1 DAGs
[2024-06-03T10:28:05.687+0000] {logging_mixin.py:188} INFO - [2024-06-03T10:28:05.687+0000] {dag.py:3954} INFO - Setting next_dagrun for example_python_operator to None, run_after=None
[2024-06-03T10:28:05.715+0000] {processor.py:183} INFO - Processing /home/airflow/.local/lib/python3.12/site-packages/airflow/example_dags/example_python_operator.py took 0.099 seconds
[2024-06-03T10:28:35.821+0000] {processor.py:161} INFO - Started process (PID=3350) to work on /home/airflow/.local/lib/python3.12/site-packages/airflow/example_dags/example_python_operator.py
[2024-06-03T10:28:35.822+0000] {processor.py:830} INFO - Processing file /home/airflow/.local/lib/python3.12/site-packages/airflow/example_dags/example_python_operator.py for tasks to queue
[2024-06-03T10:28:35.824+0000] {logging_mixin.py:188} INFO - [2024-06-03T10:28:35.823+0000] {dagbag.py:545} INFO - Filling up the DagBag from /home/airflow/.local/lib/python3.12/site-packages/airflow/example_dags/example_python_operator.py
[2024-06-03T10:28:35.836+0000] {processor.py:840} INFO - DAG(s) 'example_python_operator' retrieved from /home/airflow/.local/lib/python3.12/site-packages/airflow/example_dags/example_python_operator.py
[2024-06-03T10:28:35.866+0000] {logging_mixin.py:188} INFO - [2024-06-03T10:28:35.865+0000] {dag.py:3096} INFO - Sync 1 DAGs
[2024-06-03T10:28:35.884+0000] {logging_mixin.py:188} INFO - [2024-06-03T10:28:35.884+0000] {dag.py:3954} INFO - Setting next_dagrun for example_python_operator to None, run_after=None
[2024-06-03T10:28:35.909+0000] {processor.py:183} INFO - Processing /home/airflow/.local/lib/python3.12/site-packages/airflow/example_dags/example_python_operator.py took 0.094 seconds
[2024-06-03T10:29:06.162+0000] {processor.py:161} INFO - Started process (PID=3608) to work on /home/airflow/.local/lib/python3.12/site-packages/airflow/example_dags/example_python_operator.py
[2024-06-03T10:29:06.163+0000] {processor.py:830} INFO - Processing file /home/airflow/.local/lib/python3.12/site-packages/airflow/example_dags/example_python_operator.py for tasks to queue
[2024-06-03T10:29:06.165+0000] {logging_mixin.py:188} INFO - [2024-06-03T10:29:06.164+0000] {dagbag.py:545} INFO - Filling up the DagBag from /home/airflow/.local/lib/python3.12/site-packages/airflow/example_dags/example_python_operator.py
[2024-06-03T10:29:06.177+0000] {processor.py:840} INFO - DAG(s) 'example_python_operator' retrieved from /home/airflow/.local/lib/python3.12/site-packages/airflow/example_dags/example_python_operator.py
[2024-06-03T10:29:06.207+0000] {logging_mixin.py:188} INFO - [2024-06-03T10:29:06.206+0000] {dag.py:3096} INFO - Sync 1 DAGs
[2024-06-03T10:29:06.224+0000] {logging_mixin.py:188} INFO - [2024-06-03T10:29:06.224+0000] {dag.py:3954} INFO - Setting next_dagrun for example_python_operator to None, run_after=None
[2024-06-03T10:29:06.248+0000] {processor.py:183} INFO - Processing /home/airflow/.local/lib/python3.12/site-packages/airflow/example_dags/example_python_operator.py took 0.092 seconds
[2024-06-03T10:29:36.561+0000] {processor.py:161} INFO - Started process (PID=3864) to work on /home/airflow/.local/lib/python3.12/site-packages/airflow/example_dags/example_python_operator.py
[2024-06-03T10:29:36.561+0000] {processor.py:830} INFO - Processing file /home/airflow/.local/lib/python3.12/site-packages/airflow/example_dags/example_python_operator.py for tasks to queue
[2024-06-03T10:29:36.563+0000] {logging_mixin.py:188} INFO - [2024-06-03T10:29:36.563+0000] {dagbag.py:545} INFO - Filling up the DagBag from /home/airflow/.local/lib/python3.12/site-packages/airflow/example_dags/example_python_operator.py
[2024-06-03T10:29:36.575+0000] {processor.py:840} INFO - DAG(s) 'example_python_operator' retrieved from /home/airflow/.local/lib/python3.12/site-packages/airflow/example_dags/example_python_operator.py
[2024-06-03T10:29:36.607+0000] {logging_mixin.py:188} INFO - [2024-06-03T10:29:36.606+0000] {dag.py:3096} INFO - Sync 1 DAGs
[2024-06-03T10:29:36.623+0000] {logging_mixin.py:188} INFO - [2024-06-03T10:29:36.623+0000] {dag.py:3954} INFO - Setting next_dagrun for example_python_operator to None, run_after=None
[2024-06-03T10:29:36.648+0000] {processor.py:183} INFO - Processing /home/airflow/.local/lib/python3.12/site-packages/airflow/example_dags/example_python_operator.py took 0.095 seconds
[2024-06-03T10:30:07.573+0000] {processor.py:161} INFO - Started process (PID=4118) to work on /home/airflow/.local/lib/python3.12/site-packages/airflow/example_dags/example_python_operator.py
[2024-06-03T10:30:07.573+0000] {processor.py:830} INFO - Processing file /home/airflow/.local/lib/python3.12/site-packages/airflow/example_dags/example_python_operator.py for tasks to queue
[2024-06-03T10:30:07.575+0000] {logging_mixin.py:188} INFO - [2024-06-03T10:30:07.575+0000] {dagbag.py:545} INFO - Filling up the DagBag from /home/airflow/.local/lib/python3.12/site-packages/airflow/example_dags/example_python_operator.py
[2024-06-03T10:30:07.588+0000] {processor.py:840} INFO - DAG(s) 'example_python_operator' retrieved from /home/airflow/.local/lib/python3.12/site-packages/airflow/example_dags/example_python_operator.py
[2024-06-03T10:30:07.621+0000] {logging_mixin.py:188} INFO - [2024-06-03T10:30:07.621+0000] {dag.py:3096} INFO - Sync 1 DAGs
[2024-06-03T10:30:07.643+0000] {logging_mixin.py:188} INFO - [2024-06-03T10:30:07.643+0000] {dag.py:3954} INFO - Setting next_dagrun for example_python_operator to None, run_after=None
[2024-06-03T10:30:07.671+0000] {processor.py:183} INFO - Processing /home/airflow/.local/lib/python3.12/site-packages/airflow/example_dags/example_python_operator.py took 0.105 seconds
[2024-06-03T10:30:37.866+0000] {processor.py:161} INFO - Started process (PID=4374) to work on /home/airflow/.local/lib/python3.12/site-packages/airflow/example_dags/example_python_operator.py
[2024-06-03T10:30:37.867+0000] {processor.py:830} INFO - Processing file /home/airflow/.local/lib/python3.12/site-packages/airflow/example_dags/example_python_operator.py for tasks to queue
[2024-06-03T10:30:37.868+0000] {logging_mixin.py:188} INFO - [2024-06-03T10:30:37.868+0000] {dagbag.py:545} INFO - Filling up the DagBag from /home/airflow/.local/lib/python3.12/site-packages/airflow/example_dags/example_python_operator.py
[2024-06-03T10:30:37.881+0000] {processor.py:840} INFO - DAG(s) 'example_python_operator' retrieved from /home/airflow/.local/lib/python3.12/site-packages/airflow/example_dags/example_python_operator.py
[2024-06-03T10:30:37.915+0000] {logging_mixin.py:188} INFO - [2024-06-03T10:30:37.915+0000] {dag.py:3096} INFO - Sync 1 DAGs
[2024-06-03T10:30:37.934+0000] {logging_mixin.py:188} INFO - [2024-06-03T10:30:37.933+0000] {dag.py:3954} INFO - Setting next_dagrun for example_python_operator to None, run_after=None
[2024-06-03T10:30:37.959+0000] {processor.py:183} INFO - Processing /home/airflow/.local/lib/python3.12/site-packages/airflow/example_dags/example_python_operator.py took 0.100 seconds
[2024-06-03T10:31:08.161+0000] {processor.py:161} INFO - Started process (PID=4630) to work on /home/airflow/.local/lib/python3.12/site-packages/airflow/example_dags/example_python_operator.py
[2024-06-03T10:31:08.162+0000] {processor.py:830} INFO - Processing file /home/airflow/.local/lib/python3.12/site-packages/airflow/example_dags/example_python_operator.py for tasks to queue
[2024-06-03T10:31:08.164+0000] {logging_mixin.py:188} INFO - [2024-06-03T10:31:08.164+0000] {dagbag.py:545} INFO - Filling up the DagBag from /home/airflow/.local/lib/python3.12/site-packages/airflow/example_dags/example_python_operator.py
[2024-06-03T10:31:08.177+0000] {processor.py:840} INFO - DAG(s) 'example_python_operator' retrieved from /home/airflow/.local/lib/python3.12/site-packages/airflow/example_dags/example_python_operator.py
[2024-06-03T10:31:08.213+0000] {logging_mixin.py:188} INFO - [2024-06-03T10:31:08.212+0000] {dag.py:3096} INFO - Sync 1 DAGs
[2024-06-03T10:31:08.234+0000] {logging_mixin.py:188} INFO - [2024-06-03T10:31:08.234+0000] {dag.py:3954} INFO - Setting next_dagrun for example_python_operator to None, run_after=None
[2024-06-03T10:31:08.263+0000] {processor.py:183} INFO - Processing /home/airflow/.local/lib/python3.12/site-packages/airflow/example_dags/example_python_operator.py took 0.108 seconds
[2024-06-03T10:31:38.404+0000] {processor.py:161} INFO - Started process (PID=4886) to work on /home/airflow/.local/lib/python3.12/site-packages/airflow/example_dags/example_python_operator.py
[2024-06-03T10:31:38.404+0000] {processor.py:830} INFO - Processing file /home/airflow/.local/lib/python3.12/site-packages/airflow/example_dags/example_python_operator.py for tasks to queue
[2024-06-03T10:31:38.406+0000] {logging_mixin.py:188} INFO - [2024-06-03T10:31:38.406+0000] {dagbag.py:545} INFO - Filling up the DagBag from /home/airflow/.local/lib/python3.12/site-packages/airflow/example_dags/example_python_operator.py
[2024-06-03T10:31:38.422+0000] {processor.py:840} INFO - DAG(s) 'example_python_operator' retrieved from /home/airflow/.local/lib/python3.12/site-packages/airflow/example_dags/example_python_operator.py
[2024-06-03T10:31:38.451+0000] {logging_mixin.py:188} INFO - [2024-06-03T10:31:38.451+0000] {dag.py:3096} INFO - Sync 1 DAGs
[2024-06-03T10:31:38.468+0000] {logging_mixin.py:188} INFO - [2024-06-03T10:31:38.468+0000] {dag.py:3954} INFO - Setting next_dagrun for example_python_operator to None, run_after=None
[2024-06-03T10:31:38.492+0000] {processor.py:183} INFO - Processing /home/airflow/.local/lib/python3.12/site-packages/airflow/example_dags/example_python_operator.py took 0.096 seconds
[2024-06-03T10:32:08.616+0000] {processor.py:161} INFO - Started process (PID=5139) to work on /home/airflow/.local/lib/python3.12/site-packages/airflow/example_dags/example_python_operator.py
[2024-06-03T10:32:08.618+0000] {processor.py:830} INFO - Processing file /home/airflow/.local/lib/python3.12/site-packages/airflow/example_dags/example_python_operator.py for tasks to queue
[2024-06-03T10:32:08.619+0000] {logging_mixin.py:188} INFO - [2024-06-03T10:32:08.619+0000] {dagbag.py:545} INFO - Filling up the DagBag from /home/airflow/.local/lib/python3.12/site-packages/airflow/example_dags/example_python_operator.py
[2024-06-03T10:32:08.632+0000] {processor.py:840} INFO - DAG(s) 'example_python_operator' retrieved from /home/airflow/.local/lib/python3.12/site-packages/airflow/example_dags/example_python_operator.py
[2024-06-03T10:32:08.661+0000] {logging_mixin.py:188} INFO - [2024-06-03T10:32:08.661+0000] {dag.py:3096} INFO - Sync 1 DAGs
[2024-06-03T10:32:08.678+0000] {logging_mixin.py:188} INFO - [2024-06-03T10:32:08.678+0000] {dag.py:3954} INFO - Setting next_dagrun for example_python_operator to None, run_after=None
[2024-06-03T10:32:08.699+0000] {processor.py:183} INFO - Processing /home/airflow/.local/lib/python3.12/site-packages/airflow/example_dags/example_python_operator.py took 0.089 seconds
[2024-06-03T10:32:38.866+0000] {processor.py:161} INFO - Started process (PID=5395) to work on /home/airflow/.local/lib/python3.12/site-packages/airflow/example_dags/example_python_operator.py
[2024-06-03T10:32:38.867+0000] {processor.py:830} INFO - Processing file /home/airflow/.local/lib/python3.12/site-packages/airflow/example_dags/example_python_operator.py for tasks to queue
[2024-06-03T10:32:38.868+0000] {logging_mixin.py:188} INFO - [2024-06-03T10:32:38.868+0000] {dagbag.py:545} INFO - Filling up the DagBag from /home/airflow/.local/lib/python3.12/site-packages/airflow/example_dags/example_python_operator.py
[2024-06-03T10:32:38.881+0000] {processor.py:840} INFO - DAG(s) 'example_python_operator' retrieved from /home/airflow/.local/lib/python3.12/site-packages/airflow/example_dags/example_python_operator.py
[2024-06-03T10:32:38.913+0000] {logging_mixin.py:188} INFO - [2024-06-03T10:32:38.913+0000] {dag.py:3096} INFO - Sync 1 DAGs
[2024-06-03T10:32:38.931+0000] {logging_mixin.py:188} INFO - [2024-06-03T10:32:38.930+0000] {dag.py:3954} INFO - Setting next_dagrun for example_python_operator to None, run_after=None
[2024-06-03T10:32:38.955+0000] {processor.py:183} INFO - Processing /home/airflow/.local/lib/python3.12/site-packages/airflow/example_dags/example_python_operator.py took 0.095 seconds
[2024-06-03T10:33:09.151+0000] {processor.py:161} INFO - Started process (PID=5651) to work on /home/airflow/.local/lib/python3.12/site-packages/airflow/example_dags/example_python_operator.py
[2024-06-03T10:33:09.152+0000] {processor.py:830} INFO - Processing file /home/airflow/.local/lib/python3.12/site-packages/airflow/example_dags/example_python_operator.py for tasks to queue
[2024-06-03T10:33:09.154+0000] {logging_mixin.py:188} INFO - [2024-06-03T10:33:09.153+0000] {dagbag.py:545} INFO - Filling up the DagBag from /home/airflow/.local/lib/python3.12/site-packages/airflow/example_dags/example_python_operator.py
[2024-06-03T10:33:09.166+0000] {processor.py:840} INFO - DAG(s) 'example_python_operator' retrieved from /home/airflow/.local/lib/python3.12/site-packages/airflow/example_dags/example_python_operator.py
[2024-06-03T10:33:09.195+0000] {logging_mixin.py:188} INFO - [2024-06-03T10:33:09.195+0000] {dag.py:3096} INFO - Sync 1 DAGs
[2024-06-03T10:33:09.212+0000] {logging_mixin.py:188} INFO - [2024-06-03T10:33:09.212+0000] {dag.py:3954} INFO - Setting next_dagrun for example_python_operator to None, run_after=None
[2024-06-03T10:33:09.235+0000] {processor.py:183} INFO - Processing /home/airflow/.local/lib/python3.12/site-packages/airflow/example_dags/example_python_operator.py took 0.090 seconds
[2024-06-03T10:33:39.488+0000] {processor.py:161} INFO - Started process (PID=5907) to work on /home/airflow/.local/lib/python3.12/site-packages/airflow/example_dags/example_python_operator.py
[2024-06-03T10:33:39.489+0000] {processor.py:830} INFO - Processing file /home/airflow/.local/lib/python3.12/site-packages/airflow/example_dags/example_python_operator.py for tasks to queue
[2024-06-03T10:33:39.491+0000] {logging_mixin.py:188} INFO - [2024-06-03T10:33:39.490+0000] {dagbag.py:545} INFO - Filling up the DagBag from /home/airflow/.local/lib/python3.12/site-packages/airflow/example_dags/example_python_operator.py
[2024-06-03T10:33:39.503+0000] {processor.py:840} INFO - DAG(s) 'example_python_operator' retrieved from /home/airflow/.local/lib/python3.12/site-packages/airflow/example_dags/example_python_operator.py
[2024-06-03T10:33:39.532+0000] {logging_mixin.py:188} INFO - [2024-06-03T10:33:39.532+0000] {dag.py:3096} INFO - Sync 1 DAGs
[2024-06-03T10:33:39.550+0000] {logging_mixin.py:188} INFO - [2024-06-03T10:33:39.549+0000] {dag.py:3954} INFO - Setting next_dagrun for example_python_operator to None, run_after=None
[2024-06-03T10:33:39.572+0000] {processor.py:183} INFO - Processing /home/airflow/.local/lib/python3.12/site-packages/airflow/example_dags/example_python_operator.py took 0.090 seconds
[2024-06-03T10:34:10.490+0000] {processor.py:161} INFO - Started process (PID=6163) to work on /home/airflow/.local/lib/python3.12/site-packages/airflow/example_dags/example_python_operator.py
[2024-06-03T10:34:10.491+0000] {processor.py:830} INFO - Processing file /home/airflow/.local/lib/python3.12/site-packages/airflow/example_dags/example_python_operator.py for tasks to queue
[2024-06-03T10:34:10.493+0000] {logging_mixin.py:188} INFO - [2024-06-03T10:34:10.492+0000] {dagbag.py:545} INFO - Filling up the DagBag from /home/airflow/.local/lib/python3.12/site-packages/airflow/example_dags/example_python_operator.py
[2024-06-03T10:34:10.505+0000] {processor.py:840} INFO - DAG(s) 'example_python_operator' retrieved from /home/airflow/.local/lib/python3.12/site-packages/airflow/example_dags/example_python_operator.py
[2024-06-03T10:34:10.536+0000] {logging_mixin.py:188} INFO - [2024-06-03T10:34:10.535+0000] {dag.py:3096} INFO - Sync 1 DAGs
[2024-06-03T10:34:10.553+0000] {logging_mixin.py:188} INFO - [2024-06-03T10:34:10.552+0000] {dag.py:3954} INFO - Setting next_dagrun for example_python_operator to None, run_after=None
[2024-06-03T10:34:10.576+0000] {processor.py:183} INFO - Processing /home/airflow/.local/lib/python3.12/site-packages/airflow/example_dags/example_python_operator.py took 0.093 seconds
[2024-06-03T10:34:41.015+0000] {processor.py:161} INFO - Started process (PID=6419) to work on /home/airflow/.local/lib/python3.12/site-packages/airflow/example_dags/example_python_operator.py
[2024-06-03T10:34:41.016+0000] {processor.py:830} INFO - Processing file /home/airflow/.local/lib/python3.12/site-packages/airflow/example_dags/example_python_operator.py for tasks to queue
[2024-06-03T10:34:41.018+0000] {logging_mixin.py:188} INFO - [2024-06-03T10:34:41.017+0000] {dagbag.py:545} INFO - Filling up the DagBag from /home/airflow/.local/lib/python3.12/site-packages/airflow/example_dags/example_python_operator.py
[2024-06-03T10:34:41.030+0000] {processor.py:840} INFO - DAG(s) 'example_python_operator' retrieved from /home/airflow/.local/lib/python3.12/site-packages/airflow/example_dags/example_python_operator.py
[2024-06-03T10:34:41.061+0000] {logging_mixin.py:188} INFO - [2024-06-03T10:34:41.061+0000] {dag.py:3096} INFO - Sync 1 DAGs
[2024-06-03T10:34:41.080+0000] {logging_mixin.py:188} INFO - [2024-06-03T10:34:41.080+0000] {dag.py:3954} INFO - Setting next_dagrun for example_python_operator to None, run_after=None
[2024-06-03T10:34:41.106+0000] {processor.py:183} INFO - Processing /home/airflow/.local/lib/python3.12/site-packages/airflow/example_dags/example_python_operator.py took 0.098 seconds
[2024-06-03T10:35:11.332+0000] {processor.py:161} INFO - Started process (PID=6675) to work on /home/airflow/.local/lib/python3.12/site-packages/airflow/example_dags/example_python_operator.py
[2024-06-03T10:35:11.333+0000] {processor.py:830} INFO - Processing file /home/airflow/.local/lib/python3.12/site-packages/airflow/example_dags/example_python_operator.py for tasks to queue
[2024-06-03T10:35:11.334+0000] {logging_mixin.py:188} INFO - [2024-06-03T10:35:11.334+0000] {dagbag.py:545} INFO - Filling up the DagBag from /home/airflow/.local/lib/python3.12/site-packages/airflow/example_dags/example_python_operator.py
[2024-06-03T10:35:11.347+0000] {processor.py:840} INFO - DAG(s) 'example_python_operator' retrieved from /home/airflow/.local/lib/python3.12/site-packages/airflow/example_dags/example_python_operator.py
[2024-06-03T10:35:11.377+0000] {logging_mixin.py:188} INFO - [2024-06-03T10:35:11.377+0000] {dag.py:3096} INFO - Sync 1 DAGs
[2024-06-03T10:35:11.394+0000] {logging_mixin.py:188} INFO - [2024-06-03T10:35:11.394+0000] {dag.py:3954} INFO - Setting next_dagrun for example_python_operator to None, run_after=None
[2024-06-03T10:35:11.420+0000] {processor.py:183} INFO - Processing /home/airflow/.local/lib/python3.12/site-packages/airflow/example_dags/example_python_operator.py took 0.094 seconds
[2024-06-03T10:35:41.643+0000] {processor.py:161} INFO - Started process (PID=6931) to work on /home/airflow/.local/lib/python3.12/site-packages/airflow/example_dags/example_python_operator.py
[2024-06-03T10:35:41.644+0000] {processor.py:830} INFO - Processing file /home/airflow/.local/lib/python3.12/site-packages/airflow/example_dags/example_python_operator.py for tasks to queue
[2024-06-03T10:35:41.645+0000] {logging_mixin.py:188} INFO - [2024-06-03T10:35:41.645+0000] {dagbag.py:545} INFO - Filling up the DagBag from /home/airflow/.local/lib/python3.12/site-packages/airflow/example_dags/example_python_operator.py
[2024-06-03T10:35:41.658+0000] {processor.py:840} INFO - DAG(s) 'example_python_operator' retrieved from /home/airflow/.local/lib/python3.12/site-packages/airflow/example_dags/example_python_operator.py
[2024-06-03T10:35:41.687+0000] {logging_mixin.py:188} INFO - [2024-06-03T10:35:41.687+0000] {dag.py:3096} INFO - Sync 1 DAGs
[2024-06-03T10:35:41.705+0000] {logging_mixin.py:188} INFO - [2024-06-03T10:35:41.704+0000] {dag.py:3954} INFO - Setting next_dagrun for example_python_operator to None, run_after=None
[2024-06-03T10:35:41.727+0000] {processor.py:183} INFO - Processing /home/airflow/.local/lib/python3.12/site-packages/airflow/example_dags/example_python_operator.py took 0.091 seconds
[2024-06-03T10:36:11.908+0000] {processor.py:161} INFO - Started process (PID=7187) to work on /home/airflow/.local/lib/python3.12/site-packages/airflow/example_dags/example_python_operator.py
[2024-06-03T10:36:11.908+0000] {processor.py:830} INFO - Processing file /home/airflow/.local/lib/python3.12/site-packages/airflow/example_dags/example_python_operator.py for tasks to queue
[2024-06-03T10:36:11.910+0000] {logging_mixin.py:188} INFO - [2024-06-03T10:36:11.910+0000] {dagbag.py:545} INFO - Filling up the DagBag from /home/airflow/.local/lib/python3.12/site-packages/airflow/example_dags/example_python_operator.py
[2024-06-03T10:36:11.922+0000] {processor.py:840} INFO - DAG(s) 'example_python_operator' retrieved from /home/airflow/.local/lib/python3.12/site-packages/airflow/example_dags/example_python_operator.py
[2024-06-03T10:36:11.952+0000] {logging_mixin.py:188} INFO - [2024-06-03T10:36:11.951+0000] {dag.py:3096} INFO - Sync 1 DAGs
[2024-06-03T10:36:11.969+0000] {logging_mixin.py:188} INFO - [2024-06-03T10:36:11.968+0000] {dag.py:3954} INFO - Setting next_dagrun for example_python_operator to None, run_after=None
[2024-06-03T10:36:11.993+0000] {processor.py:183} INFO - Processing /home/airflow/.local/lib/python3.12/site-packages/airflow/example_dags/example_python_operator.py took 0.092 seconds
[2024-06-03T10:36:42.169+0000] {processor.py:161} INFO - Started process (PID=7443) to work on /home/airflow/.local/lib/python3.12/site-packages/airflow/example_dags/example_python_operator.py
[2024-06-03T10:36:42.170+0000] {processor.py:830} INFO - Processing file /home/airflow/.local/lib/python3.12/site-packages/airflow/example_dags/example_python_operator.py for tasks to queue
[2024-06-03T10:36:42.172+0000] {logging_mixin.py:188} INFO - [2024-06-03T10:36:42.172+0000] {dagbag.py:545} INFO - Filling up the DagBag from /home/airflow/.local/lib/python3.12/site-packages/airflow/example_dags/example_python_operator.py
[2024-06-03T10:36:42.186+0000] {processor.py:840} INFO - DAG(s) 'example_python_operator' retrieved from /home/airflow/.local/lib/python3.12/site-packages/airflow/example_dags/example_python_operator.py
[2024-06-03T10:36:42.220+0000] {logging_mixin.py:188} INFO - [2024-06-03T10:36:42.220+0000] {dag.py:3096} INFO - Sync 1 DAGs
[2024-06-03T10:36:42.240+0000] {logging_mixin.py:188} INFO - [2024-06-03T10:36:42.240+0000] {dag.py:3954} INFO - Setting next_dagrun for example_python_operator to None, run_after=None
[2024-06-03T10:36:42.267+0000] {processor.py:183} INFO - Processing /home/airflow/.local/lib/python3.12/site-packages/airflow/example_dags/example_python_operator.py took 0.104 seconds
[2024-06-03T10:37:12.686+0000] {processor.py:161} INFO - Started process (PID=7699) to work on /home/airflow/.local/lib/python3.12/site-packages/airflow/example_dags/example_python_operator.py
[2024-06-03T10:37:12.687+0000] {processor.py:830} INFO - Processing file /home/airflow/.local/lib/python3.12/site-packages/airflow/example_dags/example_python_operator.py for tasks to queue
[2024-06-03T10:37:12.689+0000] {logging_mixin.py:188} INFO - [2024-06-03T10:37:12.688+0000] {dagbag.py:545} INFO - Filling up the DagBag from /home/airflow/.local/lib/python3.12/site-packages/airflow/example_dags/example_python_operator.py
[2024-06-03T10:37:12.701+0000] {processor.py:840} INFO - DAG(s) 'example_python_operator' retrieved from /home/airflow/.local/lib/python3.12/site-packages/airflow/example_dags/example_python_operator.py
[2024-06-03T10:37:12.734+0000] {logging_mixin.py:188} INFO - [2024-06-03T10:37:12.733+0000] {dag.py:3096} INFO - Sync 1 DAGs
[2024-06-03T10:37:12.753+0000] {logging_mixin.py:188} INFO - [2024-06-03T10:37:12.752+0000] {dag.py:3954} INFO - Setting next_dagrun for example_python_operator to None, run_after=None
[2024-06-03T10:37:12.778+0000] {processor.py:183} INFO - Processing /home/airflow/.local/lib/python3.12/site-packages/airflow/example_dags/example_python_operator.py took 0.099 seconds
[2024-06-03T10:37:43.241+0000] {processor.py:161} INFO - Started process (PID=7955) to work on /home/airflow/.local/lib/python3.12/site-packages/airflow/example_dags/example_python_operator.py
[2024-06-03T10:37:43.242+0000] {processor.py:830} INFO - Processing file /home/airflow/.local/lib/python3.12/site-packages/airflow/example_dags/example_python_operator.py for tasks to queue
[2024-06-03T10:37:43.244+0000] {logging_mixin.py:188} INFO - [2024-06-03T10:37:43.244+0000] {dagbag.py:545} INFO - Filling up the DagBag from /home/airflow/.local/lib/python3.12/site-packages/airflow/example_dags/example_python_operator.py
[2024-06-03T10:37:43.260+0000] {processor.py:840} INFO - DAG(s) 'example_python_operator' retrieved from /home/airflow/.local/lib/python3.12/site-packages/airflow/example_dags/example_python_operator.py
[2024-06-03T10:37:43.289+0000] {logging_mixin.py:188} INFO - [2024-06-03T10:37:43.289+0000] {dag.py:3096} INFO - Sync 1 DAGs
[2024-06-03T10:37:43.307+0000] {logging_mixin.py:188} INFO - [2024-06-03T10:37:43.307+0000] {dag.py:3954} INFO - Setting next_dagrun for example_python_operator to None, run_after=None
[2024-06-03T10:37:43.332+0000] {processor.py:183} INFO - Processing /home/airflow/.local/lib/python3.12/site-packages/airflow/example_dags/example_python_operator.py took 0.099 seconds
[2024-06-03T10:38:13.873+0000] {processor.py:161} INFO - Started process (PID=8211) to work on /home/airflow/.local/lib/python3.12/site-packages/airflow/example_dags/example_python_operator.py
[2024-06-03T10:38:13.874+0000] {processor.py:830} INFO - Processing file /home/airflow/.local/lib/python3.12/site-packages/airflow/example_dags/example_python_operator.py for tasks to queue
[2024-06-03T10:38:13.876+0000] {logging_mixin.py:188} INFO - [2024-06-03T10:38:13.875+0000] {dagbag.py:545} INFO - Filling up the DagBag from /home/airflow/.local/lib/python3.12/site-packages/airflow/example_dags/example_python_operator.py
[2024-06-03T10:38:13.888+0000] {processor.py:840} INFO - DAG(s) 'example_python_operator' retrieved from /home/airflow/.local/lib/python3.12/site-packages/airflow/example_dags/example_python_operator.py
[2024-06-03T10:38:13.918+0000] {logging_mixin.py:188} INFO - [2024-06-03T10:38:13.918+0000] {dag.py:3096} INFO - Sync 1 DAGs
[2024-06-03T10:38:13.939+0000] {logging_mixin.py:188} INFO - [2024-06-03T10:38:13.939+0000] {dag.py:3954} INFO - Setting next_dagrun for example_python_operator to None, run_after=None
[2024-06-03T10:38:13.962+0000] {processor.py:183} INFO - Processing /home/airflow/.local/lib/python3.12/site-packages/airflow/example_dags/example_python_operator.py took 0.096 seconds
[2024-06-03T10:38:44.174+0000] {processor.py:161} INFO - Started process (PID=8467) to work on /home/airflow/.local/lib/python3.12/site-packages/airflow/example_dags/example_python_operator.py
[2024-06-03T10:38:44.175+0000] {processor.py:830} INFO - Processing file /home/airflow/.local/lib/python3.12/site-packages/airflow/example_dags/example_python_operator.py for tasks to queue
[2024-06-03T10:38:44.177+0000] {logging_mixin.py:188} INFO - [2024-06-03T10:38:44.176+0000] {dagbag.py:545} INFO - Filling up the DagBag from /home/airflow/.local/lib/python3.12/site-packages/airflow/example_dags/example_python_operator.py
[2024-06-03T10:38:44.189+0000] {processor.py:840} INFO - DAG(s) 'example_python_operator' retrieved from /home/airflow/.local/lib/python3.12/site-packages/airflow/example_dags/example_python_operator.py
[2024-06-03T10:38:44.218+0000] {logging_mixin.py:188} INFO - [2024-06-03T10:38:44.217+0000] {dag.py:3096} INFO - Sync 1 DAGs
[2024-06-03T10:38:44.234+0000] {logging_mixin.py:188} INFO - [2024-06-03T10:38:44.234+0000] {dag.py:3954} INFO - Setting next_dagrun for example_python_operator to None, run_after=None
[2024-06-03T10:38:44.258+0000] {processor.py:183} INFO - Processing /home/airflow/.local/lib/python3.12/site-packages/airflow/example_dags/example_python_operator.py took 0.091 seconds
[2024-06-03T10:39:15.147+0000] {processor.py:161} INFO - Started process (PID=8723) to work on /home/airflow/.local/lib/python3.12/site-packages/airflow/example_dags/example_python_operator.py
[2024-06-03T10:39:15.148+0000] {processor.py:830} INFO - Processing file /home/airflow/.local/lib/python3.12/site-packages/airflow/example_dags/example_python_operator.py for tasks to queue
[2024-06-03T10:39:15.150+0000] {logging_mixin.py:188} INFO - [2024-06-03T10:39:15.149+0000] {dagbag.py:545} INFO - Filling up the DagBag from /home/airflow/.local/lib/python3.12/site-packages/airflow/example_dags/example_python_operator.py
[2024-06-03T10:39:15.162+0000] {processor.py:840} INFO - DAG(s) 'example_python_operator' retrieved from /home/airflow/.local/lib/python3.12/site-packages/airflow/example_dags/example_python_operator.py
[2024-06-03T10:39:15.191+0000] {logging_mixin.py:188} INFO - [2024-06-03T10:39:15.190+0000] {dag.py:3096} INFO - Sync 1 DAGs
[2024-06-03T10:39:15.208+0000] {logging_mixin.py:188} INFO - [2024-06-03T10:39:15.208+0000] {dag.py:3954} INFO - Setting next_dagrun for example_python_operator to None, run_after=None
[2024-06-03T10:39:15.231+0000] {processor.py:183} INFO - Processing /home/airflow/.local/lib/python3.12/site-packages/airflow/example_dags/example_python_operator.py took 0.090 seconds
[2024-06-03T10:39:46.145+0000] {processor.py:161} INFO - Started process (PID=8979) to work on /home/airflow/.local/lib/python3.12/site-packages/airflow/example_dags/example_python_operator.py
[2024-06-03T10:39:46.146+0000] {processor.py:830} INFO - Processing file /home/airflow/.local/lib/python3.12/site-packages/airflow/example_dags/example_python_operator.py for tasks to queue
[2024-06-03T10:39:46.148+0000] {logging_mixin.py:188} INFO - [2024-06-03T10:39:46.147+0000] {dagbag.py:545} INFO - Filling up the DagBag from /home/airflow/.local/lib/python3.12/site-packages/airflow/example_dags/example_python_operator.py
[2024-06-03T10:39:46.160+0000] {processor.py:840} INFO - DAG(s) 'example_python_operator' retrieved from /home/airflow/.local/lib/python3.12/site-packages/airflow/example_dags/example_python_operator.py
[2024-06-03T10:39:46.195+0000] {logging_mixin.py:188} INFO - [2024-06-03T10:39:46.194+0000] {dag.py:3096} INFO - Sync 1 DAGs
[2024-06-03T10:39:46.215+0000] {logging_mixin.py:188} INFO - [2024-06-03T10:39:46.215+0000] {dag.py:3954} INFO - Setting next_dagrun for example_python_operator to None, run_after=None
[2024-06-03T10:39:46.247+0000] {processor.py:183} INFO - Processing /home/airflow/.local/lib/python3.12/site-packages/airflow/example_dags/example_python_operator.py took 0.109 seconds
[2024-06-03T10:40:16.800+0000] {processor.py:161} INFO - Started process (PID=9233) to work on /home/airflow/.local/lib/python3.12/site-packages/airflow/example_dags/example_python_operator.py
[2024-06-03T10:40:16.801+0000] {processor.py:830} INFO - Processing file /home/airflow/.local/lib/python3.12/site-packages/airflow/example_dags/example_python_operator.py for tasks to queue
[2024-06-03T10:40:16.802+0000] {logging_mixin.py:188} INFO - [2024-06-03T10:40:16.802+0000] {dagbag.py:545} INFO - Filling up the DagBag from /home/airflow/.local/lib/python3.12/site-packages/airflow/example_dags/example_python_operator.py
[2024-06-03T10:40:16.816+0000] {processor.py:840} INFO - DAG(s) 'example_python_operator' retrieved from /home/airflow/.local/lib/python3.12/site-packages/airflow/example_dags/example_python_operator.py
[2024-06-03T10:40:16.848+0000] {logging_mixin.py:188} INFO - [2024-06-03T10:40:16.848+0000] {dag.py:3096} INFO - Sync 1 DAGs
[2024-06-03T10:40:16.867+0000] {logging_mixin.py:188} INFO - [2024-06-03T10:40:16.866+0000] {dag.py:3954} INFO - Setting next_dagrun for example_python_operator to None, run_after=None
[2024-06-03T10:40:16.891+0000] {processor.py:183} INFO - Processing /home/airflow/.local/lib/python3.12/site-packages/airflow/example_dags/example_python_operator.py took 0.098 seconds
[2024-06-03T10:40:47.119+0000] {processor.py:161} INFO - Started process (PID=9491) to work on /home/airflow/.local/lib/python3.12/site-packages/airflow/example_dags/example_python_operator.py
[2024-06-03T10:40:47.120+0000] {processor.py:830} INFO - Processing file /home/airflow/.local/lib/python3.12/site-packages/airflow/example_dags/example_python_operator.py for tasks to queue
[2024-06-03T10:40:47.122+0000] {logging_mixin.py:188} INFO - [2024-06-03T10:40:47.122+0000] {dagbag.py:545} INFO - Filling up the DagBag from /home/airflow/.local/lib/python3.12/site-packages/airflow/example_dags/example_python_operator.py
[2024-06-03T10:40:47.134+0000] {processor.py:840} INFO - DAG(s) 'example_python_operator' retrieved from /home/airflow/.local/lib/python3.12/site-packages/airflow/example_dags/example_python_operator.py
[2024-06-03T10:40:47.169+0000] {logging_mixin.py:188} INFO - [2024-06-03T10:40:47.168+0000] {dag.py:3096} INFO - Sync 1 DAGs
[2024-06-03T10:40:47.190+0000] {logging_mixin.py:188} INFO - [2024-06-03T10:40:47.190+0000] {dag.py:3954} INFO - Setting next_dagrun for example_python_operator to None, run_after=None
[2024-06-03T10:40:47.218+0000] {processor.py:183} INFO - Processing /home/airflow/.local/lib/python3.12/site-packages/airflow/example_dags/example_python_operator.py took 0.106 seconds
[2024-06-03T10:41:17.795+0000] {processor.py:161} INFO - Started process (PID=9741) to work on /home/airflow/.local/lib/python3.12/site-packages/airflow/example_dags/example_python_operator.py
[2024-06-03T10:41:17.796+0000] {processor.py:830} INFO - Processing file /home/airflow/.local/lib/python3.12/site-packages/airflow/example_dags/example_python_operator.py for tasks to queue
[2024-06-03T10:41:17.798+0000] {logging_mixin.py:188} INFO - [2024-06-03T10:41:17.797+0000] {dagbag.py:545} INFO - Filling up the DagBag from /home/airflow/.local/lib/python3.12/site-packages/airflow/example_dags/example_python_operator.py
[2024-06-03T10:41:17.810+0000] {processor.py:840} INFO - DAG(s) 'example_python_operator' retrieved from /home/airflow/.local/lib/python3.12/site-packages/airflow/example_dags/example_python_operator.py
[2024-06-03T10:41:17.839+0000] {logging_mixin.py:188} INFO - [2024-06-03T10:41:17.839+0000] {dag.py:3096} INFO - Sync 1 DAGs
[2024-06-03T10:41:17.857+0000] {logging_mixin.py:188} INFO - [2024-06-03T10:41:17.856+0000] {dag.py:3954} INFO - Setting next_dagrun for example_python_operator to None, run_after=None
[2024-06-03T10:41:17.880+0000] {processor.py:183} INFO - Processing /home/airflow/.local/lib/python3.12/site-packages/airflow/example_dags/example_python_operator.py took 0.092 seconds
[2024-06-03T10:41:48.056+0000] {processor.py:161} INFO - Started process (PID=9997) to work on /home/airflow/.local/lib/python3.12/site-packages/airflow/example_dags/example_python_operator.py
[2024-06-03T10:41:48.057+0000] {processor.py:830} INFO - Processing file /home/airflow/.local/lib/python3.12/site-packages/airflow/example_dags/example_python_operator.py for tasks to queue
[2024-06-03T10:41:48.059+0000] {logging_mixin.py:188} INFO - [2024-06-03T10:41:48.058+0000] {dagbag.py:545} INFO - Filling up the DagBag from /home/airflow/.local/lib/python3.12/site-packages/airflow/example_dags/example_python_operator.py
[2024-06-03T10:41:48.071+0000] {processor.py:840} INFO - DAG(s) 'example_python_operator' retrieved from /home/airflow/.local/lib/python3.12/site-packages/airflow/example_dags/example_python_operator.py
[2024-06-03T10:41:48.100+0000] {logging_mixin.py:188} INFO - [2024-06-03T10:41:48.100+0000] {dag.py:3096} INFO - Sync 1 DAGs
[2024-06-03T10:41:48.117+0000] {logging_mixin.py:188} INFO - [2024-06-03T10:41:48.117+0000] {dag.py:3954} INFO - Setting next_dagrun for example_python_operator to None, run_after=None
[2024-06-03T10:41:48.139+0000] {processor.py:183} INFO - Processing /home/airflow/.local/lib/python3.12/site-packages/airflow/example_dags/example_python_operator.py took 0.090 seconds
[2024-06-03T10:42:18.348+0000] {processor.py:161} INFO - Started process (PID=10253) to work on /home/airflow/.local/lib/python3.12/site-packages/airflow/example_dags/example_python_operator.py
[2024-06-03T10:42:18.348+0000] {processor.py:830} INFO - Processing file /home/airflow/.local/lib/python3.12/site-packages/airflow/example_dags/example_python_operator.py for tasks to queue
[2024-06-03T10:42:18.350+0000] {logging_mixin.py:188} INFO - [2024-06-03T10:42:18.350+0000] {dagbag.py:545} INFO - Filling up the DagBag from /home/airflow/.local/lib/python3.12/site-packages/airflow/example_dags/example_python_operator.py
[2024-06-03T10:42:18.362+0000] {processor.py:840} INFO - DAG(s) 'example_python_operator' retrieved from /home/airflow/.local/lib/python3.12/site-packages/airflow/example_dags/example_python_operator.py
[2024-06-03T10:42:18.392+0000] {logging_mixin.py:188} INFO - [2024-06-03T10:42:18.392+0000] {dag.py:3096} INFO - Sync 1 DAGs
[2024-06-03T10:42:18.409+0000] {logging_mixin.py:188} INFO - [2024-06-03T10:42:18.409+0000] {dag.py:3954} INFO - Setting next_dagrun for example_python_operator to None, run_after=None
[2024-06-03T10:42:18.431+0000] {processor.py:183} INFO - Processing /home/airflow/.local/lib/python3.12/site-packages/airflow/example_dags/example_python_operator.py took 0.090 seconds
[2024-06-03T10:42:48.519+0000] {processor.py:161} INFO - Started process (PID=10507) to work on /home/airflow/.local/lib/python3.12/site-packages/airflow/example_dags/example_python_operator.py
[2024-06-03T10:42:48.520+0000] {processor.py:830} INFO - Processing file /home/airflow/.local/lib/python3.12/site-packages/airflow/example_dags/example_python_operator.py for tasks to queue
[2024-06-03T10:42:48.522+0000] {logging_mixin.py:188} INFO - [2024-06-03T10:42:48.521+0000] {dagbag.py:545} INFO - Filling up the DagBag from /home/airflow/.local/lib/python3.12/site-packages/airflow/example_dags/example_python_operator.py
[2024-06-03T10:42:48.535+0000] {processor.py:840} INFO - DAG(s) 'example_python_operator' retrieved from /home/airflow/.local/lib/python3.12/site-packages/airflow/example_dags/example_python_operator.py
[2024-06-03T10:42:48.566+0000] {logging_mixin.py:188} INFO - [2024-06-03T10:42:48.566+0000] {dag.py:3096} INFO - Sync 1 DAGs
[2024-06-03T10:42:48.584+0000] {logging_mixin.py:188} INFO - [2024-06-03T10:42:48.584+0000] {dag.py:3954} INFO - Setting next_dagrun for example_python_operator to None, run_after=None
[2024-06-03T10:42:48.609+0000] {processor.py:183} INFO - Processing /home/airflow/.local/lib/python3.12/site-packages/airflow/example_dags/example_python_operator.py took 0.097 seconds
[2024-06-03T10:43:18.788+0000] {processor.py:161} INFO - Started process (PID=10763) to work on /home/airflow/.local/lib/python3.12/site-packages/airflow/example_dags/example_python_operator.py
[2024-06-03T10:43:18.789+0000] {processor.py:830} INFO - Processing file /home/airflow/.local/lib/python3.12/site-packages/airflow/example_dags/example_python_operator.py for tasks to queue
[2024-06-03T10:43:18.790+0000] {logging_mixin.py:188} INFO - [2024-06-03T10:43:18.790+0000] {dagbag.py:545} INFO - Filling up the DagBag from /home/airflow/.local/lib/python3.12/site-packages/airflow/example_dags/example_python_operator.py
[2024-06-03T10:43:18.803+0000] {processor.py:840} INFO - DAG(s) 'example_python_operator' retrieved from /home/airflow/.local/lib/python3.12/site-packages/airflow/example_dags/example_python_operator.py
[2024-06-03T10:43:18.834+0000] {logging_mixin.py:188} INFO - [2024-06-03T10:43:18.834+0000] {dag.py:3096} INFO - Sync 1 DAGs
[2024-06-03T10:43:18.852+0000] {logging_mixin.py:188} INFO - [2024-06-03T10:43:18.852+0000] {dag.py:3954} INFO - Setting next_dagrun for example_python_operator to None, run_after=None
[2024-06-03T10:43:18.878+0000] {processor.py:183} INFO - Processing /home/airflow/.local/lib/python3.12/site-packages/airflow/example_dags/example_python_operator.py took 0.096 seconds
[2024-06-03T10:43:50.484+0000] {processor.py:161} INFO - Started process (PID=11019) to work on /home/airflow/.local/lib/python3.12/site-packages/airflow/example_dags/example_python_operator.py
[2024-06-03T10:43:50.486+0000] {processor.py:830} INFO - Processing file /home/airflow/.local/lib/python3.12/site-packages/airflow/example_dags/example_python_operator.py for tasks to queue
[2024-06-03T10:43:50.487+0000] {logging_mixin.py:188} INFO - [2024-06-03T10:43:50.487+0000] {dagbag.py:545} INFO - Filling up the DagBag from /home/airflow/.local/lib/python3.12/site-packages/airflow/example_dags/example_python_operator.py
[2024-06-03T10:43:50.500+0000] {processor.py:840} INFO - DAG(s) 'example_python_operator' retrieved from /home/airflow/.local/lib/python3.12/site-packages/airflow/example_dags/example_python_operator.py
[2024-06-03T10:43:50.668+0000] {logging_mixin.py:188} INFO - [2024-06-03T10:43:50.667+0000] {dag.py:3096} INFO - Sync 1 DAGs
[2024-06-03T10:43:50.685+0000] {logging_mixin.py:188} INFO - [2024-06-03T10:43:50.684+0000] {dag.py:3954} INFO - Setting next_dagrun for example_python_operator to None, run_after=None
[2024-06-03T10:43:50.709+0000] {processor.py:183} INFO - Processing /home/airflow/.local/lib/python3.12/site-packages/airflow/example_dags/example_python_operator.py took 0.232 seconds
[2024-06-03T10:44:21.230+0000] {processor.py:161} INFO - Started process (PID=11275) to work on /home/airflow/.local/lib/python3.12/site-packages/airflow/example_dags/example_python_operator.py
[2024-06-03T10:44:21.230+0000] {processor.py:830} INFO - Processing file /home/airflow/.local/lib/python3.12/site-packages/airflow/example_dags/example_python_operator.py for tasks to queue
[2024-06-03T10:44:21.232+0000] {logging_mixin.py:188} INFO - [2024-06-03T10:44:21.232+0000] {dagbag.py:545} INFO - Filling up the DagBag from /home/airflow/.local/lib/python3.12/site-packages/airflow/example_dags/example_python_operator.py
[2024-06-03T10:44:21.245+0000] {processor.py:840} INFO - DAG(s) 'example_python_operator' retrieved from /home/airflow/.local/lib/python3.12/site-packages/airflow/example_dags/example_python_operator.py
[2024-06-03T10:44:21.289+0000] {logging_mixin.py:188} INFO - [2024-06-03T10:44:21.288+0000] {dag.py:3096} INFO - Sync 1 DAGs
[2024-06-03T10:44:21.479+0000] {logging_mixin.py:188} INFO - [2024-06-03T10:44:21.478+0000] {dag.py:3954} INFO - Setting next_dagrun for example_python_operator to None, run_after=None
[2024-06-03T10:44:21.508+0000] {processor.py:183} INFO - Processing /home/airflow/.local/lib/python3.12/site-packages/airflow/example_dags/example_python_operator.py took 0.285 seconds
[2024-06-03T10:44:52.151+0000] {processor.py:161} INFO - Started process (PID=11531) to work on /home/airflow/.local/lib/python3.12/site-packages/airflow/example_dags/example_python_operator.py
[2024-06-03T10:44:52.152+0000] {processor.py:830} INFO - Processing file /home/airflow/.local/lib/python3.12/site-packages/airflow/example_dags/example_python_operator.py for tasks to queue
[2024-06-03T10:44:52.154+0000] {logging_mixin.py:188} INFO - [2024-06-03T10:44:52.153+0000] {dagbag.py:545} INFO - Filling up the DagBag from /home/airflow/.local/lib/python3.12/site-packages/airflow/example_dags/example_python_operator.py
[2024-06-03T10:44:52.166+0000] {processor.py:840} INFO - DAG(s) 'example_python_operator' retrieved from /home/airflow/.local/lib/python3.12/site-packages/airflow/example_dags/example_python_operator.py
[2024-06-03T10:44:52.202+0000] {logging_mixin.py:188} INFO - [2024-06-03T10:44:52.201+0000] {dag.py:3096} INFO - Sync 1 DAGs
[2024-06-03T10:44:52.221+0000] {logging_mixin.py:188} INFO - [2024-06-03T10:44:52.221+0000] {dag.py:3954} INFO - Setting next_dagrun for example_python_operator to None, run_after=None
[2024-06-03T10:44:52.247+0000] {processor.py:183} INFO - Processing /home/airflow/.local/lib/python3.12/site-packages/airflow/example_dags/example_python_operator.py took 0.103 seconds
[2024-06-03T10:45:23.134+0000] {processor.py:161} INFO - Started process (PID=11787) to work on /home/airflow/.local/lib/python3.12/site-packages/airflow/example_dags/example_python_operator.py
[2024-06-03T10:45:23.135+0000] {processor.py:830} INFO - Processing file /home/airflow/.local/lib/python3.12/site-packages/airflow/example_dags/example_python_operator.py for tasks to queue
[2024-06-03T10:45:23.137+0000] {logging_mixin.py:188} INFO - [2024-06-03T10:45:23.136+0000] {dagbag.py:545} INFO - Filling up the DagBag from /home/airflow/.local/lib/python3.12/site-packages/airflow/example_dags/example_python_operator.py
[2024-06-03T10:45:23.149+0000] {processor.py:840} INFO - DAG(s) 'example_python_operator' retrieved from /home/airflow/.local/lib/python3.12/site-packages/airflow/example_dags/example_python_operator.py
[2024-06-03T10:45:23.185+0000] {logging_mixin.py:188} INFO - [2024-06-03T10:45:23.184+0000] {dag.py:3096} INFO - Sync 1 DAGs
[2024-06-03T10:45:23.206+0000] {logging_mixin.py:188} INFO - [2024-06-03T10:45:23.206+0000] {dag.py:3954} INFO - Setting next_dagrun for example_python_operator to None, run_after=None
[2024-06-03T10:45:23.231+0000] {processor.py:183} INFO - Processing /home/airflow/.local/lib/python3.12/site-packages/airflow/example_dags/example_python_operator.py took 0.104 seconds
[2024-06-03T10:45:53.799+0000] {processor.py:161} INFO - Started process (PID=12043) to work on /home/airflow/.local/lib/python3.12/site-packages/airflow/example_dags/example_python_operator.py
[2024-06-03T10:45:53.800+0000] {processor.py:830} INFO - Processing file /home/airflow/.local/lib/python3.12/site-packages/airflow/example_dags/example_python_operator.py for tasks to queue
[2024-06-03T10:45:53.801+0000] {logging_mixin.py:188} INFO - [2024-06-03T10:45:53.801+0000] {dagbag.py:545} INFO - Filling up the DagBag from /home/airflow/.local/lib/python3.12/site-packages/airflow/example_dags/example_python_operator.py
[2024-06-03T10:45:53.813+0000] {processor.py:840} INFO - DAG(s) 'example_python_operator' retrieved from /home/airflow/.local/lib/python3.12/site-packages/airflow/example_dags/example_python_operator.py
[2024-06-03T10:45:53.848+0000] {logging_mixin.py:188} INFO - [2024-06-03T10:45:53.847+0000] {dag.py:3096} INFO - Sync 1 DAGs
[2024-06-03T10:45:53.869+0000] {logging_mixin.py:188} INFO - [2024-06-03T10:45:53.869+0000] {dag.py:3954} INFO - Setting next_dagrun for example_python_operator to None, run_after=None
[2024-06-03T10:45:53.896+0000] {processor.py:183} INFO - Processing /home/airflow/.local/lib/python3.12/site-packages/airflow/example_dags/example_python_operator.py took 0.104 seconds
[2024-06-03T10:46:24.159+0000] {processor.py:161} INFO - Started process (PID=12299) to work on /home/airflow/.local/lib/python3.12/site-packages/airflow/example_dags/example_python_operator.py
[2024-06-03T10:46:24.160+0000] {processor.py:830} INFO - Processing file /home/airflow/.local/lib/python3.12/site-packages/airflow/example_dags/example_python_operator.py for tasks to queue
[2024-06-03T10:46:24.162+0000] {logging_mixin.py:188} INFO - [2024-06-03T10:46:24.162+0000] {dagbag.py:545} INFO - Filling up the DagBag from /home/airflow/.local/lib/python3.12/site-packages/airflow/example_dags/example_python_operator.py
[2024-06-03T10:46:24.174+0000] {processor.py:840} INFO - DAG(s) 'example_python_operator' retrieved from /home/airflow/.local/lib/python3.12/site-packages/airflow/example_dags/example_python_operator.py
[2024-06-03T10:46:24.210+0000] {logging_mixin.py:188} INFO - [2024-06-03T10:46:24.210+0000] {dag.py:3096} INFO - Sync 1 DAGs
[2024-06-03T10:46:24.231+0000] {logging_mixin.py:188} INFO - [2024-06-03T10:46:24.230+0000] {dag.py:3954} INFO - Setting next_dagrun for example_python_operator to None, run_after=None
[2024-06-03T10:46:24.257+0000] {processor.py:183} INFO - Processing /home/airflow/.local/lib/python3.12/site-packages/airflow/example_dags/example_python_operator.py took 0.104 seconds
[2024-06-03T10:46:54.735+0000] {processor.py:161} INFO - Started process (PID=12555) to work on /home/airflow/.local/lib/python3.12/site-packages/airflow/example_dags/example_python_operator.py
[2024-06-03T10:46:54.736+0000] {processor.py:830} INFO - Processing file /home/airflow/.local/lib/python3.12/site-packages/airflow/example_dags/example_python_operator.py for tasks to queue
[2024-06-03T10:46:54.737+0000] {logging_mixin.py:188} INFO - [2024-06-03T10:46:54.737+0000] {dagbag.py:545} INFO - Filling up the DagBag from /home/airflow/.local/lib/python3.12/site-packages/airflow/example_dags/example_python_operator.py
[2024-06-03T10:46:54.750+0000] {processor.py:840} INFO - DAG(s) 'example_python_operator' retrieved from /home/airflow/.local/lib/python3.12/site-packages/airflow/example_dags/example_python_operator.py
[2024-06-03T10:46:54.781+0000] {logging_mixin.py:188} INFO - [2024-06-03T10:46:54.780+0000] {dag.py:3096} INFO - Sync 1 DAGs
[2024-06-03T10:46:54.799+0000] {logging_mixin.py:188} INFO - [2024-06-03T10:46:54.798+0000] {dag.py:3954} INFO - Setting next_dagrun for example_python_operator to None, run_after=None
[2024-06-03T10:46:54.826+0000] {processor.py:183} INFO - Processing /home/airflow/.local/lib/python3.12/site-packages/airflow/example_dags/example_python_operator.py took 0.097 seconds
[2024-06-03T10:47:25.383+0000] {processor.py:161} INFO - Started process (PID=12811) to work on /home/airflow/.local/lib/python3.12/site-packages/airflow/example_dags/example_python_operator.py
[2024-06-03T10:47:25.385+0000] {processor.py:830} INFO - Processing file /home/airflow/.local/lib/python3.12/site-packages/airflow/example_dags/example_python_operator.py for tasks to queue
[2024-06-03T10:47:25.387+0000] {logging_mixin.py:188} INFO - [2024-06-03T10:47:25.387+0000] {dagbag.py:545} INFO - Filling up the DagBag from /home/airflow/.local/lib/python3.12/site-packages/airflow/example_dags/example_python_operator.py
[2024-06-03T10:47:25.403+0000] {processor.py:840} INFO - DAG(s) 'example_python_operator' retrieved from /home/airflow/.local/lib/python3.12/site-packages/airflow/example_dags/example_python_operator.py
[2024-06-03T10:47:25.435+0000] {logging_mixin.py:188} INFO - [2024-06-03T10:47:25.435+0000] {dag.py:3096} INFO - Sync 1 DAGs
[2024-06-03T10:47:25.456+0000] {logging_mixin.py:188} INFO - [2024-06-03T10:47:25.456+0000] {dag.py:3954} INFO - Setting next_dagrun for example_python_operator to None, run_after=None
[2024-06-03T10:47:25.483+0000] {processor.py:183} INFO - Processing /home/airflow/.local/lib/python3.12/site-packages/airflow/example_dags/example_python_operator.py took 0.109 seconds
[2024-06-03T10:47:56.128+0000] {processor.py:161} INFO - Started process (PID=13067) to work on /home/airflow/.local/lib/python3.12/site-packages/airflow/example_dags/example_python_operator.py
[2024-06-03T10:47:56.129+0000] {processor.py:830} INFO - Processing file /home/airflow/.local/lib/python3.12/site-packages/airflow/example_dags/example_python_operator.py for tasks to queue
[2024-06-03T10:47:56.131+0000] {logging_mixin.py:188} INFO - [2024-06-03T10:47:56.131+0000] {dagbag.py:545} INFO - Filling up the DagBag from /home/airflow/.local/lib/python3.12/site-packages/airflow/example_dags/example_python_operator.py
[2024-06-03T10:47:56.146+0000] {processor.py:840} INFO - DAG(s) 'example_python_operator' retrieved from /home/airflow/.local/lib/python3.12/site-packages/airflow/example_dags/example_python_operator.py
[2024-06-03T10:47:56.181+0000] {logging_mixin.py:188} INFO - [2024-06-03T10:47:56.181+0000] {dag.py:3096} INFO - Sync 1 DAGs
[2024-06-03T10:47:56.203+0000] {logging_mixin.py:188} INFO - [2024-06-03T10:47:56.203+0000] {dag.py:3954} INFO - Setting next_dagrun for example_python_operator to None, run_after=None
[2024-06-03T10:47:56.232+0000] {processor.py:183} INFO - Processing /home/airflow/.local/lib/python3.12/site-packages/airflow/example_dags/example_python_operator.py took 0.112 seconds
[2024-06-03T10:48:26.513+0000] {processor.py:161} INFO - Started process (PID=13323) to work on /home/airflow/.local/lib/python3.12/site-packages/airflow/example_dags/example_python_operator.py
[2024-06-03T10:48:26.514+0000] {processor.py:830} INFO - Processing file /home/airflow/.local/lib/python3.12/site-packages/airflow/example_dags/example_python_operator.py for tasks to queue
[2024-06-03T10:48:26.516+0000] {logging_mixin.py:188} INFO - [2024-06-03T10:48:26.516+0000] {dagbag.py:545} INFO - Filling up the DagBag from /home/airflow/.local/lib/python3.12/site-packages/airflow/example_dags/example_python_operator.py
[2024-06-03T10:48:26.529+0000] {processor.py:840} INFO - DAG(s) 'example_python_operator' retrieved from /home/airflow/.local/lib/python3.12/site-packages/airflow/example_dags/example_python_operator.py
[2024-06-03T10:48:26.559+0000] {logging_mixin.py:188} INFO - [2024-06-03T10:48:26.559+0000] {dag.py:3096} INFO - Sync 1 DAGs
[2024-06-03T10:48:26.577+0000] {logging_mixin.py:188} INFO - [2024-06-03T10:48:26.577+0000] {dag.py:3954} INFO - Setting next_dagrun for example_python_operator to None, run_after=None
[2024-06-03T10:48:26.604+0000] {processor.py:183} INFO - Processing /home/airflow/.local/lib/python3.12/site-packages/airflow/example_dags/example_python_operator.py took 0.097 seconds
[2024-06-03T10:48:56.819+0000] {processor.py:161} INFO - Started process (PID=13579) to work on /home/airflow/.local/lib/python3.12/site-packages/airflow/example_dags/example_python_operator.py
[2024-06-03T10:48:56.820+0000] {processor.py:830} INFO - Processing file /home/airflow/.local/lib/python3.12/site-packages/airflow/example_dags/example_python_operator.py for tasks to queue
[2024-06-03T10:48:56.821+0000] {logging_mixin.py:188} INFO - [2024-06-03T10:48:56.821+0000] {dagbag.py:545} INFO - Filling up the DagBag from /home/airflow/.local/lib/python3.12/site-packages/airflow/example_dags/example_python_operator.py
[2024-06-03T10:48:56.834+0000] {processor.py:840} INFO - DAG(s) 'example_python_operator' retrieved from /home/airflow/.local/lib/python3.12/site-packages/airflow/example_dags/example_python_operator.py
[2024-06-03T10:48:56.864+0000] {logging_mixin.py:188} INFO - [2024-06-03T10:48:56.864+0000] {dag.py:3096} INFO - Sync 1 DAGs
[2024-06-03T10:48:56.882+0000] {logging_mixin.py:188} INFO - [2024-06-03T10:48:56.882+0000] {dag.py:3954} INFO - Setting next_dagrun for example_python_operator to None, run_after=None
[2024-06-03T10:48:56.908+0000] {processor.py:183} INFO - Processing /home/airflow/.local/lib/python3.12/site-packages/airflow/example_dags/example_python_operator.py took 0.095 seconds
[2024-06-03T10:49:27.127+0000] {processor.py:161} INFO - Started process (PID=13835) to work on /home/airflow/.local/lib/python3.12/site-packages/airflow/example_dags/example_python_operator.py
[2024-06-03T10:49:27.128+0000] {processor.py:830} INFO - Processing file /home/airflow/.local/lib/python3.12/site-packages/airflow/example_dags/example_python_operator.py for tasks to queue
[2024-06-03T10:49:27.130+0000] {logging_mixin.py:188} INFO - [2024-06-03T10:49:27.130+0000] {dagbag.py:545} INFO - Filling up the DagBag from /home/airflow/.local/lib/python3.12/site-packages/airflow/example_dags/example_python_operator.py
[2024-06-03T10:49:27.142+0000] {processor.py:840} INFO - DAG(s) 'example_python_operator' retrieved from /home/airflow/.local/lib/python3.12/site-packages/airflow/example_dags/example_python_operator.py
[2024-06-03T10:49:27.179+0000] {logging_mixin.py:188} INFO - [2024-06-03T10:49:27.179+0000] {dag.py:3096} INFO - Sync 1 DAGs
[2024-06-03T10:49:27.201+0000] {logging_mixin.py:188} INFO - [2024-06-03T10:49:27.201+0000] {dag.py:3954} INFO - Setting next_dagrun for example_python_operator to None, run_after=None
[2024-06-03T10:49:27.226+0000] {processor.py:183} INFO - Processing /home/airflow/.local/lib/python3.12/site-packages/airflow/example_dags/example_python_operator.py took 0.105 seconds
[2024-06-03T10:49:57.725+0000] {processor.py:161} INFO - Started process (PID=14091) to work on /home/airflow/.local/lib/python3.12/site-packages/airflow/example_dags/example_python_operator.py
[2024-06-03T10:49:57.726+0000] {processor.py:830} INFO - Processing file /home/airflow/.local/lib/python3.12/site-packages/airflow/example_dags/example_python_operator.py for tasks to queue
[2024-06-03T10:49:57.728+0000] {logging_mixin.py:188} INFO - [2024-06-03T10:49:57.727+0000] {dagbag.py:545} INFO - Filling up the DagBag from /home/airflow/.local/lib/python3.12/site-packages/airflow/example_dags/example_python_operator.py
[2024-06-03T10:49:57.740+0000] {processor.py:840} INFO - DAG(s) 'example_python_operator' retrieved from /home/airflow/.local/lib/python3.12/site-packages/airflow/example_dags/example_python_operator.py
[2024-06-03T10:49:57.770+0000] {logging_mixin.py:188} INFO - [2024-06-03T10:49:57.770+0000] {dag.py:3096} INFO - Sync 1 DAGs
[2024-06-03T10:49:57.788+0000] {logging_mixin.py:188} INFO - [2024-06-03T10:49:57.788+0000] {dag.py:3954} INFO - Setting next_dagrun for example_python_operator to None, run_after=None
[2024-06-03T10:49:57.813+0000] {processor.py:183} INFO - Processing /home/airflow/.local/lib/python3.12/site-packages/airflow/example_dags/example_python_operator.py took 0.094 seconds
[2024-06-03T10:50:28.092+0000] {processor.py:161} INFO - Started process (PID=14347) to work on /home/airflow/.local/lib/python3.12/site-packages/airflow/example_dags/example_python_operator.py
[2024-06-03T10:50:28.093+0000] {processor.py:830} INFO - Processing file /home/airflow/.local/lib/python3.12/site-packages/airflow/example_dags/example_python_operator.py for tasks to queue
[2024-06-03T10:50:28.095+0000] {logging_mixin.py:188} INFO - [2024-06-03T10:50:28.094+0000] {dagbag.py:545} INFO - Filling up the DagBag from /home/airflow/.local/lib/python3.12/site-packages/airflow/example_dags/example_python_operator.py
[2024-06-03T10:50:28.107+0000] {processor.py:840} INFO - DAG(s) 'example_python_operator' retrieved from /home/airflow/.local/lib/python3.12/site-packages/airflow/example_dags/example_python_operator.py
[2024-06-03T10:50:28.139+0000] {logging_mixin.py:188} INFO - [2024-06-03T10:50:28.139+0000] {dag.py:3096} INFO - Sync 1 DAGs
[2024-06-03T10:50:28.160+0000] {logging_mixin.py:188} INFO - [2024-06-03T10:50:28.160+0000] {dag.py:3954} INFO - Setting next_dagrun for example_python_operator to None, run_after=None
[2024-06-03T10:50:28.185+0000] {processor.py:183} INFO - Processing /home/airflow/.local/lib/python3.12/site-packages/airflow/example_dags/example_python_operator.py took 0.100 seconds
[2024-06-03T10:50:58.816+0000] {processor.py:161} INFO - Started process (PID=14603) to work on /home/airflow/.local/lib/python3.12/site-packages/airflow/example_dags/example_python_operator.py
[2024-06-03T10:50:58.817+0000] {processor.py:830} INFO - Processing file /home/airflow/.local/lib/python3.12/site-packages/airflow/example_dags/example_python_operator.py for tasks to queue
[2024-06-03T10:50:58.819+0000] {logging_mixin.py:188} INFO - [2024-06-03T10:50:58.818+0000] {dagbag.py:545} INFO - Filling up the DagBag from /home/airflow/.local/lib/python3.12/site-packages/airflow/example_dags/example_python_operator.py
[2024-06-03T10:50:58.831+0000] {processor.py:840} INFO - DAG(s) 'example_python_operator' retrieved from /home/airflow/.local/lib/python3.12/site-packages/airflow/example_dags/example_python_operator.py
[2024-06-03T10:50:58.861+0000] {logging_mixin.py:188} INFO - [2024-06-03T10:50:58.861+0000] {dag.py:3096} INFO - Sync 1 DAGs
[2024-06-03T10:50:58.879+0000] {logging_mixin.py:188} INFO - [2024-06-03T10:50:58.879+0000] {dag.py:3954} INFO - Setting next_dagrun for example_python_operator to None, run_after=None
[2024-06-03T10:50:58.908+0000] {processor.py:183} INFO - Processing /home/airflow/.local/lib/python3.12/site-packages/airflow/example_dags/example_python_operator.py took 0.098 seconds
[2024-06-03T10:51:29.577+0000] {processor.py:161} INFO - Started process (PID=14859) to work on /home/airflow/.local/lib/python3.12/site-packages/airflow/example_dags/example_python_operator.py
[2024-06-03T10:51:29.579+0000] {processor.py:830} INFO - Processing file /home/airflow/.local/lib/python3.12/site-packages/airflow/example_dags/example_python_operator.py for tasks to queue
[2024-06-03T10:51:29.580+0000] {logging_mixin.py:188} INFO - [2024-06-03T10:51:29.580+0000] {dagbag.py:545} INFO - Filling up the DagBag from /home/airflow/.local/lib/python3.12/site-packages/airflow/example_dags/example_python_operator.py
[2024-06-03T10:51:29.593+0000] {processor.py:840} INFO - DAG(s) 'example_python_operator' retrieved from /home/airflow/.local/lib/python3.12/site-packages/airflow/example_dags/example_python_operator.py
[2024-06-03T10:51:29.622+0000] {logging_mixin.py:188} INFO - [2024-06-03T10:51:29.622+0000] {dag.py:3096} INFO - Sync 1 DAGs
[2024-06-03T10:51:29.640+0000] {logging_mixin.py:188} INFO - [2024-06-03T10:51:29.640+0000] {dag.py:3954} INFO - Setting next_dagrun for example_python_operator to None, run_after=None
[2024-06-03T10:51:29.666+0000] {processor.py:183} INFO - Processing /home/airflow/.local/lib/python3.12/site-packages/airflow/example_dags/example_python_operator.py took 0.096 seconds
[2024-06-03T10:52:00.200+0000] {processor.py:161} INFO - Started process (PID=15115) to work on /home/airflow/.local/lib/python3.12/site-packages/airflow/example_dags/example_python_operator.py
[2024-06-03T10:52:00.200+0000] {processor.py:830} INFO - Processing file /home/airflow/.local/lib/python3.12/site-packages/airflow/example_dags/example_python_operator.py for tasks to queue
[2024-06-03T10:52:00.202+0000] {logging_mixin.py:188} INFO - [2024-06-03T10:52:00.202+0000] {dagbag.py:545} INFO - Filling up the DagBag from /home/airflow/.local/lib/python3.12/site-packages/airflow/example_dags/example_python_operator.py
[2024-06-03T10:52:00.214+0000] {processor.py:840} INFO - DAG(s) 'example_python_operator' retrieved from /home/airflow/.local/lib/python3.12/site-packages/airflow/example_dags/example_python_operator.py
[2024-06-03T10:52:00.245+0000] {logging_mixin.py:188} INFO - [2024-06-03T10:52:00.245+0000] {dag.py:3096} INFO - Sync 1 DAGs
[2024-06-03T10:52:00.264+0000] {logging_mixin.py:188} INFO - [2024-06-03T10:52:00.263+0000] {dag.py:3954} INFO - Setting next_dagrun for example_python_operator to None, run_after=None
[2024-06-03T10:52:00.292+0000] {processor.py:183} INFO - Processing /home/airflow/.local/lib/python3.12/site-packages/airflow/example_dags/example_python_operator.py took 0.099 seconds
[2024-06-03T10:52:30.969+0000] {processor.py:161} INFO - Started process (PID=15371) to work on /home/airflow/.local/lib/python3.12/site-packages/airflow/example_dags/example_python_operator.py
[2024-06-03T10:52:30.970+0000] {processor.py:830} INFO - Processing file /home/airflow/.local/lib/python3.12/site-packages/airflow/example_dags/example_python_operator.py for tasks to queue
[2024-06-03T10:52:30.972+0000] {logging_mixin.py:188} INFO - [2024-06-03T10:52:30.972+0000] {dagbag.py:545} INFO - Filling up the DagBag from /home/airflow/.local/lib/python3.12/site-packages/airflow/example_dags/example_python_operator.py
[2024-06-03T10:52:30.984+0000] {processor.py:840} INFO - DAG(s) 'example_python_operator' retrieved from /home/airflow/.local/lib/python3.12/site-packages/airflow/example_dags/example_python_operator.py
[2024-06-03T10:52:31.014+0000] {logging_mixin.py:188} INFO - [2024-06-03T10:52:31.013+0000] {dag.py:3096} INFO - Sync 1 DAGs
[2024-06-03T10:52:31.032+0000] {logging_mixin.py:188} INFO - [2024-06-03T10:52:31.031+0000] {dag.py:3954} INFO - Setting next_dagrun for example_python_operator to None, run_after=None
[2024-06-03T10:52:31.059+0000] {processor.py:183} INFO - Processing /home/airflow/.local/lib/python3.12/site-packages/airflow/example_dags/example_python_operator.py took 0.097 seconds
[2024-06-03T10:53:01.342+0000] {processor.py:161} INFO - Started process (PID=15627) to work on /home/airflow/.local/lib/python3.12/site-packages/airflow/example_dags/example_python_operator.py
[2024-06-03T10:53:01.342+0000] {processor.py:830} INFO - Processing file /home/airflow/.local/lib/python3.12/site-packages/airflow/example_dags/example_python_operator.py for tasks to queue
[2024-06-03T10:53:01.344+0000] {logging_mixin.py:188} INFO - [2024-06-03T10:53:01.344+0000] {dagbag.py:545} INFO - Filling up the DagBag from /home/airflow/.local/lib/python3.12/site-packages/airflow/example_dags/example_python_operator.py
[2024-06-03T10:53:01.357+0000] {processor.py:840} INFO - DAG(s) 'example_python_operator' retrieved from /home/airflow/.local/lib/python3.12/site-packages/airflow/example_dags/example_python_operator.py
[2024-06-03T10:53:01.387+0000] {logging_mixin.py:188} INFO - [2024-06-03T10:53:01.387+0000] {dag.py:3096} INFO - Sync 1 DAGs
[2024-06-03T10:53:01.406+0000] {logging_mixin.py:188} INFO - [2024-06-03T10:53:01.406+0000] {dag.py:3954} INFO - Setting next_dagrun for example_python_operator to None, run_after=None
[2024-06-03T10:53:01.432+0000] {processor.py:183} INFO - Processing /home/airflow/.local/lib/python3.12/site-packages/airflow/example_dags/example_python_operator.py took 0.097 seconds
[2024-06-03T10:53:31.709+0000] {processor.py:161} INFO - Started process (PID=15883) to work on /home/airflow/.local/lib/python3.12/site-packages/airflow/example_dags/example_python_operator.py
[2024-06-03T10:53:31.710+0000] {processor.py:830} INFO - Processing file /home/airflow/.local/lib/python3.12/site-packages/airflow/example_dags/example_python_operator.py for tasks to queue
[2024-06-03T10:53:31.712+0000] {logging_mixin.py:188} INFO - [2024-06-03T10:53:31.712+0000] {dagbag.py:545} INFO - Filling up the DagBag from /home/airflow/.local/lib/python3.12/site-packages/airflow/example_dags/example_python_operator.py
[2024-06-03T10:53:31.724+0000] {processor.py:840} INFO - DAG(s) 'example_python_operator' retrieved from /home/airflow/.local/lib/python3.12/site-packages/airflow/example_dags/example_python_operator.py
[2024-06-03T10:53:31.760+0000] {logging_mixin.py:188} INFO - [2024-06-03T10:53:31.759+0000] {dag.py:3096} INFO - Sync 1 DAGs
[2024-06-03T10:53:31.782+0000] {logging_mixin.py:188} INFO - [2024-06-03T10:53:31.781+0000] {dag.py:3954} INFO - Setting next_dagrun for example_python_operator to None, run_after=None
[2024-06-03T10:53:31.808+0000] {processor.py:183} INFO - Processing /home/airflow/.local/lib/python3.12/site-packages/airflow/example_dags/example_python_operator.py took 0.106 seconds
