[2024-06-03T09:55:32.118+0000] {processor.py:161} INFO - Started process (PID=211) to work on /home/airflow/.local/lib/python3.12/site-packages/airflow/example_dags/example_display_name.py
[2024-06-03T09:55:32.119+0000] {processor.py:830} INFO - Processing file /home/airflow/.local/lib/python3.12/site-packages/airflow/example_dags/example_display_name.py for tasks to queue
[2024-06-03T09:55:32.127+0000] {logging_mixin.py:188} INFO - [2024-06-03T09:55:32.121+0000] {dagbag.py:545} INFO - Filling up the DagBag from /home/airflow/.local/lib/python3.12/site-packages/airflow/example_dags/example_display_name.py
[2024-06-03T09:55:32.144+0000] {processor.py:840} INFO - DAG(s) 'example_display_name' retrieved from /home/airflow/.local/lib/python3.12/site-packages/airflow/example_dags/example_display_name.py
[2024-06-03T09:55:32.606+0000] {logging_mixin.py:188} INFO - [2024-06-03T09:55:32.606+0000] {dag.py:3096} INFO - Sync 1 DAGs
[2024-06-03T09:55:32.621+0000] {logging_mixin.py:188} INFO - [2024-06-03T09:55:32.620+0000] {dag.py:3954} INFO - Setting next_dagrun for example_display_name to None, run_after=None
[2024-06-03T09:55:32.663+0000] {processor.py:183} INFO - Processing /home/airflow/.local/lib/python3.12/site-packages/airflow/example_dags/example_display_name.py took 0.567 seconds
[2024-06-03T09:56:57.469+0000] {processor.py:161} INFO - Started process (PID=467) to work on /home/airflow/.local/lib/python3.12/site-packages/airflow/example_dags/example_display_name.py
[2024-06-03T09:56:57.570+0000] {processor.py:830} INFO - Processing file /home/airflow/.local/lib/python3.12/site-packages/airflow/example_dags/example_display_name.py for tasks to queue
[2024-06-03T09:56:57.573+0000] {logging_mixin.py:188} INFO - [2024-06-03T09:56:57.573+0000] {dagbag.py:545} INFO - Filling up the DagBag from /home/airflow/.local/lib/python3.12/site-packages/airflow/example_dags/example_display_name.py
[2024-06-03T09:56:57.754+0000] {processor.py:840} INFO - DAG(s) 'example_display_name' retrieved from /home/airflow/.local/lib/python3.12/site-packages/airflow/example_dags/example_display_name.py
[2024-06-03T09:56:58.756+0000] {logging_mixin.py:188} INFO - [2024-06-03T09:56:58.756+0000] {dag.py:3096} INFO - Sync 1 DAGs
[2024-06-03T09:56:59.257+0000] {logging_mixin.py:188} INFO - [2024-06-03T09:56:59.257+0000] {dag.py:3954} INFO - Setting next_dagrun for example_display_name to None, run_after=None
[2024-06-03T09:57:00.100+0000] {processor.py:183} INFO - Processing /home/airflow/.local/lib/python3.12/site-packages/airflow/example_dags/example_display_name.py took 3.041 seconds
[2024-06-03T09:59:26.336+0000] {processor.py:161} INFO - Started process (PID=768) to work on /home/airflow/.local/lib/python3.12/site-packages/airflow/example_dags/example_display_name.py
[2024-06-03T09:59:26.355+0000] {processor.py:830} INFO - Processing file /home/airflow/.local/lib/python3.12/site-packages/airflow/example_dags/example_display_name.py for tasks to queue
[2024-06-03T09:59:26.358+0000] {logging_mixin.py:188} INFO - [2024-06-03T09:59:26.357+0000] {dagbag.py:545} INFO - Filling up the DagBag from /home/airflow/.local/lib/python3.12/site-packages/airflow/example_dags/example_display_name.py
[2024-06-03T09:59:26.698+0000] {processor.py:840} INFO - DAG(s) 'example_display_name' retrieved from /home/airflow/.local/lib/python3.12/site-packages/airflow/example_dags/example_display_name.py
[2024-06-03T09:59:27.345+0000] {logging_mixin.py:188} INFO - [2024-06-03T09:59:27.344+0000] {dag.py:3096} INFO - Sync 1 DAGs
[2024-06-03T09:59:27.590+0000] {logging_mixin.py:188} INFO - [2024-06-03T09:59:27.590+0000] {dag.py:3954} INFO - Setting next_dagrun for example_display_name to None, run_after=None
[2024-06-03T09:59:28.035+0000] {processor.py:183} INFO - Processing /home/airflow/.local/lib/python3.12/site-packages/airflow/example_dags/example_display_name.py took 1.819 seconds
[2024-06-03T10:00:17.197+0000] {processor.py:161} INFO - Started process (PID=923) to work on /home/airflow/.local/lib/python3.12/site-packages/airflow/example_dags/example_display_name.py
[2024-06-03T10:00:17.203+0000] {processor.py:830} INFO - Processing file /home/airflow/.local/lib/python3.12/site-packages/airflow/example_dags/example_display_name.py for tasks to queue
[2024-06-03T10:00:17.210+0000] {logging_mixin.py:188} INFO - [2024-06-03T10:00:17.210+0000] {dagbag.py:545} INFO - Filling up the DagBag from /home/airflow/.local/lib/python3.12/site-packages/airflow/example_dags/example_display_name.py
[2024-06-03T10:00:17.243+0000] {processor.py:840} INFO - DAG(s) 'example_display_name' retrieved from /home/airflow/.local/lib/python3.12/site-packages/airflow/example_dags/example_display_name.py
[2024-06-03T10:00:17.367+0000] {logging_mixin.py:188} INFO - [2024-06-03T10:00:17.366+0000] {dag.py:3096} INFO - Sync 1 DAGs
[2024-06-03T10:00:17.437+0000] {logging_mixin.py:188} INFO - [2024-06-03T10:00:17.437+0000] {dag.py:3954} INFO - Setting next_dagrun for example_display_name to None, run_after=None
[2024-06-03T10:00:17.554+0000] {processor.py:183} INFO - Processing /home/airflow/.local/lib/python3.12/site-packages/airflow/example_dags/example_display_name.py took 0.387 seconds
[2024-06-03T10:00:48.670+0000] {processor.py:161} INFO - Started process (PID=1179) to work on /home/airflow/.local/lib/python3.12/site-packages/airflow/example_dags/example_display_name.py
[2024-06-03T10:00:48.671+0000] {processor.py:830} INFO - Processing file /home/airflow/.local/lib/python3.12/site-packages/airflow/example_dags/example_display_name.py for tasks to queue
[2024-06-03T10:00:48.673+0000] {logging_mixin.py:188} INFO - [2024-06-03T10:00:48.673+0000] {dagbag.py:545} INFO - Filling up the DagBag from /home/airflow/.local/lib/python3.12/site-packages/airflow/example_dags/example_display_name.py
[2024-06-03T10:00:48.694+0000] {processor.py:840} INFO - DAG(s) 'example_display_name' retrieved from /home/airflow/.local/lib/python3.12/site-packages/airflow/example_dags/example_display_name.py
[2024-06-03T10:00:48.882+0000] {logging_mixin.py:188} INFO - [2024-06-03T10:00:48.882+0000] {dag.py:3096} INFO - Sync 1 DAGs
[2024-06-03T10:00:48.969+0000] {logging_mixin.py:188} INFO - [2024-06-03T10:00:48.969+0000] {dag.py:3954} INFO - Setting next_dagrun for example_display_name to None, run_after=None
[2024-06-03T10:00:49.065+0000] {processor.py:183} INFO - Processing /home/airflow/.local/lib/python3.12/site-packages/airflow/example_dags/example_display_name.py took 0.460 seconds
[2024-06-03T10:01:57.495+0000] {processor.py:161} INFO - Started process (PID=1389) to work on /home/airflow/.local/lib/python3.12/site-packages/airflow/example_dags/example_display_name.py
[2024-06-03T10:01:57.534+0000] {processor.py:830} INFO - Processing file /home/airflow/.local/lib/python3.12/site-packages/airflow/example_dags/example_display_name.py for tasks to queue
[2024-06-03T10:01:57.575+0000] {logging_mixin.py:188} INFO - [2024-06-03T10:01:57.555+0000] {dagbag.py:545} INFO - Filling up the DagBag from /home/airflow/.local/lib/python3.12/site-packages/airflow/example_dags/example_display_name.py
[2024-06-03T10:01:57.696+0000] {processor.py:840} INFO - DAG(s) 'example_display_name' retrieved from /home/airflow/.local/lib/python3.12/site-packages/airflow/example_dags/example_display_name.py
[2024-06-03T10:01:57.975+0000] {logging_mixin.py:188} INFO - [2024-06-03T10:01:57.975+0000] {dag.py:3096} INFO - Sync 1 DAGs
[2024-06-03T10:01:58.260+0000] {logging_mixin.py:188} INFO - [2024-06-03T10:01:58.260+0000] {dag.py:3954} INFO - Setting next_dagrun for example_display_name to None, run_after=None
[2024-06-03T10:01:58.683+0000] {processor.py:183} INFO - Processing /home/airflow/.local/lib/python3.12/site-packages/airflow/example_dags/example_display_name.py took 1.452 seconds
[2024-06-03T10:03:15.675+0000] {processor.py:161} INFO - Started process (PID=1557) to work on /home/airflow/.local/lib/python3.12/site-packages/airflow/example_dags/example_display_name.py
[2024-06-03T10:03:15.713+0000] {processor.py:830} INFO - Processing file /home/airflow/.local/lib/python3.12/site-packages/airflow/example_dags/example_display_name.py for tasks to queue
[2024-06-03T10:03:15.716+0000] {logging_mixin.py:188} INFO - [2024-06-03T10:03:15.715+0000] {dagbag.py:545} INFO - Filling up the DagBag from /home/airflow/.local/lib/python3.12/site-packages/airflow/example_dags/example_display_name.py
[2024-06-03T10:03:15.996+0000] {processor.py:840} INFO - DAG(s) 'example_display_name' retrieved from /home/airflow/.local/lib/python3.12/site-packages/airflow/example_dags/example_display_name.py
[2024-06-03T10:03:18.997+0000] {logging_mixin.py:188} INFO - [2024-06-03T10:03:18.997+0000] {dag.py:3096} INFO - Sync 1 DAGs
[2024-06-03T10:03:20.045+0000] {logging_mixin.py:188} INFO - [2024-06-03T10:03:20.044+0000] {dag.py:3954} INFO - Setting next_dagrun for example_display_name to None, run_after=None
[2024-06-03T10:03:21.578+0000] {processor.py:183} INFO - Processing /home/airflow/.local/lib/python3.12/site-packages/airflow/example_dags/example_display_name.py took 6.012 seconds
[2024-06-03T10:04:42.441+0000] {processor.py:161} INFO - Started process (PID=1715) to work on /home/airflow/.local/lib/python3.12/site-packages/airflow/example_dags/example_display_name.py
[2024-06-03T10:04:42.459+0000] {processor.py:830} INFO - Processing file /home/airflow/.local/lib/python3.12/site-packages/airflow/example_dags/example_display_name.py for tasks to queue
[2024-06-03T10:04:42.462+0000] {logging_mixin.py:188} INFO - [2024-06-03T10:04:42.461+0000] {dagbag.py:545} INFO - Filling up the DagBag from /home/airflow/.local/lib/python3.12/site-packages/airflow/example_dags/example_display_name.py
[2024-06-03T10:04:42.562+0000] {processor.py:840} INFO - DAG(s) 'example_display_name' retrieved from /home/airflow/.local/lib/python3.12/site-packages/airflow/example_dags/example_display_name.py
[2024-06-03T10:04:43.885+0000] {logging_mixin.py:188} INFO - [2024-06-03T10:04:43.885+0000] {dag.py:3096} INFO - Sync 1 DAGs
[2024-06-03T10:04:44.045+0000] {logging_mixin.py:188} INFO - [2024-06-03T10:04:44.009+0000] {dag.py:3954} INFO - Setting next_dagrun for example_display_name to None, run_after=None
[2024-06-03T10:04:44.728+0000] {processor.py:183} INFO - Processing /home/airflow/.local/lib/python3.12/site-packages/airflow/example_dags/example_display_name.py took 2.430 seconds
[2024-06-03T10:05:24.877+0000] {processor.py:161} INFO - Started process (PID=1896) to work on /home/airflow/.local/lib/python3.12/site-packages/airflow/example_dags/example_display_name.py
[2024-06-03T10:05:24.891+0000] {processor.py:830} INFO - Processing file /home/airflow/.local/lib/python3.12/site-packages/airflow/example_dags/example_display_name.py for tasks to queue
[2024-06-03T10:05:24.903+0000] {logging_mixin.py:188} INFO - [2024-06-03T10:05:24.902+0000] {dagbag.py:545} INFO - Filling up the DagBag from /home/airflow/.local/lib/python3.12/site-packages/airflow/example_dags/example_display_name.py
[2024-06-03T10:05:24.939+0000] {processor.py:840} INFO - DAG(s) 'example_display_name' retrieved from /home/airflow/.local/lib/python3.12/site-packages/airflow/example_dags/example_display_name.py
[2024-06-03T10:05:25.139+0000] {logging_mixin.py:188} INFO - [2024-06-03T10:05:25.138+0000] {dag.py:3096} INFO - Sync 1 DAGs
[2024-06-03T10:05:25.187+0000] {logging_mixin.py:188} INFO - [2024-06-03T10:05:25.187+0000] {dag.py:3954} INFO - Setting next_dagrun for example_display_name to None, run_after=None
[2024-06-03T10:05:25.440+0000] {processor.py:183} INFO - Processing /home/airflow/.local/lib/python3.12/site-packages/airflow/example_dags/example_display_name.py took 0.627 seconds
[2024-06-03T10:06:07.204+0000] {processor.py:161} INFO - Started process (PID=2152) to work on /home/airflow/.local/lib/python3.12/site-packages/airflow/example_dags/example_display_name.py
[2024-06-03T10:06:07.205+0000] {processor.py:830} INFO - Processing file /home/airflow/.local/lib/python3.12/site-packages/airflow/example_dags/example_display_name.py for tasks to queue
[2024-06-03T10:06:07.264+0000] {logging_mixin.py:188} INFO - [2024-06-03T10:06:07.264+0000] {dagbag.py:545} INFO - Filling up the DagBag from /home/airflow/.local/lib/python3.12/site-packages/airflow/example_dags/example_display_name.py
[2024-06-03T10:06:07.363+0000] {processor.py:840} INFO - DAG(s) 'example_display_name' retrieved from /home/airflow/.local/lib/python3.12/site-packages/airflow/example_dags/example_display_name.py
[2024-06-03T10:06:07.726+0000] {logging_mixin.py:188} INFO - [2024-06-03T10:06:07.726+0000] {dag.py:3096} INFO - Sync 1 DAGs
[2024-06-03T10:06:07.927+0000] {logging_mixin.py:188} INFO - [2024-06-03T10:06:07.926+0000] {dag.py:3954} INFO - Setting next_dagrun for example_display_name to None, run_after=None
[2024-06-03T10:06:08.209+0000] {processor.py:183} INFO - Processing /home/airflow/.local/lib/python3.12/site-packages/airflow/example_dags/example_display_name.py took 1.150 seconds
[2024-06-03T10:22:28.348+0000] {processor.py:161} INFO - Started process (PID=213) to work on /home/airflow/.local/lib/python3.12/site-packages/airflow/example_dags/example_display_name.py
[2024-06-03T10:22:28.349+0000] {processor.py:830} INFO - Processing file /home/airflow/.local/lib/python3.12/site-packages/airflow/example_dags/example_display_name.py for tasks to queue
[2024-06-03T10:22:28.351+0000] {logging_mixin.py:188} INFO - [2024-06-03T10:22:28.350+0000] {dagbag.py:545} INFO - Filling up the DagBag from /home/airflow/.local/lib/python3.12/site-packages/airflow/example_dags/example_display_name.py
[2024-06-03T10:22:28.360+0000] {processor.py:840} INFO - DAG(s) 'example_display_name' retrieved from /home/airflow/.local/lib/python3.12/site-packages/airflow/example_dags/example_display_name.py
[2024-06-03T10:22:28.548+0000] {logging_mixin.py:188} INFO - [2024-06-03T10:22:28.548+0000] {dag.py:3096} INFO - Sync 1 DAGs
[2024-06-03T10:22:28.571+0000] {logging_mixin.py:188} INFO - [2024-06-03T10:22:28.571+0000] {dag.py:3954} INFO - Setting next_dagrun for example_display_name to None, run_after=None
[2024-06-03T10:22:28.602+0000] {processor.py:183} INFO - Processing /home/airflow/.local/lib/python3.12/site-packages/airflow/example_dags/example_display_name.py took 0.261 seconds
[2024-06-03T10:22:59.202+0000] {processor.py:161} INFO - Started process (PID=469) to work on /home/airflow/.local/lib/python3.12/site-packages/airflow/example_dags/example_display_name.py
[2024-06-03T10:22:59.203+0000] {processor.py:830} INFO - Processing file /home/airflow/.local/lib/python3.12/site-packages/airflow/example_dags/example_display_name.py for tasks to queue
[2024-06-03T10:22:59.204+0000] {logging_mixin.py:188} INFO - [2024-06-03T10:22:59.204+0000] {dagbag.py:545} INFO - Filling up the DagBag from /home/airflow/.local/lib/python3.12/site-packages/airflow/example_dags/example_display_name.py
[2024-06-03T10:22:59.210+0000] {processor.py:840} INFO - DAG(s) 'example_display_name' retrieved from /home/airflow/.local/lib/python3.12/site-packages/airflow/example_dags/example_display_name.py
[2024-06-03T10:22:59.237+0000] {logging_mixin.py:188} INFO - [2024-06-03T10:22:59.237+0000] {dag.py:3096} INFO - Sync 1 DAGs
[2024-06-03T10:22:59.260+0000] {logging_mixin.py:188} INFO - [2024-06-03T10:22:59.259+0000] {dag.py:3954} INFO - Setting next_dagrun for example_display_name to None, run_after=None
[2024-06-03T10:22:59.287+0000] {processor.py:183} INFO - Processing /home/airflow/.local/lib/python3.12/site-packages/airflow/example_dags/example_display_name.py took 0.091 seconds
[2024-06-03T10:23:29.750+0000] {processor.py:161} INFO - Started process (PID=725) to work on /home/airflow/.local/lib/python3.12/site-packages/airflow/example_dags/example_display_name.py
[2024-06-03T10:23:29.751+0000] {processor.py:830} INFO - Processing file /home/airflow/.local/lib/python3.12/site-packages/airflow/example_dags/example_display_name.py for tasks to queue
[2024-06-03T10:23:29.752+0000] {logging_mixin.py:188} INFO - [2024-06-03T10:23:29.752+0000] {dagbag.py:545} INFO - Filling up the DagBag from /home/airflow/.local/lib/python3.12/site-packages/airflow/example_dags/example_display_name.py
[2024-06-03T10:23:29.758+0000] {processor.py:840} INFO - DAG(s) 'example_display_name' retrieved from /home/airflow/.local/lib/python3.12/site-packages/airflow/example_dags/example_display_name.py
[2024-06-03T10:23:29.782+0000] {logging_mixin.py:188} INFO - [2024-06-03T10:23:29.781+0000] {dag.py:3096} INFO - Sync 1 DAGs
[2024-06-03T10:23:29.799+0000] {logging_mixin.py:188} INFO - [2024-06-03T10:23:29.799+0000] {dag.py:3954} INFO - Setting next_dagrun for example_display_name to None, run_after=None
[2024-06-03T10:23:29.824+0000] {processor.py:183} INFO - Processing /home/airflow/.local/lib/python3.12/site-packages/airflow/example_dags/example_display_name.py took 0.081 seconds
[2024-06-03T10:23:59.901+0000] {processor.py:161} INFO - Started process (PID=976) to work on /home/airflow/.local/lib/python3.12/site-packages/airflow/example_dags/example_display_name.py
[2024-06-03T10:23:59.901+0000] {processor.py:830} INFO - Processing file /home/airflow/.local/lib/python3.12/site-packages/airflow/example_dags/example_display_name.py for tasks to queue
[2024-06-03T10:23:59.903+0000] {logging_mixin.py:188} INFO - [2024-06-03T10:23:59.903+0000] {dagbag.py:545} INFO - Filling up the DagBag from /home/airflow/.local/lib/python3.12/site-packages/airflow/example_dags/example_display_name.py
[2024-06-03T10:23:59.910+0000] {processor.py:840} INFO - DAG(s) 'example_display_name' retrieved from /home/airflow/.local/lib/python3.12/site-packages/airflow/example_dags/example_display_name.py
[2024-06-03T10:23:59.937+0000] {logging_mixin.py:188} INFO - [2024-06-03T10:23:59.937+0000] {dag.py:3096} INFO - Sync 1 DAGs
[2024-06-03T10:23:59.955+0000] {logging_mixin.py:188} INFO - [2024-06-03T10:23:59.955+0000] {dag.py:3954} INFO - Setting next_dagrun for example_display_name to None, run_after=None
[2024-06-03T10:23:59.981+0000] {processor.py:183} INFO - Processing /home/airflow/.local/lib/python3.12/site-packages/airflow/example_dags/example_display_name.py took 0.088 seconds
[2024-06-03T10:24:30.447+0000] {processor.py:161} INFO - Started process (PID=1232) to work on /home/airflow/.local/lib/python3.12/site-packages/airflow/example_dags/example_display_name.py
[2024-06-03T10:24:30.448+0000] {processor.py:830} INFO - Processing file /home/airflow/.local/lib/python3.12/site-packages/airflow/example_dags/example_display_name.py for tasks to queue
[2024-06-03T10:24:30.450+0000] {logging_mixin.py:188} INFO - [2024-06-03T10:24:30.450+0000] {dagbag.py:545} INFO - Filling up the DagBag from /home/airflow/.local/lib/python3.12/site-packages/airflow/example_dags/example_display_name.py
[2024-06-03T10:24:30.457+0000] {processor.py:840} INFO - DAG(s) 'example_display_name' retrieved from /home/airflow/.local/lib/python3.12/site-packages/airflow/example_dags/example_display_name.py
[2024-06-03T10:24:30.481+0000] {logging_mixin.py:188} INFO - [2024-06-03T10:24:30.481+0000] {dag.py:3096} INFO - Sync 1 DAGs
[2024-06-03T10:24:30.500+0000] {logging_mixin.py:188} INFO - [2024-06-03T10:24:30.499+0000] {dag.py:3954} INFO - Setting next_dagrun for example_display_name to None, run_after=None
[2024-06-03T10:24:30.524+0000] {processor.py:183} INFO - Processing /home/airflow/.local/lib/python3.12/site-packages/airflow/example_dags/example_display_name.py took 0.085 seconds
[2024-06-03T10:25:01.342+0000] {processor.py:161} INFO - Started process (PID=1493) to work on /home/airflow/.local/lib/python3.12/site-packages/airflow/example_dags/example_display_name.py
[2024-06-03T10:25:01.343+0000] {processor.py:830} INFO - Processing file /home/airflow/.local/lib/python3.12/site-packages/airflow/example_dags/example_display_name.py for tasks to queue
[2024-06-03T10:25:01.345+0000] {logging_mixin.py:188} INFO - [2024-06-03T10:25:01.345+0000] {dagbag.py:545} INFO - Filling up the DagBag from /home/airflow/.local/lib/python3.12/site-packages/airflow/example_dags/example_display_name.py
[2024-06-03T10:25:01.351+0000] {processor.py:840} INFO - DAG(s) 'example_display_name' retrieved from /home/airflow/.local/lib/python3.12/site-packages/airflow/example_dags/example_display_name.py
[2024-06-03T10:25:01.379+0000] {logging_mixin.py:188} INFO - [2024-06-03T10:25:01.378+0000] {dag.py:3096} INFO - Sync 1 DAGs
[2024-06-03T10:25:01.401+0000] {logging_mixin.py:188} INFO - [2024-06-03T10:25:01.401+0000] {dag.py:3954} INFO - Setting next_dagrun for example_display_name to None, run_after=None
[2024-06-03T10:25:01.430+0000] {processor.py:183} INFO - Processing /home/airflow/.local/lib/python3.12/site-packages/airflow/example_dags/example_display_name.py took 0.094 seconds
[2024-06-03T10:25:31.473+0000] {processor.py:161} INFO - Started process (PID=1744) to work on /home/airflow/.local/lib/python3.12/site-packages/airflow/example_dags/example_display_name.py
[2024-06-03T10:25:31.474+0000] {processor.py:830} INFO - Processing file /home/airflow/.local/lib/python3.12/site-packages/airflow/example_dags/example_display_name.py for tasks to queue
[2024-06-03T10:25:31.476+0000] {logging_mixin.py:188} INFO - [2024-06-03T10:25:31.475+0000] {dagbag.py:545} INFO - Filling up the DagBag from /home/airflow/.local/lib/python3.12/site-packages/airflow/example_dags/example_display_name.py
[2024-06-03T10:25:31.481+0000] {processor.py:840} INFO - DAG(s) 'example_display_name' retrieved from /home/airflow/.local/lib/python3.12/site-packages/airflow/example_dags/example_display_name.py
[2024-06-03T10:25:31.506+0000] {logging_mixin.py:188} INFO - [2024-06-03T10:25:31.505+0000] {dag.py:3096} INFO - Sync 1 DAGs
[2024-06-03T10:25:31.524+0000] {logging_mixin.py:188} INFO - [2024-06-03T10:25:31.523+0000] {dag.py:3954} INFO - Setting next_dagrun for example_display_name to None, run_after=None
[2024-06-03T10:25:31.549+0000] {processor.py:183} INFO - Processing /home/airflow/.local/lib/python3.12/site-packages/airflow/example_dags/example_display_name.py took 0.083 seconds
[2024-06-03T10:26:01.747+0000] {processor.py:161} INFO - Started process (PID=2000) to work on /home/airflow/.local/lib/python3.12/site-packages/airflow/example_dags/example_display_name.py
[2024-06-03T10:26:01.748+0000] {processor.py:830} INFO - Processing file /home/airflow/.local/lib/python3.12/site-packages/airflow/example_dags/example_display_name.py for tasks to queue
[2024-06-03T10:26:01.750+0000] {logging_mixin.py:188} INFO - [2024-06-03T10:26:01.750+0000] {dagbag.py:545} INFO - Filling up the DagBag from /home/airflow/.local/lib/python3.12/site-packages/airflow/example_dags/example_display_name.py
[2024-06-03T10:26:01.756+0000] {processor.py:840} INFO - DAG(s) 'example_display_name' retrieved from /home/airflow/.local/lib/python3.12/site-packages/airflow/example_dags/example_display_name.py
[2024-06-03T10:26:01.782+0000] {logging_mixin.py:188} INFO - [2024-06-03T10:26:01.782+0000] {dag.py:3096} INFO - Sync 1 DAGs
[2024-06-03T10:26:01.801+0000] {logging_mixin.py:188} INFO - [2024-06-03T10:26:01.801+0000] {dag.py:3954} INFO - Setting next_dagrun for example_display_name to None, run_after=None
[2024-06-03T10:26:01.827+0000] {processor.py:183} INFO - Processing /home/airflow/.local/lib/python3.12/site-packages/airflow/example_dags/example_display_name.py took 0.087 seconds
[2024-06-03T10:26:32.656+0000] {processor.py:161} INFO - Started process (PID=2261) to work on /home/airflow/.local/lib/python3.12/site-packages/airflow/example_dags/example_display_name.py
[2024-06-03T10:26:32.657+0000] {processor.py:830} INFO - Processing file /home/airflow/.local/lib/python3.12/site-packages/airflow/example_dags/example_display_name.py for tasks to queue
[2024-06-03T10:26:32.659+0000] {logging_mixin.py:188} INFO - [2024-06-03T10:26:32.658+0000] {dagbag.py:545} INFO - Filling up the DagBag from /home/airflow/.local/lib/python3.12/site-packages/airflow/example_dags/example_display_name.py
[2024-06-03T10:26:32.665+0000] {processor.py:840} INFO - DAG(s) 'example_display_name' retrieved from /home/airflow/.local/lib/python3.12/site-packages/airflow/example_dags/example_display_name.py
[2024-06-03T10:26:32.694+0000] {logging_mixin.py:188} INFO - [2024-06-03T10:26:32.694+0000] {dag.py:3096} INFO - Sync 1 DAGs
[2024-06-03T10:26:32.716+0000] {logging_mixin.py:188} INFO - [2024-06-03T10:26:32.715+0000] {dag.py:3954} INFO - Setting next_dagrun for example_display_name to None, run_after=None
[2024-06-03T10:26:32.743+0000] {processor.py:183} INFO - Processing /home/airflow/.local/lib/python3.12/site-packages/airflow/example_dags/example_display_name.py took 0.094 seconds
[2024-06-03T10:27:02.961+0000] {processor.py:161} INFO - Started process (PID=2517) to work on /home/airflow/.local/lib/python3.12/site-packages/airflow/example_dags/example_display_name.py
[2024-06-03T10:27:02.962+0000] {processor.py:830} INFO - Processing file /home/airflow/.local/lib/python3.12/site-packages/airflow/example_dags/example_display_name.py for tasks to queue
[2024-06-03T10:27:02.964+0000] {logging_mixin.py:188} INFO - [2024-06-03T10:27:02.964+0000] {dagbag.py:545} INFO - Filling up the DagBag from /home/airflow/.local/lib/python3.12/site-packages/airflow/example_dags/example_display_name.py
[2024-06-03T10:27:02.971+0000] {processor.py:840} INFO - DAG(s) 'example_display_name' retrieved from /home/airflow/.local/lib/python3.12/site-packages/airflow/example_dags/example_display_name.py
[2024-06-03T10:27:02.999+0000] {logging_mixin.py:188} INFO - [2024-06-03T10:27:02.998+0000] {dag.py:3096} INFO - Sync 1 DAGs
[2024-06-03T10:27:03.020+0000] {logging_mixin.py:188} INFO - [2024-06-03T10:27:03.020+0000] {dag.py:3954} INFO - Setting next_dagrun for example_display_name to None, run_after=None
[2024-06-03T10:27:03.047+0000] {processor.py:183} INFO - Processing /home/airflow/.local/lib/python3.12/site-packages/airflow/example_dags/example_display_name.py took 0.094 seconds
[2024-06-03T10:27:33.093+0000] {processor.py:161} INFO - Started process (PID=2768) to work on /home/airflow/.local/lib/python3.12/site-packages/airflow/example_dags/example_display_name.py
[2024-06-03T10:27:33.094+0000] {processor.py:830} INFO - Processing file /home/airflow/.local/lib/python3.12/site-packages/airflow/example_dags/example_display_name.py for tasks to queue
[2024-06-03T10:27:33.096+0000] {logging_mixin.py:188} INFO - [2024-06-03T10:27:33.096+0000] {dagbag.py:545} INFO - Filling up the DagBag from /home/airflow/.local/lib/python3.12/site-packages/airflow/example_dags/example_display_name.py
[2024-06-03T10:27:33.102+0000] {processor.py:840} INFO - DAG(s) 'example_display_name' retrieved from /home/airflow/.local/lib/python3.12/site-packages/airflow/example_dags/example_display_name.py
[2024-06-03T10:27:33.128+0000] {logging_mixin.py:188} INFO - [2024-06-03T10:27:33.127+0000] {dag.py:3096} INFO - Sync 1 DAGs
[2024-06-03T10:27:33.145+0000] {logging_mixin.py:188} INFO - [2024-06-03T10:27:33.145+0000] {dag.py:3954} INFO - Setting next_dagrun for example_display_name to None, run_after=None
[2024-06-03T10:27:33.173+0000] {processor.py:183} INFO - Processing /home/airflow/.local/lib/python3.12/site-packages/airflow/example_dags/example_display_name.py took 0.087 seconds
[2024-06-03T10:28:03.366+0000] {processor.py:161} INFO - Started process (PID=3024) to work on /home/airflow/.local/lib/python3.12/site-packages/airflow/example_dags/example_display_name.py
[2024-06-03T10:28:03.367+0000] {processor.py:830} INFO - Processing file /home/airflow/.local/lib/python3.12/site-packages/airflow/example_dags/example_display_name.py for tasks to queue
[2024-06-03T10:28:03.370+0000] {logging_mixin.py:188} INFO - [2024-06-03T10:28:03.369+0000] {dagbag.py:545} INFO - Filling up the DagBag from /home/airflow/.local/lib/python3.12/site-packages/airflow/example_dags/example_display_name.py
[2024-06-03T10:28:03.375+0000] {processor.py:840} INFO - DAG(s) 'example_display_name' retrieved from /home/airflow/.local/lib/python3.12/site-packages/airflow/example_dags/example_display_name.py
[2024-06-03T10:28:03.399+0000] {logging_mixin.py:188} INFO - [2024-06-03T10:28:03.399+0000] {dag.py:3096} INFO - Sync 1 DAGs
[2024-06-03T10:28:03.421+0000] {logging_mixin.py:188} INFO - [2024-06-03T10:28:03.421+0000] {dag.py:3954} INFO - Setting next_dagrun for example_display_name to None, run_after=None
[2024-06-03T10:28:03.447+0000] {processor.py:183} INFO - Processing /home/airflow/.local/lib/python3.12/site-packages/airflow/example_dags/example_display_name.py took 0.088 seconds
[2024-06-03T10:28:33.604+0000] {processor.py:161} INFO - Started process (PID=3280) to work on /home/airflow/.local/lib/python3.12/site-packages/airflow/example_dags/example_display_name.py
[2024-06-03T10:28:33.605+0000] {processor.py:830} INFO - Processing file /home/airflow/.local/lib/python3.12/site-packages/airflow/example_dags/example_display_name.py for tasks to queue
[2024-06-03T10:28:33.607+0000] {logging_mixin.py:188} INFO - [2024-06-03T10:28:33.606+0000] {dagbag.py:545} INFO - Filling up the DagBag from /home/airflow/.local/lib/python3.12/site-packages/airflow/example_dags/example_display_name.py
[2024-06-03T10:28:33.612+0000] {processor.py:840} INFO - DAG(s) 'example_display_name' retrieved from /home/airflow/.local/lib/python3.12/site-packages/airflow/example_dags/example_display_name.py
[2024-06-03T10:28:33.637+0000] {logging_mixin.py:188} INFO - [2024-06-03T10:28:33.637+0000] {dag.py:3096} INFO - Sync 1 DAGs
[2024-06-03T10:28:33.657+0000] {logging_mixin.py:188} INFO - [2024-06-03T10:28:33.657+0000] {dag.py:3954} INFO - Setting next_dagrun for example_display_name to None, run_after=None
[2024-06-03T10:28:33.687+0000] {processor.py:183} INFO - Processing /home/airflow/.local/lib/python3.12/site-packages/airflow/example_dags/example_display_name.py took 0.091 seconds
[2024-06-03T10:29:03.849+0000] {processor.py:161} INFO - Started process (PID=3536) to work on /home/airflow/.local/lib/python3.12/site-packages/airflow/example_dags/example_display_name.py
[2024-06-03T10:29:03.850+0000] {processor.py:830} INFO - Processing file /home/airflow/.local/lib/python3.12/site-packages/airflow/example_dags/example_display_name.py for tasks to queue
[2024-06-03T10:29:03.852+0000] {logging_mixin.py:188} INFO - [2024-06-03T10:29:03.851+0000] {dagbag.py:545} INFO - Filling up the DagBag from /home/airflow/.local/lib/python3.12/site-packages/airflow/example_dags/example_display_name.py
[2024-06-03T10:29:03.858+0000] {processor.py:840} INFO - DAG(s) 'example_display_name' retrieved from /home/airflow/.local/lib/python3.12/site-packages/airflow/example_dags/example_display_name.py
[2024-06-03T10:29:03.882+0000] {logging_mixin.py:188} INFO - [2024-06-03T10:29:03.882+0000] {dag.py:3096} INFO - Sync 1 DAGs
[2024-06-03T10:29:03.900+0000] {logging_mixin.py:188} INFO - [2024-06-03T10:29:03.899+0000] {dag.py:3954} INFO - Setting next_dagrun for example_display_name to None, run_after=None
[2024-06-03T10:29:03.924+0000] {processor.py:183} INFO - Processing /home/airflow/.local/lib/python3.12/site-packages/airflow/example_dags/example_display_name.py took 0.082 seconds
[2024-06-03T10:29:34.155+0000] {processor.py:161} INFO - Started process (PID=3792) to work on /home/airflow/.local/lib/python3.12/site-packages/airflow/example_dags/example_display_name.py
[2024-06-03T10:29:34.155+0000] {processor.py:830} INFO - Processing file /home/airflow/.local/lib/python3.12/site-packages/airflow/example_dags/example_display_name.py for tasks to queue
[2024-06-03T10:29:34.158+0000] {logging_mixin.py:188} INFO - [2024-06-03T10:29:34.157+0000] {dagbag.py:545} INFO - Filling up the DagBag from /home/airflow/.local/lib/python3.12/site-packages/airflow/example_dags/example_display_name.py
[2024-06-03T10:29:34.163+0000] {processor.py:840} INFO - DAG(s) 'example_display_name' retrieved from /home/airflow/.local/lib/python3.12/site-packages/airflow/example_dags/example_display_name.py
[2024-06-03T10:29:34.190+0000] {logging_mixin.py:188} INFO - [2024-06-03T10:29:34.190+0000] {dag.py:3096} INFO - Sync 1 DAGs
[2024-06-03T10:29:34.210+0000] {logging_mixin.py:188} INFO - [2024-06-03T10:29:34.210+0000] {dag.py:3954} INFO - Setting next_dagrun for example_display_name to None, run_after=None
[2024-06-03T10:29:34.239+0000] {processor.py:183} INFO - Processing /home/airflow/.local/lib/python3.12/site-packages/airflow/example_dags/example_display_name.py took 0.091 seconds
[2024-06-03T10:30:04.347+0000] {processor.py:161} INFO - Started process (PID=4045) to work on /home/airflow/.local/lib/python3.12/site-packages/airflow/example_dags/example_display_name.py
[2024-06-03T10:30:04.348+0000] {processor.py:830} INFO - Processing file /home/airflow/.local/lib/python3.12/site-packages/airflow/example_dags/example_display_name.py for tasks to queue
[2024-06-03T10:30:04.350+0000] {logging_mixin.py:188} INFO - [2024-06-03T10:30:04.350+0000] {dagbag.py:545} INFO - Filling up the DagBag from /home/airflow/.local/lib/python3.12/site-packages/airflow/example_dags/example_display_name.py
[2024-06-03T10:30:04.355+0000] {processor.py:840} INFO - DAG(s) 'example_display_name' retrieved from /home/airflow/.local/lib/python3.12/site-packages/airflow/example_dags/example_display_name.py
[2024-06-03T10:30:04.378+0000] {logging_mixin.py:188} INFO - [2024-06-03T10:30:04.378+0000] {dag.py:3096} INFO - Sync 1 DAGs
[2024-06-03T10:30:04.396+0000] {logging_mixin.py:188} INFO - [2024-06-03T10:30:04.396+0000] {dag.py:3954} INFO - Setting next_dagrun for example_display_name to None, run_after=None
[2024-06-03T10:30:04.423+0000] {processor.py:183} INFO - Processing /home/airflow/.local/lib/python3.12/site-packages/airflow/example_dags/example_display_name.py took 0.082 seconds
[2024-06-03T10:30:34.658+0000] {processor.py:161} INFO - Started process (PID=4301) to work on /home/airflow/.local/lib/python3.12/site-packages/airflow/example_dags/example_display_name.py
[2024-06-03T10:30:34.659+0000] {processor.py:830} INFO - Processing file /home/airflow/.local/lib/python3.12/site-packages/airflow/example_dags/example_display_name.py for tasks to queue
[2024-06-03T10:30:34.661+0000] {logging_mixin.py:188} INFO - [2024-06-03T10:30:34.661+0000] {dagbag.py:545} INFO - Filling up the DagBag from /home/airflow/.local/lib/python3.12/site-packages/airflow/example_dags/example_display_name.py
[2024-06-03T10:30:34.667+0000] {processor.py:840} INFO - DAG(s) 'example_display_name' retrieved from /home/airflow/.local/lib/python3.12/site-packages/airflow/example_dags/example_display_name.py
[2024-06-03T10:30:34.692+0000] {logging_mixin.py:188} INFO - [2024-06-03T10:30:34.692+0000] {dag.py:3096} INFO - Sync 1 DAGs
[2024-06-03T10:30:34.709+0000] {logging_mixin.py:188} INFO - [2024-06-03T10:30:34.709+0000] {dag.py:3954} INFO - Setting next_dagrun for example_display_name to None, run_after=None
[2024-06-03T10:30:34.733+0000] {processor.py:183} INFO - Processing /home/airflow/.local/lib/python3.12/site-packages/airflow/example_dags/example_display_name.py took 0.082 seconds
[2024-06-03T10:31:04.982+0000] {processor.py:161} INFO - Started process (PID=4557) to work on /home/airflow/.local/lib/python3.12/site-packages/airflow/example_dags/example_display_name.py
[2024-06-03T10:31:04.983+0000] {processor.py:830} INFO - Processing file /home/airflow/.local/lib/python3.12/site-packages/airflow/example_dags/example_display_name.py for tasks to queue
[2024-06-03T10:31:04.984+0000] {logging_mixin.py:188} INFO - [2024-06-03T10:31:04.984+0000] {dagbag.py:545} INFO - Filling up the DagBag from /home/airflow/.local/lib/python3.12/site-packages/airflow/example_dags/example_display_name.py
[2024-06-03T10:31:04.990+0000] {processor.py:840} INFO - DAG(s) 'example_display_name' retrieved from /home/airflow/.local/lib/python3.12/site-packages/airflow/example_dags/example_display_name.py
[2024-06-03T10:31:05.017+0000] {logging_mixin.py:188} INFO - [2024-06-03T10:31:05.017+0000] {dag.py:3096} INFO - Sync 1 DAGs
[2024-06-03T10:31:05.038+0000] {logging_mixin.py:188} INFO - [2024-06-03T10:31:05.038+0000] {dag.py:3954} INFO - Setting next_dagrun for example_display_name to None, run_after=None
[2024-06-03T10:31:05.066+0000] {processor.py:183} INFO - Processing /home/airflow/.local/lib/python3.12/site-packages/airflow/example_dags/example_display_name.py took 0.091 seconds
[2024-06-03T10:31:35.413+0000] {processor.py:161} INFO - Started process (PID=4816) to work on /home/airflow/.local/lib/python3.12/site-packages/airflow/example_dags/example_display_name.py
[2024-06-03T10:31:35.414+0000] {processor.py:830} INFO - Processing file /home/airflow/.local/lib/python3.12/site-packages/airflow/example_dags/example_display_name.py for tasks to queue
[2024-06-03T10:31:35.416+0000] {logging_mixin.py:188} INFO - [2024-06-03T10:31:35.415+0000] {dagbag.py:545} INFO - Filling up the DagBag from /home/airflow/.local/lib/python3.12/site-packages/airflow/example_dags/example_display_name.py
[2024-06-03T10:31:35.421+0000] {processor.py:840} INFO - DAG(s) 'example_display_name' retrieved from /home/airflow/.local/lib/python3.12/site-packages/airflow/example_dags/example_display_name.py
[2024-06-03T10:31:35.446+0000] {logging_mixin.py:188} INFO - [2024-06-03T10:31:35.446+0000] {dag.py:3096} INFO - Sync 1 DAGs
[2024-06-03T10:31:35.465+0000] {logging_mixin.py:188} INFO - [2024-06-03T10:31:35.464+0000] {dag.py:3954} INFO - Setting next_dagrun for example_display_name to None, run_after=None
[2024-06-03T10:31:35.493+0000] {processor.py:183} INFO - Processing /home/airflow/.local/lib/python3.12/site-packages/airflow/example_dags/example_display_name.py took 0.087 seconds
[2024-06-03T10:32:05.658+0000] {processor.py:161} INFO - Started process (PID=5069) to work on /home/airflow/.local/lib/python3.12/site-packages/airflow/example_dags/example_display_name.py
[2024-06-03T10:32:05.659+0000] {processor.py:830} INFO - Processing file /home/airflow/.local/lib/python3.12/site-packages/airflow/example_dags/example_display_name.py for tasks to queue
[2024-06-03T10:32:05.660+0000] {logging_mixin.py:188} INFO - [2024-06-03T10:32:05.660+0000] {dagbag.py:545} INFO - Filling up the DagBag from /home/airflow/.local/lib/python3.12/site-packages/airflow/example_dags/example_display_name.py
[2024-06-03T10:32:05.666+0000] {processor.py:840} INFO - DAG(s) 'example_display_name' retrieved from /home/airflow/.local/lib/python3.12/site-packages/airflow/example_dags/example_display_name.py
[2024-06-03T10:32:05.692+0000] {logging_mixin.py:188} INFO - [2024-06-03T10:32:05.692+0000] {dag.py:3096} INFO - Sync 1 DAGs
[2024-06-03T10:32:05.710+0000] {logging_mixin.py:188} INFO - [2024-06-03T10:32:05.710+0000] {dag.py:3954} INFO - Setting next_dagrun for example_display_name to None, run_after=None
[2024-06-03T10:32:05.734+0000] {processor.py:183} INFO - Processing /home/airflow/.local/lib/python3.12/site-packages/airflow/example_dags/example_display_name.py took 0.083 seconds
[2024-06-03T10:32:35.880+0000] {processor.py:161} INFO - Started process (PID=5325) to work on /home/airflow/.local/lib/python3.12/site-packages/airflow/example_dags/example_display_name.py
[2024-06-03T10:32:35.881+0000] {processor.py:830} INFO - Processing file /home/airflow/.local/lib/python3.12/site-packages/airflow/example_dags/example_display_name.py for tasks to queue
[2024-06-03T10:32:35.883+0000] {logging_mixin.py:188} INFO - [2024-06-03T10:32:35.882+0000] {dagbag.py:545} INFO - Filling up the DagBag from /home/airflow/.local/lib/python3.12/site-packages/airflow/example_dags/example_display_name.py
[2024-06-03T10:32:35.888+0000] {processor.py:840} INFO - DAG(s) 'example_display_name' retrieved from /home/airflow/.local/lib/python3.12/site-packages/airflow/example_dags/example_display_name.py
[2024-06-03T10:32:35.914+0000] {logging_mixin.py:188} INFO - [2024-06-03T10:32:35.914+0000] {dag.py:3096} INFO - Sync 1 DAGs
[2024-06-03T10:32:35.934+0000] {logging_mixin.py:188} INFO - [2024-06-03T10:32:35.934+0000] {dag.py:3954} INFO - Setting next_dagrun for example_display_name to None, run_after=None
[2024-06-03T10:32:35.958+0000] {processor.py:183} INFO - Processing /home/airflow/.local/lib/python3.12/site-packages/airflow/example_dags/example_display_name.py took 0.085 seconds
[2024-06-03T10:33:06.190+0000] {processor.py:161} INFO - Started process (PID=5581) to work on /home/airflow/.local/lib/python3.12/site-packages/airflow/example_dags/example_display_name.py
[2024-06-03T10:33:06.191+0000] {processor.py:830} INFO - Processing file /home/airflow/.local/lib/python3.12/site-packages/airflow/example_dags/example_display_name.py for tasks to queue
[2024-06-03T10:33:06.193+0000] {logging_mixin.py:188} INFO - [2024-06-03T10:33:06.193+0000] {dagbag.py:545} INFO - Filling up the DagBag from /home/airflow/.local/lib/python3.12/site-packages/airflow/example_dags/example_display_name.py
[2024-06-03T10:33:06.199+0000] {processor.py:840} INFO - DAG(s) 'example_display_name' retrieved from /home/airflow/.local/lib/python3.12/site-packages/airflow/example_dags/example_display_name.py
[2024-06-03T10:33:06.223+0000] {logging_mixin.py:188} INFO - [2024-06-03T10:33:06.223+0000] {dag.py:3096} INFO - Sync 1 DAGs
[2024-06-03T10:33:06.242+0000] {logging_mixin.py:188} INFO - [2024-06-03T10:33:06.241+0000] {dag.py:3954} INFO - Setting next_dagrun for example_display_name to None, run_after=None
[2024-06-03T10:33:06.269+0000] {processor.py:183} INFO - Processing /home/airflow/.local/lib/python3.12/site-packages/airflow/example_dags/example_display_name.py took 0.086 seconds
[2024-06-03T10:33:36.594+0000] {processor.py:161} INFO - Started process (PID=5837) to work on /home/airflow/.local/lib/python3.12/site-packages/airflow/example_dags/example_display_name.py
[2024-06-03T10:33:36.595+0000] {processor.py:830} INFO - Processing file /home/airflow/.local/lib/python3.12/site-packages/airflow/example_dags/example_display_name.py for tasks to queue
[2024-06-03T10:33:36.597+0000] {logging_mixin.py:188} INFO - [2024-06-03T10:33:36.597+0000] {dagbag.py:545} INFO - Filling up the DagBag from /home/airflow/.local/lib/python3.12/site-packages/airflow/example_dags/example_display_name.py
[2024-06-03T10:33:36.603+0000] {processor.py:840} INFO - DAG(s) 'example_display_name' retrieved from /home/airflow/.local/lib/python3.12/site-packages/airflow/example_dags/example_display_name.py
[2024-06-03T10:33:36.630+0000] {logging_mixin.py:188} INFO - [2024-06-03T10:33:36.629+0000] {dag.py:3096} INFO - Sync 1 DAGs
[2024-06-03T10:33:36.651+0000] {logging_mixin.py:188} INFO - [2024-06-03T10:33:36.651+0000] {dag.py:3954} INFO - Setting next_dagrun for example_display_name to None, run_after=None
[2024-06-03T10:33:36.681+0000] {processor.py:183} INFO - Processing /home/airflow/.local/lib/python3.12/site-packages/airflow/example_dags/example_display_name.py took 0.094 seconds
[2024-06-03T10:34:07.641+0000] {processor.py:161} INFO - Started process (PID=6096) to work on /home/airflow/.local/lib/python3.12/site-packages/airflow/example_dags/example_display_name.py
[2024-06-03T10:34:07.642+0000] {processor.py:830} INFO - Processing file /home/airflow/.local/lib/python3.12/site-packages/airflow/example_dags/example_display_name.py for tasks to queue
[2024-06-03T10:34:07.643+0000] {logging_mixin.py:188} INFO - [2024-06-03T10:34:07.643+0000] {dagbag.py:545} INFO - Filling up the DagBag from /home/airflow/.local/lib/python3.12/site-packages/airflow/example_dags/example_display_name.py
[2024-06-03T10:34:07.649+0000] {processor.py:840} INFO - DAG(s) 'example_display_name' retrieved from /home/airflow/.local/lib/python3.12/site-packages/airflow/example_dags/example_display_name.py
[2024-06-03T10:34:07.674+0000] {logging_mixin.py:188} INFO - [2024-06-03T10:34:07.673+0000] {dag.py:3096} INFO - Sync 1 DAGs
[2024-06-03T10:34:07.691+0000] {logging_mixin.py:188} INFO - [2024-06-03T10:34:07.691+0000] {dag.py:3954} INFO - Setting next_dagrun for example_display_name to None, run_after=None
[2024-06-03T10:34:07.715+0000] {processor.py:183} INFO - Processing /home/airflow/.local/lib/python3.12/site-packages/airflow/example_dags/example_display_name.py took 0.082 seconds
[2024-06-03T10:34:38.027+0000] {processor.py:161} INFO - Started process (PID=6352) to work on /home/airflow/.local/lib/python3.12/site-packages/airflow/example_dags/example_display_name.py
[2024-06-03T10:34:38.028+0000] {processor.py:830} INFO - Processing file /home/airflow/.local/lib/python3.12/site-packages/airflow/example_dags/example_display_name.py for tasks to queue
[2024-06-03T10:34:38.030+0000] {logging_mixin.py:188} INFO - [2024-06-03T10:34:38.030+0000] {dagbag.py:545} INFO - Filling up the DagBag from /home/airflow/.local/lib/python3.12/site-packages/airflow/example_dags/example_display_name.py
[2024-06-03T10:34:38.037+0000] {processor.py:840} INFO - DAG(s) 'example_display_name' retrieved from /home/airflow/.local/lib/python3.12/site-packages/airflow/example_dags/example_display_name.py
[2024-06-03T10:34:38.065+0000] {logging_mixin.py:188} INFO - [2024-06-03T10:34:38.065+0000] {dag.py:3096} INFO - Sync 1 DAGs
[2024-06-03T10:34:38.087+0000] {logging_mixin.py:188} INFO - [2024-06-03T10:34:38.087+0000] {dag.py:3954} INFO - Setting next_dagrun for example_display_name to None, run_after=None
[2024-06-03T10:34:38.117+0000] {processor.py:183} INFO - Processing /home/airflow/.local/lib/python3.12/site-packages/airflow/example_dags/example_display_name.py took 0.097 seconds
[2024-06-03T10:35:08.325+0000] {processor.py:161} INFO - Started process (PID=6608) to work on /home/airflow/.local/lib/python3.12/site-packages/airflow/example_dags/example_display_name.py
[2024-06-03T10:35:08.326+0000] {processor.py:830} INFO - Processing file /home/airflow/.local/lib/python3.12/site-packages/airflow/example_dags/example_display_name.py for tasks to queue
[2024-06-03T10:35:08.328+0000] {logging_mixin.py:188} INFO - [2024-06-03T10:35:08.328+0000] {dagbag.py:545} INFO - Filling up the DagBag from /home/airflow/.local/lib/python3.12/site-packages/airflow/example_dags/example_display_name.py
[2024-06-03T10:35:08.334+0000] {processor.py:840} INFO - DAG(s) 'example_display_name' retrieved from /home/airflow/.local/lib/python3.12/site-packages/airflow/example_dags/example_display_name.py
[2024-06-03T10:35:08.360+0000] {logging_mixin.py:188} INFO - [2024-06-03T10:35:08.359+0000] {dag.py:3096} INFO - Sync 1 DAGs
[2024-06-03T10:35:08.379+0000] {logging_mixin.py:188} INFO - [2024-06-03T10:35:08.379+0000] {dag.py:3954} INFO - Setting next_dagrun for example_display_name to None, run_after=None
[2024-06-03T10:35:08.408+0000] {processor.py:183} INFO - Processing /home/airflow/.local/lib/python3.12/site-packages/airflow/example_dags/example_display_name.py took 0.091 seconds
[2024-06-03T10:35:38.666+0000] {processor.py:161} INFO - Started process (PID=6864) to work on /home/airflow/.local/lib/python3.12/site-packages/airflow/example_dags/example_display_name.py
[2024-06-03T10:35:38.667+0000] {processor.py:830} INFO - Processing file /home/airflow/.local/lib/python3.12/site-packages/airflow/example_dags/example_display_name.py for tasks to queue
[2024-06-03T10:35:38.669+0000] {logging_mixin.py:188} INFO - [2024-06-03T10:35:38.669+0000] {dagbag.py:545} INFO - Filling up the DagBag from /home/airflow/.local/lib/python3.12/site-packages/airflow/example_dags/example_display_name.py
[2024-06-03T10:35:38.675+0000] {processor.py:840} INFO - DAG(s) 'example_display_name' retrieved from /home/airflow/.local/lib/python3.12/site-packages/airflow/example_dags/example_display_name.py
[2024-06-03T10:35:38.701+0000] {logging_mixin.py:188} INFO - [2024-06-03T10:35:38.701+0000] {dag.py:3096} INFO - Sync 1 DAGs
[2024-06-03T10:35:38.719+0000] {logging_mixin.py:188} INFO - [2024-06-03T10:35:38.719+0000] {dag.py:3954} INFO - Setting next_dagrun for example_display_name to None, run_after=None
[2024-06-03T10:35:38.744+0000] {processor.py:183} INFO - Processing /home/airflow/.local/lib/python3.12/site-packages/airflow/example_dags/example_display_name.py took 0.085 seconds
[2024-06-03T10:36:08.855+0000] {processor.py:161} INFO - Started process (PID=7117) to work on /home/airflow/.local/lib/python3.12/site-packages/airflow/example_dags/example_display_name.py
[2024-06-03T10:36:08.856+0000] {processor.py:830} INFO - Processing file /home/airflow/.local/lib/python3.12/site-packages/airflow/example_dags/example_display_name.py for tasks to queue
[2024-06-03T10:36:08.857+0000] {logging_mixin.py:188} INFO - [2024-06-03T10:36:08.857+0000] {dagbag.py:545} INFO - Filling up the DagBag from /home/airflow/.local/lib/python3.12/site-packages/airflow/example_dags/example_display_name.py
[2024-06-03T10:36:08.863+0000] {processor.py:840} INFO - DAG(s) 'example_display_name' retrieved from /home/airflow/.local/lib/python3.12/site-packages/airflow/example_dags/example_display_name.py
[2024-06-03T10:36:08.886+0000] {logging_mixin.py:188} INFO - [2024-06-03T10:36:08.886+0000] {dag.py:3096} INFO - Sync 1 DAGs
[2024-06-03T10:36:08.903+0000] {logging_mixin.py:188} INFO - [2024-06-03T10:36:08.903+0000] {dag.py:3954} INFO - Setting next_dagrun for example_display_name to None, run_after=None
[2024-06-03T10:36:08.926+0000] {processor.py:183} INFO - Processing /home/airflow/.local/lib/python3.12/site-packages/airflow/example_dags/example_display_name.py took 0.077 seconds
[2024-06-03T10:36:39.171+0000] {processor.py:161} INFO - Started process (PID=7373) to work on /home/airflow/.local/lib/python3.12/site-packages/airflow/example_dags/example_display_name.py
[2024-06-03T10:36:39.173+0000] {processor.py:830} INFO - Processing file /home/airflow/.local/lib/python3.12/site-packages/airflow/example_dags/example_display_name.py for tasks to queue
[2024-06-03T10:36:39.174+0000] {logging_mixin.py:188} INFO - [2024-06-03T10:36:39.174+0000] {dagbag.py:545} INFO - Filling up the DagBag from /home/airflow/.local/lib/python3.12/site-packages/airflow/example_dags/example_display_name.py
[2024-06-03T10:36:39.182+0000] {processor.py:840} INFO - DAG(s) 'example_display_name' retrieved from /home/airflow/.local/lib/python3.12/site-packages/airflow/example_dags/example_display_name.py
[2024-06-03T10:36:39.209+0000] {logging_mixin.py:188} INFO - [2024-06-03T10:36:39.208+0000] {dag.py:3096} INFO - Sync 1 DAGs
[2024-06-03T10:36:39.226+0000] {logging_mixin.py:188} INFO - [2024-06-03T10:36:39.226+0000] {dag.py:3954} INFO - Setting next_dagrun for example_display_name to None, run_after=None
[2024-06-03T10:36:39.252+0000] {processor.py:183} INFO - Processing /home/airflow/.local/lib/python3.12/site-packages/airflow/example_dags/example_display_name.py took 0.088 seconds
[2024-06-03T10:37:09.811+0000] {processor.py:161} INFO - Started process (PID=7632) to work on /home/airflow/.local/lib/python3.12/site-packages/airflow/example_dags/example_display_name.py
[2024-06-03T10:37:09.812+0000] {processor.py:830} INFO - Processing file /home/airflow/.local/lib/python3.12/site-packages/airflow/example_dags/example_display_name.py for tasks to queue
[2024-06-03T10:37:09.814+0000] {logging_mixin.py:188} INFO - [2024-06-03T10:37:09.813+0000] {dagbag.py:545} INFO - Filling up the DagBag from /home/airflow/.local/lib/python3.12/site-packages/airflow/example_dags/example_display_name.py
[2024-06-03T10:37:09.819+0000] {processor.py:840} INFO - DAG(s) 'example_display_name' retrieved from /home/airflow/.local/lib/python3.12/site-packages/airflow/example_dags/example_display_name.py
[2024-06-03T10:37:09.846+0000] {logging_mixin.py:188} INFO - [2024-06-03T10:37:09.846+0000] {dag.py:3096} INFO - Sync 1 DAGs
[2024-06-03T10:37:09.867+0000] {logging_mixin.py:188} INFO - [2024-06-03T10:37:09.867+0000] {dag.py:3954} INFO - Setting next_dagrun for example_display_name to None, run_after=None
[2024-06-03T10:37:09.896+0000] {processor.py:183} INFO - Processing /home/airflow/.local/lib/python3.12/site-packages/airflow/example_dags/example_display_name.py took 0.092 seconds
[2024-06-03T10:37:40.374+0000] {processor.py:161} INFO - Started process (PID=7888) to work on /home/airflow/.local/lib/python3.12/site-packages/airflow/example_dags/example_display_name.py
[2024-06-03T10:37:40.375+0000] {processor.py:830} INFO - Processing file /home/airflow/.local/lib/python3.12/site-packages/airflow/example_dags/example_display_name.py for tasks to queue
[2024-06-03T10:37:40.377+0000] {logging_mixin.py:188} INFO - [2024-06-03T10:37:40.377+0000] {dagbag.py:545} INFO - Filling up the DagBag from /home/airflow/.local/lib/python3.12/site-packages/airflow/example_dags/example_display_name.py
[2024-06-03T10:37:40.382+0000] {processor.py:840} INFO - DAG(s) 'example_display_name' retrieved from /home/airflow/.local/lib/python3.12/site-packages/airflow/example_dags/example_display_name.py
[2024-06-03T10:37:40.408+0000] {logging_mixin.py:188} INFO - [2024-06-03T10:37:40.408+0000] {dag.py:3096} INFO - Sync 1 DAGs
[2024-06-03T10:37:40.426+0000] {logging_mixin.py:188} INFO - [2024-06-03T10:37:40.426+0000] {dag.py:3954} INFO - Setting next_dagrun for example_display_name to None, run_after=None
[2024-06-03T10:37:40.451+0000] {processor.py:183} INFO - Processing /home/airflow/.local/lib/python3.12/site-packages/airflow/example_dags/example_display_name.py took 0.084 seconds
[2024-06-03T10:38:10.718+0000] {processor.py:161} INFO - Started process (PID=8138) to work on /home/airflow/.local/lib/python3.12/site-packages/airflow/example_dags/example_display_name.py
[2024-06-03T10:38:10.719+0000] {processor.py:830} INFO - Processing file /home/airflow/.local/lib/python3.12/site-packages/airflow/example_dags/example_display_name.py for tasks to queue
[2024-06-03T10:38:10.721+0000] {logging_mixin.py:188} INFO - [2024-06-03T10:38:10.721+0000] {dagbag.py:545} INFO - Filling up the DagBag from /home/airflow/.local/lib/python3.12/site-packages/airflow/example_dags/example_display_name.py
[2024-06-03T10:38:10.726+0000] {processor.py:840} INFO - DAG(s) 'example_display_name' retrieved from /home/airflow/.local/lib/python3.12/site-packages/airflow/example_dags/example_display_name.py
[2024-06-03T10:38:10.752+0000] {logging_mixin.py:188} INFO - [2024-06-03T10:38:10.751+0000] {dag.py:3096} INFO - Sync 1 DAGs
[2024-06-03T10:38:10.771+0000] {logging_mixin.py:188} INFO - [2024-06-03T10:38:10.771+0000] {dag.py:3954} INFO - Setting next_dagrun for example_display_name to None, run_after=None
[2024-06-03T10:38:10.799+0000] {processor.py:183} INFO - Processing /home/airflow/.local/lib/python3.12/site-packages/airflow/example_dags/example_display_name.py took 0.089 seconds
[2024-06-03T10:38:41.540+0000] {processor.py:161} INFO - Started process (PID=8394) to work on /home/airflow/.local/lib/python3.12/site-packages/airflow/example_dags/example_display_name.py
[2024-06-03T10:38:41.542+0000] {processor.py:830} INFO - Processing file /home/airflow/.local/lib/python3.12/site-packages/airflow/example_dags/example_display_name.py for tasks to queue
[2024-06-03T10:38:41.544+0000] {logging_mixin.py:188} INFO - [2024-06-03T10:38:41.544+0000] {dagbag.py:545} INFO - Filling up the DagBag from /home/airflow/.local/lib/python3.12/site-packages/airflow/example_dags/example_display_name.py
[2024-06-03T10:38:41.550+0000] {processor.py:840} INFO - DAG(s) 'example_display_name' retrieved from /home/airflow/.local/lib/python3.12/site-packages/airflow/example_dags/example_display_name.py
[2024-06-03T10:38:41.574+0000] {logging_mixin.py:188} INFO - [2024-06-03T10:38:41.574+0000] {dag.py:3096} INFO - Sync 1 DAGs
[2024-06-03T10:38:41.592+0000] {logging_mixin.py:188} INFO - [2024-06-03T10:38:41.591+0000] {dag.py:3954} INFO - Setting next_dagrun for example_display_name to None, run_after=None
[2024-06-03T10:38:41.616+0000] {processor.py:183} INFO - Processing /home/airflow/.local/lib/python3.12/site-packages/airflow/example_dags/example_display_name.py took 0.083 seconds
[2024-06-03T10:39:12.592+0000] {processor.py:161} INFO - Started process (PID=8650) to work on /home/airflow/.local/lib/python3.12/site-packages/airflow/example_dags/example_display_name.py
[2024-06-03T10:39:12.593+0000] {processor.py:830} INFO - Processing file /home/airflow/.local/lib/python3.12/site-packages/airflow/example_dags/example_display_name.py for tasks to queue
[2024-06-03T10:39:12.595+0000] {logging_mixin.py:188} INFO - [2024-06-03T10:39:12.594+0000] {dagbag.py:545} INFO - Filling up the DagBag from /home/airflow/.local/lib/python3.12/site-packages/airflow/example_dags/example_display_name.py
[2024-06-03T10:39:12.600+0000] {processor.py:840} INFO - DAG(s) 'example_display_name' retrieved from /home/airflow/.local/lib/python3.12/site-packages/airflow/example_dags/example_display_name.py
[2024-06-03T10:39:12.627+0000] {logging_mixin.py:188} INFO - [2024-06-03T10:39:12.626+0000] {dag.py:3096} INFO - Sync 1 DAGs
[2024-06-03T10:39:12.645+0000] {logging_mixin.py:188} INFO - [2024-06-03T10:39:12.645+0000] {dag.py:3954} INFO - Setting next_dagrun for example_display_name to None, run_after=None
[2024-06-03T10:39:12.671+0000] {processor.py:183} INFO - Processing /home/airflow/.local/lib/python3.12/site-packages/airflow/example_dags/example_display_name.py took 0.087 seconds
[2024-06-03T10:39:43.585+0000] {processor.py:161} INFO - Started process (PID=8906) to work on /home/airflow/.local/lib/python3.12/site-packages/airflow/example_dags/example_display_name.py
[2024-06-03T10:39:43.586+0000] {processor.py:830} INFO - Processing file /home/airflow/.local/lib/python3.12/site-packages/airflow/example_dags/example_display_name.py for tasks to queue
[2024-06-03T10:39:43.588+0000] {logging_mixin.py:188} INFO - [2024-06-03T10:39:43.588+0000] {dagbag.py:545} INFO - Filling up the DagBag from /home/airflow/.local/lib/python3.12/site-packages/airflow/example_dags/example_display_name.py
[2024-06-03T10:39:43.594+0000] {processor.py:840} INFO - DAG(s) 'example_display_name' retrieved from /home/airflow/.local/lib/python3.12/site-packages/airflow/example_dags/example_display_name.py
[2024-06-03T10:39:43.619+0000] {logging_mixin.py:188} INFO - [2024-06-03T10:39:43.618+0000] {dag.py:3096} INFO - Sync 1 DAGs
[2024-06-03T10:39:43.639+0000] {logging_mixin.py:188} INFO - [2024-06-03T10:39:43.638+0000] {dag.py:3954} INFO - Setting next_dagrun for example_display_name to None, run_after=None
[2024-06-03T10:39:43.666+0000] {processor.py:183} INFO - Processing /home/airflow/.local/lib/python3.12/site-packages/airflow/example_dags/example_display_name.py took 0.087 seconds
[2024-06-03T10:40:14.537+0000] {processor.py:161} INFO - Started process (PID=9162) to work on /home/airflow/.local/lib/python3.12/site-packages/airflow/example_dags/example_display_name.py
[2024-06-03T10:40:14.538+0000] {processor.py:830} INFO - Processing file /home/airflow/.local/lib/python3.12/site-packages/airflow/example_dags/example_display_name.py for tasks to queue
[2024-06-03T10:40:14.541+0000] {logging_mixin.py:188} INFO - [2024-06-03T10:40:14.540+0000] {dagbag.py:545} INFO - Filling up the DagBag from /home/airflow/.local/lib/python3.12/site-packages/airflow/example_dags/example_display_name.py
[2024-06-03T10:40:14.546+0000] {processor.py:840} INFO - DAG(s) 'example_display_name' retrieved from /home/airflow/.local/lib/python3.12/site-packages/airflow/example_dags/example_display_name.py
[2024-06-03T10:40:14.575+0000] {logging_mixin.py:188} INFO - [2024-06-03T10:40:14.574+0000] {dag.py:3096} INFO - Sync 1 DAGs
[2024-06-03T10:40:14.596+0000] {logging_mixin.py:188} INFO - [2024-06-03T10:40:14.596+0000] {dag.py:3954} INFO - Setting next_dagrun for example_display_name to None, run_after=None
[2024-06-03T10:40:14.625+0000] {processor.py:183} INFO - Processing /home/airflow/.local/lib/python3.12/site-packages/airflow/example_dags/example_display_name.py took 0.094 seconds
[2024-06-03T10:40:45.450+0000] {processor.py:161} INFO - Started process (PID=9418) to work on /home/airflow/.local/lib/python3.12/site-packages/airflow/example_dags/example_display_name.py
[2024-06-03T10:40:45.451+0000] {processor.py:830} INFO - Processing file /home/airflow/.local/lib/python3.12/site-packages/airflow/example_dags/example_display_name.py for tasks to queue
[2024-06-03T10:40:45.453+0000] {logging_mixin.py:188} INFO - [2024-06-03T10:40:45.452+0000] {dagbag.py:545} INFO - Filling up the DagBag from /home/airflow/.local/lib/python3.12/site-packages/airflow/example_dags/example_display_name.py
[2024-06-03T10:40:45.459+0000] {processor.py:840} INFO - DAG(s) 'example_display_name' retrieved from /home/airflow/.local/lib/python3.12/site-packages/airflow/example_dags/example_display_name.py
[2024-06-03T10:40:45.484+0000] {logging_mixin.py:188} INFO - [2024-06-03T10:40:45.484+0000] {dag.py:3096} INFO - Sync 1 DAGs
[2024-06-03T10:40:45.502+0000] {logging_mixin.py:188} INFO - [2024-06-03T10:40:45.502+0000] {dag.py:3954} INFO - Setting next_dagrun for example_display_name to None, run_after=None
[2024-06-03T10:40:45.527+0000] {processor.py:183} INFO - Processing /home/airflow/.local/lib/python3.12/site-packages/airflow/example_dags/example_display_name.py took 0.083 seconds
[2024-06-03T10:41:15.733+0000] {processor.py:161} INFO - Started process (PID=9674) to work on /home/airflow/.local/lib/python3.12/site-packages/airflow/example_dags/example_display_name.py
[2024-06-03T10:41:15.734+0000] {processor.py:830} INFO - Processing file /home/airflow/.local/lib/python3.12/site-packages/airflow/example_dags/example_display_name.py for tasks to queue
[2024-06-03T10:41:15.736+0000] {logging_mixin.py:188} INFO - [2024-06-03T10:41:15.735+0000] {dagbag.py:545} INFO - Filling up the DagBag from /home/airflow/.local/lib/python3.12/site-packages/airflow/example_dags/example_display_name.py
[2024-06-03T10:41:15.742+0000] {processor.py:840} INFO - DAG(s) 'example_display_name' retrieved from /home/airflow/.local/lib/python3.12/site-packages/airflow/example_dags/example_display_name.py
[2024-06-03T10:41:15.767+0000] {logging_mixin.py:188} INFO - [2024-06-03T10:41:15.767+0000] {dag.py:3096} INFO - Sync 1 DAGs
[2024-06-03T10:41:15.785+0000] {logging_mixin.py:188} INFO - [2024-06-03T10:41:15.785+0000] {dag.py:3954} INFO - Setting next_dagrun for example_display_name to None, run_after=None
[2024-06-03T10:41:15.808+0000] {processor.py:183} INFO - Processing /home/airflow/.local/lib/python3.12/site-packages/airflow/example_dags/example_display_name.py took 0.082 seconds
[2024-06-03T10:41:45.955+0000] {processor.py:161} INFO - Started process (PID=9927) to work on /home/airflow/.local/lib/python3.12/site-packages/airflow/example_dags/example_display_name.py
[2024-06-03T10:41:45.956+0000] {processor.py:830} INFO - Processing file /home/airflow/.local/lib/python3.12/site-packages/airflow/example_dags/example_display_name.py for tasks to queue
[2024-06-03T10:41:45.957+0000] {logging_mixin.py:188} INFO - [2024-06-03T10:41:45.957+0000] {dagbag.py:545} INFO - Filling up the DagBag from /home/airflow/.local/lib/python3.12/site-packages/airflow/example_dags/example_display_name.py
[2024-06-03T10:41:45.964+0000] {processor.py:840} INFO - DAG(s) 'example_display_name' retrieved from /home/airflow/.local/lib/python3.12/site-packages/airflow/example_dags/example_display_name.py
[2024-06-03T10:41:45.988+0000] {logging_mixin.py:188} INFO - [2024-06-03T10:41:45.988+0000] {dag.py:3096} INFO - Sync 1 DAGs
[2024-06-03T10:41:46.006+0000] {logging_mixin.py:188} INFO - [2024-06-03T10:41:46.006+0000] {dag.py:3954} INFO - Setting next_dagrun for example_display_name to None, run_after=None
[2024-06-03T10:41:46.033+0000] {processor.py:183} INFO - Processing /home/airflow/.local/lib/python3.12/site-packages/airflow/example_dags/example_display_name.py took 0.085 seconds
[2024-06-03T10:42:16.294+0000] {processor.py:161} INFO - Started process (PID=10186) to work on /home/airflow/.local/lib/python3.12/site-packages/airflow/example_dags/example_display_name.py
[2024-06-03T10:42:16.295+0000] {processor.py:830} INFO - Processing file /home/airflow/.local/lib/python3.12/site-packages/airflow/example_dags/example_display_name.py for tasks to queue
[2024-06-03T10:42:16.297+0000] {logging_mixin.py:188} INFO - [2024-06-03T10:42:16.297+0000] {dagbag.py:545} INFO - Filling up the DagBag from /home/airflow/.local/lib/python3.12/site-packages/airflow/example_dags/example_display_name.py
[2024-06-03T10:42:16.304+0000] {processor.py:840} INFO - DAG(s) 'example_display_name' retrieved from /home/airflow/.local/lib/python3.12/site-packages/airflow/example_dags/example_display_name.py
[2024-06-03T10:42:16.329+0000] {logging_mixin.py:188} INFO - [2024-06-03T10:42:16.329+0000] {dag.py:3096} INFO - Sync 1 DAGs
[2024-06-03T10:42:16.347+0000] {logging_mixin.py:188} INFO - [2024-06-03T10:42:16.346+0000] {dag.py:3954} INFO - Setting next_dagrun for example_display_name to None, run_after=None
[2024-06-03T10:42:16.371+0000] {processor.py:183} INFO - Processing /home/airflow/.local/lib/python3.12/site-packages/airflow/example_dags/example_display_name.py took 0.085 seconds
[2024-06-03T10:42:46.487+0000] {processor.py:161} INFO - Started process (PID=10439) to work on /home/airflow/.local/lib/python3.12/site-packages/airflow/example_dags/example_display_name.py
[2024-06-03T10:42:46.488+0000] {processor.py:830} INFO - Processing file /home/airflow/.local/lib/python3.12/site-packages/airflow/example_dags/example_display_name.py for tasks to queue
[2024-06-03T10:42:46.490+0000] {logging_mixin.py:188} INFO - [2024-06-03T10:42:46.489+0000] {dagbag.py:545} INFO - Filling up the DagBag from /home/airflow/.local/lib/python3.12/site-packages/airflow/example_dags/example_display_name.py
[2024-06-03T10:42:46.497+0000] {processor.py:840} INFO - DAG(s) 'example_display_name' retrieved from /home/airflow/.local/lib/python3.12/site-packages/airflow/example_dags/example_display_name.py
[2024-06-03T10:42:46.520+0000] {logging_mixin.py:188} INFO - [2024-06-03T10:42:46.520+0000] {dag.py:3096} INFO - Sync 1 DAGs
[2024-06-03T10:42:46.537+0000] {logging_mixin.py:188} INFO - [2024-06-03T10:42:46.537+0000] {dag.py:3954} INFO - Setting next_dagrun for example_display_name to None, run_after=None
[2024-06-03T10:42:46.560+0000] {processor.py:183} INFO - Processing /home/airflow/.local/lib/python3.12/site-packages/airflow/example_dags/example_display_name.py took 0.079 seconds
[2024-06-03T10:43:17.305+0000] {processor.py:161} INFO - Started process (PID=10698) to work on /home/airflow/.local/lib/python3.12/site-packages/airflow/example_dags/example_display_name.py
[2024-06-03T10:43:17.306+0000] {processor.py:830} INFO - Processing file /home/airflow/.local/lib/python3.12/site-packages/airflow/example_dags/example_display_name.py for tasks to queue
[2024-06-03T10:43:17.308+0000] {logging_mixin.py:188} INFO - [2024-06-03T10:43:17.308+0000] {dagbag.py:545} INFO - Filling up the DagBag from /home/airflow/.local/lib/python3.12/site-packages/airflow/example_dags/example_display_name.py
[2024-06-03T10:43:17.314+0000] {processor.py:840} INFO - DAG(s) 'example_display_name' retrieved from /home/airflow/.local/lib/python3.12/site-packages/airflow/example_dags/example_display_name.py
[2024-06-03T10:43:17.340+0000] {logging_mixin.py:188} INFO - [2024-06-03T10:43:17.340+0000] {dag.py:3096} INFO - Sync 1 DAGs
[2024-06-03T10:43:17.497+0000] {logging_mixin.py:188} INFO - [2024-06-03T10:43:17.497+0000] {dag.py:3954} INFO - Setting next_dagrun for example_display_name to None, run_after=None
[2024-06-03T10:43:17.522+0000] {processor.py:183} INFO - Processing /home/airflow/.local/lib/python3.12/site-packages/airflow/example_dags/example_display_name.py took 0.225 seconds
[2024-06-03T10:43:47.570+0000] {processor.py:161} INFO - Started process (PID=10951) to work on /home/airflow/.local/lib/python3.12/site-packages/airflow/example_dags/example_display_name.py
[2024-06-03T10:43:47.572+0000] {processor.py:830} INFO - Processing file /home/airflow/.local/lib/python3.12/site-packages/airflow/example_dags/example_display_name.py for tasks to queue
[2024-06-03T10:43:47.573+0000] {logging_mixin.py:188} INFO - [2024-06-03T10:43:47.573+0000] {dagbag.py:545} INFO - Filling up the DagBag from /home/airflow/.local/lib/python3.12/site-packages/airflow/example_dags/example_display_name.py
[2024-06-03T10:43:47.579+0000] {processor.py:840} INFO - DAG(s) 'example_display_name' retrieved from /home/airflow/.local/lib/python3.12/site-packages/airflow/example_dags/example_display_name.py
[2024-06-03T10:43:47.602+0000] {logging_mixin.py:188} INFO - [2024-06-03T10:43:47.601+0000] {dag.py:3096} INFO - Sync 1 DAGs
[2024-06-03T10:43:47.618+0000] {logging_mixin.py:188} INFO - [2024-06-03T10:43:47.618+0000] {dag.py:3954} INFO - Setting next_dagrun for example_display_name to None, run_after=None
[2024-06-03T10:43:47.642+0000] {processor.py:183} INFO - Processing /home/airflow/.local/lib/python3.12/site-packages/airflow/example_dags/example_display_name.py took 0.078 seconds
[2024-06-03T10:44:18.536+0000] {processor.py:161} INFO - Started process (PID=11207) to work on /home/airflow/.local/lib/python3.12/site-packages/airflow/example_dags/example_display_name.py
[2024-06-03T10:44:18.537+0000] {processor.py:830} INFO - Processing file /home/airflow/.local/lib/python3.12/site-packages/airflow/example_dags/example_display_name.py for tasks to queue
[2024-06-03T10:44:18.539+0000] {logging_mixin.py:188} INFO - [2024-06-03T10:44:18.539+0000] {dagbag.py:545} INFO - Filling up the DagBag from /home/airflow/.local/lib/python3.12/site-packages/airflow/example_dags/example_display_name.py
[2024-06-03T10:44:18.545+0000] {processor.py:840} INFO - DAG(s) 'example_display_name' retrieved from /home/airflow/.local/lib/python3.12/site-packages/airflow/example_dags/example_display_name.py
[2024-06-03T10:44:18.568+0000] {logging_mixin.py:188} INFO - [2024-06-03T10:44:18.568+0000] {dag.py:3096} INFO - Sync 1 DAGs
[2024-06-03T10:44:18.585+0000] {logging_mixin.py:188} INFO - [2024-06-03T10:44:18.585+0000] {dag.py:3954} INFO - Setting next_dagrun for example_display_name to None, run_after=None
[2024-06-03T10:44:18.608+0000] {processor.py:183} INFO - Processing /home/airflow/.local/lib/python3.12/site-packages/airflow/example_dags/example_display_name.py took 0.079 seconds
[2024-06-03T10:44:49.250+0000] {processor.py:161} INFO - Started process (PID=11463) to work on /home/airflow/.local/lib/python3.12/site-packages/airflow/example_dags/example_display_name.py
[2024-06-03T10:44:49.251+0000] {processor.py:830} INFO - Processing file /home/airflow/.local/lib/python3.12/site-packages/airflow/example_dags/example_display_name.py for tasks to queue
[2024-06-03T10:44:49.253+0000] {logging_mixin.py:188} INFO - [2024-06-03T10:44:49.253+0000] {dagbag.py:545} INFO - Filling up the DagBag from /home/airflow/.local/lib/python3.12/site-packages/airflow/example_dags/example_display_name.py
[2024-06-03T10:44:49.259+0000] {processor.py:840} INFO - DAG(s) 'example_display_name' retrieved from /home/airflow/.local/lib/python3.12/site-packages/airflow/example_dags/example_display_name.py
[2024-06-03T10:44:49.281+0000] {logging_mixin.py:188} INFO - [2024-06-03T10:44:49.281+0000] {dag.py:3096} INFO - Sync 1 DAGs
[2024-06-03T10:44:49.298+0000] {logging_mixin.py:188} INFO - [2024-06-03T10:44:49.298+0000] {dag.py:3954} INFO - Setting next_dagrun for example_display_name to None, run_after=None
[2024-06-03T10:44:49.320+0000] {processor.py:183} INFO - Processing /home/airflow/.local/lib/python3.12/site-packages/airflow/example_dags/example_display_name.py took 0.077 seconds
[2024-06-03T10:45:20.165+0000] {processor.py:161} INFO - Started process (PID=11719) to work on /home/airflow/.local/lib/python3.12/site-packages/airflow/example_dags/example_display_name.py
[2024-06-03T10:45:20.166+0000] {processor.py:830} INFO - Processing file /home/airflow/.local/lib/python3.12/site-packages/airflow/example_dags/example_display_name.py for tasks to queue
[2024-06-03T10:45:20.167+0000] {logging_mixin.py:188} INFO - [2024-06-03T10:45:20.167+0000] {dagbag.py:545} INFO - Filling up the DagBag from /home/airflow/.local/lib/python3.12/site-packages/airflow/example_dags/example_display_name.py
[2024-06-03T10:45:20.173+0000] {processor.py:840} INFO - DAG(s) 'example_display_name' retrieved from /home/airflow/.local/lib/python3.12/site-packages/airflow/example_dags/example_display_name.py
[2024-06-03T10:45:20.196+0000] {logging_mixin.py:188} INFO - [2024-06-03T10:45:20.196+0000] {dag.py:3096} INFO - Sync 1 DAGs
[2024-06-03T10:45:20.213+0000] {logging_mixin.py:188} INFO - [2024-06-03T10:45:20.213+0000] {dag.py:3954} INFO - Setting next_dagrun for example_display_name to None, run_after=None
[2024-06-03T10:45:20.236+0000] {processor.py:183} INFO - Processing /home/airflow/.local/lib/python3.12/site-packages/airflow/example_dags/example_display_name.py took 0.078 seconds
[2024-06-03T10:45:50.884+0000] {processor.py:161} INFO - Started process (PID=11975) to work on /home/airflow/.local/lib/python3.12/site-packages/airflow/example_dags/example_display_name.py
[2024-06-03T10:45:50.885+0000] {processor.py:830} INFO - Processing file /home/airflow/.local/lib/python3.12/site-packages/airflow/example_dags/example_display_name.py for tasks to queue
[2024-06-03T10:45:50.887+0000] {logging_mixin.py:188} INFO - [2024-06-03T10:45:50.886+0000] {dagbag.py:545} INFO - Filling up the DagBag from /home/airflow/.local/lib/python3.12/site-packages/airflow/example_dags/example_display_name.py
[2024-06-03T10:45:50.892+0000] {processor.py:840} INFO - DAG(s) 'example_display_name' retrieved from /home/airflow/.local/lib/python3.12/site-packages/airflow/example_dags/example_display_name.py
[2024-06-03T10:45:50.915+0000] {logging_mixin.py:188} INFO - [2024-06-03T10:45:50.915+0000] {dag.py:3096} INFO - Sync 1 DAGs
[2024-06-03T10:45:50.933+0000] {logging_mixin.py:188} INFO - [2024-06-03T10:45:50.932+0000] {dag.py:3954} INFO - Setting next_dagrun for example_display_name to None, run_after=None
[2024-06-03T10:45:50.955+0000] {processor.py:183} INFO - Processing /home/airflow/.local/lib/python3.12/site-packages/airflow/example_dags/example_display_name.py took 0.078 seconds
[2024-06-03T10:46:21.248+0000] {processor.py:161} INFO - Started process (PID=12231) to work on /home/airflow/.local/lib/python3.12/site-packages/airflow/example_dags/example_display_name.py
[2024-06-03T10:46:21.249+0000] {processor.py:830} INFO - Processing file /home/airflow/.local/lib/python3.12/site-packages/airflow/example_dags/example_display_name.py for tasks to queue
[2024-06-03T10:46:21.250+0000] {logging_mixin.py:188} INFO - [2024-06-03T10:46:21.250+0000] {dagbag.py:545} INFO - Filling up the DagBag from /home/airflow/.local/lib/python3.12/site-packages/airflow/example_dags/example_display_name.py
[2024-06-03T10:46:21.256+0000] {processor.py:840} INFO - DAG(s) 'example_display_name' retrieved from /home/airflow/.local/lib/python3.12/site-packages/airflow/example_dags/example_display_name.py
[2024-06-03T10:46:21.279+0000] {logging_mixin.py:188} INFO - [2024-06-03T10:46:21.279+0000] {dag.py:3096} INFO - Sync 1 DAGs
[2024-06-03T10:46:21.297+0000] {logging_mixin.py:188} INFO - [2024-06-03T10:46:21.297+0000] {dag.py:3954} INFO - Setting next_dagrun for example_display_name to None, run_after=None
[2024-06-03T10:46:21.320+0000] {processor.py:183} INFO - Processing /home/airflow/.local/lib/python3.12/site-packages/airflow/example_dags/example_display_name.py took 0.079 seconds
[2024-06-03T10:46:51.831+0000] {processor.py:161} INFO - Started process (PID=12487) to work on /home/airflow/.local/lib/python3.12/site-packages/airflow/example_dags/example_display_name.py
[2024-06-03T10:46:51.832+0000] {processor.py:830} INFO - Processing file /home/airflow/.local/lib/python3.12/site-packages/airflow/example_dags/example_display_name.py for tasks to queue
[2024-06-03T10:46:51.834+0000] {logging_mixin.py:188} INFO - [2024-06-03T10:46:51.833+0000] {dagbag.py:545} INFO - Filling up the DagBag from /home/airflow/.local/lib/python3.12/site-packages/airflow/example_dags/example_display_name.py
[2024-06-03T10:46:51.840+0000] {processor.py:840} INFO - DAG(s) 'example_display_name' retrieved from /home/airflow/.local/lib/python3.12/site-packages/airflow/example_dags/example_display_name.py
[2024-06-03T10:46:51.863+0000] {logging_mixin.py:188} INFO - [2024-06-03T10:46:51.863+0000] {dag.py:3096} INFO - Sync 1 DAGs
[2024-06-03T10:46:51.880+0000] {logging_mixin.py:188} INFO - [2024-06-03T10:46:51.880+0000] {dag.py:3954} INFO - Setting next_dagrun for example_display_name to None, run_after=None
[2024-06-03T10:46:51.903+0000] {processor.py:183} INFO - Processing /home/airflow/.local/lib/python3.12/site-packages/airflow/example_dags/example_display_name.py took 0.079 seconds
[2024-06-03T10:47:22.455+0000] {processor.py:161} INFO - Started process (PID=12743) to work on /home/airflow/.local/lib/python3.12/site-packages/airflow/example_dags/example_display_name.py
[2024-06-03T10:47:22.456+0000] {processor.py:830} INFO - Processing file /home/airflow/.local/lib/python3.12/site-packages/airflow/example_dags/example_display_name.py for tasks to queue
[2024-06-03T10:47:22.458+0000] {logging_mixin.py:188} INFO - [2024-06-03T10:47:22.458+0000] {dagbag.py:545} INFO - Filling up the DagBag from /home/airflow/.local/lib/python3.12/site-packages/airflow/example_dags/example_display_name.py
[2024-06-03T10:47:22.464+0000] {processor.py:840} INFO - DAG(s) 'example_display_name' retrieved from /home/airflow/.local/lib/python3.12/site-packages/airflow/example_dags/example_display_name.py
[2024-06-03T10:47:22.489+0000] {logging_mixin.py:188} INFO - [2024-06-03T10:47:22.489+0000] {dag.py:3096} INFO - Sync 1 DAGs
[2024-06-03T10:47:22.507+0000] {logging_mixin.py:188} INFO - [2024-06-03T10:47:22.506+0000] {dag.py:3954} INFO - Setting next_dagrun for example_display_name to None, run_after=None
[2024-06-03T10:47:22.529+0000] {processor.py:183} INFO - Processing /home/airflow/.local/lib/python3.12/site-packages/airflow/example_dags/example_display_name.py took 0.081 seconds
[2024-06-03T10:47:53.197+0000] {processor.py:161} INFO - Started process (PID=12999) to work on /home/airflow/.local/lib/python3.12/site-packages/airflow/example_dags/example_display_name.py
[2024-06-03T10:47:53.198+0000] {processor.py:830} INFO - Processing file /home/airflow/.local/lib/python3.12/site-packages/airflow/example_dags/example_display_name.py for tasks to queue
[2024-06-03T10:47:53.199+0000] {logging_mixin.py:188} INFO - [2024-06-03T10:47:53.199+0000] {dagbag.py:545} INFO - Filling up the DagBag from /home/airflow/.local/lib/python3.12/site-packages/airflow/example_dags/example_display_name.py
[2024-06-03T10:47:53.205+0000] {processor.py:840} INFO - DAG(s) 'example_display_name' retrieved from /home/airflow/.local/lib/python3.12/site-packages/airflow/example_dags/example_display_name.py
[2024-06-03T10:47:53.228+0000] {logging_mixin.py:188} INFO - [2024-06-03T10:47:53.228+0000] {dag.py:3096} INFO - Sync 1 DAGs
[2024-06-03T10:47:53.245+0000] {logging_mixin.py:188} INFO - [2024-06-03T10:47:53.245+0000] {dag.py:3954} INFO - Setting next_dagrun for example_display_name to None, run_after=None
[2024-06-03T10:47:53.268+0000] {processor.py:183} INFO - Processing /home/airflow/.local/lib/python3.12/site-packages/airflow/example_dags/example_display_name.py took 0.078 seconds
[2024-06-03T10:48:23.592+0000] {processor.py:161} INFO - Started process (PID=13255) to work on /home/airflow/.local/lib/python3.12/site-packages/airflow/example_dags/example_display_name.py
[2024-06-03T10:48:23.593+0000] {processor.py:830} INFO - Processing file /home/airflow/.local/lib/python3.12/site-packages/airflow/example_dags/example_display_name.py for tasks to queue
[2024-06-03T10:48:23.595+0000] {logging_mixin.py:188} INFO - [2024-06-03T10:48:23.594+0000] {dagbag.py:545} INFO - Filling up the DagBag from /home/airflow/.local/lib/python3.12/site-packages/airflow/example_dags/example_display_name.py
[2024-06-03T10:48:23.601+0000] {processor.py:840} INFO - DAG(s) 'example_display_name' retrieved from /home/airflow/.local/lib/python3.12/site-packages/airflow/example_dags/example_display_name.py
[2024-06-03T10:48:23.624+0000] {logging_mixin.py:188} INFO - [2024-06-03T10:48:23.623+0000] {dag.py:3096} INFO - Sync 1 DAGs
[2024-06-03T10:48:23.641+0000] {logging_mixin.py:188} INFO - [2024-06-03T10:48:23.641+0000] {dag.py:3954} INFO - Setting next_dagrun for example_display_name to None, run_after=None
[2024-06-03T10:48:23.667+0000] {processor.py:183} INFO - Processing /home/airflow/.local/lib/python3.12/site-packages/airflow/example_dags/example_display_name.py took 0.081 seconds
[2024-06-03T10:48:53.906+0000] {processor.py:161} INFO - Started process (PID=13511) to work on /home/airflow/.local/lib/python3.12/site-packages/airflow/example_dags/example_display_name.py
[2024-06-03T10:48:53.907+0000] {processor.py:830} INFO - Processing file /home/airflow/.local/lib/python3.12/site-packages/airflow/example_dags/example_display_name.py for tasks to queue
[2024-06-03T10:48:53.909+0000] {logging_mixin.py:188} INFO - [2024-06-03T10:48:53.909+0000] {dagbag.py:545} INFO - Filling up the DagBag from /home/airflow/.local/lib/python3.12/site-packages/airflow/example_dags/example_display_name.py
[2024-06-03T10:48:53.915+0000] {processor.py:840} INFO - DAG(s) 'example_display_name' retrieved from /home/airflow/.local/lib/python3.12/site-packages/airflow/example_dags/example_display_name.py
[2024-06-03T10:48:53.938+0000] {logging_mixin.py:188} INFO - [2024-06-03T10:48:53.937+0000] {dag.py:3096} INFO - Sync 1 DAGs
[2024-06-03T10:48:53.955+0000] {logging_mixin.py:188} INFO - [2024-06-03T10:48:53.955+0000] {dag.py:3954} INFO - Setting next_dagrun for example_display_name to None, run_after=None
[2024-06-03T10:48:53.978+0000] {processor.py:183} INFO - Processing /home/airflow/.local/lib/python3.12/site-packages/airflow/example_dags/example_display_name.py took 0.079 seconds
[2024-06-03T10:49:24.237+0000] {processor.py:161} INFO - Started process (PID=13767) to work on /home/airflow/.local/lib/python3.12/site-packages/airflow/example_dags/example_display_name.py
[2024-06-03T10:49:24.238+0000] {processor.py:830} INFO - Processing file /home/airflow/.local/lib/python3.12/site-packages/airflow/example_dags/example_display_name.py for tasks to queue
[2024-06-03T10:49:24.240+0000] {logging_mixin.py:188} INFO - [2024-06-03T10:49:24.239+0000] {dagbag.py:545} INFO - Filling up the DagBag from /home/airflow/.local/lib/python3.12/site-packages/airflow/example_dags/example_display_name.py
[2024-06-03T10:49:24.245+0000] {processor.py:840} INFO - DAG(s) 'example_display_name' retrieved from /home/airflow/.local/lib/python3.12/site-packages/airflow/example_dags/example_display_name.py
[2024-06-03T10:49:24.269+0000] {logging_mixin.py:188} INFO - [2024-06-03T10:49:24.268+0000] {dag.py:3096} INFO - Sync 1 DAGs
[2024-06-03T10:49:24.285+0000] {logging_mixin.py:188} INFO - [2024-06-03T10:49:24.285+0000] {dag.py:3954} INFO - Setting next_dagrun for example_display_name to None, run_after=None
[2024-06-03T10:49:24.309+0000] {processor.py:183} INFO - Processing /home/airflow/.local/lib/python3.12/site-packages/airflow/example_dags/example_display_name.py took 0.078 seconds
[2024-06-03T10:49:54.791+0000] {processor.py:161} INFO - Started process (PID=14023) to work on /home/airflow/.local/lib/python3.12/site-packages/airflow/example_dags/example_display_name.py
[2024-06-03T10:49:54.793+0000] {processor.py:830} INFO - Processing file /home/airflow/.local/lib/python3.12/site-packages/airflow/example_dags/example_display_name.py for tasks to queue
[2024-06-03T10:49:54.794+0000] {logging_mixin.py:188} INFO - [2024-06-03T10:49:54.794+0000] {dagbag.py:545} INFO - Filling up the DagBag from /home/airflow/.local/lib/python3.12/site-packages/airflow/example_dags/example_display_name.py
[2024-06-03T10:49:54.800+0000] {processor.py:840} INFO - DAG(s) 'example_display_name' retrieved from /home/airflow/.local/lib/python3.12/site-packages/airflow/example_dags/example_display_name.py
[2024-06-03T10:49:54.823+0000] {logging_mixin.py:188} INFO - [2024-06-03T10:49:54.822+0000] {dag.py:3096} INFO - Sync 1 DAGs
[2024-06-03T10:49:54.839+0000] {logging_mixin.py:188} INFO - [2024-06-03T10:49:54.839+0000] {dag.py:3954} INFO - Setting next_dagrun for example_display_name to None, run_after=None
[2024-06-03T10:49:54.862+0000] {processor.py:183} INFO - Processing /home/airflow/.local/lib/python3.12/site-packages/airflow/example_dags/example_display_name.py took 0.077 seconds
[2024-06-03T10:50:25.190+0000] {processor.py:161} INFO - Started process (PID=14279) to work on /home/airflow/.local/lib/python3.12/site-packages/airflow/example_dags/example_display_name.py
[2024-06-03T10:50:25.191+0000] {processor.py:830} INFO - Processing file /home/airflow/.local/lib/python3.12/site-packages/airflow/example_dags/example_display_name.py for tasks to queue
[2024-06-03T10:50:25.193+0000] {logging_mixin.py:188} INFO - [2024-06-03T10:50:25.192+0000] {dagbag.py:545} INFO - Filling up the DagBag from /home/airflow/.local/lib/python3.12/site-packages/airflow/example_dags/example_display_name.py
[2024-06-03T10:50:25.199+0000] {processor.py:840} INFO - DAG(s) 'example_display_name' retrieved from /home/airflow/.local/lib/python3.12/site-packages/airflow/example_dags/example_display_name.py
[2024-06-03T10:50:25.222+0000] {logging_mixin.py:188} INFO - [2024-06-03T10:50:25.222+0000] {dag.py:3096} INFO - Sync 1 DAGs
[2024-06-03T10:50:25.239+0000] {logging_mixin.py:188} INFO - [2024-06-03T10:50:25.239+0000] {dag.py:3954} INFO - Setting next_dagrun for example_display_name to None, run_after=None
[2024-06-03T10:50:25.263+0000] {processor.py:183} INFO - Processing /home/airflow/.local/lib/python3.12/site-packages/airflow/example_dags/example_display_name.py took 0.080 seconds
[2024-06-03T10:50:55.885+0000] {processor.py:161} INFO - Started process (PID=14535) to work on /home/airflow/.local/lib/python3.12/site-packages/airflow/example_dags/example_display_name.py
[2024-06-03T10:50:55.886+0000] {processor.py:830} INFO - Processing file /home/airflow/.local/lib/python3.12/site-packages/airflow/example_dags/example_display_name.py for tasks to queue
[2024-06-03T10:50:55.887+0000] {logging_mixin.py:188} INFO - [2024-06-03T10:50:55.887+0000] {dagbag.py:545} INFO - Filling up the DagBag from /home/airflow/.local/lib/python3.12/site-packages/airflow/example_dags/example_display_name.py
[2024-06-03T10:50:55.893+0000] {processor.py:840} INFO - DAG(s) 'example_display_name' retrieved from /home/airflow/.local/lib/python3.12/site-packages/airflow/example_dags/example_display_name.py
[2024-06-03T10:50:55.916+0000] {logging_mixin.py:188} INFO - [2024-06-03T10:50:55.916+0000] {dag.py:3096} INFO - Sync 1 DAGs
[2024-06-03T10:50:55.933+0000] {logging_mixin.py:188} INFO - [2024-06-03T10:50:55.933+0000] {dag.py:3954} INFO - Setting next_dagrun for example_display_name to None, run_after=None
[2024-06-03T10:50:55.955+0000] {processor.py:183} INFO - Processing /home/airflow/.local/lib/python3.12/site-packages/airflow/example_dags/example_display_name.py took 0.077 seconds
[2024-06-03T10:51:26.647+0000] {processor.py:161} INFO - Started process (PID=14791) to work on /home/airflow/.local/lib/python3.12/site-packages/airflow/example_dags/example_display_name.py
[2024-06-03T10:51:26.648+0000] {processor.py:830} INFO - Processing file /home/airflow/.local/lib/python3.12/site-packages/airflow/example_dags/example_display_name.py for tasks to queue
[2024-06-03T10:51:26.649+0000] {logging_mixin.py:188} INFO - [2024-06-03T10:51:26.649+0000] {dagbag.py:545} INFO - Filling up the DagBag from /home/airflow/.local/lib/python3.12/site-packages/airflow/example_dags/example_display_name.py
[2024-06-03T10:51:26.655+0000] {processor.py:840} INFO - DAG(s) 'example_display_name' retrieved from /home/airflow/.local/lib/python3.12/site-packages/airflow/example_dags/example_display_name.py
[2024-06-03T10:51:26.679+0000] {logging_mixin.py:188} INFO - [2024-06-03T10:51:26.679+0000] {dag.py:3096} INFO - Sync 1 DAGs
[2024-06-03T10:51:26.697+0000] {logging_mixin.py:188} INFO - [2024-06-03T10:51:26.696+0000] {dag.py:3954} INFO - Setting next_dagrun for example_display_name to None, run_after=None
[2024-06-03T10:51:26.721+0000] {processor.py:183} INFO - Processing /home/airflow/.local/lib/python3.12/site-packages/airflow/example_dags/example_display_name.py took 0.081 seconds
[2024-06-03T10:51:57.303+0000] {processor.py:161} INFO - Started process (PID=15047) to work on /home/airflow/.local/lib/python3.12/site-packages/airflow/example_dags/example_display_name.py
[2024-06-03T10:51:57.304+0000] {processor.py:830} INFO - Processing file /home/airflow/.local/lib/python3.12/site-packages/airflow/example_dags/example_display_name.py for tasks to queue
[2024-06-03T10:51:57.306+0000] {logging_mixin.py:188} INFO - [2024-06-03T10:51:57.306+0000] {dagbag.py:545} INFO - Filling up the DagBag from /home/airflow/.local/lib/python3.12/site-packages/airflow/example_dags/example_display_name.py
[2024-06-03T10:51:57.312+0000] {processor.py:840} INFO - DAG(s) 'example_display_name' retrieved from /home/airflow/.local/lib/python3.12/site-packages/airflow/example_dags/example_display_name.py
[2024-06-03T10:51:57.336+0000] {logging_mixin.py:188} INFO - [2024-06-03T10:51:57.335+0000] {dag.py:3096} INFO - Sync 1 DAGs
[2024-06-03T10:51:57.354+0000] {logging_mixin.py:188} INFO - [2024-06-03T10:51:57.353+0000] {dag.py:3954} INFO - Setting next_dagrun for example_display_name to None, run_after=None
[2024-06-03T10:51:57.377+0000] {processor.py:183} INFO - Processing /home/airflow/.local/lib/python3.12/site-packages/airflow/example_dags/example_display_name.py took 0.081 seconds
[2024-06-03T10:52:28.010+0000] {processor.py:161} INFO - Started process (PID=15303) to work on /home/airflow/.local/lib/python3.12/site-packages/airflow/example_dags/example_display_name.py
[2024-06-03T10:52:28.011+0000] {processor.py:830} INFO - Processing file /home/airflow/.local/lib/python3.12/site-packages/airflow/example_dags/example_display_name.py for tasks to queue
[2024-06-03T10:52:28.013+0000] {logging_mixin.py:188} INFO - [2024-06-03T10:52:28.012+0000] {dagbag.py:545} INFO - Filling up the DagBag from /home/airflow/.local/lib/python3.12/site-packages/airflow/example_dags/example_display_name.py
[2024-06-03T10:52:28.018+0000] {processor.py:840} INFO - DAG(s) 'example_display_name' retrieved from /home/airflow/.local/lib/python3.12/site-packages/airflow/example_dags/example_display_name.py
[2024-06-03T10:52:28.042+0000] {logging_mixin.py:188} INFO - [2024-06-03T10:52:28.041+0000] {dag.py:3096} INFO - Sync 1 DAGs
[2024-06-03T10:52:28.059+0000] {logging_mixin.py:188} INFO - [2024-06-03T10:52:28.058+0000] {dag.py:3954} INFO - Setting next_dagrun for example_display_name to None, run_after=None
[2024-06-03T10:52:28.082+0000] {processor.py:183} INFO - Processing /home/airflow/.local/lib/python3.12/site-packages/airflow/example_dags/example_display_name.py took 0.078 seconds
[2024-06-03T10:52:58.425+0000] {processor.py:161} INFO - Started process (PID=15559) to work on /home/airflow/.local/lib/python3.12/site-packages/airflow/example_dags/example_display_name.py
[2024-06-03T10:52:58.426+0000] {processor.py:830} INFO - Processing file /home/airflow/.local/lib/python3.12/site-packages/airflow/example_dags/example_display_name.py for tasks to queue
[2024-06-03T10:52:58.428+0000] {logging_mixin.py:188} INFO - [2024-06-03T10:52:58.428+0000] {dagbag.py:545} INFO - Filling up the DagBag from /home/airflow/.local/lib/python3.12/site-packages/airflow/example_dags/example_display_name.py
[2024-06-03T10:52:58.435+0000] {processor.py:840} INFO - DAG(s) 'example_display_name' retrieved from /home/airflow/.local/lib/python3.12/site-packages/airflow/example_dags/example_display_name.py
[2024-06-03T10:52:58.458+0000] {logging_mixin.py:188} INFO - [2024-06-03T10:52:58.458+0000] {dag.py:3096} INFO - Sync 1 DAGs
[2024-06-03T10:52:58.476+0000] {logging_mixin.py:188} INFO - [2024-06-03T10:52:58.475+0000] {dag.py:3954} INFO - Setting next_dagrun for example_display_name to None, run_after=None
[2024-06-03T10:52:58.501+0000] {processor.py:183} INFO - Processing /home/airflow/.local/lib/python3.12/site-packages/airflow/example_dags/example_display_name.py took 0.083 seconds
[2024-06-03T10:53:28.796+0000] {processor.py:161} INFO - Started process (PID=15815) to work on /home/airflow/.local/lib/python3.12/site-packages/airflow/example_dags/example_display_name.py
[2024-06-03T10:53:28.796+0000] {processor.py:830} INFO - Processing file /home/airflow/.local/lib/python3.12/site-packages/airflow/example_dags/example_display_name.py for tasks to queue
[2024-06-03T10:53:28.798+0000] {logging_mixin.py:188} INFO - [2024-06-03T10:53:28.798+0000] {dagbag.py:545} INFO - Filling up the DagBag from /home/airflow/.local/lib/python3.12/site-packages/airflow/example_dags/example_display_name.py
[2024-06-03T10:53:28.804+0000] {processor.py:840} INFO - DAG(s) 'example_display_name' retrieved from /home/airflow/.local/lib/python3.12/site-packages/airflow/example_dags/example_display_name.py
[2024-06-03T10:53:28.827+0000] {logging_mixin.py:188} INFO - [2024-06-03T10:53:28.827+0000] {dag.py:3096} INFO - Sync 1 DAGs
[2024-06-03T10:53:28.845+0000] {logging_mixin.py:188} INFO - [2024-06-03T10:53:28.844+0000] {dag.py:3954} INFO - Setting next_dagrun for example_display_name to None, run_after=None
[2024-06-03T10:53:28.868+0000] {processor.py:183} INFO - Processing /home/airflow/.local/lib/python3.12/site-packages/airflow/example_dags/example_display_name.py took 0.079 seconds
