[2024-06-03T09:55:42.028+0000] {processor.py:161} INFO - Started process (PID=326) to work on /home/airflow/.local/lib/python3.12/site-packages/airflow/example_dags/example_task_group.py
[2024-06-03T09:55:42.029+0000] {processor.py:830} INFO - Processing file /home/airflow/.local/lib/python3.12/site-packages/airflow/example_dags/example_task_group.py for tasks to queue
[2024-06-03T09:55:42.032+0000] {logging_mixin.py:188} INFO - [2024-06-03T09:55:42.031+0000] {dagbag.py:545} INFO - Filling up the DagBag from /home/airflow/.local/lib/python3.12/site-packages/airflow/example_dags/example_task_group.py
[2024-06-03T09:55:42.060+0000] {processor.py:840} INFO - DAG(s) 'example_task_group' retrieved from /home/airflow/.local/lib/python3.12/site-packages/airflow/example_dags/example_task_group.py
[2024-06-03T09:55:42.506+0000] {logging_mixin.py:188} INFO - [2024-06-03T09:55:42.506+0000] {dag.py:3096} INFO - Sync 1 DAGs
[2024-06-03T09:55:42.549+0000] {logging_mixin.py:188} INFO - [2024-06-03T09:55:42.549+0000] {dag.py:3954} INFO - Setting next_dagrun for example_task_group to 2024-06-02 00:00:00+00:00, run_after=2024-06-03 00:00:00+00:00
[2024-06-03T09:55:42.684+0000] {processor.py:183} INFO - Processing /home/airflow/.local/lib/python3.12/site-packages/airflow/example_dags/example_task_group.py took 0.698 seconds
[2024-06-03T09:58:17.128+0000] {processor.py:161} INFO - Started process (PID=627) to work on /home/airflow/.local/lib/python3.12/site-packages/airflow/example_dags/example_task_group.py
[2024-06-03T09:58:17.182+0000] {processor.py:830} INFO - Processing file /home/airflow/.local/lib/python3.12/site-packages/airflow/example_dags/example_task_group.py for tasks to queue
[2024-06-03T09:58:17.185+0000] {logging_mixin.py:188} INFO - [2024-06-03T09:58:17.184+0000] {dagbag.py:545} INFO - Filling up the DagBag from /home/airflow/.local/lib/python3.12/site-packages/airflow/example_dags/example_task_group.py
[2024-06-03T09:58:17.685+0000] {processor.py:840} INFO - DAG(s) 'example_task_group' retrieved from /home/airflow/.local/lib/python3.12/site-packages/airflow/example_dags/example_task_group.py
[2024-06-03T09:58:18.799+0000] {logging_mixin.py:188} INFO - [2024-06-03T09:58:18.798+0000] {dag.py:3096} INFO - Sync 1 DAGs
[2024-06-03T09:58:19.941+0000] {logging_mixin.py:188} INFO - [2024-06-03T09:58:19.941+0000] {dag.py:3954} INFO - Setting next_dagrun for example_task_group to 2024-06-02 00:00:00+00:00, run_after=2024-06-03 00:00:00+00:00
[2024-06-03T09:58:21.399+0000] {processor.py:183} INFO - Processing /home/airflow/.local/lib/python3.12/site-packages/airflow/example_dags/example_task_group.py took 4.834 seconds
[2024-06-03T10:00:19.877+0000] {processor.py:161} INFO - Started process (PID=963) to work on /home/airflow/.local/lib/python3.12/site-packages/airflow/example_dags/example_task_group.py
[2024-06-03T10:00:19.888+0000] {processor.py:830} INFO - Processing file /home/airflow/.local/lib/python3.12/site-packages/airflow/example_dags/example_task_group.py for tasks to queue
[2024-06-03T10:00:19.890+0000] {logging_mixin.py:188} INFO - [2024-06-03T10:00:19.890+0000] {dagbag.py:545} INFO - Filling up the DagBag from /home/airflow/.local/lib/python3.12/site-packages/airflow/example_dags/example_task_group.py
[2024-06-03T10:00:19.926+0000] {processor.py:840} INFO - DAG(s) 'example_task_group' retrieved from /home/airflow/.local/lib/python3.12/site-packages/airflow/example_dags/example_task_group.py
[2024-06-03T10:00:20.250+0000] {logging_mixin.py:188} INFO - [2024-06-03T10:00:20.249+0000] {dag.py:3096} INFO - Sync 1 DAGs
[2024-06-03T10:00:20.364+0000] {logging_mixin.py:188} INFO - [2024-06-03T10:00:20.364+0000] {dag.py:3954} INFO - Setting next_dagrun for example_task_group to 2024-06-02 00:00:00+00:00, run_after=2024-06-03 00:00:00+00:00
[2024-06-03T10:00:20.655+0000] {processor.py:183} INFO - Processing /home/airflow/.local/lib/python3.12/site-packages/airflow/example_dags/example_task_group.py took 0.831 seconds
[2024-06-03T10:00:53.890+0000] {processor.py:161} INFO - Started process (PID=1219) to work on /home/airflow/.local/lib/python3.12/site-packages/airflow/example_dags/example_task_group.py
[2024-06-03T10:00:53.892+0000] {processor.py:830} INFO - Processing file /home/airflow/.local/lib/python3.12/site-packages/airflow/example_dags/example_task_group.py for tasks to queue
[2024-06-03T10:00:53.906+0000] {logging_mixin.py:188} INFO - [2024-06-03T10:00:53.905+0000] {dagbag.py:545} INFO - Filling up the DagBag from /home/airflow/.local/lib/python3.12/site-packages/airflow/example_dags/example_task_group.py
[2024-06-03T10:00:53.987+0000] {processor.py:840} INFO - DAG(s) 'example_task_group' retrieved from /home/airflow/.local/lib/python3.12/site-packages/airflow/example_dags/example_task_group.py
[2024-06-03T10:00:54.284+0000] {logging_mixin.py:188} INFO - [2024-06-03T10:00:54.283+0000] {dag.py:3096} INFO - Sync 1 DAGs
[2024-06-03T10:00:54.450+0000] {logging_mixin.py:188} INFO - [2024-06-03T10:00:54.450+0000] {dag.py:3954} INFO - Setting next_dagrun for example_task_group to 2024-06-02 00:00:00+00:00, run_after=2024-06-03 00:00:00+00:00
[2024-06-03T10:00:54.661+0000] {processor.py:183} INFO - Processing /home/airflow/.local/lib/python3.12/site-packages/airflow/example_dags/example_task_group.py took 0.871 seconds
[2024-06-03T10:02:25.480+0000] {processor.py:161} INFO - Started process (PID=1469) to work on /home/airflow/.local/lib/python3.12/site-packages/airflow/example_dags/example_task_group.py
[2024-06-03T10:02:25.483+0000] {processor.py:830} INFO - Processing file /home/airflow/.local/lib/python3.12/site-packages/airflow/example_dags/example_task_group.py for tasks to queue
[2024-06-03T10:02:25.503+0000] {logging_mixin.py:188} INFO - [2024-06-03T10:02:25.502+0000] {dagbag.py:545} INFO - Filling up the DagBag from /home/airflow/.local/lib/python3.12/site-packages/airflow/example_dags/example_task_group.py
[2024-06-03T10:02:25.602+0000] {processor.py:840} INFO - DAG(s) 'example_task_group' retrieved from /home/airflow/.local/lib/python3.12/site-packages/airflow/example_dags/example_task_group.py
[2024-06-03T10:02:26.006+0000] {logging_mixin.py:188} INFO - [2024-06-03T10:02:26.005+0000] {dag.py:3096} INFO - Sync 1 DAGs
[2024-06-03T10:02:26.630+0000] {logging_mixin.py:188} INFO - [2024-06-03T10:02:26.629+0000] {dag.py:3954} INFO - Setting next_dagrun for example_task_group to 2024-06-02 00:00:00+00:00, run_after=2024-06-03 00:00:00+00:00
[2024-06-03T10:02:27.254+0000] {processor.py:183} INFO - Processing /home/airflow/.local/lib/python3.12/site-packages/airflow/example_dags/example_task_group.py took 1.971 seconds
[2024-06-03T10:05:13.225+0000] {processor.py:161} INFO - Started process (PID=1812) to work on /home/airflow/.local/lib/python3.12/site-packages/airflow/example_dags/example_task_group.py
[2024-06-03T10:05:13.241+0000] {processor.py:830} INFO - Processing file /home/airflow/.local/lib/python3.12/site-packages/airflow/example_dags/example_task_group.py for tasks to queue
[2024-06-03T10:05:13.254+0000] {logging_mixin.py:188} INFO - [2024-06-03T10:05:13.243+0000] {dagbag.py:545} INFO - Filling up the DagBag from /home/airflow/.local/lib/python3.12/site-packages/airflow/example_dags/example_task_group.py
[2024-06-03T10:05:13.301+0000] {processor.py:840} INFO - DAG(s) 'example_task_group' retrieved from /home/airflow/.local/lib/python3.12/site-packages/airflow/example_dags/example_task_group.py
[2024-06-03T10:05:13.461+0000] {logging_mixin.py:188} INFO - [2024-06-03T10:05:13.460+0000] {dag.py:3096} INFO - Sync 1 DAGs
[2024-06-03T10:05:13.551+0000] {logging_mixin.py:188} INFO - [2024-06-03T10:05:13.550+0000] {dag.py:3954} INFO - Setting next_dagrun for example_task_group to 2024-06-02 00:00:00+00:00, run_after=2024-06-03 00:00:00+00:00
[2024-06-03T10:05:13.689+0000] {processor.py:183} INFO - Processing /home/airflow/.local/lib/python3.12/site-packages/airflow/example_dags/example_task_group.py took 0.492 seconds
[2024-06-03T10:05:44.096+0000] {processor.py:161} INFO - Started process (PID=2066) to work on /home/airflow/.local/lib/python3.12/site-packages/airflow/example_dags/example_task_group.py
[2024-06-03T10:05:44.098+0000] {processor.py:830} INFO - Processing file /home/airflow/.local/lib/python3.12/site-packages/airflow/example_dags/example_task_group.py for tasks to queue
[2024-06-03T10:05:44.101+0000] {logging_mixin.py:188} INFO - [2024-06-03T10:05:44.100+0000] {dagbag.py:545} INFO - Filling up the DagBag from /home/airflow/.local/lib/python3.12/site-packages/airflow/example_dags/example_task_group.py
[2024-06-03T10:05:44.116+0000] {processor.py:840} INFO - DAG(s) 'example_task_group' retrieved from /home/airflow/.local/lib/python3.12/site-packages/airflow/example_dags/example_task_group.py
[2024-06-03T10:05:44.288+0000] {logging_mixin.py:188} INFO - [2024-06-03T10:05:44.287+0000] {dag.py:3096} INFO - Sync 1 DAGs
[2024-06-03T10:05:44.422+0000] {logging_mixin.py:188} INFO - [2024-06-03T10:05:44.421+0000] {dag.py:3954} INFO - Setting next_dagrun for example_task_group to 2024-06-02 00:00:00+00:00, run_after=2024-06-03 00:00:00+00:00
[2024-06-03T10:05:44.548+0000] {processor.py:183} INFO - Processing /home/airflow/.local/lib/python3.12/site-packages/airflow/example_dags/example_task_group.py took 0.463 seconds
[2024-06-03T10:22:31.911+0000] {processor.py:161} INFO - Started process (PID=328) to work on /home/airflow/.local/lib/python3.12/site-packages/airflow/example_dags/example_task_group.py
[2024-06-03T10:22:31.912+0000] {processor.py:830} INFO - Processing file /home/airflow/.local/lib/python3.12/site-packages/airflow/example_dags/example_task_group.py for tasks to queue
[2024-06-03T10:22:31.916+0000] {logging_mixin.py:188} INFO - [2024-06-03T10:22:31.915+0000] {dagbag.py:545} INFO - Filling up the DagBag from /home/airflow/.local/lib/python3.12/site-packages/airflow/example_dags/example_task_group.py
[2024-06-03T10:22:31.925+0000] {processor.py:840} INFO - DAG(s) 'example_task_group' retrieved from /home/airflow/.local/lib/python3.12/site-packages/airflow/example_dags/example_task_group.py
[2024-06-03T10:22:32.110+0000] {logging_mixin.py:188} INFO - [2024-06-03T10:22:32.110+0000] {dag.py:3096} INFO - Sync 1 DAGs
[2024-06-03T10:22:32.146+0000] {logging_mixin.py:188} INFO - [2024-06-03T10:22:32.146+0000] {dag.py:3954} INFO - Setting next_dagrun for example_task_group to 2024-06-02 00:00:00+00:00, run_after=2024-06-03 00:00:00+00:00
[2024-06-03T10:22:32.177+0000] {processor.py:183} INFO - Processing /home/airflow/.local/lib/python3.12/site-packages/airflow/example_dags/example_task_group.py took 0.273 seconds
[2024-06-03T10:23:02.897+0000] {processor.py:161} INFO - Started process (PID=584) to work on /home/airflow/.local/lib/python3.12/site-packages/airflow/example_dags/example_task_group.py
[2024-06-03T10:23:02.898+0000] {processor.py:830} INFO - Processing file /home/airflow/.local/lib/python3.12/site-packages/airflow/example_dags/example_task_group.py for tasks to queue
[2024-06-03T10:23:02.900+0000] {logging_mixin.py:188} INFO - [2024-06-03T10:23:02.899+0000] {dagbag.py:545} INFO - Filling up the DagBag from /home/airflow/.local/lib/python3.12/site-packages/airflow/example_dags/example_task_group.py
[2024-06-03T10:23:02.909+0000] {processor.py:840} INFO - DAG(s) 'example_task_group' retrieved from /home/airflow/.local/lib/python3.12/site-packages/airflow/example_dags/example_task_group.py
[2024-06-03T10:23:02.939+0000] {logging_mixin.py:188} INFO - [2024-06-03T10:23:02.939+0000] {dag.py:3096} INFO - Sync 1 DAGs
[2024-06-03T10:23:02.971+0000] {logging_mixin.py:188} INFO - [2024-06-03T10:23:02.970+0000] {dag.py:3954} INFO - Setting next_dagrun for example_task_group to 2024-06-02 00:00:00+00:00, run_after=2024-06-03 00:00:00+00:00
[2024-06-03T10:23:02.997+0000] {processor.py:183} INFO - Processing /home/airflow/.local/lib/python3.12/site-packages/airflow/example_dags/example_task_group.py took 0.106 seconds
[2024-06-03T10:23:33.510+0000] {processor.py:161} INFO - Started process (PID=840) to work on /home/airflow/.local/lib/python3.12/site-packages/airflow/example_dags/example_task_group.py
[2024-06-03T10:23:33.511+0000] {processor.py:830} INFO - Processing file /home/airflow/.local/lib/python3.12/site-packages/airflow/example_dags/example_task_group.py for tasks to queue
[2024-06-03T10:23:33.513+0000] {logging_mixin.py:188} INFO - [2024-06-03T10:23:33.512+0000] {dagbag.py:545} INFO - Filling up the DagBag from /home/airflow/.local/lib/python3.12/site-packages/airflow/example_dags/example_task_group.py
[2024-06-03T10:23:33.522+0000] {processor.py:840} INFO - DAG(s) 'example_task_group' retrieved from /home/airflow/.local/lib/python3.12/site-packages/airflow/example_dags/example_task_group.py
[2024-06-03T10:23:33.551+0000] {logging_mixin.py:188} INFO - [2024-06-03T10:23:33.551+0000] {dag.py:3096} INFO - Sync 1 DAGs
[2024-06-03T10:23:33.583+0000] {logging_mixin.py:188} INFO - [2024-06-03T10:23:33.583+0000] {dag.py:3954} INFO - Setting next_dagrun for example_task_group to 2024-06-02 00:00:00+00:00, run_after=2024-06-03 00:00:00+00:00
[2024-06-03T10:23:33.606+0000] {processor.py:183} INFO - Processing /home/airflow/.local/lib/python3.12/site-packages/airflow/example_dags/example_task_group.py took 0.104 seconds
[2024-06-03T10:24:04.175+0000] {processor.py:161} INFO - Started process (PID=1096) to work on /home/airflow/.local/lib/python3.12/site-packages/airflow/example_dags/example_task_group.py
[2024-06-03T10:24:04.176+0000] {processor.py:830} INFO - Processing file /home/airflow/.local/lib/python3.12/site-packages/airflow/example_dags/example_task_group.py for tasks to queue
[2024-06-03T10:24:04.178+0000] {logging_mixin.py:188} INFO - [2024-06-03T10:24:04.177+0000] {dagbag.py:545} INFO - Filling up the DagBag from /home/airflow/.local/lib/python3.12/site-packages/airflow/example_dags/example_task_group.py
[2024-06-03T10:24:04.187+0000] {processor.py:840} INFO - DAG(s) 'example_task_group' retrieved from /home/airflow/.local/lib/python3.12/site-packages/airflow/example_dags/example_task_group.py
[2024-06-03T10:24:04.215+0000] {logging_mixin.py:188} INFO - [2024-06-03T10:24:04.215+0000] {dag.py:3096} INFO - Sync 1 DAGs
[2024-06-03T10:24:04.246+0000] {logging_mixin.py:188} INFO - [2024-06-03T10:24:04.246+0000] {dag.py:3954} INFO - Setting next_dagrun for example_task_group to 2024-06-02 00:00:00+00:00, run_after=2024-06-03 00:00:00+00:00
[2024-06-03T10:24:04.269+0000] {processor.py:183} INFO - Processing /home/airflow/.local/lib/python3.12/site-packages/airflow/example_dags/example_task_group.py took 0.101 seconds
[2024-06-03T10:24:34.638+0000] {processor.py:161} INFO - Started process (PID=1352) to work on /home/airflow/.local/lib/python3.12/site-packages/airflow/example_dags/example_task_group.py
[2024-06-03T10:24:34.639+0000] {processor.py:830} INFO - Processing file /home/airflow/.local/lib/python3.12/site-packages/airflow/example_dags/example_task_group.py for tasks to queue
[2024-06-03T10:24:34.641+0000] {logging_mixin.py:188} INFO - [2024-06-03T10:24:34.641+0000] {dagbag.py:545} INFO - Filling up the DagBag from /home/airflow/.local/lib/python3.12/site-packages/airflow/example_dags/example_task_group.py
[2024-06-03T10:24:34.653+0000] {processor.py:840} INFO - DAG(s) 'example_task_group' retrieved from /home/airflow/.local/lib/python3.12/site-packages/airflow/example_dags/example_task_group.py
[2024-06-03T10:24:34.690+0000] {logging_mixin.py:188} INFO - [2024-06-03T10:24:34.689+0000] {dag.py:3096} INFO - Sync 1 DAGs
[2024-06-03T10:24:34.729+0000] {logging_mixin.py:188} INFO - [2024-06-03T10:24:34.728+0000] {dag.py:3954} INFO - Setting next_dagrun for example_task_group to 2024-06-02 00:00:00+00:00, run_after=2024-06-03 00:00:00+00:00
[2024-06-03T10:24:34.758+0000] {processor.py:183} INFO - Processing /home/airflow/.local/lib/python3.12/site-packages/airflow/example_dags/example_task_group.py took 0.131 seconds
[2024-06-03T10:25:05.053+0000] {processor.py:161} INFO - Started process (PID=1608) to work on /home/airflow/.local/lib/python3.12/site-packages/airflow/example_dags/example_task_group.py
[2024-06-03T10:25:05.054+0000] {processor.py:830} INFO - Processing file /home/airflow/.local/lib/python3.12/site-packages/airflow/example_dags/example_task_group.py for tasks to queue
[2024-06-03T10:25:05.055+0000] {logging_mixin.py:188} INFO - [2024-06-03T10:25:05.055+0000] {dagbag.py:545} INFO - Filling up the DagBag from /home/airflow/.local/lib/python3.12/site-packages/airflow/example_dags/example_task_group.py
[2024-06-03T10:25:05.064+0000] {processor.py:840} INFO - DAG(s) 'example_task_group' retrieved from /home/airflow/.local/lib/python3.12/site-packages/airflow/example_dags/example_task_group.py
[2024-06-03T10:25:05.093+0000] {logging_mixin.py:188} INFO - [2024-06-03T10:25:05.093+0000] {dag.py:3096} INFO - Sync 1 DAGs
[2024-06-03T10:25:05.125+0000] {logging_mixin.py:188} INFO - [2024-06-03T10:25:05.124+0000] {dag.py:3954} INFO - Setting next_dagrun for example_task_group to 2024-06-02 00:00:00+00:00, run_after=2024-06-03 00:00:00+00:00
[2024-06-03T10:25:05.148+0000] {processor.py:183} INFO - Processing /home/airflow/.local/lib/python3.12/site-packages/airflow/example_dags/example_task_group.py took 0.102 seconds
[2024-06-03T10:25:35.480+0000] {processor.py:161} INFO - Started process (PID=1864) to work on /home/airflow/.local/lib/python3.12/site-packages/airflow/example_dags/example_task_group.py
[2024-06-03T10:25:35.481+0000] {processor.py:830} INFO - Processing file /home/airflow/.local/lib/python3.12/site-packages/airflow/example_dags/example_task_group.py for tasks to queue
[2024-06-03T10:25:35.483+0000] {logging_mixin.py:188} INFO - [2024-06-03T10:25:35.483+0000] {dagbag.py:545} INFO - Filling up the DagBag from /home/airflow/.local/lib/python3.12/site-packages/airflow/example_dags/example_task_group.py
[2024-06-03T10:25:35.493+0000] {processor.py:840} INFO - DAG(s) 'example_task_group' retrieved from /home/airflow/.local/lib/python3.12/site-packages/airflow/example_dags/example_task_group.py
[2024-06-03T10:25:35.521+0000] {logging_mixin.py:188} INFO - [2024-06-03T10:25:35.521+0000] {dag.py:3096} INFO - Sync 1 DAGs
[2024-06-03T10:25:35.554+0000] {logging_mixin.py:188} INFO - [2024-06-03T10:25:35.553+0000] {dag.py:3954} INFO - Setting next_dagrun for example_task_group to 2024-06-02 00:00:00+00:00, run_after=2024-06-03 00:00:00+00:00
[2024-06-03T10:25:35.581+0000] {processor.py:183} INFO - Processing /home/airflow/.local/lib/python3.12/site-packages/airflow/example_dags/example_task_group.py took 0.108 seconds
[2024-06-03T10:26:06.078+0000] {processor.py:161} INFO - Started process (PID=2120) to work on /home/airflow/.local/lib/python3.12/site-packages/airflow/example_dags/example_task_group.py
[2024-06-03T10:26:06.079+0000] {processor.py:830} INFO - Processing file /home/airflow/.local/lib/python3.12/site-packages/airflow/example_dags/example_task_group.py for tasks to queue
[2024-06-03T10:26:06.081+0000] {logging_mixin.py:188} INFO - [2024-06-03T10:26:06.080+0000] {dagbag.py:545} INFO - Filling up the DagBag from /home/airflow/.local/lib/python3.12/site-packages/airflow/example_dags/example_task_group.py
[2024-06-03T10:26:06.090+0000] {processor.py:840} INFO - DAG(s) 'example_task_group' retrieved from /home/airflow/.local/lib/python3.12/site-packages/airflow/example_dags/example_task_group.py
[2024-06-03T10:26:06.119+0000] {logging_mixin.py:188} INFO - [2024-06-03T10:26:06.119+0000] {dag.py:3096} INFO - Sync 1 DAGs
[2024-06-03T10:26:06.151+0000] {logging_mixin.py:188} INFO - [2024-06-03T10:26:06.151+0000] {dag.py:3954} INFO - Setting next_dagrun for example_task_group to 2024-06-02 00:00:00+00:00, run_after=2024-06-03 00:00:00+00:00
[2024-06-03T10:26:06.176+0000] {processor.py:183} INFO - Processing /home/airflow/.local/lib/python3.12/site-packages/airflow/example_dags/example_task_group.py took 0.106 seconds
[2024-06-03T10:26:36.338+0000] {processor.py:161} INFO - Started process (PID=2378) to work on /home/airflow/.local/lib/python3.12/site-packages/airflow/example_dags/example_task_group.py
[2024-06-03T10:26:36.339+0000] {processor.py:830} INFO - Processing file /home/airflow/.local/lib/python3.12/site-packages/airflow/example_dags/example_task_group.py for tasks to queue
[2024-06-03T10:26:36.340+0000] {logging_mixin.py:188} INFO - [2024-06-03T10:26:36.340+0000] {dagbag.py:545} INFO - Filling up the DagBag from /home/airflow/.local/lib/python3.12/site-packages/airflow/example_dags/example_task_group.py
[2024-06-03T10:26:36.349+0000] {processor.py:840} INFO - DAG(s) 'example_task_group' retrieved from /home/airflow/.local/lib/python3.12/site-packages/airflow/example_dags/example_task_group.py
[2024-06-03T10:26:36.379+0000] {logging_mixin.py:188} INFO - [2024-06-03T10:26:36.378+0000] {dag.py:3096} INFO - Sync 1 DAGs
[2024-06-03T10:26:36.410+0000] {logging_mixin.py:188} INFO - [2024-06-03T10:26:36.409+0000] {dag.py:3954} INFO - Setting next_dagrun for example_task_group to 2024-06-02 00:00:00+00:00, run_after=2024-06-03 00:00:00+00:00
[2024-06-03T10:26:36.434+0000] {processor.py:183} INFO - Processing /home/airflow/.local/lib/python3.12/site-packages/airflow/example_dags/example_task_group.py took 0.103 seconds
[2024-06-03T10:27:06.847+0000] {processor.py:161} INFO - Started process (PID=2632) to work on /home/airflow/.local/lib/python3.12/site-packages/airflow/example_dags/example_task_group.py
[2024-06-03T10:27:06.848+0000] {processor.py:830} INFO - Processing file /home/airflow/.local/lib/python3.12/site-packages/airflow/example_dags/example_task_group.py for tasks to queue
[2024-06-03T10:27:06.850+0000] {logging_mixin.py:188} INFO - [2024-06-03T10:27:06.850+0000] {dagbag.py:545} INFO - Filling up the DagBag from /home/airflow/.local/lib/python3.12/site-packages/airflow/example_dags/example_task_group.py
[2024-06-03T10:27:06.859+0000] {processor.py:840} INFO - DAG(s) 'example_task_group' retrieved from /home/airflow/.local/lib/python3.12/site-packages/airflow/example_dags/example_task_group.py
[2024-06-03T10:27:06.887+0000] {logging_mixin.py:188} INFO - [2024-06-03T10:27:06.887+0000] {dag.py:3096} INFO - Sync 1 DAGs
[2024-06-03T10:27:06.921+0000] {logging_mixin.py:188} INFO - [2024-06-03T10:27:06.920+0000] {dag.py:3954} INFO - Setting next_dagrun for example_task_group to 2024-06-02 00:00:00+00:00, run_after=2024-06-03 00:00:00+00:00
[2024-06-03T10:27:06.946+0000] {processor.py:183} INFO - Processing /home/airflow/.local/lib/python3.12/site-packages/airflow/example_dags/example_task_group.py took 0.105 seconds
[2024-06-03T10:27:37.090+0000] {processor.py:161} INFO - Started process (PID=2888) to work on /home/airflow/.local/lib/python3.12/site-packages/airflow/example_dags/example_task_group.py
[2024-06-03T10:27:37.091+0000] {processor.py:830} INFO - Processing file /home/airflow/.local/lib/python3.12/site-packages/airflow/example_dags/example_task_group.py for tasks to queue
[2024-06-03T10:27:37.092+0000] {logging_mixin.py:188} INFO - [2024-06-03T10:27:37.092+0000] {dagbag.py:545} INFO - Filling up the DagBag from /home/airflow/.local/lib/python3.12/site-packages/airflow/example_dags/example_task_group.py
[2024-06-03T10:27:37.102+0000] {processor.py:840} INFO - DAG(s) 'example_task_group' retrieved from /home/airflow/.local/lib/python3.12/site-packages/airflow/example_dags/example_task_group.py
[2024-06-03T10:27:37.131+0000] {logging_mixin.py:188} INFO - [2024-06-03T10:27:37.131+0000] {dag.py:3096} INFO - Sync 1 DAGs
[2024-06-03T10:27:37.163+0000] {logging_mixin.py:188} INFO - [2024-06-03T10:27:37.163+0000] {dag.py:3954} INFO - Setting next_dagrun for example_task_group to 2024-06-02 00:00:00+00:00, run_after=2024-06-03 00:00:00+00:00
[2024-06-03T10:27:37.187+0000] {processor.py:183} INFO - Processing /home/airflow/.local/lib/python3.12/site-packages/airflow/example_dags/example_task_group.py took 0.104 seconds
[2024-06-03T10:28:07.366+0000] {processor.py:161} INFO - Started process (PID=3146) to work on /home/airflow/.local/lib/python3.12/site-packages/airflow/example_dags/example_task_group.py
[2024-06-03T10:28:07.367+0000] {processor.py:830} INFO - Processing file /home/airflow/.local/lib/python3.12/site-packages/airflow/example_dags/example_task_group.py for tasks to queue
[2024-06-03T10:28:07.369+0000] {logging_mixin.py:188} INFO - [2024-06-03T10:28:07.368+0000] {dagbag.py:545} INFO - Filling up the DagBag from /home/airflow/.local/lib/python3.12/site-packages/airflow/example_dags/example_task_group.py
[2024-06-03T10:28:07.378+0000] {processor.py:840} INFO - DAG(s) 'example_task_group' retrieved from /home/airflow/.local/lib/python3.12/site-packages/airflow/example_dags/example_task_group.py
[2024-06-03T10:28:07.407+0000] {logging_mixin.py:188} INFO - [2024-06-03T10:28:07.406+0000] {dag.py:3096} INFO - Sync 1 DAGs
[2024-06-03T10:28:07.438+0000] {logging_mixin.py:188} INFO - [2024-06-03T10:28:07.437+0000] {dag.py:3954} INFO - Setting next_dagrun for example_task_group to 2024-06-02 00:00:00+00:00, run_after=2024-06-03 00:00:00+00:00
[2024-06-03T10:28:07.461+0000] {processor.py:183} INFO - Processing /home/airflow/.local/lib/python3.12/site-packages/airflow/example_dags/example_task_group.py took 0.102 seconds
[2024-06-03T10:28:37.557+0000] {processor.py:161} INFO - Started process (PID=3402) to work on /home/airflow/.local/lib/python3.12/site-packages/airflow/example_dags/example_task_group.py
[2024-06-03T10:28:37.558+0000] {processor.py:830} INFO - Processing file /home/airflow/.local/lib/python3.12/site-packages/airflow/example_dags/example_task_group.py for tasks to queue
[2024-06-03T10:28:37.559+0000] {logging_mixin.py:188} INFO - [2024-06-03T10:28:37.559+0000] {dagbag.py:545} INFO - Filling up the DagBag from /home/airflow/.local/lib/python3.12/site-packages/airflow/example_dags/example_task_group.py
[2024-06-03T10:28:37.568+0000] {processor.py:840} INFO - DAG(s) 'example_task_group' retrieved from /home/airflow/.local/lib/python3.12/site-packages/airflow/example_dags/example_task_group.py
[2024-06-03T10:28:37.598+0000] {logging_mixin.py:188} INFO - [2024-06-03T10:28:37.598+0000] {dag.py:3096} INFO - Sync 1 DAGs
[2024-06-03T10:28:37.635+0000] {logging_mixin.py:188} INFO - [2024-06-03T10:28:37.635+0000] {dag.py:3954} INFO - Setting next_dagrun for example_task_group to 2024-06-02 00:00:00+00:00, run_after=2024-06-03 00:00:00+00:00
[2024-06-03T10:28:37.663+0000] {processor.py:183} INFO - Processing /home/airflow/.local/lib/python3.12/site-packages/airflow/example_dags/example_task_group.py took 0.112 seconds
[2024-06-03T10:29:07.897+0000] {processor.py:161} INFO - Started process (PID=3656) to work on /home/airflow/.local/lib/python3.12/site-packages/airflow/example_dags/example_task_group.py
[2024-06-03T10:29:07.898+0000] {processor.py:830} INFO - Processing file /home/airflow/.local/lib/python3.12/site-packages/airflow/example_dags/example_task_group.py for tasks to queue
[2024-06-03T10:29:07.900+0000] {logging_mixin.py:188} INFO - [2024-06-03T10:29:07.900+0000] {dagbag.py:545} INFO - Filling up the DagBag from /home/airflow/.local/lib/python3.12/site-packages/airflow/example_dags/example_task_group.py
[2024-06-03T10:29:07.909+0000] {processor.py:840} INFO - DAG(s) 'example_task_group' retrieved from /home/airflow/.local/lib/python3.12/site-packages/airflow/example_dags/example_task_group.py
[2024-06-03T10:29:07.939+0000] {logging_mixin.py:188} INFO - [2024-06-03T10:29:07.938+0000] {dag.py:3096} INFO - Sync 1 DAGs
[2024-06-03T10:29:07.970+0000] {logging_mixin.py:188} INFO - [2024-06-03T10:29:07.970+0000] {dag.py:3954} INFO - Setting next_dagrun for example_task_group to 2024-06-02 00:00:00+00:00, run_after=2024-06-03 00:00:00+00:00
[2024-06-03T10:29:07.997+0000] {processor.py:183} INFO - Processing /home/airflow/.local/lib/python3.12/site-packages/airflow/example_dags/example_task_group.py took 0.107 seconds
[2024-06-03T10:29:38.213+0000] {processor.py:161} INFO - Started process (PID=3912) to work on /home/airflow/.local/lib/python3.12/site-packages/airflow/example_dags/example_task_group.py
[2024-06-03T10:29:38.214+0000] {processor.py:830} INFO - Processing file /home/airflow/.local/lib/python3.12/site-packages/airflow/example_dags/example_task_group.py for tasks to queue
[2024-06-03T10:29:38.216+0000] {logging_mixin.py:188} INFO - [2024-06-03T10:29:38.215+0000] {dagbag.py:545} INFO - Filling up the DagBag from /home/airflow/.local/lib/python3.12/site-packages/airflow/example_dags/example_task_group.py
[2024-06-03T10:29:38.227+0000] {processor.py:840} INFO - DAG(s) 'example_task_group' retrieved from /home/airflow/.local/lib/python3.12/site-packages/airflow/example_dags/example_task_group.py
[2024-06-03T10:29:38.256+0000] {logging_mixin.py:188} INFO - [2024-06-03T10:29:38.256+0000] {dag.py:3096} INFO - Sync 1 DAGs
[2024-06-03T10:29:38.289+0000] {logging_mixin.py:188} INFO - [2024-06-03T10:29:38.289+0000] {dag.py:3954} INFO - Setting next_dagrun for example_task_group to 2024-06-02 00:00:00+00:00, run_after=2024-06-03 00:00:00+00:00
[2024-06-03T10:29:38.317+0000] {processor.py:183} INFO - Processing /home/airflow/.local/lib/python3.12/site-packages/airflow/example_dags/example_task_group.py took 0.113 seconds
[2024-06-03T10:30:08.359+0000] {processor.py:161} INFO - Started process (PID=4168) to work on /home/airflow/.local/lib/python3.12/site-packages/airflow/example_dags/example_task_group.py
[2024-06-03T10:30:08.360+0000] {processor.py:830} INFO - Processing file /home/airflow/.local/lib/python3.12/site-packages/airflow/example_dags/example_task_group.py for tasks to queue
[2024-06-03T10:30:08.362+0000] {logging_mixin.py:188} INFO - [2024-06-03T10:30:08.361+0000] {dagbag.py:545} INFO - Filling up the DagBag from /home/airflow/.local/lib/python3.12/site-packages/airflow/example_dags/example_task_group.py
[2024-06-03T10:30:08.371+0000] {processor.py:840} INFO - DAG(s) 'example_task_group' retrieved from /home/airflow/.local/lib/python3.12/site-packages/airflow/example_dags/example_task_group.py
[2024-06-03T10:30:08.400+0000] {logging_mixin.py:188} INFO - [2024-06-03T10:30:08.399+0000] {dag.py:3096} INFO - Sync 1 DAGs
[2024-06-03T10:30:08.433+0000] {logging_mixin.py:188} INFO - [2024-06-03T10:30:08.432+0000] {dag.py:3954} INFO - Setting next_dagrun for example_task_group to 2024-06-02 00:00:00+00:00, run_after=2024-06-03 00:00:00+00:00
[2024-06-03T10:30:08.457+0000] {processor.py:183} INFO - Processing /home/airflow/.local/lib/python3.12/site-packages/airflow/example_dags/example_task_group.py took 0.105 seconds
[2024-06-03T10:30:38.522+0000] {processor.py:161} INFO - Started process (PID=4424) to work on /home/airflow/.local/lib/python3.12/site-packages/airflow/example_dags/example_task_group.py
[2024-06-03T10:30:38.522+0000] {processor.py:830} INFO - Processing file /home/airflow/.local/lib/python3.12/site-packages/airflow/example_dags/example_task_group.py for tasks to queue
[2024-06-03T10:30:38.524+0000] {logging_mixin.py:188} INFO - [2024-06-03T10:30:38.524+0000] {dagbag.py:545} INFO - Filling up the DagBag from /home/airflow/.local/lib/python3.12/site-packages/airflow/example_dags/example_task_group.py
[2024-06-03T10:30:38.533+0000] {processor.py:840} INFO - DAG(s) 'example_task_group' retrieved from /home/airflow/.local/lib/python3.12/site-packages/airflow/example_dags/example_task_group.py
[2024-06-03T10:30:38.567+0000] {logging_mixin.py:188} INFO - [2024-06-03T10:30:38.566+0000] {dag.py:3096} INFO - Sync 1 DAGs
[2024-06-03T10:30:38.605+0000] {logging_mixin.py:188} INFO - [2024-06-03T10:30:38.605+0000] {dag.py:3954} INFO - Setting next_dagrun for example_task_group to 2024-06-02 00:00:00+00:00, run_after=2024-06-03 00:00:00+00:00
[2024-06-03T10:30:38.636+0000] {processor.py:183} INFO - Processing /home/airflow/.local/lib/python3.12/site-packages/airflow/example_dags/example_task_group.py took 0.121 seconds
[2024-06-03T10:31:09.037+0000] {processor.py:161} INFO - Started process (PID=4680) to work on /home/airflow/.local/lib/python3.12/site-packages/airflow/example_dags/example_task_group.py
[2024-06-03T10:31:09.038+0000] {processor.py:830} INFO - Processing file /home/airflow/.local/lib/python3.12/site-packages/airflow/example_dags/example_task_group.py for tasks to queue
[2024-06-03T10:31:09.040+0000] {logging_mixin.py:188} INFO - [2024-06-03T10:31:09.040+0000] {dagbag.py:545} INFO - Filling up the DagBag from /home/airflow/.local/lib/python3.12/site-packages/airflow/example_dags/example_task_group.py
[2024-06-03T10:31:09.050+0000] {processor.py:840} INFO - DAG(s) 'example_task_group' retrieved from /home/airflow/.local/lib/python3.12/site-packages/airflow/example_dags/example_task_group.py
[2024-06-03T10:31:09.079+0000] {logging_mixin.py:188} INFO - [2024-06-03T10:31:09.079+0000] {dag.py:3096} INFO - Sync 1 DAGs
[2024-06-03T10:31:09.111+0000] {logging_mixin.py:188} INFO - [2024-06-03T10:31:09.111+0000] {dag.py:3954} INFO - Setting next_dagrun for example_task_group to 2024-06-02 00:00:00+00:00, run_after=2024-06-03 00:00:00+00:00
[2024-06-03T10:31:09.137+0000] {processor.py:183} INFO - Processing /home/airflow/.local/lib/python3.12/site-packages/airflow/example_dags/example_task_group.py took 0.106 seconds
[2024-06-03T10:31:39.178+0000] {processor.py:161} INFO - Started process (PID=4931) to work on /home/airflow/.local/lib/python3.12/site-packages/airflow/example_dags/example_task_group.py
[2024-06-03T10:31:39.179+0000] {processor.py:830} INFO - Processing file /home/airflow/.local/lib/python3.12/site-packages/airflow/example_dags/example_task_group.py for tasks to queue
[2024-06-03T10:31:39.181+0000] {logging_mixin.py:188} INFO - [2024-06-03T10:31:39.181+0000] {dagbag.py:545} INFO - Filling up the DagBag from /home/airflow/.local/lib/python3.12/site-packages/airflow/example_dags/example_task_group.py
[2024-06-03T10:31:39.190+0000] {processor.py:840} INFO - DAG(s) 'example_task_group' retrieved from /home/airflow/.local/lib/python3.12/site-packages/airflow/example_dags/example_task_group.py
[2024-06-03T10:31:39.218+0000] {logging_mixin.py:188} INFO - [2024-06-03T10:31:39.218+0000] {dag.py:3096} INFO - Sync 1 DAGs
[2024-06-03T10:31:39.250+0000] {logging_mixin.py:188} INFO - [2024-06-03T10:31:39.250+0000] {dag.py:3954} INFO - Setting next_dagrun for example_task_group to 2024-06-02 00:00:00+00:00, run_after=2024-06-03 00:00:00+00:00
[2024-06-03T10:31:39.274+0000] {processor.py:183} INFO - Processing /home/airflow/.local/lib/python3.12/site-packages/airflow/example_dags/example_task_group.py took 0.102 seconds
[2024-06-03T10:32:09.636+0000] {processor.py:161} INFO - Started process (PID=5192) to work on /home/airflow/.local/lib/python3.12/site-packages/airflow/example_dags/example_task_group.py
[2024-06-03T10:32:09.637+0000] {processor.py:830} INFO - Processing file /home/airflow/.local/lib/python3.12/site-packages/airflow/example_dags/example_task_group.py for tasks to queue
[2024-06-03T10:32:09.639+0000] {logging_mixin.py:188} INFO - [2024-06-03T10:32:09.639+0000] {dagbag.py:545} INFO - Filling up the DagBag from /home/airflow/.local/lib/python3.12/site-packages/airflow/example_dags/example_task_group.py
[2024-06-03T10:32:09.648+0000] {processor.py:840} INFO - DAG(s) 'example_task_group' retrieved from /home/airflow/.local/lib/python3.12/site-packages/airflow/example_dags/example_task_group.py
[2024-06-03T10:32:09.682+0000] {logging_mixin.py:188} INFO - [2024-06-03T10:32:09.681+0000] {dag.py:3096} INFO - Sync 1 DAGs
[2024-06-03T10:32:09.718+0000] {logging_mixin.py:188} INFO - [2024-06-03T10:32:09.718+0000] {dag.py:3954} INFO - Setting next_dagrun for example_task_group to 2024-06-02 00:00:00+00:00, run_after=2024-06-03 00:00:00+00:00
[2024-06-03T10:32:09.745+0000] {processor.py:183} INFO - Processing /home/airflow/.local/lib/python3.12/site-packages/airflow/example_dags/example_task_group.py took 0.116 seconds
[2024-06-03T10:32:39.859+0000] {processor.py:161} INFO - Started process (PID=5448) to work on /home/airflow/.local/lib/python3.12/site-packages/airflow/example_dags/example_task_group.py
[2024-06-03T10:32:39.859+0000] {processor.py:830} INFO - Processing file /home/airflow/.local/lib/python3.12/site-packages/airflow/example_dags/example_task_group.py for tasks to queue
[2024-06-03T10:32:39.861+0000] {logging_mixin.py:188} INFO - [2024-06-03T10:32:39.861+0000] {dagbag.py:545} INFO - Filling up the DagBag from /home/airflow/.local/lib/python3.12/site-packages/airflow/example_dags/example_task_group.py
[2024-06-03T10:32:39.870+0000] {processor.py:840} INFO - DAG(s) 'example_task_group' retrieved from /home/airflow/.local/lib/python3.12/site-packages/airflow/example_dags/example_task_group.py
[2024-06-03T10:32:39.899+0000] {logging_mixin.py:188} INFO - [2024-06-03T10:32:39.899+0000] {dag.py:3096} INFO - Sync 1 DAGs
[2024-06-03T10:32:39.935+0000] {logging_mixin.py:188} INFO - [2024-06-03T10:32:39.935+0000] {dag.py:3954} INFO - Setting next_dagrun for example_task_group to 2024-06-02 00:00:00+00:00, run_after=2024-06-03 00:00:00+00:00
[2024-06-03T10:32:39.964+0000] {processor.py:183} INFO - Processing /home/airflow/.local/lib/python3.12/site-packages/airflow/example_dags/example_task_group.py took 0.112 seconds
[2024-06-03T10:33:10.254+0000] {processor.py:161} INFO - Started process (PID=5704) to work on /home/airflow/.local/lib/python3.12/site-packages/airflow/example_dags/example_task_group.py
[2024-06-03T10:33:10.256+0000] {processor.py:830} INFO - Processing file /home/airflow/.local/lib/python3.12/site-packages/airflow/example_dags/example_task_group.py for tasks to queue
[2024-06-03T10:33:10.258+0000] {logging_mixin.py:188} INFO - [2024-06-03T10:33:10.257+0000] {dagbag.py:545} INFO - Filling up the DagBag from /home/airflow/.local/lib/python3.12/site-packages/airflow/example_dags/example_task_group.py
[2024-06-03T10:33:10.267+0000] {processor.py:840} INFO - DAG(s) 'example_task_group' retrieved from /home/airflow/.local/lib/python3.12/site-packages/airflow/example_dags/example_task_group.py
[2024-06-03T10:33:10.299+0000] {logging_mixin.py:188} INFO - [2024-06-03T10:33:10.299+0000] {dag.py:3096} INFO - Sync 1 DAGs
[2024-06-03T10:33:10.332+0000] {logging_mixin.py:188} INFO - [2024-06-03T10:33:10.332+0000] {dag.py:3954} INFO - Setting next_dagrun for example_task_group to 2024-06-02 00:00:00+00:00, run_after=2024-06-03 00:00:00+00:00
[2024-06-03T10:33:10.355+0000] {processor.py:183} INFO - Processing /home/airflow/.local/lib/python3.12/site-packages/airflow/example_dags/example_task_group.py took 0.108 seconds
[2024-06-03T10:33:41.322+0000] {processor.py:161} INFO - Started process (PID=5960) to work on /home/airflow/.local/lib/python3.12/site-packages/airflow/example_dags/example_task_group.py
[2024-06-03T10:33:41.323+0000] {processor.py:830} INFO - Processing file /home/airflow/.local/lib/python3.12/site-packages/airflow/example_dags/example_task_group.py for tasks to queue
[2024-06-03T10:33:41.324+0000] {logging_mixin.py:188} INFO - [2024-06-03T10:33:41.324+0000] {dagbag.py:545} INFO - Filling up the DagBag from /home/airflow/.local/lib/python3.12/site-packages/airflow/example_dags/example_task_group.py
[2024-06-03T10:33:41.333+0000] {processor.py:840} INFO - DAG(s) 'example_task_group' retrieved from /home/airflow/.local/lib/python3.12/site-packages/airflow/example_dags/example_task_group.py
[2024-06-03T10:33:41.369+0000] {logging_mixin.py:188} INFO - [2024-06-03T10:33:41.368+0000] {dag.py:3096} INFO - Sync 1 DAGs
[2024-06-03T10:33:41.419+0000] {logging_mixin.py:188} INFO - [2024-06-03T10:33:41.419+0000] {dag.py:3954} INFO - Setting next_dagrun for example_task_group to 2024-06-02 00:00:00+00:00, run_after=2024-06-03 00:00:00+00:00
[2024-06-03T10:33:41.453+0000] {processor.py:183} INFO - Processing /home/airflow/.local/lib/python3.12/site-packages/airflow/example_dags/example_task_group.py took 0.138 seconds
[2024-06-03T10:34:12.292+0000] {processor.py:161} INFO - Started process (PID=6216) to work on /home/airflow/.local/lib/python3.12/site-packages/airflow/example_dags/example_task_group.py
[2024-06-03T10:34:12.293+0000] {processor.py:830} INFO - Processing file /home/airflow/.local/lib/python3.12/site-packages/airflow/example_dags/example_task_group.py for tasks to queue
[2024-06-03T10:34:12.295+0000] {logging_mixin.py:188} INFO - [2024-06-03T10:34:12.295+0000] {dagbag.py:545} INFO - Filling up the DagBag from /home/airflow/.local/lib/python3.12/site-packages/airflow/example_dags/example_task_group.py
[2024-06-03T10:34:12.304+0000] {processor.py:840} INFO - DAG(s) 'example_task_group' retrieved from /home/airflow/.local/lib/python3.12/site-packages/airflow/example_dags/example_task_group.py
[2024-06-03T10:34:12.334+0000] {logging_mixin.py:188} INFO - [2024-06-03T10:34:12.333+0000] {dag.py:3096} INFO - Sync 1 DAGs
[2024-06-03T10:34:12.367+0000] {logging_mixin.py:188} INFO - [2024-06-03T10:34:12.367+0000] {dag.py:3954} INFO - Setting next_dagrun for example_task_group to 2024-06-02 00:00:00+00:00, run_after=2024-06-03 00:00:00+00:00
[2024-06-03T10:34:12.393+0000] {processor.py:183} INFO - Processing /home/airflow/.local/lib/python3.12/site-packages/airflow/example_dags/example_task_group.py took 0.108 seconds
[2024-06-03T10:34:42.939+0000] {processor.py:161} INFO - Started process (PID=6472) to work on /home/airflow/.local/lib/python3.12/site-packages/airflow/example_dags/example_task_group.py
[2024-06-03T10:34:42.940+0000] {processor.py:830} INFO - Processing file /home/airflow/.local/lib/python3.12/site-packages/airflow/example_dags/example_task_group.py for tasks to queue
[2024-06-03T10:34:42.941+0000] {logging_mixin.py:188} INFO - [2024-06-03T10:34:42.941+0000] {dagbag.py:545} INFO - Filling up the DagBag from /home/airflow/.local/lib/python3.12/site-packages/airflow/example_dags/example_task_group.py
[2024-06-03T10:34:42.950+0000] {processor.py:840} INFO - DAG(s) 'example_task_group' retrieved from /home/airflow/.local/lib/python3.12/site-packages/airflow/example_dags/example_task_group.py
[2024-06-03T10:34:42.981+0000] {logging_mixin.py:188} INFO - [2024-06-03T10:34:42.980+0000] {dag.py:3096} INFO - Sync 1 DAGs
[2024-06-03T10:34:43.015+0000] {logging_mixin.py:188} INFO - [2024-06-03T10:34:43.014+0000] {dag.py:3954} INFO - Setting next_dagrun for example_task_group to 2024-06-02 00:00:00+00:00, run_after=2024-06-03 00:00:00+00:00
[2024-06-03T10:34:43.046+0000] {processor.py:183} INFO - Processing /home/airflow/.local/lib/python3.12/site-packages/airflow/example_dags/example_task_group.py took 0.114 seconds
[2024-06-03T10:35:13.286+0000] {processor.py:161} INFO - Started process (PID=6728) to work on /home/airflow/.local/lib/python3.12/site-packages/airflow/example_dags/example_task_group.py
[2024-06-03T10:35:13.287+0000] {processor.py:830} INFO - Processing file /home/airflow/.local/lib/python3.12/site-packages/airflow/example_dags/example_task_group.py for tasks to queue
[2024-06-03T10:35:13.289+0000] {logging_mixin.py:188} INFO - [2024-06-03T10:35:13.288+0000] {dagbag.py:545} INFO - Filling up the DagBag from /home/airflow/.local/lib/python3.12/site-packages/airflow/example_dags/example_task_group.py
[2024-06-03T10:35:13.298+0000] {processor.py:840} INFO - DAG(s) 'example_task_group' retrieved from /home/airflow/.local/lib/python3.12/site-packages/airflow/example_dags/example_task_group.py
[2024-06-03T10:35:13.330+0000] {logging_mixin.py:188} INFO - [2024-06-03T10:35:13.330+0000] {dag.py:3096} INFO - Sync 1 DAGs
[2024-06-03T10:35:13.367+0000] {logging_mixin.py:188} INFO - [2024-06-03T10:35:13.366+0000] {dag.py:3954} INFO - Setting next_dagrun for example_task_group to 2024-06-02 00:00:00+00:00, run_after=2024-06-03 00:00:00+00:00
[2024-06-03T10:35:13.404+0000] {processor.py:183} INFO - Processing /home/airflow/.local/lib/python3.12/site-packages/airflow/example_dags/example_task_group.py took 0.126 seconds
[2024-06-03T10:35:43.449+0000] {processor.py:161} INFO - Started process (PID=6984) to work on /home/airflow/.local/lib/python3.12/site-packages/airflow/example_dags/example_task_group.py
[2024-06-03T10:35:43.450+0000] {processor.py:830} INFO - Processing file /home/airflow/.local/lib/python3.12/site-packages/airflow/example_dags/example_task_group.py for tasks to queue
[2024-06-03T10:35:43.452+0000] {logging_mixin.py:188} INFO - [2024-06-03T10:35:43.451+0000] {dagbag.py:545} INFO - Filling up the DagBag from /home/airflow/.local/lib/python3.12/site-packages/airflow/example_dags/example_task_group.py
[2024-06-03T10:35:43.460+0000] {processor.py:840} INFO - DAG(s) 'example_task_group' retrieved from /home/airflow/.local/lib/python3.12/site-packages/airflow/example_dags/example_task_group.py
[2024-06-03T10:35:43.493+0000] {logging_mixin.py:188} INFO - [2024-06-03T10:35:43.493+0000] {dag.py:3096} INFO - Sync 1 DAGs
[2024-06-03T10:35:43.531+0000] {logging_mixin.py:188} INFO - [2024-06-03T10:35:43.531+0000] {dag.py:3954} INFO - Setting next_dagrun for example_task_group to 2024-06-02 00:00:00+00:00, run_after=2024-06-03 00:00:00+00:00
[2024-06-03T10:35:43.559+0000] {processor.py:183} INFO - Processing /home/airflow/.local/lib/python3.12/site-packages/airflow/example_dags/example_task_group.py took 0.116 seconds
[2024-06-03T10:36:13.608+0000] {processor.py:161} INFO - Started process (PID=7235) to work on /home/airflow/.local/lib/python3.12/site-packages/airflow/example_dags/example_task_group.py
[2024-06-03T10:36:13.609+0000] {processor.py:830} INFO - Processing file /home/airflow/.local/lib/python3.12/site-packages/airflow/example_dags/example_task_group.py for tasks to queue
[2024-06-03T10:36:13.611+0000] {logging_mixin.py:188} INFO - [2024-06-03T10:36:13.611+0000] {dagbag.py:545} INFO - Filling up the DagBag from /home/airflow/.local/lib/python3.12/site-packages/airflow/example_dags/example_task_group.py
[2024-06-03T10:36:13.621+0000] {processor.py:840} INFO - DAG(s) 'example_task_group' retrieved from /home/airflow/.local/lib/python3.12/site-packages/airflow/example_dags/example_task_group.py
[2024-06-03T10:36:13.649+0000] {logging_mixin.py:188} INFO - [2024-06-03T10:36:13.649+0000] {dag.py:3096} INFO - Sync 1 DAGs
[2024-06-03T10:36:13.681+0000] {logging_mixin.py:188} INFO - [2024-06-03T10:36:13.681+0000] {dag.py:3954} INFO - Setting next_dagrun for example_task_group to 2024-06-02 00:00:00+00:00, run_after=2024-06-03 00:00:00+00:00
[2024-06-03T10:36:13.706+0000] {processor.py:183} INFO - Processing /home/airflow/.local/lib/python3.12/site-packages/airflow/example_dags/example_task_group.py took 0.105 seconds
[2024-06-03T10:36:43.838+0000] {processor.py:161} INFO - Started process (PID=7491) to work on /home/airflow/.local/lib/python3.12/site-packages/airflow/example_dags/example_task_group.py
[2024-06-03T10:36:43.839+0000] {processor.py:830} INFO - Processing file /home/airflow/.local/lib/python3.12/site-packages/airflow/example_dags/example_task_group.py for tasks to queue
[2024-06-03T10:36:43.841+0000] {logging_mixin.py:188} INFO - [2024-06-03T10:36:43.841+0000] {dagbag.py:545} INFO - Filling up the DagBag from /home/airflow/.local/lib/python3.12/site-packages/airflow/example_dags/example_task_group.py
[2024-06-03T10:36:43.852+0000] {processor.py:840} INFO - DAG(s) 'example_task_group' retrieved from /home/airflow/.local/lib/python3.12/site-packages/airflow/example_dags/example_task_group.py
[2024-06-03T10:36:43.879+0000] {logging_mixin.py:188} INFO - [2024-06-03T10:36:43.879+0000] {dag.py:3096} INFO - Sync 1 DAGs
[2024-06-03T10:36:43.909+0000] {logging_mixin.py:188} INFO - [2024-06-03T10:36:43.909+0000] {dag.py:3954} INFO - Setting next_dagrun for example_task_group to 2024-06-02 00:00:00+00:00, run_after=2024-06-03 00:00:00+00:00
[2024-06-03T10:36:43.931+0000] {processor.py:183} INFO - Processing /home/airflow/.local/lib/python3.12/site-packages/airflow/example_dags/example_task_group.py took 0.100 seconds
[2024-06-03T10:37:14.330+0000] {processor.py:161} INFO - Started process (PID=7747) to work on /home/airflow/.local/lib/python3.12/site-packages/airflow/example_dags/example_task_group.py
[2024-06-03T10:37:14.331+0000] {processor.py:830} INFO - Processing file /home/airflow/.local/lib/python3.12/site-packages/airflow/example_dags/example_task_group.py for tasks to queue
[2024-06-03T10:37:14.333+0000] {logging_mixin.py:188} INFO - [2024-06-03T10:37:14.332+0000] {dagbag.py:545} INFO - Filling up the DagBag from /home/airflow/.local/lib/python3.12/site-packages/airflow/example_dags/example_task_group.py
[2024-06-03T10:37:14.342+0000] {processor.py:840} INFO - DAG(s) 'example_task_group' retrieved from /home/airflow/.local/lib/python3.12/site-packages/airflow/example_dags/example_task_group.py
[2024-06-03T10:37:14.373+0000] {logging_mixin.py:188} INFO - [2024-06-03T10:37:14.373+0000] {dag.py:3096} INFO - Sync 1 DAGs
[2024-06-03T10:37:14.402+0000] {logging_mixin.py:188} INFO - [2024-06-03T10:37:14.402+0000] {dag.py:3954} INFO - Setting next_dagrun for example_task_group to 2024-06-02 00:00:00+00:00, run_after=2024-06-03 00:00:00+00:00
[2024-06-03T10:37:14.425+0000] {processor.py:183} INFO - Processing /home/airflow/.local/lib/python3.12/site-packages/airflow/example_dags/example_task_group.py took 0.102 seconds
[2024-06-03T10:37:44.914+0000] {processor.py:161} INFO - Started process (PID=8003) to work on /home/airflow/.local/lib/python3.12/site-packages/airflow/example_dags/example_task_group.py
[2024-06-03T10:37:44.915+0000] {processor.py:830} INFO - Processing file /home/airflow/.local/lib/python3.12/site-packages/airflow/example_dags/example_task_group.py for tasks to queue
[2024-06-03T10:37:44.916+0000] {logging_mixin.py:188} INFO - [2024-06-03T10:37:44.916+0000] {dagbag.py:545} INFO - Filling up the DagBag from /home/airflow/.local/lib/python3.12/site-packages/airflow/example_dags/example_task_group.py
[2024-06-03T10:37:44.926+0000] {processor.py:840} INFO - DAG(s) 'example_task_group' retrieved from /home/airflow/.local/lib/python3.12/site-packages/airflow/example_dags/example_task_group.py
[2024-06-03T10:37:44.953+0000] {logging_mixin.py:188} INFO - [2024-06-03T10:37:44.953+0000] {dag.py:3096} INFO - Sync 1 DAGs
[2024-06-03T10:37:44.988+0000] {logging_mixin.py:188} INFO - [2024-06-03T10:37:44.988+0000] {dag.py:3954} INFO - Setting next_dagrun for example_task_group to 2024-06-02 00:00:00+00:00, run_after=2024-06-03 00:00:00+00:00
[2024-06-03T10:37:45.015+0000] {processor.py:183} INFO - Processing /home/airflow/.local/lib/python3.12/site-packages/airflow/example_dags/example_task_group.py took 0.108 seconds
[2024-06-03T10:38:15.563+0000] {processor.py:161} INFO - Started process (PID=8259) to work on /home/airflow/.local/lib/python3.12/site-packages/airflow/example_dags/example_task_group.py
[2024-06-03T10:38:15.564+0000] {processor.py:830} INFO - Processing file /home/airflow/.local/lib/python3.12/site-packages/airflow/example_dags/example_task_group.py for tasks to queue
[2024-06-03T10:38:15.566+0000] {logging_mixin.py:188} INFO - [2024-06-03T10:38:15.566+0000] {dagbag.py:545} INFO - Filling up the DagBag from /home/airflow/.local/lib/python3.12/site-packages/airflow/example_dags/example_task_group.py
[2024-06-03T10:38:15.577+0000] {processor.py:840} INFO - DAG(s) 'example_task_group' retrieved from /home/airflow/.local/lib/python3.12/site-packages/airflow/example_dags/example_task_group.py
[2024-06-03T10:38:15.605+0000] {logging_mixin.py:188} INFO - [2024-06-03T10:38:15.605+0000] {dag.py:3096} INFO - Sync 1 DAGs
[2024-06-03T10:38:15.634+0000] {logging_mixin.py:188} INFO - [2024-06-03T10:38:15.634+0000] {dag.py:3954} INFO - Setting next_dagrun for example_task_group to 2024-06-02 00:00:00+00:00, run_after=2024-06-03 00:00:00+00:00
[2024-06-03T10:38:15.659+0000] {processor.py:183} INFO - Processing /home/airflow/.local/lib/python3.12/site-packages/airflow/example_dags/example_task_group.py took 0.103 seconds
[2024-06-03T10:38:45.848+0000] {processor.py:161} INFO - Started process (PID=8515) to work on /home/airflow/.local/lib/python3.12/site-packages/airflow/example_dags/example_task_group.py
[2024-06-03T10:38:45.848+0000] {processor.py:830} INFO - Processing file /home/airflow/.local/lib/python3.12/site-packages/airflow/example_dags/example_task_group.py for tasks to queue
[2024-06-03T10:38:45.850+0000] {logging_mixin.py:188} INFO - [2024-06-03T10:38:45.850+0000] {dagbag.py:545} INFO - Filling up the DagBag from /home/airflow/.local/lib/python3.12/site-packages/airflow/example_dags/example_task_group.py
[2024-06-03T10:38:45.859+0000] {processor.py:840} INFO - DAG(s) 'example_task_group' retrieved from /home/airflow/.local/lib/python3.12/site-packages/airflow/example_dags/example_task_group.py
[2024-06-03T10:38:45.888+0000] {logging_mixin.py:188} INFO - [2024-06-03T10:38:45.888+0000] {dag.py:3096} INFO - Sync 1 DAGs
[2024-06-03T10:38:45.919+0000] {logging_mixin.py:188} INFO - [2024-06-03T10:38:45.918+0000] {dag.py:3954} INFO - Setting next_dagrun for example_task_group to 2024-06-02 00:00:00+00:00, run_after=2024-06-03 00:00:00+00:00
[2024-06-03T10:38:45.941+0000] {processor.py:183} INFO - Processing /home/airflow/.local/lib/python3.12/site-packages/airflow/example_dags/example_task_group.py took 0.101 seconds
[2024-06-03T10:39:16.828+0000] {processor.py:161} INFO - Started process (PID=8771) to work on /home/airflow/.local/lib/python3.12/site-packages/airflow/example_dags/example_task_group.py
[2024-06-03T10:39:16.829+0000] {processor.py:830} INFO - Processing file /home/airflow/.local/lib/python3.12/site-packages/airflow/example_dags/example_task_group.py for tasks to queue
[2024-06-03T10:39:16.830+0000] {logging_mixin.py:188} INFO - [2024-06-03T10:39:16.830+0000] {dagbag.py:545} INFO - Filling up the DagBag from /home/airflow/.local/lib/python3.12/site-packages/airflow/example_dags/example_task_group.py
[2024-06-03T10:39:16.839+0000] {processor.py:840} INFO - DAG(s) 'example_task_group' retrieved from /home/airflow/.local/lib/python3.12/site-packages/airflow/example_dags/example_task_group.py
[2024-06-03T10:39:16.867+0000] {logging_mixin.py:188} INFO - [2024-06-03T10:39:16.867+0000] {dag.py:3096} INFO - Sync 1 DAGs
[2024-06-03T10:39:16.897+0000] {logging_mixin.py:188} INFO - [2024-06-03T10:39:16.897+0000] {dag.py:3954} INFO - Setting next_dagrun for example_task_group to 2024-06-02 00:00:00+00:00, run_after=2024-06-03 00:00:00+00:00
[2024-06-03T10:39:16.920+0000] {processor.py:183} INFO - Processing /home/airflow/.local/lib/python3.12/site-packages/airflow/example_dags/example_task_group.py took 0.099 seconds
[2024-06-03T10:39:47.821+0000] {processor.py:161} INFO - Started process (PID=9027) to work on /home/airflow/.local/lib/python3.12/site-packages/airflow/example_dags/example_task_group.py
[2024-06-03T10:39:47.822+0000] {processor.py:830} INFO - Processing file /home/airflow/.local/lib/python3.12/site-packages/airflow/example_dags/example_task_group.py for tasks to queue
[2024-06-03T10:39:47.823+0000] {logging_mixin.py:188} INFO - [2024-06-03T10:39:47.823+0000] {dagbag.py:545} INFO - Filling up the DagBag from /home/airflow/.local/lib/python3.12/site-packages/airflow/example_dags/example_task_group.py
[2024-06-03T10:39:47.832+0000] {processor.py:840} INFO - DAG(s) 'example_task_group' retrieved from /home/airflow/.local/lib/python3.12/site-packages/airflow/example_dags/example_task_group.py
[2024-06-03T10:39:47.861+0000] {logging_mixin.py:188} INFO - [2024-06-03T10:39:47.861+0000] {dag.py:3096} INFO - Sync 1 DAGs
[2024-06-03T10:39:47.891+0000] {logging_mixin.py:188} INFO - [2024-06-03T10:39:47.891+0000] {dag.py:3954} INFO - Setting next_dagrun for example_task_group to 2024-06-02 00:00:00+00:00, run_after=2024-06-03 00:00:00+00:00
[2024-06-03T10:39:47.914+0000] {processor.py:183} INFO - Processing /home/airflow/.local/lib/python3.12/site-packages/airflow/example_dags/example_task_group.py took 0.100 seconds
[2024-06-03T10:40:18.577+0000] {processor.py:161} INFO - Started process (PID=9283) to work on /home/airflow/.local/lib/python3.12/site-packages/airflow/example_dags/example_task_group.py
[2024-06-03T10:40:18.578+0000] {processor.py:830} INFO - Processing file /home/airflow/.local/lib/python3.12/site-packages/airflow/example_dags/example_task_group.py for tasks to queue
[2024-06-03T10:40:18.580+0000] {logging_mixin.py:188} INFO - [2024-06-03T10:40:18.580+0000] {dagbag.py:545} INFO - Filling up the DagBag from /home/airflow/.local/lib/python3.12/site-packages/airflow/example_dags/example_task_group.py
[2024-06-03T10:40:18.590+0000] {processor.py:840} INFO - DAG(s) 'example_task_group' retrieved from /home/airflow/.local/lib/python3.12/site-packages/airflow/example_dags/example_task_group.py
[2024-06-03T10:40:18.619+0000] {logging_mixin.py:188} INFO - [2024-06-03T10:40:18.619+0000] {dag.py:3096} INFO - Sync 1 DAGs
[2024-06-03T10:40:18.652+0000] {logging_mixin.py:188} INFO - [2024-06-03T10:40:18.651+0000] {dag.py:3954} INFO - Setting next_dagrun for example_task_group to 2024-06-02 00:00:00+00:00, run_after=2024-06-03 00:00:00+00:00
[2024-06-03T10:40:18.675+0000] {processor.py:183} INFO - Processing /home/airflow/.local/lib/python3.12/site-packages/airflow/example_dags/example_task_group.py took 0.105 seconds
[2024-06-03T10:40:48.805+0000] {processor.py:161} INFO - Started process (PID=9539) to work on /home/airflow/.local/lib/python3.12/site-packages/airflow/example_dags/example_task_group.py
[2024-06-03T10:40:48.806+0000] {processor.py:830} INFO - Processing file /home/airflow/.local/lib/python3.12/site-packages/airflow/example_dags/example_task_group.py for tasks to queue
[2024-06-03T10:40:48.807+0000] {logging_mixin.py:188} INFO - [2024-06-03T10:40:48.807+0000] {dagbag.py:545} INFO - Filling up the DagBag from /home/airflow/.local/lib/python3.12/site-packages/airflow/example_dags/example_task_group.py
[2024-06-03T10:40:48.816+0000] {processor.py:840} INFO - DAG(s) 'example_task_group' retrieved from /home/airflow/.local/lib/python3.12/site-packages/airflow/example_dags/example_task_group.py
[2024-06-03T10:40:48.845+0000] {logging_mixin.py:188} INFO - [2024-06-03T10:40:48.844+0000] {dag.py:3096} INFO - Sync 1 DAGs
[2024-06-03T10:40:48.876+0000] {logging_mixin.py:188} INFO - [2024-06-03T10:40:48.875+0000] {dag.py:3954} INFO - Setting next_dagrun for example_task_group to 2024-06-02 00:00:00+00:00, run_after=2024-06-03 00:00:00+00:00
[2024-06-03T10:40:48.899+0000] {processor.py:183} INFO - Processing /home/airflow/.local/lib/python3.12/site-packages/airflow/example_dags/example_task_group.py took 0.101 seconds
[2024-06-03T10:41:19.877+0000] {processor.py:161} INFO - Started process (PID=9795) to work on /home/airflow/.local/lib/python3.12/site-packages/airflow/example_dags/example_task_group.py
[2024-06-03T10:41:19.878+0000] {processor.py:830} INFO - Processing file /home/airflow/.local/lib/python3.12/site-packages/airflow/example_dags/example_task_group.py for tasks to queue
[2024-06-03T10:41:19.880+0000] {logging_mixin.py:188} INFO - [2024-06-03T10:41:19.879+0000] {dagbag.py:545} INFO - Filling up the DagBag from /home/airflow/.local/lib/python3.12/site-packages/airflow/example_dags/example_task_group.py
[2024-06-03T10:41:19.889+0000] {processor.py:840} INFO - DAG(s) 'example_task_group' retrieved from /home/airflow/.local/lib/python3.12/site-packages/airflow/example_dags/example_task_group.py
[2024-06-03T10:41:19.916+0000] {logging_mixin.py:188} INFO - [2024-06-03T10:41:19.916+0000] {dag.py:3096} INFO - Sync 1 DAGs
[2024-06-03T10:41:19.947+0000] {logging_mixin.py:188} INFO - [2024-06-03T10:41:19.947+0000] {dag.py:3954} INFO - Setting next_dagrun for example_task_group to 2024-06-02 00:00:00+00:00, run_after=2024-06-03 00:00:00+00:00
[2024-06-03T10:41:19.975+0000] {processor.py:183} INFO - Processing /home/airflow/.local/lib/python3.12/site-packages/airflow/example_dags/example_task_group.py took 0.106 seconds
[2024-06-03T10:41:50.067+0000] {processor.py:161} INFO - Started process (PID=10051) to work on /home/airflow/.local/lib/python3.12/site-packages/airflow/example_dags/example_task_group.py
[2024-06-03T10:41:50.068+0000] {processor.py:830} INFO - Processing file /home/airflow/.local/lib/python3.12/site-packages/airflow/example_dags/example_task_group.py for tasks to queue
[2024-06-03T10:41:50.070+0000] {logging_mixin.py:188} INFO - [2024-06-03T10:41:50.069+0000] {dagbag.py:545} INFO - Filling up the DagBag from /home/airflow/.local/lib/python3.12/site-packages/airflow/example_dags/example_task_group.py
[2024-06-03T10:41:50.079+0000] {processor.py:840} INFO - DAG(s) 'example_task_group' retrieved from /home/airflow/.local/lib/python3.12/site-packages/airflow/example_dags/example_task_group.py
[2024-06-03T10:41:50.108+0000] {logging_mixin.py:188} INFO - [2024-06-03T10:41:50.108+0000] {dag.py:3096} INFO - Sync 1 DAGs
[2024-06-03T10:41:50.137+0000] {logging_mixin.py:188} INFO - [2024-06-03T10:41:50.137+0000] {dag.py:3954} INFO - Setting next_dagrun for example_task_group to 2024-06-02 00:00:00+00:00, run_after=2024-06-03 00:00:00+00:00
[2024-06-03T10:41:50.161+0000] {processor.py:183} INFO - Processing /home/airflow/.local/lib/python3.12/site-packages/airflow/example_dags/example_task_group.py took 0.101 seconds
[2024-06-03T10:42:20.371+0000] {processor.py:161} INFO - Started process (PID=10307) to work on /home/airflow/.local/lib/python3.12/site-packages/airflow/example_dags/example_task_group.py
[2024-06-03T10:42:20.372+0000] {processor.py:830} INFO - Processing file /home/airflow/.local/lib/python3.12/site-packages/airflow/example_dags/example_task_group.py for tasks to queue
[2024-06-03T10:42:20.374+0000] {logging_mixin.py:188} INFO - [2024-06-03T10:42:20.374+0000] {dagbag.py:545} INFO - Filling up the DagBag from /home/airflow/.local/lib/python3.12/site-packages/airflow/example_dags/example_task_group.py
[2024-06-03T10:42:20.385+0000] {processor.py:840} INFO - DAG(s) 'example_task_group' retrieved from /home/airflow/.local/lib/python3.12/site-packages/airflow/example_dags/example_task_group.py
[2024-06-03T10:42:20.415+0000] {logging_mixin.py:188} INFO - [2024-06-03T10:42:20.415+0000] {dag.py:3096} INFO - Sync 1 DAGs
[2024-06-03T10:42:20.447+0000] {logging_mixin.py:188} INFO - [2024-06-03T10:42:20.447+0000] {dag.py:3954} INFO - Setting next_dagrun for example_task_group to 2024-06-02 00:00:00+00:00, run_after=2024-06-03 00:00:00+00:00
[2024-06-03T10:42:20.473+0000] {processor.py:183} INFO - Processing /home/airflow/.local/lib/python3.12/site-packages/airflow/example_dags/example_task_group.py took 0.110 seconds
[2024-06-03T10:42:51.260+0000] {processor.py:161} INFO - Started process (PID=10557) to work on /home/airflow/.local/lib/python3.12/site-packages/airflow/example_dags/example_task_group.py
[2024-06-03T10:42:51.261+0000] {processor.py:830} INFO - Processing file /home/airflow/.local/lib/python3.12/site-packages/airflow/example_dags/example_task_group.py for tasks to queue
[2024-06-03T10:42:51.263+0000] {logging_mixin.py:188} INFO - [2024-06-03T10:42:51.263+0000] {dagbag.py:545} INFO - Filling up the DagBag from /home/airflow/.local/lib/python3.12/site-packages/airflow/example_dags/example_task_group.py
[2024-06-03T10:42:51.273+0000] {processor.py:840} INFO - DAG(s) 'example_task_group' retrieved from /home/airflow/.local/lib/python3.12/site-packages/airflow/example_dags/example_task_group.py
[2024-06-03T10:42:51.302+0000] {logging_mixin.py:188} INFO - [2024-06-03T10:42:51.301+0000] {dag.py:3096} INFO - Sync 1 DAGs
[2024-06-03T10:42:51.334+0000] {logging_mixin.py:188} INFO - [2024-06-03T10:42:51.333+0000] {dag.py:3954} INFO - Setting next_dagrun for example_task_group to 2024-06-02 00:00:00+00:00, run_after=2024-06-03 00:00:00+00:00
[2024-06-03T10:42:51.360+0000] {processor.py:183} INFO - Processing /home/airflow/.local/lib/python3.12/site-packages/airflow/example_dags/example_task_group.py took 0.107 seconds
[2024-06-03T10:43:21.508+0000] {processor.py:161} INFO - Started process (PID=10813) to work on /home/airflow/.local/lib/python3.12/site-packages/airflow/example_dags/example_task_group.py
[2024-06-03T10:43:21.509+0000] {processor.py:830} INFO - Processing file /home/airflow/.local/lib/python3.12/site-packages/airflow/example_dags/example_task_group.py for tasks to queue
[2024-06-03T10:43:21.511+0000] {logging_mixin.py:188} INFO - [2024-06-03T10:43:21.510+0000] {dagbag.py:545} INFO - Filling up the DagBag from /home/airflow/.local/lib/python3.12/site-packages/airflow/example_dags/example_task_group.py
[2024-06-03T10:43:21.520+0000] {processor.py:840} INFO - DAG(s) 'example_task_group' retrieved from /home/airflow/.local/lib/python3.12/site-packages/airflow/example_dags/example_task_group.py
[2024-06-03T10:43:21.553+0000] {logging_mixin.py:188} INFO - [2024-06-03T10:43:21.553+0000] {dag.py:3096} INFO - Sync 1 DAGs
[2024-06-03T10:43:21.590+0000] {logging_mixin.py:188} INFO - [2024-06-03T10:43:21.590+0000] {dag.py:3954} INFO - Setting next_dagrun for example_task_group to 2024-06-02 00:00:00+00:00, run_after=2024-06-03 00:00:00+00:00
[2024-06-03T10:43:21.618+0000] {processor.py:183} INFO - Processing /home/airflow/.local/lib/python3.12/site-packages/airflow/example_dags/example_task_group.py took 0.117 seconds
[2024-06-03T10:43:51.912+0000] {processor.py:161} INFO - Started process (PID=11069) to work on /home/airflow/.local/lib/python3.12/site-packages/airflow/example_dags/example_task_group.py
[2024-06-03T10:43:51.913+0000] {processor.py:830} INFO - Processing file /home/airflow/.local/lib/python3.12/site-packages/airflow/example_dags/example_task_group.py for tasks to queue
[2024-06-03T10:43:51.915+0000] {logging_mixin.py:188} INFO - [2024-06-03T10:43:51.915+0000] {dagbag.py:545} INFO - Filling up the DagBag from /home/airflow/.local/lib/python3.12/site-packages/airflow/example_dags/example_task_group.py
[2024-06-03T10:43:51.924+0000] {processor.py:840} INFO - DAG(s) 'example_task_group' retrieved from /home/airflow/.local/lib/python3.12/site-packages/airflow/example_dags/example_task_group.py
[2024-06-03T10:43:52.087+0000] {logging_mixin.py:188} INFO - [2024-06-03T10:43:52.087+0000] {dag.py:3096} INFO - Sync 1 DAGs
[2024-06-03T10:43:52.118+0000] {logging_mixin.py:188} INFO - [2024-06-03T10:43:52.118+0000] {dag.py:3954} INFO - Setting next_dagrun for example_task_group to 2024-06-02 00:00:00+00:00, run_after=2024-06-03 00:00:00+00:00
[2024-06-03T10:43:52.144+0000] {processor.py:183} INFO - Processing /home/airflow/.local/lib/python3.12/site-packages/airflow/example_dags/example_task_group.py took 0.239 seconds
[2024-06-03T10:44:22.731+0000] {processor.py:161} INFO - Started process (PID=11325) to work on /home/airflow/.local/lib/python3.12/site-packages/airflow/example_dags/example_task_group.py
[2024-06-03T10:44:22.732+0000] {processor.py:830} INFO - Processing file /home/airflow/.local/lib/python3.12/site-packages/airflow/example_dags/example_task_group.py for tasks to queue
[2024-06-03T10:44:22.733+0000] {logging_mixin.py:188} INFO - [2024-06-03T10:44:22.733+0000] {dagbag.py:545} INFO - Filling up the DagBag from /home/airflow/.local/lib/python3.12/site-packages/airflow/example_dags/example_task_group.py
[2024-06-03T10:44:22.742+0000] {processor.py:840} INFO - DAG(s) 'example_task_group' retrieved from /home/airflow/.local/lib/python3.12/site-packages/airflow/example_dags/example_task_group.py
[2024-06-03T10:44:22.772+0000] {logging_mixin.py:188} INFO - [2024-06-03T10:44:22.772+0000] {dag.py:3096} INFO - Sync 1 DAGs
[2024-06-03T10:44:22.940+0000] {logging_mixin.py:188} INFO - [2024-06-03T10:44:22.939+0000] {dag.py:3954} INFO - Setting next_dagrun for example_task_group to 2024-06-02 00:00:00+00:00, run_after=2024-06-03 00:00:00+00:00
[2024-06-03T10:44:22.964+0000] {processor.py:183} INFO - Processing /home/airflow/.local/lib/python3.12/site-packages/airflow/example_dags/example_task_group.py took 0.240 seconds
[2024-06-03T10:44:53.784+0000] {processor.py:161} INFO - Started process (PID=11581) to work on /home/airflow/.local/lib/python3.12/site-packages/airflow/example_dags/example_task_group.py
[2024-06-03T10:44:53.784+0000] {processor.py:830} INFO - Processing file /home/airflow/.local/lib/python3.12/site-packages/airflow/example_dags/example_task_group.py for tasks to queue
[2024-06-03T10:44:53.786+0000] {logging_mixin.py:188} INFO - [2024-06-03T10:44:53.786+0000] {dagbag.py:545} INFO - Filling up the DagBag from /home/airflow/.local/lib/python3.12/site-packages/airflow/example_dags/example_task_group.py
[2024-06-03T10:44:53.796+0000] {processor.py:840} INFO - DAG(s) 'example_task_group' retrieved from /home/airflow/.local/lib/python3.12/site-packages/airflow/example_dags/example_task_group.py
[2024-06-03T10:44:53.828+0000] {logging_mixin.py:188} INFO - [2024-06-03T10:44:53.828+0000] {dag.py:3096} INFO - Sync 1 DAGs
[2024-06-03T10:44:53.860+0000] {logging_mixin.py:188} INFO - [2024-06-03T10:44:53.859+0000] {dag.py:3954} INFO - Setting next_dagrun for example_task_group to 2024-06-02 00:00:00+00:00, run_after=2024-06-03 00:00:00+00:00
[2024-06-03T10:44:53.884+0000] {processor.py:183} INFO - Processing /home/airflow/.local/lib/python3.12/site-packages/airflow/example_dags/example_task_group.py took 0.108 seconds
[2024-06-03T10:45:24.748+0000] {processor.py:161} INFO - Started process (PID=11837) to work on /home/airflow/.local/lib/python3.12/site-packages/airflow/example_dags/example_task_group.py
[2024-06-03T10:45:24.749+0000] {processor.py:830} INFO - Processing file /home/airflow/.local/lib/python3.12/site-packages/airflow/example_dags/example_task_group.py for tasks to queue
[2024-06-03T10:45:24.750+0000] {logging_mixin.py:188} INFO - [2024-06-03T10:45:24.750+0000] {dagbag.py:545} INFO - Filling up the DagBag from /home/airflow/.local/lib/python3.12/site-packages/airflow/example_dags/example_task_group.py
[2024-06-03T10:45:24.760+0000] {processor.py:840} INFO - DAG(s) 'example_task_group' retrieved from /home/airflow/.local/lib/python3.12/site-packages/airflow/example_dags/example_task_group.py
[2024-06-03T10:45:24.793+0000] {logging_mixin.py:188} INFO - [2024-06-03T10:45:24.793+0000] {dag.py:3096} INFO - Sync 1 DAGs
[2024-06-03T10:45:24.829+0000] {logging_mixin.py:188} INFO - [2024-06-03T10:45:24.829+0000] {dag.py:3954} INFO - Setting next_dagrun for example_task_group to 2024-06-02 00:00:00+00:00, run_after=2024-06-03 00:00:00+00:00
[2024-06-03T10:45:24.853+0000] {processor.py:183} INFO - Processing /home/airflow/.local/lib/python3.12/site-packages/airflow/example_dags/example_task_group.py took 0.113 seconds
[2024-06-03T10:45:55.426+0000] {processor.py:161} INFO - Started process (PID=12093) to work on /home/airflow/.local/lib/python3.12/site-packages/airflow/example_dags/example_task_group.py
[2024-06-03T10:45:55.427+0000] {processor.py:830} INFO - Processing file /home/airflow/.local/lib/python3.12/site-packages/airflow/example_dags/example_task_group.py for tasks to queue
[2024-06-03T10:45:55.429+0000] {logging_mixin.py:188} INFO - [2024-06-03T10:45:55.428+0000] {dagbag.py:545} INFO - Filling up the DagBag from /home/airflow/.local/lib/python3.12/site-packages/airflow/example_dags/example_task_group.py
[2024-06-03T10:45:55.439+0000] {processor.py:840} INFO - DAG(s) 'example_task_group' retrieved from /home/airflow/.local/lib/python3.12/site-packages/airflow/example_dags/example_task_group.py
[2024-06-03T10:45:55.468+0000] {logging_mixin.py:188} INFO - [2024-06-03T10:45:55.468+0000] {dag.py:3096} INFO - Sync 1 DAGs
[2024-06-03T10:45:55.500+0000] {logging_mixin.py:188} INFO - [2024-06-03T10:45:55.499+0000] {dag.py:3954} INFO - Setting next_dagrun for example_task_group to 2024-06-02 00:00:00+00:00, run_after=2024-06-03 00:00:00+00:00
[2024-06-03T10:45:55.524+0000] {processor.py:183} INFO - Processing /home/airflow/.local/lib/python3.12/site-packages/airflow/example_dags/example_task_group.py took 0.104 seconds
[2024-06-03T10:46:25.783+0000] {processor.py:161} INFO - Started process (PID=12349) to work on /home/airflow/.local/lib/python3.12/site-packages/airflow/example_dags/example_task_group.py
[2024-06-03T10:46:25.784+0000] {processor.py:830} INFO - Processing file /home/airflow/.local/lib/python3.12/site-packages/airflow/example_dags/example_task_group.py for tasks to queue
[2024-06-03T10:46:25.785+0000] {logging_mixin.py:188} INFO - [2024-06-03T10:46:25.785+0000] {dagbag.py:545} INFO - Filling up the DagBag from /home/airflow/.local/lib/python3.12/site-packages/airflow/example_dags/example_task_group.py
[2024-06-03T10:46:25.795+0000] {processor.py:840} INFO - DAG(s) 'example_task_group' retrieved from /home/airflow/.local/lib/python3.12/site-packages/airflow/example_dags/example_task_group.py
[2024-06-03T10:46:25.829+0000] {logging_mixin.py:188} INFO - [2024-06-03T10:46:25.828+0000] {dag.py:3096} INFO - Sync 1 DAGs
[2024-06-03T10:46:25.866+0000] {logging_mixin.py:188} INFO - [2024-06-03T10:46:25.865+0000] {dag.py:3954} INFO - Setting next_dagrun for example_task_group to 2024-06-02 00:00:00+00:00, run_after=2024-06-03 00:00:00+00:00
[2024-06-03T10:46:25.893+0000] {processor.py:183} INFO - Processing /home/airflow/.local/lib/python3.12/site-packages/airflow/example_dags/example_task_group.py took 0.117 seconds
[2024-06-03T10:46:56.352+0000] {processor.py:161} INFO - Started process (PID=12605) to work on /home/airflow/.local/lib/python3.12/site-packages/airflow/example_dags/example_task_group.py
[2024-06-03T10:46:56.353+0000] {processor.py:830} INFO - Processing file /home/airflow/.local/lib/python3.12/site-packages/airflow/example_dags/example_task_group.py for tasks to queue
[2024-06-03T10:46:56.354+0000] {logging_mixin.py:188} INFO - [2024-06-03T10:46:56.354+0000] {dagbag.py:545} INFO - Filling up the DagBag from /home/airflow/.local/lib/python3.12/site-packages/airflow/example_dags/example_task_group.py
[2024-06-03T10:46:56.364+0000] {processor.py:840} INFO - DAG(s) 'example_task_group' retrieved from /home/airflow/.local/lib/python3.12/site-packages/airflow/example_dags/example_task_group.py
[2024-06-03T10:46:56.395+0000] {logging_mixin.py:188} INFO - [2024-06-03T10:46:56.395+0000] {dag.py:3096} INFO - Sync 1 DAGs
[2024-06-03T10:46:56.429+0000] {logging_mixin.py:188} INFO - [2024-06-03T10:46:56.428+0000] {dag.py:3954} INFO - Setting next_dagrun for example_task_group to 2024-06-02 00:00:00+00:00, run_after=2024-06-03 00:00:00+00:00
[2024-06-03T10:46:56.458+0000] {processor.py:183} INFO - Processing /home/airflow/.local/lib/python3.12/site-packages/airflow/example_dags/example_task_group.py took 0.113 seconds
[2024-06-03T10:47:27.023+0000] {processor.py:161} INFO - Started process (PID=12861) to work on /home/airflow/.local/lib/python3.12/site-packages/airflow/example_dags/example_task_group.py
[2024-06-03T10:47:27.024+0000] {processor.py:830} INFO - Processing file /home/airflow/.local/lib/python3.12/site-packages/airflow/example_dags/example_task_group.py for tasks to queue
[2024-06-03T10:47:27.026+0000] {logging_mixin.py:188} INFO - [2024-06-03T10:47:27.025+0000] {dagbag.py:545} INFO - Filling up the DagBag from /home/airflow/.local/lib/python3.12/site-packages/airflow/example_dags/example_task_group.py
[2024-06-03T10:47:27.035+0000] {processor.py:840} INFO - DAG(s) 'example_task_group' retrieved from /home/airflow/.local/lib/python3.12/site-packages/airflow/example_dags/example_task_group.py
[2024-06-03T10:47:27.064+0000] {logging_mixin.py:188} INFO - [2024-06-03T10:47:27.063+0000] {dag.py:3096} INFO - Sync 1 DAGs
[2024-06-03T10:47:27.094+0000] {logging_mixin.py:188} INFO - [2024-06-03T10:47:27.094+0000] {dag.py:3954} INFO - Setting next_dagrun for example_task_group to 2024-06-02 00:00:00+00:00, run_after=2024-06-03 00:00:00+00:00
[2024-06-03T10:47:27.118+0000] {processor.py:183} INFO - Processing /home/airflow/.local/lib/python3.12/site-packages/airflow/example_dags/example_task_group.py took 0.102 seconds
[2024-06-03T10:47:57.760+0000] {processor.py:161} INFO - Started process (PID=13117) to work on /home/airflow/.local/lib/python3.12/site-packages/airflow/example_dags/example_task_group.py
[2024-06-03T10:47:57.761+0000] {processor.py:830} INFO - Processing file /home/airflow/.local/lib/python3.12/site-packages/airflow/example_dags/example_task_group.py for tasks to queue
[2024-06-03T10:47:57.763+0000] {logging_mixin.py:188} INFO - [2024-06-03T10:47:57.763+0000] {dagbag.py:545} INFO - Filling up the DagBag from /home/airflow/.local/lib/python3.12/site-packages/airflow/example_dags/example_task_group.py
[2024-06-03T10:47:57.772+0000] {processor.py:840} INFO - DAG(s) 'example_task_group' retrieved from /home/airflow/.local/lib/python3.12/site-packages/airflow/example_dags/example_task_group.py
[2024-06-03T10:47:57.804+0000] {logging_mixin.py:188} INFO - [2024-06-03T10:47:57.803+0000] {dag.py:3096} INFO - Sync 1 DAGs
[2024-06-03T10:47:57.835+0000] {logging_mixin.py:188} INFO - [2024-06-03T10:47:57.835+0000] {dag.py:3954} INFO - Setting next_dagrun for example_task_group to 2024-06-02 00:00:00+00:00, run_after=2024-06-03 00:00:00+00:00
[2024-06-03T10:47:57.862+0000] {processor.py:183} INFO - Processing /home/airflow/.local/lib/python3.12/site-packages/airflow/example_dags/example_task_group.py took 0.109 seconds
[2024-06-03T10:48:28.137+0000] {processor.py:161} INFO - Started process (PID=13373) to work on /home/airflow/.local/lib/python3.12/site-packages/airflow/example_dags/example_task_group.py
[2024-06-03T10:48:28.138+0000] {processor.py:830} INFO - Processing file /home/airflow/.local/lib/python3.12/site-packages/airflow/example_dags/example_task_group.py for tasks to queue
[2024-06-03T10:48:28.140+0000] {logging_mixin.py:188} INFO - [2024-06-03T10:48:28.140+0000] {dagbag.py:545} INFO - Filling up the DagBag from /home/airflow/.local/lib/python3.12/site-packages/airflow/example_dags/example_task_group.py
[2024-06-03T10:48:28.150+0000] {processor.py:840} INFO - DAG(s) 'example_task_group' retrieved from /home/airflow/.local/lib/python3.12/site-packages/airflow/example_dags/example_task_group.py
[2024-06-03T10:48:28.178+0000] {logging_mixin.py:188} INFO - [2024-06-03T10:48:28.178+0000] {dag.py:3096} INFO - Sync 1 DAGs
[2024-06-03T10:48:28.211+0000] {logging_mixin.py:188} INFO - [2024-06-03T10:48:28.211+0000] {dag.py:3954} INFO - Setting next_dagrun for example_task_group to 2024-06-02 00:00:00+00:00, run_after=2024-06-03 00:00:00+00:00
[2024-06-03T10:48:28.235+0000] {processor.py:183} INFO - Processing /home/airflow/.local/lib/python3.12/site-packages/airflow/example_dags/example_task_group.py took 0.104 seconds
[2024-06-03T10:48:58.444+0000] {processor.py:161} INFO - Started process (PID=13629) to work on /home/airflow/.local/lib/python3.12/site-packages/airflow/example_dags/example_task_group.py
[2024-06-03T10:48:58.445+0000] {processor.py:830} INFO - Processing file /home/airflow/.local/lib/python3.12/site-packages/airflow/example_dags/example_task_group.py for tasks to queue
[2024-06-03T10:48:58.447+0000] {logging_mixin.py:188} INFO - [2024-06-03T10:48:58.446+0000] {dagbag.py:545} INFO - Filling up the DagBag from /home/airflow/.local/lib/python3.12/site-packages/airflow/example_dags/example_task_group.py
[2024-06-03T10:48:58.456+0000] {processor.py:840} INFO - DAG(s) 'example_task_group' retrieved from /home/airflow/.local/lib/python3.12/site-packages/airflow/example_dags/example_task_group.py
[2024-06-03T10:48:58.486+0000] {logging_mixin.py:188} INFO - [2024-06-03T10:48:58.486+0000] {dag.py:3096} INFO - Sync 1 DAGs
[2024-06-03T10:48:58.518+0000] {logging_mixin.py:188} INFO - [2024-06-03T10:48:58.518+0000] {dag.py:3954} INFO - Setting next_dagrun for example_task_group to 2024-06-02 00:00:00+00:00, run_after=2024-06-03 00:00:00+00:00
[2024-06-03T10:48:58.544+0000] {processor.py:183} INFO - Processing /home/airflow/.local/lib/python3.12/site-packages/airflow/example_dags/example_task_group.py took 0.106 seconds
[2024-06-03T10:49:28.756+0000] {processor.py:161} INFO - Started process (PID=13885) to work on /home/airflow/.local/lib/python3.12/site-packages/airflow/example_dags/example_task_group.py
[2024-06-03T10:49:28.757+0000] {processor.py:830} INFO - Processing file /home/airflow/.local/lib/python3.12/site-packages/airflow/example_dags/example_task_group.py for tasks to queue
[2024-06-03T10:49:28.759+0000] {logging_mixin.py:188} INFO - [2024-06-03T10:49:28.759+0000] {dagbag.py:545} INFO - Filling up the DagBag from /home/airflow/.local/lib/python3.12/site-packages/airflow/example_dags/example_task_group.py
[2024-06-03T10:49:28.769+0000] {processor.py:840} INFO - DAG(s) 'example_task_group' retrieved from /home/airflow/.local/lib/python3.12/site-packages/airflow/example_dags/example_task_group.py
[2024-06-03T10:49:28.797+0000] {logging_mixin.py:188} INFO - [2024-06-03T10:49:28.797+0000] {dag.py:3096} INFO - Sync 1 DAGs
[2024-06-03T10:49:28.828+0000] {logging_mixin.py:188} INFO - [2024-06-03T10:49:28.827+0000] {dag.py:3954} INFO - Setting next_dagrun for example_task_group to 2024-06-02 00:00:00+00:00, run_after=2024-06-03 00:00:00+00:00
[2024-06-03T10:49:28.852+0000] {processor.py:183} INFO - Processing /home/airflow/.local/lib/python3.12/site-packages/airflow/example_dags/example_task_group.py took 0.102 seconds
[2024-06-03T10:49:59.330+0000] {processor.py:161} INFO - Started process (PID=14141) to work on /home/airflow/.local/lib/python3.12/site-packages/airflow/example_dags/example_task_group.py
[2024-06-03T10:49:59.331+0000] {processor.py:830} INFO - Processing file /home/airflow/.local/lib/python3.12/site-packages/airflow/example_dags/example_task_group.py for tasks to queue
[2024-06-03T10:49:59.333+0000] {logging_mixin.py:188} INFO - [2024-06-03T10:49:59.332+0000] {dagbag.py:545} INFO - Filling up the DagBag from /home/airflow/.local/lib/python3.12/site-packages/airflow/example_dags/example_task_group.py
[2024-06-03T10:49:59.342+0000] {processor.py:840} INFO - DAG(s) 'example_task_group' retrieved from /home/airflow/.local/lib/python3.12/site-packages/airflow/example_dags/example_task_group.py
[2024-06-03T10:49:59.377+0000] {logging_mixin.py:188} INFO - [2024-06-03T10:49:59.377+0000] {dag.py:3096} INFO - Sync 1 DAGs
[2024-06-03T10:49:59.414+0000] {logging_mixin.py:188} INFO - [2024-06-03T10:49:59.414+0000] {dag.py:3954} INFO - Setting next_dagrun for example_task_group to 2024-06-02 00:00:00+00:00, run_after=2024-06-03 00:00:00+00:00
[2024-06-03T10:49:59.441+0000] {processor.py:183} INFO - Processing /home/airflow/.local/lib/python3.12/site-packages/airflow/example_dags/example_task_group.py took 0.118 seconds
[2024-06-03T10:50:29.724+0000] {processor.py:161} INFO - Started process (PID=14397) to work on /home/airflow/.local/lib/python3.12/site-packages/airflow/example_dags/example_task_group.py
[2024-06-03T10:50:29.725+0000] {processor.py:830} INFO - Processing file /home/airflow/.local/lib/python3.12/site-packages/airflow/example_dags/example_task_group.py for tasks to queue
[2024-06-03T10:50:29.727+0000] {logging_mixin.py:188} INFO - [2024-06-03T10:50:29.726+0000] {dagbag.py:545} INFO - Filling up the DagBag from /home/airflow/.local/lib/python3.12/site-packages/airflow/example_dags/example_task_group.py
[2024-06-03T10:50:29.736+0000] {processor.py:840} INFO - DAG(s) 'example_task_group' retrieved from /home/airflow/.local/lib/python3.12/site-packages/airflow/example_dags/example_task_group.py
[2024-06-03T10:50:29.768+0000] {logging_mixin.py:188} INFO - [2024-06-03T10:50:29.767+0000] {dag.py:3096} INFO - Sync 1 DAGs
[2024-06-03T10:50:29.803+0000] {logging_mixin.py:188} INFO - [2024-06-03T10:50:29.803+0000] {dag.py:3954} INFO - Setting next_dagrun for example_task_group to 2024-06-02 00:00:00+00:00, run_after=2024-06-03 00:00:00+00:00
[2024-06-03T10:50:29.829+0000] {processor.py:183} INFO - Processing /home/airflow/.local/lib/python3.12/site-packages/airflow/example_dags/example_task_group.py took 0.112 seconds
[2024-06-03T10:51:00.428+0000] {processor.py:161} INFO - Started process (PID=14653) to work on /home/airflow/.local/lib/python3.12/site-packages/airflow/example_dags/example_task_group.py
[2024-06-03T10:51:00.428+0000] {processor.py:830} INFO - Processing file /home/airflow/.local/lib/python3.12/site-packages/airflow/example_dags/example_task_group.py for tasks to queue
[2024-06-03T10:51:00.430+0000] {logging_mixin.py:188} INFO - [2024-06-03T10:51:00.430+0000] {dagbag.py:545} INFO - Filling up the DagBag from /home/airflow/.local/lib/python3.12/site-packages/airflow/example_dags/example_task_group.py
[2024-06-03T10:51:00.440+0000] {processor.py:840} INFO - DAG(s) 'example_task_group' retrieved from /home/airflow/.local/lib/python3.12/site-packages/airflow/example_dags/example_task_group.py
[2024-06-03T10:51:00.469+0000] {logging_mixin.py:188} INFO - [2024-06-03T10:51:00.469+0000] {dag.py:3096} INFO - Sync 1 DAGs
[2024-06-03T10:51:00.501+0000] {logging_mixin.py:188} INFO - [2024-06-03T10:51:00.501+0000] {dag.py:3954} INFO - Setting next_dagrun for example_task_group to 2024-06-02 00:00:00+00:00, run_after=2024-06-03 00:00:00+00:00
[2024-06-03T10:51:00.528+0000] {processor.py:183} INFO - Processing /home/airflow/.local/lib/python3.12/site-packages/airflow/example_dags/example_task_group.py took 0.107 seconds
[2024-06-03T10:51:31.203+0000] {processor.py:161} INFO - Started process (PID=14909) to work on /home/airflow/.local/lib/python3.12/site-packages/airflow/example_dags/example_task_group.py
[2024-06-03T10:51:31.204+0000] {processor.py:830} INFO - Processing file /home/airflow/.local/lib/python3.12/site-packages/airflow/example_dags/example_task_group.py for tasks to queue
[2024-06-03T10:51:31.206+0000] {logging_mixin.py:188} INFO - [2024-06-03T10:51:31.206+0000] {dagbag.py:545} INFO - Filling up the DagBag from /home/airflow/.local/lib/python3.12/site-packages/airflow/example_dags/example_task_group.py
[2024-06-03T10:51:31.216+0000] {processor.py:840} INFO - DAG(s) 'example_task_group' retrieved from /home/airflow/.local/lib/python3.12/site-packages/airflow/example_dags/example_task_group.py
[2024-06-03T10:51:31.245+0000] {logging_mixin.py:188} INFO - [2024-06-03T10:51:31.244+0000] {dag.py:3096} INFO - Sync 1 DAGs
[2024-06-03T10:51:31.275+0000] {logging_mixin.py:188} INFO - [2024-06-03T10:51:31.275+0000] {dag.py:3954} INFO - Setting next_dagrun for example_task_group to 2024-06-02 00:00:00+00:00, run_after=2024-06-03 00:00:00+00:00
[2024-06-03T10:51:31.298+0000] {processor.py:183} INFO - Processing /home/airflow/.local/lib/python3.12/site-packages/airflow/example_dags/example_task_group.py took 0.102 seconds
[2024-06-03T10:52:01.820+0000] {processor.py:161} INFO - Started process (PID=15165) to work on /home/airflow/.local/lib/python3.12/site-packages/airflow/example_dags/example_task_group.py
[2024-06-03T10:52:01.820+0000] {processor.py:830} INFO - Processing file /home/airflow/.local/lib/python3.12/site-packages/airflow/example_dags/example_task_group.py for tasks to queue
[2024-06-03T10:52:01.822+0000] {logging_mixin.py:188} INFO - [2024-06-03T10:52:01.822+0000] {dagbag.py:545} INFO - Filling up the DagBag from /home/airflow/.local/lib/python3.12/site-packages/airflow/example_dags/example_task_group.py
[2024-06-03T10:52:01.832+0000] {processor.py:840} INFO - DAG(s) 'example_task_group' retrieved from /home/airflow/.local/lib/python3.12/site-packages/airflow/example_dags/example_task_group.py
[2024-06-03T10:52:01.861+0000] {logging_mixin.py:188} INFO - [2024-06-03T10:52:01.861+0000] {dag.py:3096} INFO - Sync 1 DAGs
[2024-06-03T10:52:01.893+0000] {logging_mixin.py:188} INFO - [2024-06-03T10:52:01.893+0000] {dag.py:3954} INFO - Setting next_dagrun for example_task_group to 2024-06-02 00:00:00+00:00, run_after=2024-06-03 00:00:00+00:00
[2024-06-03T10:52:01.919+0000] {processor.py:183} INFO - Processing /home/airflow/.local/lib/python3.12/site-packages/airflow/example_dags/example_task_group.py took 0.106 seconds
[2024-06-03T10:52:32.585+0000] {processor.py:161} INFO - Started process (PID=15421) to work on /home/airflow/.local/lib/python3.12/site-packages/airflow/example_dags/example_task_group.py
[2024-06-03T10:52:32.586+0000] {processor.py:830} INFO - Processing file /home/airflow/.local/lib/python3.12/site-packages/airflow/example_dags/example_task_group.py for tasks to queue
[2024-06-03T10:52:32.588+0000] {logging_mixin.py:188} INFO - [2024-06-03T10:52:32.588+0000] {dagbag.py:545} INFO - Filling up the DagBag from /home/airflow/.local/lib/python3.12/site-packages/airflow/example_dags/example_task_group.py
[2024-06-03T10:52:32.598+0000] {processor.py:840} INFO - DAG(s) 'example_task_group' retrieved from /home/airflow/.local/lib/python3.12/site-packages/airflow/example_dags/example_task_group.py
[2024-06-03T10:52:32.632+0000] {logging_mixin.py:188} INFO - [2024-06-03T10:52:32.631+0000] {dag.py:3096} INFO - Sync 1 DAGs
[2024-06-03T10:52:32.669+0000] {logging_mixin.py:188} INFO - [2024-06-03T10:52:32.668+0000] {dag.py:3954} INFO - Setting next_dagrun for example_task_group to 2024-06-02 00:00:00+00:00, run_after=2024-06-03 00:00:00+00:00
[2024-06-03T10:52:32.699+0000] {processor.py:183} INFO - Processing /home/airflow/.local/lib/python3.12/site-packages/airflow/example_dags/example_task_group.py took 0.120 seconds
[2024-06-03T10:53:02.969+0000] {processor.py:161} INFO - Started process (PID=15677) to work on /home/airflow/.local/lib/python3.12/site-packages/airflow/example_dags/example_task_group.py
[2024-06-03T10:53:02.969+0000] {processor.py:830} INFO - Processing file /home/airflow/.local/lib/python3.12/site-packages/airflow/example_dags/example_task_group.py for tasks to queue
[2024-06-03T10:53:02.971+0000] {logging_mixin.py:188} INFO - [2024-06-03T10:53:02.971+0000] {dagbag.py:545} INFO - Filling up the DagBag from /home/airflow/.local/lib/python3.12/site-packages/airflow/example_dags/example_task_group.py
[2024-06-03T10:53:02.980+0000] {processor.py:840} INFO - DAG(s) 'example_task_group' retrieved from /home/airflow/.local/lib/python3.12/site-packages/airflow/example_dags/example_task_group.py
[2024-06-03T10:53:03.013+0000] {logging_mixin.py:188} INFO - [2024-06-03T10:53:03.013+0000] {dag.py:3096} INFO - Sync 1 DAGs
[2024-06-03T10:53:03.050+0000] {logging_mixin.py:188} INFO - [2024-06-03T10:53:03.050+0000] {dag.py:3954} INFO - Setting next_dagrun for example_task_group to 2024-06-02 00:00:00+00:00, run_after=2024-06-03 00:00:00+00:00
[2024-06-03T10:53:03.078+0000] {processor.py:183} INFO - Processing /home/airflow/.local/lib/python3.12/site-packages/airflow/example_dags/example_task_group.py took 0.116 seconds
[2024-06-03T10:53:33.347+0000] {processor.py:161} INFO - Started process (PID=15933) to work on /home/airflow/.local/lib/python3.12/site-packages/airflow/example_dags/example_task_group.py
[2024-06-03T10:53:33.349+0000] {processor.py:830} INFO - Processing file /home/airflow/.local/lib/python3.12/site-packages/airflow/example_dags/example_task_group.py for tasks to queue
[2024-06-03T10:53:33.350+0000] {logging_mixin.py:188} INFO - [2024-06-03T10:53:33.350+0000] {dagbag.py:545} INFO - Filling up the DagBag from /home/airflow/.local/lib/python3.12/site-packages/airflow/example_dags/example_task_group.py
[2024-06-03T10:53:33.360+0000] {processor.py:840} INFO - DAG(s) 'example_task_group' retrieved from /home/airflow/.local/lib/python3.12/site-packages/airflow/example_dags/example_task_group.py
[2024-06-03T10:53:33.389+0000] {logging_mixin.py:188} INFO - [2024-06-03T10:53:33.389+0000] {dag.py:3096} INFO - Sync 1 DAGs
[2024-06-03T10:53:33.421+0000] {logging_mixin.py:188} INFO - [2024-06-03T10:53:33.421+0000] {dag.py:3954} INFO - Setting next_dagrun for example_task_group to 2024-06-02 00:00:00+00:00, run_after=2024-06-03 00:00:00+00:00
[2024-06-03T10:53:33.447+0000] {processor.py:183} INFO - Processing /home/airflow/.local/lib/python3.12/site-packages/airflow/example_dags/example_task_group.py took 0.106 seconds
