[2024-06-03T09:55:40.619+0000] {processor.py:161} INFO - Started process (PID=311) to work on /home/airflow/.local/lib/python3.12/site-packages/airflow/example_dags/example_skip_dag.py
[2024-06-03T09:55:40.620+0000] {processor.py:830} INFO - Processing file /home/airflow/.local/lib/python3.12/site-packages/airflow/example_dags/example_skip_dag.py for tasks to queue
[2024-06-03T09:55:40.633+0000] {logging_mixin.py:188} INFO - [2024-06-03T09:55:40.633+0000] {dagbag.py:545} INFO - Filling up the DagBag from /home/airflow/.local/lib/python3.12/site-packages/airflow/example_dags/example_skip_dag.py
[2024-06-03T09:55:40.734+0000] {processor.py:840} INFO - DAG(s) 'example_skip_dag' retrieved from /home/airflow/.local/lib/python3.12/site-packages/airflow/example_dags/example_skip_dag.py
[2024-06-03T09:55:41.362+0000] {logging_mixin.py:188} INFO - [2024-06-03T09:55:41.361+0000] {dag.py:3096} INFO - Sync 1 DAGs
[2024-06-03T09:55:41.451+0000] {logging_mixin.py:188} INFO - [2024-06-03T09:55:41.451+0000] {dag.py:3954} INFO - Setting next_dagrun for example_skip_dag to 2024-06-02 00:00:00+00:00, run_after=2024-06-03 00:00:00+00:00
[2024-06-03T09:55:41.585+0000] {processor.py:183} INFO - Processing /home/airflow/.local/lib/python3.12/site-packages/airflow/example_dags/example_skip_dag.py took 1.048 seconds
[2024-06-03T09:58:09.026+0000] {processor.py:161} INFO - Started process (PID=612) to work on /home/airflow/.local/lib/python3.12/site-packages/airflow/example_dags/example_skip_dag.py
[2024-06-03T09:58:09.065+0000] {processor.py:830} INFO - Processing file /home/airflow/.local/lib/python3.12/site-packages/airflow/example_dags/example_skip_dag.py for tasks to queue
[2024-06-03T09:58:09.068+0000] {logging_mixin.py:188} INFO - [2024-06-03T09:58:09.067+0000] {dagbag.py:545} INFO - Filling up the DagBag from /home/airflow/.local/lib/python3.12/site-packages/airflow/example_dags/example_skip_dag.py
[2024-06-03T09:58:09.574+0000] {processor.py:840} INFO - DAG(s) 'example_skip_dag' retrieved from /home/airflow/.local/lib/python3.12/site-packages/airflow/example_dags/example_skip_dag.py
[2024-06-03T09:58:11.625+0000] {logging_mixin.py:188} INFO - [2024-06-03T09:58:11.624+0000] {dag.py:3096} INFO - Sync 1 DAGs
[2024-06-03T09:58:13.431+0000] {logging_mixin.py:188} INFO - [2024-06-03T09:58:13.430+0000] {dag.py:3954} INFO - Setting next_dagrun for example_skip_dag to 2024-06-02 00:00:00+00:00, run_after=2024-06-03 00:00:00+00:00
[2024-06-03T09:58:14.875+0000] {processor.py:183} INFO - Processing /home/airflow/.local/lib/python3.12/site-packages/airflow/example_dags/example_skip_dag.py took 6.028 seconds
[2024-06-03T10:00:18.498+0000] {processor.py:161} INFO - Started process (PID=948) to work on /home/airflow/.local/lib/python3.12/site-packages/airflow/example_dags/example_skip_dag.py
[2024-06-03T10:00:18.504+0000] {processor.py:830} INFO - Processing file /home/airflow/.local/lib/python3.12/site-packages/airflow/example_dags/example_skip_dag.py for tasks to queue
[2024-06-03T10:00:18.507+0000] {logging_mixin.py:188} INFO - [2024-06-03T10:00:18.507+0000] {dagbag.py:545} INFO - Filling up the DagBag from /home/airflow/.local/lib/python3.12/site-packages/airflow/example_dags/example_skip_dag.py
[2024-06-03T10:00:18.536+0000] {processor.py:840} INFO - DAG(s) 'example_skip_dag' retrieved from /home/airflow/.local/lib/python3.12/site-packages/airflow/example_dags/example_skip_dag.py
[2024-06-03T10:00:18.682+0000] {logging_mixin.py:188} INFO - [2024-06-03T10:00:18.682+0000] {dag.py:3096} INFO - Sync 1 DAGs
[2024-06-03T10:00:18.769+0000] {logging_mixin.py:188} INFO - [2024-06-03T10:00:18.765+0000] {dag.py:3954} INFO - Setting next_dagrun for example_skip_dag to 2024-06-02 00:00:00+00:00, run_after=2024-06-03 00:00:00+00:00
[2024-06-03T10:00:18.825+0000] {processor.py:183} INFO - Processing /home/airflow/.local/lib/python3.12/site-packages/airflow/example_dags/example_skip_dag.py took 0.358 seconds
[2024-06-03T10:00:52.170+0000] {processor.py:161} INFO - Started process (PID=1204) to work on /home/airflow/.local/lib/python3.12/site-packages/airflow/example_dags/example_skip_dag.py
[2024-06-03T10:00:52.181+0000] {processor.py:830} INFO - Processing file /home/airflow/.local/lib/python3.12/site-packages/airflow/example_dags/example_skip_dag.py for tasks to queue
[2024-06-03T10:00:52.184+0000] {logging_mixin.py:188} INFO - [2024-06-03T10:00:52.183+0000] {dagbag.py:545} INFO - Filling up the DagBag from /home/airflow/.local/lib/python3.12/site-packages/airflow/example_dags/example_skip_dag.py
[2024-06-03T10:00:52.282+0000] {processor.py:840} INFO - DAG(s) 'example_skip_dag' retrieved from /home/airflow/.local/lib/python3.12/site-packages/airflow/example_dags/example_skip_dag.py
[2024-06-03T10:00:52.466+0000] {logging_mixin.py:188} INFO - [2024-06-03T10:00:52.465+0000] {dag.py:3096} INFO - Sync 1 DAGs
[2024-06-03T10:00:52.668+0000] {logging_mixin.py:188} INFO - [2024-06-03T10:00:52.667+0000] {dag.py:3954} INFO - Setting next_dagrun for example_skip_dag to 2024-06-02 00:00:00+00:00, run_after=2024-06-03 00:00:00+00:00
[2024-06-03T10:00:52.822+0000] {processor.py:183} INFO - Processing /home/airflow/.local/lib/python3.12/site-packages/airflow/example_dags/example_skip_dag.py took 0.808 seconds
[2024-06-03T10:02:18.589+0000] {processor.py:161} INFO - Started process (PID=1454) to work on /home/airflow/.local/lib/python3.12/site-packages/airflow/example_dags/example_skip_dag.py
[2024-06-03T10:02:18.611+0000] {processor.py:830} INFO - Processing file /home/airflow/.local/lib/python3.12/site-packages/airflow/example_dags/example_skip_dag.py for tasks to queue
[2024-06-03T10:02:18.614+0000] {logging_mixin.py:188} INFO - [2024-06-03T10:02:18.614+0000] {dagbag.py:545} INFO - Filling up the DagBag from /home/airflow/.local/lib/python3.12/site-packages/airflow/example_dags/example_skip_dag.py
[2024-06-03T10:02:18.755+0000] {processor.py:840} INFO - DAG(s) 'example_skip_dag' retrieved from /home/airflow/.local/lib/python3.12/site-packages/airflow/example_dags/example_skip_dag.py
[2024-06-03T10:02:19.536+0000] {logging_mixin.py:188} INFO - [2024-06-03T10:02:19.535+0000] {dag.py:3096} INFO - Sync 1 DAGs
[2024-06-03T10:02:19.998+0000] {logging_mixin.py:188} INFO - [2024-06-03T10:02:19.998+0000] {dag.py:3954} INFO - Setting next_dagrun for example_skip_dag to 2024-06-02 00:00:00+00:00, run_after=2024-06-03 00:00:00+00:00
[2024-06-03T10:02:20.960+0000] {processor.py:183} INFO - Processing /home/airflow/.local/lib/python3.12/site-packages/airflow/example_dags/example_skip_dag.py took 2.449 seconds
[2024-06-03T10:05:11.852+0000] {processor.py:161} INFO - Started process (PID=1795) to work on /home/airflow/.local/lib/python3.12/site-packages/airflow/example_dags/example_skip_dag.py
[2024-06-03T10:05:11.866+0000] {processor.py:830} INFO - Processing file /home/airflow/.local/lib/python3.12/site-packages/airflow/example_dags/example_skip_dag.py for tasks to queue
[2024-06-03T10:05:11.875+0000] {logging_mixin.py:188} INFO - [2024-06-03T10:05:11.868+0000] {dagbag.py:545} INFO - Filling up the DagBag from /home/airflow/.local/lib/python3.12/site-packages/airflow/example_dags/example_skip_dag.py
[2024-06-03T10:05:11.899+0000] {processor.py:840} INFO - DAG(s) 'example_skip_dag' retrieved from /home/airflow/.local/lib/python3.12/site-packages/airflow/example_dags/example_skip_dag.py
[2024-06-03T10:05:12.023+0000] {logging_mixin.py:188} INFO - [2024-06-03T10:05:12.023+0000] {dag.py:3096} INFO - Sync 1 DAGs
[2024-06-03T10:05:12.166+0000] {logging_mixin.py:188} INFO - [2024-06-03T10:05:12.165+0000] {dag.py:3954} INFO - Setting next_dagrun for example_skip_dag to 2024-06-02 00:00:00+00:00, run_after=2024-06-03 00:00:00+00:00
[2024-06-03T10:05:12.277+0000] {processor.py:183} INFO - Processing /home/airflow/.local/lib/python3.12/site-packages/airflow/example_dags/example_skip_dag.py took 0.451 seconds
[2024-06-03T10:05:42.700+0000] {processor.py:161} INFO - Started process (PID=2051) to work on /home/airflow/.local/lib/python3.12/site-packages/airflow/example_dags/example_skip_dag.py
[2024-06-03T10:05:42.701+0000] {processor.py:830} INFO - Processing file /home/airflow/.local/lib/python3.12/site-packages/airflow/example_dags/example_skip_dag.py for tasks to queue
[2024-06-03T10:05:42.712+0000] {logging_mixin.py:188} INFO - [2024-06-03T10:05:42.712+0000] {dagbag.py:545} INFO - Filling up the DagBag from /home/airflow/.local/lib/python3.12/site-packages/airflow/example_dags/example_skip_dag.py
[2024-06-03T10:05:42.722+0000] {processor.py:840} INFO - DAG(s) 'example_skip_dag' retrieved from /home/airflow/.local/lib/python3.12/site-packages/airflow/example_dags/example_skip_dag.py
[2024-06-03T10:05:42.767+0000] {logging_mixin.py:188} INFO - [2024-06-03T10:05:42.767+0000] {dag.py:3096} INFO - Sync 1 DAGs
[2024-06-03T10:05:42.798+0000] {logging_mixin.py:188} INFO - [2024-06-03T10:05:42.798+0000] {dag.py:3954} INFO - Setting next_dagrun for example_skip_dag to 2024-06-02 00:00:00+00:00, run_after=2024-06-03 00:00:00+00:00
[2024-06-03T10:05:42.836+0000] {processor.py:183} INFO - Processing /home/airflow/.local/lib/python3.12/site-packages/airflow/example_dags/example_skip_dag.py took 0.176 seconds
[2024-06-03T10:06:39.008+0000] {processor.py:161} INFO - Started process (PID=2252) to work on /home/airflow/.local/lib/python3.12/site-packages/airflow/example_dags/example_skip_dag.py
[2024-06-03T10:06:39.011+0000] {processor.py:830} INFO - Processing file /home/airflow/.local/lib/python3.12/site-packages/airflow/example_dags/example_skip_dag.py for tasks to queue
[2024-06-03T10:06:39.070+0000] {logging_mixin.py:188} INFO - [2024-06-03T10:06:39.070+0000] {dagbag.py:545} INFO - Filling up the DagBag from /home/airflow/.local/lib/python3.12/site-packages/airflow/example_dags/example_skip_dag.py
[2024-06-03T10:06:39.313+0000] {processor.py:840} INFO - DAG(s) 'example_skip_dag' retrieved from /home/airflow/.local/lib/python3.12/site-packages/airflow/example_dags/example_skip_dag.py
[2024-06-03T10:06:40.155+0000] {logging_mixin.py:188} INFO - [2024-06-03T10:06:40.155+0000] {dag.py:3096} INFO - Sync 1 DAGs
[2024-06-03T10:06:40.655+0000] {logging_mixin.py:188} INFO - [2024-06-03T10:06:40.655+0000] {dag.py:3954} INFO - Setting next_dagrun for example_skip_dag to 2024-06-02 00:00:00+00:00, run_after=2024-06-03 00:00:00+00:00
[2024-06-03T10:06:41.138+0000] {processor.py:183} INFO - Processing /home/airflow/.local/lib/python3.12/site-packages/airflow/example_dags/example_skip_dag.py took 2.189 seconds
[2024-06-03T10:22:31.415+0000] {processor.py:161} INFO - Started process (PID=313) to work on /home/airflow/.local/lib/python3.12/site-packages/airflow/example_dags/example_skip_dag.py
[2024-06-03T10:22:31.417+0000] {processor.py:830} INFO - Processing file /home/airflow/.local/lib/python3.12/site-packages/airflow/example_dags/example_skip_dag.py for tasks to queue
[2024-06-03T10:22:31.419+0000] {logging_mixin.py:188} INFO - [2024-06-03T10:22:31.418+0000] {dagbag.py:545} INFO - Filling up the DagBag from /home/airflow/.local/lib/python3.12/site-packages/airflow/example_dags/example_skip_dag.py
[2024-06-03T10:22:31.432+0000] {processor.py:840} INFO - DAG(s) 'example_skip_dag' retrieved from /home/airflow/.local/lib/python3.12/site-packages/airflow/example_dags/example_skip_dag.py
[2024-06-03T10:22:31.626+0000] {logging_mixin.py:188} INFO - [2024-06-03T10:22:31.626+0000] {dag.py:3096} INFO - Sync 1 DAGs
[2024-06-03T10:22:31.665+0000] {logging_mixin.py:188} INFO - [2024-06-03T10:22:31.664+0000] {dag.py:3954} INFO - Setting next_dagrun for example_skip_dag to 2024-06-02 00:00:00+00:00, run_after=2024-06-03 00:00:00+00:00
[2024-06-03T10:22:31.698+0000] {processor.py:183} INFO - Processing /home/airflow/.local/lib/python3.12/site-packages/airflow/example_dags/example_skip_dag.py took 0.289 seconds
[2024-06-03T10:23:01.732+0000] {processor.py:161} INFO - Started process (PID=569) to work on /home/airflow/.local/lib/python3.12/site-packages/airflow/example_dags/example_skip_dag.py
[2024-06-03T10:23:01.732+0000] {processor.py:830} INFO - Processing file /home/airflow/.local/lib/python3.12/site-packages/airflow/example_dags/example_skip_dag.py for tasks to queue
[2024-06-03T10:23:01.734+0000] {logging_mixin.py:188} INFO - [2024-06-03T10:23:01.734+0000] {dagbag.py:545} INFO - Filling up the DagBag from /home/airflow/.local/lib/python3.12/site-packages/airflow/example_dags/example_skip_dag.py
[2024-06-03T10:23:01.742+0000] {processor.py:840} INFO - DAG(s) 'example_skip_dag' retrieved from /home/airflow/.local/lib/python3.12/site-packages/airflow/example_dags/example_skip_dag.py
[2024-06-03T10:23:01.769+0000] {logging_mixin.py:188} INFO - [2024-06-03T10:23:01.768+0000] {dag.py:3096} INFO - Sync 1 DAGs
[2024-06-03T10:23:01.799+0000] {logging_mixin.py:188} INFO - [2024-06-03T10:23:01.798+0000] {dag.py:3954} INFO - Setting next_dagrun for example_skip_dag to 2024-06-02 00:00:00+00:00, run_after=2024-06-03 00:00:00+00:00
[2024-06-03T10:23:01.821+0000] {processor.py:183} INFO - Processing /home/airflow/.local/lib/python3.12/site-packages/airflow/example_dags/example_skip_dag.py took 0.097 seconds
[2024-06-03T10:23:32.347+0000] {processor.py:161} INFO - Started process (PID=826) to work on /home/airflow/.local/lib/python3.12/site-packages/airflow/example_dags/example_skip_dag.py
[2024-06-03T10:23:32.348+0000] {processor.py:830} INFO - Processing file /home/airflow/.local/lib/python3.12/site-packages/airflow/example_dags/example_skip_dag.py for tasks to queue
[2024-06-03T10:23:32.350+0000] {logging_mixin.py:188} INFO - [2024-06-03T10:23:32.349+0000] {dagbag.py:545} INFO - Filling up the DagBag from /home/airflow/.local/lib/python3.12/site-packages/airflow/example_dags/example_skip_dag.py
[2024-06-03T10:23:32.357+0000] {processor.py:840} INFO - DAG(s) 'example_skip_dag' retrieved from /home/airflow/.local/lib/python3.12/site-packages/airflow/example_dags/example_skip_dag.py
[2024-06-03T10:23:32.383+0000] {logging_mixin.py:188} INFO - [2024-06-03T10:23:32.382+0000] {dag.py:3096} INFO - Sync 1 DAGs
[2024-06-03T10:23:32.412+0000] {logging_mixin.py:188} INFO - [2024-06-03T10:23:32.411+0000] {dag.py:3954} INFO - Setting next_dagrun for example_skip_dag to 2024-06-02 00:00:00+00:00, run_after=2024-06-03 00:00:00+00:00
[2024-06-03T10:23:32.434+0000] {processor.py:183} INFO - Processing /home/airflow/.local/lib/python3.12/site-packages/airflow/example_dags/example_skip_dag.py took 0.094 seconds
[2024-06-03T10:24:02.915+0000] {processor.py:161} INFO - Started process (PID=1081) to work on /home/airflow/.local/lib/python3.12/site-packages/airflow/example_dags/example_skip_dag.py
[2024-06-03T10:24:02.916+0000] {processor.py:830} INFO - Processing file /home/airflow/.local/lib/python3.12/site-packages/airflow/example_dags/example_skip_dag.py for tasks to queue
[2024-06-03T10:24:02.918+0000] {logging_mixin.py:188} INFO - [2024-06-03T10:24:02.918+0000] {dagbag.py:545} INFO - Filling up the DagBag from /home/airflow/.local/lib/python3.12/site-packages/airflow/example_dags/example_skip_dag.py
[2024-06-03T10:24:02.926+0000] {processor.py:840} INFO - DAG(s) 'example_skip_dag' retrieved from /home/airflow/.local/lib/python3.12/site-packages/airflow/example_dags/example_skip_dag.py
[2024-06-03T10:24:02.955+0000] {logging_mixin.py:188} INFO - [2024-06-03T10:24:02.955+0000] {dag.py:3096} INFO - Sync 1 DAGs
[2024-06-03T10:24:02.988+0000] {logging_mixin.py:188} INFO - [2024-06-03T10:24:02.988+0000] {dag.py:3954} INFO - Setting next_dagrun for example_skip_dag to 2024-06-02 00:00:00+00:00, run_after=2024-06-03 00:00:00+00:00
[2024-06-03T10:24:03.016+0000] {processor.py:183} INFO - Processing /home/airflow/.local/lib/python3.12/site-packages/airflow/example_dags/example_skip_dag.py took 0.108 seconds
[2024-06-03T10:24:33.417+0000] {processor.py:161} INFO - Started process (PID=1339) to work on /home/airflow/.local/lib/python3.12/site-packages/airflow/example_dags/example_skip_dag.py
[2024-06-03T10:24:33.418+0000] {processor.py:830} INFO - Processing file /home/airflow/.local/lib/python3.12/site-packages/airflow/example_dags/example_skip_dag.py for tasks to queue
[2024-06-03T10:24:33.420+0000] {logging_mixin.py:188} INFO - [2024-06-03T10:24:33.419+0000] {dagbag.py:545} INFO - Filling up the DagBag from /home/airflow/.local/lib/python3.12/site-packages/airflow/example_dags/example_skip_dag.py
[2024-06-03T10:24:33.427+0000] {processor.py:840} INFO - DAG(s) 'example_skip_dag' retrieved from /home/airflow/.local/lib/python3.12/site-packages/airflow/example_dags/example_skip_dag.py
[2024-06-03T10:24:33.456+0000] {logging_mixin.py:188} INFO - [2024-06-03T10:24:33.455+0000] {dag.py:3096} INFO - Sync 1 DAGs
[2024-06-03T10:24:33.488+0000] {logging_mixin.py:188} INFO - [2024-06-03T10:24:33.487+0000] {dag.py:3954} INFO - Setting next_dagrun for example_skip_dag to 2024-06-02 00:00:00+00:00, run_after=2024-06-03 00:00:00+00:00
[2024-06-03T10:24:33.511+0000] {processor.py:183} INFO - Processing /home/airflow/.local/lib/python3.12/site-packages/airflow/example_dags/example_skip_dag.py took 0.102 seconds
[2024-06-03T10:25:03.906+0000] {processor.py:161} INFO - Started process (PID=1595) to work on /home/airflow/.local/lib/python3.12/site-packages/airflow/example_dags/example_skip_dag.py
[2024-06-03T10:25:03.907+0000] {processor.py:830} INFO - Processing file /home/airflow/.local/lib/python3.12/site-packages/airflow/example_dags/example_skip_dag.py for tasks to queue
[2024-06-03T10:25:03.908+0000] {logging_mixin.py:188} INFO - [2024-06-03T10:25:03.908+0000] {dagbag.py:545} INFO - Filling up the DagBag from /home/airflow/.local/lib/python3.12/site-packages/airflow/example_dags/example_skip_dag.py
[2024-06-03T10:25:03.916+0000] {processor.py:840} INFO - DAG(s) 'example_skip_dag' retrieved from /home/airflow/.local/lib/python3.12/site-packages/airflow/example_dags/example_skip_dag.py
[2024-06-03T10:25:03.943+0000] {logging_mixin.py:188} INFO - [2024-06-03T10:25:03.942+0000] {dag.py:3096} INFO - Sync 1 DAGs
[2024-06-03T10:25:03.974+0000] {logging_mixin.py:188} INFO - [2024-06-03T10:25:03.974+0000] {dag.py:3954} INFO - Setting next_dagrun for example_skip_dag to 2024-06-02 00:00:00+00:00, run_after=2024-06-03 00:00:00+00:00
[2024-06-03T10:25:03.998+0000] {processor.py:183} INFO - Processing /home/airflow/.local/lib/python3.12/site-packages/airflow/example_dags/example_skip_dag.py took 0.099 seconds
[2024-06-03T10:25:34.289+0000] {processor.py:161} INFO - Started process (PID=1849) to work on /home/airflow/.local/lib/python3.12/site-packages/airflow/example_dags/example_skip_dag.py
[2024-06-03T10:25:34.290+0000] {processor.py:830} INFO - Processing file /home/airflow/.local/lib/python3.12/site-packages/airflow/example_dags/example_skip_dag.py for tasks to queue
[2024-06-03T10:25:34.292+0000] {logging_mixin.py:188} INFO - [2024-06-03T10:25:34.292+0000] {dagbag.py:545} INFO - Filling up the DagBag from /home/airflow/.local/lib/python3.12/site-packages/airflow/example_dags/example_skip_dag.py
[2024-06-03T10:25:34.300+0000] {processor.py:840} INFO - DAG(s) 'example_skip_dag' retrieved from /home/airflow/.local/lib/python3.12/site-packages/airflow/example_dags/example_skip_dag.py
[2024-06-03T10:25:34.329+0000] {logging_mixin.py:188} INFO - [2024-06-03T10:25:34.328+0000] {dag.py:3096} INFO - Sync 1 DAGs
[2024-06-03T10:25:34.358+0000] {logging_mixin.py:188} INFO - [2024-06-03T10:25:34.357+0000] {dag.py:3954} INFO - Setting next_dagrun for example_skip_dag to 2024-06-02 00:00:00+00:00, run_after=2024-06-03 00:00:00+00:00
[2024-06-03T10:25:34.380+0000] {processor.py:183} INFO - Processing /home/airflow/.local/lib/python3.12/site-packages/airflow/example_dags/example_skip_dag.py took 0.098 seconds
[2024-06-03T10:26:04.819+0000] {processor.py:161} INFO - Started process (PID=2105) to work on /home/airflow/.local/lib/python3.12/site-packages/airflow/example_dags/example_skip_dag.py
[2024-06-03T10:26:04.820+0000] {processor.py:830} INFO - Processing file /home/airflow/.local/lib/python3.12/site-packages/airflow/example_dags/example_skip_dag.py for tasks to queue
[2024-06-03T10:26:04.822+0000] {logging_mixin.py:188} INFO - [2024-06-03T10:26:04.821+0000] {dagbag.py:545} INFO - Filling up the DagBag from /home/airflow/.local/lib/python3.12/site-packages/airflow/example_dags/example_skip_dag.py
[2024-06-03T10:26:04.830+0000] {processor.py:840} INFO - DAG(s) 'example_skip_dag' retrieved from /home/airflow/.local/lib/python3.12/site-packages/airflow/example_dags/example_skip_dag.py
[2024-06-03T10:26:04.858+0000] {logging_mixin.py:188} INFO - [2024-06-03T10:26:04.858+0000] {dag.py:3096} INFO - Sync 1 DAGs
[2024-06-03T10:26:04.890+0000] {logging_mixin.py:188} INFO - [2024-06-03T10:26:04.890+0000] {dag.py:3954} INFO - Setting next_dagrun for example_skip_dag to 2024-06-02 00:00:00+00:00, run_after=2024-06-03 00:00:00+00:00
[2024-06-03T10:26:04.917+0000] {processor.py:183} INFO - Processing /home/airflow/.local/lib/python3.12/site-packages/airflow/example_dags/example_skip_dag.py took 0.104 seconds
[2024-06-03T10:26:35.170+0000] {processor.py:161} INFO - Started process (PID=2361) to work on /home/airflow/.local/lib/python3.12/site-packages/airflow/example_dags/example_skip_dag.py
[2024-06-03T10:26:35.170+0000] {processor.py:830} INFO - Processing file /home/airflow/.local/lib/python3.12/site-packages/airflow/example_dags/example_skip_dag.py for tasks to queue
[2024-06-03T10:26:35.172+0000] {logging_mixin.py:188} INFO - [2024-06-03T10:26:35.172+0000] {dagbag.py:545} INFO - Filling up the DagBag from /home/airflow/.local/lib/python3.12/site-packages/airflow/example_dags/example_skip_dag.py
[2024-06-03T10:26:35.181+0000] {processor.py:840} INFO - DAG(s) 'example_skip_dag' retrieved from /home/airflow/.local/lib/python3.12/site-packages/airflow/example_dags/example_skip_dag.py
[2024-06-03T10:26:35.210+0000] {logging_mixin.py:188} INFO - [2024-06-03T10:26:35.209+0000] {dag.py:3096} INFO - Sync 1 DAGs
[2024-06-03T10:26:35.240+0000] {logging_mixin.py:188} INFO - [2024-06-03T10:26:35.240+0000] {dag.py:3954} INFO - Setting next_dagrun for example_skip_dag to 2024-06-02 00:00:00+00:00, run_after=2024-06-03 00:00:00+00:00
[2024-06-03T10:26:35.268+0000] {processor.py:183} INFO - Processing /home/airflow/.local/lib/python3.12/site-packages/airflow/example_dags/example_skip_dag.py took 0.106 seconds
[2024-06-03T10:27:05.583+0000] {processor.py:161} INFO - Started process (PID=2617) to work on /home/airflow/.local/lib/python3.12/site-packages/airflow/example_dags/example_skip_dag.py
[2024-06-03T10:27:05.584+0000] {processor.py:830} INFO - Processing file /home/airflow/.local/lib/python3.12/site-packages/airflow/example_dags/example_skip_dag.py for tasks to queue
[2024-06-03T10:27:05.586+0000] {logging_mixin.py:188} INFO - [2024-06-03T10:27:05.585+0000] {dagbag.py:545} INFO - Filling up the DagBag from /home/airflow/.local/lib/python3.12/site-packages/airflow/example_dags/example_skip_dag.py
[2024-06-03T10:27:05.595+0000] {processor.py:840} INFO - DAG(s) 'example_skip_dag' retrieved from /home/airflow/.local/lib/python3.12/site-packages/airflow/example_dags/example_skip_dag.py
[2024-06-03T10:27:05.622+0000] {logging_mixin.py:188} INFO - [2024-06-03T10:27:05.622+0000] {dag.py:3096} INFO - Sync 1 DAGs
[2024-06-03T10:27:05.654+0000] {logging_mixin.py:188} INFO - [2024-06-03T10:27:05.654+0000] {dag.py:3954} INFO - Setting next_dagrun for example_skip_dag to 2024-06-02 00:00:00+00:00, run_after=2024-06-03 00:00:00+00:00
[2024-06-03T10:27:05.679+0000] {processor.py:183} INFO - Processing /home/airflow/.local/lib/python3.12/site-packages/airflow/example_dags/example_skip_dag.py took 0.102 seconds
[2024-06-03T10:27:35.937+0000] {processor.py:161} INFO - Started process (PID=2873) to work on /home/airflow/.local/lib/python3.12/site-packages/airflow/example_dags/example_skip_dag.py
[2024-06-03T10:27:35.938+0000] {processor.py:830} INFO - Processing file /home/airflow/.local/lib/python3.12/site-packages/airflow/example_dags/example_skip_dag.py for tasks to queue
[2024-06-03T10:27:35.940+0000] {logging_mixin.py:188} INFO - [2024-06-03T10:27:35.940+0000] {dagbag.py:545} INFO - Filling up the DagBag from /home/airflow/.local/lib/python3.12/site-packages/airflow/example_dags/example_skip_dag.py
[2024-06-03T10:27:35.948+0000] {processor.py:840} INFO - DAG(s) 'example_skip_dag' retrieved from /home/airflow/.local/lib/python3.12/site-packages/airflow/example_dags/example_skip_dag.py
[2024-06-03T10:27:35.975+0000] {logging_mixin.py:188} INFO - [2024-06-03T10:27:35.975+0000] {dag.py:3096} INFO - Sync 1 DAGs
[2024-06-03T10:27:36.005+0000] {logging_mixin.py:188} INFO - [2024-06-03T10:27:36.005+0000] {dag.py:3954} INFO - Setting next_dagrun for example_skip_dag to 2024-06-02 00:00:00+00:00, run_after=2024-06-03 00:00:00+00:00
[2024-06-03T10:27:36.031+0000] {processor.py:183} INFO - Processing /home/airflow/.local/lib/python3.12/site-packages/airflow/example_dags/example_skip_dag.py took 0.100 seconds
[2024-06-03T10:28:06.082+0000] {processor.py:161} INFO - Started process (PID=3129) to work on /home/airflow/.local/lib/python3.12/site-packages/airflow/example_dags/example_skip_dag.py
[2024-06-03T10:28:06.082+0000] {processor.py:830} INFO - Processing file /home/airflow/.local/lib/python3.12/site-packages/airflow/example_dags/example_skip_dag.py for tasks to queue
[2024-06-03T10:28:06.084+0000] {logging_mixin.py:188} INFO - [2024-06-03T10:28:06.084+0000] {dagbag.py:545} INFO - Filling up the DagBag from /home/airflow/.local/lib/python3.12/site-packages/airflow/example_dags/example_skip_dag.py
[2024-06-03T10:28:06.092+0000] {processor.py:840} INFO - DAG(s) 'example_skip_dag' retrieved from /home/airflow/.local/lib/python3.12/site-packages/airflow/example_dags/example_skip_dag.py
[2024-06-03T10:28:06.124+0000] {logging_mixin.py:188} INFO - [2024-06-03T10:28:06.124+0000] {dag.py:3096} INFO - Sync 1 DAGs
[2024-06-03T10:28:06.161+0000] {logging_mixin.py:188} INFO - [2024-06-03T10:28:06.161+0000] {dag.py:3954} INFO - Setting next_dagrun for example_skip_dag to 2024-06-02 00:00:00+00:00, run_after=2024-06-03 00:00:00+00:00
[2024-06-03T10:28:06.188+0000] {processor.py:183} INFO - Processing /home/airflow/.local/lib/python3.12/site-packages/airflow/example_dags/example_skip_dag.py took 0.113 seconds
[2024-06-03T10:28:36.278+0000] {processor.py:161} INFO - Started process (PID=3385) to work on /home/airflow/.local/lib/python3.12/site-packages/airflow/example_dags/example_skip_dag.py
[2024-06-03T10:28:36.279+0000] {processor.py:830} INFO - Processing file /home/airflow/.local/lib/python3.12/site-packages/airflow/example_dags/example_skip_dag.py for tasks to queue
[2024-06-03T10:28:36.281+0000] {logging_mixin.py:188} INFO - [2024-06-03T10:28:36.281+0000] {dagbag.py:545} INFO - Filling up the DagBag from /home/airflow/.local/lib/python3.12/site-packages/airflow/example_dags/example_skip_dag.py
[2024-06-03T10:28:36.289+0000] {processor.py:840} INFO - DAG(s) 'example_skip_dag' retrieved from /home/airflow/.local/lib/python3.12/site-packages/airflow/example_dags/example_skip_dag.py
[2024-06-03T10:28:36.321+0000] {logging_mixin.py:188} INFO - [2024-06-03T10:28:36.320+0000] {dag.py:3096} INFO - Sync 1 DAGs
[2024-06-03T10:28:36.358+0000] {logging_mixin.py:188} INFO - [2024-06-03T10:28:36.358+0000] {dag.py:3954} INFO - Setting next_dagrun for example_skip_dag to 2024-06-02 00:00:00+00:00, run_after=2024-06-03 00:00:00+00:00
[2024-06-03T10:28:36.386+0000] {processor.py:183} INFO - Processing /home/airflow/.local/lib/python3.12/site-packages/airflow/example_dags/example_skip_dag.py took 0.115 seconds
[2024-06-03T10:29:06.757+0000] {processor.py:161} INFO - Started process (PID=3641) to work on /home/airflow/.local/lib/python3.12/site-packages/airflow/example_dags/example_skip_dag.py
[2024-06-03T10:29:06.758+0000] {processor.py:830} INFO - Processing file /home/airflow/.local/lib/python3.12/site-packages/airflow/example_dags/example_skip_dag.py for tasks to queue
[2024-06-03T10:29:06.760+0000] {logging_mixin.py:188} INFO - [2024-06-03T10:29:06.759+0000] {dagbag.py:545} INFO - Filling up the DagBag from /home/airflow/.local/lib/python3.12/site-packages/airflow/example_dags/example_skip_dag.py
[2024-06-03T10:29:06.767+0000] {processor.py:840} INFO - DAG(s) 'example_skip_dag' retrieved from /home/airflow/.local/lib/python3.12/site-packages/airflow/example_dags/example_skip_dag.py
[2024-06-03T10:29:06.795+0000] {logging_mixin.py:188} INFO - [2024-06-03T10:29:06.795+0000] {dag.py:3096} INFO - Sync 1 DAGs
[2024-06-03T10:29:06.825+0000] {logging_mixin.py:188} INFO - [2024-06-03T10:29:06.825+0000] {dag.py:3954} INFO - Setting next_dagrun for example_skip_dag to 2024-06-02 00:00:00+00:00, run_after=2024-06-03 00:00:00+00:00
[2024-06-03T10:29:06.850+0000] {processor.py:183} INFO - Processing /home/airflow/.local/lib/python3.12/site-packages/airflow/example_dags/example_skip_dag.py took 0.100 seconds
[2024-06-03T10:29:37.078+0000] {processor.py:161} INFO - Started process (PID=3897) to work on /home/airflow/.local/lib/python3.12/site-packages/airflow/example_dags/example_skip_dag.py
[2024-06-03T10:29:37.079+0000] {processor.py:830} INFO - Processing file /home/airflow/.local/lib/python3.12/site-packages/airflow/example_dags/example_skip_dag.py for tasks to queue
[2024-06-03T10:29:37.080+0000] {logging_mixin.py:188} INFO - [2024-06-03T10:29:37.080+0000] {dagbag.py:545} INFO - Filling up the DagBag from /home/airflow/.local/lib/python3.12/site-packages/airflow/example_dags/example_skip_dag.py
[2024-06-03T10:29:37.088+0000] {processor.py:840} INFO - DAG(s) 'example_skip_dag' retrieved from /home/airflow/.local/lib/python3.12/site-packages/airflow/example_dags/example_skip_dag.py
[2024-06-03T10:29:37.115+0000] {logging_mixin.py:188} INFO - [2024-06-03T10:29:37.115+0000] {dag.py:3096} INFO - Sync 1 DAGs
[2024-06-03T10:29:37.145+0000] {logging_mixin.py:188} INFO - [2024-06-03T10:29:37.145+0000] {dag.py:3954} INFO - Setting next_dagrun for example_skip_dag to 2024-06-02 00:00:00+00:00, run_after=2024-06-03 00:00:00+00:00
[2024-06-03T10:29:37.172+0000] {processor.py:183} INFO - Processing /home/airflow/.local/lib/python3.12/site-packages/airflow/example_dags/example_skip_dag.py took 0.101 seconds
[2024-06-03T10:30:08.105+0000] {processor.py:161} INFO - Started process (PID=4155) to work on /home/airflow/.local/lib/python3.12/site-packages/airflow/example_dags/example_skip_dag.py
[2024-06-03T10:30:08.106+0000] {processor.py:830} INFO - Processing file /home/airflow/.local/lib/python3.12/site-packages/airflow/example_dags/example_skip_dag.py for tasks to queue
[2024-06-03T10:30:08.107+0000] {logging_mixin.py:188} INFO - [2024-06-03T10:30:08.107+0000] {dagbag.py:545} INFO - Filling up the DagBag from /home/airflow/.local/lib/python3.12/site-packages/airflow/example_dags/example_skip_dag.py
[2024-06-03T10:30:08.115+0000] {processor.py:840} INFO - DAG(s) 'example_skip_dag' retrieved from /home/airflow/.local/lib/python3.12/site-packages/airflow/example_dags/example_skip_dag.py
[2024-06-03T10:30:08.141+0000] {logging_mixin.py:188} INFO - [2024-06-03T10:30:08.140+0000] {dag.py:3096} INFO - Sync 1 DAGs
[2024-06-03T10:30:08.171+0000] {logging_mixin.py:188} INFO - [2024-06-03T10:30:08.171+0000] {dag.py:3954} INFO - Setting next_dagrun for example_skip_dag to 2024-06-02 00:00:00+00:00, run_after=2024-06-03 00:00:00+00:00
[2024-06-03T10:30:08.195+0000] {processor.py:183} INFO - Processing /home/airflow/.local/lib/python3.12/site-packages/airflow/example_dags/example_skip_dag.py took 0.097 seconds
[2024-06-03T10:30:38.312+0000] {processor.py:161} INFO - Started process (PID=4409) to work on /home/airflow/.local/lib/python3.12/site-packages/airflow/example_dags/example_skip_dag.py
[2024-06-03T10:30:38.313+0000] {processor.py:830} INFO - Processing file /home/airflow/.local/lib/python3.12/site-packages/airflow/example_dags/example_skip_dag.py for tasks to queue
[2024-06-03T10:30:38.315+0000] {logging_mixin.py:188} INFO - [2024-06-03T10:30:38.314+0000] {dagbag.py:545} INFO - Filling up the DagBag from /home/airflow/.local/lib/python3.12/site-packages/airflow/example_dags/example_skip_dag.py
[2024-06-03T10:30:38.322+0000] {processor.py:840} INFO - DAG(s) 'example_skip_dag' retrieved from /home/airflow/.local/lib/python3.12/site-packages/airflow/example_dags/example_skip_dag.py
[2024-06-03T10:30:38.350+0000] {logging_mixin.py:188} INFO - [2024-06-03T10:30:38.349+0000] {dag.py:3096} INFO - Sync 1 DAGs
[2024-06-03T10:30:38.383+0000] {logging_mixin.py:188} INFO - [2024-06-03T10:30:38.383+0000] {dag.py:3954} INFO - Setting next_dagrun for example_skip_dag to 2024-06-02 00:00:00+00:00, run_after=2024-06-03 00:00:00+00:00
[2024-06-03T10:30:38.410+0000] {processor.py:183} INFO - Processing /home/airflow/.local/lib/python3.12/site-packages/airflow/example_dags/example_skip_dag.py took 0.105 seconds
[2024-06-03T10:31:08.790+0000] {processor.py:161} INFO - Started process (PID=4667) to work on /home/airflow/.local/lib/python3.12/site-packages/airflow/example_dags/example_skip_dag.py
[2024-06-03T10:31:08.790+0000] {processor.py:830} INFO - Processing file /home/airflow/.local/lib/python3.12/site-packages/airflow/example_dags/example_skip_dag.py for tasks to queue
[2024-06-03T10:31:08.792+0000] {logging_mixin.py:188} INFO - [2024-06-03T10:31:08.792+0000] {dagbag.py:545} INFO - Filling up the DagBag from /home/airflow/.local/lib/python3.12/site-packages/airflow/example_dags/example_skip_dag.py
[2024-06-03T10:31:08.800+0000] {processor.py:840} INFO - DAG(s) 'example_skip_dag' retrieved from /home/airflow/.local/lib/python3.12/site-packages/airflow/example_dags/example_skip_dag.py
[2024-06-03T10:31:08.826+0000] {logging_mixin.py:188} INFO - [2024-06-03T10:31:08.826+0000] {dag.py:3096} INFO - Sync 1 DAGs
[2024-06-03T10:31:08.856+0000] {logging_mixin.py:188} INFO - [2024-06-03T10:31:08.855+0000] {dag.py:3954} INFO - Setting next_dagrun for example_skip_dag to 2024-06-02 00:00:00+00:00, run_after=2024-06-03 00:00:00+00:00
[2024-06-03T10:31:08.878+0000] {processor.py:183} INFO - Processing /home/airflow/.local/lib/python3.12/site-packages/airflow/example_dags/example_skip_dag.py took 0.095 seconds
[2024-06-03T10:31:39.051+0000] {processor.py:161} INFO - Started process (PID=4921) to work on /home/airflow/.local/lib/python3.12/site-packages/airflow/example_dags/example_skip_dag.py
[2024-06-03T10:31:39.053+0000] {processor.py:830} INFO - Processing file /home/airflow/.local/lib/python3.12/site-packages/airflow/example_dags/example_skip_dag.py for tasks to queue
[2024-06-03T10:31:39.054+0000] {logging_mixin.py:188} INFO - [2024-06-03T10:31:39.054+0000] {dagbag.py:545} INFO - Filling up the DagBag from /home/airflow/.local/lib/python3.12/site-packages/airflow/example_dags/example_skip_dag.py
[2024-06-03T10:31:39.062+0000] {processor.py:840} INFO - DAG(s) 'example_skip_dag' retrieved from /home/airflow/.local/lib/python3.12/site-packages/airflow/example_dags/example_skip_dag.py
[2024-06-03T10:31:39.090+0000] {logging_mixin.py:188} INFO - [2024-06-03T10:31:39.089+0000] {dag.py:3096} INFO - Sync 1 DAGs
[2024-06-03T10:31:39.123+0000] {logging_mixin.py:188} INFO - [2024-06-03T10:31:39.122+0000] {dag.py:3954} INFO - Setting next_dagrun for example_skip_dag to 2024-06-02 00:00:00+00:00, run_after=2024-06-03 00:00:00+00:00
[2024-06-03T10:31:39.148+0000] {processor.py:183} INFO - Processing /home/airflow/.local/lib/python3.12/site-packages/airflow/example_dags/example_skip_dag.py took 0.103 seconds
[2024-06-03T10:32:09.383+0000] {processor.py:161} INFO - Started process (PID=5177) to work on /home/airflow/.local/lib/python3.12/site-packages/airflow/example_dags/example_skip_dag.py
[2024-06-03T10:32:09.383+0000] {processor.py:830} INFO - Processing file /home/airflow/.local/lib/python3.12/site-packages/airflow/example_dags/example_skip_dag.py for tasks to queue
[2024-06-03T10:32:09.385+0000] {logging_mixin.py:188} INFO - [2024-06-03T10:32:09.385+0000] {dagbag.py:545} INFO - Filling up the DagBag from /home/airflow/.local/lib/python3.12/site-packages/airflow/example_dags/example_skip_dag.py
[2024-06-03T10:32:09.393+0000] {processor.py:840} INFO - DAG(s) 'example_skip_dag' retrieved from /home/airflow/.local/lib/python3.12/site-packages/airflow/example_dags/example_skip_dag.py
[2024-06-03T10:32:09.421+0000] {logging_mixin.py:188} INFO - [2024-06-03T10:32:09.421+0000] {dag.py:3096} INFO - Sync 1 DAGs
[2024-06-03T10:32:09.451+0000] {logging_mixin.py:188} INFO - [2024-06-03T10:32:09.451+0000] {dag.py:3954} INFO - Setting next_dagrun for example_skip_dag to 2024-06-02 00:00:00+00:00, run_after=2024-06-03 00:00:00+00:00
[2024-06-03T10:32:09.477+0000] {processor.py:183} INFO - Processing /home/airflow/.local/lib/python3.12/site-packages/airflow/example_dags/example_skip_dag.py took 0.101 seconds
[2024-06-03T10:32:39.703+0000] {processor.py:161} INFO - Started process (PID=5433) to work on /home/airflow/.local/lib/python3.12/site-packages/airflow/example_dags/example_skip_dag.py
[2024-06-03T10:32:39.704+0000] {processor.py:830} INFO - Processing file /home/airflow/.local/lib/python3.12/site-packages/airflow/example_dags/example_skip_dag.py for tasks to queue
[2024-06-03T10:32:39.706+0000] {logging_mixin.py:188} INFO - [2024-06-03T10:32:39.705+0000] {dagbag.py:545} INFO - Filling up the DagBag from /home/airflow/.local/lib/python3.12/site-packages/airflow/example_dags/example_skip_dag.py
[2024-06-03T10:32:39.715+0000] {processor.py:840} INFO - DAG(s) 'example_skip_dag' retrieved from /home/airflow/.local/lib/python3.12/site-packages/airflow/example_dags/example_skip_dag.py
[2024-06-03T10:32:39.743+0000] {logging_mixin.py:188} INFO - [2024-06-03T10:32:39.742+0000] {dag.py:3096} INFO - Sync 1 DAGs
[2024-06-03T10:32:39.775+0000] {logging_mixin.py:188} INFO - [2024-06-03T10:32:39.774+0000] {dag.py:3954} INFO - Setting next_dagrun for example_skip_dag to 2024-06-02 00:00:00+00:00, run_after=2024-06-03 00:00:00+00:00
[2024-06-03T10:32:39.798+0000] {processor.py:183} INFO - Processing /home/airflow/.local/lib/python3.12/site-packages/airflow/example_dags/example_skip_dag.py took 0.102 seconds
[2024-06-03T10:33:09.875+0000] {processor.py:161} INFO - Started process (PID=5689) to work on /home/airflow/.local/lib/python3.12/site-packages/airflow/example_dags/example_skip_dag.py
[2024-06-03T10:33:09.876+0000] {processor.py:830} INFO - Processing file /home/airflow/.local/lib/python3.12/site-packages/airflow/example_dags/example_skip_dag.py for tasks to queue
[2024-06-03T10:33:09.878+0000] {logging_mixin.py:188} INFO - [2024-06-03T10:33:09.877+0000] {dagbag.py:545} INFO - Filling up the DagBag from /home/airflow/.local/lib/python3.12/site-packages/airflow/example_dags/example_skip_dag.py
[2024-06-03T10:33:09.885+0000] {processor.py:840} INFO - DAG(s) 'example_skip_dag' retrieved from /home/airflow/.local/lib/python3.12/site-packages/airflow/example_dags/example_skip_dag.py
[2024-06-03T10:33:09.912+0000] {logging_mixin.py:188} INFO - [2024-06-03T10:33:09.911+0000] {dag.py:3096} INFO - Sync 1 DAGs
[2024-06-03T10:33:09.943+0000] {logging_mixin.py:188} INFO - [2024-06-03T10:33:09.943+0000] {dag.py:3954} INFO - Setting next_dagrun for example_skip_dag to 2024-06-02 00:00:00+00:00, run_after=2024-06-03 00:00:00+00:00
[2024-06-03T10:33:09.968+0000] {processor.py:183} INFO - Processing /home/airflow/.local/lib/python3.12/site-packages/airflow/example_dags/example_skip_dag.py took 0.099 seconds
[2024-06-03T10:33:40.005+0000] {processor.py:161} INFO - Started process (PID=5942) to work on /home/airflow/.local/lib/python3.12/site-packages/airflow/example_dags/example_skip_dag.py
[2024-06-03T10:33:40.006+0000] {processor.py:830} INFO - Processing file /home/airflow/.local/lib/python3.12/site-packages/airflow/example_dags/example_skip_dag.py for tasks to queue
[2024-06-03T10:33:40.008+0000] {logging_mixin.py:188} INFO - [2024-06-03T10:33:40.007+0000] {dagbag.py:545} INFO - Filling up the DagBag from /home/airflow/.local/lib/python3.12/site-packages/airflow/example_dags/example_skip_dag.py
[2024-06-03T10:33:40.015+0000] {processor.py:840} INFO - DAG(s) 'example_skip_dag' retrieved from /home/airflow/.local/lib/python3.12/site-packages/airflow/example_dags/example_skip_dag.py
[2024-06-03T10:33:40.041+0000] {logging_mixin.py:188} INFO - [2024-06-03T10:33:40.041+0000] {dag.py:3096} INFO - Sync 1 DAGs
[2024-06-03T10:33:40.071+0000] {logging_mixin.py:188} INFO - [2024-06-03T10:33:40.070+0000] {dag.py:3954} INFO - Setting next_dagrun for example_skip_dag to 2024-06-02 00:00:00+00:00, run_after=2024-06-03 00:00:00+00:00
[2024-06-03T10:33:40.093+0000] {processor.py:183} INFO - Processing /home/airflow/.local/lib/python3.12/site-packages/airflow/example_dags/example_skip_dag.py took 0.095 seconds
[2024-06-03T10:34:10.983+0000] {processor.py:161} INFO - Started process (PID=6198) to work on /home/airflow/.local/lib/python3.12/site-packages/airflow/example_dags/example_skip_dag.py
[2024-06-03T10:34:10.983+0000] {processor.py:830} INFO - Processing file /home/airflow/.local/lib/python3.12/site-packages/airflow/example_dags/example_skip_dag.py for tasks to queue
[2024-06-03T10:34:10.985+0000] {logging_mixin.py:188} INFO - [2024-06-03T10:34:10.984+0000] {dagbag.py:545} INFO - Filling up the DagBag from /home/airflow/.local/lib/python3.12/site-packages/airflow/example_dags/example_skip_dag.py
[2024-06-03T10:34:10.992+0000] {processor.py:840} INFO - DAG(s) 'example_skip_dag' retrieved from /home/airflow/.local/lib/python3.12/site-packages/airflow/example_dags/example_skip_dag.py
[2024-06-03T10:34:11.019+0000] {logging_mixin.py:188} INFO - [2024-06-03T10:34:11.018+0000] {dag.py:3096} INFO - Sync 1 DAGs
[2024-06-03T10:34:11.048+0000] {logging_mixin.py:188} INFO - [2024-06-03T10:34:11.047+0000] {dag.py:3954} INFO - Setting next_dagrun for example_skip_dag to 2024-06-02 00:00:00+00:00, run_after=2024-06-03 00:00:00+00:00
[2024-06-03T10:34:11.070+0000] {processor.py:183} INFO - Processing /home/airflow/.local/lib/python3.12/site-packages/airflow/example_dags/example_skip_dag.py took 0.094 seconds
[2024-06-03T10:34:41.664+0000] {processor.py:161} INFO - Started process (PID=6454) to work on /home/airflow/.local/lib/python3.12/site-packages/airflow/example_dags/example_skip_dag.py
[2024-06-03T10:34:41.665+0000] {processor.py:830} INFO - Processing file /home/airflow/.local/lib/python3.12/site-packages/airflow/example_dags/example_skip_dag.py for tasks to queue
[2024-06-03T10:34:41.666+0000] {logging_mixin.py:188} INFO - [2024-06-03T10:34:41.666+0000] {dagbag.py:545} INFO - Filling up the DagBag from /home/airflow/.local/lib/python3.12/site-packages/airflow/example_dags/example_skip_dag.py
[2024-06-03T10:34:41.674+0000] {processor.py:840} INFO - DAG(s) 'example_skip_dag' retrieved from /home/airflow/.local/lib/python3.12/site-packages/airflow/example_dags/example_skip_dag.py
[2024-06-03T10:34:41.702+0000] {logging_mixin.py:188} INFO - [2024-06-03T10:34:41.702+0000] {dag.py:3096} INFO - Sync 1 DAGs
[2024-06-03T10:34:41.734+0000] {logging_mixin.py:188} INFO - [2024-06-03T10:34:41.733+0000] {dag.py:3954} INFO - Setting next_dagrun for example_skip_dag to 2024-06-02 00:00:00+00:00, run_after=2024-06-03 00:00:00+00:00
[2024-06-03T10:34:41.758+0000] {processor.py:183} INFO - Processing /home/airflow/.local/lib/python3.12/site-packages/airflow/example_dags/example_skip_dag.py took 0.101 seconds
[2024-06-03T10:35:11.969+0000] {processor.py:161} INFO - Started process (PID=6710) to work on /home/airflow/.local/lib/python3.12/site-packages/airflow/example_dags/example_skip_dag.py
[2024-06-03T10:35:11.969+0000] {processor.py:830} INFO - Processing file /home/airflow/.local/lib/python3.12/site-packages/airflow/example_dags/example_skip_dag.py for tasks to queue
[2024-06-03T10:35:11.971+0000] {logging_mixin.py:188} INFO - [2024-06-03T10:35:11.971+0000] {dagbag.py:545} INFO - Filling up the DagBag from /home/airflow/.local/lib/python3.12/site-packages/airflow/example_dags/example_skip_dag.py
[2024-06-03T10:35:11.979+0000] {processor.py:840} INFO - DAG(s) 'example_skip_dag' retrieved from /home/airflow/.local/lib/python3.12/site-packages/airflow/example_dags/example_skip_dag.py
[2024-06-03T10:35:12.007+0000] {logging_mixin.py:188} INFO - [2024-06-03T10:35:12.007+0000] {dag.py:3096} INFO - Sync 1 DAGs
[2024-06-03T10:35:12.039+0000] {logging_mixin.py:188} INFO - [2024-06-03T10:35:12.039+0000] {dag.py:3954} INFO - Setting next_dagrun for example_skip_dag to 2024-06-02 00:00:00+00:00, run_after=2024-06-03 00:00:00+00:00
[2024-06-03T10:35:12.068+0000] {processor.py:183} INFO - Processing /home/airflow/.local/lib/python3.12/site-packages/airflow/example_dags/example_skip_dag.py took 0.106 seconds
[2024-06-03T10:35:42.270+0000] {processor.py:161} INFO - Started process (PID=6966) to work on /home/airflow/.local/lib/python3.12/site-packages/airflow/example_dags/example_skip_dag.py
[2024-06-03T10:35:42.271+0000] {processor.py:830} INFO - Processing file /home/airflow/.local/lib/python3.12/site-packages/airflow/example_dags/example_skip_dag.py for tasks to queue
[2024-06-03T10:35:42.273+0000] {logging_mixin.py:188} INFO - [2024-06-03T10:35:42.273+0000] {dagbag.py:545} INFO - Filling up the DagBag from /home/airflow/.local/lib/python3.12/site-packages/airflow/example_dags/example_skip_dag.py
[2024-06-03T10:35:42.281+0000] {processor.py:840} INFO - DAG(s) 'example_skip_dag' retrieved from /home/airflow/.local/lib/python3.12/site-packages/airflow/example_dags/example_skip_dag.py
[2024-06-03T10:35:42.308+0000] {logging_mixin.py:188} INFO - [2024-06-03T10:35:42.308+0000] {dag.py:3096} INFO - Sync 1 DAGs
[2024-06-03T10:35:42.338+0000] {logging_mixin.py:188} INFO - [2024-06-03T10:35:42.338+0000] {dag.py:3954} INFO - Setting next_dagrun for example_skip_dag to 2024-06-02 00:00:00+00:00, run_after=2024-06-03 00:00:00+00:00
[2024-06-03T10:35:42.360+0000] {processor.py:183} INFO - Processing /home/airflow/.local/lib/python3.12/site-packages/airflow/example_dags/example_skip_dag.py took 0.097 seconds
[2024-06-03T10:36:12.449+0000] {processor.py:161} INFO - Started process (PID=7222) to work on /home/airflow/.local/lib/python3.12/site-packages/airflow/example_dags/example_skip_dag.py
[2024-06-03T10:36:12.450+0000] {processor.py:830} INFO - Processing file /home/airflow/.local/lib/python3.12/site-packages/airflow/example_dags/example_skip_dag.py for tasks to queue
[2024-06-03T10:36:12.452+0000] {logging_mixin.py:188} INFO - [2024-06-03T10:36:12.451+0000] {dagbag.py:545} INFO - Filling up the DagBag from /home/airflow/.local/lib/python3.12/site-packages/airflow/example_dags/example_skip_dag.py
[2024-06-03T10:36:12.460+0000] {processor.py:840} INFO - DAG(s) 'example_skip_dag' retrieved from /home/airflow/.local/lib/python3.12/site-packages/airflow/example_dags/example_skip_dag.py
[2024-06-03T10:36:12.488+0000] {logging_mixin.py:188} INFO - [2024-06-03T10:36:12.487+0000] {dag.py:3096} INFO - Sync 1 DAGs
[2024-06-03T10:36:12.520+0000] {logging_mixin.py:188} INFO - [2024-06-03T10:36:12.520+0000] {dag.py:3954} INFO - Setting next_dagrun for example_skip_dag to 2024-06-02 00:00:00+00:00, run_after=2024-06-03 00:00:00+00:00
[2024-06-03T10:36:12.548+0000] {processor.py:183} INFO - Processing /home/airflow/.local/lib/python3.12/site-packages/airflow/example_dags/example_skip_dag.py took 0.106 seconds
[2024-06-03T10:36:42.682+0000] {processor.py:161} INFO - Started process (PID=7478) to work on /home/airflow/.local/lib/python3.12/site-packages/airflow/example_dags/example_skip_dag.py
[2024-06-03T10:36:42.683+0000] {processor.py:830} INFO - Processing file /home/airflow/.local/lib/python3.12/site-packages/airflow/example_dags/example_skip_dag.py for tasks to queue
[2024-06-03T10:36:42.685+0000] {logging_mixin.py:188} INFO - [2024-06-03T10:36:42.685+0000] {dagbag.py:545} INFO - Filling up the DagBag from /home/airflow/.local/lib/python3.12/site-packages/airflow/example_dags/example_skip_dag.py
[2024-06-03T10:36:42.692+0000] {processor.py:840} INFO - DAG(s) 'example_skip_dag' retrieved from /home/airflow/.local/lib/python3.12/site-packages/airflow/example_dags/example_skip_dag.py
[2024-06-03T10:36:42.720+0000] {logging_mixin.py:188} INFO - [2024-06-03T10:36:42.720+0000] {dag.py:3096} INFO - Sync 1 DAGs
[2024-06-03T10:36:42.750+0000] {logging_mixin.py:188} INFO - [2024-06-03T10:36:42.750+0000] {dag.py:3954} INFO - Setting next_dagrun for example_skip_dag to 2024-06-02 00:00:00+00:00, run_after=2024-06-03 00:00:00+00:00
[2024-06-03T10:36:42.772+0000] {processor.py:183} INFO - Processing /home/airflow/.local/lib/python3.12/site-packages/airflow/example_dags/example_skip_dag.py took 0.097 seconds
[2024-06-03T10:37:13.190+0000] {processor.py:161} INFO - Started process (PID=7734) to work on /home/airflow/.local/lib/python3.12/site-packages/airflow/example_dags/example_skip_dag.py
[2024-06-03T10:37:13.191+0000] {processor.py:830} INFO - Processing file /home/airflow/.local/lib/python3.12/site-packages/airflow/example_dags/example_skip_dag.py for tasks to queue
[2024-06-03T10:37:13.192+0000] {logging_mixin.py:188} INFO - [2024-06-03T10:37:13.192+0000] {dagbag.py:545} INFO - Filling up the DagBag from /home/airflow/.local/lib/python3.12/site-packages/airflow/example_dags/example_skip_dag.py
[2024-06-03T10:37:13.200+0000] {processor.py:840} INFO - DAG(s) 'example_skip_dag' retrieved from /home/airflow/.local/lib/python3.12/site-packages/airflow/example_dags/example_skip_dag.py
[2024-06-03T10:37:13.226+0000] {logging_mixin.py:188} INFO - [2024-06-03T10:37:13.226+0000] {dag.py:3096} INFO - Sync 1 DAGs
[2024-06-03T10:37:13.255+0000] {logging_mixin.py:188} INFO - [2024-06-03T10:37:13.255+0000] {dag.py:3954} INFO - Setting next_dagrun for example_skip_dag to 2024-06-02 00:00:00+00:00, run_after=2024-06-03 00:00:00+00:00
[2024-06-03T10:37:13.277+0000] {processor.py:183} INFO - Processing /home/airflow/.local/lib/python3.12/site-packages/airflow/example_dags/example_skip_dag.py took 0.094 seconds
[2024-06-03T10:37:43.765+0000] {processor.py:161} INFO - Started process (PID=7988) to work on /home/airflow/.local/lib/python3.12/site-packages/airflow/example_dags/example_skip_dag.py
[2024-06-03T10:37:43.766+0000] {processor.py:830} INFO - Processing file /home/airflow/.local/lib/python3.12/site-packages/airflow/example_dags/example_skip_dag.py for tasks to queue
[2024-06-03T10:37:43.768+0000] {logging_mixin.py:188} INFO - [2024-06-03T10:37:43.768+0000] {dagbag.py:545} INFO - Filling up the DagBag from /home/airflow/.local/lib/python3.12/site-packages/airflow/example_dags/example_skip_dag.py
[2024-06-03T10:37:43.775+0000] {processor.py:840} INFO - DAG(s) 'example_skip_dag' retrieved from /home/airflow/.local/lib/python3.12/site-packages/airflow/example_dags/example_skip_dag.py
[2024-06-03T10:37:43.801+0000] {logging_mixin.py:188} INFO - [2024-06-03T10:37:43.801+0000] {dag.py:3096} INFO - Sync 1 DAGs
[2024-06-03T10:37:43.831+0000] {logging_mixin.py:188} INFO - [2024-06-03T10:37:43.831+0000] {dag.py:3954} INFO - Setting next_dagrun for example_skip_dag to 2024-06-02 00:00:00+00:00, run_after=2024-06-03 00:00:00+00:00
[2024-06-03T10:37:43.853+0000] {processor.py:183} INFO - Processing /home/airflow/.local/lib/python3.12/site-packages/airflow/example_dags/example_skip_dag.py took 0.095 seconds
[2024-06-03T10:38:14.400+0000] {processor.py:161} INFO - Started process (PID=8246) to work on /home/airflow/.local/lib/python3.12/site-packages/airflow/example_dags/example_skip_dag.py
[2024-06-03T10:38:14.401+0000] {processor.py:830} INFO - Processing file /home/airflow/.local/lib/python3.12/site-packages/airflow/example_dags/example_skip_dag.py for tasks to queue
[2024-06-03T10:38:14.402+0000] {logging_mixin.py:188} INFO - [2024-06-03T10:38:14.402+0000] {dagbag.py:545} INFO - Filling up the DagBag from /home/airflow/.local/lib/python3.12/site-packages/airflow/example_dags/example_skip_dag.py
[2024-06-03T10:38:14.409+0000] {processor.py:840} INFO - DAG(s) 'example_skip_dag' retrieved from /home/airflow/.local/lib/python3.12/site-packages/airflow/example_dags/example_skip_dag.py
[2024-06-03T10:38:14.435+0000] {logging_mixin.py:188} INFO - [2024-06-03T10:38:14.435+0000] {dag.py:3096} INFO - Sync 1 DAGs
[2024-06-03T10:38:14.464+0000] {logging_mixin.py:188} INFO - [2024-06-03T10:38:14.464+0000] {dag.py:3954} INFO - Setting next_dagrun for example_skip_dag to 2024-06-02 00:00:00+00:00, run_after=2024-06-03 00:00:00+00:00
[2024-06-03T10:38:14.487+0000] {processor.py:183} INFO - Processing /home/airflow/.local/lib/python3.12/site-packages/airflow/example_dags/example_skip_dag.py took 0.094 seconds
[2024-06-03T10:38:44.674+0000] {processor.py:161} INFO - Started process (PID=8500) to work on /home/airflow/.local/lib/python3.12/site-packages/airflow/example_dags/example_skip_dag.py
[2024-06-03T10:38:44.675+0000] {processor.py:830} INFO - Processing file /home/airflow/.local/lib/python3.12/site-packages/airflow/example_dags/example_skip_dag.py for tasks to queue
[2024-06-03T10:38:44.677+0000] {logging_mixin.py:188} INFO - [2024-06-03T10:38:44.677+0000] {dagbag.py:545} INFO - Filling up the DagBag from /home/airflow/.local/lib/python3.12/site-packages/airflow/example_dags/example_skip_dag.py
[2024-06-03T10:38:44.685+0000] {processor.py:840} INFO - DAG(s) 'example_skip_dag' retrieved from /home/airflow/.local/lib/python3.12/site-packages/airflow/example_dags/example_skip_dag.py
[2024-06-03T10:38:44.713+0000] {logging_mixin.py:188} INFO - [2024-06-03T10:38:44.713+0000] {dag.py:3096} INFO - Sync 1 DAGs
[2024-06-03T10:38:44.742+0000] {logging_mixin.py:188} INFO - [2024-06-03T10:38:44.742+0000] {dag.py:3954} INFO - Setting next_dagrun for example_skip_dag to 2024-06-02 00:00:00+00:00, run_after=2024-06-03 00:00:00+00:00
[2024-06-03T10:38:44.765+0000] {processor.py:183} INFO - Processing /home/airflow/.local/lib/python3.12/site-packages/airflow/example_dags/example_skip_dag.py took 0.098 seconds
[2024-06-03T10:39:15.648+0000] {processor.py:161} INFO - Started process (PID=8756) to work on /home/airflow/.local/lib/python3.12/site-packages/airflow/example_dags/example_skip_dag.py
[2024-06-03T10:39:15.649+0000] {processor.py:830} INFO - Processing file /home/airflow/.local/lib/python3.12/site-packages/airflow/example_dags/example_skip_dag.py for tasks to queue
[2024-06-03T10:39:15.651+0000] {logging_mixin.py:188} INFO - [2024-06-03T10:39:15.650+0000] {dagbag.py:545} INFO - Filling up the DagBag from /home/airflow/.local/lib/python3.12/site-packages/airflow/example_dags/example_skip_dag.py
[2024-06-03T10:39:15.658+0000] {processor.py:840} INFO - DAG(s) 'example_skip_dag' retrieved from /home/airflow/.local/lib/python3.12/site-packages/airflow/example_dags/example_skip_dag.py
[2024-06-03T10:39:15.688+0000] {logging_mixin.py:188} INFO - [2024-06-03T10:39:15.688+0000] {dag.py:3096} INFO - Sync 1 DAGs
[2024-06-03T10:39:15.717+0000] {logging_mixin.py:188} INFO - [2024-06-03T10:39:15.717+0000] {dag.py:3954} INFO - Setting next_dagrun for example_skip_dag to 2024-06-02 00:00:00+00:00, run_after=2024-06-03 00:00:00+00:00
[2024-06-03T10:39:15.740+0000] {processor.py:183} INFO - Processing /home/airflow/.local/lib/python3.12/site-packages/airflow/example_dags/example_skip_dag.py took 0.099 seconds
[2024-06-03T10:39:46.572+0000] {processor.py:161} INFO - Started process (PID=9012) to work on /home/airflow/.local/lib/python3.12/site-packages/airflow/example_dags/example_skip_dag.py
[2024-06-03T10:39:46.574+0000] {processor.py:830} INFO - Processing file /home/airflow/.local/lib/python3.12/site-packages/airflow/example_dags/example_skip_dag.py for tasks to queue
[2024-06-03T10:39:46.576+0000] {logging_mixin.py:188} INFO - [2024-06-03T10:39:46.575+0000] {dagbag.py:545} INFO - Filling up the DagBag from /home/airflow/.local/lib/python3.12/site-packages/airflow/example_dags/example_skip_dag.py
[2024-06-03T10:39:46.584+0000] {processor.py:840} INFO - DAG(s) 'example_skip_dag' retrieved from /home/airflow/.local/lib/python3.12/site-packages/airflow/example_dags/example_skip_dag.py
[2024-06-03T10:39:46.611+0000] {logging_mixin.py:188} INFO - [2024-06-03T10:39:46.611+0000] {dag.py:3096} INFO - Sync 1 DAGs
[2024-06-03T10:39:46.643+0000] {logging_mixin.py:188} INFO - [2024-06-03T10:39:46.643+0000] {dag.py:3954} INFO - Setting next_dagrun for example_skip_dag to 2024-06-02 00:00:00+00:00, run_after=2024-06-03 00:00:00+00:00
[2024-06-03T10:39:46.669+0000] {processor.py:183} INFO - Processing /home/airflow/.local/lib/python3.12/site-packages/airflow/example_dags/example_skip_dag.py took 0.104 seconds
[2024-06-03T10:40:17.318+0000] {processor.py:161} INFO - Started process (PID=9268) to work on /home/airflow/.local/lib/python3.12/site-packages/airflow/example_dags/example_skip_dag.py
[2024-06-03T10:40:17.319+0000] {processor.py:830} INFO - Processing file /home/airflow/.local/lib/python3.12/site-packages/airflow/example_dags/example_skip_dag.py for tasks to queue
[2024-06-03T10:40:17.321+0000] {logging_mixin.py:188} INFO - [2024-06-03T10:40:17.320+0000] {dagbag.py:545} INFO - Filling up the DagBag from /home/airflow/.local/lib/python3.12/site-packages/airflow/example_dags/example_skip_dag.py
[2024-06-03T10:40:17.329+0000] {processor.py:840} INFO - DAG(s) 'example_skip_dag' retrieved from /home/airflow/.local/lib/python3.12/site-packages/airflow/example_dags/example_skip_dag.py
[2024-06-03T10:40:17.357+0000] {logging_mixin.py:188} INFO - [2024-06-03T10:40:17.357+0000] {dag.py:3096} INFO - Sync 1 DAGs
[2024-06-03T10:40:17.389+0000] {logging_mixin.py:188} INFO - [2024-06-03T10:40:17.388+0000] {dag.py:3954} INFO - Setting next_dagrun for example_skip_dag to 2024-06-02 00:00:00+00:00, run_after=2024-06-03 00:00:00+00:00
[2024-06-03T10:40:17.413+0000] {processor.py:183} INFO - Processing /home/airflow/.local/lib/python3.12/site-packages/airflow/example_dags/example_skip_dag.py took 0.102 seconds
[2024-06-03T10:40:47.654+0000] {processor.py:161} INFO - Started process (PID=9524) to work on /home/airflow/.local/lib/python3.12/site-packages/airflow/example_dags/example_skip_dag.py
[2024-06-03T10:40:47.655+0000] {processor.py:830} INFO - Processing file /home/airflow/.local/lib/python3.12/site-packages/airflow/example_dags/example_skip_dag.py for tasks to queue
[2024-06-03T10:40:47.657+0000] {logging_mixin.py:188} INFO - [2024-06-03T10:40:47.656+0000] {dagbag.py:545} INFO - Filling up the DagBag from /home/airflow/.local/lib/python3.12/site-packages/airflow/example_dags/example_skip_dag.py
[2024-06-03T10:40:47.665+0000] {processor.py:840} INFO - DAG(s) 'example_skip_dag' retrieved from /home/airflow/.local/lib/python3.12/site-packages/airflow/example_dags/example_skip_dag.py
[2024-06-03T10:40:47.692+0000] {logging_mixin.py:188} INFO - [2024-06-03T10:40:47.692+0000] {dag.py:3096} INFO - Sync 1 DAGs
[2024-06-03T10:40:47.723+0000] {logging_mixin.py:188} INFO - [2024-06-03T10:40:47.723+0000] {dag.py:3954} INFO - Setting next_dagrun for example_skip_dag to 2024-06-02 00:00:00+00:00, run_after=2024-06-03 00:00:00+00:00
[2024-06-03T10:40:47.747+0000] {processor.py:183} INFO - Processing /home/airflow/.local/lib/python3.12/site-packages/airflow/example_dags/example_skip_dag.py took 0.100 seconds
[2024-06-03T10:41:18.608+0000] {processor.py:161} INFO - Started process (PID=9780) to work on /home/airflow/.local/lib/python3.12/site-packages/airflow/example_dags/example_skip_dag.py
[2024-06-03T10:41:18.610+0000] {processor.py:830} INFO - Processing file /home/airflow/.local/lib/python3.12/site-packages/airflow/example_dags/example_skip_dag.py for tasks to queue
[2024-06-03T10:41:18.611+0000] {logging_mixin.py:188} INFO - [2024-06-03T10:41:18.611+0000] {dagbag.py:545} INFO - Filling up the DagBag from /home/airflow/.local/lib/python3.12/site-packages/airflow/example_dags/example_skip_dag.py
[2024-06-03T10:41:18.618+0000] {processor.py:840} INFO - DAG(s) 'example_skip_dag' retrieved from /home/airflow/.local/lib/python3.12/site-packages/airflow/example_dags/example_skip_dag.py
[2024-06-03T10:41:18.651+0000] {logging_mixin.py:188} INFO - [2024-06-03T10:41:18.651+0000] {dag.py:3096} INFO - Sync 1 DAGs
[2024-06-03T10:41:18.690+0000] {logging_mixin.py:188} INFO - [2024-06-03T10:41:18.689+0000] {dag.py:3954} INFO - Setting next_dagrun for example_skip_dag to 2024-06-02 00:00:00+00:00, run_after=2024-06-03 00:00:00+00:00
[2024-06-03T10:41:18.715+0000] {processor.py:183} INFO - Processing /home/airflow/.local/lib/python3.12/site-packages/airflow/example_dags/example_skip_dag.py took 0.114 seconds
[2024-06-03T10:41:48.789+0000] {processor.py:161} INFO - Started process (PID=10032) to work on /home/airflow/.local/lib/python3.12/site-packages/airflow/example_dags/example_skip_dag.py
[2024-06-03T10:41:48.790+0000] {processor.py:830} INFO - Processing file /home/airflow/.local/lib/python3.12/site-packages/airflow/example_dags/example_skip_dag.py for tasks to queue
[2024-06-03T10:41:48.792+0000] {logging_mixin.py:188} INFO - [2024-06-03T10:41:48.791+0000] {dagbag.py:545} INFO - Filling up the DagBag from /home/airflow/.local/lib/python3.12/site-packages/airflow/example_dags/example_skip_dag.py
[2024-06-03T10:41:48.799+0000] {processor.py:840} INFO - DAG(s) 'example_skip_dag' retrieved from /home/airflow/.local/lib/python3.12/site-packages/airflow/example_dags/example_skip_dag.py
[2024-06-03T10:41:48.833+0000] {logging_mixin.py:188} INFO - [2024-06-03T10:41:48.833+0000] {dag.py:3096} INFO - Sync 1 DAGs
[2024-06-03T10:41:48.872+0000] {logging_mixin.py:188} INFO - [2024-06-03T10:41:48.871+0000] {dag.py:3954} INFO - Setting next_dagrun for example_skip_dag to 2024-06-02 00:00:00+00:00, run_after=2024-06-03 00:00:00+00:00
[2024-06-03T10:41:48.901+0000] {processor.py:183} INFO - Processing /home/airflow/.local/lib/python3.12/site-packages/airflow/example_dags/example_skip_dag.py took 0.118 seconds
[2024-06-03T10:42:18.952+0000] {processor.py:161} INFO - Started process (PID=10288) to work on /home/airflow/.local/lib/python3.12/site-packages/airflow/example_dags/example_skip_dag.py
[2024-06-03T10:42:18.953+0000] {processor.py:830} INFO - Processing file /home/airflow/.local/lib/python3.12/site-packages/airflow/example_dags/example_skip_dag.py for tasks to queue
[2024-06-03T10:42:18.955+0000] {logging_mixin.py:188} INFO - [2024-06-03T10:42:18.955+0000] {dagbag.py:545} INFO - Filling up the DagBag from /home/airflow/.local/lib/python3.12/site-packages/airflow/example_dags/example_skip_dag.py
[2024-06-03T10:42:18.963+0000] {processor.py:840} INFO - DAG(s) 'example_skip_dag' retrieved from /home/airflow/.local/lib/python3.12/site-packages/airflow/example_dags/example_skip_dag.py
[2024-06-03T10:42:18.990+0000] {logging_mixin.py:188} INFO - [2024-06-03T10:42:18.989+0000] {dag.py:3096} INFO - Sync 1 DAGs
[2024-06-03T10:42:19.019+0000] {logging_mixin.py:188} INFO - [2024-06-03T10:42:19.018+0000] {dag.py:3954} INFO - Setting next_dagrun for example_skip_dag to 2024-06-02 00:00:00+00:00, run_after=2024-06-03 00:00:00+00:00
[2024-06-03T10:42:19.041+0000] {processor.py:183} INFO - Processing /home/airflow/.local/lib/python3.12/site-packages/airflow/example_dags/example_skip_dag.py took 0.095 seconds
[2024-06-03T10:42:49.119+0000] {processor.py:161} INFO - Started process (PID=10544) to work on /home/airflow/.local/lib/python3.12/site-packages/airflow/example_dags/example_skip_dag.py
[2024-06-03T10:42:49.120+0000] {processor.py:830} INFO - Processing file /home/airflow/.local/lib/python3.12/site-packages/airflow/example_dags/example_skip_dag.py for tasks to queue
[2024-06-03T10:42:49.122+0000] {logging_mixin.py:188} INFO - [2024-06-03T10:42:49.121+0000] {dagbag.py:545} INFO - Filling up the DagBag from /home/airflow/.local/lib/python3.12/site-packages/airflow/example_dags/example_skip_dag.py
[2024-06-03T10:42:49.129+0000] {processor.py:840} INFO - DAG(s) 'example_skip_dag' retrieved from /home/airflow/.local/lib/python3.12/site-packages/airflow/example_dags/example_skip_dag.py
[2024-06-03T10:42:49.156+0000] {logging_mixin.py:188} INFO - [2024-06-03T10:42:49.156+0000] {dag.py:3096} INFO - Sync 1 DAGs
[2024-06-03T10:42:49.186+0000] {logging_mixin.py:188} INFO - [2024-06-03T10:42:49.186+0000] {dag.py:3954} INFO - Setting next_dagrun for example_skip_dag to 2024-06-02 00:00:00+00:00, run_after=2024-06-03 00:00:00+00:00
[2024-06-03T10:42:49.209+0000] {processor.py:183} INFO - Processing /home/airflow/.local/lib/python3.12/site-packages/airflow/example_dags/example_skip_dag.py took 0.096 seconds
[2024-06-03T10:43:19.246+0000] {processor.py:161} INFO - Started process (PID=10798) to work on /home/airflow/.local/lib/python3.12/site-packages/airflow/example_dags/example_skip_dag.py
[2024-06-03T10:43:19.247+0000] {processor.py:830} INFO - Processing file /home/airflow/.local/lib/python3.12/site-packages/airflow/example_dags/example_skip_dag.py for tasks to queue
[2024-06-03T10:43:19.249+0000] {logging_mixin.py:188} INFO - [2024-06-03T10:43:19.249+0000] {dagbag.py:545} INFO - Filling up the DagBag from /home/airflow/.local/lib/python3.12/site-packages/airflow/example_dags/example_skip_dag.py
[2024-06-03T10:43:19.257+0000] {processor.py:840} INFO - DAG(s) 'example_skip_dag' retrieved from /home/airflow/.local/lib/python3.12/site-packages/airflow/example_dags/example_skip_dag.py
[2024-06-03T10:43:19.285+0000] {logging_mixin.py:188} INFO - [2024-06-03T10:43:19.285+0000] {dag.py:3096} INFO - Sync 1 DAGs
[2024-06-03T10:43:19.316+0000] {logging_mixin.py:188} INFO - [2024-06-03T10:43:19.316+0000] {dag.py:3954} INFO - Setting next_dagrun for example_skip_dag to 2024-06-02 00:00:00+00:00, run_after=2024-06-03 00:00:00+00:00
[2024-06-03T10:43:19.339+0000] {processor.py:183} INFO - Processing /home/airflow/.local/lib/python3.12/site-packages/airflow/example_dags/example_skip_dag.py took 0.099 seconds
[2024-06-03T10:43:51.526+0000] {processor.py:161} INFO - Started process (PID=11054) to work on /home/airflow/.local/lib/python3.12/site-packages/airflow/example_dags/example_skip_dag.py
[2024-06-03T10:43:51.527+0000] {processor.py:830} INFO - Processing file /home/airflow/.local/lib/python3.12/site-packages/airflow/example_dags/example_skip_dag.py for tasks to queue
[2024-06-03T10:43:51.529+0000] {logging_mixin.py:188} INFO - [2024-06-03T10:43:51.528+0000] {dagbag.py:545} INFO - Filling up the DagBag from /home/airflow/.local/lib/python3.12/site-packages/airflow/example_dags/example_skip_dag.py
[2024-06-03T10:43:51.537+0000] {processor.py:840} INFO - DAG(s) 'example_skip_dag' retrieved from /home/airflow/.local/lib/python3.12/site-packages/airflow/example_dags/example_skip_dag.py
[2024-06-03T10:43:51.720+0000] {logging_mixin.py:188} INFO - [2024-06-03T10:43:51.720+0000] {dag.py:3096} INFO - Sync 1 DAGs
[2024-06-03T10:43:51.760+0000] {logging_mixin.py:188} INFO - [2024-06-03T10:43:51.760+0000] {dag.py:3954} INFO - Setting next_dagrun for example_skip_dag to 2024-06-02 00:00:00+00:00, run_after=2024-06-03 00:00:00+00:00
[2024-06-03T10:43:51.807+0000] {processor.py:183} INFO - Processing /home/airflow/.local/lib/python3.12/site-packages/airflow/example_dags/example_skip_dag.py took 0.288 seconds
[2024-06-03T10:44:22.329+0000] {processor.py:161} INFO - Started process (PID=11310) to work on /home/airflow/.local/lib/python3.12/site-packages/airflow/example_dags/example_skip_dag.py
[2024-06-03T10:44:22.330+0000] {processor.py:830} INFO - Processing file /home/airflow/.local/lib/python3.12/site-packages/airflow/example_dags/example_skip_dag.py for tasks to queue
[2024-06-03T10:44:22.332+0000] {logging_mixin.py:188} INFO - [2024-06-03T10:44:22.331+0000] {dagbag.py:545} INFO - Filling up the DagBag from /home/airflow/.local/lib/python3.12/site-packages/airflow/example_dags/example_skip_dag.py
[2024-06-03T10:44:22.339+0000] {processor.py:840} INFO - DAG(s) 'example_skip_dag' retrieved from /home/airflow/.local/lib/python3.12/site-packages/airflow/example_dags/example_skip_dag.py
[2024-06-03T10:44:22.369+0000] {logging_mixin.py:188} INFO - [2024-06-03T10:44:22.369+0000] {dag.py:3096} INFO - Sync 1 DAGs
[2024-06-03T10:44:22.558+0000] {logging_mixin.py:188} INFO - [2024-06-03T10:44:22.558+0000] {dag.py:3954} INFO - Setting next_dagrun for example_skip_dag to 2024-06-02 00:00:00+00:00, run_after=2024-06-03 00:00:00+00:00
[2024-06-03T10:44:22.591+0000] {processor.py:183} INFO - Processing /home/airflow/.local/lib/python3.12/site-packages/airflow/example_dags/example_skip_dag.py took 0.269 seconds
[2024-06-03T10:44:52.636+0000] {processor.py:161} INFO - Started process (PID=11566) to work on /home/airflow/.local/lib/python3.12/site-packages/airflow/example_dags/example_skip_dag.py
[2024-06-03T10:44:52.637+0000] {processor.py:830} INFO - Processing file /home/airflow/.local/lib/python3.12/site-packages/airflow/example_dags/example_skip_dag.py for tasks to queue
[2024-06-03T10:44:52.639+0000] {logging_mixin.py:188} INFO - [2024-06-03T10:44:52.639+0000] {dagbag.py:545} INFO - Filling up the DagBag from /home/airflow/.local/lib/python3.12/site-packages/airflow/example_dags/example_skip_dag.py
[2024-06-03T10:44:52.646+0000] {processor.py:840} INFO - DAG(s) 'example_skip_dag' retrieved from /home/airflow/.local/lib/python3.12/site-packages/airflow/example_dags/example_skip_dag.py
[2024-06-03T10:44:52.679+0000] {logging_mixin.py:188} INFO - [2024-06-03T10:44:52.678+0000] {dag.py:3096} INFO - Sync 1 DAGs
[2024-06-03T10:44:52.710+0000] {logging_mixin.py:188} INFO - [2024-06-03T10:44:52.709+0000] {dag.py:3954} INFO - Setting next_dagrun for example_skip_dag to 2024-06-02 00:00:00+00:00, run_after=2024-06-03 00:00:00+00:00
[2024-06-03T10:44:52.733+0000] {processor.py:183} INFO - Processing /home/airflow/.local/lib/python3.12/site-packages/airflow/example_dags/example_skip_dag.py took 0.104 seconds
[2024-06-03T10:45:23.602+0000] {processor.py:161} INFO - Started process (PID=11822) to work on /home/airflow/.local/lib/python3.12/site-packages/airflow/example_dags/example_skip_dag.py
[2024-06-03T10:45:23.603+0000] {processor.py:830} INFO - Processing file /home/airflow/.local/lib/python3.12/site-packages/airflow/example_dags/example_skip_dag.py for tasks to queue
[2024-06-03T10:45:23.604+0000] {logging_mixin.py:188} INFO - [2024-06-03T10:45:23.604+0000] {dagbag.py:545} INFO - Filling up the DagBag from /home/airflow/.local/lib/python3.12/site-packages/airflow/example_dags/example_skip_dag.py
[2024-06-03T10:45:23.612+0000] {processor.py:840} INFO - DAG(s) 'example_skip_dag' retrieved from /home/airflow/.local/lib/python3.12/site-packages/airflow/example_dags/example_skip_dag.py
[2024-06-03T10:45:23.642+0000] {logging_mixin.py:188} INFO - [2024-06-03T10:45:23.641+0000] {dag.py:3096} INFO - Sync 1 DAGs
[2024-06-03T10:45:23.676+0000] {logging_mixin.py:188} INFO - [2024-06-03T10:45:23.675+0000] {dag.py:3954} INFO - Setting next_dagrun for example_skip_dag to 2024-06-02 00:00:00+00:00, run_after=2024-06-03 00:00:00+00:00
[2024-06-03T10:45:23.703+0000] {processor.py:183} INFO - Processing /home/airflow/.local/lib/python3.12/site-packages/airflow/example_dags/example_skip_dag.py took 0.108 seconds
[2024-06-03T10:45:54.275+0000] {processor.py:161} INFO - Started process (PID=12078) to work on /home/airflow/.local/lib/python3.12/site-packages/airflow/example_dags/example_skip_dag.py
[2024-06-03T10:45:54.276+0000] {processor.py:830} INFO - Processing file /home/airflow/.local/lib/python3.12/site-packages/airflow/example_dags/example_skip_dag.py for tasks to queue
[2024-06-03T10:45:54.278+0000] {logging_mixin.py:188} INFO - [2024-06-03T10:45:54.278+0000] {dagbag.py:545} INFO - Filling up the DagBag from /home/airflow/.local/lib/python3.12/site-packages/airflow/example_dags/example_skip_dag.py
[2024-06-03T10:45:54.286+0000] {processor.py:840} INFO - DAG(s) 'example_skip_dag' retrieved from /home/airflow/.local/lib/python3.12/site-packages/airflow/example_dags/example_skip_dag.py
[2024-06-03T10:45:54.315+0000] {logging_mixin.py:188} INFO - [2024-06-03T10:45:54.314+0000] {dag.py:3096} INFO - Sync 1 DAGs
[2024-06-03T10:45:54.353+0000] {logging_mixin.py:188} INFO - [2024-06-03T10:45:54.353+0000] {dag.py:3954} INFO - Setting next_dagrun for example_skip_dag to 2024-06-02 00:00:00+00:00, run_after=2024-06-03 00:00:00+00:00
[2024-06-03T10:45:54.381+0000] {processor.py:183} INFO - Processing /home/airflow/.local/lib/python3.12/site-packages/airflow/example_dags/example_skip_dag.py took 0.112 seconds
[2024-06-03T10:46:24.639+0000] {processor.py:161} INFO - Started process (PID=12334) to work on /home/airflow/.local/lib/python3.12/site-packages/airflow/example_dags/example_skip_dag.py
[2024-06-03T10:46:24.640+0000] {processor.py:830} INFO - Processing file /home/airflow/.local/lib/python3.12/site-packages/airflow/example_dags/example_skip_dag.py for tasks to queue
[2024-06-03T10:46:24.642+0000] {logging_mixin.py:188} INFO - [2024-06-03T10:46:24.642+0000] {dagbag.py:545} INFO - Filling up the DagBag from /home/airflow/.local/lib/python3.12/site-packages/airflow/example_dags/example_skip_dag.py
[2024-06-03T10:46:24.650+0000] {processor.py:840} INFO - DAG(s) 'example_skip_dag' retrieved from /home/airflow/.local/lib/python3.12/site-packages/airflow/example_dags/example_skip_dag.py
[2024-06-03T10:46:24.681+0000] {logging_mixin.py:188} INFO - [2024-06-03T10:46:24.681+0000] {dag.py:3096} INFO - Sync 1 DAGs
[2024-06-03T10:46:24.713+0000] {logging_mixin.py:188} INFO - [2024-06-03T10:46:24.713+0000] {dag.py:3954} INFO - Setting next_dagrun for example_skip_dag to 2024-06-02 00:00:00+00:00, run_after=2024-06-03 00:00:00+00:00
[2024-06-03T10:46:24.737+0000] {processor.py:183} INFO - Processing /home/airflow/.local/lib/python3.12/site-packages/airflow/example_dags/example_skip_dag.py took 0.106 seconds
[2024-06-03T10:46:55.210+0000] {processor.py:161} INFO - Started process (PID=12590) to work on /home/airflow/.local/lib/python3.12/site-packages/airflow/example_dags/example_skip_dag.py
[2024-06-03T10:46:55.211+0000] {processor.py:830} INFO - Processing file /home/airflow/.local/lib/python3.12/site-packages/airflow/example_dags/example_skip_dag.py for tasks to queue
[2024-06-03T10:46:55.213+0000] {logging_mixin.py:188} INFO - [2024-06-03T10:46:55.212+0000] {dagbag.py:545} INFO - Filling up the DagBag from /home/airflow/.local/lib/python3.12/site-packages/airflow/example_dags/example_skip_dag.py
[2024-06-03T10:46:55.221+0000] {processor.py:840} INFO - DAG(s) 'example_skip_dag' retrieved from /home/airflow/.local/lib/python3.12/site-packages/airflow/example_dags/example_skip_dag.py
[2024-06-03T10:46:55.250+0000] {logging_mixin.py:188} INFO - [2024-06-03T10:46:55.250+0000] {dag.py:3096} INFO - Sync 1 DAGs
[2024-06-03T10:46:55.282+0000] {logging_mixin.py:188} INFO - [2024-06-03T10:46:55.282+0000] {dag.py:3954} INFO - Setting next_dagrun for example_skip_dag to 2024-06-02 00:00:00+00:00, run_after=2024-06-03 00:00:00+00:00
[2024-06-03T10:46:55.308+0000] {processor.py:183} INFO - Processing /home/airflow/.local/lib/python3.12/site-packages/airflow/example_dags/example_skip_dag.py took 0.105 seconds
[2024-06-03T10:47:25.875+0000] {processor.py:161} INFO - Started process (PID=12846) to work on /home/airflow/.local/lib/python3.12/site-packages/airflow/example_dags/example_skip_dag.py
[2024-06-03T10:47:25.876+0000] {processor.py:830} INFO - Processing file /home/airflow/.local/lib/python3.12/site-packages/airflow/example_dags/example_skip_dag.py for tasks to queue
[2024-06-03T10:47:25.878+0000] {logging_mixin.py:188} INFO - [2024-06-03T10:47:25.877+0000] {dagbag.py:545} INFO - Filling up the DagBag from /home/airflow/.local/lib/python3.12/site-packages/airflow/example_dags/example_skip_dag.py
[2024-06-03T10:47:25.886+0000] {processor.py:840} INFO - DAG(s) 'example_skip_dag' retrieved from /home/airflow/.local/lib/python3.12/site-packages/airflow/example_dags/example_skip_dag.py
[2024-06-03T10:47:25.915+0000] {logging_mixin.py:188} INFO - [2024-06-03T10:47:25.914+0000] {dag.py:3096} INFO - Sync 1 DAGs
[2024-06-03T10:47:25.948+0000] {logging_mixin.py:188} INFO - [2024-06-03T10:47:25.947+0000] {dag.py:3954} INFO - Setting next_dagrun for example_skip_dag to 2024-06-02 00:00:00+00:00, run_after=2024-06-03 00:00:00+00:00
[2024-06-03T10:47:25.977+0000] {processor.py:183} INFO - Processing /home/airflow/.local/lib/python3.12/site-packages/airflow/example_dags/example_skip_dag.py took 0.109 seconds
[2024-06-03T10:47:56.621+0000] {processor.py:161} INFO - Started process (PID=13102) to work on /home/airflow/.local/lib/python3.12/site-packages/airflow/example_dags/example_skip_dag.py
[2024-06-03T10:47:56.622+0000] {processor.py:830} INFO - Processing file /home/airflow/.local/lib/python3.12/site-packages/airflow/example_dags/example_skip_dag.py for tasks to queue
[2024-06-03T10:47:56.624+0000] {logging_mixin.py:188} INFO - [2024-06-03T10:47:56.623+0000] {dagbag.py:545} INFO - Filling up the DagBag from /home/airflow/.local/lib/python3.12/site-packages/airflow/example_dags/example_skip_dag.py
[2024-06-03T10:47:56.632+0000] {processor.py:840} INFO - DAG(s) 'example_skip_dag' retrieved from /home/airflow/.local/lib/python3.12/site-packages/airflow/example_dags/example_skip_dag.py
[2024-06-03T10:47:56.659+0000] {logging_mixin.py:188} INFO - [2024-06-03T10:47:56.659+0000] {dag.py:3096} INFO - Sync 1 DAGs
[2024-06-03T10:47:56.691+0000] {logging_mixin.py:188} INFO - [2024-06-03T10:47:56.691+0000] {dag.py:3954} INFO - Setting next_dagrun for example_skip_dag to 2024-06-02 00:00:00+00:00, run_after=2024-06-03 00:00:00+00:00
[2024-06-03T10:47:56.716+0000] {processor.py:183} INFO - Processing /home/airflow/.local/lib/python3.12/site-packages/airflow/example_dags/example_skip_dag.py took 0.103 seconds
[2024-06-03T10:48:26.993+0000] {processor.py:161} INFO - Started process (PID=13358) to work on /home/airflow/.local/lib/python3.12/site-packages/airflow/example_dags/example_skip_dag.py
[2024-06-03T10:48:26.993+0000] {processor.py:830} INFO - Processing file /home/airflow/.local/lib/python3.12/site-packages/airflow/example_dags/example_skip_dag.py for tasks to queue
[2024-06-03T10:48:26.995+0000] {logging_mixin.py:188} INFO - [2024-06-03T10:48:26.995+0000] {dagbag.py:545} INFO - Filling up the DagBag from /home/airflow/.local/lib/python3.12/site-packages/airflow/example_dags/example_skip_dag.py
[2024-06-03T10:48:27.003+0000] {processor.py:840} INFO - DAG(s) 'example_skip_dag' retrieved from /home/airflow/.local/lib/python3.12/site-packages/airflow/example_dags/example_skip_dag.py
[2024-06-03T10:48:27.034+0000] {logging_mixin.py:188} INFO - [2024-06-03T10:48:27.034+0000] {dag.py:3096} INFO - Sync 1 DAGs
[2024-06-03T10:48:27.067+0000] {logging_mixin.py:188} INFO - [2024-06-03T10:48:27.067+0000] {dag.py:3954} INFO - Setting next_dagrun for example_skip_dag to 2024-06-02 00:00:00+00:00, run_after=2024-06-03 00:00:00+00:00
[2024-06-03T10:48:27.093+0000] {processor.py:183} INFO - Processing /home/airflow/.local/lib/python3.12/site-packages/airflow/example_dags/example_skip_dag.py took 0.107 seconds
[2024-06-03T10:48:57.296+0000] {processor.py:161} INFO - Started process (PID=13614) to work on /home/airflow/.local/lib/python3.12/site-packages/airflow/example_dags/example_skip_dag.py
[2024-06-03T10:48:57.298+0000] {processor.py:830} INFO - Processing file /home/airflow/.local/lib/python3.12/site-packages/airflow/example_dags/example_skip_dag.py for tasks to queue
[2024-06-03T10:48:57.300+0000] {logging_mixin.py:188} INFO - [2024-06-03T10:48:57.299+0000] {dagbag.py:545} INFO - Filling up the DagBag from /home/airflow/.local/lib/python3.12/site-packages/airflow/example_dags/example_skip_dag.py
[2024-06-03T10:48:57.308+0000] {processor.py:840} INFO - DAG(s) 'example_skip_dag' retrieved from /home/airflow/.local/lib/python3.12/site-packages/airflow/example_dags/example_skip_dag.py
[2024-06-03T10:48:57.340+0000] {logging_mixin.py:188} INFO - [2024-06-03T10:48:57.340+0000] {dag.py:3096} INFO - Sync 1 DAGs
[2024-06-03T10:48:57.373+0000] {logging_mixin.py:188} INFO - [2024-06-03T10:48:57.372+0000] {dag.py:3954} INFO - Setting next_dagrun for example_skip_dag to 2024-06-02 00:00:00+00:00, run_after=2024-06-03 00:00:00+00:00
[2024-06-03T10:48:57.399+0000] {processor.py:183} INFO - Processing /home/airflow/.local/lib/python3.12/site-packages/airflow/example_dags/example_skip_dag.py took 0.110 seconds
[2024-06-03T10:49:27.610+0000] {processor.py:161} INFO - Started process (PID=13870) to work on /home/airflow/.local/lib/python3.12/site-packages/airflow/example_dags/example_skip_dag.py
[2024-06-03T10:49:27.611+0000] {processor.py:830} INFO - Processing file /home/airflow/.local/lib/python3.12/site-packages/airflow/example_dags/example_skip_dag.py for tasks to queue
[2024-06-03T10:49:27.613+0000] {logging_mixin.py:188} INFO - [2024-06-03T10:49:27.613+0000] {dagbag.py:545} INFO - Filling up the DagBag from /home/airflow/.local/lib/python3.12/site-packages/airflow/example_dags/example_skip_dag.py
[2024-06-03T10:49:27.623+0000] {processor.py:840} INFO - DAG(s) 'example_skip_dag' retrieved from /home/airflow/.local/lib/python3.12/site-packages/airflow/example_dags/example_skip_dag.py
[2024-06-03T10:49:27.655+0000] {logging_mixin.py:188} INFO - [2024-06-03T10:49:27.655+0000] {dag.py:3096} INFO - Sync 1 DAGs
[2024-06-03T10:49:27.687+0000] {logging_mixin.py:188} INFO - [2024-06-03T10:49:27.687+0000] {dag.py:3954} INFO - Setting next_dagrun for example_skip_dag to 2024-06-02 00:00:00+00:00, run_after=2024-06-03 00:00:00+00:00
[2024-06-03T10:49:27.712+0000] {processor.py:183} INFO - Processing /home/airflow/.local/lib/python3.12/site-packages/airflow/example_dags/example_skip_dag.py took 0.110 seconds
[2024-06-03T10:49:58.185+0000] {processor.py:161} INFO - Started process (PID=14126) to work on /home/airflow/.local/lib/python3.12/site-packages/airflow/example_dags/example_skip_dag.py
[2024-06-03T10:49:58.186+0000] {processor.py:830} INFO - Processing file /home/airflow/.local/lib/python3.12/site-packages/airflow/example_dags/example_skip_dag.py for tasks to queue
[2024-06-03T10:49:58.187+0000] {logging_mixin.py:188} INFO - [2024-06-03T10:49:58.187+0000] {dagbag.py:545} INFO - Filling up the DagBag from /home/airflow/.local/lib/python3.12/site-packages/airflow/example_dags/example_skip_dag.py
[2024-06-03T10:49:58.195+0000] {processor.py:840} INFO - DAG(s) 'example_skip_dag' retrieved from /home/airflow/.local/lib/python3.12/site-packages/airflow/example_dags/example_skip_dag.py
[2024-06-03T10:49:58.226+0000] {logging_mixin.py:188} INFO - [2024-06-03T10:49:58.225+0000] {dag.py:3096} INFO - Sync 1 DAGs
[2024-06-03T10:49:58.259+0000] {logging_mixin.py:188} INFO - [2024-06-03T10:49:58.258+0000] {dag.py:3954} INFO - Setting next_dagrun for example_skip_dag to 2024-06-02 00:00:00+00:00, run_after=2024-06-03 00:00:00+00:00
[2024-06-03T10:49:58.285+0000] {processor.py:183} INFO - Processing /home/airflow/.local/lib/python3.12/site-packages/airflow/example_dags/example_skip_dag.py took 0.107 seconds
[2024-06-03T10:50:28.571+0000] {processor.py:161} INFO - Started process (PID=14382) to work on /home/airflow/.local/lib/python3.12/site-packages/airflow/example_dags/example_skip_dag.py
[2024-06-03T10:50:28.572+0000] {processor.py:830} INFO - Processing file /home/airflow/.local/lib/python3.12/site-packages/airflow/example_dags/example_skip_dag.py for tasks to queue
[2024-06-03T10:50:28.573+0000] {logging_mixin.py:188} INFO - [2024-06-03T10:50:28.573+0000] {dagbag.py:545} INFO - Filling up the DagBag from /home/airflow/.local/lib/python3.12/site-packages/airflow/example_dags/example_skip_dag.py
[2024-06-03T10:50:28.583+0000] {processor.py:840} INFO - DAG(s) 'example_skip_dag' retrieved from /home/airflow/.local/lib/python3.12/site-packages/airflow/example_dags/example_skip_dag.py
[2024-06-03T10:50:28.613+0000] {logging_mixin.py:188} INFO - [2024-06-03T10:50:28.613+0000] {dag.py:3096} INFO - Sync 1 DAGs
[2024-06-03T10:50:28.650+0000] {logging_mixin.py:188} INFO - [2024-06-03T10:50:28.650+0000] {dag.py:3954} INFO - Setting next_dagrun for example_skip_dag to 2024-06-02 00:00:00+00:00, run_after=2024-06-03 00:00:00+00:00
[2024-06-03T10:50:28.678+0000] {processor.py:183} INFO - Processing /home/airflow/.local/lib/python3.12/site-packages/airflow/example_dags/example_skip_dag.py took 0.115 seconds
[2024-06-03T10:50:59.283+0000] {processor.py:161} INFO - Started process (PID=14638) to work on /home/airflow/.local/lib/python3.12/site-packages/airflow/example_dags/example_skip_dag.py
[2024-06-03T10:50:59.285+0000] {processor.py:830} INFO - Processing file /home/airflow/.local/lib/python3.12/site-packages/airflow/example_dags/example_skip_dag.py for tasks to queue
[2024-06-03T10:50:59.287+0000] {logging_mixin.py:188} INFO - [2024-06-03T10:50:59.286+0000] {dagbag.py:545} INFO - Filling up the DagBag from /home/airflow/.local/lib/python3.12/site-packages/airflow/example_dags/example_skip_dag.py
[2024-06-03T10:50:59.294+0000] {processor.py:840} INFO - DAG(s) 'example_skip_dag' retrieved from /home/airflow/.local/lib/python3.12/site-packages/airflow/example_dags/example_skip_dag.py
[2024-06-03T10:50:59.324+0000] {logging_mixin.py:188} INFO - [2024-06-03T10:50:59.324+0000] {dag.py:3096} INFO - Sync 1 DAGs
[2024-06-03T10:50:59.358+0000] {logging_mixin.py:188} INFO - [2024-06-03T10:50:59.357+0000] {dag.py:3954} INFO - Setting next_dagrun for example_skip_dag to 2024-06-02 00:00:00+00:00, run_after=2024-06-03 00:00:00+00:00
[2024-06-03T10:50:59.383+0000] {processor.py:183} INFO - Processing /home/airflow/.local/lib/python3.12/site-packages/airflow/example_dags/example_skip_dag.py took 0.106 seconds
[2024-06-03T10:51:30.060+0000] {processor.py:161} INFO - Started process (PID=14894) to work on /home/airflow/.local/lib/python3.12/site-packages/airflow/example_dags/example_skip_dag.py
[2024-06-03T10:51:30.061+0000] {processor.py:830} INFO - Processing file /home/airflow/.local/lib/python3.12/site-packages/airflow/example_dags/example_skip_dag.py for tasks to queue
[2024-06-03T10:51:30.063+0000] {logging_mixin.py:188} INFO - [2024-06-03T10:51:30.063+0000] {dagbag.py:545} INFO - Filling up the DagBag from /home/airflow/.local/lib/python3.12/site-packages/airflow/example_dags/example_skip_dag.py
[2024-06-03T10:51:30.071+0000] {processor.py:840} INFO - DAG(s) 'example_skip_dag' retrieved from /home/airflow/.local/lib/python3.12/site-packages/airflow/example_dags/example_skip_dag.py
[2024-06-03T10:51:30.101+0000] {logging_mixin.py:188} INFO - [2024-06-03T10:51:30.100+0000] {dag.py:3096} INFO - Sync 1 DAGs
[2024-06-03T10:51:30.134+0000] {logging_mixin.py:188} INFO - [2024-06-03T10:51:30.134+0000] {dag.py:3954} INFO - Setting next_dagrun for example_skip_dag to 2024-06-02 00:00:00+00:00, run_after=2024-06-03 00:00:00+00:00
[2024-06-03T10:51:30.159+0000] {processor.py:183} INFO - Processing /home/airflow/.local/lib/python3.12/site-packages/airflow/example_dags/example_skip_dag.py took 0.108 seconds
[2024-06-03T10:52:00.671+0000] {processor.py:161} INFO - Started process (PID=15150) to work on /home/airflow/.local/lib/python3.12/site-packages/airflow/example_dags/example_skip_dag.py
[2024-06-03T10:52:00.673+0000] {processor.py:830} INFO - Processing file /home/airflow/.local/lib/python3.12/site-packages/airflow/example_dags/example_skip_dag.py for tasks to queue
[2024-06-03T10:52:00.674+0000] {logging_mixin.py:188} INFO - [2024-06-03T10:52:00.674+0000] {dagbag.py:545} INFO - Filling up the DagBag from /home/airflow/.local/lib/python3.12/site-packages/airflow/example_dags/example_skip_dag.py
[2024-06-03T10:52:00.682+0000] {processor.py:840} INFO - DAG(s) 'example_skip_dag' retrieved from /home/airflow/.local/lib/python3.12/site-packages/airflow/example_dags/example_skip_dag.py
[2024-06-03T10:52:00.712+0000] {logging_mixin.py:188} INFO - [2024-06-03T10:52:00.712+0000] {dag.py:3096} INFO - Sync 1 DAGs
[2024-06-03T10:52:00.746+0000] {logging_mixin.py:188} INFO - [2024-06-03T10:52:00.746+0000] {dag.py:3954} INFO - Setting next_dagrun for example_skip_dag to 2024-06-02 00:00:00+00:00, run_after=2024-06-03 00:00:00+00:00
[2024-06-03T10:52:00.774+0000] {processor.py:183} INFO - Processing /home/airflow/.local/lib/python3.12/site-packages/airflow/example_dags/example_skip_dag.py took 0.109 seconds
[2024-06-03T10:52:31.445+0000] {processor.py:161} INFO - Started process (PID=15406) to work on /home/airflow/.local/lib/python3.12/site-packages/airflow/example_dags/example_skip_dag.py
[2024-06-03T10:52:31.446+0000] {processor.py:830} INFO - Processing file /home/airflow/.local/lib/python3.12/site-packages/airflow/example_dags/example_skip_dag.py for tasks to queue
[2024-06-03T10:52:31.447+0000] {logging_mixin.py:188} INFO - [2024-06-03T10:52:31.447+0000] {dagbag.py:545} INFO - Filling up the DagBag from /home/airflow/.local/lib/python3.12/site-packages/airflow/example_dags/example_skip_dag.py
[2024-06-03T10:52:31.455+0000] {processor.py:840} INFO - DAG(s) 'example_skip_dag' retrieved from /home/airflow/.local/lib/python3.12/site-packages/airflow/example_dags/example_skip_dag.py
[2024-06-03T10:52:31.485+0000] {logging_mixin.py:188} INFO - [2024-06-03T10:52:31.485+0000] {dag.py:3096} INFO - Sync 1 DAGs
[2024-06-03T10:52:31.517+0000] {logging_mixin.py:188} INFO - [2024-06-03T10:52:31.517+0000] {dag.py:3954} INFO - Setting next_dagrun for example_skip_dag to 2024-06-02 00:00:00+00:00, run_after=2024-06-03 00:00:00+00:00
[2024-06-03T10:52:31.541+0000] {processor.py:183} INFO - Processing /home/airflow/.local/lib/python3.12/site-packages/airflow/example_dags/example_skip_dag.py took 0.104 seconds
[2024-06-03T10:53:01.822+0000] {processor.py:161} INFO - Started process (PID=15662) to work on /home/airflow/.local/lib/python3.12/site-packages/airflow/example_dags/example_skip_dag.py
[2024-06-03T10:53:01.824+0000] {processor.py:830} INFO - Processing file /home/airflow/.local/lib/python3.12/site-packages/airflow/example_dags/example_skip_dag.py for tasks to queue
[2024-06-03T10:53:01.826+0000] {logging_mixin.py:188} INFO - [2024-06-03T10:53:01.825+0000] {dagbag.py:545} INFO - Filling up the DagBag from /home/airflow/.local/lib/python3.12/site-packages/airflow/example_dags/example_skip_dag.py
[2024-06-03T10:53:01.834+0000] {processor.py:840} INFO - DAG(s) 'example_skip_dag' retrieved from /home/airflow/.local/lib/python3.12/site-packages/airflow/example_dags/example_skip_dag.py
[2024-06-03T10:53:01.863+0000] {logging_mixin.py:188} INFO - [2024-06-03T10:53:01.862+0000] {dag.py:3096} INFO - Sync 1 DAGs
[2024-06-03T10:53:01.895+0000] {logging_mixin.py:188} INFO - [2024-06-03T10:53:01.895+0000] {dag.py:3954} INFO - Setting next_dagrun for example_skip_dag to 2024-06-02 00:00:00+00:00, run_after=2024-06-03 00:00:00+00:00
[2024-06-03T10:53:01.922+0000] {processor.py:183} INFO - Processing /home/airflow/.local/lib/python3.12/site-packages/airflow/example_dags/example_skip_dag.py took 0.107 seconds
[2024-06-03T10:53:32.206+0000] {processor.py:161} INFO - Started process (PID=15918) to work on /home/airflow/.local/lib/python3.12/site-packages/airflow/example_dags/example_skip_dag.py
[2024-06-03T10:53:32.207+0000] {processor.py:830} INFO - Processing file /home/airflow/.local/lib/python3.12/site-packages/airflow/example_dags/example_skip_dag.py for tasks to queue
[2024-06-03T10:53:32.208+0000] {logging_mixin.py:188} INFO - [2024-06-03T10:53:32.208+0000] {dagbag.py:545} INFO - Filling up the DagBag from /home/airflow/.local/lib/python3.12/site-packages/airflow/example_dags/example_skip_dag.py
[2024-06-03T10:53:32.216+0000] {processor.py:840} INFO - DAG(s) 'example_skip_dag' retrieved from /home/airflow/.local/lib/python3.12/site-packages/airflow/example_dags/example_skip_dag.py
[2024-06-03T10:53:32.246+0000] {logging_mixin.py:188} INFO - [2024-06-03T10:53:32.246+0000] {dag.py:3096} INFO - Sync 1 DAGs
[2024-06-03T10:53:32.280+0000] {logging_mixin.py:188} INFO - [2024-06-03T10:53:32.279+0000] {dag.py:3954} INFO - Setting next_dagrun for example_skip_dag to 2024-06-02 00:00:00+00:00, run_after=2024-06-03 00:00:00+00:00
[2024-06-03T10:53:32.303+0000] {processor.py:183} INFO - Processing /home/airflow/.local/lib/python3.12/site-packages/airflow/example_dags/example_skip_dag.py took 0.104 seconds
