[2024-06-03T09:55:38.213+0000] {processor.py:161} INFO - Started process (PID=291) to work on /home/airflow/.local/lib/python3.12/site-packages/airflow/example_dags/example_setup_teardown.py
[2024-06-03T09:55:38.214+0000] {processor.py:830} INFO - Processing file /home/airflow/.local/lib/python3.12/site-packages/airflow/example_dags/example_setup_teardown.py for tasks to queue
[2024-06-03T09:55:38.218+0000] {logging_mixin.py:188} INFO - [2024-06-03T09:55:38.216+0000] {dagbag.py:545} INFO - Filling up the DagBag from /home/airflow/.local/lib/python3.12/site-packages/airflow/example_dags/example_setup_teardown.py
[2024-06-03T09:55:38.234+0000] {processor.py:840} INFO - DAG(s) 'example_setup_teardown' retrieved from /home/airflow/.local/lib/python3.12/site-packages/airflow/example_dags/example_setup_teardown.py
[2024-06-03T09:55:38.408+0000] {logging_mixin.py:188} INFO - [2024-06-03T09:55:38.407+0000] {dag.py:3096} INFO - Sync 1 DAGs
[2024-06-03T09:55:38.437+0000] {logging_mixin.py:188} INFO - [2024-06-03T09:55:38.437+0000] {dag.py:3954} INFO - Setting next_dagrun for example_setup_teardown to 2024-06-02 00:00:00+00:00, run_after=2024-06-03 00:00:00+00:00
[2024-06-03T09:55:38.485+0000] {processor.py:183} INFO - Processing /home/airflow/.local/lib/python3.12/site-packages/airflow/example_dags/example_setup_teardown.py took 0.281 seconds
[2024-06-03T09:58:01.169+0000] {processor.py:161} INFO - Started process (PID=592) to work on /home/airflow/.local/lib/python3.12/site-packages/airflow/example_dags/example_setup_teardown.py
[2024-06-03T09:58:01.189+0000] {processor.py:830} INFO - Processing file /home/airflow/.local/lib/python3.12/site-packages/airflow/example_dags/example_setup_teardown.py for tasks to queue
[2024-06-03T09:58:01.192+0000] {logging_mixin.py:188} INFO - [2024-06-03T09:58:01.191+0000] {dagbag.py:545} INFO - Filling up the DagBag from /home/airflow/.local/lib/python3.12/site-packages/airflow/example_dags/example_setup_teardown.py
[2024-06-03T09:58:01.513+0000] {processor.py:840} INFO - DAG(s) 'example_setup_teardown' retrieved from /home/airflow/.local/lib/python3.12/site-packages/airflow/example_dags/example_setup_teardown.py
[2024-06-03T09:58:02.294+0000] {logging_mixin.py:188} INFO - [2024-06-03T09:58:02.277+0000] {dag.py:3096} INFO - Sync 1 DAGs
[2024-06-03T09:58:02.555+0000] {logging_mixin.py:188} INFO - [2024-06-03T09:58:02.518+0000] {dag.py:3954} INFO - Setting next_dagrun for example_setup_teardown to 2024-06-02 00:00:00+00:00, run_after=2024-06-03 00:00:00+00:00
[2024-06-03T09:58:03.117+0000] {processor.py:183} INFO - Processing /home/airflow/.local/lib/python3.12/site-packages/airflow/example_dags/example_setup_teardown.py took 2.228 seconds
[2024-06-03T10:00:10.130+0000] {processor.py:161} INFO - Started process (PID=848) to work on /home/airflow/.local/lib/python3.12/site-packages/airflow/example_dags/example_setup_teardown.py
[2024-06-03T10:00:10.139+0000] {processor.py:830} INFO - Processing file /home/airflow/.local/lib/python3.12/site-packages/airflow/example_dags/example_setup_teardown.py for tasks to queue
[2024-06-03T10:00:10.171+0000] {logging_mixin.py:188} INFO - [2024-06-03T10:00:10.170+0000] {dagbag.py:545} INFO - Filling up the DagBag from /home/airflow/.local/lib/python3.12/site-packages/airflow/example_dags/example_setup_teardown.py
[2024-06-03T10:00:10.223+0000] {processor.py:840} INFO - DAG(s) 'example_setup_teardown' retrieved from /home/airflow/.local/lib/python3.12/site-packages/airflow/example_dags/example_setup_teardown.py
[2024-06-03T10:00:10.306+0000] {logging_mixin.py:188} INFO - [2024-06-03T10:00:10.305+0000] {dag.py:3096} INFO - Sync 1 DAGs
[2024-06-03T10:00:10.399+0000] {logging_mixin.py:188} INFO - [2024-06-03T10:00:10.398+0000] {dag.py:3954} INFO - Setting next_dagrun for example_setup_teardown to 2024-06-02 00:00:00+00:00, run_after=2024-06-03 00:00:00+00:00
[2024-06-03T10:00:10.462+0000] {processor.py:183} INFO - Processing /home/airflow/.local/lib/python3.12/site-packages/airflow/example_dags/example_setup_teardown.py took 0.384 seconds
[2024-06-03T10:00:42.102+0000] {processor.py:161} INFO - Started process (PID=1106) to work on /home/airflow/.local/lib/python3.12/site-packages/airflow/example_dags/example_setup_teardown.py
[2024-06-03T10:00:42.108+0000] {processor.py:830} INFO - Processing file /home/airflow/.local/lib/python3.12/site-packages/airflow/example_dags/example_setup_teardown.py for tasks to queue
[2024-06-03T10:00:42.113+0000] {logging_mixin.py:188} INFO - [2024-06-03T10:00:42.113+0000] {dagbag.py:545} INFO - Filling up the DagBag from /home/airflow/.local/lib/python3.12/site-packages/airflow/example_dags/example_setup_teardown.py
[2024-06-03T10:00:42.160+0000] {processor.py:840} INFO - DAG(s) 'example_setup_teardown' retrieved from /home/airflow/.local/lib/python3.12/site-packages/airflow/example_dags/example_setup_teardown.py
[2024-06-03T10:00:42.264+0000] {logging_mixin.py:188} INFO - [2024-06-03T10:00:42.263+0000] {dag.py:3096} INFO - Sync 1 DAGs
[2024-06-03T10:00:42.345+0000] {logging_mixin.py:188} INFO - [2024-06-03T10:00:42.345+0000] {dag.py:3954} INFO - Setting next_dagrun for example_setup_teardown to 2024-06-02 00:00:00+00:00, run_after=2024-06-03 00:00:00+00:00
[2024-06-03T10:00:42.394+0000] {processor.py:183} INFO - Processing /home/airflow/.local/lib/python3.12/site-packages/airflow/example_dags/example_setup_teardown.py took 0.326 seconds
[2024-06-03T10:02:11.955+0000] {processor.py:161} INFO - Started process (PID=1434) to work on /home/airflow/.local/lib/python3.12/site-packages/airflow/example_dags/example_setup_teardown.py
[2024-06-03T10:02:12.015+0000] {processor.py:830} INFO - Processing file /home/airflow/.local/lib/python3.12/site-packages/airflow/example_dags/example_setup_teardown.py for tasks to queue
[2024-06-03T10:02:12.095+0000] {logging_mixin.py:188} INFO - [2024-06-03T10:02:12.058+0000] {dagbag.py:545} INFO - Filling up the DagBag from /home/airflow/.local/lib/python3.12/site-packages/airflow/example_dags/example_setup_teardown.py
[2024-06-03T10:02:12.215+0000] {processor.py:840} INFO - DAG(s) 'example_setup_teardown' retrieved from /home/airflow/.local/lib/python3.12/site-packages/airflow/example_dags/example_setup_teardown.py
[2024-06-03T10:02:12.518+0000] {logging_mixin.py:188} INFO - [2024-06-03T10:02:12.517+0000] {dag.py:3096} INFO - Sync 1 DAGs
[2024-06-03T10:02:13.382+0000] {logging_mixin.py:188} INFO - [2024-06-03T10:02:13.381+0000] {dag.py:3954} INFO - Setting next_dagrun for example_setup_teardown to 2024-06-02 00:00:00+00:00, run_after=2024-06-03 00:00:00+00:00
[2024-06-03T10:02:13.984+0000] {processor.py:183} INFO - Processing /home/airflow/.local/lib/python3.12/site-packages/airflow/example_dags/example_setup_teardown.py took 2.089 seconds
[2024-06-03T10:05:10.555+0000] {processor.py:161} INFO - Started process (PID=1777) to work on /home/airflow/.local/lib/python3.12/site-packages/airflow/example_dags/example_setup_teardown.py
[2024-06-03T10:05:10.557+0000] {processor.py:830} INFO - Processing file /home/airflow/.local/lib/python3.12/site-packages/airflow/example_dags/example_setup_teardown.py for tasks to queue
[2024-06-03T10:05:10.566+0000] {logging_mixin.py:188} INFO - [2024-06-03T10:05:10.565+0000] {dagbag.py:545} INFO - Filling up the DagBag from /home/airflow/.local/lib/python3.12/site-packages/airflow/example_dags/example_setup_teardown.py
[2024-06-03T10:05:10.616+0000] {processor.py:840} INFO - DAG(s) 'example_setup_teardown' retrieved from /home/airflow/.local/lib/python3.12/site-packages/airflow/example_dags/example_setup_teardown.py
[2024-06-03T10:05:10.717+0000] {logging_mixin.py:188} INFO - [2024-06-03T10:05:10.717+0000] {dag.py:3096} INFO - Sync 1 DAGs
[2024-06-03T10:05:10.869+0000] {logging_mixin.py:188} INFO - [2024-06-03T10:05:10.869+0000] {dag.py:3954} INFO - Setting next_dagrun for example_setup_teardown to 2024-06-02 00:00:00+00:00, run_after=2024-06-03 00:00:00+00:00
[2024-06-03T10:05:11.135+0000] {processor.py:183} INFO - Processing /home/airflow/.local/lib/python3.12/site-packages/airflow/example_dags/example_setup_teardown.py took 0.610 seconds
[2024-06-03T10:05:41.413+0000] {processor.py:161} INFO - Started process (PID=2031) to work on /home/airflow/.local/lib/python3.12/site-packages/airflow/example_dags/example_setup_teardown.py
[2024-06-03T10:05:41.421+0000] {processor.py:830} INFO - Processing file /home/airflow/.local/lib/python3.12/site-packages/airflow/example_dags/example_setup_teardown.py for tasks to queue
[2024-06-03T10:05:41.424+0000] {logging_mixin.py:188} INFO - [2024-06-03T10:05:41.423+0000] {dagbag.py:545} INFO - Filling up the DagBag from /home/airflow/.local/lib/python3.12/site-packages/airflow/example_dags/example_setup_teardown.py
[2024-06-03T10:05:41.481+0000] {processor.py:840} INFO - DAG(s) 'example_setup_teardown' retrieved from /home/airflow/.local/lib/python3.12/site-packages/airflow/example_dags/example_setup_teardown.py
[2024-06-03T10:05:41.716+0000] {logging_mixin.py:188} INFO - [2024-06-03T10:05:41.716+0000] {dag.py:3096} INFO - Sync 1 DAGs
[2024-06-03T10:05:41.887+0000] {logging_mixin.py:188} INFO - [2024-06-03T10:05:41.887+0000] {dag.py:3954} INFO - Setting next_dagrun for example_setup_teardown to 2024-06-02 00:00:00+00:00, run_after=2024-06-03 00:00:00+00:00
[2024-06-03T10:05:41.993+0000] {processor.py:183} INFO - Processing /home/airflow/.local/lib/python3.12/site-packages/airflow/example_dags/example_setup_teardown.py took 0.609 seconds
[2024-06-03T10:06:32.852+0000] {processor.py:161} INFO - Started process (PID=2232) to work on /home/airflow/.local/lib/python3.12/site-packages/airflow/example_dags/example_setup_teardown.py
[2024-06-03T10:06:32.872+0000] {processor.py:830} INFO - Processing file /home/airflow/.local/lib/python3.12/site-packages/airflow/example_dags/example_setup_teardown.py for tasks to queue
[2024-06-03T10:06:32.874+0000] {logging_mixin.py:188} INFO - [2024-06-03T10:06:32.874+0000] {dagbag.py:545} INFO - Filling up the DagBag from /home/airflow/.local/lib/python3.12/site-packages/airflow/example_dags/example_setup_teardown.py
[2024-06-03T10:06:32.993+0000] {processor.py:840} INFO - DAG(s) 'example_setup_teardown' retrieved from /home/airflow/.local/lib/python3.12/site-packages/airflow/example_dags/example_setup_teardown.py
[2024-06-03T10:06:33.535+0000] {logging_mixin.py:188} INFO - [2024-06-03T10:06:33.535+0000] {dag.py:3096} INFO - Sync 1 DAGs
[2024-06-03T10:06:34.058+0000] {logging_mixin.py:188} INFO - [2024-06-03T10:06:34.057+0000] {dag.py:3954} INFO - Setting next_dagrun for example_setup_teardown to 2024-06-02 00:00:00+00:00, run_after=2024-06-03 00:00:00+00:00
[2024-06-03T10:06:34.738+0000] {processor.py:183} INFO - Processing /home/airflow/.local/lib/python3.12/site-packages/airflow/example_dags/example_setup_teardown.py took 1.966 seconds
[2024-06-03T10:22:30.854+0000] {processor.py:161} INFO - Started process (PID=293) to work on /home/airflow/.local/lib/python3.12/site-packages/airflow/example_dags/example_setup_teardown.py
[2024-06-03T10:22:30.855+0000] {processor.py:830} INFO - Processing file /home/airflow/.local/lib/python3.12/site-packages/airflow/example_dags/example_setup_teardown.py for tasks to queue
[2024-06-03T10:22:30.857+0000] {logging_mixin.py:188} INFO - [2024-06-03T10:22:30.856+0000] {dagbag.py:545} INFO - Filling up the DagBag from /home/airflow/.local/lib/python3.12/site-packages/airflow/example_dags/example_setup_teardown.py
[2024-06-03T10:22:30.870+0000] {processor.py:840} INFO - DAG(s) 'example_setup_teardown' retrieved from /home/airflow/.local/lib/python3.12/site-packages/airflow/example_dags/example_setup_teardown.py
[2024-06-03T10:22:31.036+0000] {logging_mixin.py:188} INFO - [2024-06-03T10:22:31.036+0000] {dag.py:3096} INFO - Sync 1 DAGs
[2024-06-03T10:22:31.065+0000] {logging_mixin.py:188} INFO - [2024-06-03T10:22:31.065+0000] {dag.py:3954} INFO - Setting next_dagrun for example_setup_teardown to 2024-06-02 00:00:00+00:00, run_after=2024-06-03 00:00:00+00:00
[2024-06-03T10:22:31.091+0000] {processor.py:183} INFO - Processing /home/airflow/.local/lib/python3.12/site-packages/airflow/example_dags/example_setup_teardown.py took 0.243 seconds
[2024-06-03T10:23:01.467+0000] {processor.py:161} INFO - Started process (PID=549) to work on /home/airflow/.local/lib/python3.12/site-packages/airflow/example_dags/example_setup_teardown.py
[2024-06-03T10:23:01.468+0000] {processor.py:830} INFO - Processing file /home/airflow/.local/lib/python3.12/site-packages/airflow/example_dags/example_setup_teardown.py for tasks to queue
[2024-06-03T10:23:01.470+0000] {logging_mixin.py:188} INFO - [2024-06-03T10:23:01.469+0000] {dagbag.py:545} INFO - Filling up the DagBag from /home/airflow/.local/lib/python3.12/site-packages/airflow/example_dags/example_setup_teardown.py
[2024-06-03T10:23:01.478+0000] {processor.py:840} INFO - DAG(s) 'example_setup_teardown' retrieved from /home/airflow/.local/lib/python3.12/site-packages/airflow/example_dags/example_setup_teardown.py
[2024-06-03T10:23:01.505+0000] {logging_mixin.py:188} INFO - [2024-06-03T10:23:01.505+0000] {dag.py:3096} INFO - Sync 1 DAGs
[2024-06-03T10:23:01.537+0000] {logging_mixin.py:188} INFO - [2024-06-03T10:23:01.537+0000] {dag.py:3954} INFO - Setting next_dagrun for example_setup_teardown to 2024-06-02 00:00:00+00:00, run_after=2024-06-03 00:00:00+00:00
[2024-06-03T10:23:01.564+0000] {processor.py:183} INFO - Processing /home/airflow/.local/lib/python3.12/site-packages/airflow/example_dags/example_setup_teardown.py took 0.103 seconds
[2024-06-03T10:23:32.062+0000] {processor.py:161} INFO - Started process (PID=807) to work on /home/airflow/.local/lib/python3.12/site-packages/airflow/example_dags/example_setup_teardown.py
[2024-06-03T10:23:32.063+0000] {processor.py:830} INFO - Processing file /home/airflow/.local/lib/python3.12/site-packages/airflow/example_dags/example_setup_teardown.py for tasks to queue
[2024-06-03T10:23:32.064+0000] {logging_mixin.py:188} INFO - [2024-06-03T10:23:32.064+0000] {dagbag.py:545} INFO - Filling up the DagBag from /home/airflow/.local/lib/python3.12/site-packages/airflow/example_dags/example_setup_teardown.py
[2024-06-03T10:23:32.073+0000] {processor.py:840} INFO - DAG(s) 'example_setup_teardown' retrieved from /home/airflow/.local/lib/python3.12/site-packages/airflow/example_dags/example_setup_teardown.py
[2024-06-03T10:23:32.103+0000] {logging_mixin.py:188} INFO - [2024-06-03T10:23:32.102+0000] {dag.py:3096} INFO - Sync 1 DAGs
[2024-06-03T10:23:32.140+0000] {logging_mixin.py:188} INFO - [2024-06-03T10:23:32.140+0000] {dag.py:3954} INFO - Setting next_dagrun for example_setup_teardown to 2024-06-02 00:00:00+00:00, run_after=2024-06-03 00:00:00+00:00
[2024-06-03T10:23:32.168+0000] {processor.py:183} INFO - Processing /home/airflow/.local/lib/python3.12/site-packages/airflow/example_dags/example_setup_teardown.py took 0.113 seconds
[2024-06-03T10:24:02.543+0000] {processor.py:161} INFO - Started process (PID=1061) to work on /home/airflow/.local/lib/python3.12/site-packages/airflow/example_dags/example_setup_teardown.py
[2024-06-03T10:24:02.544+0000] {processor.py:830} INFO - Processing file /home/airflow/.local/lib/python3.12/site-packages/airflow/example_dags/example_setup_teardown.py for tasks to queue
[2024-06-03T10:24:02.546+0000] {logging_mixin.py:188} INFO - [2024-06-03T10:24:02.546+0000] {dagbag.py:545} INFO - Filling up the DagBag from /home/airflow/.local/lib/python3.12/site-packages/airflow/example_dags/example_setup_teardown.py
[2024-06-03T10:24:02.576+0000] {processor.py:840} INFO - DAG(s) 'example_setup_teardown' retrieved from /home/airflow/.local/lib/python3.12/site-packages/airflow/example_dags/example_setup_teardown.py
[2024-06-03T10:24:02.627+0000] {logging_mixin.py:188} INFO - [2024-06-03T10:24:02.625+0000] {dag.py:3096} INFO - Sync 1 DAGs
[2024-06-03T10:24:02.694+0000] {logging_mixin.py:188} INFO - [2024-06-03T10:24:02.693+0000] {dag.py:3954} INFO - Setting next_dagrun for example_setup_teardown to 2024-06-02 00:00:00+00:00, run_after=2024-06-03 00:00:00+00:00
[2024-06-03T10:24:02.726+0000] {processor.py:183} INFO - Processing /home/airflow/.local/lib/python3.12/site-packages/airflow/example_dags/example_setup_teardown.py took 0.192 seconds
[2024-06-03T10:24:33.116+0000] {processor.py:161} INFO - Started process (PID=1319) to work on /home/airflow/.local/lib/python3.12/site-packages/airflow/example_dags/example_setup_teardown.py
[2024-06-03T10:24:33.118+0000] {processor.py:830} INFO - Processing file /home/airflow/.local/lib/python3.12/site-packages/airflow/example_dags/example_setup_teardown.py for tasks to queue
[2024-06-03T10:24:33.120+0000] {logging_mixin.py:188} INFO - [2024-06-03T10:24:33.119+0000] {dagbag.py:545} INFO - Filling up the DagBag from /home/airflow/.local/lib/python3.12/site-packages/airflow/example_dags/example_setup_teardown.py
[2024-06-03T10:24:33.130+0000] {processor.py:840} INFO - DAG(s) 'example_setup_teardown' retrieved from /home/airflow/.local/lib/python3.12/site-packages/airflow/example_dags/example_setup_teardown.py
[2024-06-03T10:24:33.161+0000] {logging_mixin.py:188} INFO - [2024-06-03T10:24:33.160+0000] {dag.py:3096} INFO - Sync 1 DAGs
[2024-06-03T10:24:33.197+0000] {logging_mixin.py:188} INFO - [2024-06-03T10:24:33.196+0000] {dag.py:3954} INFO - Setting next_dagrun for example_setup_teardown to 2024-06-02 00:00:00+00:00, run_after=2024-06-03 00:00:00+00:00
[2024-06-03T10:24:33.221+0000] {processor.py:183} INFO - Processing /home/airflow/.local/lib/python3.12/site-packages/airflow/example_dags/example_setup_teardown.py took 0.113 seconds
[2024-06-03T10:25:03.630+0000] {processor.py:161} INFO - Started process (PID=1575) to work on /home/airflow/.local/lib/python3.12/site-packages/airflow/example_dags/example_setup_teardown.py
[2024-06-03T10:25:03.631+0000] {processor.py:830} INFO - Processing file /home/airflow/.local/lib/python3.12/site-packages/airflow/example_dags/example_setup_teardown.py for tasks to queue
[2024-06-03T10:25:03.633+0000] {logging_mixin.py:188} INFO - [2024-06-03T10:25:03.632+0000] {dagbag.py:545} INFO - Filling up the DagBag from /home/airflow/.local/lib/python3.12/site-packages/airflow/example_dags/example_setup_teardown.py
[2024-06-03T10:25:03.641+0000] {processor.py:840} INFO - DAG(s) 'example_setup_teardown' retrieved from /home/airflow/.local/lib/python3.12/site-packages/airflow/example_dags/example_setup_teardown.py
[2024-06-03T10:25:03.669+0000] {logging_mixin.py:188} INFO - [2024-06-03T10:25:03.669+0000] {dag.py:3096} INFO - Sync 1 DAGs
[2024-06-03T10:25:03.705+0000] {logging_mixin.py:188} INFO - [2024-06-03T10:25:03.705+0000] {dag.py:3954} INFO - Setting next_dagrun for example_setup_teardown to 2024-06-02 00:00:00+00:00, run_after=2024-06-03 00:00:00+00:00
[2024-06-03T10:25:03.730+0000] {processor.py:183} INFO - Processing /home/airflow/.local/lib/python3.12/site-packages/airflow/example_dags/example_setup_teardown.py took 0.108 seconds
[2024-06-03T10:25:34.011+0000] {processor.py:161} INFO - Started process (PID=1829) to work on /home/airflow/.local/lib/python3.12/site-packages/airflow/example_dags/example_setup_teardown.py
[2024-06-03T10:25:34.012+0000] {processor.py:830} INFO - Processing file /home/airflow/.local/lib/python3.12/site-packages/airflow/example_dags/example_setup_teardown.py for tasks to queue
[2024-06-03T10:25:34.014+0000] {logging_mixin.py:188} INFO - [2024-06-03T10:25:34.013+0000] {dagbag.py:545} INFO - Filling up the DagBag from /home/airflow/.local/lib/python3.12/site-packages/airflow/example_dags/example_setup_teardown.py
[2024-06-03T10:25:34.022+0000] {processor.py:840} INFO - DAG(s) 'example_setup_teardown' retrieved from /home/airflow/.local/lib/python3.12/site-packages/airflow/example_dags/example_setup_teardown.py
[2024-06-03T10:25:34.053+0000] {logging_mixin.py:188} INFO - [2024-06-03T10:25:34.053+0000] {dag.py:3096} INFO - Sync 1 DAGs
[2024-06-03T10:25:34.088+0000] {logging_mixin.py:188} INFO - [2024-06-03T10:25:34.088+0000] {dag.py:3954} INFO - Setting next_dagrun for example_setup_teardown to 2024-06-02 00:00:00+00:00, run_after=2024-06-03 00:00:00+00:00
[2024-06-03T10:25:34.113+0000] {processor.py:183} INFO - Processing /home/airflow/.local/lib/python3.12/site-packages/airflow/example_dags/example_setup_teardown.py took 0.109 seconds
[2024-06-03T10:26:04.554+0000] {processor.py:161} INFO - Started process (PID=2087) to work on /home/airflow/.local/lib/python3.12/site-packages/airflow/example_dags/example_setup_teardown.py
[2024-06-03T10:26:04.555+0000] {processor.py:830} INFO - Processing file /home/airflow/.local/lib/python3.12/site-packages/airflow/example_dags/example_setup_teardown.py for tasks to queue
[2024-06-03T10:26:04.557+0000] {logging_mixin.py:188} INFO - [2024-06-03T10:26:04.556+0000] {dagbag.py:545} INFO - Filling up the DagBag from /home/airflow/.local/lib/python3.12/site-packages/airflow/example_dags/example_setup_teardown.py
[2024-06-03T10:26:04.564+0000] {processor.py:840} INFO - DAG(s) 'example_setup_teardown' retrieved from /home/airflow/.local/lib/python3.12/site-packages/airflow/example_dags/example_setup_teardown.py
[2024-06-03T10:26:04.590+0000] {logging_mixin.py:188} INFO - [2024-06-03T10:26:04.590+0000] {dag.py:3096} INFO - Sync 1 DAGs
[2024-06-03T10:26:04.622+0000] {logging_mixin.py:188} INFO - [2024-06-03T10:26:04.622+0000] {dag.py:3954} INFO - Setting next_dagrun for example_setup_teardown to 2024-06-02 00:00:00+00:00, run_after=2024-06-03 00:00:00+00:00
[2024-06-03T10:26:04.647+0000] {processor.py:183} INFO - Processing /home/airflow/.local/lib/python3.12/site-packages/airflow/example_dags/example_setup_teardown.py took 0.100 seconds
[2024-06-03T10:26:34.783+0000] {processor.py:161} INFO - Started process (PID=2341) to work on /home/airflow/.local/lib/python3.12/site-packages/airflow/example_dags/example_setup_teardown.py
[2024-06-03T10:26:34.783+0000] {processor.py:830} INFO - Processing file /home/airflow/.local/lib/python3.12/site-packages/airflow/example_dags/example_setup_teardown.py for tasks to queue
[2024-06-03T10:26:34.785+0000] {logging_mixin.py:188} INFO - [2024-06-03T10:26:34.785+0000] {dagbag.py:545} INFO - Filling up the DagBag from /home/airflow/.local/lib/python3.12/site-packages/airflow/example_dags/example_setup_teardown.py
[2024-06-03T10:26:34.792+0000] {processor.py:840} INFO - DAG(s) 'example_setup_teardown' retrieved from /home/airflow/.local/lib/python3.12/site-packages/airflow/example_dags/example_setup_teardown.py
[2024-06-03T10:26:34.823+0000] {logging_mixin.py:188} INFO - [2024-06-03T10:26:34.822+0000] {dag.py:3096} INFO - Sync 1 DAGs
[2024-06-03T10:26:34.860+0000] {logging_mixin.py:188} INFO - [2024-06-03T10:26:34.860+0000] {dag.py:3954} INFO - Setting next_dagrun for example_setup_teardown to 2024-06-02 00:00:00+00:00, run_after=2024-06-03 00:00:00+00:00
[2024-06-03T10:26:34.888+0000] {processor.py:183} INFO - Processing /home/airflow/.local/lib/python3.12/site-packages/airflow/example_dags/example_setup_teardown.py took 0.112 seconds
[2024-06-03T10:27:05.326+0000] {processor.py:161} INFO - Started process (PID=2599) to work on /home/airflow/.local/lib/python3.12/site-packages/airflow/example_dags/example_setup_teardown.py
[2024-06-03T10:27:05.327+0000] {processor.py:830} INFO - Processing file /home/airflow/.local/lib/python3.12/site-packages/airflow/example_dags/example_setup_teardown.py for tasks to queue
[2024-06-03T10:27:05.329+0000] {logging_mixin.py:188} INFO - [2024-06-03T10:27:05.328+0000] {dagbag.py:545} INFO - Filling up the DagBag from /home/airflow/.local/lib/python3.12/site-packages/airflow/example_dags/example_setup_teardown.py
[2024-06-03T10:27:05.336+0000] {processor.py:840} INFO - DAG(s) 'example_setup_teardown' retrieved from /home/airflow/.local/lib/python3.12/site-packages/airflow/example_dags/example_setup_teardown.py
[2024-06-03T10:27:05.362+0000] {logging_mixin.py:188} INFO - [2024-06-03T10:27:05.361+0000] {dag.py:3096} INFO - Sync 1 DAGs
[2024-06-03T10:27:05.393+0000] {logging_mixin.py:188} INFO - [2024-06-03T10:27:05.392+0000] {dag.py:3954} INFO - Setting next_dagrun for example_setup_teardown to 2024-06-02 00:00:00+00:00, run_after=2024-06-03 00:00:00+00:00
[2024-06-03T10:27:05.415+0000] {processor.py:183} INFO - Processing /home/airflow/.local/lib/python3.12/site-packages/airflow/example_dags/example_setup_teardown.py took 0.095 seconds
[2024-06-03T10:27:35.560+0000] {processor.py:161} INFO - Started process (PID=2853) to work on /home/airflow/.local/lib/python3.12/site-packages/airflow/example_dags/example_setup_teardown.py
[2024-06-03T10:27:35.561+0000] {processor.py:830} INFO - Processing file /home/airflow/.local/lib/python3.12/site-packages/airflow/example_dags/example_setup_teardown.py for tasks to queue
[2024-06-03T10:27:35.563+0000] {logging_mixin.py:188} INFO - [2024-06-03T10:27:35.562+0000] {dagbag.py:545} INFO - Filling up the DagBag from /home/airflow/.local/lib/python3.12/site-packages/airflow/example_dags/example_setup_teardown.py
[2024-06-03T10:27:35.570+0000] {processor.py:840} INFO - DAG(s) 'example_setup_teardown' retrieved from /home/airflow/.local/lib/python3.12/site-packages/airflow/example_dags/example_setup_teardown.py
[2024-06-03T10:27:35.596+0000] {logging_mixin.py:188} INFO - [2024-06-03T10:27:35.596+0000] {dag.py:3096} INFO - Sync 1 DAGs
[2024-06-03T10:27:35.627+0000] {logging_mixin.py:188} INFO - [2024-06-03T10:27:35.627+0000] {dag.py:3954} INFO - Setting next_dagrun for example_setup_teardown to 2024-06-02 00:00:00+00:00, run_after=2024-06-03 00:00:00+00:00
[2024-06-03T10:27:35.654+0000] {processor.py:183} INFO - Processing /home/airflow/.local/lib/python3.12/site-packages/airflow/example_dags/example_setup_teardown.py took 0.100 seconds
[2024-06-03T10:28:05.821+0000] {processor.py:161} INFO - Started process (PID=3109) to work on /home/airflow/.local/lib/python3.12/site-packages/airflow/example_dags/example_setup_teardown.py
[2024-06-03T10:28:05.823+0000] {processor.py:830} INFO - Processing file /home/airflow/.local/lib/python3.12/site-packages/airflow/example_dags/example_setup_teardown.py for tasks to queue
[2024-06-03T10:28:05.824+0000] {logging_mixin.py:188} INFO - [2024-06-03T10:28:05.824+0000] {dagbag.py:545} INFO - Filling up the DagBag from /home/airflow/.local/lib/python3.12/site-packages/airflow/example_dags/example_setup_teardown.py
[2024-06-03T10:28:05.832+0000] {processor.py:840} INFO - DAG(s) 'example_setup_teardown' retrieved from /home/airflow/.local/lib/python3.12/site-packages/airflow/example_dags/example_setup_teardown.py
[2024-06-03T10:28:05.860+0000] {logging_mixin.py:188} INFO - [2024-06-03T10:28:05.859+0000] {dag.py:3096} INFO - Sync 1 DAGs
[2024-06-03T10:28:05.892+0000] {logging_mixin.py:188} INFO - [2024-06-03T10:28:05.892+0000] {dag.py:3954} INFO - Setting next_dagrun for example_setup_teardown to 2024-06-02 00:00:00+00:00, run_after=2024-06-03 00:00:00+00:00
[2024-06-03T10:28:05.916+0000] {processor.py:183} INFO - Processing /home/airflow/.local/lib/python3.12/site-packages/airflow/example_dags/example_setup_teardown.py took 0.102 seconds
[2024-06-03T10:28:36.014+0000] {processor.py:161} INFO - Started process (PID=3365) to work on /home/airflow/.local/lib/python3.12/site-packages/airflow/example_dags/example_setup_teardown.py
[2024-06-03T10:28:36.015+0000] {processor.py:830} INFO - Processing file /home/airflow/.local/lib/python3.12/site-packages/airflow/example_dags/example_setup_teardown.py for tasks to queue
[2024-06-03T10:28:36.016+0000] {logging_mixin.py:188} INFO - [2024-06-03T10:28:36.016+0000] {dagbag.py:545} INFO - Filling up the DagBag from /home/airflow/.local/lib/python3.12/site-packages/airflow/example_dags/example_setup_teardown.py
[2024-06-03T10:28:36.024+0000] {processor.py:840} INFO - DAG(s) 'example_setup_teardown' retrieved from /home/airflow/.local/lib/python3.12/site-packages/airflow/example_dags/example_setup_teardown.py
[2024-06-03T10:28:36.052+0000] {logging_mixin.py:188} INFO - [2024-06-03T10:28:36.052+0000] {dag.py:3096} INFO - Sync 1 DAGs
[2024-06-03T10:28:36.084+0000] {logging_mixin.py:188} INFO - [2024-06-03T10:28:36.083+0000] {dag.py:3954} INFO - Setting next_dagrun for example_setup_teardown to 2024-06-02 00:00:00+00:00, run_after=2024-06-03 00:00:00+00:00
[2024-06-03T10:28:36.109+0000] {processor.py:183} INFO - Processing /home/airflow/.local/lib/python3.12/site-packages/airflow/example_dags/example_setup_teardown.py took 0.102 seconds
[2024-06-03T10:29:06.385+0000] {processor.py:161} INFO - Started process (PID=3621) to work on /home/airflow/.local/lib/python3.12/site-packages/airflow/example_dags/example_setup_teardown.py
[2024-06-03T10:29:06.386+0000] {processor.py:830} INFO - Processing file /home/airflow/.local/lib/python3.12/site-packages/airflow/example_dags/example_setup_teardown.py for tasks to queue
[2024-06-03T10:29:06.387+0000] {logging_mixin.py:188} INFO - [2024-06-03T10:29:06.387+0000] {dagbag.py:545} INFO - Filling up the DagBag from /home/airflow/.local/lib/python3.12/site-packages/airflow/example_dags/example_setup_teardown.py
[2024-06-03T10:29:06.395+0000] {processor.py:840} INFO - DAG(s) 'example_setup_teardown' retrieved from /home/airflow/.local/lib/python3.12/site-packages/airflow/example_dags/example_setup_teardown.py
[2024-06-03T10:29:06.422+0000] {logging_mixin.py:188} INFO - [2024-06-03T10:29:06.422+0000] {dag.py:3096} INFO - Sync 1 DAGs
[2024-06-03T10:29:06.453+0000] {logging_mixin.py:188} INFO - [2024-06-03T10:29:06.453+0000] {dag.py:3954} INFO - Setting next_dagrun for example_setup_teardown to 2024-06-02 00:00:00+00:00, run_after=2024-06-03 00:00:00+00:00
[2024-06-03T10:29:06.479+0000] {processor.py:183} INFO - Processing /home/airflow/.local/lib/python3.12/site-packages/airflow/example_dags/example_setup_teardown.py took 0.101 seconds
[2024-06-03T10:29:36.685+0000] {processor.py:161} INFO - Started process (PID=3877) to work on /home/airflow/.local/lib/python3.12/site-packages/airflow/example_dags/example_setup_teardown.py
[2024-06-03T10:29:36.686+0000] {processor.py:830} INFO - Processing file /home/airflow/.local/lib/python3.12/site-packages/airflow/example_dags/example_setup_teardown.py for tasks to queue
[2024-06-03T10:29:36.688+0000] {logging_mixin.py:188} INFO - [2024-06-03T10:29:36.688+0000] {dagbag.py:545} INFO - Filling up the DagBag from /home/airflow/.local/lib/python3.12/site-packages/airflow/example_dags/example_setup_teardown.py
[2024-06-03T10:29:36.696+0000] {processor.py:840} INFO - DAG(s) 'example_setup_teardown' retrieved from /home/airflow/.local/lib/python3.12/site-packages/airflow/example_dags/example_setup_teardown.py
[2024-06-03T10:29:36.726+0000] {logging_mixin.py:188} INFO - [2024-06-03T10:29:36.725+0000] {dag.py:3096} INFO - Sync 1 DAGs
[2024-06-03T10:29:36.762+0000] {logging_mixin.py:188} INFO - [2024-06-03T10:29:36.762+0000] {dag.py:3954} INFO - Setting next_dagrun for example_setup_teardown to 2024-06-02 00:00:00+00:00, run_after=2024-06-03 00:00:00+00:00
[2024-06-03T10:29:36.790+0000] {processor.py:183} INFO - Processing /home/airflow/.local/lib/python3.12/site-packages/airflow/example_dags/example_setup_teardown.py took 0.111 seconds
[2024-06-03T10:30:07.819+0000] {processor.py:161} INFO - Started process (PID=4135) to work on /home/airflow/.local/lib/python3.12/site-packages/airflow/example_dags/example_setup_teardown.py
[2024-06-03T10:30:07.819+0000] {processor.py:830} INFO - Processing file /home/airflow/.local/lib/python3.12/site-packages/airflow/example_dags/example_setup_teardown.py for tasks to queue
[2024-06-03T10:30:07.821+0000] {logging_mixin.py:188} INFO - [2024-06-03T10:30:07.821+0000] {dagbag.py:545} INFO - Filling up the DagBag from /home/airflow/.local/lib/python3.12/site-packages/airflow/example_dags/example_setup_teardown.py
[2024-06-03T10:30:07.828+0000] {processor.py:840} INFO - DAG(s) 'example_setup_teardown' retrieved from /home/airflow/.local/lib/python3.12/site-packages/airflow/example_dags/example_setup_teardown.py
[2024-06-03T10:30:07.857+0000] {logging_mixin.py:188} INFO - [2024-06-03T10:30:07.856+0000] {dag.py:3096} INFO - Sync 1 DAGs
[2024-06-03T10:30:07.890+0000] {logging_mixin.py:188} INFO - [2024-06-03T10:30:07.889+0000] {dag.py:3954} INFO - Setting next_dagrun for example_setup_teardown to 2024-06-02 00:00:00+00:00, run_after=2024-06-03 00:00:00+00:00
[2024-06-03T10:30:07.918+0000] {processor.py:183} INFO - Processing /home/airflow/.local/lib/python3.12/site-packages/airflow/example_dags/example_setup_teardown.py took 0.107 seconds
[2024-06-03T10:30:38.046+0000] {processor.py:161} INFO - Started process (PID=4389) to work on /home/airflow/.local/lib/python3.12/site-packages/airflow/example_dags/example_setup_teardown.py
[2024-06-03T10:30:38.047+0000] {processor.py:830} INFO - Processing file /home/airflow/.local/lib/python3.12/site-packages/airflow/example_dags/example_setup_teardown.py for tasks to queue
[2024-06-03T10:30:38.049+0000] {logging_mixin.py:188} INFO - [2024-06-03T10:30:38.048+0000] {dagbag.py:545} INFO - Filling up the DagBag from /home/airflow/.local/lib/python3.12/site-packages/airflow/example_dags/example_setup_teardown.py
[2024-06-03T10:30:38.056+0000] {processor.py:840} INFO - DAG(s) 'example_setup_teardown' retrieved from /home/airflow/.local/lib/python3.12/site-packages/airflow/example_dags/example_setup_teardown.py
[2024-06-03T10:30:38.087+0000] {logging_mixin.py:188} INFO - [2024-06-03T10:30:38.087+0000] {dag.py:3096} INFO - Sync 1 DAGs
[2024-06-03T10:30:38.120+0000] {logging_mixin.py:188} INFO - [2024-06-03T10:30:38.120+0000] {dag.py:3954} INFO - Setting next_dagrun for example_setup_teardown to 2024-06-02 00:00:00+00:00, run_after=2024-06-03 00:00:00+00:00
[2024-06-03T10:30:38.145+0000] {processor.py:183} INFO - Processing /home/airflow/.local/lib/python3.12/site-packages/airflow/example_dags/example_setup_teardown.py took 0.106 seconds
[2024-06-03T10:31:08.391+0000] {processor.py:161} INFO - Started process (PID=4645) to work on /home/airflow/.local/lib/python3.12/site-packages/airflow/example_dags/example_setup_teardown.py
[2024-06-03T10:31:08.392+0000] {processor.py:830} INFO - Processing file /home/airflow/.local/lib/python3.12/site-packages/airflow/example_dags/example_setup_teardown.py for tasks to queue
[2024-06-03T10:31:08.394+0000] {logging_mixin.py:188} INFO - [2024-06-03T10:31:08.393+0000] {dagbag.py:545} INFO - Filling up the DagBag from /home/airflow/.local/lib/python3.12/site-packages/airflow/example_dags/example_setup_teardown.py
[2024-06-03T10:31:08.401+0000] {processor.py:840} INFO - DAG(s) 'example_setup_teardown' retrieved from /home/airflow/.local/lib/python3.12/site-packages/airflow/example_dags/example_setup_teardown.py
[2024-06-03T10:31:08.428+0000] {logging_mixin.py:188} INFO - [2024-06-03T10:31:08.428+0000] {dag.py:3096} INFO - Sync 1 DAGs
[2024-06-03T10:31:08.461+0000] {logging_mixin.py:188} INFO - [2024-06-03T10:31:08.460+0000] {dag.py:3954} INFO - Setting next_dagrun for example_setup_teardown to 2024-06-02 00:00:00+00:00, run_after=2024-06-03 00:00:00+00:00
[2024-06-03T10:31:08.489+0000] {processor.py:183} INFO - Processing /home/airflow/.local/lib/python3.12/site-packages/airflow/example_dags/example_setup_teardown.py took 0.104 seconds
[2024-06-03T10:31:38.789+0000] {processor.py:161} INFO - Started process (PID=4903) to work on /home/airflow/.local/lib/python3.12/site-packages/airflow/example_dags/example_setup_teardown.py
[2024-06-03T10:31:38.790+0000] {processor.py:830} INFO - Processing file /home/airflow/.local/lib/python3.12/site-packages/airflow/example_dags/example_setup_teardown.py for tasks to queue
[2024-06-03T10:31:38.792+0000] {logging_mixin.py:188} INFO - [2024-06-03T10:31:38.791+0000] {dagbag.py:545} INFO - Filling up the DagBag from /home/airflow/.local/lib/python3.12/site-packages/airflow/example_dags/example_setup_teardown.py
[2024-06-03T10:31:38.799+0000] {processor.py:840} INFO - DAG(s) 'example_setup_teardown' retrieved from /home/airflow/.local/lib/python3.12/site-packages/airflow/example_dags/example_setup_teardown.py
[2024-06-03T10:31:38.826+0000] {logging_mixin.py:188} INFO - [2024-06-03T10:31:38.825+0000] {dag.py:3096} INFO - Sync 1 DAGs
[2024-06-03T10:31:38.858+0000] {logging_mixin.py:188} INFO - [2024-06-03T10:31:38.857+0000] {dag.py:3954} INFO - Setting next_dagrun for example_setup_teardown to 2024-06-02 00:00:00+00:00, run_after=2024-06-03 00:00:00+00:00
[2024-06-03T10:31:38.884+0000] {processor.py:183} INFO - Processing /home/airflow/.local/lib/python3.12/site-packages/airflow/example_dags/example_setup_teardown.py took 0.102 seconds
[2024-06-03T10:32:08.978+0000] {processor.py:161} INFO - Started process (PID=5157) to work on /home/airflow/.local/lib/python3.12/site-packages/airflow/example_dags/example_setup_teardown.py
[2024-06-03T10:32:08.979+0000] {processor.py:830} INFO - Processing file /home/airflow/.local/lib/python3.12/site-packages/airflow/example_dags/example_setup_teardown.py for tasks to queue
[2024-06-03T10:32:08.980+0000] {logging_mixin.py:188} INFO - [2024-06-03T10:32:08.980+0000] {dagbag.py:545} INFO - Filling up the DagBag from /home/airflow/.local/lib/python3.12/site-packages/airflow/example_dags/example_setup_teardown.py
[2024-06-03T10:32:08.987+0000] {processor.py:840} INFO - DAG(s) 'example_setup_teardown' retrieved from /home/airflow/.local/lib/python3.12/site-packages/airflow/example_dags/example_setup_teardown.py
[2024-06-03T10:32:09.017+0000] {logging_mixin.py:188} INFO - [2024-06-03T10:32:09.016+0000] {dag.py:3096} INFO - Sync 1 DAGs
[2024-06-03T10:32:09.054+0000] {logging_mixin.py:188} INFO - [2024-06-03T10:32:09.054+0000] {dag.py:3954} INFO - Setting next_dagrun for example_setup_teardown to 2024-06-02 00:00:00+00:00, run_after=2024-06-03 00:00:00+00:00
[2024-06-03T10:32:09.082+0000] {processor.py:183} INFO - Processing /home/airflow/.local/lib/python3.12/site-packages/airflow/example_dags/example_setup_teardown.py took 0.111 seconds
[2024-06-03T10:32:39.198+0000] {processor.py:161} INFO - Started process (PID=5410) to work on /home/airflow/.local/lib/python3.12/site-packages/airflow/example_dags/example_setup_teardown.py
[2024-06-03T10:32:39.199+0000] {processor.py:830} INFO - Processing file /home/airflow/.local/lib/python3.12/site-packages/airflow/example_dags/example_setup_teardown.py for tasks to queue
[2024-06-03T10:32:39.201+0000] {logging_mixin.py:188} INFO - [2024-06-03T10:32:39.201+0000] {dagbag.py:545} INFO - Filling up the DagBag from /home/airflow/.local/lib/python3.12/site-packages/airflow/example_dags/example_setup_teardown.py
[2024-06-03T10:32:39.209+0000] {processor.py:840} INFO - DAG(s) 'example_setup_teardown' retrieved from /home/airflow/.local/lib/python3.12/site-packages/airflow/example_dags/example_setup_teardown.py
[2024-06-03T10:32:39.234+0000] {logging_mixin.py:188} INFO - [2024-06-03T10:32:39.234+0000] {dag.py:3096} INFO - Sync 1 DAGs
[2024-06-03T10:32:39.264+0000] {logging_mixin.py:188} INFO - [2024-06-03T10:32:39.264+0000] {dag.py:3954} INFO - Setting next_dagrun for example_setup_teardown to 2024-06-02 00:00:00+00:00, run_after=2024-06-03 00:00:00+00:00
[2024-06-03T10:32:39.286+0000] {processor.py:183} INFO - Processing /home/airflow/.local/lib/python3.12/site-packages/airflow/example_dags/example_setup_teardown.py took 0.094 seconds
[2024-06-03T10:33:09.370+0000] {processor.py:161} INFO - Started process (PID=5664) to work on /home/airflow/.local/lib/python3.12/site-packages/airflow/example_dags/example_setup_teardown.py
[2024-06-03T10:33:09.370+0000] {processor.py:830} INFO - Processing file /home/airflow/.local/lib/python3.12/site-packages/airflow/example_dags/example_setup_teardown.py for tasks to queue
[2024-06-03T10:33:09.372+0000] {logging_mixin.py:188} INFO - [2024-06-03T10:33:09.372+0000] {dagbag.py:545} INFO - Filling up the DagBag from /home/airflow/.local/lib/python3.12/site-packages/airflow/example_dags/example_setup_teardown.py
[2024-06-03T10:33:09.380+0000] {processor.py:840} INFO - DAG(s) 'example_setup_teardown' retrieved from /home/airflow/.local/lib/python3.12/site-packages/airflow/example_dags/example_setup_teardown.py
[2024-06-03T10:33:09.406+0000] {logging_mixin.py:188} INFO - [2024-06-03T10:33:09.405+0000] {dag.py:3096} INFO - Sync 1 DAGs
[2024-06-03T10:33:09.436+0000] {logging_mixin.py:188} INFO - [2024-06-03T10:33:09.435+0000] {dag.py:3954} INFO - Setting next_dagrun for example_setup_teardown to 2024-06-02 00:00:00+00:00, run_after=2024-06-03 00:00:00+00:00
[2024-06-03T10:33:09.461+0000] {processor.py:183} INFO - Processing /home/airflow/.local/lib/python3.12/site-packages/airflow/example_dags/example_setup_teardown.py took 0.097 seconds
[2024-06-03T10:33:39.715+0000] {processor.py:161} INFO - Started process (PID=5920) to work on /home/airflow/.local/lib/python3.12/site-packages/airflow/example_dags/example_setup_teardown.py
[2024-06-03T10:33:39.716+0000] {processor.py:830} INFO - Processing file /home/airflow/.local/lib/python3.12/site-packages/airflow/example_dags/example_setup_teardown.py for tasks to queue
[2024-06-03T10:33:39.718+0000] {logging_mixin.py:188} INFO - [2024-06-03T10:33:39.718+0000] {dagbag.py:545} INFO - Filling up the DagBag from /home/airflow/.local/lib/python3.12/site-packages/airflow/example_dags/example_setup_teardown.py
[2024-06-03T10:33:39.727+0000] {processor.py:840} INFO - DAG(s) 'example_setup_teardown' retrieved from /home/airflow/.local/lib/python3.12/site-packages/airflow/example_dags/example_setup_teardown.py
[2024-06-03T10:33:39.754+0000] {logging_mixin.py:188} INFO - [2024-06-03T10:33:39.754+0000] {dag.py:3096} INFO - Sync 1 DAGs
[2024-06-03T10:33:39.785+0000] {logging_mixin.py:188} INFO - [2024-06-03T10:33:39.785+0000] {dag.py:3954} INFO - Setting next_dagrun for example_setup_teardown to 2024-06-02 00:00:00+00:00, run_after=2024-06-03 00:00:00+00:00
[2024-06-03T10:33:39.809+0000] {processor.py:183} INFO - Processing /home/airflow/.local/lib/python3.12/site-packages/airflow/example_dags/example_setup_teardown.py took 0.101 seconds
[2024-06-03T10:34:10.614+0000] {processor.py:161} INFO - Started process (PID=6176) to work on /home/airflow/.local/lib/python3.12/site-packages/airflow/example_dags/example_setup_teardown.py
[2024-06-03T10:34:10.615+0000] {processor.py:830} INFO - Processing file /home/airflow/.local/lib/python3.12/site-packages/airflow/example_dags/example_setup_teardown.py for tasks to queue
[2024-06-03T10:34:10.616+0000] {logging_mixin.py:188} INFO - [2024-06-03T10:34:10.616+0000] {dagbag.py:545} INFO - Filling up the DagBag from /home/airflow/.local/lib/python3.12/site-packages/airflow/example_dags/example_setup_teardown.py
[2024-06-03T10:34:10.624+0000] {processor.py:840} INFO - DAG(s) 'example_setup_teardown' retrieved from /home/airflow/.local/lib/python3.12/site-packages/airflow/example_dags/example_setup_teardown.py
[2024-06-03T10:34:10.650+0000] {logging_mixin.py:188} INFO - [2024-06-03T10:34:10.650+0000] {dag.py:3096} INFO - Sync 1 DAGs
[2024-06-03T10:34:10.680+0000] {logging_mixin.py:188} INFO - [2024-06-03T10:34:10.679+0000] {dag.py:3954} INFO - Setting next_dagrun for example_setup_teardown to 2024-06-02 00:00:00+00:00, run_after=2024-06-03 00:00:00+00:00
[2024-06-03T10:34:10.705+0000] {processor.py:183} INFO - Processing /home/airflow/.local/lib/python3.12/site-packages/airflow/example_dags/example_setup_teardown.py took 0.098 seconds
[2024-06-03T10:34:41.249+0000] {processor.py:161} INFO - Started process (PID=6432) to work on /home/airflow/.local/lib/python3.12/site-packages/airflow/example_dags/example_setup_teardown.py
[2024-06-03T10:34:41.250+0000] {processor.py:830} INFO - Processing file /home/airflow/.local/lib/python3.12/site-packages/airflow/example_dags/example_setup_teardown.py for tasks to queue
[2024-06-03T10:34:41.252+0000] {logging_mixin.py:188} INFO - [2024-06-03T10:34:41.251+0000] {dagbag.py:545} INFO - Filling up the DagBag from /home/airflow/.local/lib/python3.12/site-packages/airflow/example_dags/example_setup_teardown.py
[2024-06-03T10:34:41.259+0000] {processor.py:840} INFO - DAG(s) 'example_setup_teardown' retrieved from /home/airflow/.local/lib/python3.12/site-packages/airflow/example_dags/example_setup_teardown.py
[2024-06-03T10:34:41.293+0000] {logging_mixin.py:188} INFO - [2024-06-03T10:34:41.293+0000] {dag.py:3096} INFO - Sync 1 DAGs
[2024-06-03T10:34:41.333+0000] {logging_mixin.py:188} INFO - [2024-06-03T10:34:41.333+0000] {dag.py:3954} INFO - Setting next_dagrun for example_setup_teardown to 2024-06-02 00:00:00+00:00, run_after=2024-06-03 00:00:00+00:00
[2024-06-03T10:34:41.363+0000] {processor.py:183} INFO - Processing /home/airflow/.local/lib/python3.12/site-packages/airflow/example_dags/example_setup_teardown.py took 0.122 seconds
[2024-06-03T10:35:11.570+0000] {processor.py:161} INFO - Started process (PID=6688) to work on /home/airflow/.local/lib/python3.12/site-packages/airflow/example_dags/example_setup_teardown.py
[2024-06-03T10:35:11.571+0000] {processor.py:830} INFO - Processing file /home/airflow/.local/lib/python3.12/site-packages/airflow/example_dags/example_setup_teardown.py for tasks to queue
[2024-06-03T10:35:11.573+0000] {logging_mixin.py:188} INFO - [2024-06-03T10:35:11.572+0000] {dagbag.py:545} INFO - Filling up the DagBag from /home/airflow/.local/lib/python3.12/site-packages/airflow/example_dags/example_setup_teardown.py
[2024-06-03T10:35:11.581+0000] {processor.py:840} INFO - DAG(s) 'example_setup_teardown' retrieved from /home/airflow/.local/lib/python3.12/site-packages/airflow/example_dags/example_setup_teardown.py
[2024-06-03T10:35:11.608+0000] {logging_mixin.py:188} INFO - [2024-06-03T10:35:11.608+0000] {dag.py:3096} INFO - Sync 1 DAGs
[2024-06-03T10:35:11.640+0000] {logging_mixin.py:188} INFO - [2024-06-03T10:35:11.640+0000] {dag.py:3954} INFO - Setting next_dagrun for example_setup_teardown to 2024-06-02 00:00:00+00:00, run_after=2024-06-03 00:00:00+00:00
[2024-06-03T10:35:11.668+0000] {processor.py:183} INFO - Processing /home/airflow/.local/lib/python3.12/site-packages/airflow/example_dags/example_setup_teardown.py took 0.106 seconds
[2024-06-03T10:35:41.867+0000] {processor.py:161} INFO - Started process (PID=6944) to work on /home/airflow/.local/lib/python3.12/site-packages/airflow/example_dags/example_setup_teardown.py
[2024-06-03T10:35:41.868+0000] {processor.py:830} INFO - Processing file /home/airflow/.local/lib/python3.12/site-packages/airflow/example_dags/example_setup_teardown.py for tasks to queue
[2024-06-03T10:35:41.870+0000] {logging_mixin.py:188} INFO - [2024-06-03T10:35:41.870+0000] {dagbag.py:545} INFO - Filling up the DagBag from /home/airflow/.local/lib/python3.12/site-packages/airflow/example_dags/example_setup_teardown.py
[2024-06-03T10:35:41.880+0000] {processor.py:840} INFO - DAG(s) 'example_setup_teardown' retrieved from /home/airflow/.local/lib/python3.12/site-packages/airflow/example_dags/example_setup_teardown.py
[2024-06-03T10:35:41.910+0000] {logging_mixin.py:188} INFO - [2024-06-03T10:35:41.910+0000] {dag.py:3096} INFO - Sync 1 DAGs
[2024-06-03T10:35:41.948+0000] {logging_mixin.py:188} INFO - [2024-06-03T10:35:41.948+0000] {dag.py:3954} INFO - Setting next_dagrun for example_setup_teardown to 2024-06-02 00:00:00+00:00, run_after=2024-06-03 00:00:00+00:00
[2024-06-03T10:35:41.977+0000] {processor.py:183} INFO - Processing /home/airflow/.local/lib/python3.12/site-packages/airflow/example_dags/example_setup_teardown.py took 0.118 seconds
[2024-06-03T10:36:12.138+0000] {processor.py:161} INFO - Started process (PID=7200) to work on /home/airflow/.local/lib/python3.12/site-packages/airflow/example_dags/example_setup_teardown.py
[2024-06-03T10:36:12.139+0000] {processor.py:830} INFO - Processing file /home/airflow/.local/lib/python3.12/site-packages/airflow/example_dags/example_setup_teardown.py for tasks to queue
[2024-06-03T10:36:12.141+0000] {logging_mixin.py:188} INFO - [2024-06-03T10:36:12.141+0000] {dagbag.py:545} INFO - Filling up the DagBag from /home/airflow/.local/lib/python3.12/site-packages/airflow/example_dags/example_setup_teardown.py
[2024-06-03T10:36:12.149+0000] {processor.py:840} INFO - DAG(s) 'example_setup_teardown' retrieved from /home/airflow/.local/lib/python3.12/site-packages/airflow/example_dags/example_setup_teardown.py
[2024-06-03T10:36:12.175+0000] {logging_mixin.py:188} INFO - [2024-06-03T10:36:12.174+0000] {dag.py:3096} INFO - Sync 1 DAGs
[2024-06-03T10:36:12.206+0000] {logging_mixin.py:188} INFO - [2024-06-03T10:36:12.206+0000] {dag.py:3954} INFO - Setting next_dagrun for example_setup_teardown to 2024-06-02 00:00:00+00:00, run_after=2024-06-03 00:00:00+00:00
[2024-06-03T10:36:12.230+0000] {processor.py:183} INFO - Processing /home/airflow/.local/lib/python3.12/site-packages/airflow/example_dags/example_setup_teardown.py took 0.098 seconds
[2024-06-03T10:36:42.416+0000] {processor.py:161} INFO - Started process (PID=7458) to work on /home/airflow/.local/lib/python3.12/site-packages/airflow/example_dags/example_setup_teardown.py
[2024-06-03T10:36:42.416+0000] {processor.py:830} INFO - Processing file /home/airflow/.local/lib/python3.12/site-packages/airflow/example_dags/example_setup_teardown.py for tasks to queue
[2024-06-03T10:36:42.418+0000] {logging_mixin.py:188} INFO - [2024-06-03T10:36:42.418+0000] {dagbag.py:545} INFO - Filling up the DagBag from /home/airflow/.local/lib/python3.12/site-packages/airflow/example_dags/example_setup_teardown.py
[2024-06-03T10:36:42.426+0000] {processor.py:840} INFO - DAG(s) 'example_setup_teardown' retrieved from /home/airflow/.local/lib/python3.12/site-packages/airflow/example_dags/example_setup_teardown.py
[2024-06-03T10:36:42.453+0000] {logging_mixin.py:188} INFO - [2024-06-03T10:36:42.453+0000] {dag.py:3096} INFO - Sync 1 DAGs
[2024-06-03T10:36:42.484+0000] {logging_mixin.py:188} INFO - [2024-06-03T10:36:42.483+0000] {dag.py:3954} INFO - Setting next_dagrun for example_setup_teardown to 2024-06-02 00:00:00+00:00, run_after=2024-06-03 00:00:00+00:00
[2024-06-03T10:36:42.509+0000] {processor.py:183} INFO - Processing /home/airflow/.local/lib/python3.12/site-packages/airflow/example_dags/example_setup_teardown.py took 0.100 seconds
[2024-06-03T10:37:12.818+0000] {processor.py:161} INFO - Started process (PID=7712) to work on /home/airflow/.local/lib/python3.12/site-packages/airflow/example_dags/example_setup_teardown.py
[2024-06-03T10:37:12.819+0000] {processor.py:830} INFO - Processing file /home/airflow/.local/lib/python3.12/site-packages/airflow/example_dags/example_setup_teardown.py for tasks to queue
[2024-06-03T10:37:12.821+0000] {logging_mixin.py:188} INFO - [2024-06-03T10:37:12.820+0000] {dagbag.py:545} INFO - Filling up the DagBag from /home/airflow/.local/lib/python3.12/site-packages/airflow/example_dags/example_setup_teardown.py
[2024-06-03T10:37:12.828+0000] {processor.py:840} INFO - DAG(s) 'example_setup_teardown' retrieved from /home/airflow/.local/lib/python3.12/site-packages/airflow/example_dags/example_setup_teardown.py
[2024-06-03T10:37:12.854+0000] {logging_mixin.py:188} INFO - [2024-06-03T10:37:12.853+0000] {dag.py:3096} INFO - Sync 1 DAGs
[2024-06-03T10:37:12.884+0000] {logging_mixin.py:188} INFO - [2024-06-03T10:37:12.884+0000] {dag.py:3954} INFO - Setting next_dagrun for example_setup_teardown to 2024-06-02 00:00:00+00:00, run_after=2024-06-03 00:00:00+00:00
[2024-06-03T10:37:12.909+0000] {processor.py:183} INFO - Processing /home/airflow/.local/lib/python3.12/site-packages/airflow/example_dags/example_setup_teardown.py took 0.098 seconds
[2024-06-03T10:37:43.486+0000] {processor.py:161} INFO - Started process (PID=7970) to work on /home/airflow/.local/lib/python3.12/site-packages/airflow/example_dags/example_setup_teardown.py
[2024-06-03T10:37:43.487+0000] {processor.py:830} INFO - Processing file /home/airflow/.local/lib/python3.12/site-packages/airflow/example_dags/example_setup_teardown.py for tasks to queue
[2024-06-03T10:37:43.488+0000] {logging_mixin.py:188} INFO - [2024-06-03T10:37:43.488+0000] {dagbag.py:545} INFO - Filling up the DagBag from /home/airflow/.local/lib/python3.12/site-packages/airflow/example_dags/example_setup_teardown.py
[2024-06-03T10:37:43.496+0000] {processor.py:840} INFO - DAG(s) 'example_setup_teardown' retrieved from /home/airflow/.local/lib/python3.12/site-packages/airflow/example_dags/example_setup_teardown.py
[2024-06-03T10:37:43.525+0000] {logging_mixin.py:188} INFO - [2024-06-03T10:37:43.525+0000] {dag.py:3096} INFO - Sync 1 DAGs
[2024-06-03T10:37:43.564+0000] {logging_mixin.py:188} INFO - [2024-06-03T10:37:43.563+0000] {dag.py:3954} INFO - Setting next_dagrun for example_setup_teardown to 2024-06-02 00:00:00+00:00, run_after=2024-06-03 00:00:00+00:00
[2024-06-03T10:37:43.592+0000] {processor.py:183} INFO - Processing /home/airflow/.local/lib/python3.12/site-packages/airflow/example_dags/example_setup_teardown.py took 0.113 seconds
[2024-06-03T10:38:14.110+0000] {processor.py:161} INFO - Started process (PID=8226) to work on /home/airflow/.local/lib/python3.12/site-packages/airflow/example_dags/example_setup_teardown.py
[2024-06-03T10:38:14.111+0000] {processor.py:830} INFO - Processing file /home/airflow/.local/lib/python3.12/site-packages/airflow/example_dags/example_setup_teardown.py for tasks to queue
[2024-06-03T10:38:14.113+0000] {logging_mixin.py:188} INFO - [2024-06-03T10:38:14.112+0000] {dagbag.py:545} INFO - Filling up the DagBag from /home/airflow/.local/lib/python3.12/site-packages/airflow/example_dags/example_setup_teardown.py
[2024-06-03T10:38:14.122+0000] {processor.py:840} INFO - DAG(s) 'example_setup_teardown' retrieved from /home/airflow/.local/lib/python3.12/site-packages/airflow/example_dags/example_setup_teardown.py
[2024-06-03T10:38:14.156+0000] {logging_mixin.py:188} INFO - [2024-06-03T10:38:14.156+0000] {dag.py:3096} INFO - Sync 1 DAGs
[2024-06-03T10:38:14.194+0000] {logging_mixin.py:188} INFO - [2024-06-03T10:38:14.193+0000] {dag.py:3954} INFO - Setting next_dagrun for example_setup_teardown to 2024-06-02 00:00:00+00:00, run_after=2024-06-03 00:00:00+00:00
[2024-06-03T10:38:14.223+0000] {processor.py:183} INFO - Processing /home/airflow/.local/lib/python3.12/site-packages/airflow/example_dags/example_setup_teardown.py took 0.120 seconds
[2024-06-03T10:38:44.393+0000] {processor.py:161} INFO - Started process (PID=8480) to work on /home/airflow/.local/lib/python3.12/site-packages/airflow/example_dags/example_setup_teardown.py
[2024-06-03T10:38:44.394+0000] {processor.py:830} INFO - Processing file /home/airflow/.local/lib/python3.12/site-packages/airflow/example_dags/example_setup_teardown.py for tasks to queue
[2024-06-03T10:38:44.396+0000] {logging_mixin.py:188} INFO - [2024-06-03T10:38:44.396+0000] {dagbag.py:545} INFO - Filling up the DagBag from /home/airflow/.local/lib/python3.12/site-packages/airflow/example_dags/example_setup_teardown.py
[2024-06-03T10:38:44.405+0000] {processor.py:840} INFO - DAG(s) 'example_setup_teardown' retrieved from /home/airflow/.local/lib/python3.12/site-packages/airflow/example_dags/example_setup_teardown.py
[2024-06-03T10:38:44.436+0000] {logging_mixin.py:188} INFO - [2024-06-03T10:38:44.436+0000] {dag.py:3096} INFO - Sync 1 DAGs
[2024-06-03T10:38:44.473+0000] {logging_mixin.py:188} INFO - [2024-06-03T10:38:44.473+0000] {dag.py:3954} INFO - Setting next_dagrun for example_setup_teardown to 2024-06-02 00:00:00+00:00, run_after=2024-06-03 00:00:00+00:00
[2024-06-03T10:38:44.501+0000] {processor.py:183} INFO - Processing /home/airflow/.local/lib/python3.12/site-packages/airflow/example_dags/example_setup_teardown.py took 0.115 seconds
[2024-06-03T10:39:15.375+0000] {processor.py:161} INFO - Started process (PID=8736) to work on /home/airflow/.local/lib/python3.12/site-packages/airflow/example_dags/example_setup_teardown.py
[2024-06-03T10:39:15.376+0000] {processor.py:830} INFO - Processing file /home/airflow/.local/lib/python3.12/site-packages/airflow/example_dags/example_setup_teardown.py for tasks to queue
[2024-06-03T10:39:15.377+0000] {logging_mixin.py:188} INFO - [2024-06-03T10:39:15.377+0000] {dagbag.py:545} INFO - Filling up the DagBag from /home/airflow/.local/lib/python3.12/site-packages/airflow/example_dags/example_setup_teardown.py
[2024-06-03T10:39:15.385+0000] {processor.py:840} INFO - DAG(s) 'example_setup_teardown' retrieved from /home/airflow/.local/lib/python3.12/site-packages/airflow/example_dags/example_setup_teardown.py
[2024-06-03T10:39:15.413+0000] {logging_mixin.py:188} INFO - [2024-06-03T10:39:15.412+0000] {dag.py:3096} INFO - Sync 1 DAGs
[2024-06-03T10:39:15.446+0000] {logging_mixin.py:188} INFO - [2024-06-03T10:39:15.446+0000] {dag.py:3954} INFO - Setting next_dagrun for example_setup_teardown to 2024-06-02 00:00:00+00:00, run_after=2024-06-03 00:00:00+00:00
[2024-06-03T10:39:15.472+0000] {processor.py:183} INFO - Processing /home/airflow/.local/lib/python3.12/site-packages/airflow/example_dags/example_setup_teardown.py took 0.104 seconds
[2024-06-03T10:39:46.285+0000] {processor.py:161} INFO - Started process (PID=8992) to work on /home/airflow/.local/lib/python3.12/site-packages/airflow/example_dags/example_setup_teardown.py
[2024-06-03T10:39:46.286+0000] {processor.py:830} INFO - Processing file /home/airflow/.local/lib/python3.12/site-packages/airflow/example_dags/example_setup_teardown.py for tasks to queue
[2024-06-03T10:39:46.288+0000] {logging_mixin.py:188} INFO - [2024-06-03T10:39:46.287+0000] {dagbag.py:545} INFO - Filling up the DagBag from /home/airflow/.local/lib/python3.12/site-packages/airflow/example_dags/example_setup_teardown.py
[2024-06-03T10:39:46.299+0000] {processor.py:840} INFO - DAG(s) 'example_setup_teardown' retrieved from /home/airflow/.local/lib/python3.12/site-packages/airflow/example_dags/example_setup_teardown.py
[2024-06-03T10:39:46.331+0000] {logging_mixin.py:188} INFO - [2024-06-03T10:39:46.330+0000] {dag.py:3096} INFO - Sync 1 DAGs
[2024-06-03T10:39:46.369+0000] {logging_mixin.py:188} INFO - [2024-06-03T10:39:46.369+0000] {dag.py:3954} INFO - Setting next_dagrun for example_setup_teardown to 2024-06-02 00:00:00+00:00, run_after=2024-06-03 00:00:00+00:00
[2024-06-03T10:39:46.394+0000] {processor.py:183} INFO - Processing /home/airflow/.local/lib/python3.12/site-packages/airflow/example_dags/example_setup_teardown.py took 0.117 seconds
[2024-06-03T10:40:17.041+0000] {processor.py:161} INFO - Started process (PID=9250) to work on /home/airflow/.local/lib/python3.12/site-packages/airflow/example_dags/example_setup_teardown.py
[2024-06-03T10:40:17.042+0000] {processor.py:830} INFO - Processing file /home/airflow/.local/lib/python3.12/site-packages/airflow/example_dags/example_setup_teardown.py for tasks to queue
[2024-06-03T10:40:17.043+0000] {logging_mixin.py:188} INFO - [2024-06-03T10:40:17.043+0000] {dagbag.py:545} INFO - Filling up the DagBag from /home/airflow/.local/lib/python3.12/site-packages/airflow/example_dags/example_setup_teardown.py
[2024-06-03T10:40:17.051+0000] {processor.py:840} INFO - DAG(s) 'example_setup_teardown' retrieved from /home/airflow/.local/lib/python3.12/site-packages/airflow/example_dags/example_setup_teardown.py
[2024-06-03T10:40:17.076+0000] {logging_mixin.py:188} INFO - [2024-06-03T10:40:17.076+0000] {dag.py:3096} INFO - Sync 1 DAGs
[2024-06-03T10:40:17.107+0000] {logging_mixin.py:188} INFO - [2024-06-03T10:40:17.106+0000] {dag.py:3954} INFO - Setting next_dagrun for example_setup_teardown to 2024-06-02 00:00:00+00:00, run_after=2024-06-03 00:00:00+00:00
[2024-06-03T10:40:17.129+0000] {processor.py:183} INFO - Processing /home/airflow/.local/lib/python3.12/site-packages/airflow/example_dags/example_setup_teardown.py took 0.095 seconds
[2024-06-03T10:40:47.257+0000] {processor.py:161} INFO - Started process (PID=9504) to work on /home/airflow/.local/lib/python3.12/site-packages/airflow/example_dags/example_setup_teardown.py
[2024-06-03T10:40:47.258+0000] {processor.py:830} INFO - Processing file /home/airflow/.local/lib/python3.12/site-packages/airflow/example_dags/example_setup_teardown.py for tasks to queue
[2024-06-03T10:40:47.260+0000] {logging_mixin.py:188} INFO - [2024-06-03T10:40:47.259+0000] {dagbag.py:545} INFO - Filling up the DagBag from /home/airflow/.local/lib/python3.12/site-packages/airflow/example_dags/example_setup_teardown.py
[2024-06-03T10:40:47.268+0000] {processor.py:840} INFO - DAG(s) 'example_setup_teardown' retrieved from /home/airflow/.local/lib/python3.12/site-packages/airflow/example_dags/example_setup_teardown.py
[2024-06-03T10:40:47.298+0000] {logging_mixin.py:188} INFO - [2024-06-03T10:40:47.297+0000] {dag.py:3096} INFO - Sync 1 DAGs
[2024-06-03T10:40:47.335+0000] {logging_mixin.py:188} INFO - [2024-06-03T10:40:47.335+0000] {dag.py:3954} INFO - Setting next_dagrun for example_setup_teardown to 2024-06-02 00:00:00+00:00, run_after=2024-06-03 00:00:00+00:00
[2024-06-03T10:40:47.364+0000] {processor.py:183} INFO - Processing /home/airflow/.local/lib/python3.12/site-packages/airflow/example_dags/example_setup_teardown.py took 0.114 seconds
[2024-06-03T10:41:18.027+0000] {processor.py:161} INFO - Started process (PID=9754) to work on /home/airflow/.local/lib/python3.12/site-packages/airflow/example_dags/example_setup_teardown.py
[2024-06-03T10:41:18.028+0000] {processor.py:830} INFO - Processing file /home/airflow/.local/lib/python3.12/site-packages/airflow/example_dags/example_setup_teardown.py for tasks to queue
[2024-06-03T10:41:18.031+0000] {logging_mixin.py:188} INFO - [2024-06-03T10:41:18.030+0000] {dagbag.py:545} INFO - Filling up the DagBag from /home/airflow/.local/lib/python3.12/site-packages/airflow/example_dags/example_setup_teardown.py
[2024-06-03T10:41:18.041+0000] {processor.py:840} INFO - DAG(s) 'example_setup_teardown' retrieved from /home/airflow/.local/lib/python3.12/site-packages/airflow/example_dags/example_setup_teardown.py
[2024-06-03T10:41:18.074+0000] {logging_mixin.py:188} INFO - [2024-06-03T10:41:18.073+0000] {dag.py:3096} INFO - Sync 1 DAGs
[2024-06-03T10:41:18.114+0000] {logging_mixin.py:188} INFO - [2024-06-03T10:41:18.113+0000] {dag.py:3954} INFO - Setting next_dagrun for example_setup_teardown to 2024-06-02 00:00:00+00:00, run_after=2024-06-03 00:00:00+00:00
[2024-06-03T10:41:18.145+0000] {processor.py:183} INFO - Processing /home/airflow/.local/lib/python3.12/site-packages/airflow/example_dags/example_setup_teardown.py took 0.125 seconds
[2024-06-03T10:41:48.288+0000] {processor.py:161} INFO - Started process (PID=10010) to work on /home/airflow/.local/lib/python3.12/site-packages/airflow/example_dags/example_setup_teardown.py
[2024-06-03T10:41:48.289+0000] {processor.py:830} INFO - Processing file /home/airflow/.local/lib/python3.12/site-packages/airflow/example_dags/example_setup_teardown.py for tasks to queue
[2024-06-03T10:41:48.291+0000] {logging_mixin.py:188} INFO - [2024-06-03T10:41:48.290+0000] {dagbag.py:545} INFO - Filling up the DagBag from /home/airflow/.local/lib/python3.12/site-packages/airflow/example_dags/example_setup_teardown.py
[2024-06-03T10:41:48.300+0000] {processor.py:840} INFO - DAG(s) 'example_setup_teardown' retrieved from /home/airflow/.local/lib/python3.12/site-packages/airflow/example_dags/example_setup_teardown.py
[2024-06-03T10:41:48.326+0000] {logging_mixin.py:188} INFO - [2024-06-03T10:41:48.326+0000] {dag.py:3096} INFO - Sync 1 DAGs
[2024-06-03T10:41:48.355+0000] {logging_mixin.py:188} INFO - [2024-06-03T10:41:48.355+0000] {dag.py:3954} INFO - Setting next_dagrun for example_setup_teardown to 2024-06-02 00:00:00+00:00, run_after=2024-06-03 00:00:00+00:00
[2024-06-03T10:41:48.377+0000] {processor.py:183} INFO - Processing /home/airflow/.local/lib/python3.12/site-packages/airflow/example_dags/example_setup_teardown.py took 0.097 seconds
[2024-06-03T10:42:18.572+0000] {processor.py:161} INFO - Started process (PID=10266) to work on /home/airflow/.local/lib/python3.12/site-packages/airflow/example_dags/example_setup_teardown.py
[2024-06-03T10:42:18.573+0000] {processor.py:830} INFO - Processing file /home/airflow/.local/lib/python3.12/site-packages/airflow/example_dags/example_setup_teardown.py for tasks to queue
[2024-06-03T10:42:18.575+0000] {logging_mixin.py:188} INFO - [2024-06-03T10:42:18.574+0000] {dagbag.py:545} INFO - Filling up the DagBag from /home/airflow/.local/lib/python3.12/site-packages/airflow/example_dags/example_setup_teardown.py
[2024-06-03T10:42:18.582+0000] {processor.py:840} INFO - DAG(s) 'example_setup_teardown' retrieved from /home/airflow/.local/lib/python3.12/site-packages/airflow/example_dags/example_setup_teardown.py
[2024-06-03T10:42:18.609+0000] {logging_mixin.py:188} INFO - [2024-06-03T10:42:18.609+0000] {dag.py:3096} INFO - Sync 1 DAGs
[2024-06-03T10:42:18.641+0000] {logging_mixin.py:188} INFO - [2024-06-03T10:42:18.640+0000] {dag.py:3954} INFO - Setting next_dagrun for example_setup_teardown to 2024-06-02 00:00:00+00:00, run_after=2024-06-03 00:00:00+00:00
[2024-06-03T10:42:18.668+0000] {processor.py:183} INFO - Processing /home/airflow/.local/lib/python3.12/site-packages/airflow/example_dags/example_setup_teardown.py took 0.103 seconds
[2024-06-03T10:42:48.737+0000] {processor.py:161} INFO - Started process (PID=10522) to work on /home/airflow/.local/lib/python3.12/site-packages/airflow/example_dags/example_setup_teardown.py
[2024-06-03T10:42:48.738+0000] {processor.py:830} INFO - Processing file /home/airflow/.local/lib/python3.12/site-packages/airflow/example_dags/example_setup_teardown.py for tasks to queue
[2024-06-03T10:42:48.740+0000] {logging_mixin.py:188} INFO - [2024-06-03T10:42:48.739+0000] {dagbag.py:545} INFO - Filling up the DagBag from /home/airflow/.local/lib/python3.12/site-packages/airflow/example_dags/example_setup_teardown.py
[2024-06-03T10:42:48.749+0000] {processor.py:840} INFO - DAG(s) 'example_setup_teardown' retrieved from /home/airflow/.local/lib/python3.12/site-packages/airflow/example_dags/example_setup_teardown.py
[2024-06-03T10:42:48.775+0000] {logging_mixin.py:188} INFO - [2024-06-03T10:42:48.775+0000] {dag.py:3096} INFO - Sync 1 DAGs
[2024-06-03T10:42:48.807+0000] {logging_mixin.py:188} INFO - [2024-06-03T10:42:48.806+0000] {dag.py:3954} INFO - Setting next_dagrun for example_setup_teardown to 2024-06-02 00:00:00+00:00, run_after=2024-06-03 00:00:00+00:00
[2024-06-03T10:42:48.833+0000] {processor.py:183} INFO - Processing /home/airflow/.local/lib/python3.12/site-packages/airflow/example_dags/example_setup_teardown.py took 0.103 seconds
[2024-06-03T10:43:18.978+0000] {processor.py:161} INFO - Started process (PID=10778) to work on /home/airflow/.local/lib/python3.12/site-packages/airflow/example_dags/example_setup_teardown.py
[2024-06-03T10:43:18.979+0000] {processor.py:830} INFO - Processing file /home/airflow/.local/lib/python3.12/site-packages/airflow/example_dags/example_setup_teardown.py for tasks to queue
[2024-06-03T10:43:18.981+0000] {logging_mixin.py:188} INFO - [2024-06-03T10:43:18.981+0000] {dagbag.py:545} INFO - Filling up the DagBag from /home/airflow/.local/lib/python3.12/site-packages/airflow/example_dags/example_setup_teardown.py
[2024-06-03T10:43:18.989+0000] {processor.py:840} INFO - DAG(s) 'example_setup_teardown' retrieved from /home/airflow/.local/lib/python3.12/site-packages/airflow/example_dags/example_setup_teardown.py
[2024-06-03T10:43:19.015+0000] {logging_mixin.py:188} INFO - [2024-06-03T10:43:19.015+0000] {dag.py:3096} INFO - Sync 1 DAGs
[2024-06-03T10:43:19.046+0000] {logging_mixin.py:188} INFO - [2024-06-03T10:43:19.046+0000] {dag.py:3954} INFO - Setting next_dagrun for example_setup_teardown to 2024-06-02 00:00:00+00:00, run_after=2024-06-03 00:00:00+00:00
[2024-06-03T10:43:19.075+0000] {processor.py:183} INFO - Processing /home/airflow/.local/lib/python3.12/site-packages/airflow/example_dags/example_setup_teardown.py took 0.103 seconds
[2024-06-03T10:43:50.943+0000] {processor.py:161} INFO - Started process (PID=11034) to work on /home/airflow/.local/lib/python3.12/site-packages/airflow/example_dags/example_setup_teardown.py
[2024-06-03T10:43:50.944+0000] {processor.py:830} INFO - Processing file /home/airflow/.local/lib/python3.12/site-packages/airflow/example_dags/example_setup_teardown.py for tasks to queue
[2024-06-03T10:43:50.946+0000] {logging_mixin.py:188} INFO - [2024-06-03T10:43:50.945+0000] {dagbag.py:545} INFO - Filling up the DagBag from /home/airflow/.local/lib/python3.12/site-packages/airflow/example_dags/example_setup_teardown.py
[2024-06-03T10:43:50.953+0000] {processor.py:840} INFO - DAG(s) 'example_setup_teardown' retrieved from /home/airflow/.local/lib/python3.12/site-packages/airflow/example_dags/example_setup_teardown.py
[2024-06-03T10:43:51.125+0000] {logging_mixin.py:188} INFO - [2024-06-03T10:43:51.125+0000] {dag.py:3096} INFO - Sync 1 DAGs
[2024-06-03T10:43:51.155+0000] {logging_mixin.py:188} INFO - [2024-06-03T10:43:51.155+0000] {dag.py:3954} INFO - Setting next_dagrun for example_setup_teardown to 2024-06-02 00:00:00+00:00, run_after=2024-06-03 00:00:00+00:00
[2024-06-03T10:43:51.180+0000] {processor.py:183} INFO - Processing /home/airflow/.local/lib/python3.12/site-packages/airflow/example_dags/example_setup_teardown.py took 0.244 seconds
[2024-06-03T10:44:21.734+0000] {processor.py:161} INFO - Started process (PID=11290) to work on /home/airflow/.local/lib/python3.12/site-packages/airflow/example_dags/example_setup_teardown.py
[2024-06-03T10:44:21.735+0000] {processor.py:830} INFO - Processing file /home/airflow/.local/lib/python3.12/site-packages/airflow/example_dags/example_setup_teardown.py for tasks to queue
[2024-06-03T10:44:21.737+0000] {logging_mixin.py:188} INFO - [2024-06-03T10:44:21.737+0000] {dagbag.py:545} INFO - Filling up the DagBag from /home/airflow/.local/lib/python3.12/site-packages/airflow/example_dags/example_setup_teardown.py
[2024-06-03T10:44:21.745+0000] {processor.py:840} INFO - DAG(s) 'example_setup_teardown' retrieved from /home/airflow/.local/lib/python3.12/site-packages/airflow/example_dags/example_setup_teardown.py
[2024-06-03T10:44:21.787+0000] {logging_mixin.py:188} INFO - [2024-06-03T10:44:21.786+0000] {dag.py:3096} INFO - Sync 1 DAGs
[2024-06-03T10:44:21.958+0000] {logging_mixin.py:188} INFO - [2024-06-03T10:44:21.957+0000] {dag.py:3954} INFO - Setting next_dagrun for example_setup_teardown to 2024-06-02 00:00:00+00:00, run_after=2024-06-03 00:00:00+00:00
[2024-06-03T10:44:21.992+0000] {processor.py:183} INFO - Processing /home/airflow/.local/lib/python3.12/site-packages/airflow/example_dags/example_setup_teardown.py took 0.265 seconds
[2024-06-03T10:44:52.353+0000] {processor.py:161} INFO - Started process (PID=11546) to work on /home/airflow/.local/lib/python3.12/site-packages/airflow/example_dags/example_setup_teardown.py
[2024-06-03T10:44:52.354+0000] {processor.py:830} INFO - Processing file /home/airflow/.local/lib/python3.12/site-packages/airflow/example_dags/example_setup_teardown.py for tasks to queue
[2024-06-03T10:44:52.356+0000] {logging_mixin.py:188} INFO - [2024-06-03T10:44:52.355+0000] {dagbag.py:545} INFO - Filling up the DagBag from /home/airflow/.local/lib/python3.12/site-packages/airflow/example_dags/example_setup_teardown.py
[2024-06-03T10:44:52.363+0000] {processor.py:840} INFO - DAG(s) 'example_setup_teardown' retrieved from /home/airflow/.local/lib/python3.12/site-packages/airflow/example_dags/example_setup_teardown.py
[2024-06-03T10:44:52.393+0000] {logging_mixin.py:188} INFO - [2024-06-03T10:44:52.392+0000] {dag.py:3096} INFO - Sync 1 DAGs
[2024-06-03T10:44:52.427+0000] {logging_mixin.py:188} INFO - [2024-06-03T10:44:52.427+0000] {dag.py:3954} INFO - Setting next_dagrun for example_setup_teardown to 2024-06-02 00:00:00+00:00, run_after=2024-06-03 00:00:00+00:00
[2024-06-03T10:44:52.455+0000] {processor.py:183} INFO - Processing /home/airflow/.local/lib/python3.12/site-packages/airflow/example_dags/example_setup_teardown.py took 0.109 seconds
[2024-06-03T10:45:23.337+0000] {processor.py:161} INFO - Started process (PID=11802) to work on /home/airflow/.local/lib/python3.12/site-packages/airflow/example_dags/example_setup_teardown.py
[2024-06-03T10:45:23.338+0000] {processor.py:830} INFO - Processing file /home/airflow/.local/lib/python3.12/site-packages/airflow/example_dags/example_setup_teardown.py for tasks to queue
[2024-06-03T10:45:23.339+0000] {logging_mixin.py:188} INFO - [2024-06-03T10:45:23.339+0000] {dagbag.py:545} INFO - Filling up the DagBag from /home/airflow/.local/lib/python3.12/site-packages/airflow/example_dags/example_setup_teardown.py
[2024-06-03T10:45:23.347+0000] {processor.py:840} INFO - DAG(s) 'example_setup_teardown' retrieved from /home/airflow/.local/lib/python3.12/site-packages/airflow/example_dags/example_setup_teardown.py
[2024-06-03T10:45:23.376+0000] {logging_mixin.py:188} INFO - [2024-06-03T10:45:23.376+0000] {dag.py:3096} INFO - Sync 1 DAGs
[2024-06-03T10:45:23.409+0000] {logging_mixin.py:188} INFO - [2024-06-03T10:45:23.409+0000] {dag.py:3954} INFO - Setting next_dagrun for example_setup_teardown to 2024-06-02 00:00:00+00:00, run_after=2024-06-03 00:00:00+00:00
[2024-06-03T10:45:23.436+0000] {processor.py:183} INFO - Processing /home/airflow/.local/lib/python3.12/site-packages/airflow/example_dags/example_setup_teardown.py took 0.107 seconds
[2024-06-03T10:45:54.009+0000] {processor.py:161} INFO - Started process (PID=12058) to work on /home/airflow/.local/lib/python3.12/site-packages/airflow/example_dags/example_setup_teardown.py
[2024-06-03T10:45:54.010+0000] {processor.py:830} INFO - Processing file /home/airflow/.local/lib/python3.12/site-packages/airflow/example_dags/example_setup_teardown.py for tasks to queue
[2024-06-03T10:45:54.012+0000] {logging_mixin.py:188} INFO - [2024-06-03T10:45:54.011+0000] {dagbag.py:545} INFO - Filling up the DagBag from /home/airflow/.local/lib/python3.12/site-packages/airflow/example_dags/example_setup_teardown.py
[2024-06-03T10:45:54.019+0000] {processor.py:840} INFO - DAG(s) 'example_setup_teardown' retrieved from /home/airflow/.local/lib/python3.12/site-packages/airflow/example_dags/example_setup_teardown.py
[2024-06-03T10:45:54.046+0000] {logging_mixin.py:188} INFO - [2024-06-03T10:45:54.045+0000] {dag.py:3096} INFO - Sync 1 DAGs
[2024-06-03T10:45:54.077+0000] {logging_mixin.py:188} INFO - [2024-06-03T10:45:54.077+0000] {dag.py:3954} INFO - Setting next_dagrun for example_setup_teardown to 2024-06-02 00:00:00+00:00, run_after=2024-06-03 00:00:00+00:00
[2024-06-03T10:45:54.103+0000] {processor.py:183} INFO - Processing /home/airflow/.local/lib/python3.12/site-packages/airflow/example_dags/example_setup_teardown.py took 0.101 seconds
[2024-06-03T10:46:24.366+0000] {processor.py:161} INFO - Started process (PID=12314) to work on /home/airflow/.local/lib/python3.12/site-packages/airflow/example_dags/example_setup_teardown.py
[2024-06-03T10:46:24.367+0000] {processor.py:830} INFO - Processing file /home/airflow/.local/lib/python3.12/site-packages/airflow/example_dags/example_setup_teardown.py for tasks to queue
[2024-06-03T10:46:24.369+0000] {logging_mixin.py:188} INFO - [2024-06-03T10:46:24.368+0000] {dagbag.py:545} INFO - Filling up the DagBag from /home/airflow/.local/lib/python3.12/site-packages/airflow/example_dags/example_setup_teardown.py
[2024-06-03T10:46:24.377+0000] {processor.py:840} INFO - DAG(s) 'example_setup_teardown' retrieved from /home/airflow/.local/lib/python3.12/site-packages/airflow/example_dags/example_setup_teardown.py
[2024-06-03T10:46:24.405+0000] {logging_mixin.py:188} INFO - [2024-06-03T10:46:24.404+0000] {dag.py:3096} INFO - Sync 1 DAGs
[2024-06-03T10:46:24.436+0000] {logging_mixin.py:188} INFO - [2024-06-03T10:46:24.436+0000] {dag.py:3954} INFO - Setting next_dagrun for example_setup_teardown to 2024-06-02 00:00:00+00:00, run_after=2024-06-03 00:00:00+00:00
[2024-06-03T10:46:24.461+0000] {processor.py:183} INFO - Processing /home/airflow/.local/lib/python3.12/site-packages/airflow/example_dags/example_setup_teardown.py took 0.102 seconds
[2024-06-03T10:46:54.941+0000] {processor.py:161} INFO - Started process (PID=12570) to work on /home/airflow/.local/lib/python3.12/site-packages/airflow/example_dags/example_setup_teardown.py
[2024-06-03T10:46:54.941+0000] {processor.py:830} INFO - Processing file /home/airflow/.local/lib/python3.12/site-packages/airflow/example_dags/example_setup_teardown.py for tasks to queue
[2024-06-03T10:46:54.943+0000] {logging_mixin.py:188} INFO - [2024-06-03T10:46:54.943+0000] {dagbag.py:545} INFO - Filling up the DagBag from /home/airflow/.local/lib/python3.12/site-packages/airflow/example_dags/example_setup_teardown.py
[2024-06-03T10:46:54.951+0000] {processor.py:840} INFO - DAG(s) 'example_setup_teardown' retrieved from /home/airflow/.local/lib/python3.12/site-packages/airflow/example_dags/example_setup_teardown.py
[2024-06-03T10:46:54.981+0000] {logging_mixin.py:188} INFO - [2024-06-03T10:46:54.980+0000] {dag.py:3096} INFO - Sync 1 DAGs
[2024-06-03T10:46:55.012+0000] {logging_mixin.py:188} INFO - [2024-06-03T10:46:55.012+0000] {dag.py:3954} INFO - Setting next_dagrun for example_setup_teardown to 2024-06-02 00:00:00+00:00, run_after=2024-06-03 00:00:00+00:00
[2024-06-03T10:46:55.036+0000] {processor.py:183} INFO - Processing /home/airflow/.local/lib/python3.12/site-packages/airflow/example_dags/example_setup_teardown.py took 0.102 seconds
[2024-06-03T10:47:25.596+0000] {processor.py:161} INFO - Started process (PID=12826) to work on /home/airflow/.local/lib/python3.12/site-packages/airflow/example_dags/example_setup_teardown.py
[2024-06-03T10:47:25.597+0000] {processor.py:830} INFO - Processing file /home/airflow/.local/lib/python3.12/site-packages/airflow/example_dags/example_setup_teardown.py for tasks to queue
[2024-06-03T10:47:25.599+0000] {logging_mixin.py:188} INFO - [2024-06-03T10:47:25.599+0000] {dagbag.py:545} INFO - Filling up the DagBag from /home/airflow/.local/lib/python3.12/site-packages/airflow/example_dags/example_setup_teardown.py
[2024-06-03T10:47:25.607+0000] {processor.py:840} INFO - DAG(s) 'example_setup_teardown' retrieved from /home/airflow/.local/lib/python3.12/site-packages/airflow/example_dags/example_setup_teardown.py
[2024-06-03T10:47:25.634+0000] {logging_mixin.py:188} INFO - [2024-06-03T10:47:25.633+0000] {dag.py:3096} INFO - Sync 1 DAGs
[2024-06-03T10:47:25.669+0000] {logging_mixin.py:188} INFO - [2024-06-03T10:47:25.669+0000] {dag.py:3954} INFO - Setting next_dagrun for example_setup_teardown to 2024-06-02 00:00:00+00:00, run_after=2024-06-03 00:00:00+00:00
[2024-06-03T10:47:25.699+0000] {processor.py:183} INFO - Processing /home/airflow/.local/lib/python3.12/site-packages/airflow/example_dags/example_setup_teardown.py took 0.110 seconds
[2024-06-03T10:47:56.341+0000] {processor.py:161} INFO - Started process (PID=13082) to work on /home/airflow/.local/lib/python3.12/site-packages/airflow/example_dags/example_setup_teardown.py
[2024-06-03T10:47:56.342+0000] {processor.py:830} INFO - Processing file /home/airflow/.local/lib/python3.12/site-packages/airflow/example_dags/example_setup_teardown.py for tasks to queue
[2024-06-03T10:47:56.344+0000] {logging_mixin.py:188} INFO - [2024-06-03T10:47:56.343+0000] {dagbag.py:545} INFO - Filling up the DagBag from /home/airflow/.local/lib/python3.12/site-packages/airflow/example_dags/example_setup_teardown.py
[2024-06-03T10:47:56.351+0000] {processor.py:840} INFO - DAG(s) 'example_setup_teardown' retrieved from /home/airflow/.local/lib/python3.12/site-packages/airflow/example_dags/example_setup_teardown.py
[2024-06-03T10:47:56.382+0000] {logging_mixin.py:188} INFO - [2024-06-03T10:47:56.381+0000] {dag.py:3096} INFO - Sync 1 DAGs
[2024-06-03T10:47:56.421+0000] {logging_mixin.py:188} INFO - [2024-06-03T10:47:56.420+0000] {dag.py:3954} INFO - Setting next_dagrun for example_setup_teardown to 2024-06-02 00:00:00+00:00, run_after=2024-06-03 00:00:00+00:00
[2024-06-03T10:47:56.448+0000] {processor.py:183} INFO - Processing /home/airflow/.local/lib/python3.12/site-packages/airflow/example_dags/example_setup_teardown.py took 0.114 seconds
[2024-06-03T10:48:26.713+0000] {processor.py:161} INFO - Started process (PID=13338) to work on /home/airflow/.local/lib/python3.12/site-packages/airflow/example_dags/example_setup_teardown.py
[2024-06-03T10:48:26.715+0000] {processor.py:830} INFO - Processing file /home/airflow/.local/lib/python3.12/site-packages/airflow/example_dags/example_setup_teardown.py for tasks to queue
[2024-06-03T10:48:26.717+0000] {logging_mixin.py:188} INFO - [2024-06-03T10:48:26.716+0000] {dagbag.py:545} INFO - Filling up the DagBag from /home/airflow/.local/lib/python3.12/site-packages/airflow/example_dags/example_setup_teardown.py
[2024-06-03T10:48:26.724+0000] {processor.py:840} INFO - DAG(s) 'example_setup_teardown' retrieved from /home/airflow/.local/lib/python3.12/site-packages/airflow/example_dags/example_setup_teardown.py
[2024-06-03T10:48:26.751+0000] {logging_mixin.py:188} INFO - [2024-06-03T10:48:26.751+0000] {dag.py:3096} INFO - Sync 1 DAGs
[2024-06-03T10:48:26.783+0000] {logging_mixin.py:188} INFO - [2024-06-03T10:48:26.782+0000] {dag.py:3954} INFO - Setting next_dagrun for example_setup_teardown to 2024-06-02 00:00:00+00:00, run_after=2024-06-03 00:00:00+00:00
[2024-06-03T10:48:26.810+0000] {processor.py:183} INFO - Processing /home/airflow/.local/lib/python3.12/site-packages/airflow/example_dags/example_setup_teardown.py took 0.103 seconds
[2024-06-03T10:48:57.023+0000] {processor.py:161} INFO - Started process (PID=13594) to work on /home/airflow/.local/lib/python3.12/site-packages/airflow/example_dags/example_setup_teardown.py
[2024-06-03T10:48:57.024+0000] {processor.py:830} INFO - Processing file /home/airflow/.local/lib/python3.12/site-packages/airflow/example_dags/example_setup_teardown.py for tasks to queue
[2024-06-03T10:48:57.026+0000] {logging_mixin.py:188} INFO - [2024-06-03T10:48:57.026+0000] {dagbag.py:545} INFO - Filling up the DagBag from /home/airflow/.local/lib/python3.12/site-packages/airflow/example_dags/example_setup_teardown.py
[2024-06-03T10:48:57.035+0000] {processor.py:840} INFO - DAG(s) 'example_setup_teardown' retrieved from /home/airflow/.local/lib/python3.12/site-packages/airflow/example_dags/example_setup_teardown.py
[2024-06-03T10:48:57.063+0000] {logging_mixin.py:188} INFO - [2024-06-03T10:48:57.062+0000] {dag.py:3096} INFO - Sync 1 DAGs
[2024-06-03T10:48:57.094+0000] {logging_mixin.py:188} INFO - [2024-06-03T10:48:57.094+0000] {dag.py:3954} INFO - Setting next_dagrun for example_setup_teardown to 2024-06-02 00:00:00+00:00, run_after=2024-06-03 00:00:00+00:00
[2024-06-03T10:48:57.119+0000] {processor.py:183} INFO - Processing /home/airflow/.local/lib/python3.12/site-packages/airflow/example_dags/example_setup_teardown.py took 0.104 seconds
[2024-06-03T10:49:27.337+0000] {processor.py:161} INFO - Started process (PID=13850) to work on /home/airflow/.local/lib/python3.12/site-packages/airflow/example_dags/example_setup_teardown.py
[2024-06-03T10:49:27.338+0000] {processor.py:830} INFO - Processing file /home/airflow/.local/lib/python3.12/site-packages/airflow/example_dags/example_setup_teardown.py for tasks to queue
[2024-06-03T10:49:27.340+0000] {logging_mixin.py:188} INFO - [2024-06-03T10:49:27.339+0000] {dagbag.py:545} INFO - Filling up the DagBag from /home/airflow/.local/lib/python3.12/site-packages/airflow/example_dags/example_setup_teardown.py
[2024-06-03T10:49:27.348+0000] {processor.py:840} INFO - DAG(s) 'example_setup_teardown' retrieved from /home/airflow/.local/lib/python3.12/site-packages/airflow/example_dags/example_setup_teardown.py
[2024-06-03T10:49:27.375+0000] {logging_mixin.py:188} INFO - [2024-06-03T10:49:27.374+0000] {dag.py:3096} INFO - Sync 1 DAGs
[2024-06-03T10:49:27.406+0000] {logging_mixin.py:188} INFO - [2024-06-03T10:49:27.406+0000] {dag.py:3954} INFO - Setting next_dagrun for example_setup_teardown to 2024-06-02 00:00:00+00:00, run_after=2024-06-03 00:00:00+00:00
[2024-06-03T10:49:27.431+0000] {processor.py:183} INFO - Processing /home/airflow/.local/lib/python3.12/site-packages/airflow/example_dags/example_setup_teardown.py took 0.102 seconds
[2024-06-03T10:49:57.921+0000] {processor.py:161} INFO - Started process (PID=14106) to work on /home/airflow/.local/lib/python3.12/site-packages/airflow/example_dags/example_setup_teardown.py
[2024-06-03T10:49:57.922+0000] {processor.py:830} INFO - Processing file /home/airflow/.local/lib/python3.12/site-packages/airflow/example_dags/example_setup_teardown.py for tasks to queue
[2024-06-03T10:49:57.923+0000] {logging_mixin.py:188} INFO - [2024-06-03T10:49:57.923+0000] {dagbag.py:545} INFO - Filling up the DagBag from /home/airflow/.local/lib/python3.12/site-packages/airflow/example_dags/example_setup_teardown.py
[2024-06-03T10:49:57.931+0000] {processor.py:840} INFO - DAG(s) 'example_setup_teardown' retrieved from /home/airflow/.local/lib/python3.12/site-packages/airflow/example_dags/example_setup_teardown.py
[2024-06-03T10:49:57.958+0000] {logging_mixin.py:188} INFO - [2024-06-03T10:49:57.958+0000] {dag.py:3096} INFO - Sync 1 DAGs
[2024-06-03T10:49:57.991+0000] {logging_mixin.py:188} INFO - [2024-06-03T10:49:57.991+0000] {dag.py:3954} INFO - Setting next_dagrun for example_setup_teardown to 2024-06-02 00:00:00+00:00, run_after=2024-06-03 00:00:00+00:00
[2024-06-03T10:49:58.017+0000] {processor.py:183} INFO - Processing /home/airflow/.local/lib/python3.12/site-packages/airflow/example_dags/example_setup_teardown.py took 0.103 seconds
[2024-06-03T10:50:28.299+0000] {processor.py:161} INFO - Started process (PID=14362) to work on /home/airflow/.local/lib/python3.12/site-packages/airflow/example_dags/example_setup_teardown.py
[2024-06-03T10:50:28.300+0000] {processor.py:830} INFO - Processing file /home/airflow/.local/lib/python3.12/site-packages/airflow/example_dags/example_setup_teardown.py for tasks to queue
[2024-06-03T10:50:28.302+0000] {logging_mixin.py:188} INFO - [2024-06-03T10:50:28.301+0000] {dagbag.py:545} INFO - Filling up the DagBag from /home/airflow/.local/lib/python3.12/site-packages/airflow/example_dags/example_setup_teardown.py
[2024-06-03T10:50:28.309+0000] {processor.py:840} INFO - DAG(s) 'example_setup_teardown' retrieved from /home/airflow/.local/lib/python3.12/site-packages/airflow/example_dags/example_setup_teardown.py
[2024-06-03T10:50:28.337+0000] {logging_mixin.py:188} INFO - [2024-06-03T10:50:28.337+0000] {dag.py:3096} INFO - Sync 1 DAGs
[2024-06-03T10:50:28.370+0000] {logging_mixin.py:188} INFO - [2024-06-03T10:50:28.370+0000] {dag.py:3954} INFO - Setting next_dagrun for example_setup_teardown to 2024-06-02 00:00:00+00:00, run_after=2024-06-03 00:00:00+00:00
[2024-06-03T10:50:28.397+0000] {processor.py:183} INFO - Processing /home/airflow/.local/lib/python3.12/site-packages/airflow/example_dags/example_setup_teardown.py took 0.105 seconds
[2024-06-03T10:50:59.019+0000] {processor.py:161} INFO - Started process (PID=14618) to work on /home/airflow/.local/lib/python3.12/site-packages/airflow/example_dags/example_setup_teardown.py
[2024-06-03T10:50:59.019+0000] {processor.py:830} INFO - Processing file /home/airflow/.local/lib/python3.12/site-packages/airflow/example_dags/example_setup_teardown.py for tasks to queue
[2024-06-03T10:50:59.021+0000] {logging_mixin.py:188} INFO - [2024-06-03T10:50:59.021+0000] {dagbag.py:545} INFO - Filling up the DagBag from /home/airflow/.local/lib/python3.12/site-packages/airflow/example_dags/example_setup_teardown.py
[2024-06-03T10:50:59.029+0000] {processor.py:840} INFO - DAG(s) 'example_setup_teardown' retrieved from /home/airflow/.local/lib/python3.12/site-packages/airflow/example_dags/example_setup_teardown.py
[2024-06-03T10:50:59.058+0000] {logging_mixin.py:188} INFO - [2024-06-03T10:50:59.057+0000] {dag.py:3096} INFO - Sync 1 DAGs
[2024-06-03T10:50:59.090+0000] {logging_mixin.py:188} INFO - [2024-06-03T10:50:59.090+0000] {dag.py:3954} INFO - Setting next_dagrun for example_setup_teardown to 2024-06-02 00:00:00+00:00, run_after=2024-06-03 00:00:00+00:00
[2024-06-03T10:50:59.115+0000] {processor.py:183} INFO - Processing /home/airflow/.local/lib/python3.12/site-packages/airflow/example_dags/example_setup_teardown.py took 0.104 seconds
[2024-06-03T10:51:29.789+0000] {processor.py:161} INFO - Started process (PID=14874) to work on /home/airflow/.local/lib/python3.12/site-packages/airflow/example_dags/example_setup_teardown.py
[2024-06-03T10:51:29.790+0000] {processor.py:830} INFO - Processing file /home/airflow/.local/lib/python3.12/site-packages/airflow/example_dags/example_setup_teardown.py for tasks to queue
[2024-06-03T10:51:29.792+0000] {logging_mixin.py:188} INFO - [2024-06-03T10:51:29.791+0000] {dagbag.py:545} INFO - Filling up the DagBag from /home/airflow/.local/lib/python3.12/site-packages/airflow/example_dags/example_setup_teardown.py
[2024-06-03T10:51:29.800+0000] {processor.py:840} INFO - DAG(s) 'example_setup_teardown' retrieved from /home/airflow/.local/lib/python3.12/site-packages/airflow/example_dags/example_setup_teardown.py
[2024-06-03T10:51:29.828+0000] {logging_mixin.py:188} INFO - [2024-06-03T10:51:29.828+0000] {dag.py:3096} INFO - Sync 1 DAGs
[2024-06-03T10:51:29.861+0000] {logging_mixin.py:188} INFO - [2024-06-03T10:51:29.861+0000] {dag.py:3954} INFO - Setting next_dagrun for example_setup_teardown to 2024-06-02 00:00:00+00:00, run_after=2024-06-03 00:00:00+00:00
[2024-06-03T10:51:29.889+0000] {processor.py:183} INFO - Processing /home/airflow/.local/lib/python3.12/site-packages/airflow/example_dags/example_setup_teardown.py took 0.108 seconds
[2024-06-03T10:52:00.399+0000] {processor.py:161} INFO - Started process (PID=15130) to work on /home/airflow/.local/lib/python3.12/site-packages/airflow/example_dags/example_setup_teardown.py
[2024-06-03T10:52:00.400+0000] {processor.py:830} INFO - Processing file /home/airflow/.local/lib/python3.12/site-packages/airflow/example_dags/example_setup_teardown.py for tasks to queue
[2024-06-03T10:52:00.402+0000] {logging_mixin.py:188} INFO - [2024-06-03T10:52:00.401+0000] {dagbag.py:545} INFO - Filling up the DagBag from /home/airflow/.local/lib/python3.12/site-packages/airflow/example_dags/example_setup_teardown.py
[2024-06-03T10:52:00.409+0000] {processor.py:840} INFO - DAG(s) 'example_setup_teardown' retrieved from /home/airflow/.local/lib/python3.12/site-packages/airflow/example_dags/example_setup_teardown.py
[2024-06-03T10:52:00.437+0000] {logging_mixin.py:188} INFO - [2024-06-03T10:52:00.436+0000] {dag.py:3096} INFO - Sync 1 DAGs
[2024-06-03T10:52:00.468+0000] {logging_mixin.py:188} INFO - [2024-06-03T10:52:00.468+0000] {dag.py:3954} INFO - Setting next_dagrun for example_setup_teardown to 2024-06-02 00:00:00+00:00, run_after=2024-06-03 00:00:00+00:00
[2024-06-03T10:52:00.494+0000] {processor.py:183} INFO - Processing /home/airflow/.local/lib/python3.12/site-packages/airflow/example_dags/example_setup_teardown.py took 0.101 seconds
[2024-06-03T10:52:31.173+0000] {processor.py:161} INFO - Started process (PID=15386) to work on /home/airflow/.local/lib/python3.12/site-packages/airflow/example_dags/example_setup_teardown.py
[2024-06-03T10:52:31.174+0000] {processor.py:830} INFO - Processing file /home/airflow/.local/lib/python3.12/site-packages/airflow/example_dags/example_setup_teardown.py for tasks to queue
[2024-06-03T10:52:31.176+0000] {logging_mixin.py:188} INFO - [2024-06-03T10:52:31.176+0000] {dagbag.py:545} INFO - Filling up the DagBag from /home/airflow/.local/lib/python3.12/site-packages/airflow/example_dags/example_setup_teardown.py
[2024-06-03T10:52:31.184+0000] {processor.py:840} INFO - DAG(s) 'example_setup_teardown' retrieved from /home/airflow/.local/lib/python3.12/site-packages/airflow/example_dags/example_setup_teardown.py
[2024-06-03T10:52:31.213+0000] {logging_mixin.py:188} INFO - [2024-06-03T10:52:31.213+0000] {dag.py:3096} INFO - Sync 1 DAGs
[2024-06-03T10:52:31.246+0000] {logging_mixin.py:188} INFO - [2024-06-03T10:52:31.245+0000] {dag.py:3954} INFO - Setting next_dagrun for example_setup_teardown to 2024-06-02 00:00:00+00:00, run_after=2024-06-03 00:00:00+00:00
[2024-06-03T10:52:31.270+0000] {processor.py:183} INFO - Processing /home/airflow/.local/lib/python3.12/site-packages/airflow/example_dags/example_setup_teardown.py took 0.106 seconds
[2024-06-03T10:53:01.539+0000] {processor.py:161} INFO - Started process (PID=15642) to work on /home/airflow/.local/lib/python3.12/site-packages/airflow/example_dags/example_setup_teardown.py
[2024-06-03T10:53:01.540+0000] {processor.py:830} INFO - Processing file /home/airflow/.local/lib/python3.12/site-packages/airflow/example_dags/example_setup_teardown.py for tasks to queue
[2024-06-03T10:53:01.542+0000] {logging_mixin.py:188} INFO - [2024-06-03T10:53:01.541+0000] {dagbag.py:545} INFO - Filling up the DagBag from /home/airflow/.local/lib/python3.12/site-packages/airflow/example_dags/example_setup_teardown.py
[2024-06-03T10:53:01.550+0000] {processor.py:840} INFO - DAG(s) 'example_setup_teardown' retrieved from /home/airflow/.local/lib/python3.12/site-packages/airflow/example_dags/example_setup_teardown.py
[2024-06-03T10:53:01.580+0000] {logging_mixin.py:188} INFO - [2024-06-03T10:53:01.580+0000] {dag.py:3096} INFO - Sync 1 DAGs
[2024-06-03T10:53:01.612+0000] {logging_mixin.py:188} INFO - [2024-06-03T10:53:01.612+0000] {dag.py:3954} INFO - Setting next_dagrun for example_setup_teardown to 2024-06-02 00:00:00+00:00, run_after=2024-06-03 00:00:00+00:00
[2024-06-03T10:53:01.639+0000] {processor.py:183} INFO - Processing /home/airflow/.local/lib/python3.12/site-packages/airflow/example_dags/example_setup_teardown.py took 0.107 seconds
[2024-06-03T10:53:31.927+0000] {processor.py:161} INFO - Started process (PID=15898) to work on /home/airflow/.local/lib/python3.12/site-packages/airflow/example_dags/example_setup_teardown.py
[2024-06-03T10:53:31.928+0000] {processor.py:830} INFO - Processing file /home/airflow/.local/lib/python3.12/site-packages/airflow/example_dags/example_setup_teardown.py for tasks to queue
[2024-06-03T10:53:31.930+0000] {logging_mixin.py:188} INFO - [2024-06-03T10:53:31.930+0000] {dagbag.py:545} INFO - Filling up the DagBag from /home/airflow/.local/lib/python3.12/site-packages/airflow/example_dags/example_setup_teardown.py
[2024-06-03T10:53:31.939+0000] {processor.py:840} INFO - DAG(s) 'example_setup_teardown' retrieved from /home/airflow/.local/lib/python3.12/site-packages/airflow/example_dags/example_setup_teardown.py
[2024-06-03T10:53:31.968+0000] {logging_mixin.py:188} INFO - [2024-06-03T10:53:31.967+0000] {dag.py:3096} INFO - Sync 1 DAGs
[2024-06-03T10:53:32.002+0000] {logging_mixin.py:188} INFO - [2024-06-03T10:53:32.001+0000] {dag.py:3954} INFO - Setting next_dagrun for example_setup_teardown to 2024-06-02 00:00:00+00:00, run_after=2024-06-03 00:00:00+00:00
[2024-06-03T10:53:32.029+0000] {processor.py:183} INFO - Processing /home/airflow/.local/lib/python3.12/site-packages/airflow/example_dags/example_setup_teardown.py took 0.109 seconds
