[2024-06-03T09:55:37.151+0000] {processor.py:161} INFO - Started process (PID=271) to work on /home/airflow/.local/lib/python3.12/site-packages/airflow/example_dags/example_python_decorator.py
[2024-06-03T09:55:37.152+0000] {processor.py:830} INFO - Processing file /home/airflow/.local/lib/python3.12/site-packages/airflow/example_dags/example_python_decorator.py for tasks to queue
[2024-06-03T09:55:37.163+0000] {logging_mixin.py:188} INFO - [2024-06-03T09:55:37.163+0000] {dagbag.py:545} INFO - Filling up the DagBag from /home/airflow/.local/lib/python3.12/site-packages/airflow/example_dags/example_python_decorator.py
[2024-06-03T09:55:37.295+0000] {processor.py:840} INFO - DAG(s) 'example_python_decorator' retrieved from /home/airflow/.local/lib/python3.12/site-packages/airflow/example_dags/example_python_decorator.py
[2024-06-03T09:55:37.610+0000] {logging_mixin.py:188} INFO - [2024-06-03T09:55:37.610+0000] {dag.py:3096} INFO - Sync 1 DAGs
[2024-06-03T09:55:37.625+0000] {logging_mixin.py:188} INFO - [2024-06-03T09:55:37.625+0000] {dag.py:3954} INFO - Setting next_dagrun for example_python_decorator to None, run_after=None
[2024-06-03T09:55:37.651+0000] {processor.py:183} INFO - Processing /home/airflow/.local/lib/python3.12/site-packages/airflow/example_dags/example_python_decorator.py took 0.548 seconds
[2024-06-03T09:57:52.682+0000] {processor.py:161} INFO - Started process (PID=572) to work on /home/airflow/.local/lib/python3.12/site-packages/airflow/example_dags/example_python_decorator.py
[2024-06-03T09:57:52.742+0000] {processor.py:830} INFO - Processing file /home/airflow/.local/lib/python3.12/site-packages/airflow/example_dags/example_python_decorator.py for tasks to queue
[2024-06-03T09:57:52.762+0000] {logging_mixin.py:188} INFO - [2024-06-03T09:57:52.761+0000] {dagbag.py:545} INFO - Filling up the DagBag from /home/airflow/.local/lib/python3.12/site-packages/airflow/example_dags/example_python_decorator.py
[2024-06-03T09:57:53.425+0000] {processor.py:840} INFO - DAG(s) 'example_python_decorator' retrieved from /home/airflow/.local/lib/python3.12/site-packages/airflow/example_dags/example_python_decorator.py
[2024-06-03T09:57:54.597+0000] {logging_mixin.py:188} INFO - [2024-06-03T09:57:54.597+0000] {dag.py:3096} INFO - Sync 1 DAGs
[2024-06-03T09:57:55.048+0000] {logging_mixin.py:188} INFO - [2024-06-03T09:57:55.048+0000] {dag.py:3954} INFO - Setting next_dagrun for example_python_decorator to None, run_after=None
[2024-06-03T09:57:55.511+0000] {processor.py:183} INFO - Processing /home/airflow/.local/lib/python3.12/site-packages/airflow/example_dags/example_python_decorator.py took 3.250 seconds
[2024-06-03T10:00:00.591+0000] {processor.py:161} INFO - Started process (PID=830) to work on /home/airflow/.local/lib/python3.12/site-packages/airflow/example_dags/example_python_decorator.py
[2024-06-03T10:00:00.631+0000] {processor.py:830} INFO - Processing file /home/airflow/.local/lib/python3.12/site-packages/airflow/example_dags/example_python_decorator.py for tasks to queue
[2024-06-03T10:00:00.673+0000] {logging_mixin.py:188} INFO - [2024-06-03T10:00:00.672+0000] {dagbag.py:545} INFO - Filling up the DagBag from /home/airflow/.local/lib/python3.12/site-packages/airflow/example_dags/example_python_decorator.py
[2024-06-03T10:00:01.526+0000] {processor.py:840} INFO - DAG(s) 'example_python_decorator' retrieved from /home/airflow/.local/lib/python3.12/site-packages/airflow/example_dags/example_python_decorator.py
[2024-06-03T10:00:03.918+0000] {logging_mixin.py:188} INFO - [2024-06-03T10:00:03.917+0000] {dag.py:3096} INFO - Sync 1 DAGs
[2024-06-03T10:00:04.161+0000] {logging_mixin.py:188} INFO - [2024-06-03T10:00:04.160+0000] {dag.py:3954} INFO - Setting next_dagrun for example_python_decorator to None, run_after=None
[2024-06-03T10:00:05.490+0000] {processor.py:183} INFO - Processing /home/airflow/.local/lib/python3.12/site-packages/airflow/example_dags/example_python_decorator.py took 5.037 seconds
[2024-06-03T10:00:37.146+0000] {processor.py:161} INFO - Started process (PID=1084) to work on /home/airflow/.local/lib/python3.12/site-packages/airflow/example_dags/example_python_decorator.py
[2024-06-03T10:00:37.196+0000] {processor.py:830} INFO - Processing file /home/airflow/.local/lib/python3.12/site-packages/airflow/example_dags/example_python_decorator.py for tasks to queue
[2024-06-03T10:00:37.258+0000] {logging_mixin.py:188} INFO - [2024-06-03T10:00:37.198+0000] {dagbag.py:545} INFO - Filling up the DagBag from /home/airflow/.local/lib/python3.12/site-packages/airflow/example_dags/example_python_decorator.py
[2024-06-03T10:00:37.381+0000] {processor.py:840} INFO - DAG(s) 'example_python_decorator' retrieved from /home/airflow/.local/lib/python3.12/site-packages/airflow/example_dags/example_python_decorator.py
[2024-06-03T10:00:39.180+0000] {logging_mixin.py:188} INFO - [2024-06-03T10:00:39.179+0000] {dag.py:3096} INFO - Sync 1 DAGs
[2024-06-03T10:00:39.200+0000] {logging_mixin.py:188} INFO - [2024-06-03T10:00:39.199+0000] {dag.py:3954} INFO - Setting next_dagrun for example_python_decorator to None, run_after=None
[2024-06-03T10:00:39.265+0000] {processor.py:183} INFO - Processing /home/airflow/.local/lib/python3.12/site-packages/airflow/example_dags/example_python_decorator.py took 2.198 seconds
[2024-06-03T10:02:06.204+0000] {processor.py:161} INFO - Started process (PID=1414) to work on /home/airflow/.local/lib/python3.12/site-packages/airflow/example_dags/example_python_decorator.py
[2024-06-03T10:02:06.362+0000] {processor.py:830} INFO - Processing file /home/airflow/.local/lib/python3.12/site-packages/airflow/example_dags/example_python_decorator.py for tasks to queue
[2024-06-03T10:02:06.384+0000] {logging_mixin.py:188} INFO - [2024-06-03T10:02:06.364+0000] {dagbag.py:545} INFO - Filling up the DagBag from /home/airflow/.local/lib/python3.12/site-packages/airflow/example_dags/example_python_decorator.py
[2024-06-03T10:02:06.883+0000] {processor.py:840} INFO - DAG(s) 'example_python_decorator' retrieved from /home/airflow/.local/lib/python3.12/site-packages/airflow/example_dags/example_python_decorator.py
[2024-06-03T10:02:08.065+0000] {logging_mixin.py:188} INFO - [2024-06-03T10:02:08.065+0000] {dag.py:3096} INFO - Sync 1 DAGs
[2024-06-03T10:02:08.648+0000] {logging_mixin.py:188} INFO - [2024-06-03T10:02:08.647+0000] {dag.py:3954} INFO - Setting next_dagrun for example_python_decorator to None, run_after=None
[2024-06-03T10:02:09.470+0000] {processor.py:183} INFO - Processing /home/airflow/.local/lib/python3.12/site-packages/airflow/example_dags/example_python_decorator.py took 3.410 seconds
[2024-06-03T10:05:04.974+0000] {processor.py:161} INFO - Started process (PID=1755) to work on /home/airflow/.local/lib/python3.12/site-packages/airflow/example_dags/example_python_decorator.py
[2024-06-03T10:05:05.193+0000] {processor.py:830} INFO - Processing file /home/airflow/.local/lib/python3.12/site-packages/airflow/example_dags/example_python_decorator.py for tasks to queue
[2024-06-03T10:05:05.195+0000] {logging_mixin.py:188} INFO - [2024-06-03T10:05:05.195+0000] {dagbag.py:545} INFO - Filling up the DagBag from /home/airflow/.local/lib/python3.12/site-packages/airflow/example_dags/example_python_decorator.py
[2024-06-03T10:05:06.319+0000] {processor.py:840} INFO - DAG(s) 'example_python_decorator' retrieved from /home/airflow/.local/lib/python3.12/site-packages/airflow/example_dags/example_python_decorator.py
[2024-06-03T10:05:07.221+0000] {logging_mixin.py:188} INFO - [2024-06-03T10:05:07.220+0000] {dag.py:3096} INFO - Sync 1 DAGs
[2024-06-03T10:05:07.443+0000] {logging_mixin.py:188} INFO - [2024-06-03T10:05:07.383+0000] {dag.py:3954} INFO - Setting next_dagrun for example_python_decorator to None, run_after=None
[2024-06-03T10:05:08.108+0000] {processor.py:183} INFO - Processing /home/airflow/.local/lib/python3.12/site-packages/airflow/example_dags/example_python_decorator.py took 3.636 seconds
[2024-06-03T10:05:38.997+0000] {processor.py:161} INFO - Started process (PID=2013) to work on /home/airflow/.local/lib/python3.12/site-packages/airflow/example_dags/example_python_decorator.py
[2024-06-03T10:05:39.010+0000] {processor.py:830} INFO - Processing file /home/airflow/.local/lib/python3.12/site-packages/airflow/example_dags/example_python_decorator.py for tasks to queue
[2024-06-03T10:05:39.012+0000] {logging_mixin.py:188} INFO - [2024-06-03T10:05:39.012+0000] {dagbag.py:545} INFO - Filling up the DagBag from /home/airflow/.local/lib/python3.12/site-packages/airflow/example_dags/example_python_decorator.py
[2024-06-03T10:05:39.056+0000] {processor.py:840} INFO - DAG(s) 'example_python_decorator' retrieved from /home/airflow/.local/lib/python3.12/site-packages/airflow/example_dags/example_python_decorator.py
[2024-06-03T10:05:39.132+0000] {logging_mixin.py:188} INFO - [2024-06-03T10:05:39.131+0000] {dag.py:3096} INFO - Sync 1 DAGs
[2024-06-03T10:05:39.195+0000] {logging_mixin.py:188} INFO - [2024-06-03T10:05:39.195+0000] {dag.py:3954} INFO - Setting next_dagrun for example_python_decorator to None, run_after=None
[2024-06-03T10:05:39.267+0000] {processor.py:183} INFO - Processing /home/airflow/.local/lib/python3.12/site-packages/airflow/example_dags/example_python_decorator.py took 0.299 seconds
[2024-06-03T10:06:25.993+0000] {processor.py:161} INFO - Started process (PID=2212) to work on /home/airflow/.local/lib/python3.12/site-packages/airflow/example_dags/example_python_decorator.py
[2024-06-03T10:06:26.032+0000] {processor.py:830} INFO - Processing file /home/airflow/.local/lib/python3.12/site-packages/airflow/example_dags/example_python_decorator.py for tasks to queue
[2024-06-03T10:06:26.092+0000] {logging_mixin.py:188} INFO - [2024-06-03T10:06:26.073+0000] {dagbag.py:545} INFO - Filling up the DagBag from /home/airflow/.local/lib/python3.12/site-packages/airflow/example_dags/example_python_decorator.py
[2024-06-03T10:06:26.412+0000] {processor.py:840} INFO - DAG(s) 'example_python_decorator' retrieved from /home/airflow/.local/lib/python3.12/site-packages/airflow/example_dags/example_python_decorator.py
[2024-06-03T10:06:28.194+0000] {logging_mixin.py:188} INFO - [2024-06-03T10:06:28.135+0000] {dag.py:3096} INFO - Sync 1 DAGs
[2024-06-03T10:06:29.137+0000] {logging_mixin.py:188} INFO - [2024-06-03T10:06:29.136+0000] {dag.py:3954} INFO - Setting next_dagrun for example_python_decorator to None, run_after=None
[2024-06-03T10:06:29.420+0000] {processor.py:183} INFO - Processing /home/airflow/.local/lib/python3.12/site-packages/airflow/example_dags/example_python_decorator.py took 3.509 seconds
[2024-06-03T10:22:30.290+0000] {processor.py:161} INFO - Started process (PID=273) to work on /home/airflow/.local/lib/python3.12/site-packages/airflow/example_dags/example_python_decorator.py
[2024-06-03T10:22:30.292+0000] {processor.py:830} INFO - Processing file /home/airflow/.local/lib/python3.12/site-packages/airflow/example_dags/example_python_decorator.py for tasks to queue
[2024-06-03T10:22:30.293+0000] {logging_mixin.py:188} INFO - [2024-06-03T10:22:30.293+0000] {dagbag.py:545} INFO - Filling up the DagBag from /home/airflow/.local/lib/python3.12/site-packages/airflow/example_dags/example_python_decorator.py
[2024-06-03T10:22:30.315+0000] {processor.py:840} INFO - DAG(s) 'example_python_decorator' retrieved from /home/airflow/.local/lib/python3.12/site-packages/airflow/example_dags/example_python_decorator.py
[2024-06-03T10:22:30.513+0000] {logging_mixin.py:188} INFO - [2024-06-03T10:22:30.513+0000] {dag.py:3096} INFO - Sync 1 DAGs
[2024-06-03T10:22:30.533+0000] {logging_mixin.py:188} INFO - [2024-06-03T10:22:30.533+0000] {dag.py:3954} INFO - Setting next_dagrun for example_python_decorator to None, run_after=None
[2024-06-03T10:22:30.566+0000] {processor.py:183} INFO - Processing /home/airflow/.local/lib/python3.12/site-packages/airflow/example_dags/example_python_decorator.py took 0.283 seconds
[2024-06-03T10:23:01.129+0000] {processor.py:161} INFO - Started process (PID=531) to work on /home/airflow/.local/lib/python3.12/site-packages/airflow/example_dags/example_python_decorator.py
[2024-06-03T10:23:01.130+0000] {processor.py:830} INFO - Processing file /home/airflow/.local/lib/python3.12/site-packages/airflow/example_dags/example_python_decorator.py for tasks to queue
[2024-06-03T10:23:01.131+0000] {logging_mixin.py:188} INFO - [2024-06-03T10:23:01.131+0000] {dagbag.py:545} INFO - Filling up the DagBag from /home/airflow/.local/lib/python3.12/site-packages/airflow/example_dags/example_python_decorator.py
[2024-06-03T10:23:01.147+0000] {processor.py:840} INFO - DAG(s) 'example_python_decorator' retrieved from /home/airflow/.local/lib/python3.12/site-packages/airflow/example_dags/example_python_decorator.py
[2024-06-03T10:23:01.176+0000] {logging_mixin.py:188} INFO - [2024-06-03T10:23:01.176+0000] {dag.py:3096} INFO - Sync 1 DAGs
[2024-06-03T10:23:01.193+0000] {logging_mixin.py:188} INFO - [2024-06-03T10:23:01.193+0000] {dag.py:3954} INFO - Setting next_dagrun for example_python_decorator to None, run_after=None
[2024-06-03T10:23:01.215+0000] {processor.py:183} INFO - Processing /home/airflow/.local/lib/python3.12/site-packages/airflow/example_dags/example_python_decorator.py took 0.093 seconds
[2024-06-03T10:23:31.702+0000] {processor.py:161} INFO - Started process (PID=787) to work on /home/airflow/.local/lib/python3.12/site-packages/airflow/example_dags/example_python_decorator.py
[2024-06-03T10:23:31.704+0000] {processor.py:830} INFO - Processing file /home/airflow/.local/lib/python3.12/site-packages/airflow/example_dags/example_python_decorator.py for tasks to queue
[2024-06-03T10:23:31.706+0000] {logging_mixin.py:188} INFO - [2024-06-03T10:23:31.705+0000] {dagbag.py:545} INFO - Filling up the DagBag from /home/airflow/.local/lib/python3.12/site-packages/airflow/example_dags/example_python_decorator.py
[2024-06-03T10:23:31.723+0000] {processor.py:840} INFO - DAG(s) 'example_python_decorator' retrieved from /home/airflow/.local/lib/python3.12/site-packages/airflow/example_dags/example_python_decorator.py
[2024-06-03T10:23:31.754+0000] {logging_mixin.py:188} INFO - [2024-06-03T10:23:31.754+0000] {dag.py:3096} INFO - Sync 1 DAGs
[2024-06-03T10:23:31.772+0000] {logging_mixin.py:188} INFO - [2024-06-03T10:23:31.771+0000] {dag.py:3954} INFO - Setting next_dagrun for example_python_decorator to None, run_after=None
[2024-06-03T10:23:31.796+0000] {processor.py:183} INFO - Processing /home/airflow/.local/lib/python3.12/site-packages/airflow/example_dags/example_python_decorator.py took 0.102 seconds
[2024-06-03T10:24:02.257+0000] {processor.py:161} INFO - Started process (PID=1041) to work on /home/airflow/.local/lib/python3.12/site-packages/airflow/example_dags/example_python_decorator.py
[2024-06-03T10:24:02.258+0000] {processor.py:830} INFO - Processing file /home/airflow/.local/lib/python3.12/site-packages/airflow/example_dags/example_python_decorator.py for tasks to queue
[2024-06-03T10:24:02.260+0000] {logging_mixin.py:188} INFO - [2024-06-03T10:24:02.260+0000] {dagbag.py:545} INFO - Filling up the DagBag from /home/airflow/.local/lib/python3.12/site-packages/airflow/example_dags/example_python_decorator.py
[2024-06-03T10:24:02.277+0000] {processor.py:840} INFO - DAG(s) 'example_python_decorator' retrieved from /home/airflow/.local/lib/python3.12/site-packages/airflow/example_dags/example_python_decorator.py
[2024-06-03T10:24:02.309+0000] {logging_mixin.py:188} INFO - [2024-06-03T10:24:02.309+0000] {dag.py:3096} INFO - Sync 1 DAGs
[2024-06-03T10:24:02.327+0000] {logging_mixin.py:188} INFO - [2024-06-03T10:24:02.327+0000] {dag.py:3954} INFO - Setting next_dagrun for example_python_decorator to None, run_after=None
[2024-06-03T10:24:02.358+0000] {processor.py:183} INFO - Processing /home/airflow/.local/lib/python3.12/site-packages/airflow/example_dags/example_python_decorator.py took 0.108 seconds
[2024-06-03T10:24:32.762+0000] {processor.py:161} INFO - Started process (PID=1299) to work on /home/airflow/.local/lib/python3.12/site-packages/airflow/example_dags/example_python_decorator.py
[2024-06-03T10:24:32.763+0000] {processor.py:830} INFO - Processing file /home/airflow/.local/lib/python3.12/site-packages/airflow/example_dags/example_python_decorator.py for tasks to queue
[2024-06-03T10:24:32.764+0000] {logging_mixin.py:188} INFO - [2024-06-03T10:24:32.764+0000] {dagbag.py:545} INFO - Filling up the DagBag from /home/airflow/.local/lib/python3.12/site-packages/airflow/example_dags/example_python_decorator.py
[2024-06-03T10:24:32.780+0000] {processor.py:840} INFO - DAG(s) 'example_python_decorator' retrieved from /home/airflow/.local/lib/python3.12/site-packages/airflow/example_dags/example_python_decorator.py
[2024-06-03T10:24:32.809+0000] {logging_mixin.py:188} INFO - [2024-06-03T10:24:32.809+0000] {dag.py:3096} INFO - Sync 1 DAGs
[2024-06-03T10:24:32.826+0000] {logging_mixin.py:188} INFO - [2024-06-03T10:24:32.826+0000] {dag.py:3954} INFO - Setting next_dagrun for example_python_decorator to None, run_after=None
[2024-06-03T10:24:32.849+0000] {processor.py:183} INFO - Processing /home/airflow/.local/lib/python3.12/site-packages/airflow/example_dags/example_python_decorator.py took 0.094 seconds
[2024-06-03T10:25:03.279+0000] {processor.py:161} INFO - Started process (PID=1555) to work on /home/airflow/.local/lib/python3.12/site-packages/airflow/example_dags/example_python_decorator.py
[2024-06-03T10:25:03.280+0000] {processor.py:830} INFO - Processing file /home/airflow/.local/lib/python3.12/site-packages/airflow/example_dags/example_python_decorator.py for tasks to queue
[2024-06-03T10:25:03.282+0000] {logging_mixin.py:188} INFO - [2024-06-03T10:25:03.281+0000] {dagbag.py:545} INFO - Filling up the DagBag from /home/airflow/.local/lib/python3.12/site-packages/airflow/example_dags/example_python_decorator.py
[2024-06-03T10:25:03.298+0000] {processor.py:840} INFO - DAG(s) 'example_python_decorator' retrieved from /home/airflow/.local/lib/python3.12/site-packages/airflow/example_dags/example_python_decorator.py
[2024-06-03T10:25:03.327+0000] {logging_mixin.py:188} INFO - [2024-06-03T10:25:03.326+0000] {dag.py:3096} INFO - Sync 1 DAGs
[2024-06-03T10:25:03.343+0000] {logging_mixin.py:188} INFO - [2024-06-03T10:25:03.343+0000] {dag.py:3954} INFO - Setting next_dagrun for example_python_decorator to None, run_after=None
[2024-06-03T10:25:03.367+0000] {processor.py:183} INFO - Processing /home/airflow/.local/lib/python3.12/site-packages/airflow/example_dags/example_python_decorator.py took 0.094 seconds
[2024-06-03T10:25:33.773+0000] {processor.py:161} INFO - Started process (PID=1811) to work on /home/airflow/.local/lib/python3.12/site-packages/airflow/example_dags/example_python_decorator.py
[2024-06-03T10:25:33.774+0000] {processor.py:830} INFO - Processing file /home/airflow/.local/lib/python3.12/site-packages/airflow/example_dags/example_python_decorator.py for tasks to queue
[2024-06-03T10:25:33.776+0000] {logging_mixin.py:188} INFO - [2024-06-03T10:25:33.775+0000] {dagbag.py:545} INFO - Filling up the DagBag from /home/airflow/.local/lib/python3.12/site-packages/airflow/example_dags/example_python_decorator.py
[2024-06-03T10:25:33.792+0000] {processor.py:840} INFO - DAG(s) 'example_python_decorator' retrieved from /home/airflow/.local/lib/python3.12/site-packages/airflow/example_dags/example_python_decorator.py
[2024-06-03T10:25:33.822+0000] {logging_mixin.py:188} INFO - [2024-06-03T10:25:33.822+0000] {dag.py:3096} INFO - Sync 1 DAGs
[2024-06-03T10:25:33.840+0000] {logging_mixin.py:188} INFO - [2024-06-03T10:25:33.839+0000] {dag.py:3954} INFO - Setting next_dagrun for example_python_decorator to None, run_after=None
[2024-06-03T10:25:33.864+0000] {processor.py:183} INFO - Processing /home/airflow/.local/lib/python3.12/site-packages/airflow/example_dags/example_python_decorator.py took 0.098 seconds
[2024-06-03T10:26:04.188+0000] {processor.py:161} INFO - Started process (PID=2067) to work on /home/airflow/.local/lib/python3.12/site-packages/airflow/example_dags/example_python_decorator.py
[2024-06-03T10:26:04.189+0000] {processor.py:830} INFO - Processing file /home/airflow/.local/lib/python3.12/site-packages/airflow/example_dags/example_python_decorator.py for tasks to queue
[2024-06-03T10:26:04.191+0000] {logging_mixin.py:188} INFO - [2024-06-03T10:26:04.190+0000] {dagbag.py:545} INFO - Filling up the DagBag from /home/airflow/.local/lib/python3.12/site-packages/airflow/example_dags/example_python_decorator.py
[2024-06-03T10:26:04.207+0000] {processor.py:840} INFO - DAG(s) 'example_python_decorator' retrieved from /home/airflow/.local/lib/python3.12/site-packages/airflow/example_dags/example_python_decorator.py
[2024-06-03T10:26:04.236+0000] {logging_mixin.py:188} INFO - [2024-06-03T10:26:04.236+0000] {dag.py:3096} INFO - Sync 1 DAGs
[2024-06-03T10:26:04.254+0000] {logging_mixin.py:188} INFO - [2024-06-03T10:26:04.253+0000] {dag.py:3954} INFO - Setting next_dagrun for example_python_decorator to None, run_after=None
[2024-06-03T10:26:04.278+0000] {processor.py:183} INFO - Processing /home/airflow/.local/lib/python3.12/site-packages/airflow/example_dags/example_python_decorator.py took 0.097 seconds
[2024-06-03T10:26:34.536+0000] {processor.py:161} INFO - Started process (PID=2323) to work on /home/airflow/.local/lib/python3.12/site-packages/airflow/example_dags/example_python_decorator.py
[2024-06-03T10:26:34.536+0000] {processor.py:830} INFO - Processing file /home/airflow/.local/lib/python3.12/site-packages/airflow/example_dags/example_python_decorator.py for tasks to queue
[2024-06-03T10:26:34.538+0000] {logging_mixin.py:188} INFO - [2024-06-03T10:26:34.538+0000] {dagbag.py:545} INFO - Filling up the DagBag from /home/airflow/.local/lib/python3.12/site-packages/airflow/example_dags/example_python_decorator.py
[2024-06-03T10:26:34.555+0000] {processor.py:840} INFO - DAG(s) 'example_python_decorator' retrieved from /home/airflow/.local/lib/python3.12/site-packages/airflow/example_dags/example_python_decorator.py
[2024-06-03T10:26:34.591+0000] {logging_mixin.py:188} INFO - [2024-06-03T10:26:34.591+0000] {dag.py:3096} INFO - Sync 1 DAGs
[2024-06-03T10:26:34.613+0000] {logging_mixin.py:188} INFO - [2024-06-03T10:26:34.612+0000] {dag.py:3954} INFO - Setting next_dagrun for example_python_decorator to None, run_after=None
[2024-06-03T10:26:34.641+0000] {processor.py:183} INFO - Processing /home/airflow/.local/lib/python3.12/site-packages/airflow/example_dags/example_python_decorator.py took 0.112 seconds
[2024-06-03T10:27:04.977+0000] {processor.py:161} INFO - Started process (PID=2579) to work on /home/airflow/.local/lib/python3.12/site-packages/airflow/example_dags/example_python_decorator.py
[2024-06-03T10:27:04.978+0000] {processor.py:830} INFO - Processing file /home/airflow/.local/lib/python3.12/site-packages/airflow/example_dags/example_python_decorator.py for tasks to queue
[2024-06-03T10:27:04.980+0000] {logging_mixin.py:188} INFO - [2024-06-03T10:27:04.979+0000] {dagbag.py:545} INFO - Filling up the DagBag from /home/airflow/.local/lib/python3.12/site-packages/airflow/example_dags/example_python_decorator.py
[2024-06-03T10:27:04.999+0000] {processor.py:840} INFO - DAG(s) 'example_python_decorator' retrieved from /home/airflow/.local/lib/python3.12/site-packages/airflow/example_dags/example_python_decorator.py
[2024-06-03T10:27:05.030+0000] {logging_mixin.py:188} INFO - [2024-06-03T10:27:05.030+0000] {dag.py:3096} INFO - Sync 1 DAGs
[2024-06-03T10:27:05.048+0000] {logging_mixin.py:188} INFO - [2024-06-03T10:27:05.047+0000] {dag.py:3954} INFO - Setting next_dagrun for example_python_decorator to None, run_after=None
[2024-06-03T10:27:05.070+0000] {processor.py:183} INFO - Processing /home/airflow/.local/lib/python3.12/site-packages/airflow/example_dags/example_python_decorator.py took 0.100 seconds
[2024-06-03T10:27:35.320+0000] {processor.py:161} INFO - Started process (PID=2835) to work on /home/airflow/.local/lib/python3.12/site-packages/airflow/example_dags/example_python_decorator.py
[2024-06-03T10:27:35.320+0000] {processor.py:830} INFO - Processing file /home/airflow/.local/lib/python3.12/site-packages/airflow/example_dags/example_python_decorator.py for tasks to queue
[2024-06-03T10:27:35.322+0000] {logging_mixin.py:188} INFO - [2024-06-03T10:27:35.322+0000] {dagbag.py:545} INFO - Filling up the DagBag from /home/airflow/.local/lib/python3.12/site-packages/airflow/example_dags/example_python_decorator.py
[2024-06-03T10:27:35.338+0000] {processor.py:840} INFO - DAG(s) 'example_python_decorator' retrieved from /home/airflow/.local/lib/python3.12/site-packages/airflow/example_dags/example_python_decorator.py
[2024-06-03T10:27:35.373+0000] {logging_mixin.py:188} INFO - [2024-06-03T10:27:35.372+0000] {dag.py:3096} INFO - Sync 1 DAGs
[2024-06-03T10:27:35.394+0000] {logging_mixin.py:188} INFO - [2024-06-03T10:27:35.394+0000] {dag.py:3954} INFO - Setting next_dagrun for example_python_decorator to None, run_after=None
[2024-06-03T10:27:35.424+0000] {processor.py:183} INFO - Processing /home/airflow/.local/lib/python3.12/site-packages/airflow/example_dags/example_python_decorator.py took 0.111 seconds
[2024-06-03T10:28:05.584+0000] {processor.py:161} INFO - Started process (PID=3089) to work on /home/airflow/.local/lib/python3.12/site-packages/airflow/example_dags/example_python_decorator.py
[2024-06-03T10:28:05.586+0000] {processor.py:830} INFO - Processing file /home/airflow/.local/lib/python3.12/site-packages/airflow/example_dags/example_python_decorator.py for tasks to queue
[2024-06-03T10:28:05.588+0000] {logging_mixin.py:188} INFO - [2024-06-03T10:28:05.587+0000] {dagbag.py:545} INFO - Filling up the DagBag from /home/airflow/.local/lib/python3.12/site-packages/airflow/example_dags/example_python_decorator.py
[2024-06-03T10:28:05.606+0000] {processor.py:840} INFO - DAG(s) 'example_python_decorator' retrieved from /home/airflow/.local/lib/python3.12/site-packages/airflow/example_dags/example_python_decorator.py
[2024-06-03T10:28:05.636+0000] {logging_mixin.py:188} INFO - [2024-06-03T10:28:05.636+0000] {dag.py:3096} INFO - Sync 1 DAGs
[2024-06-03T10:28:05.655+0000] {logging_mixin.py:188} INFO - [2024-06-03T10:28:05.655+0000] {dag.py:3954} INFO - Setting next_dagrun for example_python_decorator to None, run_after=None
[2024-06-03T10:28:05.680+0000] {processor.py:183} INFO - Processing /home/airflow/.local/lib/python3.12/site-packages/airflow/example_dags/example_python_decorator.py took 0.103 seconds
[2024-06-03T10:28:35.779+0000] {processor.py:161} INFO - Started process (PID=3345) to work on /home/airflow/.local/lib/python3.12/site-packages/airflow/example_dags/example_python_decorator.py
[2024-06-03T10:28:35.780+0000] {processor.py:830} INFO - Processing file /home/airflow/.local/lib/python3.12/site-packages/airflow/example_dags/example_python_decorator.py for tasks to queue
[2024-06-03T10:28:35.782+0000] {logging_mixin.py:188} INFO - [2024-06-03T10:28:35.781+0000] {dagbag.py:545} INFO - Filling up the DagBag from /home/airflow/.local/lib/python3.12/site-packages/airflow/example_dags/example_python_decorator.py
[2024-06-03T10:28:35.799+0000] {processor.py:840} INFO - DAG(s) 'example_python_decorator' retrieved from /home/airflow/.local/lib/python3.12/site-packages/airflow/example_dags/example_python_decorator.py
[2024-06-03T10:28:35.830+0000] {logging_mixin.py:188} INFO - [2024-06-03T10:28:35.829+0000] {dag.py:3096} INFO - Sync 1 DAGs
[2024-06-03T10:28:35.847+0000] {logging_mixin.py:188} INFO - [2024-06-03T10:28:35.847+0000] {dag.py:3954} INFO - Setting next_dagrun for example_python_decorator to None, run_after=None
[2024-06-03T10:28:35.871+0000] {processor.py:183} INFO - Processing /home/airflow/.local/lib/python3.12/site-packages/airflow/example_dags/example_python_decorator.py took 0.098 seconds
[2024-06-03T10:29:06.049+0000] {processor.py:161} INFO - Started process (PID=3601) to work on /home/airflow/.local/lib/python3.12/site-packages/airflow/example_dags/example_python_decorator.py
[2024-06-03T10:29:06.050+0000] {processor.py:830} INFO - Processing file /home/airflow/.local/lib/python3.12/site-packages/airflow/example_dags/example_python_decorator.py for tasks to queue
[2024-06-03T10:29:06.052+0000] {logging_mixin.py:188} INFO - [2024-06-03T10:29:06.051+0000] {dagbag.py:545} INFO - Filling up the DagBag from /home/airflow/.local/lib/python3.12/site-packages/airflow/example_dags/example_python_decorator.py
[2024-06-03T10:29:06.068+0000] {processor.py:840} INFO - DAG(s) 'example_python_decorator' retrieved from /home/airflow/.local/lib/python3.12/site-packages/airflow/example_dags/example_python_decorator.py
[2024-06-03T10:29:06.099+0000] {logging_mixin.py:188} INFO - [2024-06-03T10:29:06.098+0000] {dag.py:3096} INFO - Sync 1 DAGs
[2024-06-03T10:29:06.116+0000] {logging_mixin.py:188} INFO - [2024-06-03T10:29:06.116+0000] {dag.py:3954} INFO - Setting next_dagrun for example_python_decorator to None, run_after=None
[2024-06-03T10:29:06.142+0000] {processor.py:183} INFO - Processing /home/airflow/.local/lib/python3.12/site-packages/airflow/example_dags/example_python_decorator.py took 0.100 seconds
[2024-06-03T10:29:36.434+0000] {processor.py:161} INFO - Started process (PID=3857) to work on /home/airflow/.local/lib/python3.12/site-packages/airflow/example_dags/example_python_decorator.py
[2024-06-03T10:29:36.435+0000] {processor.py:830} INFO - Processing file /home/airflow/.local/lib/python3.12/site-packages/airflow/example_dags/example_python_decorator.py for tasks to queue
[2024-06-03T10:29:36.437+0000] {logging_mixin.py:188} INFO - [2024-06-03T10:29:36.437+0000] {dagbag.py:545} INFO - Filling up the DagBag from /home/airflow/.local/lib/python3.12/site-packages/airflow/example_dags/example_python_decorator.py
[2024-06-03T10:29:36.458+0000] {processor.py:840} INFO - DAG(s) 'example_python_decorator' retrieved from /home/airflow/.local/lib/python3.12/site-packages/airflow/example_dags/example_python_decorator.py
[2024-06-03T10:29:36.494+0000] {logging_mixin.py:188} INFO - [2024-06-03T10:29:36.493+0000] {dag.py:3096} INFO - Sync 1 DAGs
[2024-06-03T10:29:36.514+0000] {logging_mixin.py:188} INFO - [2024-06-03T10:29:36.514+0000] {dag.py:3954} INFO - Setting next_dagrun for example_python_decorator to None, run_after=None
[2024-06-03T10:29:36.539+0000] {processor.py:183} INFO - Processing /home/airflow/.local/lib/python3.12/site-packages/airflow/example_dags/example_python_decorator.py took 0.113 seconds
[2024-06-03T10:30:07.464+0000] {processor.py:161} INFO - Started process (PID=4113) to work on /home/airflow/.local/lib/python3.12/site-packages/airflow/example_dags/example_python_decorator.py
[2024-06-03T10:30:07.465+0000] {processor.py:830} INFO - Processing file /home/airflow/.local/lib/python3.12/site-packages/airflow/example_dags/example_python_decorator.py for tasks to queue
[2024-06-03T10:30:07.466+0000] {logging_mixin.py:188} INFO - [2024-06-03T10:30:07.466+0000] {dagbag.py:545} INFO - Filling up the DagBag from /home/airflow/.local/lib/python3.12/site-packages/airflow/example_dags/example_python_decorator.py
[2024-06-03T10:30:07.482+0000] {processor.py:840} INFO - DAG(s) 'example_python_decorator' retrieved from /home/airflow/.local/lib/python3.12/site-packages/airflow/example_dags/example_python_decorator.py
[2024-06-03T10:30:07.513+0000] {logging_mixin.py:188} INFO - [2024-06-03T10:30:07.513+0000] {dag.py:3096} INFO - Sync 1 DAGs
[2024-06-03T10:30:07.532+0000] {logging_mixin.py:188} INFO - [2024-06-03T10:30:07.531+0000] {dag.py:3954} INFO - Setting next_dagrun for example_python_decorator to None, run_after=None
[2024-06-03T10:30:07.558+0000] {processor.py:183} INFO - Processing /home/airflow/.local/lib/python3.12/site-packages/airflow/example_dags/example_python_decorator.py took 0.101 seconds
[2024-06-03T10:30:37.807+0000] {processor.py:161} INFO - Started process (PID=4369) to work on /home/airflow/.local/lib/python3.12/site-packages/airflow/example_dags/example_python_decorator.py
[2024-06-03T10:30:37.808+0000] {processor.py:830} INFO - Processing file /home/airflow/.local/lib/python3.12/site-packages/airflow/example_dags/example_python_decorator.py for tasks to queue
[2024-06-03T10:30:37.810+0000] {logging_mixin.py:188} INFO - [2024-06-03T10:30:37.809+0000] {dagbag.py:545} INFO - Filling up the DagBag from /home/airflow/.local/lib/python3.12/site-packages/airflow/example_dags/example_python_decorator.py
[2024-06-03T10:30:37.827+0000] {processor.py:840} INFO - DAG(s) 'example_python_decorator' retrieved from /home/airflow/.local/lib/python3.12/site-packages/airflow/example_dags/example_python_decorator.py
[2024-06-03T10:30:37.858+0000] {logging_mixin.py:188} INFO - [2024-06-03T10:30:37.857+0000] {dag.py:3096} INFO - Sync 1 DAGs
[2024-06-03T10:30:37.876+0000] {logging_mixin.py:188} INFO - [2024-06-03T10:30:37.875+0000] {dag.py:3954} INFO - Setting next_dagrun for example_python_decorator to None, run_after=None
[2024-06-03T10:30:37.904+0000] {processor.py:183} INFO - Processing /home/airflow/.local/lib/python3.12/site-packages/airflow/example_dags/example_python_decorator.py took 0.104 seconds
[2024-06-03T10:31:08.037+0000] {processor.py:161} INFO - Started process (PID=4625) to work on /home/airflow/.local/lib/python3.12/site-packages/airflow/example_dags/example_python_decorator.py
[2024-06-03T10:31:08.038+0000] {processor.py:830} INFO - Processing file /home/airflow/.local/lib/python3.12/site-packages/airflow/example_dags/example_python_decorator.py for tasks to queue
[2024-06-03T10:31:08.040+0000] {logging_mixin.py:188} INFO - [2024-06-03T10:31:08.040+0000] {dagbag.py:545} INFO - Filling up the DagBag from /home/airflow/.local/lib/python3.12/site-packages/airflow/example_dags/example_python_decorator.py
[2024-06-03T10:31:08.058+0000] {processor.py:840} INFO - DAG(s) 'example_python_decorator' retrieved from /home/airflow/.local/lib/python3.12/site-packages/airflow/example_dags/example_python_decorator.py
[2024-06-03T10:31:08.088+0000] {logging_mixin.py:188} INFO - [2024-06-03T10:31:08.088+0000] {dag.py:3096} INFO - Sync 1 DAGs
[2024-06-03T10:31:08.106+0000] {logging_mixin.py:188} INFO - [2024-06-03T10:31:08.105+0000] {dag.py:3954} INFO - Setting next_dagrun for example_python_decorator to None, run_after=None
[2024-06-03T10:31:08.130+0000] {processor.py:183} INFO - Processing /home/airflow/.local/lib/python3.12/site-packages/airflow/example_dags/example_python_decorator.py took 0.099 seconds
[2024-06-03T10:31:38.264+0000] {processor.py:161} INFO - Started process (PID=4876) to work on /home/airflow/.local/lib/python3.12/site-packages/airflow/example_dags/example_python_decorator.py
[2024-06-03T10:31:38.264+0000] {processor.py:830} INFO - Processing file /home/airflow/.local/lib/python3.12/site-packages/airflow/example_dags/example_python_decorator.py for tasks to queue
[2024-06-03T10:31:38.266+0000] {logging_mixin.py:188} INFO - [2024-06-03T10:31:38.266+0000] {dagbag.py:545} INFO - Filling up the DagBag from /home/airflow/.local/lib/python3.12/site-packages/airflow/example_dags/example_python_decorator.py
[2024-06-03T10:31:38.286+0000] {processor.py:840} INFO - DAG(s) 'example_python_decorator' retrieved from /home/airflow/.local/lib/python3.12/site-packages/airflow/example_dags/example_python_decorator.py
[2024-06-03T10:31:38.321+0000] {logging_mixin.py:188} INFO - [2024-06-03T10:31:38.321+0000] {dag.py:3096} INFO - Sync 1 DAGs
[2024-06-03T10:31:38.343+0000] {logging_mixin.py:188} INFO - [2024-06-03T10:31:38.342+0000] {dag.py:3954} INFO - Setting next_dagrun for example_python_decorator to None, run_after=None
[2024-06-03T10:31:38.370+0000] {processor.py:183} INFO - Processing /home/airflow/.local/lib/python3.12/site-packages/airflow/example_dags/example_python_decorator.py took 0.115 seconds
[2024-06-03T10:32:08.490+0000] {processor.py:161} INFO - Started process (PID=5132) to work on /home/airflow/.local/lib/python3.12/site-packages/airflow/example_dags/example_python_decorator.py
[2024-06-03T10:32:08.491+0000] {processor.py:830} INFO - Processing file /home/airflow/.local/lib/python3.12/site-packages/airflow/example_dags/example_python_decorator.py for tasks to queue
[2024-06-03T10:32:08.493+0000] {logging_mixin.py:188} INFO - [2024-06-03T10:32:08.493+0000] {dagbag.py:545} INFO - Filling up the DagBag from /home/airflow/.local/lib/python3.12/site-packages/airflow/example_dags/example_python_decorator.py
[2024-06-03T10:32:08.514+0000] {processor.py:840} INFO - DAG(s) 'example_python_decorator' retrieved from /home/airflow/.local/lib/python3.12/site-packages/airflow/example_dags/example_python_decorator.py
[2024-06-03T10:32:08.548+0000] {logging_mixin.py:188} INFO - [2024-06-03T10:32:08.548+0000] {dag.py:3096} INFO - Sync 1 DAGs
[2024-06-03T10:32:08.570+0000] {logging_mixin.py:188} INFO - [2024-06-03T10:32:08.569+0000] {dag.py:3954} INFO - Setting next_dagrun for example_python_decorator to None, run_after=None
[2024-06-03T10:32:08.597+0000] {processor.py:183} INFO - Processing /home/airflow/.local/lib/python3.12/site-packages/airflow/example_dags/example_python_decorator.py took 0.114 seconds
[2024-06-03T10:32:38.750+0000] {processor.py:161} INFO - Started process (PID=5388) to work on /home/airflow/.local/lib/python3.12/site-packages/airflow/example_dags/example_python_decorator.py
[2024-06-03T10:32:38.750+0000] {processor.py:830} INFO - Processing file /home/airflow/.local/lib/python3.12/site-packages/airflow/example_dags/example_python_decorator.py for tasks to queue
[2024-06-03T10:32:38.752+0000] {logging_mixin.py:188} INFO - [2024-06-03T10:32:38.752+0000] {dagbag.py:545} INFO - Filling up the DagBag from /home/airflow/.local/lib/python3.12/site-packages/airflow/example_dags/example_python_decorator.py
[2024-06-03T10:32:38.768+0000] {processor.py:840} INFO - DAG(s) 'example_python_decorator' retrieved from /home/airflow/.local/lib/python3.12/site-packages/airflow/example_dags/example_python_decorator.py
[2024-06-03T10:32:38.799+0000] {logging_mixin.py:188} INFO - [2024-06-03T10:32:38.799+0000] {dag.py:3096} INFO - Sync 1 DAGs
[2024-06-03T10:32:38.817+0000] {logging_mixin.py:188} INFO - [2024-06-03T10:32:38.817+0000] {dag.py:3954} INFO - Setting next_dagrun for example_python_decorator to None, run_after=None
[2024-06-03T10:32:38.843+0000] {processor.py:183} INFO - Processing /home/airflow/.local/lib/python3.12/site-packages/airflow/example_dags/example_python_decorator.py took 0.100 seconds
[2024-06-03T10:33:09.033+0000] {processor.py:161} INFO - Started process (PID=5644) to work on /home/airflow/.local/lib/python3.12/site-packages/airflow/example_dags/example_python_decorator.py
[2024-06-03T10:33:09.034+0000] {processor.py:830} INFO - Processing file /home/airflow/.local/lib/python3.12/site-packages/airflow/example_dags/example_python_decorator.py for tasks to queue
[2024-06-03T10:33:09.036+0000] {logging_mixin.py:188} INFO - [2024-06-03T10:33:09.036+0000] {dagbag.py:545} INFO - Filling up the DagBag from /home/airflow/.local/lib/python3.12/site-packages/airflow/example_dags/example_python_decorator.py
[2024-06-03T10:33:09.052+0000] {processor.py:840} INFO - DAG(s) 'example_python_decorator' retrieved from /home/airflow/.local/lib/python3.12/site-packages/airflow/example_dags/example_python_decorator.py
[2024-06-03T10:33:09.082+0000] {logging_mixin.py:188} INFO - [2024-06-03T10:33:09.082+0000] {dag.py:3096} INFO - Sync 1 DAGs
[2024-06-03T10:33:09.099+0000] {logging_mixin.py:188} INFO - [2024-06-03T10:33:09.099+0000] {dag.py:3954} INFO - Setting next_dagrun for example_python_decorator to None, run_after=None
[2024-06-03T10:33:09.123+0000] {processor.py:183} INFO - Processing /home/airflow/.local/lib/python3.12/site-packages/airflow/example_dags/example_python_decorator.py took 0.097 seconds
[2024-06-03T10:33:39.370+0000] {processor.py:161} INFO - Started process (PID=5900) to work on /home/airflow/.local/lib/python3.12/site-packages/airflow/example_dags/example_python_decorator.py
[2024-06-03T10:33:39.371+0000] {processor.py:830} INFO - Processing file /home/airflow/.local/lib/python3.12/site-packages/airflow/example_dags/example_python_decorator.py for tasks to queue
[2024-06-03T10:33:39.373+0000] {logging_mixin.py:188} INFO - [2024-06-03T10:33:39.372+0000] {dagbag.py:545} INFO - Filling up the DagBag from /home/airflow/.local/lib/python3.12/site-packages/airflow/example_dags/example_python_decorator.py
[2024-06-03T10:33:39.390+0000] {processor.py:840} INFO - DAG(s) 'example_python_decorator' retrieved from /home/airflow/.local/lib/python3.12/site-packages/airflow/example_dags/example_python_decorator.py
[2024-06-03T10:33:39.422+0000] {logging_mixin.py:188} INFO - [2024-06-03T10:33:39.421+0000] {dag.py:3096} INFO - Sync 1 DAGs
[2024-06-03T10:33:39.439+0000] {logging_mixin.py:188} INFO - [2024-06-03T10:33:39.439+0000] {dag.py:3954} INFO - Setting next_dagrun for example_python_decorator to None, run_after=None
[2024-06-03T10:33:39.463+0000] {processor.py:183} INFO - Processing /home/airflow/.local/lib/python3.12/site-packages/airflow/example_dags/example_python_decorator.py took 0.101 seconds
[2024-06-03T10:34:10.369+0000] {processor.py:161} INFO - Started process (PID=6156) to work on /home/airflow/.local/lib/python3.12/site-packages/airflow/example_dags/example_python_decorator.py
[2024-06-03T10:34:10.370+0000] {processor.py:830} INFO - Processing file /home/airflow/.local/lib/python3.12/site-packages/airflow/example_dags/example_python_decorator.py for tasks to queue
[2024-06-03T10:34:10.372+0000] {logging_mixin.py:188} INFO - [2024-06-03T10:34:10.372+0000] {dagbag.py:545} INFO - Filling up the DagBag from /home/airflow/.local/lib/python3.12/site-packages/airflow/example_dags/example_python_decorator.py
[2024-06-03T10:34:10.388+0000] {processor.py:840} INFO - DAG(s) 'example_python_decorator' retrieved from /home/airflow/.local/lib/python3.12/site-packages/airflow/example_dags/example_python_decorator.py
[2024-06-03T10:34:10.423+0000] {logging_mixin.py:188} INFO - [2024-06-03T10:34:10.423+0000] {dag.py:3096} INFO - Sync 1 DAGs
[2024-06-03T10:34:10.444+0000] {logging_mixin.py:188} INFO - [2024-06-03T10:34:10.444+0000] {dag.py:3954} INFO - Setting next_dagrun for example_python_decorator to None, run_after=None
[2024-06-03T10:34:10.471+0000] {processor.py:183} INFO - Processing /home/airflow/.local/lib/python3.12/site-packages/airflow/example_dags/example_python_decorator.py took 0.110 seconds
[2024-06-03T10:34:40.895+0000] {processor.py:161} INFO - Started process (PID=6412) to work on /home/airflow/.local/lib/python3.12/site-packages/airflow/example_dags/example_python_decorator.py
[2024-06-03T10:34:40.896+0000] {processor.py:830} INFO - Processing file /home/airflow/.local/lib/python3.12/site-packages/airflow/example_dags/example_python_decorator.py for tasks to queue
[2024-06-03T10:34:40.898+0000] {logging_mixin.py:188} INFO - [2024-06-03T10:34:40.897+0000] {dagbag.py:545} INFO - Filling up the DagBag from /home/airflow/.local/lib/python3.12/site-packages/airflow/example_dags/example_python_decorator.py
[2024-06-03T10:34:40.915+0000] {processor.py:840} INFO - DAG(s) 'example_python_decorator' retrieved from /home/airflow/.local/lib/python3.12/site-packages/airflow/example_dags/example_python_decorator.py
[2024-06-03T10:34:40.947+0000] {logging_mixin.py:188} INFO - [2024-06-03T10:34:40.946+0000] {dag.py:3096} INFO - Sync 1 DAGs
[2024-06-03T10:34:40.966+0000] {logging_mixin.py:188} INFO - [2024-06-03T10:34:40.965+0000] {dag.py:3954} INFO - Setting next_dagrun for example_python_decorator to None, run_after=None
[2024-06-03T10:34:40.992+0000] {processor.py:183} INFO - Processing /home/airflow/.local/lib/python3.12/site-packages/airflow/example_dags/example_python_decorator.py took 0.104 seconds
[2024-06-03T10:35:11.211+0000] {processor.py:161} INFO - Started process (PID=6668) to work on /home/airflow/.local/lib/python3.12/site-packages/airflow/example_dags/example_python_decorator.py
[2024-06-03T10:35:11.212+0000] {processor.py:830} INFO - Processing file /home/airflow/.local/lib/python3.12/site-packages/airflow/example_dags/example_python_decorator.py for tasks to queue
[2024-06-03T10:35:11.214+0000] {logging_mixin.py:188} INFO - [2024-06-03T10:35:11.213+0000] {dagbag.py:545} INFO - Filling up the DagBag from /home/airflow/.local/lib/python3.12/site-packages/airflow/example_dags/example_python_decorator.py
[2024-06-03T10:35:11.230+0000] {processor.py:840} INFO - DAG(s) 'example_python_decorator' retrieved from /home/airflow/.local/lib/python3.12/site-packages/airflow/example_dags/example_python_decorator.py
[2024-06-03T10:35:11.262+0000] {logging_mixin.py:188} INFO - [2024-06-03T10:35:11.262+0000] {dag.py:3096} INFO - Sync 1 DAGs
[2024-06-03T10:35:11.280+0000] {logging_mixin.py:188} INFO - [2024-06-03T10:35:11.280+0000] {dag.py:3954} INFO - Setting next_dagrun for example_python_decorator to None, run_after=None
[2024-06-03T10:35:11.308+0000] {processor.py:183} INFO - Processing /home/airflow/.local/lib/python3.12/site-packages/airflow/example_dags/example_python_decorator.py took 0.104 seconds
[2024-06-03T10:35:41.515+0000] {processor.py:161} INFO - Started process (PID=6924) to work on /home/airflow/.local/lib/python3.12/site-packages/airflow/example_dags/example_python_decorator.py
[2024-06-03T10:35:41.516+0000] {processor.py:830} INFO - Processing file /home/airflow/.local/lib/python3.12/site-packages/airflow/example_dags/example_python_decorator.py for tasks to queue
[2024-06-03T10:35:41.517+0000] {logging_mixin.py:188} INFO - [2024-06-03T10:35:41.517+0000] {dagbag.py:545} INFO - Filling up the DagBag from /home/airflow/.local/lib/python3.12/site-packages/airflow/example_dags/example_python_decorator.py
[2024-06-03T10:35:41.533+0000] {processor.py:840} INFO - DAG(s) 'example_python_decorator' retrieved from /home/airflow/.local/lib/python3.12/site-packages/airflow/example_dags/example_python_decorator.py
[2024-06-03T10:35:41.568+0000] {logging_mixin.py:188} INFO - [2024-06-03T10:35:41.567+0000] {dag.py:3096} INFO - Sync 1 DAGs
[2024-06-03T10:35:41.589+0000] {logging_mixin.py:188} INFO - [2024-06-03T10:35:41.589+0000] {dag.py:3954} INFO - Setting next_dagrun for example_python_decorator to None, run_after=None
[2024-06-03T10:35:41.617+0000] {processor.py:183} INFO - Processing /home/airflow/.local/lib/python3.12/site-packages/airflow/example_dags/example_python_decorator.py took 0.109 seconds
[2024-06-03T10:36:11.777+0000] {processor.py:161} INFO - Started process (PID=7180) to work on /home/airflow/.local/lib/python3.12/site-packages/airflow/example_dags/example_python_decorator.py
[2024-06-03T10:36:11.778+0000] {processor.py:830} INFO - Processing file /home/airflow/.local/lib/python3.12/site-packages/airflow/example_dags/example_python_decorator.py for tasks to queue
[2024-06-03T10:36:11.780+0000] {logging_mixin.py:188} INFO - [2024-06-03T10:36:11.780+0000] {dagbag.py:545} INFO - Filling up the DagBag from /home/airflow/.local/lib/python3.12/site-packages/airflow/example_dags/example_python_decorator.py
[2024-06-03T10:36:11.800+0000] {processor.py:840} INFO - DAG(s) 'example_python_decorator' retrieved from /home/airflow/.local/lib/python3.12/site-packages/airflow/example_dags/example_python_decorator.py
[2024-06-03T10:36:11.835+0000] {logging_mixin.py:188} INFO - [2024-06-03T10:36:11.834+0000] {dag.py:3096} INFO - Sync 1 DAGs
[2024-06-03T10:36:11.856+0000] {logging_mixin.py:188} INFO - [2024-06-03T10:36:11.856+0000] {dag.py:3954} INFO - Setting next_dagrun for example_python_decorator to None, run_after=None
[2024-06-03T10:36:11.883+0000] {processor.py:183} INFO - Processing /home/airflow/.local/lib/python3.12/site-packages/airflow/example_dags/example_python_decorator.py took 0.113 seconds
[2024-06-03T10:36:42.056+0000] {processor.py:161} INFO - Started process (PID=7436) to work on /home/airflow/.local/lib/python3.12/site-packages/airflow/example_dags/example_python_decorator.py
[2024-06-03T10:36:42.057+0000] {processor.py:830} INFO - Processing file /home/airflow/.local/lib/python3.12/site-packages/airflow/example_dags/example_python_decorator.py for tasks to queue
[2024-06-03T10:36:42.059+0000] {logging_mixin.py:188} INFO - [2024-06-03T10:36:42.058+0000] {dagbag.py:545} INFO - Filling up the DagBag from /home/airflow/.local/lib/python3.12/site-packages/airflow/example_dags/example_python_decorator.py
[2024-06-03T10:36:42.075+0000] {processor.py:840} INFO - DAG(s) 'example_python_decorator' retrieved from /home/airflow/.local/lib/python3.12/site-packages/airflow/example_dags/example_python_decorator.py
[2024-06-03T10:36:42.106+0000] {logging_mixin.py:188} INFO - [2024-06-03T10:36:42.105+0000] {dag.py:3096} INFO - Sync 1 DAGs
[2024-06-03T10:36:42.123+0000] {logging_mixin.py:188} INFO - [2024-06-03T10:36:42.123+0000] {dag.py:3954} INFO - Setting next_dagrun for example_python_decorator to None, run_after=None
[2024-06-03T10:36:42.149+0000] {processor.py:183} INFO - Processing /home/airflow/.local/lib/python3.12/site-packages/airflow/example_dags/example_python_decorator.py took 0.099 seconds
[2024-06-03T10:37:12.564+0000] {processor.py:161} INFO - Started process (PID=7692) to work on /home/airflow/.local/lib/python3.12/site-packages/airflow/example_dags/example_python_decorator.py
[2024-06-03T10:37:12.566+0000] {processor.py:830} INFO - Processing file /home/airflow/.local/lib/python3.12/site-packages/airflow/example_dags/example_python_decorator.py for tasks to queue
[2024-06-03T10:37:12.568+0000] {logging_mixin.py:188} INFO - [2024-06-03T10:37:12.567+0000] {dagbag.py:545} INFO - Filling up the DagBag from /home/airflow/.local/lib/python3.12/site-packages/airflow/example_dags/example_python_decorator.py
[2024-06-03T10:37:12.584+0000] {processor.py:840} INFO - DAG(s) 'example_python_decorator' retrieved from /home/airflow/.local/lib/python3.12/site-packages/airflow/example_dags/example_python_decorator.py
[2024-06-03T10:37:12.616+0000] {logging_mixin.py:188} INFO - [2024-06-03T10:37:12.615+0000] {dag.py:3096} INFO - Sync 1 DAGs
[2024-06-03T10:37:12.639+0000] {logging_mixin.py:188} INFO - [2024-06-03T10:37:12.639+0000] {dag.py:3954} INFO - Setting next_dagrun for example_python_decorator to None, run_after=None
[2024-06-03T10:37:12.668+0000] {processor.py:183} INFO - Processing /home/airflow/.local/lib/python3.12/site-packages/airflow/example_dags/example_python_decorator.py took 0.112 seconds
[2024-06-03T10:37:43.124+0000] {processor.py:161} INFO - Started process (PID=7948) to work on /home/airflow/.local/lib/python3.12/site-packages/airflow/example_dags/example_python_decorator.py
[2024-06-03T10:37:43.124+0000] {processor.py:830} INFO - Processing file /home/airflow/.local/lib/python3.12/site-packages/airflow/example_dags/example_python_decorator.py for tasks to queue
[2024-06-03T10:37:43.126+0000] {logging_mixin.py:188} INFO - [2024-06-03T10:37:43.126+0000] {dagbag.py:545} INFO - Filling up the DagBag from /home/airflow/.local/lib/python3.12/site-packages/airflow/example_dags/example_python_decorator.py
[2024-06-03T10:37:43.142+0000] {processor.py:840} INFO - DAG(s) 'example_python_decorator' retrieved from /home/airflow/.local/lib/python3.12/site-packages/airflow/example_dags/example_python_decorator.py
[2024-06-03T10:37:43.173+0000] {logging_mixin.py:188} INFO - [2024-06-03T10:37:43.173+0000] {dag.py:3096} INFO - Sync 1 DAGs
[2024-06-03T10:37:43.192+0000] {logging_mixin.py:188} INFO - [2024-06-03T10:37:43.192+0000] {dag.py:3954} INFO - Setting next_dagrun for example_python_decorator to None, run_after=None
[2024-06-03T10:37:43.218+0000] {processor.py:183} INFO - Processing /home/airflow/.local/lib/python3.12/site-packages/airflow/example_dags/example_python_decorator.py took 0.102 seconds
[2024-06-03T10:38:13.761+0000] {processor.py:161} INFO - Started process (PID=8204) to work on /home/airflow/.local/lib/python3.12/site-packages/airflow/example_dags/example_python_decorator.py
[2024-06-03T10:38:13.763+0000] {processor.py:830} INFO - Processing file /home/airflow/.local/lib/python3.12/site-packages/airflow/example_dags/example_python_decorator.py for tasks to queue
[2024-06-03T10:38:13.765+0000] {logging_mixin.py:188} INFO - [2024-06-03T10:38:13.764+0000] {dagbag.py:545} INFO - Filling up the DagBag from /home/airflow/.local/lib/python3.12/site-packages/airflow/example_dags/example_python_decorator.py
[2024-06-03T10:38:13.781+0000] {processor.py:840} INFO - DAG(s) 'example_python_decorator' retrieved from /home/airflow/.local/lib/python3.12/site-packages/airflow/example_dags/example_python_decorator.py
[2024-06-03T10:38:13.811+0000] {logging_mixin.py:188} INFO - [2024-06-03T10:38:13.811+0000] {dag.py:3096} INFO - Sync 1 DAGs
[2024-06-03T10:38:13.830+0000] {logging_mixin.py:188} INFO - [2024-06-03T10:38:13.829+0000] {dag.py:3954} INFO - Setting next_dagrun for example_python_decorator to None, run_after=None
[2024-06-03T10:38:13.855+0000] {processor.py:183} INFO - Processing /home/airflow/.local/lib/python3.12/site-packages/airflow/example_dags/example_python_decorator.py took 0.102 seconds
[2024-06-03T10:38:44.053+0000] {processor.py:161} INFO - Started process (PID=8460) to work on /home/airflow/.local/lib/python3.12/site-packages/airflow/example_dags/example_python_decorator.py
[2024-06-03T10:38:44.054+0000] {processor.py:830} INFO - Processing file /home/airflow/.local/lib/python3.12/site-packages/airflow/example_dags/example_python_decorator.py for tasks to queue
[2024-06-03T10:38:44.056+0000] {logging_mixin.py:188} INFO - [2024-06-03T10:38:44.056+0000] {dagbag.py:545} INFO - Filling up the DagBag from /home/airflow/.local/lib/python3.12/site-packages/airflow/example_dags/example_python_decorator.py
[2024-06-03T10:38:44.076+0000] {processor.py:840} INFO - DAG(s) 'example_python_decorator' retrieved from /home/airflow/.local/lib/python3.12/site-packages/airflow/example_dags/example_python_decorator.py
[2024-06-03T10:38:44.108+0000] {logging_mixin.py:188} INFO - [2024-06-03T10:38:44.108+0000] {dag.py:3096} INFO - Sync 1 DAGs
[2024-06-03T10:38:44.126+0000] {logging_mixin.py:188} INFO - [2024-06-03T10:38:44.126+0000] {dag.py:3954} INFO - Setting next_dagrun for example_python_decorator to None, run_after=None
[2024-06-03T10:38:44.151+0000] {processor.py:183} INFO - Processing /home/airflow/.local/lib/python3.12/site-packages/airflow/example_dags/example_python_decorator.py took 0.105 seconds
[2024-06-03T10:39:15.027+0000] {processor.py:161} INFO - Started process (PID=8716) to work on /home/airflow/.local/lib/python3.12/site-packages/airflow/example_dags/example_python_decorator.py
[2024-06-03T10:39:15.028+0000] {processor.py:830} INFO - Processing file /home/airflow/.local/lib/python3.12/site-packages/airflow/example_dags/example_python_decorator.py for tasks to queue
[2024-06-03T10:39:15.030+0000] {logging_mixin.py:188} INFO - [2024-06-03T10:39:15.030+0000] {dagbag.py:545} INFO - Filling up the DagBag from /home/airflow/.local/lib/python3.12/site-packages/airflow/example_dags/example_python_decorator.py
[2024-06-03T10:39:15.050+0000] {processor.py:840} INFO - DAG(s) 'example_python_decorator' retrieved from /home/airflow/.local/lib/python3.12/site-packages/airflow/example_dags/example_python_decorator.py
[2024-06-03T10:39:15.081+0000] {logging_mixin.py:188} INFO - [2024-06-03T10:39:15.081+0000] {dag.py:3096} INFO - Sync 1 DAGs
[2024-06-03T10:39:15.099+0000] {logging_mixin.py:188} INFO - [2024-06-03T10:39:15.099+0000] {dag.py:3954} INFO - Setting next_dagrun for example_python_decorator to None, run_after=None
[2024-06-03T10:39:15.124+0000] {processor.py:183} INFO - Processing /home/airflow/.local/lib/python3.12/site-packages/airflow/example_dags/example_python_decorator.py took 0.104 seconds
[2024-06-03T10:39:46.031+0000] {processor.py:161} INFO - Started process (PID=8972) to work on /home/airflow/.local/lib/python3.12/site-packages/airflow/example_dags/example_python_decorator.py
[2024-06-03T10:39:46.032+0000] {processor.py:830} INFO - Processing file /home/airflow/.local/lib/python3.12/site-packages/airflow/example_dags/example_python_decorator.py for tasks to queue
[2024-06-03T10:39:46.033+0000] {logging_mixin.py:188} INFO - [2024-06-03T10:39:46.033+0000] {dagbag.py:545} INFO - Filling up the DagBag from /home/airflow/.local/lib/python3.12/site-packages/airflow/example_dags/example_python_decorator.py
[2024-06-03T10:39:46.049+0000] {processor.py:840} INFO - DAG(s) 'example_python_decorator' retrieved from /home/airflow/.local/lib/python3.12/site-packages/airflow/example_dags/example_python_decorator.py
[2024-06-03T10:39:46.080+0000] {logging_mixin.py:188} INFO - [2024-06-03T10:39:46.080+0000] {dag.py:3096} INFO - Sync 1 DAGs
[2024-06-03T10:39:46.098+0000] {logging_mixin.py:188} INFO - [2024-06-03T10:39:46.097+0000] {dag.py:3954} INFO - Setting next_dagrun for example_python_decorator to None, run_after=None
[2024-06-03T10:39:46.125+0000] {processor.py:183} INFO - Processing /home/airflow/.local/lib/python3.12/site-packages/airflow/example_dags/example_python_decorator.py took 0.101 seconds
[2024-06-03T10:40:16.694+0000] {processor.py:161} INFO - Started process (PID=9228) to work on /home/airflow/.local/lib/python3.12/site-packages/airflow/example_dags/example_python_decorator.py
[2024-06-03T10:40:16.695+0000] {processor.py:830} INFO - Processing file /home/airflow/.local/lib/python3.12/site-packages/airflow/example_dags/example_python_decorator.py for tasks to queue
[2024-06-03T10:40:16.697+0000] {logging_mixin.py:188} INFO - [2024-06-03T10:40:16.696+0000] {dagbag.py:545} INFO - Filling up the DagBag from /home/airflow/.local/lib/python3.12/site-packages/airflow/example_dags/example_python_decorator.py
[2024-06-03T10:40:16.713+0000] {processor.py:840} INFO - DAG(s) 'example_python_decorator' retrieved from /home/airflow/.local/lib/python3.12/site-packages/airflow/example_dags/example_python_decorator.py
[2024-06-03T10:40:16.743+0000] {logging_mixin.py:188} INFO - [2024-06-03T10:40:16.743+0000] {dag.py:3096} INFO - Sync 1 DAGs
[2024-06-03T10:40:16.761+0000] {logging_mixin.py:188} INFO - [2024-06-03T10:40:16.761+0000] {dag.py:3954} INFO - Setting next_dagrun for example_python_decorator to None, run_after=None
[2024-06-03T10:40:16.788+0000] {processor.py:183} INFO - Processing /home/airflow/.local/lib/python3.12/site-packages/airflow/example_dags/example_python_decorator.py took 0.101 seconds
[2024-06-03T10:40:47.003+0000] {processor.py:161} INFO - Started process (PID=9484) to work on /home/airflow/.local/lib/python3.12/site-packages/airflow/example_dags/example_python_decorator.py
[2024-06-03T10:40:47.004+0000] {processor.py:830} INFO - Processing file /home/airflow/.local/lib/python3.12/site-packages/airflow/example_dags/example_python_decorator.py for tasks to queue
[2024-06-03T10:40:47.006+0000] {logging_mixin.py:188} INFO - [2024-06-03T10:40:47.005+0000] {dagbag.py:545} INFO - Filling up the DagBag from /home/airflow/.local/lib/python3.12/site-packages/airflow/example_dags/example_python_decorator.py
[2024-06-03T10:40:47.022+0000] {processor.py:840} INFO - DAG(s) 'example_python_decorator' retrieved from /home/airflow/.local/lib/python3.12/site-packages/airflow/example_dags/example_python_decorator.py
[2024-06-03T10:40:47.053+0000] {logging_mixin.py:188} INFO - [2024-06-03T10:40:47.053+0000] {dag.py:3096} INFO - Sync 1 DAGs
[2024-06-03T10:40:47.072+0000] {logging_mixin.py:188} INFO - [2024-06-03T10:40:47.072+0000] {dag.py:3954} INFO - Setting next_dagrun for example_python_decorator to None, run_after=None
[2024-06-03T10:40:47.098+0000] {processor.py:183} INFO - Processing /home/airflow/.local/lib/python3.12/site-packages/airflow/example_dags/example_python_decorator.py took 0.102 seconds
[2024-06-03T10:41:17.676+0000] {processor.py:161} INFO - Started process (PID=9734) to work on /home/airflow/.local/lib/python3.12/site-packages/airflow/example_dags/example_python_decorator.py
[2024-06-03T10:41:17.677+0000] {processor.py:830} INFO - Processing file /home/airflow/.local/lib/python3.12/site-packages/airflow/example_dags/example_python_decorator.py for tasks to queue
[2024-06-03T10:41:17.679+0000] {logging_mixin.py:188} INFO - [2024-06-03T10:41:17.679+0000] {dagbag.py:545} INFO - Filling up the DagBag from /home/airflow/.local/lib/python3.12/site-packages/airflow/example_dags/example_python_decorator.py
[2024-06-03T10:41:17.696+0000] {processor.py:840} INFO - DAG(s) 'example_python_decorator' retrieved from /home/airflow/.local/lib/python3.12/site-packages/airflow/example_dags/example_python_decorator.py
[2024-06-03T10:41:17.726+0000] {logging_mixin.py:188} INFO - [2024-06-03T10:41:17.726+0000] {dag.py:3096} INFO - Sync 1 DAGs
[2024-06-03T10:41:17.744+0000] {logging_mixin.py:188} INFO - [2024-06-03T10:41:17.743+0000] {dag.py:3954} INFO - Setting next_dagrun for example_python_decorator to None, run_after=None
[2024-06-03T10:41:17.768+0000] {processor.py:183} INFO - Processing /home/airflow/.local/lib/python3.12/site-packages/airflow/example_dags/example_python_decorator.py took 0.099 seconds
[2024-06-03T10:41:47.936+0000] {processor.py:161} INFO - Started process (PID=9990) to work on /home/airflow/.local/lib/python3.12/site-packages/airflow/example_dags/example_python_decorator.py
[2024-06-03T10:41:47.937+0000] {processor.py:830} INFO - Processing file /home/airflow/.local/lib/python3.12/site-packages/airflow/example_dags/example_python_decorator.py for tasks to queue
[2024-06-03T10:41:47.939+0000] {logging_mixin.py:188} INFO - [2024-06-03T10:41:47.939+0000] {dagbag.py:545} INFO - Filling up the DagBag from /home/airflow/.local/lib/python3.12/site-packages/airflow/example_dags/example_python_decorator.py
[2024-06-03T10:41:47.955+0000] {processor.py:840} INFO - DAG(s) 'example_python_decorator' retrieved from /home/airflow/.local/lib/python3.12/site-packages/airflow/example_dags/example_python_decorator.py
[2024-06-03T10:41:47.986+0000] {logging_mixin.py:188} INFO - [2024-06-03T10:41:47.985+0000] {dag.py:3096} INFO - Sync 1 DAGs
[2024-06-03T10:41:48.003+0000] {logging_mixin.py:188} INFO - [2024-06-03T10:41:48.003+0000] {dag.py:3954} INFO - Setting next_dagrun for example_python_decorator to None, run_after=None
[2024-06-03T10:41:48.028+0000] {processor.py:183} INFO - Processing /home/airflow/.local/lib/python3.12/site-packages/airflow/example_dags/example_python_decorator.py took 0.099 seconds
[2024-06-03T10:42:18.229+0000] {processor.py:161} INFO - Started process (PID=10246) to work on /home/airflow/.local/lib/python3.12/site-packages/airflow/example_dags/example_python_decorator.py
[2024-06-03T10:42:18.230+0000] {processor.py:830} INFO - Processing file /home/airflow/.local/lib/python3.12/site-packages/airflow/example_dags/example_python_decorator.py for tasks to queue
[2024-06-03T10:42:18.231+0000] {logging_mixin.py:188} INFO - [2024-06-03T10:42:18.231+0000] {dagbag.py:545} INFO - Filling up the DagBag from /home/airflow/.local/lib/python3.12/site-packages/airflow/example_dags/example_python_decorator.py
[2024-06-03T10:42:18.248+0000] {processor.py:840} INFO - DAG(s) 'example_python_decorator' retrieved from /home/airflow/.local/lib/python3.12/site-packages/airflow/example_dags/example_python_decorator.py
[2024-06-03T10:42:18.278+0000] {logging_mixin.py:188} INFO - [2024-06-03T10:42:18.278+0000] {dag.py:3096} INFO - Sync 1 DAGs
[2024-06-03T10:42:18.296+0000] {logging_mixin.py:188} INFO - [2024-06-03T10:42:18.296+0000] {dag.py:3954} INFO - Setting next_dagrun for example_python_decorator to None, run_after=None
[2024-06-03T10:42:18.324+0000] {processor.py:183} INFO - Processing /home/airflow/.local/lib/python3.12/site-packages/airflow/example_dags/example_python_decorator.py took 0.103 seconds
[2024-06-03T10:42:48.506+0000] {processor.py:161} INFO - Started process (PID=10504) to work on /home/airflow/.local/lib/python3.12/site-packages/airflow/example_dags/example_python_decorator.py
[2024-06-03T10:42:48.507+0000] {processor.py:830} INFO - Processing file /home/airflow/.local/lib/python3.12/site-packages/airflow/example_dags/example_python_decorator.py for tasks to queue
[2024-06-03T10:42:48.508+0000] {logging_mixin.py:188} INFO - [2024-06-03T10:42:48.508+0000] {dagbag.py:545} INFO - Filling up the DagBag from /home/airflow/.local/lib/python3.12/site-packages/airflow/example_dags/example_python_decorator.py
[2024-06-03T10:42:48.524+0000] {processor.py:840} INFO - DAG(s) 'example_python_decorator' retrieved from /home/airflow/.local/lib/python3.12/site-packages/airflow/example_dags/example_python_decorator.py
[2024-06-03T10:42:48.556+0000] {logging_mixin.py:188} INFO - [2024-06-03T10:42:48.555+0000] {dag.py:3096} INFO - Sync 1 DAGs
[2024-06-03T10:42:48.574+0000] {logging_mixin.py:188} INFO - [2024-06-03T10:42:48.573+0000] {dag.py:3954} INFO - Setting next_dagrun for example_python_decorator to None, run_after=None
[2024-06-03T10:42:48.599+0000] {processor.py:183} INFO - Processing /home/airflow/.local/lib/python3.12/site-packages/airflow/example_dags/example_python_decorator.py took 0.100 seconds
[2024-06-03T10:43:18.747+0000] {processor.py:161} INFO - Started process (PID=10758) to work on /home/airflow/.local/lib/python3.12/site-packages/airflow/example_dags/example_python_decorator.py
[2024-06-03T10:43:18.748+0000] {processor.py:830} INFO - Processing file /home/airflow/.local/lib/python3.12/site-packages/airflow/example_dags/example_python_decorator.py for tasks to queue
[2024-06-03T10:43:18.750+0000] {logging_mixin.py:188} INFO - [2024-06-03T10:43:18.749+0000] {dagbag.py:545} INFO - Filling up the DagBag from /home/airflow/.local/lib/python3.12/site-packages/airflow/example_dags/example_python_decorator.py
[2024-06-03T10:43:18.767+0000] {processor.py:840} INFO - DAG(s) 'example_python_decorator' retrieved from /home/airflow/.local/lib/python3.12/site-packages/airflow/example_dags/example_python_decorator.py
[2024-06-03T10:43:18.798+0000] {logging_mixin.py:188} INFO - [2024-06-03T10:43:18.797+0000] {dag.py:3096} INFO - Sync 1 DAGs
[2024-06-03T10:43:18.816+0000] {logging_mixin.py:188} INFO - [2024-06-03T10:43:18.816+0000] {dag.py:3954} INFO - Setting next_dagrun for example_python_decorator to None, run_after=None
[2024-06-03T10:43:18.841+0000] {processor.py:183} INFO - Processing /home/airflow/.local/lib/python3.12/site-packages/airflow/example_dags/example_python_decorator.py took 0.102 seconds
[2024-06-03T10:43:50.416+0000] {processor.py:161} INFO - Started process (PID=11014) to work on /home/airflow/.local/lib/python3.12/site-packages/airflow/example_dags/example_python_decorator.py
[2024-06-03T10:43:50.416+0000] {processor.py:830} INFO - Processing file /home/airflow/.local/lib/python3.12/site-packages/airflow/example_dags/example_python_decorator.py for tasks to queue
[2024-06-03T10:43:50.418+0000] {logging_mixin.py:188} INFO - [2024-06-03T10:43:50.418+0000] {dagbag.py:545} INFO - Filling up the DagBag from /home/airflow/.local/lib/python3.12/site-packages/airflow/example_dags/example_python_decorator.py
[2024-06-03T10:43:50.439+0000] {processor.py:840} INFO - DAG(s) 'example_python_decorator' retrieved from /home/airflow/.local/lib/python3.12/site-packages/airflow/example_dags/example_python_decorator.py
[2024-06-03T10:43:50.610+0000] {logging_mixin.py:188} INFO - [2024-06-03T10:43:50.610+0000] {dag.py:3096} INFO - Sync 1 DAGs
[2024-06-03T10:43:50.628+0000] {logging_mixin.py:188} INFO - [2024-06-03T10:43:50.627+0000] {dag.py:3954} INFO - Setting next_dagrun for example_python_decorator to None, run_after=None
[2024-06-03T10:43:50.652+0000] {processor.py:183} INFO - Processing /home/airflow/.local/lib/python3.12/site-packages/airflow/example_dags/example_python_decorator.py took 0.245 seconds
[2024-06-03T10:44:21.166+0000] {processor.py:161} INFO - Started process (PID=11270) to work on /home/airflow/.local/lib/python3.12/site-packages/airflow/example_dags/example_python_decorator.py
[2024-06-03T10:44:21.167+0000] {processor.py:830} INFO - Processing file /home/airflow/.local/lib/python3.12/site-packages/airflow/example_dags/example_python_decorator.py for tasks to queue
[2024-06-03T10:44:21.169+0000] {logging_mixin.py:188} INFO - [2024-06-03T10:44:21.169+0000] {dagbag.py:545} INFO - Filling up the DagBag from /home/airflow/.local/lib/python3.12/site-packages/airflow/example_dags/example_python_decorator.py
[2024-06-03T10:44:21.185+0000] {processor.py:840} INFO - DAG(s) 'example_python_decorator' retrieved from /home/airflow/.local/lib/python3.12/site-packages/airflow/example_dags/example_python_decorator.py
[2024-06-03T10:44:21.217+0000] {logging_mixin.py:188} INFO - [2024-06-03T10:44:21.217+0000] {dag.py:3096} INFO - Sync 1 DAGs
[2024-06-03T10:44:21.386+0000] {logging_mixin.py:188} INFO - [2024-06-03T10:44:21.386+0000] {dag.py:3954} INFO - Setting next_dagrun for example_python_decorator to None, run_after=None
[2024-06-03T10:44:21.416+0000] {processor.py:183} INFO - Processing /home/airflow/.local/lib/python3.12/site-packages/airflow/example_dags/example_python_decorator.py took 0.257 seconds
[2024-06-03T10:44:52.115+0000] {processor.py:161} INFO - Started process (PID=11526) to work on /home/airflow/.local/lib/python3.12/site-packages/airflow/example_dags/example_python_decorator.py
[2024-06-03T10:44:52.116+0000] {processor.py:830} INFO - Processing file /home/airflow/.local/lib/python3.12/site-packages/airflow/example_dags/example_python_decorator.py for tasks to queue
[2024-06-03T10:44:52.117+0000] {logging_mixin.py:188} INFO - [2024-06-03T10:44:52.117+0000] {dagbag.py:545} INFO - Filling up the DagBag from /home/airflow/.local/lib/python3.12/site-packages/airflow/example_dags/example_python_decorator.py
[2024-06-03T10:44:52.134+0000] {processor.py:840} INFO - DAG(s) 'example_python_decorator' retrieved from /home/airflow/.local/lib/python3.12/site-packages/airflow/example_dags/example_python_decorator.py
[2024-06-03T10:44:52.164+0000] {logging_mixin.py:188} INFO - [2024-06-03T10:44:52.163+0000] {dag.py:3096} INFO - Sync 1 DAGs
[2024-06-03T10:44:52.184+0000] {logging_mixin.py:188} INFO - [2024-06-03T10:44:52.183+0000] {dag.py:3954} INFO - Setting next_dagrun for example_python_decorator to None, run_after=None
[2024-06-03T10:44:52.212+0000] {processor.py:183} INFO - Processing /home/airflow/.local/lib/python3.12/site-packages/airflow/example_dags/example_python_decorator.py took 0.104 seconds
[2024-06-03T10:45:23.097+0000] {processor.py:161} INFO - Started process (PID=11782) to work on /home/airflow/.local/lib/python3.12/site-packages/airflow/example_dags/example_python_decorator.py
[2024-06-03T10:45:23.098+0000] {processor.py:830} INFO - Processing file /home/airflow/.local/lib/python3.12/site-packages/airflow/example_dags/example_python_decorator.py for tasks to queue
[2024-06-03T10:45:23.100+0000] {logging_mixin.py:188} INFO - [2024-06-03T10:45:23.100+0000] {dagbag.py:545} INFO - Filling up the DagBag from /home/airflow/.local/lib/python3.12/site-packages/airflow/example_dags/example_python_decorator.py
[2024-06-03T10:45:23.117+0000] {processor.py:840} INFO - DAG(s) 'example_python_decorator' retrieved from /home/airflow/.local/lib/python3.12/site-packages/airflow/example_dags/example_python_decorator.py
[2024-06-03T10:45:23.147+0000] {logging_mixin.py:188} INFO - [2024-06-03T10:45:23.147+0000] {dag.py:3096} INFO - Sync 1 DAGs
[2024-06-03T10:45:23.167+0000] {logging_mixin.py:188} INFO - [2024-06-03T10:45:23.167+0000] {dag.py:3954} INFO - Setting next_dagrun for example_python_decorator to None, run_after=None
[2024-06-03T10:45:23.195+0000] {processor.py:183} INFO - Processing /home/airflow/.local/lib/python3.12/site-packages/airflow/example_dags/example_python_decorator.py took 0.105 seconds
[2024-06-03T10:45:53.763+0000] {processor.py:161} INFO - Started process (PID=12038) to work on /home/airflow/.local/lib/python3.12/site-packages/airflow/example_dags/example_python_decorator.py
[2024-06-03T10:45:53.763+0000] {processor.py:830} INFO - Processing file /home/airflow/.local/lib/python3.12/site-packages/airflow/example_dags/example_python_decorator.py for tasks to queue
[2024-06-03T10:45:53.766+0000] {logging_mixin.py:188} INFO - [2024-06-03T10:45:53.765+0000] {dagbag.py:545} INFO - Filling up the DagBag from /home/airflow/.local/lib/python3.12/site-packages/airflow/example_dags/example_python_decorator.py
[2024-06-03T10:45:53.786+0000] {processor.py:840} INFO - DAG(s) 'example_python_decorator' retrieved from /home/airflow/.local/lib/python3.12/site-packages/airflow/example_dags/example_python_decorator.py
[2024-06-03T10:45:53.816+0000] {logging_mixin.py:188} INFO - [2024-06-03T10:45:53.816+0000] {dag.py:3096} INFO - Sync 1 DAGs
[2024-06-03T10:45:53.837+0000] {logging_mixin.py:188} INFO - [2024-06-03T10:45:53.836+0000] {dag.py:3954} INFO - Setting next_dagrun for example_python_decorator to None, run_after=None
[2024-06-03T10:45:53.865+0000] {processor.py:183} INFO - Processing /home/airflow/.local/lib/python3.12/site-packages/airflow/example_dags/example_python_decorator.py took 0.110 seconds
[2024-06-03T10:46:24.120+0000] {processor.py:161} INFO - Started process (PID=12294) to work on /home/airflow/.local/lib/python3.12/site-packages/airflow/example_dags/example_python_decorator.py
[2024-06-03T10:46:24.121+0000] {processor.py:830} INFO - Processing file /home/airflow/.local/lib/python3.12/site-packages/airflow/example_dags/example_python_decorator.py for tasks to queue
[2024-06-03T10:46:24.123+0000] {logging_mixin.py:188} INFO - [2024-06-03T10:46:24.123+0000] {dagbag.py:545} INFO - Filling up the DagBag from /home/airflow/.local/lib/python3.12/site-packages/airflow/example_dags/example_python_decorator.py
[2024-06-03T10:46:24.141+0000] {processor.py:840} INFO - DAG(s) 'example_python_decorator' retrieved from /home/airflow/.local/lib/python3.12/site-packages/airflow/example_dags/example_python_decorator.py
[2024-06-03T10:46:24.171+0000] {logging_mixin.py:188} INFO - [2024-06-03T10:46:24.171+0000] {dag.py:3096} INFO - Sync 1 DAGs
[2024-06-03T10:46:24.191+0000] {logging_mixin.py:188} INFO - [2024-06-03T10:46:24.191+0000] {dag.py:3954} INFO - Setting next_dagrun for example_python_decorator to None, run_after=None
[2024-06-03T10:46:24.220+0000] {processor.py:183} INFO - Processing /home/airflow/.local/lib/python3.12/site-packages/airflow/example_dags/example_python_decorator.py took 0.107 seconds
[2024-06-03T10:46:54.697+0000] {processor.py:161} INFO - Started process (PID=12550) to work on /home/airflow/.local/lib/python3.12/site-packages/airflow/example_dags/example_python_decorator.py
[2024-06-03T10:46:54.698+0000] {processor.py:830} INFO - Processing file /home/airflow/.local/lib/python3.12/site-packages/airflow/example_dags/example_python_decorator.py for tasks to queue
[2024-06-03T10:46:54.699+0000] {logging_mixin.py:188} INFO - [2024-06-03T10:46:54.699+0000] {dagbag.py:545} INFO - Filling up the DagBag from /home/airflow/.local/lib/python3.12/site-packages/airflow/example_dags/example_python_decorator.py
[2024-06-03T10:46:54.717+0000] {processor.py:840} INFO - DAG(s) 'example_python_decorator' retrieved from /home/airflow/.local/lib/python3.12/site-packages/airflow/example_dags/example_python_decorator.py
[2024-06-03T10:46:54.747+0000] {logging_mixin.py:188} INFO - [2024-06-03T10:46:54.747+0000] {dag.py:3096} INFO - Sync 1 DAGs
[2024-06-03T10:46:54.766+0000] {logging_mixin.py:188} INFO - [2024-06-03T10:46:54.766+0000] {dag.py:3954} INFO - Setting next_dagrun for example_python_decorator to None, run_after=None
[2024-06-03T10:46:54.791+0000] {processor.py:183} INFO - Processing /home/airflow/.local/lib/python3.12/site-packages/airflow/example_dags/example_python_decorator.py took 0.101 seconds
[2024-06-03T10:47:25.342+0000] {processor.py:161} INFO - Started process (PID=12806) to work on /home/airflow/.local/lib/python3.12/site-packages/airflow/example_dags/example_python_decorator.py
[2024-06-03T10:47:25.344+0000] {processor.py:830} INFO - Processing file /home/airflow/.local/lib/python3.12/site-packages/airflow/example_dags/example_python_decorator.py for tasks to queue
[2024-06-03T10:47:25.345+0000] {logging_mixin.py:188} INFO - [2024-06-03T10:47:25.345+0000] {dagbag.py:545} INFO - Filling up the DagBag from /home/airflow/.local/lib/python3.12/site-packages/airflow/example_dags/example_python_decorator.py
[2024-06-03T10:47:25.363+0000] {processor.py:840} INFO - DAG(s) 'example_python_decorator' retrieved from /home/airflow/.local/lib/python3.12/site-packages/airflow/example_dags/example_python_decorator.py
[2024-06-03T10:47:25.399+0000] {logging_mixin.py:188} INFO - [2024-06-03T10:47:25.399+0000] {dag.py:3096} INFO - Sync 1 DAGs
[2024-06-03T10:47:25.421+0000] {logging_mixin.py:188} INFO - [2024-06-03T10:47:25.420+0000] {dag.py:3954} INFO - Setting next_dagrun for example_python_decorator to None, run_after=None
[2024-06-03T10:47:25.447+0000] {processor.py:183} INFO - Processing /home/airflow/.local/lib/python3.12/site-packages/airflow/example_dags/example_python_decorator.py took 0.113 seconds
[2024-06-03T10:47:56.091+0000] {processor.py:161} INFO - Started process (PID=13062) to work on /home/airflow/.local/lib/python3.12/site-packages/airflow/example_dags/example_python_decorator.py
[2024-06-03T10:47:56.091+0000] {processor.py:830} INFO - Processing file /home/airflow/.local/lib/python3.12/site-packages/airflow/example_dags/example_python_decorator.py for tasks to queue
[2024-06-03T10:47:56.093+0000] {logging_mixin.py:188} INFO - [2024-06-03T10:47:56.093+0000] {dagbag.py:545} INFO - Filling up the DagBag from /home/airflow/.local/lib/python3.12/site-packages/airflow/example_dags/example_python_decorator.py
[2024-06-03T10:47:56.112+0000] {processor.py:840} INFO - DAG(s) 'example_python_decorator' retrieved from /home/airflow/.local/lib/python3.12/site-packages/airflow/example_dags/example_python_decorator.py
[2024-06-03T10:47:56.148+0000] {logging_mixin.py:188} INFO - [2024-06-03T10:47:56.147+0000] {dag.py:3096} INFO - Sync 1 DAGs
[2024-06-03T10:47:56.168+0000] {logging_mixin.py:188} INFO - [2024-06-03T10:47:56.168+0000] {dag.py:3954} INFO - Setting next_dagrun for example_python_decorator to None, run_after=None
[2024-06-03T10:47:56.198+0000] {processor.py:183} INFO - Processing /home/airflow/.local/lib/python3.12/site-packages/airflow/example_dags/example_python_decorator.py took 0.114 seconds
[2024-06-03T10:48:26.474+0000] {processor.py:161} INFO - Started process (PID=13318) to work on /home/airflow/.local/lib/python3.12/site-packages/airflow/example_dags/example_python_decorator.py
[2024-06-03T10:48:26.475+0000] {processor.py:830} INFO - Processing file /home/airflow/.local/lib/python3.12/site-packages/airflow/example_dags/example_python_decorator.py for tasks to queue
[2024-06-03T10:48:26.477+0000] {logging_mixin.py:188} INFO - [2024-06-03T10:48:26.477+0000] {dagbag.py:545} INFO - Filling up the DagBag from /home/airflow/.local/lib/python3.12/site-packages/airflow/example_dags/example_python_decorator.py
[2024-06-03T10:48:26.496+0000] {processor.py:840} INFO - DAG(s) 'example_python_decorator' retrieved from /home/airflow/.local/lib/python3.12/site-packages/airflow/example_dags/example_python_decorator.py
[2024-06-03T10:48:26.527+0000] {logging_mixin.py:188} INFO - [2024-06-03T10:48:26.526+0000] {dag.py:3096} INFO - Sync 1 DAGs
[2024-06-03T10:48:26.545+0000] {logging_mixin.py:188} INFO - [2024-06-03T10:48:26.545+0000] {dag.py:3954} INFO - Setting next_dagrun for example_python_decorator to None, run_after=None
[2024-06-03T10:48:26.570+0000] {processor.py:183} INFO - Processing /home/airflow/.local/lib/python3.12/site-packages/airflow/example_dags/example_python_decorator.py took 0.105 seconds
[2024-06-03T10:48:56.780+0000] {processor.py:161} INFO - Started process (PID=13574) to work on /home/airflow/.local/lib/python3.12/site-packages/airflow/example_dags/example_python_decorator.py
[2024-06-03T10:48:56.781+0000] {processor.py:830} INFO - Processing file /home/airflow/.local/lib/python3.12/site-packages/airflow/example_dags/example_python_decorator.py for tasks to queue
[2024-06-03T10:48:56.783+0000] {logging_mixin.py:188} INFO - [2024-06-03T10:48:56.783+0000] {dagbag.py:545} INFO - Filling up the DagBag from /home/airflow/.local/lib/python3.12/site-packages/airflow/example_dags/example_python_decorator.py
[2024-06-03T10:48:56.800+0000] {processor.py:840} INFO - DAG(s) 'example_python_decorator' retrieved from /home/airflow/.local/lib/python3.12/site-packages/airflow/example_dags/example_python_decorator.py
[2024-06-03T10:48:56.831+0000] {logging_mixin.py:188} INFO - [2024-06-03T10:48:56.830+0000] {dag.py:3096} INFO - Sync 1 DAGs
[2024-06-03T10:48:56.854+0000] {logging_mixin.py:188} INFO - [2024-06-03T10:48:56.853+0000] {dag.py:3954} INFO - Setting next_dagrun for example_python_decorator to None, run_after=None
[2024-06-03T10:48:56.878+0000] {processor.py:183} INFO - Processing /home/airflow/.local/lib/python3.12/site-packages/airflow/example_dags/example_python_decorator.py took 0.105 seconds
[2024-06-03T10:49:27.090+0000] {processor.py:161} INFO - Started process (PID=13830) to work on /home/airflow/.local/lib/python3.12/site-packages/airflow/example_dags/example_python_decorator.py
[2024-06-03T10:49:27.093+0000] {processor.py:830} INFO - Processing file /home/airflow/.local/lib/python3.12/site-packages/airflow/example_dags/example_python_decorator.py for tasks to queue
[2024-06-03T10:49:27.095+0000] {logging_mixin.py:188} INFO - [2024-06-03T10:49:27.094+0000] {dagbag.py:545} INFO - Filling up the DagBag from /home/airflow/.local/lib/python3.12/site-packages/airflow/example_dags/example_python_decorator.py
[2024-06-03T10:49:27.111+0000] {processor.py:840} INFO - DAG(s) 'example_python_decorator' retrieved from /home/airflow/.local/lib/python3.12/site-packages/airflow/example_dags/example_python_decorator.py
[2024-06-03T10:49:27.141+0000] {logging_mixin.py:188} INFO - [2024-06-03T10:49:27.140+0000] {dag.py:3096} INFO - Sync 1 DAGs
[2024-06-03T10:49:27.161+0000] {logging_mixin.py:188} INFO - [2024-06-03T10:49:27.160+0000] {dag.py:3954} INFO - Setting next_dagrun for example_python_decorator to None, run_after=None
[2024-06-03T10:49:27.190+0000] {processor.py:183} INFO - Processing /home/airflow/.local/lib/python3.12/site-packages/airflow/example_dags/example_python_decorator.py took 0.107 seconds
[2024-06-03T10:49:57.688+0000] {processor.py:161} INFO - Started process (PID=14086) to work on /home/airflow/.local/lib/python3.12/site-packages/airflow/example_dags/example_python_decorator.py
[2024-06-03T10:49:57.689+0000] {processor.py:830} INFO - Processing file /home/airflow/.local/lib/python3.12/site-packages/airflow/example_dags/example_python_decorator.py for tasks to queue
[2024-06-03T10:49:57.690+0000] {logging_mixin.py:188} INFO - [2024-06-03T10:49:57.690+0000] {dagbag.py:545} INFO - Filling up the DagBag from /home/airflow/.local/lib/python3.12/site-packages/airflow/example_dags/example_python_decorator.py
[2024-06-03T10:49:57.708+0000] {processor.py:840} INFO - DAG(s) 'example_python_decorator' retrieved from /home/airflow/.local/lib/python3.12/site-packages/airflow/example_dags/example_python_decorator.py
[2024-06-03T10:49:57.738+0000] {logging_mixin.py:188} INFO - [2024-06-03T10:49:57.738+0000] {dag.py:3096} INFO - Sync 1 DAGs
[2024-06-03T10:49:57.757+0000] {logging_mixin.py:188} INFO - [2024-06-03T10:49:57.757+0000] {dag.py:3954} INFO - Setting next_dagrun for example_python_decorator to None, run_after=None
[2024-06-03T10:49:57.781+0000] {processor.py:183} INFO - Processing /home/airflow/.local/lib/python3.12/site-packages/airflow/example_dags/example_python_decorator.py took 0.101 seconds
[2024-06-03T10:50:28.052+0000] {processor.py:161} INFO - Started process (PID=14342) to work on /home/airflow/.local/lib/python3.12/site-packages/airflow/example_dags/example_python_decorator.py
[2024-06-03T10:50:28.053+0000] {processor.py:830} INFO - Processing file /home/airflow/.local/lib/python3.12/site-packages/airflow/example_dags/example_python_decorator.py for tasks to queue
[2024-06-03T10:50:28.056+0000] {logging_mixin.py:188} INFO - [2024-06-03T10:50:28.055+0000] {dagbag.py:545} INFO - Filling up the DagBag from /home/airflow/.local/lib/python3.12/site-packages/airflow/example_dags/example_python_decorator.py
[2024-06-03T10:50:28.074+0000] {processor.py:840} INFO - DAG(s) 'example_python_decorator' retrieved from /home/airflow/.local/lib/python3.12/site-packages/airflow/example_dags/example_python_decorator.py
[2024-06-03T10:50:28.105+0000] {logging_mixin.py:188} INFO - [2024-06-03T10:50:28.104+0000] {dag.py:3096} INFO - Sync 1 DAGs
[2024-06-03T10:50:28.125+0000] {logging_mixin.py:188} INFO - [2024-06-03T10:50:28.125+0000] {dag.py:3954} INFO - Setting next_dagrun for example_python_decorator to None, run_after=None
[2024-06-03T10:50:28.150+0000] {processor.py:183} INFO - Processing /home/airflow/.local/lib/python3.12/site-packages/airflow/example_dags/example_python_decorator.py took 0.106 seconds
[2024-06-03T10:50:58.774+0000] {processor.py:161} INFO - Started process (PID=14598) to work on /home/airflow/.local/lib/python3.12/site-packages/airflow/example_dags/example_python_decorator.py
[2024-06-03T10:50:58.775+0000] {processor.py:830} INFO - Processing file /home/airflow/.local/lib/python3.12/site-packages/airflow/example_dags/example_python_decorator.py for tasks to queue
[2024-06-03T10:50:58.777+0000] {logging_mixin.py:188} INFO - [2024-06-03T10:50:58.776+0000] {dagbag.py:545} INFO - Filling up the DagBag from /home/airflow/.local/lib/python3.12/site-packages/airflow/example_dags/example_python_decorator.py
[2024-06-03T10:50:58.793+0000] {processor.py:840} INFO - DAG(s) 'example_python_decorator' retrieved from /home/airflow/.local/lib/python3.12/site-packages/airflow/example_dags/example_python_decorator.py
[2024-06-03T10:50:58.826+0000] {logging_mixin.py:188} INFO - [2024-06-03T10:50:58.826+0000] {dag.py:3096} INFO - Sync 1 DAGs
[2024-06-03T10:50:58.844+0000] {logging_mixin.py:188} INFO - [2024-06-03T10:50:58.844+0000] {dag.py:3954} INFO - Setting next_dagrun for example_python_decorator to None, run_after=None
[2024-06-03T10:50:58.869+0000] {processor.py:183} INFO - Processing /home/airflow/.local/lib/python3.12/site-packages/airflow/example_dags/example_python_decorator.py took 0.102 seconds
[2024-06-03T10:51:29.531+0000] {processor.py:161} INFO - Started process (PID=14854) to work on /home/airflow/.local/lib/python3.12/site-packages/airflow/example_dags/example_python_decorator.py
[2024-06-03T10:51:29.532+0000] {processor.py:830} INFO - Processing file /home/airflow/.local/lib/python3.12/site-packages/airflow/example_dags/example_python_decorator.py for tasks to queue
[2024-06-03T10:51:29.534+0000] {logging_mixin.py:188} INFO - [2024-06-03T10:51:29.534+0000] {dagbag.py:545} INFO - Filling up the DagBag from /home/airflow/.local/lib/python3.12/site-packages/airflow/example_dags/example_python_decorator.py
[2024-06-03T10:51:29.555+0000] {processor.py:840} INFO - DAG(s) 'example_python_decorator' retrieved from /home/airflow/.local/lib/python3.12/site-packages/airflow/example_dags/example_python_decorator.py
[2024-06-03T10:51:29.589+0000] {logging_mixin.py:188} INFO - [2024-06-03T10:51:29.589+0000] {dag.py:3096} INFO - Sync 1 DAGs
[2024-06-03T10:51:29.606+0000] {logging_mixin.py:188} INFO - [2024-06-03T10:51:29.606+0000] {dag.py:3954} INFO - Setting next_dagrun for example_python_decorator to None, run_after=None
[2024-06-03T10:51:29.631+0000] {processor.py:183} INFO - Processing /home/airflow/.local/lib/python3.12/site-packages/airflow/example_dags/example_python_decorator.py took 0.108 seconds
[2024-06-03T10:52:00.159+0000] {processor.py:161} INFO - Started process (PID=15110) to work on /home/airflow/.local/lib/python3.12/site-packages/airflow/example_dags/example_python_decorator.py
[2024-06-03T10:52:00.160+0000] {processor.py:830} INFO - Processing file /home/airflow/.local/lib/python3.12/site-packages/airflow/example_dags/example_python_decorator.py for tasks to queue
[2024-06-03T10:52:00.162+0000] {logging_mixin.py:188} INFO - [2024-06-03T10:52:00.161+0000] {dagbag.py:545} INFO - Filling up the DagBag from /home/airflow/.local/lib/python3.12/site-packages/airflow/example_dags/example_python_decorator.py
[2024-06-03T10:52:00.180+0000] {processor.py:840} INFO - DAG(s) 'example_python_decorator' retrieved from /home/airflow/.local/lib/python3.12/site-packages/airflow/example_dags/example_python_decorator.py
[2024-06-03T10:52:00.211+0000] {logging_mixin.py:188} INFO - [2024-06-03T10:52:00.210+0000] {dag.py:3096} INFO - Sync 1 DAGs
[2024-06-03T10:52:00.230+0000] {logging_mixin.py:188} INFO - [2024-06-03T10:52:00.230+0000] {dag.py:3954} INFO - Setting next_dagrun for example_python_decorator to None, run_after=None
[2024-06-03T10:52:00.254+0000] {processor.py:183} INFO - Processing /home/airflow/.local/lib/python3.12/site-packages/airflow/example_dags/example_python_decorator.py took 0.103 seconds
[2024-06-03T10:52:30.933+0000] {processor.py:161} INFO - Started process (PID=15366) to work on /home/airflow/.local/lib/python3.12/site-packages/airflow/example_dags/example_python_decorator.py
[2024-06-03T10:52:30.934+0000] {processor.py:830} INFO - Processing file /home/airflow/.local/lib/python3.12/site-packages/airflow/example_dags/example_python_decorator.py for tasks to queue
[2024-06-03T10:52:30.935+0000] {logging_mixin.py:188} INFO - [2024-06-03T10:52:30.935+0000] {dagbag.py:545} INFO - Filling up the DagBag from /home/airflow/.local/lib/python3.12/site-packages/airflow/example_dags/example_python_decorator.py
[2024-06-03T10:52:30.954+0000] {processor.py:840} INFO - DAG(s) 'example_python_decorator' retrieved from /home/airflow/.local/lib/python3.12/site-packages/airflow/example_dags/example_python_decorator.py
[2024-06-03T10:52:30.984+0000] {logging_mixin.py:188} INFO - [2024-06-03T10:52:30.984+0000] {dag.py:3096} INFO - Sync 1 DAGs
[2024-06-03T10:52:31.002+0000] {logging_mixin.py:188} INFO - [2024-06-03T10:52:31.001+0000] {dag.py:3954} INFO - Setting next_dagrun for example_python_decorator to None, run_after=None
[2024-06-03T10:52:31.025+0000] {processor.py:183} INFO - Processing /home/airflow/.local/lib/python3.12/site-packages/airflow/example_dags/example_python_decorator.py took 0.100 seconds
[2024-06-03T10:53:01.297+0000] {processor.py:161} INFO - Started process (PID=15622) to work on /home/airflow/.local/lib/python3.12/site-packages/airflow/example_dags/example_python_decorator.py
[2024-06-03T10:53:01.298+0000] {processor.py:830} INFO - Processing file /home/airflow/.local/lib/python3.12/site-packages/airflow/example_dags/example_python_decorator.py for tasks to queue
[2024-06-03T10:53:01.300+0000] {logging_mixin.py:188} INFO - [2024-06-03T10:53:01.299+0000] {dagbag.py:545} INFO - Filling up the DagBag from /home/airflow/.local/lib/python3.12/site-packages/airflow/example_dags/example_python_decorator.py
[2024-06-03T10:53:01.317+0000] {processor.py:840} INFO - DAG(s) 'example_python_decorator' retrieved from /home/airflow/.local/lib/python3.12/site-packages/airflow/example_dags/example_python_decorator.py
[2024-06-03T10:53:01.348+0000] {logging_mixin.py:188} INFO - [2024-06-03T10:53:01.348+0000] {dag.py:3096} INFO - Sync 1 DAGs
[2024-06-03T10:53:01.367+0000] {logging_mixin.py:188} INFO - [2024-06-03T10:53:01.366+0000] {dag.py:3954} INFO - Setting next_dagrun for example_python_decorator to None, run_after=None
[2024-06-03T10:53:01.391+0000] {processor.py:183} INFO - Processing /home/airflow/.local/lib/python3.12/site-packages/airflow/example_dags/example_python_decorator.py took 0.101 seconds
[2024-06-03T10:53:31.675+0000] {processor.py:161} INFO - Started process (PID=15878) to work on /home/airflow/.local/lib/python3.12/site-packages/airflow/example_dags/example_python_decorator.py
[2024-06-03T10:53:31.676+0000] {processor.py:830} INFO - Processing file /home/airflow/.local/lib/python3.12/site-packages/airflow/example_dags/example_python_decorator.py for tasks to queue
[2024-06-03T10:53:31.678+0000] {logging_mixin.py:188} INFO - [2024-06-03T10:53:31.678+0000] {dagbag.py:545} INFO - Filling up the DagBag from /home/airflow/.local/lib/python3.12/site-packages/airflow/example_dags/example_python_decorator.py
[2024-06-03T10:53:31.695+0000] {processor.py:840} INFO - DAG(s) 'example_python_decorator' retrieved from /home/airflow/.local/lib/python3.12/site-packages/airflow/example_dags/example_python_decorator.py
[2024-06-03T10:53:31.725+0000] {logging_mixin.py:188} INFO - [2024-06-03T10:53:31.725+0000] {dag.py:3096} INFO - Sync 1 DAGs
[2024-06-03T10:53:31.746+0000] {logging_mixin.py:188} INFO - [2024-06-03T10:53:31.746+0000] {dag.py:3954} INFO - Setting next_dagrun for example_python_decorator to None, run_after=None
[2024-06-03T10:53:31.776+0000] {processor.py:183} INFO - Processing /home/airflow/.local/lib/python3.12/site-packages/airflow/example_dags/example_python_decorator.py took 0.109 seconds
