[2024-06-03T09:55:34.103+0000] {processor.py:161} INFO - Started process (PID=236) to work on /home/airflow/.local/lib/python3.12/site-packages/airflow/example_dags/example_latest_only.py
[2024-06-03T09:55:34.104+0000] {processor.py:830} INFO - Processing file /home/airflow/.local/lib/python3.12/site-packages/airflow/example_dags/example_latest_only.py for tasks to queue
[2024-06-03T09:55:34.110+0000] {logging_mixin.py:188} INFO - [2024-06-03T09:55:34.110+0000] {dagbag.py:545} INFO - Filling up the DagBag from /home/airflow/.local/lib/python3.12/site-packages/airflow/example_dags/example_latest_only.py
[2024-06-03T09:55:34.135+0000] {processor.py:840} INFO - DAG(s) 'latest_only' retrieved from /home/airflow/.local/lib/python3.12/site-packages/airflow/example_dags/example_latest_only.py
[2024-06-03T09:55:34.639+0000] {logging_mixin.py:188} INFO - [2024-06-03T09:55:34.638+0000] {dag.py:3096} INFO - Sync 1 DAGs
[2024-06-03T09:55:34.717+0000] {logging_mixin.py:188} INFO - [2024-06-03T09:55:34.717+0000] {dag.py:3954} INFO - Setting next_dagrun for latest_only to 2024-06-03 04:00:00+00:00, run_after=2024-06-03 08:00:00+00:00
[2024-06-03T09:55:34.813+0000] {processor.py:183} INFO - Processing /home/airflow/.local/lib/python3.12/site-packages/airflow/example_dags/example_latest_only.py took 0.725 seconds
[2024-06-03T09:57:10.406+0000] {processor.py:161} INFO - Started process (PID=492) to work on /home/airflow/.local/lib/python3.12/site-packages/airflow/example_dags/example_latest_only.py
[2024-06-03T09:57:10.503+0000] {processor.py:830} INFO - Processing file /home/airflow/.local/lib/python3.12/site-packages/airflow/example_dags/example_latest_only.py for tasks to queue
[2024-06-03T09:57:10.505+0000] {logging_mixin.py:188} INFO - [2024-06-03T09:57:10.505+0000] {dagbag.py:545} INFO - Filling up the DagBag from /home/airflow/.local/lib/python3.12/site-packages/airflow/example_dags/example_latest_only.py
[2024-06-03T09:57:10.670+0000] {processor.py:840} INFO - DAG(s) 'latest_only' retrieved from /home/airflow/.local/lib/python3.12/site-packages/airflow/example_dags/example_latest_only.py
[2024-06-03T09:57:11.405+0000] {logging_mixin.py:188} INFO - [2024-06-03T09:57:11.404+0000] {dag.py:3096} INFO - Sync 1 DAGs
[2024-06-03T09:57:12.105+0000] {logging_mixin.py:188} INFO - [2024-06-03T09:57:12.105+0000] {dag.py:3954} INFO - Setting next_dagrun for latest_only to 2024-06-03 04:00:00+00:00, run_after=2024-06-03 08:00:00+00:00
[2024-06-03T09:57:12.990+0000] {processor.py:183} INFO - Processing /home/airflow/.local/lib/python3.12/site-packages/airflow/example_dags/example_latest_only.py took 2.928 seconds
[2024-06-03T09:59:38.344+0000] {processor.py:161} INFO - Started process (PID=793) to work on /home/airflow/.local/lib/python3.12/site-packages/airflow/example_dags/example_latest_only.py
[2024-06-03T09:59:38.664+0000] {processor.py:830} INFO - Processing file /home/airflow/.local/lib/python3.12/site-packages/airflow/example_dags/example_latest_only.py for tasks to queue
[2024-06-03T09:59:38.686+0000] {logging_mixin.py:188} INFO - [2024-06-03T09:59:38.686+0000] {dagbag.py:545} INFO - Filling up the DagBag from /home/airflow/.local/lib/python3.12/site-packages/airflow/example_dags/example_latest_only.py
[2024-06-03T09:59:38.867+0000] {processor.py:840} INFO - DAG(s) 'latest_only' retrieved from /home/airflow/.local/lib/python3.12/site-packages/airflow/example_dags/example_latest_only.py
[2024-06-03T09:59:40.047+0000] {logging_mixin.py:188} INFO - [2024-06-03T09:59:40.046+0000] {dag.py:3096} INFO - Sync 1 DAGs
[2024-06-03T09:59:41.256+0000] {logging_mixin.py:188} INFO - [2024-06-03T09:59:41.256+0000] {dag.py:3954} INFO - Setting next_dagrun for latest_only to 2024-06-03 04:00:00+00:00, run_after=2024-06-03 08:00:00+00:00
[2024-06-03T09:59:43.040+0000] {processor.py:183} INFO - Processing /home/airflow/.local/lib/python3.12/site-packages/airflow/example_dags/example_latest_only.py took 4.836 seconds
[2024-06-03T10:00:27.257+0000] {processor.py:161} INFO - Started process (PID=1048) to work on /home/airflow/.local/lib/python3.12/site-packages/airflow/example_dags/example_latest_only.py
[2024-06-03T10:00:27.261+0000] {processor.py:830} INFO - Processing file /home/airflow/.local/lib/python3.12/site-packages/airflow/example_dags/example_latest_only.py for tasks to queue
[2024-06-03T10:00:27.265+0000] {logging_mixin.py:188} INFO - [2024-06-03T10:00:27.264+0000] {dagbag.py:545} INFO - Filling up the DagBag from /home/airflow/.local/lib/python3.12/site-packages/airflow/example_dags/example_latest_only.py
[2024-06-03T10:00:27.275+0000] {processor.py:840} INFO - DAG(s) 'latest_only' retrieved from /home/airflow/.local/lib/python3.12/site-packages/airflow/example_dags/example_latest_only.py
[2024-06-03T10:00:27.324+0000] {logging_mixin.py:188} INFO - [2024-06-03T10:00:27.323+0000] {dag.py:3096} INFO - Sync 1 DAGs
[2024-06-03T10:00:27.453+0000] {logging_mixin.py:188} INFO - [2024-06-03T10:00:27.453+0000] {dag.py:3954} INFO - Setting next_dagrun for latest_only to 2024-06-03 04:00:00+00:00, run_after=2024-06-03 08:00:00+00:00
[2024-06-03T10:00:27.604+0000] {processor.py:183} INFO - Processing /home/airflow/.local/lib/python3.12/site-packages/airflow/example_dags/example_latest_only.py took 0.360 seconds
[2024-06-03T10:01:04.921+0000] {processor.py:161} INFO - Started process (PID=1264) to work on /home/airflow/.local/lib/python3.12/site-packages/airflow/example_dags/example_latest_only.py
[2024-06-03T10:01:04.940+0000] {processor.py:830} INFO - Processing file /home/airflow/.local/lib/python3.12/site-packages/airflow/example_dags/example_latest_only.py for tasks to queue
[2024-06-03T10:01:04.943+0000] {logging_mixin.py:188} INFO - [2024-06-03T10:01:04.943+0000] {dagbag.py:545} INFO - Filling up the DagBag from /home/airflow/.local/lib/python3.12/site-packages/airflow/example_dags/example_latest_only.py
[2024-06-03T10:01:05.042+0000] {processor.py:840} INFO - DAG(s) 'latest_only' retrieved from /home/airflow/.local/lib/python3.12/site-packages/airflow/example_dags/example_latest_only.py
[2024-06-03T10:01:05.624+0000] {logging_mixin.py:188} INFO - [2024-06-03T10:01:05.624+0000] {dag.py:3096} INFO - Sync 1 DAGs
[2024-06-03T10:01:06.407+0000] {logging_mixin.py:188} INFO - [2024-06-03T10:01:06.406+0000] {dag.py:3954} INFO - Setting next_dagrun for latest_only to 2024-06-03 04:00:00+00:00, run_after=2024-06-03 08:00:00+00:00
[2024-06-03T10:01:06.749+0000] {processor.py:183} INFO - Processing /home/airflow/.local/lib/python3.12/site-packages/airflow/example_dags/example_latest_only.py took 2.108 seconds
[2024-06-03T10:03:23.559+0000] {processor.py:161} INFO - Started process (PID=1570) to work on /home/airflow/.local/lib/python3.12/site-packages/airflow/example_dags/example_latest_only.py
[2024-06-03T10:03:23.597+0000] {processor.py:830} INFO - Processing file /home/airflow/.local/lib/python3.12/site-packages/airflow/example_dags/example_latest_only.py for tasks to queue
[2024-06-03T10:03:23.679+0000] {logging_mixin.py:188} INFO - [2024-06-03T10:03:23.600+0000] {dagbag.py:545} INFO - Filling up the DagBag from /home/airflow/.local/lib/python3.12/site-packages/airflow/example_dags/example_latest_only.py
[2024-06-03T10:03:23.799+0000] {processor.py:840} INFO - DAG(s) 'latest_only' retrieved from /home/airflow/.local/lib/python3.12/site-packages/airflow/example_dags/example_latest_only.py
[2024-06-03T10:03:25.561+0000] {logging_mixin.py:188} INFO - [2024-06-03T10:03:25.561+0000] {dag.py:3096} INFO - Sync 1 DAGs
[2024-06-03T10:03:26.973+0000] {logging_mixin.py:188} INFO - [2024-06-03T10:03:26.973+0000] {dag.py:3954} INFO - Setting next_dagrun for latest_only to 2024-06-03 04:00:00+00:00, run_after=2024-06-03 08:00:00+00:00
[2024-06-03T10:03:28.179+0000] {processor.py:183} INFO - Processing /home/airflow/.local/lib/python3.12/site-packages/airflow/example_dags/example_latest_only.py took 4.922 seconds
[2024-06-03T10:04:55.527+0000] {processor.py:161} INFO - Started process (PID=1740) to work on /home/airflow/.local/lib/python3.12/site-packages/airflow/example_dags/example_latest_only.py
[2024-06-03T10:04:55.546+0000] {processor.py:830} INFO - Processing file /home/airflow/.local/lib/python3.12/site-packages/airflow/example_dags/example_latest_only.py for tasks to queue
[2024-06-03T10:04:55.626+0000] {logging_mixin.py:188} INFO - [2024-06-03T10:04:55.548+0000] {dagbag.py:545} INFO - Filling up the DagBag from /home/airflow/.local/lib/python3.12/site-packages/airflow/example_dags/example_latest_only.py
[2024-06-03T10:04:56.029+0000] {processor.py:840} INFO - DAG(s) 'latest_only' retrieved from /home/airflow/.local/lib/python3.12/site-packages/airflow/example_dags/example_latest_only.py
[2024-06-03T10:04:57.112+0000] {logging_mixin.py:188} INFO - [2024-06-03T10:04:57.054+0000] {dag.py:3096} INFO - Sync 1 DAGs
[2024-06-03T10:04:58.218+0000] {logging_mixin.py:188} INFO - [2024-06-03T10:04:58.218+0000] {dag.py:3954} INFO - Setting next_dagrun for latest_only to 2024-06-03 04:00:00+00:00, run_after=2024-06-03 08:00:00+00:00
[2024-06-03T10:04:59.186+0000] {processor.py:183} INFO - Processing /home/airflow/.local/lib/python3.12/site-packages/airflow/example_dags/example_latest_only.py took 3.992 seconds
[2024-06-03T10:05:31.500+0000] {processor.py:161} INFO - Started process (PID=1996) to work on /home/airflow/.local/lib/python3.12/site-packages/airflow/example_dags/example_latest_only.py
[2024-06-03T10:05:31.503+0000] {processor.py:830} INFO - Processing file /home/airflow/.local/lib/python3.12/site-packages/airflow/example_dags/example_latest_only.py for tasks to queue
[2024-06-03T10:05:31.506+0000] {logging_mixin.py:188} INFO - [2024-06-03T10:05:31.506+0000] {dagbag.py:545} INFO - Filling up the DagBag from /home/airflow/.local/lib/python3.12/site-packages/airflow/example_dags/example_latest_only.py
[2024-06-03T10:05:31.516+0000] {processor.py:840} INFO - DAG(s) 'latest_only' retrieved from /home/airflow/.local/lib/python3.12/site-packages/airflow/example_dags/example_latest_only.py
[2024-06-03T10:05:31.589+0000] {logging_mixin.py:188} INFO - [2024-06-03T10:05:31.588+0000] {dag.py:3096} INFO - Sync 1 DAGs
[2024-06-03T10:05:31.639+0000] {logging_mixin.py:188} INFO - [2024-06-03T10:05:31.639+0000] {dag.py:3954} INFO - Setting next_dagrun for latest_only to 2024-06-03 04:00:00+00:00, run_after=2024-06-03 08:00:00+00:00
[2024-06-03T10:05:31.710+0000] {processor.py:183} INFO - Processing /home/airflow/.local/lib/python3.12/site-packages/airflow/example_dags/example_latest_only.py took 0.224 seconds
[2024-06-03T10:06:18.494+0000] {processor.py:161} INFO - Started process (PID=2187) to work on /home/airflow/.local/lib/python3.12/site-packages/airflow/example_dags/example_latest_only.py
[2024-06-03T10:06:18.534+0000] {processor.py:830} INFO - Processing file /home/airflow/.local/lib/python3.12/site-packages/airflow/example_dags/example_latest_only.py for tasks to queue
[2024-06-03T10:06:18.612+0000] {logging_mixin.py:188} INFO - [2024-06-03T10:06:18.555+0000] {dagbag.py:545} INFO - Filling up the DagBag from /home/airflow/.local/lib/python3.12/site-packages/airflow/example_dags/example_latest_only.py
[2024-06-03T10:06:18.693+0000] {processor.py:840} INFO - DAG(s) 'latest_only' retrieved from /home/airflow/.local/lib/python3.12/site-packages/airflow/example_dags/example_latest_only.py
[2024-06-03T10:06:19.434+0000] {logging_mixin.py:188} INFO - [2024-06-03T10:06:19.397+0000] {dag.py:3096} INFO - Sync 1 DAGs
[2024-06-03T10:06:20.117+0000] {logging_mixin.py:188} INFO - [2024-06-03T10:06:20.116+0000] {dag.py:3954} INFO - Setting next_dagrun for latest_only to 2024-06-03 04:00:00+00:00, run_after=2024-06-03 08:00:00+00:00
[2024-06-03T10:06:20.581+0000] {processor.py:183} INFO - Processing /home/airflow/.local/lib/python3.12/site-packages/airflow/example_dags/example_latest_only.py took 2.230 seconds
[2024-06-03T10:22:29.136+0000] {processor.py:161} INFO - Started process (PID=238) to work on /home/airflow/.local/lib/python3.12/site-packages/airflow/example_dags/example_latest_only.py
[2024-06-03T10:22:29.137+0000] {processor.py:830} INFO - Processing file /home/airflow/.local/lib/python3.12/site-packages/airflow/example_dags/example_latest_only.py for tasks to queue
[2024-06-03T10:22:29.138+0000] {logging_mixin.py:188} INFO - [2024-06-03T10:22:29.138+0000] {dagbag.py:545} INFO - Filling up the DagBag from /home/airflow/.local/lib/python3.12/site-packages/airflow/example_dags/example_latest_only.py
[2024-06-03T10:22:29.147+0000] {processor.py:840} INFO - DAG(s) 'latest_only' retrieved from /home/airflow/.local/lib/python3.12/site-packages/airflow/example_dags/example_latest_only.py
[2024-06-03T10:22:29.304+0000] {logging_mixin.py:188} INFO - [2024-06-03T10:22:29.303+0000] {dag.py:3096} INFO - Sync 1 DAGs
[2024-06-03T10:22:29.338+0000] {logging_mixin.py:188} INFO - [2024-06-03T10:22:29.338+0000] {dag.py:3954} INFO - Setting next_dagrun for latest_only to 2024-06-03 04:00:00+00:00, run_after=2024-06-03 08:00:00+00:00
[2024-06-03T10:22:29.369+0000] {processor.py:183} INFO - Processing /home/airflow/.local/lib/python3.12/site-packages/airflow/example_dags/example_latest_only.py took 0.240 seconds
[2024-06-03T10:22:59.557+0000] {processor.py:161} INFO - Started process (PID=494) to work on /home/airflow/.local/lib/python3.12/site-packages/airflow/example_dags/example_latest_only.py
[2024-06-03T10:22:59.557+0000] {processor.py:830} INFO - Processing file /home/airflow/.local/lib/python3.12/site-packages/airflow/example_dags/example_latest_only.py for tasks to queue
[2024-06-03T10:22:59.559+0000] {logging_mixin.py:188} INFO - [2024-06-03T10:22:59.558+0000] {dagbag.py:545} INFO - Filling up the DagBag from /home/airflow/.local/lib/python3.12/site-packages/airflow/example_dags/example_latest_only.py
[2024-06-03T10:22:59.564+0000] {processor.py:840} INFO - DAG(s) 'latest_only' retrieved from /home/airflow/.local/lib/python3.12/site-packages/airflow/example_dags/example_latest_only.py
[2024-06-03T10:22:59.592+0000] {logging_mixin.py:188} INFO - [2024-06-03T10:22:59.591+0000] {dag.py:3096} INFO - Sync 1 DAGs
[2024-06-03T10:22:59.624+0000] {logging_mixin.py:188} INFO - [2024-06-03T10:22:59.624+0000] {dag.py:3954} INFO - Setting next_dagrun for latest_only to 2024-06-03 04:00:00+00:00, run_after=2024-06-03 08:00:00+00:00
[2024-06-03T10:22:59.646+0000] {processor.py:183} INFO - Processing /home/airflow/.local/lib/python3.12/site-packages/airflow/example_dags/example_latest_only.py took 0.096 seconds
[2024-06-03T10:23:30.102+0000] {processor.py:161} INFO - Started process (PID=750) to work on /home/airflow/.local/lib/python3.12/site-packages/airflow/example_dags/example_latest_only.py
[2024-06-03T10:23:30.103+0000] {processor.py:830} INFO - Processing file /home/airflow/.local/lib/python3.12/site-packages/airflow/example_dags/example_latest_only.py for tasks to queue
[2024-06-03T10:23:30.104+0000] {logging_mixin.py:188} INFO - [2024-06-03T10:23:30.104+0000] {dagbag.py:545} INFO - Filling up the DagBag from /home/airflow/.local/lib/python3.12/site-packages/airflow/example_dags/example_latest_only.py
[2024-06-03T10:23:30.110+0000] {processor.py:840} INFO - DAG(s) 'latest_only' retrieved from /home/airflow/.local/lib/python3.12/site-packages/airflow/example_dags/example_latest_only.py
[2024-06-03T10:23:30.138+0000] {logging_mixin.py:188} INFO - [2024-06-03T10:23:30.137+0000] {dag.py:3096} INFO - Sync 1 DAGs
[2024-06-03T10:23:30.175+0000] {logging_mixin.py:188} INFO - [2024-06-03T10:23:30.175+0000] {dag.py:3954} INFO - Setting next_dagrun for latest_only to 2024-06-03 04:00:00+00:00, run_after=2024-06-03 08:00:00+00:00
[2024-06-03T10:23:30.204+0000] {processor.py:183} INFO - Processing /home/airflow/.local/lib/python3.12/site-packages/airflow/example_dags/example_latest_only.py took 0.108 seconds
[2024-06-03T10:24:00.624+0000] {processor.py:161} INFO - Started process (PID=1006) to work on /home/airflow/.local/lib/python3.12/site-packages/airflow/example_dags/example_latest_only.py
[2024-06-03T10:24:00.625+0000] {processor.py:830} INFO - Processing file /home/airflow/.local/lib/python3.12/site-packages/airflow/example_dags/example_latest_only.py for tasks to queue
[2024-06-03T10:24:00.627+0000] {logging_mixin.py:188} INFO - [2024-06-03T10:24:00.627+0000] {dagbag.py:545} INFO - Filling up the DagBag from /home/airflow/.local/lib/python3.12/site-packages/airflow/example_dags/example_latest_only.py
[2024-06-03T10:24:00.634+0000] {processor.py:840} INFO - DAG(s) 'latest_only' retrieved from /home/airflow/.local/lib/python3.12/site-packages/airflow/example_dags/example_latest_only.py
[2024-06-03T10:24:00.663+0000] {logging_mixin.py:188} INFO - [2024-06-03T10:24:00.663+0000] {dag.py:3096} INFO - Sync 1 DAGs
[2024-06-03T10:24:00.703+0000] {logging_mixin.py:188} INFO - [2024-06-03T10:24:00.702+0000] {dag.py:3954} INFO - Setting next_dagrun for latest_only to 2024-06-03 04:00:00+00:00, run_after=2024-06-03 08:00:00+00:00
[2024-06-03T10:24:00.732+0000] {processor.py:183} INFO - Processing /home/airflow/.local/lib/python3.12/site-packages/airflow/example_dags/example_latest_only.py took 0.117 seconds
[2024-06-03T10:24:31.292+0000] {processor.py:161} INFO - Started process (PID=1264) to work on /home/airflow/.local/lib/python3.12/site-packages/airflow/example_dags/example_latest_only.py
[2024-06-03T10:24:31.293+0000] {processor.py:830} INFO - Processing file /home/airflow/.local/lib/python3.12/site-packages/airflow/example_dags/example_latest_only.py for tasks to queue
[2024-06-03T10:24:31.295+0000] {logging_mixin.py:188} INFO - [2024-06-03T10:24:31.295+0000] {dagbag.py:545} INFO - Filling up the DagBag from /home/airflow/.local/lib/python3.12/site-packages/airflow/example_dags/example_latest_only.py
[2024-06-03T10:24:31.300+0000] {processor.py:840} INFO - DAG(s) 'latest_only' retrieved from /home/airflow/.local/lib/python3.12/site-packages/airflow/example_dags/example_latest_only.py
[2024-06-03T10:24:31.328+0000] {logging_mixin.py:188} INFO - [2024-06-03T10:24:31.328+0000] {dag.py:3096} INFO - Sync 1 DAGs
[2024-06-03T10:24:31.366+0000] {logging_mixin.py:188} INFO - [2024-06-03T10:24:31.366+0000] {dag.py:3954} INFO - Setting next_dagrun for latest_only to 2024-06-03 04:00:00+00:00, run_after=2024-06-03 08:00:00+00:00
[2024-06-03T10:24:31.393+0000] {processor.py:183} INFO - Processing /home/airflow/.local/lib/python3.12/site-packages/airflow/example_dags/example_latest_only.py took 0.108 seconds
[2024-06-03T10:25:01.710+0000] {processor.py:161} INFO - Started process (PID=1518) to work on /home/airflow/.local/lib/python3.12/site-packages/airflow/example_dags/example_latest_only.py
[2024-06-03T10:25:01.711+0000] {processor.py:830} INFO - Processing file /home/airflow/.local/lib/python3.12/site-packages/airflow/example_dags/example_latest_only.py for tasks to queue
[2024-06-03T10:25:01.713+0000] {logging_mixin.py:188} INFO - [2024-06-03T10:25:01.713+0000] {dagbag.py:545} INFO - Filling up the DagBag from /home/airflow/.local/lib/python3.12/site-packages/airflow/example_dags/example_latest_only.py
[2024-06-03T10:25:01.719+0000] {processor.py:840} INFO - DAG(s) 'latest_only' retrieved from /home/airflow/.local/lib/python3.12/site-packages/airflow/example_dags/example_latest_only.py
[2024-06-03T10:25:01.744+0000] {logging_mixin.py:188} INFO - [2024-06-03T10:25:01.744+0000] {dag.py:3096} INFO - Sync 1 DAGs
[2024-06-03T10:25:01.777+0000] {logging_mixin.py:188} INFO - [2024-06-03T10:25:01.777+0000] {dag.py:3954} INFO - Setting next_dagrun for latest_only to 2024-06-03 04:00:00+00:00, run_after=2024-06-03 08:00:00+00:00
[2024-06-03T10:25:01.803+0000] {processor.py:183} INFO - Processing /home/airflow/.local/lib/python3.12/site-packages/airflow/example_dags/example_latest_only.py took 0.099 seconds
[2024-06-03T10:25:32.197+0000] {processor.py:161} INFO - Started process (PID=1774) to work on /home/airflow/.local/lib/python3.12/site-packages/airflow/example_dags/example_latest_only.py
[2024-06-03T10:25:32.198+0000] {processor.py:830} INFO - Processing file /home/airflow/.local/lib/python3.12/site-packages/airflow/example_dags/example_latest_only.py for tasks to queue
[2024-06-03T10:25:32.199+0000] {logging_mixin.py:188} INFO - [2024-06-03T10:25:32.199+0000] {dagbag.py:545} INFO - Filling up the DagBag from /home/airflow/.local/lib/python3.12/site-packages/airflow/example_dags/example_latest_only.py
[2024-06-03T10:25:32.204+0000] {processor.py:840} INFO - DAG(s) 'latest_only' retrieved from /home/airflow/.local/lib/python3.12/site-packages/airflow/example_dags/example_latest_only.py
[2024-06-03T10:25:32.231+0000] {logging_mixin.py:188} INFO - [2024-06-03T10:25:32.230+0000] {dag.py:3096} INFO - Sync 1 DAGs
[2024-06-03T10:25:32.263+0000] {logging_mixin.py:188} INFO - [2024-06-03T10:25:32.263+0000] {dag.py:3954} INFO - Setting next_dagrun for latest_only to 2024-06-03 04:00:00+00:00, run_after=2024-06-03 08:00:00+00:00
[2024-06-03T10:25:32.288+0000] {processor.py:183} INFO - Processing /home/airflow/.local/lib/python3.12/site-packages/airflow/example_dags/example_latest_only.py took 0.098 seconds
[2024-06-03T10:26:02.598+0000] {processor.py:161} INFO - Started process (PID=2030) to work on /home/airflow/.local/lib/python3.12/site-packages/airflow/example_dags/example_latest_only.py
[2024-06-03T10:26:02.599+0000] {processor.py:830} INFO - Processing file /home/airflow/.local/lib/python3.12/site-packages/airflow/example_dags/example_latest_only.py for tasks to queue
[2024-06-03T10:26:02.601+0000] {logging_mixin.py:188} INFO - [2024-06-03T10:26:02.601+0000] {dagbag.py:545} INFO - Filling up the DagBag from /home/airflow/.local/lib/python3.12/site-packages/airflow/example_dags/example_latest_only.py
[2024-06-03T10:26:02.606+0000] {processor.py:840} INFO - DAG(s) 'latest_only' retrieved from /home/airflow/.local/lib/python3.12/site-packages/airflow/example_dags/example_latest_only.py
[2024-06-03T10:26:02.636+0000] {logging_mixin.py:188} INFO - [2024-06-03T10:26:02.635+0000] {dag.py:3096} INFO - Sync 1 DAGs
[2024-06-03T10:26:02.675+0000] {logging_mixin.py:188} INFO - [2024-06-03T10:26:02.675+0000] {dag.py:3954} INFO - Setting next_dagrun for latest_only to 2024-06-03 04:00:00+00:00, run_after=2024-06-03 08:00:00+00:00
[2024-06-03T10:26:02.703+0000] {processor.py:183} INFO - Processing /home/airflow/.local/lib/python3.12/site-packages/airflow/example_dags/example_latest_only.py took 0.112 seconds
[2024-06-03T10:26:33.022+0000] {processor.py:161} INFO - Started process (PID=2286) to work on /home/airflow/.local/lib/python3.12/site-packages/airflow/example_dags/example_latest_only.py
[2024-06-03T10:26:33.023+0000] {processor.py:830} INFO - Processing file /home/airflow/.local/lib/python3.12/site-packages/airflow/example_dags/example_latest_only.py for tasks to queue
[2024-06-03T10:26:33.025+0000] {logging_mixin.py:188} INFO - [2024-06-03T10:26:33.024+0000] {dagbag.py:545} INFO - Filling up the DagBag from /home/airflow/.local/lib/python3.12/site-packages/airflow/example_dags/example_latest_only.py
[2024-06-03T10:26:33.029+0000] {processor.py:840} INFO - DAG(s) 'latest_only' retrieved from /home/airflow/.local/lib/python3.12/site-packages/airflow/example_dags/example_latest_only.py
[2024-06-03T10:26:33.055+0000] {logging_mixin.py:188} INFO - [2024-06-03T10:26:33.054+0000] {dag.py:3096} INFO - Sync 1 DAGs
[2024-06-03T10:26:33.088+0000] {logging_mixin.py:188} INFO - [2024-06-03T10:26:33.087+0000] {dag.py:3954} INFO - Setting next_dagrun for latest_only to 2024-06-03 04:00:00+00:00, run_after=2024-06-03 08:00:00+00:00
[2024-06-03T10:26:33.112+0000] {processor.py:183} INFO - Processing /home/airflow/.local/lib/python3.12/site-packages/airflow/example_dags/example_latest_only.py took 0.096 seconds
[2024-06-03T10:27:03.447+0000] {processor.py:161} INFO - Started process (PID=2542) to work on /home/airflow/.local/lib/python3.12/site-packages/airflow/example_dags/example_latest_only.py
[2024-06-03T10:27:03.448+0000] {processor.py:830} INFO - Processing file /home/airflow/.local/lib/python3.12/site-packages/airflow/example_dags/example_latest_only.py for tasks to queue
[2024-06-03T10:27:03.450+0000] {logging_mixin.py:188} INFO - [2024-06-03T10:27:03.450+0000] {dagbag.py:545} INFO - Filling up the DagBag from /home/airflow/.local/lib/python3.12/site-packages/airflow/example_dags/example_latest_only.py
[2024-06-03T10:27:03.456+0000] {processor.py:840} INFO - DAG(s) 'latest_only' retrieved from /home/airflow/.local/lib/python3.12/site-packages/airflow/example_dags/example_latest_only.py
[2024-06-03T10:27:03.483+0000] {logging_mixin.py:188} INFO - [2024-06-03T10:27:03.482+0000] {dag.py:3096} INFO - Sync 1 DAGs
[2024-06-03T10:27:03.516+0000] {logging_mixin.py:188} INFO - [2024-06-03T10:27:03.516+0000] {dag.py:3954} INFO - Setting next_dagrun for latest_only to 2024-06-03 04:00:00+00:00, run_after=2024-06-03 08:00:00+00:00
[2024-06-03T10:27:03.541+0000] {processor.py:183} INFO - Processing /home/airflow/.local/lib/python3.12/site-packages/airflow/example_dags/example_latest_only.py took 0.103 seconds
[2024-06-03T10:27:33.734+0000] {processor.py:161} INFO - Started process (PID=2798) to work on /home/airflow/.local/lib/python3.12/site-packages/airflow/example_dags/example_latest_only.py
[2024-06-03T10:27:33.735+0000] {processor.py:830} INFO - Processing file /home/airflow/.local/lib/python3.12/site-packages/airflow/example_dags/example_latest_only.py for tasks to queue
[2024-06-03T10:27:33.737+0000] {logging_mixin.py:188} INFO - [2024-06-03T10:27:33.736+0000] {dagbag.py:545} INFO - Filling up the DagBag from /home/airflow/.local/lib/python3.12/site-packages/airflow/example_dags/example_latest_only.py
[2024-06-03T10:27:33.741+0000] {processor.py:840} INFO - DAG(s) 'latest_only' retrieved from /home/airflow/.local/lib/python3.12/site-packages/airflow/example_dags/example_latest_only.py
[2024-06-03T10:27:33.769+0000] {logging_mixin.py:188} INFO - [2024-06-03T10:27:33.769+0000] {dag.py:3096} INFO - Sync 1 DAGs
[2024-06-03T10:27:33.806+0000] {logging_mixin.py:188} INFO - [2024-06-03T10:27:33.805+0000] {dag.py:3954} INFO - Setting next_dagrun for latest_only to 2024-06-03 04:00:00+00:00, run_after=2024-06-03 08:00:00+00:00
[2024-06-03T10:27:33.833+0000] {processor.py:183} INFO - Processing /home/airflow/.local/lib/python3.12/site-packages/airflow/example_dags/example_latest_only.py took 0.105 seconds
[2024-06-03T10:28:04.778+0000] {processor.py:161} INFO - Started process (PID=3054) to work on /home/airflow/.local/lib/python3.12/site-packages/airflow/example_dags/example_latest_only.py
[2024-06-03T10:28:04.779+0000] {processor.py:830} INFO - Processing file /home/airflow/.local/lib/python3.12/site-packages/airflow/example_dags/example_latest_only.py for tasks to queue
[2024-06-03T10:28:04.780+0000] {logging_mixin.py:188} INFO - [2024-06-03T10:28:04.780+0000] {dagbag.py:545} INFO - Filling up the DagBag from /home/airflow/.local/lib/python3.12/site-packages/airflow/example_dags/example_latest_only.py
[2024-06-03T10:28:04.785+0000] {processor.py:840} INFO - DAG(s) 'latest_only' retrieved from /home/airflow/.local/lib/python3.12/site-packages/airflow/example_dags/example_latest_only.py
[2024-06-03T10:28:04.808+0000] {logging_mixin.py:188} INFO - [2024-06-03T10:28:04.807+0000] {dag.py:3096} INFO - Sync 1 DAGs
[2024-06-03T10:28:04.838+0000] {logging_mixin.py:188} INFO - [2024-06-03T10:28:04.838+0000] {dag.py:3954} INFO - Setting next_dagrun for latest_only to 2024-06-03 04:00:00+00:00, run_after=2024-06-03 08:00:00+00:00
[2024-06-03T10:28:04.862+0000] {processor.py:183} INFO - Processing /home/airflow/.local/lib/python3.12/site-packages/airflow/example_dags/example_latest_only.py took 0.091 seconds
[2024-06-03T10:28:34.962+0000] {processor.py:161} INFO - Started process (PID=3305) to work on /home/airflow/.local/lib/python3.12/site-packages/airflow/example_dags/example_latest_only.py
[2024-06-03T10:28:34.963+0000] {processor.py:830} INFO - Processing file /home/airflow/.local/lib/python3.12/site-packages/airflow/example_dags/example_latest_only.py for tasks to queue
[2024-06-03T10:28:34.964+0000] {logging_mixin.py:188} INFO - [2024-06-03T10:28:34.964+0000] {dagbag.py:545} INFO - Filling up the DagBag from /home/airflow/.local/lib/python3.12/site-packages/airflow/example_dags/example_latest_only.py
[2024-06-03T10:28:34.969+0000] {processor.py:840} INFO - DAG(s) 'latest_only' retrieved from /home/airflow/.local/lib/python3.12/site-packages/airflow/example_dags/example_latest_only.py
[2024-06-03T10:28:34.995+0000] {logging_mixin.py:188} INFO - [2024-06-03T10:28:34.995+0000] {dag.py:3096} INFO - Sync 1 DAGs
[2024-06-03T10:28:35.025+0000] {logging_mixin.py:188} INFO - [2024-06-03T10:28:35.024+0000] {dag.py:3954} INFO - Setting next_dagrun for latest_only to 2024-06-03 04:00:00+00:00, run_after=2024-06-03 08:00:00+00:00
[2024-06-03T10:28:35.046+0000] {processor.py:183} INFO - Processing /home/airflow/.local/lib/python3.12/site-packages/airflow/example_dags/example_latest_only.py took 0.091 seconds
[2024-06-03T10:29:05.201+0000] {processor.py:161} INFO - Started process (PID=3561) to work on /home/airflow/.local/lib/python3.12/site-packages/airflow/example_dags/example_latest_only.py
[2024-06-03T10:29:05.202+0000] {processor.py:830} INFO - Processing file /home/airflow/.local/lib/python3.12/site-packages/airflow/example_dags/example_latest_only.py for tasks to queue
[2024-06-03T10:29:05.204+0000] {logging_mixin.py:188} INFO - [2024-06-03T10:29:05.204+0000] {dagbag.py:545} INFO - Filling up the DagBag from /home/airflow/.local/lib/python3.12/site-packages/airflow/example_dags/example_latest_only.py
[2024-06-03T10:29:05.209+0000] {processor.py:840} INFO - DAG(s) 'latest_only' retrieved from /home/airflow/.local/lib/python3.12/site-packages/airflow/example_dags/example_latest_only.py
[2024-06-03T10:29:05.238+0000] {logging_mixin.py:188} INFO - [2024-06-03T10:29:05.237+0000] {dag.py:3096} INFO - Sync 1 DAGs
[2024-06-03T10:29:05.276+0000] {logging_mixin.py:188} INFO - [2024-06-03T10:29:05.276+0000] {dag.py:3954} INFO - Setting next_dagrun for latest_only to 2024-06-03 04:00:00+00:00, run_after=2024-06-03 08:00:00+00:00
[2024-06-03T10:29:05.305+0000] {processor.py:183} INFO - Processing /home/airflow/.local/lib/python3.12/site-packages/airflow/example_dags/example_latest_only.py took 0.111 seconds
[2024-06-03T10:29:35.518+0000] {processor.py:161} INFO - Started process (PID=3817) to work on /home/airflow/.local/lib/python3.12/site-packages/airflow/example_dags/example_latest_only.py
[2024-06-03T10:29:35.518+0000] {processor.py:830} INFO - Processing file /home/airflow/.local/lib/python3.12/site-packages/airflow/example_dags/example_latest_only.py for tasks to queue
[2024-06-03T10:29:35.520+0000] {logging_mixin.py:188} INFO - [2024-06-03T10:29:35.519+0000] {dagbag.py:545} INFO - Filling up the DagBag from /home/airflow/.local/lib/python3.12/site-packages/airflow/example_dags/example_latest_only.py
[2024-06-03T10:29:35.524+0000] {processor.py:840} INFO - DAG(s) 'latest_only' retrieved from /home/airflow/.local/lib/python3.12/site-packages/airflow/example_dags/example_latest_only.py
[2024-06-03T10:29:35.549+0000] {logging_mixin.py:188} INFO - [2024-06-03T10:29:35.549+0000] {dag.py:3096} INFO - Sync 1 DAGs
[2024-06-03T10:29:35.581+0000] {logging_mixin.py:188} INFO - [2024-06-03T10:29:35.581+0000] {dag.py:3954} INFO - Setting next_dagrun for latest_only to 2024-06-03 04:00:00+00:00, run_after=2024-06-03 08:00:00+00:00
[2024-06-03T10:29:35.605+0000] {processor.py:183} INFO - Processing /home/airflow/.local/lib/python3.12/site-packages/airflow/example_dags/example_latest_only.py took 0.095 seconds
[2024-06-03T10:30:05.726+0000] {processor.py:161} INFO - Started process (PID=4073) to work on /home/airflow/.local/lib/python3.12/site-packages/airflow/example_dags/example_latest_only.py
[2024-06-03T10:30:05.727+0000] {processor.py:830} INFO - Processing file /home/airflow/.local/lib/python3.12/site-packages/airflow/example_dags/example_latest_only.py for tasks to queue
[2024-06-03T10:30:05.729+0000] {logging_mixin.py:188} INFO - [2024-06-03T10:30:05.728+0000] {dagbag.py:545} INFO - Filling up the DagBag from /home/airflow/.local/lib/python3.12/site-packages/airflow/example_dags/example_latest_only.py
[2024-06-03T10:30:05.733+0000] {processor.py:840} INFO - DAG(s) 'latest_only' retrieved from /home/airflow/.local/lib/python3.12/site-packages/airflow/example_dags/example_latest_only.py
[2024-06-03T10:30:05.761+0000] {logging_mixin.py:188} INFO - [2024-06-03T10:30:05.761+0000] {dag.py:3096} INFO - Sync 1 DAGs
[2024-06-03T10:30:05.799+0000] {logging_mixin.py:188} INFO - [2024-06-03T10:30:05.798+0000] {dag.py:3954} INFO - Setting next_dagrun for latest_only to 2024-06-03 04:00:00+00:00, run_after=2024-06-03 08:00:00+00:00
[2024-06-03T10:30:05.829+0000] {processor.py:183} INFO - Processing /home/airflow/.local/lib/python3.12/site-packages/airflow/example_dags/example_latest_only.py took 0.109 seconds
[2024-06-03T10:30:36.029+0000] {processor.py:161} INFO - Started process (PID=4329) to work on /home/airflow/.local/lib/python3.12/site-packages/airflow/example_dags/example_latest_only.py
[2024-06-03T10:30:36.030+0000] {processor.py:830} INFO - Processing file /home/airflow/.local/lib/python3.12/site-packages/airflow/example_dags/example_latest_only.py for tasks to queue
[2024-06-03T10:30:36.032+0000] {logging_mixin.py:188} INFO - [2024-06-03T10:30:36.032+0000] {dagbag.py:545} INFO - Filling up the DagBag from /home/airflow/.local/lib/python3.12/site-packages/airflow/example_dags/example_latest_only.py
[2024-06-03T10:30:36.038+0000] {processor.py:840} INFO - DAG(s) 'latest_only' retrieved from /home/airflow/.local/lib/python3.12/site-packages/airflow/example_dags/example_latest_only.py
[2024-06-03T10:30:36.065+0000] {logging_mixin.py:188} INFO - [2024-06-03T10:30:36.064+0000] {dag.py:3096} INFO - Sync 1 DAGs
[2024-06-03T10:30:36.095+0000] {logging_mixin.py:188} INFO - [2024-06-03T10:30:36.095+0000] {dag.py:3954} INFO - Setting next_dagrun for latest_only to 2024-06-03 04:00:00+00:00, run_after=2024-06-03 08:00:00+00:00
[2024-06-03T10:30:36.121+0000] {processor.py:183} INFO - Processing /home/airflow/.local/lib/python3.12/site-packages/airflow/example_dags/example_latest_only.py took 0.099 seconds
[2024-06-03T10:31:06.352+0000] {processor.py:161} INFO - Started process (PID=4585) to work on /home/airflow/.local/lib/python3.12/site-packages/airflow/example_dags/example_latest_only.py
[2024-06-03T10:31:06.353+0000] {processor.py:830} INFO - Processing file /home/airflow/.local/lib/python3.12/site-packages/airflow/example_dags/example_latest_only.py for tasks to queue
[2024-06-03T10:31:06.355+0000] {logging_mixin.py:188} INFO - [2024-06-03T10:31:06.354+0000] {dagbag.py:545} INFO - Filling up the DagBag from /home/airflow/.local/lib/python3.12/site-packages/airflow/example_dags/example_latest_only.py
[2024-06-03T10:31:06.359+0000] {processor.py:840} INFO - DAG(s) 'latest_only' retrieved from /home/airflow/.local/lib/python3.12/site-packages/airflow/example_dags/example_latest_only.py
[2024-06-03T10:31:06.384+0000] {logging_mixin.py:188} INFO - [2024-06-03T10:31:06.384+0000] {dag.py:3096} INFO - Sync 1 DAGs
[2024-06-03T10:31:06.415+0000] {logging_mixin.py:188} INFO - [2024-06-03T10:31:06.415+0000] {dag.py:3954} INFO - Setting next_dagrun for latest_only to 2024-06-03 04:00:00+00:00, run_after=2024-06-03 08:00:00+00:00
[2024-06-03T10:31:06.440+0000] {processor.py:183} INFO - Processing /home/airflow/.local/lib/python3.12/site-packages/airflow/example_dags/example_latest_only.py took 0.094 seconds
[2024-06-03T10:31:36.781+0000] {processor.py:161} INFO - Started process (PID=4841) to work on /home/airflow/.local/lib/python3.12/site-packages/airflow/example_dags/example_latest_only.py
[2024-06-03T10:31:36.782+0000] {processor.py:830} INFO - Processing file /home/airflow/.local/lib/python3.12/site-packages/airflow/example_dags/example_latest_only.py for tasks to queue
[2024-06-03T10:31:36.784+0000] {logging_mixin.py:188} INFO - [2024-06-03T10:31:36.783+0000] {dagbag.py:545} INFO - Filling up the DagBag from /home/airflow/.local/lib/python3.12/site-packages/airflow/example_dags/example_latest_only.py
[2024-06-03T10:31:36.788+0000] {processor.py:840} INFO - DAG(s) 'latest_only' retrieved from /home/airflow/.local/lib/python3.12/site-packages/airflow/example_dags/example_latest_only.py
[2024-06-03T10:31:36.813+0000] {logging_mixin.py:188} INFO - [2024-06-03T10:31:36.813+0000] {dag.py:3096} INFO - Sync 1 DAGs
[2024-06-03T10:31:36.846+0000] {logging_mixin.py:188} INFO - [2024-06-03T10:31:36.846+0000] {dag.py:3954} INFO - Setting next_dagrun for latest_only to 2024-06-03 04:00:00+00:00, run_after=2024-06-03 08:00:00+00:00
[2024-06-03T10:31:36.872+0000] {processor.py:183} INFO - Processing /home/airflow/.local/lib/python3.12/site-packages/airflow/example_dags/example_latest_only.py took 0.098 seconds
[2024-06-03T10:32:07.014+0000] {processor.py:161} INFO - Started process (PID=5097) to work on /home/airflow/.local/lib/python3.12/site-packages/airflow/example_dags/example_latest_only.py
[2024-06-03T10:32:07.015+0000] {processor.py:830} INFO - Processing file /home/airflow/.local/lib/python3.12/site-packages/airflow/example_dags/example_latest_only.py for tasks to queue
[2024-06-03T10:32:07.017+0000] {logging_mixin.py:188} INFO - [2024-06-03T10:32:07.017+0000] {dagbag.py:545} INFO - Filling up the DagBag from /home/airflow/.local/lib/python3.12/site-packages/airflow/example_dags/example_latest_only.py
[2024-06-03T10:32:07.022+0000] {processor.py:840} INFO - DAG(s) 'latest_only' retrieved from /home/airflow/.local/lib/python3.12/site-packages/airflow/example_dags/example_latest_only.py
[2024-06-03T10:32:07.047+0000] {logging_mixin.py:188} INFO - [2024-06-03T10:32:07.046+0000] {dag.py:3096} INFO - Sync 1 DAGs
[2024-06-03T10:32:07.079+0000] {logging_mixin.py:188} INFO - [2024-06-03T10:32:07.078+0000] {dag.py:3954} INFO - Setting next_dagrun for latest_only to 2024-06-03 04:00:00+00:00, run_after=2024-06-03 08:00:00+00:00
[2024-06-03T10:32:07.103+0000] {processor.py:183} INFO - Processing /home/airflow/.local/lib/python3.12/site-packages/airflow/example_dags/example_latest_only.py took 0.096 seconds
[2024-06-03T10:32:37.255+0000] {processor.py:161} INFO - Started process (PID=5353) to work on /home/airflow/.local/lib/python3.12/site-packages/airflow/example_dags/example_latest_only.py
[2024-06-03T10:32:37.255+0000] {processor.py:830} INFO - Processing file /home/airflow/.local/lib/python3.12/site-packages/airflow/example_dags/example_latest_only.py for tasks to queue
[2024-06-03T10:32:37.257+0000] {logging_mixin.py:188} INFO - [2024-06-03T10:32:37.257+0000] {dagbag.py:545} INFO - Filling up the DagBag from /home/airflow/.local/lib/python3.12/site-packages/airflow/example_dags/example_latest_only.py
[2024-06-03T10:32:37.262+0000] {processor.py:840} INFO - DAG(s) 'latest_only' retrieved from /home/airflow/.local/lib/python3.12/site-packages/airflow/example_dags/example_latest_only.py
[2024-06-03T10:32:37.288+0000] {logging_mixin.py:188} INFO - [2024-06-03T10:32:37.288+0000] {dag.py:3096} INFO - Sync 1 DAGs
[2024-06-03T10:32:37.325+0000] {logging_mixin.py:188} INFO - [2024-06-03T10:32:37.325+0000] {dag.py:3954} INFO - Setting next_dagrun for latest_only to 2024-06-03 04:00:00+00:00, run_after=2024-06-03 08:00:00+00:00
[2024-06-03T10:32:37.350+0000] {processor.py:183} INFO - Processing /home/airflow/.local/lib/python3.12/site-packages/airflow/example_dags/example_latest_only.py took 0.102 seconds
[2024-06-03T10:33:07.567+0000] {processor.py:161} INFO - Started process (PID=5609) to work on /home/airflow/.local/lib/python3.12/site-packages/airflow/example_dags/example_latest_only.py
[2024-06-03T10:33:07.568+0000] {processor.py:830} INFO - Processing file /home/airflow/.local/lib/python3.12/site-packages/airflow/example_dags/example_latest_only.py for tasks to queue
[2024-06-03T10:33:07.569+0000] {logging_mixin.py:188} INFO - [2024-06-03T10:33:07.569+0000] {dagbag.py:545} INFO - Filling up the DagBag from /home/airflow/.local/lib/python3.12/site-packages/airflow/example_dags/example_latest_only.py
[2024-06-03T10:33:07.574+0000] {processor.py:840} INFO - DAG(s) 'latest_only' retrieved from /home/airflow/.local/lib/python3.12/site-packages/airflow/example_dags/example_latest_only.py
[2024-06-03T10:33:07.600+0000] {logging_mixin.py:188} INFO - [2024-06-03T10:33:07.600+0000] {dag.py:3096} INFO - Sync 1 DAGs
[2024-06-03T10:33:07.633+0000] {logging_mixin.py:188} INFO - [2024-06-03T10:33:07.632+0000] {dag.py:3954} INFO - Setting next_dagrun for latest_only to 2024-06-03 04:00:00+00:00, run_after=2024-06-03 08:00:00+00:00
[2024-06-03T10:33:07.657+0000] {processor.py:183} INFO - Processing /home/airflow/.local/lib/python3.12/site-packages/airflow/example_dags/example_latest_only.py took 0.097 seconds
[2024-06-03T10:33:37.874+0000] {processor.py:161} INFO - Started process (PID=5865) to work on /home/airflow/.local/lib/python3.12/site-packages/airflow/example_dags/example_latest_only.py
[2024-06-03T10:33:37.874+0000] {processor.py:830} INFO - Processing file /home/airflow/.local/lib/python3.12/site-packages/airflow/example_dags/example_latest_only.py for tasks to queue
[2024-06-03T10:33:37.876+0000] {logging_mixin.py:188} INFO - [2024-06-03T10:33:37.876+0000] {dagbag.py:545} INFO - Filling up the DagBag from /home/airflow/.local/lib/python3.12/site-packages/airflow/example_dags/example_latest_only.py
[2024-06-03T10:33:37.881+0000] {processor.py:840} INFO - DAG(s) 'latest_only' retrieved from /home/airflow/.local/lib/python3.12/site-packages/airflow/example_dags/example_latest_only.py
[2024-06-03T10:33:37.909+0000] {logging_mixin.py:188} INFO - [2024-06-03T10:33:37.909+0000] {dag.py:3096} INFO - Sync 1 DAGs
[2024-06-03T10:33:37.947+0000] {logging_mixin.py:188} INFO - [2024-06-03T10:33:37.946+0000] {dag.py:3954} INFO - Setting next_dagrun for latest_only to 2024-06-03 04:00:00+00:00, run_after=2024-06-03 08:00:00+00:00
[2024-06-03T10:33:37.975+0000] {processor.py:183} INFO - Processing /home/airflow/.local/lib/python3.12/site-packages/airflow/example_dags/example_latest_only.py took 0.108 seconds
[2024-06-03T10:34:08.885+0000] {processor.py:161} INFO - Started process (PID=6121) to work on /home/airflow/.local/lib/python3.12/site-packages/airflow/example_dags/example_latest_only.py
[2024-06-03T10:34:08.886+0000] {processor.py:830} INFO - Processing file /home/airflow/.local/lib/python3.12/site-packages/airflow/example_dags/example_latest_only.py for tasks to queue
[2024-06-03T10:34:08.888+0000] {logging_mixin.py:188} INFO - [2024-06-03T10:34:08.887+0000] {dagbag.py:545} INFO - Filling up the DagBag from /home/airflow/.local/lib/python3.12/site-packages/airflow/example_dags/example_latest_only.py
[2024-06-03T10:34:08.892+0000] {processor.py:840} INFO - DAG(s) 'latest_only' retrieved from /home/airflow/.local/lib/python3.12/site-packages/airflow/example_dags/example_latest_only.py
[2024-06-03T10:34:08.920+0000] {logging_mixin.py:188} INFO - [2024-06-03T10:34:08.920+0000] {dag.py:3096} INFO - Sync 1 DAGs
[2024-06-03T10:34:08.958+0000] {logging_mixin.py:188} INFO - [2024-06-03T10:34:08.958+0000] {dag.py:3954} INFO - Setting next_dagrun for latest_only to 2024-06-03 04:00:00+00:00, run_after=2024-06-03 08:00:00+00:00
[2024-06-03T10:34:08.986+0000] {processor.py:183} INFO - Processing /home/airflow/.local/lib/python3.12/site-packages/airflow/example_dags/example_latest_only.py took 0.108 seconds
[2024-06-03T10:34:39.410+0000] {processor.py:161} INFO - Started process (PID=6377) to work on /home/airflow/.local/lib/python3.12/site-packages/airflow/example_dags/example_latest_only.py
[2024-06-03T10:34:39.411+0000] {processor.py:830} INFO - Processing file /home/airflow/.local/lib/python3.12/site-packages/airflow/example_dags/example_latest_only.py for tasks to queue
[2024-06-03T10:34:39.413+0000] {logging_mixin.py:188} INFO - [2024-06-03T10:34:39.413+0000] {dagbag.py:545} INFO - Filling up the DagBag from /home/airflow/.local/lib/python3.12/site-packages/airflow/example_dags/example_latest_only.py
[2024-06-03T10:34:39.418+0000] {processor.py:840} INFO - DAG(s) 'latest_only' retrieved from /home/airflow/.local/lib/python3.12/site-packages/airflow/example_dags/example_latest_only.py
[2024-06-03T10:34:39.443+0000] {logging_mixin.py:188} INFO - [2024-06-03T10:34:39.443+0000] {dag.py:3096} INFO - Sync 1 DAGs
[2024-06-03T10:34:39.475+0000] {logging_mixin.py:188} INFO - [2024-06-03T10:34:39.474+0000] {dag.py:3954} INFO - Setting next_dagrun for latest_only to 2024-06-03 04:00:00+00:00, run_after=2024-06-03 08:00:00+00:00
[2024-06-03T10:34:39.501+0000] {processor.py:183} INFO - Processing /home/airflow/.local/lib/python3.12/site-packages/airflow/example_dags/example_latest_only.py took 0.098 seconds
[2024-06-03T10:35:09.709+0000] {processor.py:161} INFO - Started process (PID=6633) to work on /home/airflow/.local/lib/python3.12/site-packages/airflow/example_dags/example_latest_only.py
[2024-06-03T10:35:09.710+0000] {processor.py:830} INFO - Processing file /home/airflow/.local/lib/python3.12/site-packages/airflow/example_dags/example_latest_only.py for tasks to queue
[2024-06-03T10:35:09.712+0000] {logging_mixin.py:188} INFO - [2024-06-03T10:35:09.711+0000] {dagbag.py:545} INFO - Filling up the DagBag from /home/airflow/.local/lib/python3.12/site-packages/airflow/example_dags/example_latest_only.py
[2024-06-03T10:35:09.716+0000] {processor.py:840} INFO - DAG(s) 'latest_only' retrieved from /home/airflow/.local/lib/python3.12/site-packages/airflow/example_dags/example_latest_only.py
[2024-06-03T10:35:09.742+0000] {logging_mixin.py:188} INFO - [2024-06-03T10:35:09.741+0000] {dag.py:3096} INFO - Sync 1 DAGs
[2024-06-03T10:35:09.773+0000] {logging_mixin.py:188} INFO - [2024-06-03T10:35:09.773+0000] {dag.py:3954} INFO - Setting next_dagrun for latest_only to 2024-06-03 04:00:00+00:00, run_after=2024-06-03 08:00:00+00:00
[2024-06-03T10:35:09.800+0000] {processor.py:183} INFO - Processing /home/airflow/.local/lib/python3.12/site-packages/airflow/example_dags/example_latest_only.py took 0.098 seconds
[2024-06-03T10:35:40.036+0000] {processor.py:161} INFO - Started process (PID=6889) to work on /home/airflow/.local/lib/python3.12/site-packages/airflow/example_dags/example_latest_only.py
[2024-06-03T10:35:40.037+0000] {processor.py:830} INFO - Processing file /home/airflow/.local/lib/python3.12/site-packages/airflow/example_dags/example_latest_only.py for tasks to queue
[2024-06-03T10:35:40.038+0000] {logging_mixin.py:188} INFO - [2024-06-03T10:35:40.038+0000] {dagbag.py:545} INFO - Filling up the DagBag from /home/airflow/.local/lib/python3.12/site-packages/airflow/example_dags/example_latest_only.py
[2024-06-03T10:35:40.043+0000] {processor.py:840} INFO - DAG(s) 'latest_only' retrieved from /home/airflow/.local/lib/python3.12/site-packages/airflow/example_dags/example_latest_only.py
[2024-06-03T10:35:40.068+0000] {logging_mixin.py:188} INFO - [2024-06-03T10:35:40.067+0000] {dag.py:3096} INFO - Sync 1 DAGs
[2024-06-03T10:35:40.102+0000] {logging_mixin.py:188} INFO - [2024-06-03T10:35:40.102+0000] {dag.py:3954} INFO - Setting next_dagrun for latest_only to 2024-06-03 04:00:00+00:00, run_after=2024-06-03 08:00:00+00:00
[2024-06-03T10:35:40.129+0000] {processor.py:183} INFO - Processing /home/airflow/.local/lib/python3.12/site-packages/airflow/example_dags/example_latest_only.py took 0.099 seconds
[2024-06-03T10:36:10.211+0000] {processor.py:161} INFO - Started process (PID=7145) to work on /home/airflow/.local/lib/python3.12/site-packages/airflow/example_dags/example_latest_only.py
[2024-06-03T10:36:10.212+0000] {processor.py:830} INFO - Processing file /home/airflow/.local/lib/python3.12/site-packages/airflow/example_dags/example_latest_only.py for tasks to queue
[2024-06-03T10:36:10.213+0000] {logging_mixin.py:188} INFO - [2024-06-03T10:36:10.213+0000] {dagbag.py:545} INFO - Filling up the DagBag from /home/airflow/.local/lib/python3.12/site-packages/airflow/example_dags/example_latest_only.py
[2024-06-03T10:36:10.218+0000] {processor.py:840} INFO - DAG(s) 'latest_only' retrieved from /home/airflow/.local/lib/python3.12/site-packages/airflow/example_dags/example_latest_only.py
[2024-06-03T10:36:10.243+0000] {logging_mixin.py:188} INFO - [2024-06-03T10:36:10.243+0000] {dag.py:3096} INFO - Sync 1 DAGs
[2024-06-03T10:36:10.275+0000] {logging_mixin.py:188} INFO - [2024-06-03T10:36:10.274+0000] {dag.py:3954} INFO - Setting next_dagrun for latest_only to 2024-06-03 04:00:00+00:00, run_after=2024-06-03 08:00:00+00:00
[2024-06-03T10:36:10.298+0000] {processor.py:183} INFO - Processing /home/airflow/.local/lib/python3.12/site-packages/airflow/example_dags/example_latest_only.py took 0.094 seconds
[2024-06-03T10:36:40.550+0000] {processor.py:161} INFO - Started process (PID=7401) to work on /home/airflow/.local/lib/python3.12/site-packages/airflow/example_dags/example_latest_only.py
[2024-06-03T10:36:40.551+0000] {processor.py:830} INFO - Processing file /home/airflow/.local/lib/python3.12/site-packages/airflow/example_dags/example_latest_only.py for tasks to queue
[2024-06-03T10:36:40.553+0000] {logging_mixin.py:188} INFO - [2024-06-03T10:36:40.552+0000] {dagbag.py:545} INFO - Filling up the DagBag from /home/airflow/.local/lib/python3.12/site-packages/airflow/example_dags/example_latest_only.py
[2024-06-03T10:36:40.557+0000] {processor.py:840} INFO - DAG(s) 'latest_only' retrieved from /home/airflow/.local/lib/python3.12/site-packages/airflow/example_dags/example_latest_only.py
[2024-06-03T10:36:40.582+0000] {logging_mixin.py:188} INFO - [2024-06-03T10:36:40.581+0000] {dag.py:3096} INFO - Sync 1 DAGs
[2024-06-03T10:36:40.613+0000] {logging_mixin.py:188} INFO - [2024-06-03T10:36:40.612+0000] {dag.py:3954} INFO - Setting next_dagrun for latest_only to 2024-06-03 04:00:00+00:00, run_after=2024-06-03 08:00:00+00:00
[2024-06-03T10:36:40.642+0000] {processor.py:183} INFO - Processing /home/airflow/.local/lib/python3.12/site-packages/airflow/example_dags/example_latest_only.py took 0.099 seconds
[2024-06-03T10:37:11.085+0000] {processor.py:161} INFO - Started process (PID=7657) to work on /home/airflow/.local/lib/python3.12/site-packages/airflow/example_dags/example_latest_only.py
[2024-06-03T10:37:11.086+0000] {processor.py:830} INFO - Processing file /home/airflow/.local/lib/python3.12/site-packages/airflow/example_dags/example_latest_only.py for tasks to queue
[2024-06-03T10:37:11.087+0000] {logging_mixin.py:188} INFO - [2024-06-03T10:37:11.087+0000] {dagbag.py:545} INFO - Filling up the DagBag from /home/airflow/.local/lib/python3.12/site-packages/airflow/example_dags/example_latest_only.py
[2024-06-03T10:37:11.092+0000] {processor.py:840} INFO - DAG(s) 'latest_only' retrieved from /home/airflow/.local/lib/python3.12/site-packages/airflow/example_dags/example_latest_only.py
[2024-06-03T10:37:11.117+0000] {logging_mixin.py:188} INFO - [2024-06-03T10:37:11.117+0000] {dag.py:3096} INFO - Sync 1 DAGs
[2024-06-03T10:37:11.148+0000] {logging_mixin.py:188} INFO - [2024-06-03T10:37:11.148+0000] {dag.py:3954} INFO - Setting next_dagrun for latest_only to 2024-06-03 04:00:00+00:00, run_after=2024-06-03 08:00:00+00:00
[2024-06-03T10:37:11.173+0000] {processor.py:183} INFO - Processing /home/airflow/.local/lib/python3.12/site-packages/airflow/example_dags/example_latest_only.py took 0.095 seconds
[2024-06-03T10:37:41.624+0000] {processor.py:161} INFO - Started process (PID=7913) to work on /home/airflow/.local/lib/python3.12/site-packages/airflow/example_dags/example_latest_only.py
[2024-06-03T10:37:41.625+0000] {processor.py:830} INFO - Processing file /home/airflow/.local/lib/python3.12/site-packages/airflow/example_dags/example_latest_only.py for tasks to queue
[2024-06-03T10:37:41.627+0000] {logging_mixin.py:188} INFO - [2024-06-03T10:37:41.626+0000] {dagbag.py:545} INFO - Filling up the DagBag from /home/airflow/.local/lib/python3.12/site-packages/airflow/example_dags/example_latest_only.py
[2024-06-03T10:37:41.632+0000] {processor.py:840} INFO - DAG(s) 'latest_only' retrieved from /home/airflow/.local/lib/python3.12/site-packages/airflow/example_dags/example_latest_only.py
[2024-06-03T10:37:41.661+0000] {logging_mixin.py:188} INFO - [2024-06-03T10:37:41.660+0000] {dag.py:3096} INFO - Sync 1 DAGs
[2024-06-03T10:37:41.700+0000] {logging_mixin.py:188} INFO - [2024-06-03T10:37:41.699+0000] {dag.py:3954} INFO - Setting next_dagrun for latest_only to 2024-06-03 04:00:00+00:00, run_after=2024-06-03 08:00:00+00:00
[2024-06-03T10:37:41.730+0000] {processor.py:183} INFO - Processing /home/airflow/.local/lib/python3.12/site-packages/airflow/example_dags/example_latest_only.py took 0.112 seconds
[2024-06-03T10:38:12.255+0000] {processor.py:161} INFO - Started process (PID=8169) to work on /home/airflow/.local/lib/python3.12/site-packages/airflow/example_dags/example_latest_only.py
[2024-06-03T10:38:12.257+0000] {processor.py:830} INFO - Processing file /home/airflow/.local/lib/python3.12/site-packages/airflow/example_dags/example_latest_only.py for tasks to queue
[2024-06-03T10:38:12.258+0000] {logging_mixin.py:188} INFO - [2024-06-03T10:38:12.258+0000] {dagbag.py:545} INFO - Filling up the DagBag from /home/airflow/.local/lib/python3.12/site-packages/airflow/example_dags/example_latest_only.py
[2024-06-03T10:38:12.263+0000] {processor.py:840} INFO - DAG(s) 'latest_only' retrieved from /home/airflow/.local/lib/python3.12/site-packages/airflow/example_dags/example_latest_only.py
[2024-06-03T10:38:12.291+0000] {logging_mixin.py:188} INFO - [2024-06-03T10:38:12.291+0000] {dag.py:3096} INFO - Sync 1 DAGs
[2024-06-03T10:38:12.330+0000] {logging_mixin.py:188} INFO - [2024-06-03T10:38:12.329+0000] {dag.py:3954} INFO - Setting next_dagrun for latest_only to 2024-06-03 04:00:00+00:00, run_after=2024-06-03 08:00:00+00:00
[2024-06-03T10:38:12.358+0000] {processor.py:183} INFO - Processing /home/airflow/.local/lib/python3.12/site-packages/airflow/example_dags/example_latest_only.py took 0.109 seconds
[2024-06-03T10:38:42.588+0000] {processor.py:161} INFO - Started process (PID=8425) to work on /home/airflow/.local/lib/python3.12/site-packages/airflow/example_dags/example_latest_only.py
[2024-06-03T10:38:42.589+0000] {processor.py:830} INFO - Processing file /home/airflow/.local/lib/python3.12/site-packages/airflow/example_dags/example_latest_only.py for tasks to queue
[2024-06-03T10:38:42.591+0000] {logging_mixin.py:188} INFO - [2024-06-03T10:38:42.590+0000] {dagbag.py:545} INFO - Filling up the DagBag from /home/airflow/.local/lib/python3.12/site-packages/airflow/example_dags/example_latest_only.py
[2024-06-03T10:38:42.595+0000] {processor.py:840} INFO - DAG(s) 'latest_only' retrieved from /home/airflow/.local/lib/python3.12/site-packages/airflow/example_dags/example_latest_only.py
[2024-06-03T10:38:42.620+0000] {logging_mixin.py:188} INFO - [2024-06-03T10:38:42.620+0000] {dag.py:3096} INFO - Sync 1 DAGs
[2024-06-03T10:38:42.652+0000] {logging_mixin.py:188} INFO - [2024-06-03T10:38:42.651+0000] {dag.py:3954} INFO - Setting next_dagrun for latest_only to 2024-06-03 04:00:00+00:00, run_after=2024-06-03 08:00:00+00:00
[2024-06-03T10:38:42.677+0000] {processor.py:183} INFO - Processing /home/airflow/.local/lib/python3.12/site-packages/airflow/example_dags/example_latest_only.py took 0.095 seconds
[2024-06-03T10:39:13.532+0000] {processor.py:161} INFO - Started process (PID=8681) to work on /home/airflow/.local/lib/python3.12/site-packages/airflow/example_dags/example_latest_only.py
[2024-06-03T10:39:13.533+0000] {processor.py:830} INFO - Processing file /home/airflow/.local/lib/python3.12/site-packages/airflow/example_dags/example_latest_only.py for tasks to queue
[2024-06-03T10:39:13.535+0000] {logging_mixin.py:188} INFO - [2024-06-03T10:39:13.535+0000] {dagbag.py:545} INFO - Filling up the DagBag from /home/airflow/.local/lib/python3.12/site-packages/airflow/example_dags/example_latest_only.py
[2024-06-03T10:39:13.540+0000] {processor.py:840} INFO - DAG(s) 'latest_only' retrieved from /home/airflow/.local/lib/python3.12/site-packages/airflow/example_dags/example_latest_only.py
[2024-06-03T10:39:13.567+0000] {logging_mixin.py:188} INFO - [2024-06-03T10:39:13.567+0000] {dag.py:3096} INFO - Sync 1 DAGs
[2024-06-03T10:39:13.600+0000] {logging_mixin.py:188} INFO - [2024-06-03T10:39:13.599+0000] {dag.py:3954} INFO - Setting next_dagrun for latest_only to 2024-06-03 04:00:00+00:00, run_after=2024-06-03 08:00:00+00:00
[2024-06-03T10:39:13.625+0000] {processor.py:183} INFO - Processing /home/airflow/.local/lib/python3.12/site-packages/airflow/example_dags/example_latest_only.py took 0.100 seconds
[2024-06-03T10:39:44.552+0000] {processor.py:161} INFO - Started process (PID=8937) to work on /home/airflow/.local/lib/python3.12/site-packages/airflow/example_dags/example_latest_only.py
[2024-06-03T10:39:44.553+0000] {processor.py:830} INFO - Processing file /home/airflow/.local/lib/python3.12/site-packages/airflow/example_dags/example_latest_only.py for tasks to queue
[2024-06-03T10:39:44.555+0000] {logging_mixin.py:188} INFO - [2024-06-03T10:39:44.554+0000] {dagbag.py:545} INFO - Filling up the DagBag from /home/airflow/.local/lib/python3.12/site-packages/airflow/example_dags/example_latest_only.py
[2024-06-03T10:39:44.559+0000] {processor.py:840} INFO - DAG(s) 'latest_only' retrieved from /home/airflow/.local/lib/python3.12/site-packages/airflow/example_dags/example_latest_only.py
[2024-06-03T10:39:44.587+0000] {logging_mixin.py:188} INFO - [2024-06-03T10:39:44.587+0000] {dag.py:3096} INFO - Sync 1 DAGs
[2024-06-03T10:39:44.625+0000] {logging_mixin.py:188} INFO - [2024-06-03T10:39:44.624+0000] {dag.py:3954} INFO - Setting next_dagrun for latest_only to 2024-06-03 04:00:00+00:00, run_after=2024-06-03 08:00:00+00:00
[2024-06-03T10:39:44.653+0000] {processor.py:183} INFO - Processing /home/airflow/.local/lib/python3.12/site-packages/airflow/example_dags/example_latest_only.py took 0.108 seconds
[2024-06-03T10:40:15.045+0000] {processor.py:161} INFO - Started process (PID=9189) to work on /home/airflow/.local/lib/python3.12/site-packages/airflow/example_dags/example_latest_only.py
[2024-06-03T10:40:15.046+0000] {processor.py:830} INFO - Processing file /home/airflow/.local/lib/python3.12/site-packages/airflow/example_dags/example_latest_only.py for tasks to queue
[2024-06-03T10:40:15.048+0000] {logging_mixin.py:188} INFO - [2024-06-03T10:40:15.047+0000] {dagbag.py:545} INFO - Filling up the DagBag from /home/airflow/.local/lib/python3.12/site-packages/airflow/example_dags/example_latest_only.py
[2024-06-03T10:40:15.052+0000] {processor.py:840} INFO - DAG(s) 'latest_only' retrieved from /home/airflow/.local/lib/python3.12/site-packages/airflow/example_dags/example_latest_only.py
[2024-06-03T10:40:15.080+0000] {logging_mixin.py:188} INFO - [2024-06-03T10:40:15.080+0000] {dag.py:3096} INFO - Sync 1 DAGs
[2024-06-03T10:40:15.118+0000] {logging_mixin.py:188} INFO - [2024-06-03T10:40:15.117+0000] {dag.py:3954} INFO - Setting next_dagrun for latest_only to 2024-06-03 04:00:00+00:00, run_after=2024-06-03 08:00:00+00:00
[2024-06-03T10:40:15.144+0000] {processor.py:183} INFO - Processing /home/airflow/.local/lib/python3.12/site-packages/airflow/example_dags/example_latest_only.py took 0.106 seconds
[2024-06-03T10:40:45.943+0000] {processor.py:161} INFO - Started process (PID=9445) to work on /home/airflow/.local/lib/python3.12/site-packages/airflow/example_dags/example_latest_only.py
[2024-06-03T10:40:45.944+0000] {processor.py:830} INFO - Processing file /home/airflow/.local/lib/python3.12/site-packages/airflow/example_dags/example_latest_only.py for tasks to queue
[2024-06-03T10:40:45.945+0000] {logging_mixin.py:188} INFO - [2024-06-03T10:40:45.945+0000] {dagbag.py:545} INFO - Filling up the DagBag from /home/airflow/.local/lib/python3.12/site-packages/airflow/example_dags/example_latest_only.py
[2024-06-03T10:40:45.950+0000] {processor.py:840} INFO - DAG(s) 'latest_only' retrieved from /home/airflow/.local/lib/python3.12/site-packages/airflow/example_dags/example_latest_only.py
[2024-06-03T10:40:45.976+0000] {logging_mixin.py:188} INFO - [2024-06-03T10:40:45.976+0000] {dag.py:3096} INFO - Sync 1 DAGs
[2024-06-03T10:40:46.013+0000] {logging_mixin.py:188} INFO - [2024-06-03T10:40:46.012+0000] {dag.py:3954} INFO - Setting next_dagrun for latest_only to 2024-06-03 04:00:00+00:00, run_after=2024-06-03 08:00:00+00:00
[2024-06-03T10:40:46.041+0000] {processor.py:183} INFO - Processing /home/airflow/.local/lib/python3.12/site-packages/airflow/example_dags/example_latest_only.py took 0.105 seconds
[2024-06-03T10:41:16.228+0000] {processor.py:161} INFO - Started process (PID=9701) to work on /home/airflow/.local/lib/python3.12/site-packages/airflow/example_dags/example_latest_only.py
[2024-06-03T10:41:16.229+0000] {processor.py:830} INFO - Processing file /home/airflow/.local/lib/python3.12/site-packages/airflow/example_dags/example_latest_only.py for tasks to queue
[2024-06-03T10:41:16.231+0000] {logging_mixin.py:188} INFO - [2024-06-03T10:41:16.231+0000] {dagbag.py:545} INFO - Filling up the DagBag from /home/airflow/.local/lib/python3.12/site-packages/airflow/example_dags/example_latest_only.py
[2024-06-03T10:41:16.236+0000] {processor.py:840} INFO - DAG(s) 'latest_only' retrieved from /home/airflow/.local/lib/python3.12/site-packages/airflow/example_dags/example_latest_only.py
[2024-06-03T10:41:16.263+0000] {logging_mixin.py:188} INFO - [2024-06-03T10:41:16.262+0000] {dag.py:3096} INFO - Sync 1 DAGs
[2024-06-03T10:41:16.300+0000] {logging_mixin.py:188} INFO - [2024-06-03T10:41:16.299+0000] {dag.py:3954} INFO - Setting next_dagrun for latest_only to 2024-06-03 04:00:00+00:00, run_after=2024-06-03 08:00:00+00:00
[2024-06-03T10:41:16.326+0000] {processor.py:183} INFO - Processing /home/airflow/.local/lib/python3.12/site-packages/airflow/example_dags/example_latest_only.py took 0.105 seconds
[2024-06-03T10:41:46.372+0000] {processor.py:161} INFO - Started process (PID=9955) to work on /home/airflow/.local/lib/python3.12/site-packages/airflow/example_dags/example_latest_only.py
[2024-06-03T10:41:46.373+0000] {processor.py:830} INFO - Processing file /home/airflow/.local/lib/python3.12/site-packages/airflow/example_dags/example_latest_only.py for tasks to queue
[2024-06-03T10:41:46.375+0000] {logging_mixin.py:188} INFO - [2024-06-03T10:41:46.375+0000] {dagbag.py:545} INFO - Filling up the DagBag from /home/airflow/.local/lib/python3.12/site-packages/airflow/example_dags/example_latest_only.py
[2024-06-03T10:41:46.380+0000] {processor.py:840} INFO - DAG(s) 'latest_only' retrieved from /home/airflow/.local/lib/python3.12/site-packages/airflow/example_dags/example_latest_only.py
[2024-06-03T10:41:46.407+0000] {logging_mixin.py:188} INFO - [2024-06-03T10:41:46.407+0000] {dag.py:3096} INFO - Sync 1 DAGs
[2024-06-03T10:41:46.438+0000] {logging_mixin.py:188} INFO - [2024-06-03T10:41:46.438+0000] {dag.py:3954} INFO - Setting next_dagrun for latest_only to 2024-06-03 04:00:00+00:00, run_after=2024-06-03 08:00:00+00:00
[2024-06-03T10:41:46.464+0000] {processor.py:183} INFO - Processing /home/airflow/.local/lib/python3.12/site-packages/airflow/example_dags/example_latest_only.py took 0.098 seconds
[2024-06-03T10:42:16.780+0000] {processor.py:161} INFO - Started process (PID=10213) to work on /home/airflow/.local/lib/python3.12/site-packages/airflow/example_dags/example_latest_only.py
[2024-06-03T10:42:16.782+0000] {processor.py:830} INFO - Processing file /home/airflow/.local/lib/python3.12/site-packages/airflow/example_dags/example_latest_only.py for tasks to queue
[2024-06-03T10:42:16.783+0000] {logging_mixin.py:188} INFO - [2024-06-03T10:42:16.783+0000] {dagbag.py:545} INFO - Filling up the DagBag from /home/airflow/.local/lib/python3.12/site-packages/airflow/example_dags/example_latest_only.py
[2024-06-03T10:42:16.788+0000] {processor.py:840} INFO - DAG(s) 'latest_only' retrieved from /home/airflow/.local/lib/python3.12/site-packages/airflow/example_dags/example_latest_only.py
[2024-06-03T10:42:16.812+0000] {logging_mixin.py:188} INFO - [2024-06-03T10:42:16.811+0000] {dag.py:3096} INFO - Sync 1 DAGs
[2024-06-03T10:42:16.841+0000] {logging_mixin.py:188} INFO - [2024-06-03T10:42:16.841+0000] {dag.py:3954} INFO - Setting next_dagrun for latest_only to 2024-06-03 04:00:00+00:00, run_after=2024-06-03 08:00:00+00:00
[2024-06-03T10:42:16.864+0000] {processor.py:183} INFO - Processing /home/airflow/.local/lib/python3.12/site-packages/airflow/example_dags/example_latest_only.py took 0.090 seconds
[2024-06-03T10:42:46.960+0000] {processor.py:161} INFO - Started process (PID=10467) to work on /home/airflow/.local/lib/python3.12/site-packages/airflow/example_dags/example_latest_only.py
[2024-06-03T10:42:46.961+0000] {processor.py:830} INFO - Processing file /home/airflow/.local/lib/python3.12/site-packages/airflow/example_dags/example_latest_only.py for tasks to queue
[2024-06-03T10:42:46.963+0000] {logging_mixin.py:188} INFO - [2024-06-03T10:42:46.963+0000] {dagbag.py:545} INFO - Filling up the DagBag from /home/airflow/.local/lib/python3.12/site-packages/airflow/example_dags/example_latest_only.py
[2024-06-03T10:42:46.968+0000] {processor.py:840} INFO - DAG(s) 'latest_only' retrieved from /home/airflow/.local/lib/python3.12/site-packages/airflow/example_dags/example_latest_only.py
[2024-06-03T10:42:46.995+0000] {logging_mixin.py:188} INFO - [2024-06-03T10:42:46.995+0000] {dag.py:3096} INFO - Sync 1 DAGs
[2024-06-03T10:42:47.025+0000] {logging_mixin.py:188} INFO - [2024-06-03T10:42:47.025+0000] {dag.py:3954} INFO - Setting next_dagrun for latest_only to 2024-06-03 04:00:00+00:00, run_after=2024-06-03 08:00:00+00:00
[2024-06-03T10:42:47.048+0000] {processor.py:183} INFO - Processing /home/airflow/.local/lib/python3.12/site-packages/airflow/example_dags/example_latest_only.py took 0.095 seconds
[2024-06-03T10:43:18.101+0000] {processor.py:161} INFO - Started process (PID=10723) to work on /home/airflow/.local/lib/python3.12/site-packages/airflow/example_dags/example_latest_only.py
[2024-06-03T10:43:18.103+0000] {processor.py:830} INFO - Processing file /home/airflow/.local/lib/python3.12/site-packages/airflow/example_dags/example_latest_only.py for tasks to queue
[2024-06-03T10:43:18.105+0000] {logging_mixin.py:188} INFO - [2024-06-03T10:43:18.105+0000] {dagbag.py:545} INFO - Filling up the DagBag from /home/airflow/.local/lib/python3.12/site-packages/airflow/example_dags/example_latest_only.py
[2024-06-03T10:43:18.111+0000] {processor.py:840} INFO - DAG(s) 'latest_only' retrieved from /home/airflow/.local/lib/python3.12/site-packages/airflow/example_dags/example_latest_only.py
[2024-06-03T10:43:18.138+0000] {logging_mixin.py:188} INFO - [2024-06-03T10:43:18.138+0000] {dag.py:3096} INFO - Sync 1 DAGs
[2024-06-03T10:43:18.171+0000] {logging_mixin.py:188} INFO - [2024-06-03T10:43:18.170+0000] {dag.py:3954} INFO - Setting next_dagrun for latest_only to 2024-06-03 04:00:00+00:00, run_after=2024-06-03 08:00:00+00:00
[2024-06-03T10:43:18.196+0000] {processor.py:183} INFO - Processing /home/airflow/.local/lib/python3.12/site-packages/airflow/example_dags/example_latest_only.py took 0.103 seconds
[2024-06-03T10:43:49.288+0000] {processor.py:161} INFO - Started process (PID=10979) to work on /home/airflow/.local/lib/python3.12/site-packages/airflow/example_dags/example_latest_only.py
[2024-06-03T10:43:49.288+0000] {processor.py:830} INFO - Processing file /home/airflow/.local/lib/python3.12/site-packages/airflow/example_dags/example_latest_only.py for tasks to queue
[2024-06-03T10:43:49.290+0000] {logging_mixin.py:188} INFO - [2024-06-03T10:43:49.290+0000] {dagbag.py:545} INFO - Filling up the DagBag from /home/airflow/.local/lib/python3.12/site-packages/airflow/example_dags/example_latest_only.py
[2024-06-03T10:43:49.295+0000] {processor.py:840} INFO - DAG(s) 'latest_only' retrieved from /home/airflow/.local/lib/python3.12/site-packages/airflow/example_dags/example_latest_only.py
[2024-06-03T10:43:49.321+0000] {logging_mixin.py:188} INFO - [2024-06-03T10:43:49.320+0000] {dag.py:3096} INFO - Sync 1 DAGs
[2024-06-03T10:43:49.488+0000] {logging_mixin.py:188} INFO - [2024-06-03T10:43:49.488+0000] {dag.py:3954} INFO - Setting next_dagrun for latest_only to 2024-06-03 04:00:00+00:00, run_after=2024-06-03 08:00:00+00:00
[2024-06-03T10:43:49.513+0000] {processor.py:183} INFO - Processing /home/airflow/.local/lib/python3.12/site-packages/airflow/example_dags/example_latest_only.py took 0.232 seconds
[2024-06-03T10:44:20.218+0000] {processor.py:161} INFO - Started process (PID=11237) to work on /home/airflow/.local/lib/python3.12/site-packages/airflow/example_dags/example_latest_only.py
[2024-06-03T10:44:20.219+0000] {processor.py:830} INFO - Processing file /home/airflow/.local/lib/python3.12/site-packages/airflow/example_dags/example_latest_only.py for tasks to queue
[2024-06-03T10:44:20.220+0000] {logging_mixin.py:188} INFO - [2024-06-03T10:44:20.220+0000] {dagbag.py:545} INFO - Filling up the DagBag from /home/airflow/.local/lib/python3.12/site-packages/airflow/example_dags/example_latest_only.py
[2024-06-03T10:44:20.225+0000] {processor.py:840} INFO - DAG(s) 'latest_only' retrieved from /home/airflow/.local/lib/python3.12/site-packages/airflow/example_dags/example_latest_only.py
[2024-06-03T10:44:20.249+0000] {logging_mixin.py:188} INFO - [2024-06-03T10:44:20.249+0000] {dag.py:3096} INFO - Sync 1 DAGs
[2024-06-03T10:44:20.281+0000] {logging_mixin.py:188} INFO - [2024-06-03T10:44:20.280+0000] {dag.py:3954} INFO - Setting next_dagrun for latest_only to 2024-06-03 04:00:00+00:00, run_after=2024-06-03 08:00:00+00:00
[2024-06-03T10:44:20.305+0000] {processor.py:183} INFO - Processing /home/airflow/.local/lib/python3.12/site-packages/airflow/example_dags/example_latest_only.py took 0.094 seconds
[2024-06-03T10:44:50.660+0000] {processor.py:161} INFO - Started process (PID=11491) to work on /home/airflow/.local/lib/python3.12/site-packages/airflow/example_dags/example_latest_only.py
[2024-06-03T10:44:50.660+0000] {processor.py:830} INFO - Processing file /home/airflow/.local/lib/python3.12/site-packages/airflow/example_dags/example_latest_only.py for tasks to queue
[2024-06-03T10:44:50.662+0000] {logging_mixin.py:188} INFO - [2024-06-03T10:44:50.662+0000] {dagbag.py:545} INFO - Filling up the DagBag from /home/airflow/.local/lib/python3.12/site-packages/airflow/example_dags/example_latest_only.py
[2024-06-03T10:44:50.667+0000] {processor.py:840} INFO - DAG(s) 'latest_only' retrieved from /home/airflow/.local/lib/python3.12/site-packages/airflow/example_dags/example_latest_only.py
[2024-06-03T10:44:50.692+0000] {logging_mixin.py:188} INFO - [2024-06-03T10:44:50.691+0000] {dag.py:3096} INFO - Sync 1 DAGs
[2024-06-03T10:44:50.724+0000] {logging_mixin.py:188} INFO - [2024-06-03T10:44:50.723+0000] {dag.py:3954} INFO - Setting next_dagrun for latest_only to 2024-06-03 04:00:00+00:00, run_after=2024-06-03 08:00:00+00:00
[2024-06-03T10:44:50.747+0000] {processor.py:183} INFO - Processing /home/airflow/.local/lib/python3.12/site-packages/airflow/example_dags/example_latest_only.py took 0.094 seconds
[2024-06-03T10:45:21.617+0000] {processor.py:161} INFO - Started process (PID=11747) to work on /home/airflow/.local/lib/python3.12/site-packages/airflow/example_dags/example_latest_only.py
[2024-06-03T10:45:21.619+0000] {processor.py:830} INFO - Processing file /home/airflow/.local/lib/python3.12/site-packages/airflow/example_dags/example_latest_only.py for tasks to queue
[2024-06-03T10:45:21.621+0000] {logging_mixin.py:188} INFO - [2024-06-03T10:45:21.620+0000] {dagbag.py:545} INFO - Filling up the DagBag from /home/airflow/.local/lib/python3.12/site-packages/airflow/example_dags/example_latest_only.py
[2024-06-03T10:45:21.626+0000] {processor.py:840} INFO - DAG(s) 'latest_only' retrieved from /home/airflow/.local/lib/python3.12/site-packages/airflow/example_dags/example_latest_only.py
[2024-06-03T10:45:21.652+0000] {logging_mixin.py:188} INFO - [2024-06-03T10:45:21.651+0000] {dag.py:3096} INFO - Sync 1 DAGs
[2024-06-03T10:45:21.684+0000] {logging_mixin.py:188} INFO - [2024-06-03T10:45:21.684+0000] {dag.py:3954} INFO - Setting next_dagrun for latest_only to 2024-06-03 04:00:00+00:00, run_after=2024-06-03 08:00:00+00:00
[2024-06-03T10:45:21.711+0000] {processor.py:183} INFO - Processing /home/airflow/.local/lib/python3.12/site-packages/airflow/example_dags/example_latest_only.py took 0.102 seconds
[2024-06-03T10:45:52.306+0000] {processor.py:161} INFO - Started process (PID=12003) to work on /home/airflow/.local/lib/python3.12/site-packages/airflow/example_dags/example_latest_only.py
[2024-06-03T10:45:52.306+0000] {processor.py:830} INFO - Processing file /home/airflow/.local/lib/python3.12/site-packages/airflow/example_dags/example_latest_only.py for tasks to queue
[2024-06-03T10:45:52.308+0000] {logging_mixin.py:188} INFO - [2024-06-03T10:45:52.308+0000] {dagbag.py:545} INFO - Filling up the DagBag from /home/airflow/.local/lib/python3.12/site-packages/airflow/example_dags/example_latest_only.py
[2024-06-03T10:45:52.313+0000] {processor.py:840} INFO - DAG(s) 'latest_only' retrieved from /home/airflow/.local/lib/python3.12/site-packages/airflow/example_dags/example_latest_only.py
[2024-06-03T10:45:52.339+0000] {logging_mixin.py:188} INFO - [2024-06-03T10:45:52.339+0000] {dag.py:3096} INFO - Sync 1 DAGs
[2024-06-03T10:45:52.372+0000] {logging_mixin.py:188} INFO - [2024-06-03T10:45:52.371+0000] {dag.py:3954} INFO - Setting next_dagrun for latest_only to 2024-06-03 04:00:00+00:00, run_after=2024-06-03 08:00:00+00:00
[2024-06-03T10:45:52.395+0000] {processor.py:183} INFO - Processing /home/airflow/.local/lib/python3.12/site-packages/airflow/example_dags/example_latest_only.py took 0.097 seconds
[2024-06-03T10:46:22.654+0000] {processor.py:161} INFO - Started process (PID=12259) to work on /home/airflow/.local/lib/python3.12/site-packages/airflow/example_dags/example_latest_only.py
[2024-06-03T10:46:22.655+0000] {processor.py:830} INFO - Processing file /home/airflow/.local/lib/python3.12/site-packages/airflow/example_dags/example_latest_only.py for tasks to queue
[2024-06-03T10:46:22.657+0000] {logging_mixin.py:188} INFO - [2024-06-03T10:46:22.657+0000] {dagbag.py:545} INFO - Filling up the DagBag from /home/airflow/.local/lib/python3.12/site-packages/airflow/example_dags/example_latest_only.py
[2024-06-03T10:46:22.662+0000] {processor.py:840} INFO - DAG(s) 'latest_only' retrieved from /home/airflow/.local/lib/python3.12/site-packages/airflow/example_dags/example_latest_only.py
[2024-06-03T10:46:22.688+0000] {logging_mixin.py:188} INFO - [2024-06-03T10:46:22.688+0000] {dag.py:3096} INFO - Sync 1 DAGs
[2024-06-03T10:46:22.721+0000] {logging_mixin.py:188} INFO - [2024-06-03T10:46:22.720+0000] {dag.py:3954} INFO - Setting next_dagrun for latest_only to 2024-06-03 04:00:00+00:00, run_after=2024-06-03 08:00:00+00:00
[2024-06-03T10:46:22.748+0000] {processor.py:183} INFO - Processing /home/airflow/.local/lib/python3.12/site-packages/airflow/example_dags/example_latest_only.py took 0.101 seconds
[2024-06-03T10:46:53.233+0000] {processor.py:161} INFO - Started process (PID=12515) to work on /home/airflow/.local/lib/python3.12/site-packages/airflow/example_dags/example_latest_only.py
[2024-06-03T10:46:53.233+0000] {processor.py:830} INFO - Processing file /home/airflow/.local/lib/python3.12/site-packages/airflow/example_dags/example_latest_only.py for tasks to queue
[2024-06-03T10:46:53.235+0000] {logging_mixin.py:188} INFO - [2024-06-03T10:46:53.235+0000] {dagbag.py:545} INFO - Filling up the DagBag from /home/airflow/.local/lib/python3.12/site-packages/airflow/example_dags/example_latest_only.py
[2024-06-03T10:46:53.241+0000] {processor.py:840} INFO - DAG(s) 'latest_only' retrieved from /home/airflow/.local/lib/python3.12/site-packages/airflow/example_dags/example_latest_only.py
[2024-06-03T10:46:53.268+0000] {logging_mixin.py:188} INFO - [2024-06-03T10:46:53.268+0000] {dag.py:3096} INFO - Sync 1 DAGs
[2024-06-03T10:46:53.303+0000] {logging_mixin.py:188} INFO - [2024-06-03T10:46:53.303+0000] {dag.py:3954} INFO - Setting next_dagrun for latest_only to 2024-06-03 04:00:00+00:00, run_after=2024-06-03 08:00:00+00:00
[2024-06-03T10:46:53.327+0000] {processor.py:183} INFO - Processing /home/airflow/.local/lib/python3.12/site-packages/airflow/example_dags/example_latest_only.py took 0.101 seconds
[2024-06-03T10:47:23.869+0000] {processor.py:161} INFO - Started process (PID=12771) to work on /home/airflow/.local/lib/python3.12/site-packages/airflow/example_dags/example_latest_only.py
[2024-06-03T10:47:23.871+0000] {processor.py:830} INFO - Processing file /home/airflow/.local/lib/python3.12/site-packages/airflow/example_dags/example_latest_only.py for tasks to queue
[2024-06-03T10:47:23.872+0000] {logging_mixin.py:188} INFO - [2024-06-03T10:47:23.872+0000] {dagbag.py:545} INFO - Filling up the DagBag from /home/airflow/.local/lib/python3.12/site-packages/airflow/example_dags/example_latest_only.py
[2024-06-03T10:47:23.877+0000] {processor.py:840} INFO - DAG(s) 'latest_only' retrieved from /home/airflow/.local/lib/python3.12/site-packages/airflow/example_dags/example_latest_only.py
[2024-06-03T10:47:23.905+0000] {logging_mixin.py:188} INFO - [2024-06-03T10:47:23.905+0000] {dag.py:3096} INFO - Sync 1 DAGs
[2024-06-03T10:47:23.938+0000] {logging_mixin.py:188} INFO - [2024-06-03T10:47:23.938+0000] {dag.py:3954} INFO - Setting next_dagrun for latest_only to 2024-06-03 04:00:00+00:00, run_after=2024-06-03 08:00:00+00:00
[2024-06-03T10:47:23.963+0000] {processor.py:183} INFO - Processing /home/airflow/.local/lib/python3.12/site-packages/airflow/example_dags/example_latest_only.py took 0.101 seconds
[2024-06-03T10:47:54.615+0000] {processor.py:161} INFO - Started process (PID=13027) to work on /home/airflow/.local/lib/python3.12/site-packages/airflow/example_dags/example_latest_only.py
[2024-06-03T10:47:54.616+0000] {processor.py:830} INFO - Processing file /home/airflow/.local/lib/python3.12/site-packages/airflow/example_dags/example_latest_only.py for tasks to queue
[2024-06-03T10:47:54.617+0000] {logging_mixin.py:188} INFO - [2024-06-03T10:47:54.617+0000] {dagbag.py:545} INFO - Filling up the DagBag from /home/airflow/.local/lib/python3.12/site-packages/airflow/example_dags/example_latest_only.py
[2024-06-03T10:47:54.622+0000] {processor.py:840} INFO - DAG(s) 'latest_only' retrieved from /home/airflow/.local/lib/python3.12/site-packages/airflow/example_dags/example_latest_only.py
[2024-06-03T10:47:54.649+0000] {logging_mixin.py:188} INFO - [2024-06-03T10:47:54.648+0000] {dag.py:3096} INFO - Sync 1 DAGs
[2024-06-03T10:47:54.682+0000] {logging_mixin.py:188} INFO - [2024-06-03T10:47:54.682+0000] {dag.py:3954} INFO - Setting next_dagrun for latest_only to 2024-06-03 04:00:00+00:00, run_after=2024-06-03 08:00:00+00:00
[2024-06-03T10:47:54.711+0000] {processor.py:183} INFO - Processing /home/airflow/.local/lib/python3.12/site-packages/airflow/example_dags/example_latest_only.py took 0.103 seconds
[2024-06-03T10:48:24.990+0000] {processor.py:161} INFO - Started process (PID=13283) to work on /home/airflow/.local/lib/python3.12/site-packages/airflow/example_dags/example_latest_only.py
[2024-06-03T10:48:24.992+0000] {processor.py:830} INFO - Processing file /home/airflow/.local/lib/python3.12/site-packages/airflow/example_dags/example_latest_only.py for tasks to queue
[2024-06-03T10:48:24.994+0000] {logging_mixin.py:188} INFO - [2024-06-03T10:48:24.994+0000] {dagbag.py:545} INFO - Filling up the DagBag from /home/airflow/.local/lib/python3.12/site-packages/airflow/example_dags/example_latest_only.py
[2024-06-03T10:48:25.000+0000] {processor.py:840} INFO - DAG(s) 'latest_only' retrieved from /home/airflow/.local/lib/python3.12/site-packages/airflow/example_dags/example_latest_only.py
[2024-06-03T10:48:25.026+0000] {logging_mixin.py:188} INFO - [2024-06-03T10:48:25.025+0000] {dag.py:3096} INFO - Sync 1 DAGs
[2024-06-03T10:48:25.060+0000] {logging_mixin.py:188} INFO - [2024-06-03T10:48:25.059+0000] {dag.py:3954} INFO - Setting next_dagrun for latest_only to 2024-06-03 04:00:00+00:00, run_after=2024-06-03 08:00:00+00:00
[2024-06-03T10:48:25.089+0000] {processor.py:183} INFO - Processing /home/airflow/.local/lib/python3.12/site-packages/airflow/example_dags/example_latest_only.py took 0.107 seconds
[2024-06-03T10:48:55.321+0000] {processor.py:161} INFO - Started process (PID=13539) to work on /home/airflow/.local/lib/python3.12/site-packages/airflow/example_dags/example_latest_only.py
[2024-06-03T10:48:55.322+0000] {processor.py:830} INFO - Processing file /home/airflow/.local/lib/python3.12/site-packages/airflow/example_dags/example_latest_only.py for tasks to queue
[2024-06-03T10:48:55.324+0000] {logging_mixin.py:188} INFO - [2024-06-03T10:48:55.323+0000] {dagbag.py:545} INFO - Filling up the DagBag from /home/airflow/.local/lib/python3.12/site-packages/airflow/example_dags/example_latest_only.py
[2024-06-03T10:48:55.328+0000] {processor.py:840} INFO - DAG(s) 'latest_only' retrieved from /home/airflow/.local/lib/python3.12/site-packages/airflow/example_dags/example_latest_only.py
[2024-06-03T10:48:55.353+0000] {logging_mixin.py:188} INFO - [2024-06-03T10:48:55.353+0000] {dag.py:3096} INFO - Sync 1 DAGs
[2024-06-03T10:48:55.386+0000] {logging_mixin.py:188} INFO - [2024-06-03T10:48:55.386+0000] {dag.py:3954} INFO - Setting next_dagrun for latest_only to 2024-06-03 04:00:00+00:00, run_after=2024-06-03 08:00:00+00:00
[2024-06-03T10:48:55.414+0000] {processor.py:183} INFO - Processing /home/airflow/.local/lib/python3.12/site-packages/airflow/example_dags/example_latest_only.py took 0.100 seconds
[2024-06-03T10:49:25.621+0000] {processor.py:161} INFO - Started process (PID=13795) to work on /home/airflow/.local/lib/python3.12/site-packages/airflow/example_dags/example_latest_only.py
[2024-06-03T10:49:25.622+0000] {processor.py:830} INFO - Processing file /home/airflow/.local/lib/python3.12/site-packages/airflow/example_dags/example_latest_only.py for tasks to queue
[2024-06-03T10:49:25.624+0000] {logging_mixin.py:188} INFO - [2024-06-03T10:49:25.623+0000] {dagbag.py:545} INFO - Filling up the DagBag from /home/airflow/.local/lib/python3.12/site-packages/airflow/example_dags/example_latest_only.py
[2024-06-03T10:49:25.628+0000] {processor.py:840} INFO - DAG(s) 'latest_only' retrieved from /home/airflow/.local/lib/python3.12/site-packages/airflow/example_dags/example_latest_only.py
[2024-06-03T10:49:25.656+0000] {logging_mixin.py:188} INFO - [2024-06-03T10:49:25.655+0000] {dag.py:3096} INFO - Sync 1 DAGs
[2024-06-03T10:49:25.690+0000] {logging_mixin.py:188} INFO - [2024-06-03T10:49:25.689+0000] {dag.py:3954} INFO - Setting next_dagrun for latest_only to 2024-06-03 04:00:00+00:00, run_after=2024-06-03 08:00:00+00:00
[2024-06-03T10:49:25.718+0000] {processor.py:183} INFO - Processing /home/airflow/.local/lib/python3.12/site-packages/airflow/example_dags/example_latest_only.py took 0.104 seconds
[2024-06-03T10:49:56.212+0000] {processor.py:161} INFO - Started process (PID=14051) to work on /home/airflow/.local/lib/python3.12/site-packages/airflow/example_dags/example_latest_only.py
[2024-06-03T10:49:56.213+0000] {processor.py:830} INFO - Processing file /home/airflow/.local/lib/python3.12/site-packages/airflow/example_dags/example_latest_only.py for tasks to queue
[2024-06-03T10:49:56.215+0000] {logging_mixin.py:188} INFO - [2024-06-03T10:49:56.214+0000] {dagbag.py:545} INFO - Filling up the DagBag from /home/airflow/.local/lib/python3.12/site-packages/airflow/example_dags/example_latest_only.py
[2024-06-03T10:49:56.220+0000] {processor.py:840} INFO - DAG(s) 'latest_only' retrieved from /home/airflow/.local/lib/python3.12/site-packages/airflow/example_dags/example_latest_only.py
[2024-06-03T10:49:56.246+0000] {logging_mixin.py:188} INFO - [2024-06-03T10:49:56.246+0000] {dag.py:3096} INFO - Sync 1 DAGs
[2024-06-03T10:49:56.279+0000] {logging_mixin.py:188} INFO - [2024-06-03T10:49:56.279+0000] {dag.py:3954} INFO - Setting next_dagrun for latest_only to 2024-06-03 04:00:00+00:00, run_after=2024-06-03 08:00:00+00:00
[2024-06-03T10:49:56.307+0000] {processor.py:183} INFO - Processing /home/airflow/.local/lib/python3.12/site-packages/airflow/example_dags/example_latest_only.py took 0.102 seconds
[2024-06-03T10:50:26.582+0000] {processor.py:161} INFO - Started process (PID=14307) to work on /home/airflow/.local/lib/python3.12/site-packages/airflow/example_dags/example_latest_only.py
[2024-06-03T10:50:26.583+0000] {processor.py:830} INFO - Processing file /home/airflow/.local/lib/python3.12/site-packages/airflow/example_dags/example_latest_only.py for tasks to queue
[2024-06-03T10:50:26.585+0000] {logging_mixin.py:188} INFO - [2024-06-03T10:50:26.585+0000] {dagbag.py:545} INFO - Filling up the DagBag from /home/airflow/.local/lib/python3.12/site-packages/airflow/example_dags/example_latest_only.py
[2024-06-03T10:50:26.591+0000] {processor.py:840} INFO - DAG(s) 'latest_only' retrieved from /home/airflow/.local/lib/python3.12/site-packages/airflow/example_dags/example_latest_only.py
[2024-06-03T10:50:26.616+0000] {logging_mixin.py:188} INFO - [2024-06-03T10:50:26.616+0000] {dag.py:3096} INFO - Sync 1 DAGs
[2024-06-03T10:50:26.648+0000] {logging_mixin.py:188} INFO - [2024-06-03T10:50:26.648+0000] {dag.py:3954} INFO - Setting next_dagrun for latest_only to 2024-06-03 04:00:00+00:00, run_after=2024-06-03 08:00:00+00:00
[2024-06-03T10:50:26.673+0000] {processor.py:183} INFO - Processing /home/airflow/.local/lib/python3.12/site-packages/airflow/example_dags/example_latest_only.py took 0.100 seconds
[2024-06-03T10:50:57.295+0000] {processor.py:161} INFO - Started process (PID=14563) to work on /home/airflow/.local/lib/python3.12/site-packages/airflow/example_dags/example_latest_only.py
[2024-06-03T10:50:57.296+0000] {processor.py:830} INFO - Processing file /home/airflow/.local/lib/python3.12/site-packages/airflow/example_dags/example_latest_only.py for tasks to queue
[2024-06-03T10:50:57.298+0000] {logging_mixin.py:188} INFO - [2024-06-03T10:50:57.297+0000] {dagbag.py:545} INFO - Filling up the DagBag from /home/airflow/.local/lib/python3.12/site-packages/airflow/example_dags/example_latest_only.py
[2024-06-03T10:50:57.303+0000] {processor.py:840} INFO - DAG(s) 'latest_only' retrieved from /home/airflow/.local/lib/python3.12/site-packages/airflow/example_dags/example_latest_only.py
[2024-06-03T10:50:57.331+0000] {logging_mixin.py:188} INFO - [2024-06-03T10:50:57.331+0000] {dag.py:3096} INFO - Sync 1 DAGs
[2024-06-03T10:50:57.364+0000] {logging_mixin.py:188} INFO - [2024-06-03T10:50:57.364+0000] {dag.py:3954} INFO - Setting next_dagrun for latest_only to 2024-06-03 04:00:00+00:00, run_after=2024-06-03 08:00:00+00:00
[2024-06-03T10:50:57.388+0000] {processor.py:183} INFO - Processing /home/airflow/.local/lib/python3.12/site-packages/airflow/example_dags/example_latest_only.py took 0.100 seconds
[2024-06-03T10:51:28.062+0000] {processor.py:161} INFO - Started process (PID=14819) to work on /home/airflow/.local/lib/python3.12/site-packages/airflow/example_dags/example_latest_only.py
[2024-06-03T10:51:28.063+0000] {processor.py:830} INFO - Processing file /home/airflow/.local/lib/python3.12/site-packages/airflow/example_dags/example_latest_only.py for tasks to queue
[2024-06-03T10:51:28.065+0000] {logging_mixin.py:188} INFO - [2024-06-03T10:51:28.065+0000] {dagbag.py:545} INFO - Filling up the DagBag from /home/airflow/.local/lib/python3.12/site-packages/airflow/example_dags/example_latest_only.py
[2024-06-03T10:51:28.070+0000] {processor.py:840} INFO - DAG(s) 'latest_only' retrieved from /home/airflow/.local/lib/python3.12/site-packages/airflow/example_dags/example_latest_only.py
[2024-06-03T10:51:28.095+0000] {logging_mixin.py:188} INFO - [2024-06-03T10:51:28.094+0000] {dag.py:3096} INFO - Sync 1 DAGs
[2024-06-03T10:51:28.126+0000] {logging_mixin.py:188} INFO - [2024-06-03T10:51:28.125+0000] {dag.py:3954} INFO - Setting next_dagrun for latest_only to 2024-06-03 04:00:00+00:00, run_after=2024-06-03 08:00:00+00:00
[2024-06-03T10:51:28.149+0000] {processor.py:183} INFO - Processing /home/airflow/.local/lib/python3.12/site-packages/airflow/example_dags/example_latest_only.py took 0.094 seconds
[2024-06-03T10:51:58.704+0000] {processor.py:161} INFO - Started process (PID=15075) to work on /home/airflow/.local/lib/python3.12/site-packages/airflow/example_dags/example_latest_only.py
[2024-06-03T10:51:58.705+0000] {processor.py:830} INFO - Processing file /home/airflow/.local/lib/python3.12/site-packages/airflow/example_dags/example_latest_only.py for tasks to queue
[2024-06-03T10:51:58.706+0000] {logging_mixin.py:188} INFO - [2024-06-03T10:51:58.706+0000] {dagbag.py:545} INFO - Filling up the DagBag from /home/airflow/.local/lib/python3.12/site-packages/airflow/example_dags/example_latest_only.py
[2024-06-03T10:51:58.712+0000] {processor.py:840} INFO - DAG(s) 'latest_only' retrieved from /home/airflow/.local/lib/python3.12/site-packages/airflow/example_dags/example_latest_only.py
[2024-06-03T10:51:58.738+0000] {logging_mixin.py:188} INFO - [2024-06-03T10:51:58.737+0000] {dag.py:3096} INFO - Sync 1 DAGs
[2024-06-03T10:51:58.770+0000] {logging_mixin.py:188} INFO - [2024-06-03T10:51:58.770+0000] {dag.py:3954} INFO - Setting next_dagrun for latest_only to 2024-06-03 04:00:00+00:00, run_after=2024-06-03 08:00:00+00:00
[2024-06-03T10:51:58.793+0000] {processor.py:183} INFO - Processing /home/airflow/.local/lib/python3.12/site-packages/airflow/example_dags/example_latest_only.py took 0.097 seconds
[2024-06-03T10:52:29.456+0000] {processor.py:161} INFO - Started process (PID=15331) to work on /home/airflow/.local/lib/python3.12/site-packages/airflow/example_dags/example_latest_only.py
[2024-06-03T10:52:29.457+0000] {processor.py:830} INFO - Processing file /home/airflow/.local/lib/python3.12/site-packages/airflow/example_dags/example_latest_only.py for tasks to queue
[2024-06-03T10:52:29.458+0000] {logging_mixin.py:188} INFO - [2024-06-03T10:52:29.458+0000] {dagbag.py:545} INFO - Filling up the DagBag from /home/airflow/.local/lib/python3.12/site-packages/airflow/example_dags/example_latest_only.py
[2024-06-03T10:52:29.463+0000] {processor.py:840} INFO - DAG(s) 'latest_only' retrieved from /home/airflow/.local/lib/python3.12/site-packages/airflow/example_dags/example_latest_only.py
[2024-06-03T10:52:29.491+0000] {logging_mixin.py:188} INFO - [2024-06-03T10:52:29.491+0000] {dag.py:3096} INFO - Sync 1 DAGs
[2024-06-03T10:52:29.525+0000] {logging_mixin.py:188} INFO - [2024-06-03T10:52:29.525+0000] {dag.py:3954} INFO - Setting next_dagrun for latest_only to 2024-06-03 04:00:00+00:00, run_after=2024-06-03 08:00:00+00:00
[2024-06-03T10:52:29.554+0000] {processor.py:183} INFO - Processing /home/airflow/.local/lib/python3.12/site-packages/airflow/example_dags/example_latest_only.py took 0.106 seconds
[2024-06-03T10:52:59.814+0000] {processor.py:161} INFO - Started process (PID=15587) to work on /home/airflow/.local/lib/python3.12/site-packages/airflow/example_dags/example_latest_only.py
[2024-06-03T10:52:59.816+0000] {processor.py:830} INFO - Processing file /home/airflow/.local/lib/python3.12/site-packages/airflow/example_dags/example_latest_only.py for tasks to queue
[2024-06-03T10:52:59.818+0000] {logging_mixin.py:188} INFO - [2024-06-03T10:52:59.817+0000] {dagbag.py:545} INFO - Filling up the DagBag from /home/airflow/.local/lib/python3.12/site-packages/airflow/example_dags/example_latest_only.py
[2024-06-03T10:52:59.823+0000] {processor.py:840} INFO - DAG(s) 'latest_only' retrieved from /home/airflow/.local/lib/python3.12/site-packages/airflow/example_dags/example_latest_only.py
[2024-06-03T10:52:59.851+0000] {logging_mixin.py:188} INFO - [2024-06-03T10:52:59.850+0000] {dag.py:3096} INFO - Sync 1 DAGs
[2024-06-03T10:52:59.883+0000] {logging_mixin.py:188} INFO - [2024-06-03T10:52:59.883+0000] {dag.py:3954} INFO - Setting next_dagrun for latest_only to 2024-06-03 04:00:00+00:00, run_after=2024-06-03 08:00:00+00:00
[2024-06-03T10:52:59.909+0000] {processor.py:183} INFO - Processing /home/airflow/.local/lib/python3.12/site-packages/airflow/example_dags/example_latest_only.py took 0.102 seconds
[2024-06-03T10:53:30.200+0000] {processor.py:161} INFO - Started process (PID=15843) to work on /home/airflow/.local/lib/python3.12/site-packages/airflow/example_dags/example_latest_only.py
[2024-06-03T10:53:30.200+0000] {processor.py:830} INFO - Processing file /home/airflow/.local/lib/python3.12/site-packages/airflow/example_dags/example_latest_only.py for tasks to queue
[2024-06-03T10:53:30.202+0000] {logging_mixin.py:188} INFO - [2024-06-03T10:53:30.202+0000] {dagbag.py:545} INFO - Filling up the DagBag from /home/airflow/.local/lib/python3.12/site-packages/airflow/example_dags/example_latest_only.py
[2024-06-03T10:53:30.207+0000] {processor.py:840} INFO - DAG(s) 'latest_only' retrieved from /home/airflow/.local/lib/python3.12/site-packages/airflow/example_dags/example_latest_only.py
[2024-06-03T10:53:30.232+0000] {logging_mixin.py:188} INFO - [2024-06-03T10:53:30.232+0000] {dag.py:3096} INFO - Sync 1 DAGs
[2024-06-03T10:53:30.266+0000] {logging_mixin.py:188} INFO - [2024-06-03T10:53:30.265+0000] {dag.py:3954} INFO - Setting next_dagrun for latest_only to 2024-06-03 04:00:00+00:00, run_after=2024-06-03 08:00:00+00:00
[2024-06-03T10:53:30.290+0000] {processor.py:183} INFO - Processing /home/airflow/.local/lib/python3.12/site-packages/airflow/example_dags/example_latest_only.py took 0.097 seconds
