[2024-06-03T09:55:23.423+0000] {processor.py:161} INFO - Started process (PID=161) to work on /home/airflow/.local/lib/python3.12/site-packages/airflow/example_dags/example_bash_operator.py
[2024-06-03T09:55:23.426+0000] {processor.py:830} INFO - Processing file /home/airflow/.local/lib/python3.12/site-packages/airflow/example_dags/example_bash_operator.py for tasks to queue
[2024-06-03T09:55:23.481+0000] {logging_mixin.py:188} INFO - [2024-06-03T09:55:23.468+0000] {dagbag.py:545} INFO - Filling up the DagBag from /home/airflow/.local/lib/python3.12/site-packages/airflow/example_dags/example_bash_operator.py
[2024-06-03T09:55:23.833+0000] {processor.py:840} INFO - DAG(s) 'example_bash_operator' retrieved from /home/airflow/.local/lib/python3.12/site-packages/airflow/example_dags/example_bash_operator.py
[2024-06-03T09:55:25.654+0000] {logging_mixin.py:188} INFO - [2024-06-03T09:55:25.654+0000] {dag.py:3096} INFO - Sync 1 DAGs
[2024-06-03T09:55:25.799+0000] {logging_mixin.py:188} INFO - [2024-06-03T09:55:25.779+0000] {dag.py:3954} INFO - Setting next_dagrun for example_bash_operator to 2024-06-02 00:00:00+00:00, run_after=2024-06-03 00:00:00+00:00
[2024-06-03T09:55:25.925+0000] {processor.py:183} INFO - Processing /home/airflow/.local/lib/python3.12/site-packages/airflow/example_dags/example_bash_operator.py took 2.582 seconds
[2024-06-03T09:56:12.149+0000] {processor.py:161} INFO - Started process (PID=417) to work on /home/airflow/.local/lib/python3.12/site-packages/airflow/example_dags/example_bash_operator.py
[2024-06-03T09:56:12.208+0000] {processor.py:830} INFO - Processing file /home/airflow/.local/lib/python3.12/site-packages/airflow/example_dags/example_bash_operator.py for tasks to queue
[2024-06-03T09:56:12.228+0000] {logging_mixin.py:188} INFO - [2024-06-03T09:56:12.228+0000] {dagbag.py:545} INFO - Filling up the DagBag from /home/airflow/.local/lib/python3.12/site-packages/airflow/example_dags/example_bash_operator.py
[2024-06-03T09:56:12.919+0000] {processor.py:840} INFO - DAG(s) 'example_bash_operator' retrieved from /home/airflow/.local/lib/python3.12/site-packages/airflow/example_dags/example_bash_operator.py
[2024-06-03T09:56:13.962+0000] {logging_mixin.py:188} INFO - [2024-06-03T09:56:13.962+0000] {dag.py:3096} INFO - Sync 1 DAGs
[2024-06-03T09:56:15.223+0000] {logging_mixin.py:188} INFO - [2024-06-03T09:56:15.223+0000] {dag.py:3954} INFO - Setting next_dagrun for example_bash_operator to 2024-06-02 00:00:00+00:00, run_after=2024-06-03 00:00:00+00:00
[2024-06-03T09:56:16.708+0000] {processor.py:183} INFO - Processing /home/airflow/.local/lib/python3.12/site-packages/airflow/example_dags/example_bash_operator.py took 5.123 seconds
[2024-06-03T09:57:29.399+0000] {processor.py:161} INFO - Started process (PID=527) to work on /home/airflow/.local/lib/python3.12/site-packages/airflow/example_dags/example_bash_operator.py
[2024-06-03T09:57:29.402+0000] {processor.py:830} INFO - Processing file /home/airflow/.local/lib/python3.12/site-packages/airflow/example_dags/example_bash_operator.py for tasks to queue
[2024-06-03T09:57:29.422+0000] {logging_mixin.py:188} INFO - [2024-06-03T09:57:29.422+0000] {dagbag.py:545} INFO - Filling up the DagBag from /home/airflow/.local/lib/python3.12/site-packages/airflow/example_dags/example_bash_operator.py
[2024-06-03T09:57:29.783+0000] {processor.py:840} INFO - DAG(s) 'example_bash_operator' retrieved from /home/airflow/.local/lib/python3.12/site-packages/airflow/example_dags/example_bash_operator.py
[2024-06-03T09:57:31.375+0000] {logging_mixin.py:188} INFO - [2024-06-03T09:57:31.355+0000] {dag.py:3096} INFO - Sync 1 DAGs
[2024-06-03T09:57:33.003+0000] {logging_mixin.py:188} INFO - [2024-06-03T09:57:32.904+0000] {dag.py:3954} INFO - Setting next_dagrun for example_bash_operator to 2024-06-02 00:00:00+00:00, run_after=2024-06-03 00:00:00+00:00
[2024-06-03T09:57:34.772+0000] {processor.py:183} INFO - Processing /home/airflow/.local/lib/python3.12/site-packages/airflow/example_dags/example_bash_operator.py took 5.673 seconds
[2024-06-03T09:58:49.271+0000] {processor.py:161} INFO - Started process (PID=718) to work on /home/airflow/.local/lib/python3.12/site-packages/airflow/example_dags/example_bash_operator.py
[2024-06-03T09:58:49.273+0000] {processor.py:830} INFO - Processing file /home/airflow/.local/lib/python3.12/site-packages/airflow/example_dags/example_bash_operator.py for tasks to queue
[2024-06-03T09:58:49.293+0000] {logging_mixin.py:188} INFO - [2024-06-03T09:58:49.293+0000] {dagbag.py:545} INFO - Filling up the DagBag from /home/airflow/.local/lib/python3.12/site-packages/airflow/example_dags/example_bash_operator.py
[2024-06-03T09:58:49.472+0000] {processor.py:840} INFO - DAG(s) 'example_bash_operator' retrieved from /home/airflow/.local/lib/python3.12/site-packages/airflow/example_dags/example_bash_operator.py
[2024-06-03T09:58:49.979+0000] {logging_mixin.py:188} INFO - [2024-06-03T09:58:49.978+0000] {dag.py:3096} INFO - Sync 1 DAGs
[2024-06-03T09:58:50.747+0000] {logging_mixin.py:188} INFO - [2024-06-03T09:58:50.730+0000] {dag.py:3954} INFO - Setting next_dagrun for example_bash_operator to 2024-06-02 00:00:00+00:00, run_after=2024-06-03 00:00:00+00:00
[2024-06-03T09:58:51.111+0000] {processor.py:183} INFO - Processing /home/airflow/.local/lib/python3.12/site-packages/airflow/example_dags/example_bash_operator.py took 1.899 seconds
[2024-06-03T10:00:12.021+0000] {processor.py:161} INFO - Started process (PID=875) to work on /home/airflow/.local/lib/python3.12/site-packages/airflow/example_dags/example_bash_operator.py
[2024-06-03T10:00:12.043+0000] {processor.py:830} INFO - Processing file /home/airflow/.local/lib/python3.12/site-packages/airflow/example_dags/example_bash_operator.py for tasks to queue
[2024-06-03T10:00:12.049+0000] {logging_mixin.py:188} INFO - [2024-06-03T10:00:12.048+0000] {dagbag.py:545} INFO - Filling up the DagBag from /home/airflow/.local/lib/python3.12/site-packages/airflow/example_dags/example_bash_operator.py
[2024-06-03T10:00:12.132+0000] {processor.py:840} INFO - DAG(s) 'example_bash_operator' retrieved from /home/airflow/.local/lib/python3.12/site-packages/airflow/example_dags/example_bash_operator.py
[2024-06-03T10:00:12.286+0000] {logging_mixin.py:188} INFO - [2024-06-03T10:00:12.285+0000] {dag.py:3096} INFO - Sync 1 DAGs
[2024-06-03T10:00:12.431+0000] {logging_mixin.py:188} INFO - [2024-06-03T10:00:12.416+0000] {dag.py:3954} INFO - Setting next_dagrun for example_bash_operator to 2024-06-02 00:00:00+00:00, run_after=2024-06-03 00:00:00+00:00
[2024-06-03T10:00:12.555+0000] {processor.py:183} INFO - Processing /home/airflow/.local/lib/python3.12/site-packages/airflow/example_dags/example_bash_operator.py took 0.564 seconds
[2024-06-03T10:00:44.312+0000] {processor.py:161} INFO - Started process (PID=1131) to work on /home/airflow/.local/lib/python3.12/site-packages/airflow/example_dags/example_bash_operator.py
[2024-06-03T10:00:44.314+0000] {processor.py:830} INFO - Processing file /home/airflow/.local/lib/python3.12/site-packages/airflow/example_dags/example_bash_operator.py for tasks to queue
[2024-06-03T10:00:44.317+0000] {logging_mixin.py:188} INFO - [2024-06-03T10:00:44.316+0000] {dagbag.py:545} INFO - Filling up the DagBag from /home/airflow/.local/lib/python3.12/site-packages/airflow/example_dags/example_bash_operator.py
[2024-06-03T10:00:44.375+0000] {processor.py:840} INFO - DAG(s) 'example_bash_operator' retrieved from /home/airflow/.local/lib/python3.12/site-packages/airflow/example_dags/example_bash_operator.py
[2024-06-03T10:00:44.556+0000] {logging_mixin.py:188} INFO - [2024-06-03T10:00:44.556+0000] {dag.py:3096} INFO - Sync 1 DAGs
[2024-06-03T10:00:44.678+0000] {logging_mixin.py:188} INFO - [2024-06-03T10:00:44.678+0000] {dag.py:3954} INFO - Setting next_dagrun for example_bash_operator to 2024-06-02 00:00:00+00:00, run_after=2024-06-03 00:00:00+00:00
[2024-06-03T10:00:44.800+0000] {processor.py:183} INFO - Processing /home/airflow/.local/lib/python3.12/site-packages/airflow/example_dags/example_bash_operator.py took 0.516 seconds
[2024-06-03T10:01:30.429+0000] {processor.py:161} INFO - Started process (PID=1339) to work on /home/airflow/.local/lib/python3.12/site-packages/airflow/example_dags/example_bash_operator.py
[2024-06-03T10:01:30.566+0000] {processor.py:830} INFO - Processing file /home/airflow/.local/lib/python3.12/site-packages/airflow/example_dags/example_bash_operator.py for tasks to queue
[2024-06-03T10:01:30.569+0000] {logging_mixin.py:188} INFO - [2024-06-03T10:01:30.568+0000] {dagbag.py:545} INFO - Filling up the DagBag from /home/airflow/.local/lib/python3.12/site-packages/airflow/example_dags/example_bash_operator.py
[2024-06-03T10:01:31.066+0000] {processor.py:840} INFO - DAG(s) 'example_bash_operator' retrieved from /home/airflow/.local/lib/python3.12/site-packages/airflow/example_dags/example_bash_operator.py
[2024-06-03T10:01:32.473+0000] {logging_mixin.py:188} INFO - [2024-06-03T10:01:32.456+0000] {dag.py:3096} INFO - Sync 1 DAGs
[2024-06-03T10:01:33.197+0000] {logging_mixin.py:188} INFO - [2024-06-03T10:01:33.197+0000] {dag.py:3954} INFO - Setting next_dagrun for example_bash_operator to 2024-06-02 00:00:00+00:00, run_after=2024-06-03 00:00:00+00:00
[2024-06-03T10:01:34.061+0000] {processor.py:183} INFO - Processing /home/airflow/.local/lib/python3.12/site-packages/airflow/example_dags/example_bash_operator.py took 3.974 seconds
[2024-06-03T10:02:38.962+0000] {processor.py:161} INFO - Started process (PID=1505) to work on /home/airflow/.local/lib/python3.12/site-packages/airflow/example_dags/example_bash_operator.py
[2024-06-03T10:02:39.002+0000] {processor.py:830} INFO - Processing file /home/airflow/.local/lib/python3.12/site-packages/airflow/example_dags/example_bash_operator.py for tasks to queue
[2024-06-03T10:02:39.005+0000] {logging_mixin.py:188} INFO - [2024-06-03T10:02:39.005+0000] {dagbag.py:545} INFO - Filling up the DagBag from /home/airflow/.local/lib/python3.12/site-packages/airflow/example_dags/example_bash_operator.py
[2024-06-03T10:02:39.545+0000] {processor.py:840} INFO - DAG(s) 'example_bash_operator' retrieved from /home/airflow/.local/lib/python3.12/site-packages/airflow/example_dags/example_bash_operator.py
[2024-06-03T10:02:41.613+0000] {logging_mixin.py:188} INFO - [2024-06-03T10:02:41.613+0000] {dag.py:3096} INFO - Sync 1 DAGs
[2024-06-03T10:02:42.823+0000] {logging_mixin.py:188} INFO - [2024-06-03T10:02:42.823+0000] {dag.py:3954} INFO - Setting next_dagrun for example_bash_operator to 2024-06-02 00:00:00+00:00, run_after=2024-06-03 00:00:00+00:00
[2024-06-03T10:02:43.766+0000] {processor.py:183} INFO - Processing /home/airflow/.local/lib/python3.12/site-packages/airflow/example_dags/example_bash_operator.py took 5.022 seconds
[2024-06-03T10:04:08.551+0000] {processor.py:161} INFO - Started process (PID=1665) to work on /home/airflow/.local/lib/python3.12/site-packages/airflow/example_dags/example_bash_operator.py
[2024-06-03T10:04:08.609+0000] {processor.py:830} INFO - Processing file /home/airflow/.local/lib/python3.12/site-packages/airflow/example_dags/example_bash_operator.py for tasks to queue
[2024-06-03T10:04:08.670+0000] {logging_mixin.py:188} INFO - [2024-06-03T10:04:08.670+0000] {dagbag.py:545} INFO - Filling up the DagBag from /home/airflow/.local/lib/python3.12/site-packages/airflow/example_dags/example_bash_operator.py
[2024-06-03T10:04:09.272+0000] {processor.py:840} INFO - DAG(s) 'example_bash_operator' retrieved from /home/airflow/.local/lib/python3.12/site-packages/airflow/example_dags/example_bash_operator.py
[2024-06-03T10:04:10.030+0000] {logging_mixin.py:188} INFO - [2024-06-03T10:04:10.030+0000] {dag.py:3096} INFO - Sync 1 DAGs
[2024-06-03T10:04:10.999+0000] {logging_mixin.py:188} INFO - [2024-06-03T10:04:10.975+0000] {dag.py:3954} INFO - Setting next_dagrun for example_bash_operator to 2024-06-02 00:00:00+00:00, run_after=2024-06-03 00:00:00+00:00
[2024-06-03T10:04:12.203+0000] {processor.py:183} INFO - Processing /home/airflow/.local/lib/python3.12/site-packages/airflow/example_dags/example_bash_operator.py took 3.809 seconds
[2024-06-03T10:05:16.042+0000] {processor.py:161} INFO - Started process (PID=1846) to work on /home/airflow/.local/lib/python3.12/site-packages/airflow/example_dags/example_bash_operator.py
[2024-06-03T10:05:16.049+0000] {processor.py:830} INFO - Processing file /home/airflow/.local/lib/python3.12/site-packages/airflow/example_dags/example_bash_operator.py for tasks to queue
[2024-06-03T10:05:16.055+0000] {logging_mixin.py:188} INFO - [2024-06-03T10:05:16.051+0000] {dagbag.py:545} INFO - Filling up the DagBag from /home/airflow/.local/lib/python3.12/site-packages/airflow/example_dags/example_bash_operator.py
[2024-06-03T10:05:16.117+0000] {processor.py:840} INFO - DAG(s) 'example_bash_operator' retrieved from /home/airflow/.local/lib/python3.12/site-packages/airflow/example_dags/example_bash_operator.py
[2024-06-03T10:05:16.273+0000] {logging_mixin.py:188} INFO - [2024-06-03T10:05:16.273+0000] {dag.py:3096} INFO - Sync 1 DAGs
[2024-06-03T10:05:16.401+0000] {logging_mixin.py:188} INFO - [2024-06-03T10:05:16.392+0000] {dag.py:3954} INFO - Setting next_dagrun for example_bash_operator to 2024-06-02 00:00:00+00:00, run_after=2024-06-03 00:00:00+00:00
[2024-06-03T10:05:16.585+0000] {processor.py:183} INFO - Processing /home/airflow/.local/lib/python3.12/site-packages/airflow/example_dags/example_bash_operator.py took 0.570 seconds
[2024-06-03T10:05:47.253+0000] {processor.py:161} INFO - Started process (PID=2098) to work on /home/airflow/.local/lib/python3.12/site-packages/airflow/example_dags/example_bash_operator.py
[2024-06-03T10:05:47.254+0000] {processor.py:830} INFO - Processing file /home/airflow/.local/lib/python3.12/site-packages/airflow/example_dags/example_bash_operator.py for tasks to queue
[2024-06-03T10:05:47.257+0000] {logging_mixin.py:188} INFO - [2024-06-03T10:05:47.257+0000] {dagbag.py:545} INFO - Filling up the DagBag from /home/airflow/.local/lib/python3.12/site-packages/airflow/example_dags/example_bash_operator.py
[2024-06-03T10:05:47.293+0000] {processor.py:840} INFO - DAG(s) 'example_bash_operator' retrieved from /home/airflow/.local/lib/python3.12/site-packages/airflow/example_dags/example_bash_operator.py
[2024-06-03T10:05:47.545+0000] {logging_mixin.py:188} INFO - [2024-06-03T10:05:47.544+0000] {dag.py:3096} INFO - Sync 1 DAGs
[2024-06-03T10:05:47.639+0000] {logging_mixin.py:188} INFO - [2024-06-03T10:05:47.638+0000] {dag.py:3954} INFO - Setting next_dagrun for example_bash_operator to 2024-06-02 00:00:00+00:00, run_after=2024-06-03 00:00:00+00:00
[2024-06-03T10:05:47.692+0000] {processor.py:183} INFO - Processing /home/airflow/.local/lib/python3.12/site-packages/airflow/example_dags/example_bash_operator.py took 0.510 seconds
[2024-06-03T10:22:25.769+0000] {processor.py:161} INFO - Started process (PID=163) to work on /home/airflow/.local/lib/python3.12/site-packages/airflow/example_dags/example_bash_operator.py
[2024-06-03T10:22:25.771+0000] {processor.py:830} INFO - Processing file /home/airflow/.local/lib/python3.12/site-packages/airflow/example_dags/example_bash_operator.py for tasks to queue
[2024-06-03T10:22:25.773+0000] {logging_mixin.py:188} INFO - [2024-06-03T10:22:25.772+0000] {dagbag.py:545} INFO - Filling up the DagBag from /home/airflow/.local/lib/python3.12/site-packages/airflow/example_dags/example_bash_operator.py
[2024-06-03T10:22:25.805+0000] {processor.py:840} INFO - DAG(s) 'example_bash_operator' retrieved from /home/airflow/.local/lib/python3.12/site-packages/airflow/example_dags/example_bash_operator.py
[2024-06-03T10:22:26.215+0000] {logging_mixin.py:188} INFO - [2024-06-03T10:22:26.215+0000] {dag.py:3096} INFO - Sync 1 DAGs
[2024-06-03T10:22:26.246+0000] {logging_mixin.py:188} INFO - [2024-06-03T10:22:26.246+0000] {dag.py:3954} INFO - Setting next_dagrun for example_bash_operator to 2024-06-02 00:00:00+00:00, run_after=2024-06-03 00:00:00+00:00
[2024-06-03T10:22:26.271+0000] {processor.py:183} INFO - Processing /home/airflow/.local/lib/python3.12/site-packages/airflow/example_dags/example_bash_operator.py took 0.510 seconds
[2024-06-03T10:22:57.258+0000] {processor.py:161} INFO - Started process (PID=419) to work on /home/airflow/.local/lib/python3.12/site-packages/airflow/example_dags/example_bash_operator.py
[2024-06-03T10:22:57.259+0000] {processor.py:830} INFO - Processing file /home/airflow/.local/lib/python3.12/site-packages/airflow/example_dags/example_bash_operator.py for tasks to queue
[2024-06-03T10:22:57.261+0000] {logging_mixin.py:188} INFO - [2024-06-03T10:22:57.260+0000] {dagbag.py:545} INFO - Filling up the DagBag from /home/airflow/.local/lib/python3.12/site-packages/airflow/example_dags/example_bash_operator.py
[2024-06-03T10:22:57.275+0000] {processor.py:840} INFO - DAG(s) 'example_bash_operator' retrieved from /home/airflow/.local/lib/python3.12/site-packages/airflow/example_dags/example_bash_operator.py
[2024-06-03T10:22:57.315+0000] {logging_mixin.py:188} INFO - [2024-06-03T10:22:57.314+0000] {dag.py:3096} INFO - Sync 1 DAGs
[2024-06-03T10:22:57.347+0000] {logging_mixin.py:188} INFO - [2024-06-03T10:22:57.347+0000] {dag.py:3954} INFO - Setting next_dagrun for example_bash_operator to 2024-06-02 00:00:00+00:00, run_after=2024-06-03 00:00:00+00:00
[2024-06-03T10:22:57.373+0000] {processor.py:183} INFO - Processing /home/airflow/.local/lib/python3.12/site-packages/airflow/example_dags/example_bash_operator.py took 0.121 seconds
[2024-06-03T10:23:27.857+0000] {processor.py:161} INFO - Started process (PID=675) to work on /home/airflow/.local/lib/python3.12/site-packages/airflow/example_dags/example_bash_operator.py
[2024-06-03T10:23:27.859+0000] {processor.py:830} INFO - Processing file /home/airflow/.local/lib/python3.12/site-packages/airflow/example_dags/example_bash_operator.py for tasks to queue
[2024-06-03T10:23:27.860+0000] {logging_mixin.py:188} INFO - [2024-06-03T10:23:27.860+0000] {dagbag.py:545} INFO - Filling up the DagBag from /home/airflow/.local/lib/python3.12/site-packages/airflow/example_dags/example_bash_operator.py
[2024-06-03T10:23:27.874+0000] {processor.py:840} INFO - DAG(s) 'example_bash_operator' retrieved from /home/airflow/.local/lib/python3.12/site-packages/airflow/example_dags/example_bash_operator.py
[2024-06-03T10:23:27.914+0000] {logging_mixin.py:188} INFO - [2024-06-03T10:23:27.914+0000] {dag.py:3096} INFO - Sync 1 DAGs
[2024-06-03T10:23:27.947+0000] {logging_mixin.py:188} INFO - [2024-06-03T10:23:27.946+0000] {dag.py:3954} INFO - Setting next_dagrun for example_bash_operator to 2024-06-02 00:00:00+00:00, run_after=2024-06-03 00:00:00+00:00
[2024-06-03T10:23:27.972+0000] {processor.py:183} INFO - Processing /home/airflow/.local/lib/python3.12/site-packages/airflow/example_dags/example_bash_operator.py took 0.121 seconds
[2024-06-03T10:23:58.044+0000] {processor.py:161} INFO - Started process (PID=931) to work on /home/airflow/.local/lib/python3.12/site-packages/airflow/example_dags/example_bash_operator.py
[2024-06-03T10:23:58.044+0000] {processor.py:830} INFO - Processing file /home/airflow/.local/lib/python3.12/site-packages/airflow/example_dags/example_bash_operator.py for tasks to queue
[2024-06-03T10:23:58.046+0000] {logging_mixin.py:188} INFO - [2024-06-03T10:23:58.046+0000] {dagbag.py:545} INFO - Filling up the DagBag from /home/airflow/.local/lib/python3.12/site-packages/airflow/example_dags/example_bash_operator.py
[2024-06-03T10:23:58.065+0000] {processor.py:840} INFO - DAG(s) 'example_bash_operator' retrieved from /home/airflow/.local/lib/python3.12/site-packages/airflow/example_dags/example_bash_operator.py
[2024-06-03T10:23:58.120+0000] {logging_mixin.py:188} INFO - [2024-06-03T10:23:58.120+0000] {dag.py:3096} INFO - Sync 1 DAGs
[2024-06-03T10:23:58.164+0000] {logging_mixin.py:188} INFO - [2024-06-03T10:23:58.164+0000] {dag.py:3954} INFO - Setting next_dagrun for example_bash_operator to 2024-06-02 00:00:00+00:00, run_after=2024-06-03 00:00:00+00:00
[2024-06-03T10:23:58.196+0000] {processor.py:183} INFO - Processing /home/airflow/.local/lib/python3.12/site-packages/airflow/example_dags/example_bash_operator.py took 0.160 seconds
[2024-06-03T10:24:28.691+0000] {processor.py:161} INFO - Started process (PID=1187) to work on /home/airflow/.local/lib/python3.12/site-packages/airflow/example_dags/example_bash_operator.py
[2024-06-03T10:24:28.692+0000] {processor.py:830} INFO - Processing file /home/airflow/.local/lib/python3.12/site-packages/airflow/example_dags/example_bash_operator.py for tasks to queue
[2024-06-03T10:24:28.693+0000] {logging_mixin.py:188} INFO - [2024-06-03T10:24:28.693+0000] {dagbag.py:545} INFO - Filling up the DagBag from /home/airflow/.local/lib/python3.12/site-packages/airflow/example_dags/example_bash_operator.py
[2024-06-03T10:24:28.707+0000] {processor.py:840} INFO - DAG(s) 'example_bash_operator' retrieved from /home/airflow/.local/lib/python3.12/site-packages/airflow/example_dags/example_bash_operator.py
[2024-06-03T10:24:28.747+0000] {logging_mixin.py:188} INFO - [2024-06-03T10:24:28.746+0000] {dag.py:3096} INFO - Sync 1 DAGs
[2024-06-03T10:24:28.780+0000] {logging_mixin.py:188} INFO - [2024-06-03T10:24:28.779+0000] {dag.py:3954} INFO - Setting next_dagrun for example_bash_operator to 2024-06-02 00:00:00+00:00, run_after=2024-06-03 00:00:00+00:00
[2024-06-03T10:24:28.805+0000] {processor.py:183} INFO - Processing /home/airflow/.local/lib/python3.12/site-packages/airflow/example_dags/example_bash_operator.py took 0.121 seconds
[2024-06-03T10:24:59.358+0000] {processor.py:161} INFO - Started process (PID=1443) to work on /home/airflow/.local/lib/python3.12/site-packages/airflow/example_dags/example_bash_operator.py
[2024-06-03T10:24:59.359+0000] {processor.py:830} INFO - Processing file /home/airflow/.local/lib/python3.12/site-packages/airflow/example_dags/example_bash_operator.py for tasks to queue
[2024-06-03T10:24:59.361+0000] {logging_mixin.py:188} INFO - [2024-06-03T10:24:59.361+0000] {dagbag.py:545} INFO - Filling up the DagBag from /home/airflow/.local/lib/python3.12/site-packages/airflow/example_dags/example_bash_operator.py
[2024-06-03T10:24:59.375+0000] {processor.py:840} INFO - DAG(s) 'example_bash_operator' retrieved from /home/airflow/.local/lib/python3.12/site-packages/airflow/example_dags/example_bash_operator.py
[2024-06-03T10:24:59.415+0000] {logging_mixin.py:188} INFO - [2024-06-03T10:24:59.414+0000] {dag.py:3096} INFO - Sync 1 DAGs
[2024-06-03T10:24:59.449+0000] {logging_mixin.py:188} INFO - [2024-06-03T10:24:59.448+0000] {dag.py:3954} INFO - Setting next_dagrun for example_bash_operator to 2024-06-02 00:00:00+00:00, run_after=2024-06-03 00:00:00+00:00
[2024-06-03T10:24:59.477+0000] {processor.py:183} INFO - Processing /home/airflow/.local/lib/python3.12/site-packages/airflow/example_dags/example_bash_operator.py took 0.125 seconds
[2024-06-03T10:25:29.618+0000] {processor.py:161} INFO - Started process (PID=1699) to work on /home/airflow/.local/lib/python3.12/site-packages/airflow/example_dags/example_bash_operator.py
[2024-06-03T10:25:29.619+0000] {processor.py:830} INFO - Processing file /home/airflow/.local/lib/python3.12/site-packages/airflow/example_dags/example_bash_operator.py for tasks to queue
[2024-06-03T10:25:29.621+0000] {logging_mixin.py:188} INFO - [2024-06-03T10:25:29.620+0000] {dagbag.py:545} INFO - Filling up the DagBag from /home/airflow/.local/lib/python3.12/site-packages/airflow/example_dags/example_bash_operator.py
[2024-06-03T10:25:29.635+0000] {processor.py:840} INFO - DAG(s) 'example_bash_operator' retrieved from /home/airflow/.local/lib/python3.12/site-packages/airflow/example_dags/example_bash_operator.py
[2024-06-03T10:25:29.682+0000] {logging_mixin.py:188} INFO - [2024-06-03T10:25:29.682+0000] {dag.py:3096} INFO - Sync 1 DAGs
[2024-06-03T10:25:29.721+0000] {logging_mixin.py:188} INFO - [2024-06-03T10:25:29.720+0000] {dag.py:3954} INFO - Setting next_dagrun for example_bash_operator to 2024-06-02 00:00:00+00:00, run_after=2024-06-03 00:00:00+00:00
[2024-06-03T10:25:29.748+0000] {processor.py:183} INFO - Processing /home/airflow/.local/lib/python3.12/site-packages/airflow/example_dags/example_bash_operator.py took 0.136 seconds
[2024-06-03T10:26:00.003+0000] {processor.py:161} INFO - Started process (PID=1955) to work on /home/airflow/.local/lib/python3.12/site-packages/airflow/example_dags/example_bash_operator.py
[2024-06-03T10:26:00.004+0000] {processor.py:830} INFO - Processing file /home/airflow/.local/lib/python3.12/site-packages/airflow/example_dags/example_bash_operator.py for tasks to queue
[2024-06-03T10:26:00.005+0000] {logging_mixin.py:188} INFO - [2024-06-03T10:26:00.005+0000] {dagbag.py:545} INFO - Filling up the DagBag from /home/airflow/.local/lib/python3.12/site-packages/airflow/example_dags/example_bash_operator.py
[2024-06-03T10:26:00.019+0000] {processor.py:840} INFO - DAG(s) 'example_bash_operator' retrieved from /home/airflow/.local/lib/python3.12/site-packages/airflow/example_dags/example_bash_operator.py
[2024-06-03T10:26:00.060+0000] {logging_mixin.py:188} INFO - [2024-06-03T10:26:00.059+0000] {dag.py:3096} INFO - Sync 1 DAGs
[2024-06-03T10:26:00.092+0000] {logging_mixin.py:188} INFO - [2024-06-03T10:26:00.092+0000] {dag.py:3954} INFO - Setting next_dagrun for example_bash_operator to 2024-06-02 00:00:00+00:00, run_after=2024-06-03 00:00:00+00:00
[2024-06-03T10:26:00.118+0000] {processor.py:183} INFO - Processing /home/airflow/.local/lib/python3.12/site-packages/airflow/example_dags/example_bash_operator.py took 0.123 seconds
[2024-06-03T10:26:30.664+0000] {processor.py:161} INFO - Started process (PID=2211) to work on /home/airflow/.local/lib/python3.12/site-packages/airflow/example_dags/example_bash_operator.py
[2024-06-03T10:26:30.665+0000] {processor.py:830} INFO - Processing file /home/airflow/.local/lib/python3.12/site-packages/airflow/example_dags/example_bash_operator.py for tasks to queue
[2024-06-03T10:26:30.666+0000] {logging_mixin.py:188} INFO - [2024-06-03T10:26:30.666+0000] {dagbag.py:545} INFO - Filling up the DagBag from /home/airflow/.local/lib/python3.12/site-packages/airflow/example_dags/example_bash_operator.py
[2024-06-03T10:26:30.680+0000] {processor.py:840} INFO - DAG(s) 'example_bash_operator' retrieved from /home/airflow/.local/lib/python3.12/site-packages/airflow/example_dags/example_bash_operator.py
[2024-06-03T10:26:30.718+0000] {logging_mixin.py:188} INFO - [2024-06-03T10:26:30.718+0000] {dag.py:3096} INFO - Sync 1 DAGs
[2024-06-03T10:26:30.758+0000] {logging_mixin.py:188} INFO - [2024-06-03T10:26:30.757+0000] {dag.py:3954} INFO - Setting next_dagrun for example_bash_operator to 2024-06-02 00:00:00+00:00, run_after=2024-06-03 00:00:00+00:00
[2024-06-03T10:26:30.784+0000] {processor.py:183} INFO - Processing /home/airflow/.local/lib/python3.12/site-packages/airflow/example_dags/example_bash_operator.py took 0.127 seconds
[2024-06-03T10:27:00.886+0000] {processor.py:161} INFO - Started process (PID=2467) to work on /home/airflow/.local/lib/python3.12/site-packages/airflow/example_dags/example_bash_operator.py
[2024-06-03T10:27:00.887+0000] {processor.py:830} INFO - Processing file /home/airflow/.local/lib/python3.12/site-packages/airflow/example_dags/example_bash_operator.py for tasks to queue
[2024-06-03T10:27:00.888+0000] {logging_mixin.py:188} INFO - [2024-06-03T10:27:00.888+0000] {dagbag.py:545} INFO - Filling up the DagBag from /home/airflow/.local/lib/python3.12/site-packages/airflow/example_dags/example_bash_operator.py
[2024-06-03T10:27:00.902+0000] {processor.py:840} INFO - DAG(s) 'example_bash_operator' retrieved from /home/airflow/.local/lib/python3.12/site-packages/airflow/example_dags/example_bash_operator.py
[2024-06-03T10:27:00.950+0000] {logging_mixin.py:188} INFO - [2024-06-03T10:27:00.950+0000] {dag.py:3096} INFO - Sync 1 DAGs
[2024-06-03T10:27:00.990+0000] {logging_mixin.py:188} INFO - [2024-06-03T10:27:00.990+0000] {dag.py:3954} INFO - Setting next_dagrun for example_bash_operator to 2024-06-02 00:00:00+00:00, run_after=2024-06-03 00:00:00+00:00
[2024-06-03T10:27:01.019+0000] {processor.py:183} INFO - Processing /home/airflow/.local/lib/python3.12/site-packages/airflow/example_dags/example_bash_operator.py took 0.140 seconds
[2024-06-03T10:27:31.377+0000] {processor.py:161} INFO - Started process (PID=2723) to work on /home/airflow/.local/lib/python3.12/site-packages/airflow/example_dags/example_bash_operator.py
[2024-06-03T10:27:31.378+0000] {processor.py:830} INFO - Processing file /home/airflow/.local/lib/python3.12/site-packages/airflow/example_dags/example_bash_operator.py for tasks to queue
[2024-06-03T10:27:31.379+0000] {logging_mixin.py:188} INFO - [2024-06-03T10:27:31.379+0000] {dagbag.py:545} INFO - Filling up the DagBag from /home/airflow/.local/lib/python3.12/site-packages/airflow/example_dags/example_bash_operator.py
[2024-06-03T10:27:31.393+0000] {processor.py:840} INFO - DAG(s) 'example_bash_operator' retrieved from /home/airflow/.local/lib/python3.12/site-packages/airflow/example_dags/example_bash_operator.py
[2024-06-03T10:27:31.432+0000] {logging_mixin.py:188} INFO - [2024-06-03T10:27:31.432+0000] {dag.py:3096} INFO - Sync 1 DAGs
[2024-06-03T10:27:31.465+0000] {logging_mixin.py:188} INFO - [2024-06-03T10:27:31.464+0000] {dag.py:3954} INFO - Setting next_dagrun for example_bash_operator to 2024-06-02 00:00:00+00:00, run_after=2024-06-03 00:00:00+00:00
[2024-06-03T10:27:31.492+0000] {processor.py:183} INFO - Processing /home/airflow/.local/lib/python3.12/site-packages/airflow/example_dags/example_bash_operator.py took 0.122 seconds
[2024-06-03T10:28:01.625+0000] {processor.py:161} INFO - Started process (PID=2979) to work on /home/airflow/.local/lib/python3.12/site-packages/airflow/example_dags/example_bash_operator.py
[2024-06-03T10:28:01.626+0000] {processor.py:830} INFO - Processing file /home/airflow/.local/lib/python3.12/site-packages/airflow/example_dags/example_bash_operator.py for tasks to queue
[2024-06-03T10:28:01.627+0000] {logging_mixin.py:188} INFO - [2024-06-03T10:28:01.627+0000] {dagbag.py:545} INFO - Filling up the DagBag from /home/airflow/.local/lib/python3.12/site-packages/airflow/example_dags/example_bash_operator.py
[2024-06-03T10:28:01.641+0000] {processor.py:840} INFO - DAG(s) 'example_bash_operator' retrieved from /home/airflow/.local/lib/python3.12/site-packages/airflow/example_dags/example_bash_operator.py
[2024-06-03T10:28:01.680+0000] {logging_mixin.py:188} INFO - [2024-06-03T10:28:01.680+0000] {dag.py:3096} INFO - Sync 1 DAGs
[2024-06-03T10:28:01.712+0000] {logging_mixin.py:188} INFO - [2024-06-03T10:28:01.712+0000] {dag.py:3954} INFO - Setting next_dagrun for example_bash_operator to 2024-06-02 00:00:00+00:00, run_after=2024-06-03 00:00:00+00:00
[2024-06-03T10:28:01.737+0000] {processor.py:183} INFO - Processing /home/airflow/.local/lib/python3.12/site-packages/airflow/example_dags/example_bash_operator.py took 0.119 seconds
[2024-06-03T10:28:31.891+0000] {processor.py:161} INFO - Started process (PID=3235) to work on /home/airflow/.local/lib/python3.12/site-packages/airflow/example_dags/example_bash_operator.py
[2024-06-03T10:28:31.892+0000] {processor.py:830} INFO - Processing file /home/airflow/.local/lib/python3.12/site-packages/airflow/example_dags/example_bash_operator.py for tasks to queue
[2024-06-03T10:28:31.894+0000] {logging_mixin.py:188} INFO - [2024-06-03T10:28:31.893+0000] {dagbag.py:545} INFO - Filling up the DagBag from /home/airflow/.local/lib/python3.12/site-packages/airflow/example_dags/example_bash_operator.py
[2024-06-03T10:28:31.908+0000] {processor.py:840} INFO - DAG(s) 'example_bash_operator' retrieved from /home/airflow/.local/lib/python3.12/site-packages/airflow/example_dags/example_bash_operator.py
[2024-06-03T10:28:31.948+0000] {logging_mixin.py:188} INFO - [2024-06-03T10:28:31.948+0000] {dag.py:3096} INFO - Sync 1 DAGs
[2024-06-03T10:28:31.982+0000] {logging_mixin.py:188} INFO - [2024-06-03T10:28:31.981+0000] {dag.py:3954} INFO - Setting next_dagrun for example_bash_operator to 2024-06-02 00:00:00+00:00, run_after=2024-06-03 00:00:00+00:00
[2024-06-03T10:28:32.010+0000] {processor.py:183} INFO - Processing /home/airflow/.local/lib/python3.12/site-packages/airflow/example_dags/example_bash_operator.py took 0.125 seconds
[2024-06-03T10:29:02.108+0000] {processor.py:161} INFO - Started process (PID=3491) to work on /home/airflow/.local/lib/python3.12/site-packages/airflow/example_dags/example_bash_operator.py
[2024-06-03T10:29:02.109+0000] {processor.py:830} INFO - Processing file /home/airflow/.local/lib/python3.12/site-packages/airflow/example_dags/example_bash_operator.py for tasks to queue
[2024-06-03T10:29:02.111+0000] {logging_mixin.py:188} INFO - [2024-06-03T10:29:02.111+0000] {dagbag.py:545} INFO - Filling up the DagBag from /home/airflow/.local/lib/python3.12/site-packages/airflow/example_dags/example_bash_operator.py
[2024-06-03T10:29:02.125+0000] {processor.py:840} INFO - DAG(s) 'example_bash_operator' retrieved from /home/airflow/.local/lib/python3.12/site-packages/airflow/example_dags/example_bash_operator.py
[2024-06-03T10:29:02.165+0000] {logging_mixin.py:188} INFO - [2024-06-03T10:29:02.164+0000] {dag.py:3096} INFO - Sync 1 DAGs
[2024-06-03T10:29:02.198+0000] {logging_mixin.py:188} INFO - [2024-06-03T10:29:02.198+0000] {dag.py:3954} INFO - Setting next_dagrun for example_bash_operator to 2024-06-02 00:00:00+00:00, run_after=2024-06-03 00:00:00+00:00
[2024-06-03T10:29:02.225+0000] {processor.py:183} INFO - Processing /home/airflow/.local/lib/python3.12/site-packages/airflow/example_dags/example_bash_operator.py took 0.123 seconds
[2024-06-03T10:29:32.437+0000] {processor.py:161} INFO - Started process (PID=3747) to work on /home/airflow/.local/lib/python3.12/site-packages/airflow/example_dags/example_bash_operator.py
[2024-06-03T10:29:32.437+0000] {processor.py:830} INFO - Processing file /home/airflow/.local/lib/python3.12/site-packages/airflow/example_dags/example_bash_operator.py for tasks to queue
[2024-06-03T10:29:32.439+0000] {logging_mixin.py:188} INFO - [2024-06-03T10:29:32.439+0000] {dagbag.py:545} INFO - Filling up the DagBag from /home/airflow/.local/lib/python3.12/site-packages/airflow/example_dags/example_bash_operator.py
[2024-06-03T10:29:32.453+0000] {processor.py:840} INFO - DAG(s) 'example_bash_operator' retrieved from /home/airflow/.local/lib/python3.12/site-packages/airflow/example_dags/example_bash_operator.py
[2024-06-03T10:29:32.494+0000] {logging_mixin.py:188} INFO - [2024-06-03T10:29:32.494+0000] {dag.py:3096} INFO - Sync 1 DAGs
[2024-06-03T10:29:32.528+0000] {logging_mixin.py:188} INFO - [2024-06-03T10:29:32.528+0000] {dag.py:3954} INFO - Setting next_dagrun for example_bash_operator to 2024-06-02 00:00:00+00:00, run_after=2024-06-03 00:00:00+00:00
[2024-06-03T10:29:32.553+0000] {processor.py:183} INFO - Processing /home/airflow/.local/lib/python3.12/site-packages/airflow/example_dags/example_bash_operator.py took 0.124 seconds
[2024-06-03T10:30:02.760+0000] {processor.py:161} INFO - Started process (PID=4003) to work on /home/airflow/.local/lib/python3.12/site-packages/airflow/example_dags/example_bash_operator.py
[2024-06-03T10:30:02.761+0000] {processor.py:830} INFO - Processing file /home/airflow/.local/lib/python3.12/site-packages/airflow/example_dags/example_bash_operator.py for tasks to queue
[2024-06-03T10:30:02.762+0000] {logging_mixin.py:188} INFO - [2024-06-03T10:30:02.762+0000] {dagbag.py:545} INFO - Filling up the DagBag from /home/airflow/.local/lib/python3.12/site-packages/airflow/example_dags/example_bash_operator.py
[2024-06-03T10:30:02.776+0000] {processor.py:840} INFO - DAG(s) 'example_bash_operator' retrieved from /home/airflow/.local/lib/python3.12/site-packages/airflow/example_dags/example_bash_operator.py
[2024-06-03T10:30:02.815+0000] {logging_mixin.py:188} INFO - [2024-06-03T10:30:02.815+0000] {dag.py:3096} INFO - Sync 1 DAGs
[2024-06-03T10:30:02.847+0000] {logging_mixin.py:188} INFO - [2024-06-03T10:30:02.847+0000] {dag.py:3954} INFO - Setting next_dagrun for example_bash_operator to 2024-06-02 00:00:00+00:00, run_after=2024-06-03 00:00:00+00:00
[2024-06-03T10:30:02.873+0000] {processor.py:183} INFO - Processing /home/airflow/.local/lib/python3.12/site-packages/airflow/example_dags/example_bash_operator.py took 0.120 seconds
[2024-06-03T10:30:33.062+0000] {processor.py:161} INFO - Started process (PID=4259) to work on /home/airflow/.local/lib/python3.12/site-packages/airflow/example_dags/example_bash_operator.py
[2024-06-03T10:30:33.063+0000] {processor.py:830} INFO - Processing file /home/airflow/.local/lib/python3.12/site-packages/airflow/example_dags/example_bash_operator.py for tasks to queue
[2024-06-03T10:30:33.064+0000] {logging_mixin.py:188} INFO - [2024-06-03T10:30:33.064+0000] {dagbag.py:545} INFO - Filling up the DagBag from /home/airflow/.local/lib/python3.12/site-packages/airflow/example_dags/example_bash_operator.py
[2024-06-03T10:30:33.079+0000] {processor.py:840} INFO - DAG(s) 'example_bash_operator' retrieved from /home/airflow/.local/lib/python3.12/site-packages/airflow/example_dags/example_bash_operator.py
[2024-06-03T10:30:33.118+0000] {logging_mixin.py:188} INFO - [2024-06-03T10:30:33.118+0000] {dag.py:3096} INFO - Sync 1 DAGs
[2024-06-03T10:30:33.151+0000] {logging_mixin.py:188} INFO - [2024-06-03T10:30:33.150+0000] {dag.py:3954} INFO - Setting next_dagrun for example_bash_operator to 2024-06-02 00:00:00+00:00, run_after=2024-06-03 00:00:00+00:00
[2024-06-03T10:30:33.176+0000] {processor.py:183} INFO - Processing /home/airflow/.local/lib/python3.12/site-packages/airflow/example_dags/example_bash_operator.py took 0.121 seconds
[2024-06-03T10:31:03.223+0000] {processor.py:161} INFO - Started process (PID=4515) to work on /home/airflow/.local/lib/python3.12/site-packages/airflow/example_dags/example_bash_operator.py
[2024-06-03T10:31:03.224+0000] {processor.py:830} INFO - Processing file /home/airflow/.local/lib/python3.12/site-packages/airflow/example_dags/example_bash_operator.py for tasks to queue
[2024-06-03T10:31:03.225+0000] {logging_mixin.py:188} INFO - [2024-06-03T10:31:03.225+0000] {dagbag.py:545} INFO - Filling up the DagBag from /home/airflow/.local/lib/python3.12/site-packages/airflow/example_dags/example_bash_operator.py
[2024-06-03T10:31:03.239+0000] {processor.py:840} INFO - DAG(s) 'example_bash_operator' retrieved from /home/airflow/.local/lib/python3.12/site-packages/airflow/example_dags/example_bash_operator.py
[2024-06-03T10:31:03.286+0000] {logging_mixin.py:188} INFO - [2024-06-03T10:31:03.286+0000] {dag.py:3096} INFO - Sync 1 DAGs
[2024-06-03T10:31:03.325+0000] {logging_mixin.py:188} INFO - [2024-06-03T10:31:03.325+0000] {dag.py:3954} INFO - Setting next_dagrun for example_bash_operator to 2024-06-02 00:00:00+00:00, run_after=2024-06-03 00:00:00+00:00
[2024-06-03T10:31:03.352+0000] {processor.py:183} INFO - Processing /home/airflow/.local/lib/python3.12/site-packages/airflow/example_dags/example_bash_operator.py took 0.136 seconds
[2024-06-03T10:31:33.719+0000] {processor.py:161} INFO - Started process (PID=4771) to work on /home/airflow/.local/lib/python3.12/site-packages/airflow/example_dags/example_bash_operator.py
[2024-06-03T10:31:33.720+0000] {processor.py:830} INFO - Processing file /home/airflow/.local/lib/python3.12/site-packages/airflow/example_dags/example_bash_operator.py for tasks to queue
[2024-06-03T10:31:33.722+0000] {logging_mixin.py:188} INFO - [2024-06-03T10:31:33.721+0000] {dagbag.py:545} INFO - Filling up the DagBag from /home/airflow/.local/lib/python3.12/site-packages/airflow/example_dags/example_bash_operator.py
[2024-06-03T10:31:33.735+0000] {processor.py:840} INFO - DAG(s) 'example_bash_operator' retrieved from /home/airflow/.local/lib/python3.12/site-packages/airflow/example_dags/example_bash_operator.py
[2024-06-03T10:31:33.775+0000] {logging_mixin.py:188} INFO - [2024-06-03T10:31:33.775+0000] {dag.py:3096} INFO - Sync 1 DAGs
[2024-06-03T10:31:33.812+0000] {logging_mixin.py:188} INFO - [2024-06-03T10:31:33.812+0000] {dag.py:3954} INFO - Setting next_dagrun for example_bash_operator to 2024-06-02 00:00:00+00:00, run_after=2024-06-03 00:00:00+00:00
[2024-06-03T10:31:33.837+0000] {processor.py:183} INFO - Processing /home/airflow/.local/lib/python3.12/site-packages/airflow/example_dags/example_bash_operator.py took 0.125 seconds
[2024-06-03T10:32:03.929+0000] {processor.py:161} INFO - Started process (PID=5027) to work on /home/airflow/.local/lib/python3.12/site-packages/airflow/example_dags/example_bash_operator.py
[2024-06-03T10:32:03.930+0000] {processor.py:830} INFO - Processing file /home/airflow/.local/lib/python3.12/site-packages/airflow/example_dags/example_bash_operator.py for tasks to queue
[2024-06-03T10:32:03.931+0000] {logging_mixin.py:188} INFO - [2024-06-03T10:32:03.931+0000] {dagbag.py:545} INFO - Filling up the DagBag from /home/airflow/.local/lib/python3.12/site-packages/airflow/example_dags/example_bash_operator.py
[2024-06-03T10:32:03.945+0000] {processor.py:840} INFO - DAG(s) 'example_bash_operator' retrieved from /home/airflow/.local/lib/python3.12/site-packages/airflow/example_dags/example_bash_operator.py
[2024-06-03T10:32:03.985+0000] {logging_mixin.py:188} INFO - [2024-06-03T10:32:03.984+0000] {dag.py:3096} INFO - Sync 1 DAGs
[2024-06-03T10:32:04.018+0000] {logging_mixin.py:188} INFO - [2024-06-03T10:32:04.017+0000] {dag.py:3954} INFO - Setting next_dagrun for example_bash_operator to 2024-06-02 00:00:00+00:00, run_after=2024-06-03 00:00:00+00:00
[2024-06-03T10:32:04.043+0000] {processor.py:183} INFO - Processing /home/airflow/.local/lib/python3.12/site-packages/airflow/example_dags/example_bash_operator.py took 0.121 seconds
[2024-06-03T10:32:34.278+0000] {processor.py:161} INFO - Started process (PID=5283) to work on /home/airflow/.local/lib/python3.12/site-packages/airflow/example_dags/example_bash_operator.py
[2024-06-03T10:32:34.279+0000] {processor.py:830} INFO - Processing file /home/airflow/.local/lib/python3.12/site-packages/airflow/example_dags/example_bash_operator.py for tasks to queue
[2024-06-03T10:32:34.280+0000] {logging_mixin.py:188} INFO - [2024-06-03T10:32:34.280+0000] {dagbag.py:545} INFO - Filling up the DagBag from /home/airflow/.local/lib/python3.12/site-packages/airflow/example_dags/example_bash_operator.py
[2024-06-03T10:32:34.294+0000] {processor.py:840} INFO - DAG(s) 'example_bash_operator' retrieved from /home/airflow/.local/lib/python3.12/site-packages/airflow/example_dags/example_bash_operator.py
[2024-06-03T10:32:34.333+0000] {logging_mixin.py:188} INFO - [2024-06-03T10:32:34.332+0000] {dag.py:3096} INFO - Sync 1 DAGs
[2024-06-03T10:32:34.366+0000] {logging_mixin.py:188} INFO - [2024-06-03T10:32:34.365+0000] {dag.py:3954} INFO - Setting next_dagrun for example_bash_operator to 2024-06-02 00:00:00+00:00, run_after=2024-06-03 00:00:00+00:00
[2024-06-03T10:32:34.390+0000] {processor.py:183} INFO - Processing /home/airflow/.local/lib/python3.12/site-packages/airflow/example_dags/example_bash_operator.py took 0.119 seconds
[2024-06-03T10:33:04.433+0000] {processor.py:161} INFO - Started process (PID=5539) to work on /home/airflow/.local/lib/python3.12/site-packages/airflow/example_dags/example_bash_operator.py
[2024-06-03T10:33:04.434+0000] {processor.py:830} INFO - Processing file /home/airflow/.local/lib/python3.12/site-packages/airflow/example_dags/example_bash_operator.py for tasks to queue
[2024-06-03T10:33:04.436+0000] {logging_mixin.py:188} INFO - [2024-06-03T10:33:04.436+0000] {dagbag.py:545} INFO - Filling up the DagBag from /home/airflow/.local/lib/python3.12/site-packages/airflow/example_dags/example_bash_operator.py
[2024-06-03T10:33:04.450+0000] {processor.py:840} INFO - DAG(s) 'example_bash_operator' retrieved from /home/airflow/.local/lib/python3.12/site-packages/airflow/example_dags/example_bash_operator.py
[2024-06-03T10:33:04.498+0000] {logging_mixin.py:188} INFO - [2024-06-03T10:33:04.498+0000] {dag.py:3096} INFO - Sync 1 DAGs
[2024-06-03T10:33:04.539+0000] {logging_mixin.py:188} INFO - [2024-06-03T10:33:04.538+0000] {dag.py:3954} INFO - Setting next_dagrun for example_bash_operator to 2024-06-02 00:00:00+00:00, run_after=2024-06-03 00:00:00+00:00
[2024-06-03T10:33:04.565+0000] {processor.py:183} INFO - Processing /home/airflow/.local/lib/python3.12/site-packages/airflow/example_dags/example_bash_operator.py took 0.138 seconds
[2024-06-03T10:33:34.855+0000] {processor.py:161} INFO - Started process (PID=5795) to work on /home/airflow/.local/lib/python3.12/site-packages/airflow/example_dags/example_bash_operator.py
[2024-06-03T10:33:34.855+0000] {processor.py:830} INFO - Processing file /home/airflow/.local/lib/python3.12/site-packages/airflow/example_dags/example_bash_operator.py for tasks to queue
[2024-06-03T10:33:34.857+0000] {logging_mixin.py:188} INFO - [2024-06-03T10:33:34.856+0000] {dagbag.py:545} INFO - Filling up the DagBag from /home/airflow/.local/lib/python3.12/site-packages/airflow/example_dags/example_bash_operator.py
[2024-06-03T10:33:34.871+0000] {processor.py:840} INFO - DAG(s) 'example_bash_operator' retrieved from /home/airflow/.local/lib/python3.12/site-packages/airflow/example_dags/example_bash_operator.py
[2024-06-03T10:33:34.909+0000] {logging_mixin.py:188} INFO - [2024-06-03T10:33:34.909+0000] {dag.py:3096} INFO - Sync 1 DAGs
[2024-06-03T10:33:34.942+0000] {logging_mixin.py:188} INFO - [2024-06-03T10:33:34.941+0000] {dag.py:3954} INFO - Setting next_dagrun for example_bash_operator to 2024-06-02 00:00:00+00:00, run_after=2024-06-03 00:00:00+00:00
[2024-06-03T10:33:34.969+0000] {processor.py:183} INFO - Processing /home/airflow/.local/lib/python3.12/site-packages/airflow/example_dags/example_bash_operator.py took 0.121 seconds
[2024-06-03T10:34:05.042+0000] {processor.py:161} INFO - Started process (PID=6051) to work on /home/airflow/.local/lib/python3.12/site-packages/airflow/example_dags/example_bash_operator.py
[2024-06-03T10:34:05.044+0000] {processor.py:830} INFO - Processing file /home/airflow/.local/lib/python3.12/site-packages/airflow/example_dags/example_bash_operator.py for tasks to queue
[2024-06-03T10:34:05.045+0000] {logging_mixin.py:188} INFO - [2024-06-03T10:34:05.045+0000] {dagbag.py:545} INFO - Filling up the DagBag from /home/airflow/.local/lib/python3.12/site-packages/airflow/example_dags/example_bash_operator.py
[2024-06-03T10:34:05.059+0000] {processor.py:840} INFO - DAG(s) 'example_bash_operator' retrieved from /home/airflow/.local/lib/python3.12/site-packages/airflow/example_dags/example_bash_operator.py
[2024-06-03T10:34:05.098+0000] {logging_mixin.py:188} INFO - [2024-06-03T10:34:05.097+0000] {dag.py:3096} INFO - Sync 1 DAGs
[2024-06-03T10:34:05.131+0000] {logging_mixin.py:188} INFO - [2024-06-03T10:34:05.131+0000] {dag.py:3954} INFO - Setting next_dagrun for example_bash_operator to 2024-06-02 00:00:00+00:00, run_after=2024-06-03 00:00:00+00:00
[2024-06-03T10:34:05.156+0000] {processor.py:183} INFO - Processing /home/airflow/.local/lib/python3.12/site-packages/airflow/example_dags/example_bash_operator.py took 0.120 seconds
[2024-06-03T10:34:35.413+0000] {processor.py:161} INFO - Started process (PID=6307) to work on /home/airflow/.local/lib/python3.12/site-packages/airflow/example_dags/example_bash_operator.py
[2024-06-03T10:34:35.414+0000] {processor.py:830} INFO - Processing file /home/airflow/.local/lib/python3.12/site-packages/airflow/example_dags/example_bash_operator.py for tasks to queue
[2024-06-03T10:34:35.416+0000] {logging_mixin.py:188} INFO - [2024-06-03T10:34:35.415+0000] {dagbag.py:545} INFO - Filling up the DagBag from /home/airflow/.local/lib/python3.12/site-packages/airflow/example_dags/example_bash_operator.py
[2024-06-03T10:34:35.430+0000] {processor.py:840} INFO - DAG(s) 'example_bash_operator' retrieved from /home/airflow/.local/lib/python3.12/site-packages/airflow/example_dags/example_bash_operator.py
[2024-06-03T10:34:35.470+0000] {logging_mixin.py:188} INFO - [2024-06-03T10:34:35.470+0000] {dag.py:3096} INFO - Sync 1 DAGs
[2024-06-03T10:34:35.506+0000] {logging_mixin.py:188} INFO - [2024-06-03T10:34:35.505+0000] {dag.py:3954} INFO - Setting next_dagrun for example_bash_operator to 2024-06-02 00:00:00+00:00, run_after=2024-06-03 00:00:00+00:00
[2024-06-03T10:34:35.531+0000] {processor.py:183} INFO - Processing /home/airflow/.local/lib/python3.12/site-packages/airflow/example_dags/example_bash_operator.py took 0.125 seconds
[2024-06-03T10:35:05.698+0000] {processor.py:161} INFO - Started process (PID=6563) to work on /home/airflow/.local/lib/python3.12/site-packages/airflow/example_dags/example_bash_operator.py
[2024-06-03T10:35:05.699+0000] {processor.py:830} INFO - Processing file /home/airflow/.local/lib/python3.12/site-packages/airflow/example_dags/example_bash_operator.py for tasks to queue
[2024-06-03T10:35:05.701+0000] {logging_mixin.py:188} INFO - [2024-06-03T10:35:05.701+0000] {dagbag.py:545} INFO - Filling up the DagBag from /home/airflow/.local/lib/python3.12/site-packages/airflow/example_dags/example_bash_operator.py
[2024-06-03T10:35:05.716+0000] {processor.py:840} INFO - DAG(s) 'example_bash_operator' retrieved from /home/airflow/.local/lib/python3.12/site-packages/airflow/example_dags/example_bash_operator.py
[2024-06-03T10:35:05.757+0000] {logging_mixin.py:188} INFO - [2024-06-03T10:35:05.757+0000] {dag.py:3096} INFO - Sync 1 DAGs
[2024-06-03T10:35:05.794+0000] {logging_mixin.py:188} INFO - [2024-06-03T10:35:05.794+0000] {dag.py:3954} INFO - Setting next_dagrun for example_bash_operator to 2024-06-02 00:00:00+00:00, run_after=2024-06-03 00:00:00+00:00
[2024-06-03T10:35:05.820+0000] {processor.py:183} INFO - Processing /home/airflow/.local/lib/python3.12/site-packages/airflow/example_dags/example_bash_operator.py took 0.129 seconds
[2024-06-03T10:35:36.048+0000] {processor.py:161} INFO - Started process (PID=6819) to work on /home/airflow/.local/lib/python3.12/site-packages/airflow/example_dags/example_bash_operator.py
[2024-06-03T10:35:36.049+0000] {processor.py:830} INFO - Processing file /home/airflow/.local/lib/python3.12/site-packages/airflow/example_dags/example_bash_operator.py for tasks to queue
[2024-06-03T10:35:36.051+0000] {logging_mixin.py:188} INFO - [2024-06-03T10:35:36.051+0000] {dagbag.py:545} INFO - Filling up the DagBag from /home/airflow/.local/lib/python3.12/site-packages/airflow/example_dags/example_bash_operator.py
[2024-06-03T10:35:36.069+0000] {processor.py:840} INFO - DAG(s) 'example_bash_operator' retrieved from /home/airflow/.local/lib/python3.12/site-packages/airflow/example_dags/example_bash_operator.py
[2024-06-03T10:35:36.112+0000] {logging_mixin.py:188} INFO - [2024-06-03T10:35:36.112+0000] {dag.py:3096} INFO - Sync 1 DAGs
[2024-06-03T10:35:36.149+0000] {logging_mixin.py:188} INFO - [2024-06-03T10:35:36.148+0000] {dag.py:3954} INFO - Setting next_dagrun for example_bash_operator to 2024-06-02 00:00:00+00:00, run_after=2024-06-03 00:00:00+00:00
[2024-06-03T10:35:36.176+0000] {processor.py:183} INFO - Processing /home/airflow/.local/lib/python3.12/site-packages/airflow/example_dags/example_bash_operator.py took 0.136 seconds
[2024-06-03T10:36:06.259+0000] {processor.py:161} INFO - Started process (PID=7075) to work on /home/airflow/.local/lib/python3.12/site-packages/airflow/example_dags/example_bash_operator.py
[2024-06-03T10:36:06.260+0000] {processor.py:830} INFO - Processing file /home/airflow/.local/lib/python3.12/site-packages/airflow/example_dags/example_bash_operator.py for tasks to queue
[2024-06-03T10:36:06.262+0000] {logging_mixin.py:188} INFO - [2024-06-03T10:36:06.262+0000] {dagbag.py:545} INFO - Filling up the DagBag from /home/airflow/.local/lib/python3.12/site-packages/airflow/example_dags/example_bash_operator.py
[2024-06-03T10:36:06.278+0000] {processor.py:840} INFO - DAG(s) 'example_bash_operator' retrieved from /home/airflow/.local/lib/python3.12/site-packages/airflow/example_dags/example_bash_operator.py
[2024-06-03T10:36:06.318+0000] {logging_mixin.py:188} INFO - [2024-06-03T10:36:06.317+0000] {dag.py:3096} INFO - Sync 1 DAGs
[2024-06-03T10:36:06.353+0000] {logging_mixin.py:188} INFO - [2024-06-03T10:36:06.352+0000] {dag.py:3954} INFO - Setting next_dagrun for example_bash_operator to 2024-06-02 00:00:00+00:00, run_after=2024-06-03 00:00:00+00:00
[2024-06-03T10:36:06.378+0000] {processor.py:183} INFO - Processing /home/airflow/.local/lib/python3.12/site-packages/airflow/example_dags/example_bash_operator.py took 0.125 seconds
[2024-06-03T10:36:36.837+0000] {processor.py:161} INFO - Started process (PID=7325) to work on /home/airflow/.local/lib/python3.12/site-packages/airflow/example_dags/example_bash_operator.py
[2024-06-03T10:36:36.838+0000] {processor.py:830} INFO - Processing file /home/airflow/.local/lib/python3.12/site-packages/airflow/example_dags/example_bash_operator.py for tasks to queue
[2024-06-03T10:36:36.840+0000] {logging_mixin.py:188} INFO - [2024-06-03T10:36:36.840+0000] {dagbag.py:545} INFO - Filling up the DagBag from /home/airflow/.local/lib/python3.12/site-packages/airflow/example_dags/example_bash_operator.py
[2024-06-03T10:36:36.858+0000] {processor.py:840} INFO - DAG(s) 'example_bash_operator' retrieved from /home/airflow/.local/lib/python3.12/site-packages/airflow/example_dags/example_bash_operator.py
[2024-06-03T10:36:36.898+0000] {logging_mixin.py:188} INFO - [2024-06-03T10:36:36.897+0000] {dag.py:3096} INFO - Sync 1 DAGs
[2024-06-03T10:36:36.931+0000] {logging_mixin.py:188} INFO - [2024-06-03T10:36:36.930+0000] {dag.py:3954} INFO - Setting next_dagrun for example_bash_operator to 2024-06-02 00:00:00+00:00, run_after=2024-06-03 00:00:00+00:00
[2024-06-03T10:36:36.959+0000] {processor.py:183} INFO - Processing /home/airflow/.local/lib/python3.12/site-packages/airflow/example_dags/example_bash_operator.py took 0.130 seconds
[2024-06-03T10:37:07.471+0000] {processor.py:161} INFO - Started process (PID=7581) to work on /home/airflow/.local/lib/python3.12/site-packages/airflow/example_dags/example_bash_operator.py
[2024-06-03T10:37:07.472+0000] {processor.py:830} INFO - Processing file /home/airflow/.local/lib/python3.12/site-packages/airflow/example_dags/example_bash_operator.py for tasks to queue
[2024-06-03T10:37:07.473+0000] {logging_mixin.py:188} INFO - [2024-06-03T10:37:07.473+0000] {dagbag.py:545} INFO - Filling up the DagBag from /home/airflow/.local/lib/python3.12/site-packages/airflow/example_dags/example_bash_operator.py
[2024-06-03T10:37:07.487+0000] {processor.py:840} INFO - DAG(s) 'example_bash_operator' retrieved from /home/airflow/.local/lib/python3.12/site-packages/airflow/example_dags/example_bash_operator.py
[2024-06-03T10:37:07.533+0000] {logging_mixin.py:188} INFO - [2024-06-03T10:37:07.533+0000] {dag.py:3096} INFO - Sync 1 DAGs
[2024-06-03T10:37:07.573+0000] {logging_mixin.py:188} INFO - [2024-06-03T10:37:07.572+0000] {dag.py:3954} INFO - Setting next_dagrun for example_bash_operator to 2024-06-02 00:00:00+00:00, run_after=2024-06-03 00:00:00+00:00
[2024-06-03T10:37:07.599+0000] {processor.py:183} INFO - Processing /home/airflow/.local/lib/python3.12/site-packages/airflow/example_dags/example_bash_operator.py took 0.135 seconds
[2024-06-03T10:37:37.729+0000] {processor.py:161} INFO - Started process (PID=7839) to work on /home/airflow/.local/lib/python3.12/site-packages/airflow/example_dags/example_bash_operator.py
[2024-06-03T10:37:37.730+0000] {processor.py:830} INFO - Processing file /home/airflow/.local/lib/python3.12/site-packages/airflow/example_dags/example_bash_operator.py for tasks to queue
[2024-06-03T10:37:37.732+0000] {logging_mixin.py:188} INFO - [2024-06-03T10:37:37.732+0000] {dagbag.py:545} INFO - Filling up the DagBag from /home/airflow/.local/lib/python3.12/site-packages/airflow/example_dags/example_bash_operator.py
[2024-06-03T10:37:37.745+0000] {processor.py:840} INFO - DAG(s) 'example_bash_operator' retrieved from /home/airflow/.local/lib/python3.12/site-packages/airflow/example_dags/example_bash_operator.py
[2024-06-03T10:37:37.784+0000] {logging_mixin.py:188} INFO - [2024-06-03T10:37:37.784+0000] {dag.py:3096} INFO - Sync 1 DAGs
[2024-06-03T10:37:37.816+0000] {logging_mixin.py:188} INFO - [2024-06-03T10:37:37.815+0000] {dag.py:3954} INFO - Setting next_dagrun for example_bash_operator to 2024-06-02 00:00:00+00:00, run_after=2024-06-03 00:00:00+00:00
[2024-06-03T10:37:37.839+0000] {processor.py:183} INFO - Processing /home/airflow/.local/lib/python3.12/site-packages/airflow/example_dags/example_bash_operator.py took 0.116 seconds
[2024-06-03T10:38:08.106+0000] {processor.py:161} INFO - Started process (PID=8093) to work on /home/airflow/.local/lib/python3.12/site-packages/airflow/example_dags/example_bash_operator.py
[2024-06-03T10:38:08.107+0000] {processor.py:830} INFO - Processing file /home/airflow/.local/lib/python3.12/site-packages/airflow/example_dags/example_bash_operator.py for tasks to queue
[2024-06-03T10:38:08.109+0000] {logging_mixin.py:188} INFO - [2024-06-03T10:38:08.108+0000] {dagbag.py:545} INFO - Filling up the DagBag from /home/airflow/.local/lib/python3.12/site-packages/airflow/example_dags/example_bash_operator.py
[2024-06-03T10:38:08.126+0000] {processor.py:840} INFO - DAG(s) 'example_bash_operator' retrieved from /home/airflow/.local/lib/python3.12/site-packages/airflow/example_dags/example_bash_operator.py
[2024-06-03T10:38:08.174+0000] {logging_mixin.py:188} INFO - [2024-06-03T10:38:08.173+0000] {dag.py:3096} INFO - Sync 1 DAGs
[2024-06-03T10:38:08.213+0000] {logging_mixin.py:188} INFO - [2024-06-03T10:38:08.212+0000] {dag.py:3954} INFO - Setting next_dagrun for example_bash_operator to 2024-06-02 00:00:00+00:00, run_after=2024-06-03 00:00:00+00:00
[2024-06-03T10:38:08.240+0000] {processor.py:183} INFO - Processing /home/airflow/.local/lib/python3.12/site-packages/airflow/example_dags/example_bash_operator.py took 0.142 seconds
[2024-06-03T10:38:38.921+0000] {processor.py:161} INFO - Started process (PID=8349) to work on /home/airflow/.local/lib/python3.12/site-packages/airflow/example_dags/example_bash_operator.py
[2024-06-03T10:38:38.922+0000] {processor.py:830} INFO - Processing file /home/airflow/.local/lib/python3.12/site-packages/airflow/example_dags/example_bash_operator.py for tasks to queue
[2024-06-03T10:38:38.924+0000] {logging_mixin.py:188} INFO - [2024-06-03T10:38:38.923+0000] {dagbag.py:545} INFO - Filling up the DagBag from /home/airflow/.local/lib/python3.12/site-packages/airflow/example_dags/example_bash_operator.py
[2024-06-03T10:38:38.937+0000] {processor.py:840} INFO - DAG(s) 'example_bash_operator' retrieved from /home/airflow/.local/lib/python3.12/site-packages/airflow/example_dags/example_bash_operator.py
[2024-06-03T10:38:38.976+0000] {logging_mixin.py:188} INFO - [2024-06-03T10:38:38.975+0000] {dag.py:3096} INFO - Sync 1 DAGs
[2024-06-03T10:38:39.008+0000] {logging_mixin.py:188} INFO - [2024-06-03T10:38:39.007+0000] {dag.py:3954} INFO - Setting next_dagrun for example_bash_operator to 2024-06-02 00:00:00+00:00, run_after=2024-06-03 00:00:00+00:00
[2024-06-03T10:38:39.034+0000] {processor.py:183} INFO - Processing /home/airflow/.local/lib/python3.12/site-packages/airflow/example_dags/example_bash_operator.py took 0.119 seconds
[2024-06-03T10:39:09.975+0000] {processor.py:161} INFO - Started process (PID=8605) to work on /home/airflow/.local/lib/python3.12/site-packages/airflow/example_dags/example_bash_operator.py
[2024-06-03T10:39:09.976+0000] {processor.py:830} INFO - Processing file /home/airflow/.local/lib/python3.12/site-packages/airflow/example_dags/example_bash_operator.py for tasks to queue
[2024-06-03T10:39:09.978+0000] {logging_mixin.py:188} INFO - [2024-06-03T10:39:09.977+0000] {dagbag.py:545} INFO - Filling up the DagBag from /home/airflow/.local/lib/python3.12/site-packages/airflow/example_dags/example_bash_operator.py
[2024-06-03T10:39:09.995+0000] {processor.py:840} INFO - DAG(s) 'example_bash_operator' retrieved from /home/airflow/.local/lib/python3.12/site-packages/airflow/example_dags/example_bash_operator.py
[2024-06-03T10:39:10.035+0000] {logging_mixin.py:188} INFO - [2024-06-03T10:39:10.035+0000] {dag.py:3096} INFO - Sync 1 DAGs
[2024-06-03T10:39:10.069+0000] {logging_mixin.py:188} INFO - [2024-06-03T10:39:10.068+0000] {dag.py:3954} INFO - Setting next_dagrun for example_bash_operator to 2024-06-02 00:00:00+00:00, run_after=2024-06-03 00:00:00+00:00
[2024-06-03T10:39:10.096+0000] {processor.py:183} INFO - Processing /home/airflow/.local/lib/python3.12/site-packages/airflow/example_dags/example_bash_operator.py took 0.129 seconds
[2024-06-03T10:39:40.968+0000] {processor.py:161} INFO - Started process (PID=8861) to work on /home/airflow/.local/lib/python3.12/site-packages/airflow/example_dags/example_bash_operator.py
[2024-06-03T10:39:40.969+0000] {processor.py:830} INFO - Processing file /home/airflow/.local/lib/python3.12/site-packages/airflow/example_dags/example_bash_operator.py for tasks to queue
[2024-06-03T10:39:40.971+0000] {logging_mixin.py:188} INFO - [2024-06-03T10:39:40.971+0000] {dagbag.py:545} INFO - Filling up the DagBag from /home/airflow/.local/lib/python3.12/site-packages/airflow/example_dags/example_bash_operator.py
[2024-06-03T10:39:40.989+0000] {processor.py:840} INFO - DAG(s) 'example_bash_operator' retrieved from /home/airflow/.local/lib/python3.12/site-packages/airflow/example_dags/example_bash_operator.py
[2024-06-03T10:39:41.027+0000] {logging_mixin.py:188} INFO - [2024-06-03T10:39:41.026+0000] {dag.py:3096} INFO - Sync 1 DAGs
[2024-06-03T10:39:41.059+0000] {logging_mixin.py:188} INFO - [2024-06-03T10:39:41.058+0000] {dag.py:3954} INFO - Setting next_dagrun for example_bash_operator to 2024-06-02 00:00:00+00:00, run_after=2024-06-03 00:00:00+00:00
[2024-06-03T10:39:41.085+0000] {processor.py:183} INFO - Processing /home/airflow/.local/lib/python3.12/site-packages/airflow/example_dags/example_bash_operator.py took 0.125 seconds
[2024-06-03T10:40:11.925+0000] {processor.py:161} INFO - Started process (PID=9117) to work on /home/airflow/.local/lib/python3.12/site-packages/airflow/example_dags/example_bash_operator.py
[2024-06-03T10:40:11.926+0000] {processor.py:830} INFO - Processing file /home/airflow/.local/lib/python3.12/site-packages/airflow/example_dags/example_bash_operator.py for tasks to queue
[2024-06-03T10:40:11.928+0000] {logging_mixin.py:188} INFO - [2024-06-03T10:40:11.928+0000] {dagbag.py:545} INFO - Filling up the DagBag from /home/airflow/.local/lib/python3.12/site-packages/airflow/example_dags/example_bash_operator.py
[2024-06-03T10:40:11.946+0000] {processor.py:840} INFO - DAG(s) 'example_bash_operator' retrieved from /home/airflow/.local/lib/python3.12/site-packages/airflow/example_dags/example_bash_operator.py
[2024-06-03T10:40:11.987+0000] {logging_mixin.py:188} INFO - [2024-06-03T10:40:11.987+0000] {dag.py:3096} INFO - Sync 1 DAGs
[2024-06-03T10:40:12.024+0000] {logging_mixin.py:188} INFO - [2024-06-03T10:40:12.024+0000] {dag.py:3954} INFO - Setting next_dagrun for example_bash_operator to 2024-06-02 00:00:00+00:00, run_after=2024-06-03 00:00:00+00:00
[2024-06-03T10:40:12.052+0000] {processor.py:183} INFO - Processing /home/airflow/.local/lib/python3.12/site-packages/airflow/example_dags/example_bash_operator.py took 0.135 seconds
[2024-06-03T10:40:42.832+0000] {processor.py:161} INFO - Started process (PID=9373) to work on /home/airflow/.local/lib/python3.12/site-packages/airflow/example_dags/example_bash_operator.py
[2024-06-03T10:40:42.833+0000] {processor.py:830} INFO - Processing file /home/airflow/.local/lib/python3.12/site-packages/airflow/example_dags/example_bash_operator.py for tasks to queue
[2024-06-03T10:40:42.835+0000] {logging_mixin.py:188} INFO - [2024-06-03T10:40:42.835+0000] {dagbag.py:545} INFO - Filling up the DagBag from /home/airflow/.local/lib/python3.12/site-packages/airflow/example_dags/example_bash_operator.py
[2024-06-03T10:40:42.849+0000] {processor.py:840} INFO - DAG(s) 'example_bash_operator' retrieved from /home/airflow/.local/lib/python3.12/site-packages/airflow/example_dags/example_bash_operator.py
[2024-06-03T10:40:42.889+0000] {logging_mixin.py:188} INFO - [2024-06-03T10:40:42.888+0000] {dag.py:3096} INFO - Sync 1 DAGs
[2024-06-03T10:40:42.923+0000] {logging_mixin.py:188} INFO - [2024-06-03T10:40:42.923+0000] {dag.py:3954} INFO - Setting next_dagrun for example_bash_operator to 2024-06-02 00:00:00+00:00, run_after=2024-06-03 00:00:00+00:00
[2024-06-03T10:40:42.948+0000] {processor.py:183} INFO - Processing /home/airflow/.local/lib/python3.12/site-packages/airflow/example_dags/example_bash_operator.py took 0.123 seconds
[2024-06-03T10:41:13.117+0000] {processor.py:161} INFO - Started process (PID=9629) to work on /home/airflow/.local/lib/python3.12/site-packages/airflow/example_dags/example_bash_operator.py
[2024-06-03T10:41:13.117+0000] {processor.py:830} INFO - Processing file /home/airflow/.local/lib/python3.12/site-packages/airflow/example_dags/example_bash_operator.py for tasks to queue
[2024-06-03T10:41:13.119+0000] {logging_mixin.py:188} INFO - [2024-06-03T10:41:13.119+0000] {dagbag.py:545} INFO - Filling up the DagBag from /home/airflow/.local/lib/python3.12/site-packages/airflow/example_dags/example_bash_operator.py
[2024-06-03T10:41:13.133+0000] {processor.py:840} INFO - DAG(s) 'example_bash_operator' retrieved from /home/airflow/.local/lib/python3.12/site-packages/airflow/example_dags/example_bash_operator.py
[2024-06-03T10:41:13.172+0000] {logging_mixin.py:188} INFO - [2024-06-03T10:41:13.172+0000] {dag.py:3096} INFO - Sync 1 DAGs
[2024-06-03T10:41:13.205+0000] {logging_mixin.py:188} INFO - [2024-06-03T10:41:13.204+0000] {dag.py:3954} INFO - Setting next_dagrun for example_bash_operator to 2024-06-02 00:00:00+00:00, run_after=2024-06-03 00:00:00+00:00
[2024-06-03T10:41:13.234+0000] {processor.py:183} INFO - Processing /home/airflow/.local/lib/python3.12/site-packages/airflow/example_dags/example_bash_operator.py took 0.124 seconds
[2024-06-03T10:41:43.369+0000] {processor.py:161} INFO - Started process (PID=9885) to work on /home/airflow/.local/lib/python3.12/site-packages/airflow/example_dags/example_bash_operator.py
[2024-06-03T10:41:43.370+0000] {processor.py:830} INFO - Processing file /home/airflow/.local/lib/python3.12/site-packages/airflow/example_dags/example_bash_operator.py for tasks to queue
[2024-06-03T10:41:43.372+0000] {logging_mixin.py:188} INFO - [2024-06-03T10:41:43.372+0000] {dagbag.py:545} INFO - Filling up the DagBag from /home/airflow/.local/lib/python3.12/site-packages/airflow/example_dags/example_bash_operator.py
[2024-06-03T10:41:43.386+0000] {processor.py:840} INFO - DAG(s) 'example_bash_operator' retrieved from /home/airflow/.local/lib/python3.12/site-packages/airflow/example_dags/example_bash_operator.py
[2024-06-03T10:41:43.427+0000] {logging_mixin.py:188} INFO - [2024-06-03T10:41:43.426+0000] {dag.py:3096} INFO - Sync 1 DAGs
[2024-06-03T10:41:43.462+0000] {logging_mixin.py:188} INFO - [2024-06-03T10:41:43.462+0000] {dag.py:3954} INFO - Setting next_dagrun for example_bash_operator to 2024-06-02 00:00:00+00:00, run_after=2024-06-03 00:00:00+00:00
[2024-06-03T10:41:43.489+0000] {processor.py:183} INFO - Processing /home/airflow/.local/lib/python3.12/site-packages/airflow/example_dags/example_bash_operator.py took 0.126 seconds
[2024-06-03T10:42:13.665+0000] {processor.py:161} INFO - Started process (PID=10141) to work on /home/airflow/.local/lib/python3.12/site-packages/airflow/example_dags/example_bash_operator.py
[2024-06-03T10:42:13.665+0000] {processor.py:830} INFO - Processing file /home/airflow/.local/lib/python3.12/site-packages/airflow/example_dags/example_bash_operator.py for tasks to queue
[2024-06-03T10:42:13.667+0000] {logging_mixin.py:188} INFO - [2024-06-03T10:42:13.667+0000] {dagbag.py:545} INFO - Filling up the DagBag from /home/airflow/.local/lib/python3.12/site-packages/airflow/example_dags/example_bash_operator.py
[2024-06-03T10:42:13.681+0000] {processor.py:840} INFO - DAG(s) 'example_bash_operator' retrieved from /home/airflow/.local/lib/python3.12/site-packages/airflow/example_dags/example_bash_operator.py
[2024-06-03T10:42:13.731+0000] {logging_mixin.py:188} INFO - [2024-06-03T10:42:13.731+0000] {dag.py:3096} INFO - Sync 1 DAGs
[2024-06-03T10:42:13.771+0000] {logging_mixin.py:188} INFO - [2024-06-03T10:42:13.770+0000] {dag.py:3954} INFO - Setting next_dagrun for example_bash_operator to 2024-06-02 00:00:00+00:00, run_after=2024-06-03 00:00:00+00:00
[2024-06-03T10:42:13.796+0000] {processor.py:183} INFO - Processing /home/airflow/.local/lib/python3.12/site-packages/airflow/example_dags/example_bash_operator.py took 0.139 seconds
[2024-06-03T10:42:43.850+0000] {processor.py:161} INFO - Started process (PID=10397) to work on /home/airflow/.local/lib/python3.12/site-packages/airflow/example_dags/example_bash_operator.py
[2024-06-03T10:42:43.851+0000] {processor.py:830} INFO - Processing file /home/airflow/.local/lib/python3.12/site-packages/airflow/example_dags/example_bash_operator.py for tasks to queue
[2024-06-03T10:42:43.853+0000] {logging_mixin.py:188} INFO - [2024-06-03T10:42:43.853+0000] {dagbag.py:545} INFO - Filling up the DagBag from /home/airflow/.local/lib/python3.12/site-packages/airflow/example_dags/example_bash_operator.py
[2024-06-03T10:42:43.867+0000] {processor.py:840} INFO - DAG(s) 'example_bash_operator' retrieved from /home/airflow/.local/lib/python3.12/site-packages/airflow/example_dags/example_bash_operator.py
[2024-06-03T10:42:43.907+0000] {logging_mixin.py:188} INFO - [2024-06-03T10:42:43.907+0000] {dag.py:3096} INFO - Sync 1 DAGs
[2024-06-03T10:42:43.943+0000] {logging_mixin.py:188} INFO - [2024-06-03T10:42:43.942+0000] {dag.py:3954} INFO - Setting next_dagrun for example_bash_operator to 2024-06-02 00:00:00+00:00, run_after=2024-06-03 00:00:00+00:00
[2024-06-03T10:42:43.968+0000] {processor.py:183} INFO - Processing /home/airflow/.local/lib/python3.12/site-packages/airflow/example_dags/example_bash_operator.py took 0.124 seconds
[2024-06-03T10:43:14.184+0000] {processor.py:161} INFO - Started process (PID=10653) to work on /home/airflow/.local/lib/python3.12/site-packages/airflow/example_dags/example_bash_operator.py
[2024-06-03T10:43:14.185+0000] {processor.py:830} INFO - Processing file /home/airflow/.local/lib/python3.12/site-packages/airflow/example_dags/example_bash_operator.py for tasks to queue
[2024-06-03T10:43:14.186+0000] {logging_mixin.py:188} INFO - [2024-06-03T10:43:14.186+0000] {dagbag.py:545} INFO - Filling up the DagBag from /home/airflow/.local/lib/python3.12/site-packages/airflow/example_dags/example_bash_operator.py
[2024-06-03T10:43:14.201+0000] {processor.py:840} INFO - DAG(s) 'example_bash_operator' retrieved from /home/airflow/.local/lib/python3.12/site-packages/airflow/example_dags/example_bash_operator.py
[2024-06-03T10:43:14.242+0000] {logging_mixin.py:188} INFO - [2024-06-03T10:43:14.241+0000] {dag.py:3096} INFO - Sync 1 DAGs
[2024-06-03T10:43:14.276+0000] {logging_mixin.py:188} INFO - [2024-06-03T10:43:14.276+0000] {dag.py:3954} INFO - Setting next_dagrun for example_bash_operator to 2024-06-02 00:00:00+00:00, run_after=2024-06-03 00:00:00+00:00
[2024-06-03T10:43:14.439+0000] {processor.py:183} INFO - Processing /home/airflow/.local/lib/python3.12/site-packages/airflow/example_dags/example_bash_operator.py took 0.262 seconds
[2024-06-03T10:43:44.630+0000] {processor.py:161} INFO - Started process (PID=10909) to work on /home/airflow/.local/lib/python3.12/site-packages/airflow/example_dags/example_bash_operator.py
[2024-06-03T10:43:44.631+0000] {processor.py:830} INFO - Processing file /home/airflow/.local/lib/python3.12/site-packages/airflow/example_dags/example_bash_operator.py for tasks to queue
[2024-06-03T10:43:44.634+0000] {logging_mixin.py:188} INFO - [2024-06-03T10:43:44.633+0000] {dagbag.py:545} INFO - Filling up the DagBag from /home/airflow/.local/lib/python3.12/site-packages/airflow/example_dags/example_bash_operator.py
[2024-06-03T10:43:44.651+0000] {processor.py:840} INFO - DAG(s) 'example_bash_operator' retrieved from /home/airflow/.local/lib/python3.12/site-packages/airflow/example_dags/example_bash_operator.py
[2024-06-03T10:43:44.692+0000] {logging_mixin.py:188} INFO - [2024-06-03T10:43:44.691+0000] {dag.py:3096} INFO - Sync 1 DAGs
[2024-06-03T10:43:44.725+0000] {logging_mixin.py:188} INFO - [2024-06-03T10:43:44.724+0000] {dag.py:3954} INFO - Setting next_dagrun for example_bash_operator to 2024-06-02 00:00:00+00:00, run_after=2024-06-03 00:00:00+00:00
[2024-06-03T10:43:44.752+0000] {processor.py:183} INFO - Processing /home/airflow/.local/lib/python3.12/site-packages/airflow/example_dags/example_bash_operator.py took 0.129 seconds
[2024-06-03T10:44:14.925+0000] {processor.py:161} INFO - Started process (PID=11165) to work on /home/airflow/.local/lib/python3.12/site-packages/airflow/example_dags/example_bash_operator.py
[2024-06-03T10:44:14.926+0000] {processor.py:830} INFO - Processing file /home/airflow/.local/lib/python3.12/site-packages/airflow/example_dags/example_bash_operator.py for tasks to queue
[2024-06-03T10:44:14.927+0000] {logging_mixin.py:188} INFO - [2024-06-03T10:44:14.927+0000] {dagbag.py:545} INFO - Filling up the DagBag from /home/airflow/.local/lib/python3.12/site-packages/airflow/example_dags/example_bash_operator.py
[2024-06-03T10:44:14.941+0000] {processor.py:840} INFO - DAG(s) 'example_bash_operator' retrieved from /home/airflow/.local/lib/python3.12/site-packages/airflow/example_dags/example_bash_operator.py
[2024-06-03T10:44:14.981+0000] {logging_mixin.py:188} INFO - [2024-06-03T10:44:14.981+0000] {dag.py:3096} INFO - Sync 1 DAGs
[2024-06-03T10:44:15.014+0000] {logging_mixin.py:188} INFO - [2024-06-03T10:44:15.014+0000] {dag.py:3954} INFO - Setting next_dagrun for example_bash_operator to 2024-06-02 00:00:00+00:00, run_after=2024-06-03 00:00:00+00:00
[2024-06-03T10:44:15.039+0000] {processor.py:183} INFO - Processing /home/airflow/.local/lib/python3.12/site-packages/airflow/example_dags/example_bash_operator.py took 0.121 seconds
[2024-06-03T10:44:45.226+0000] {processor.py:161} INFO - Started process (PID=11421) to work on /home/airflow/.local/lib/python3.12/site-packages/airflow/example_dags/example_bash_operator.py
[2024-06-03T10:44:45.227+0000] {processor.py:830} INFO - Processing file /home/airflow/.local/lib/python3.12/site-packages/airflow/example_dags/example_bash_operator.py for tasks to queue
[2024-06-03T10:44:45.228+0000] {logging_mixin.py:188} INFO - [2024-06-03T10:44:45.228+0000] {dagbag.py:545} INFO - Filling up the DagBag from /home/airflow/.local/lib/python3.12/site-packages/airflow/example_dags/example_bash_operator.py
[2024-06-03T10:44:45.386+0000] {processor.py:840} INFO - DAG(s) 'example_bash_operator' retrieved from /home/airflow/.local/lib/python3.12/site-packages/airflow/example_dags/example_bash_operator.py
[2024-06-03T10:44:45.423+0000] {logging_mixin.py:188} INFO - [2024-06-03T10:44:45.422+0000] {dag.py:3096} INFO - Sync 1 DAGs
[2024-06-03T10:44:45.455+0000] {logging_mixin.py:188} INFO - [2024-06-03T10:44:45.454+0000] {dag.py:3954} INFO - Setting next_dagrun for example_bash_operator to 2024-06-02 00:00:00+00:00, run_after=2024-06-03 00:00:00+00:00
[2024-06-03T10:44:45.480+0000] {processor.py:183} INFO - Processing /home/airflow/.local/lib/python3.12/site-packages/airflow/example_dags/example_bash_operator.py took 0.261 seconds
[2024-06-03T10:45:15.551+0000] {processor.py:161} INFO - Started process (PID=11677) to work on /home/airflow/.local/lib/python3.12/site-packages/airflow/example_dags/example_bash_operator.py
[2024-06-03T10:45:15.551+0000] {processor.py:830} INFO - Processing file /home/airflow/.local/lib/python3.12/site-packages/airflow/example_dags/example_bash_operator.py for tasks to queue
[2024-06-03T10:45:15.553+0000] {logging_mixin.py:188} INFO - [2024-06-03T10:45:15.553+0000] {dagbag.py:545} INFO - Filling up the DagBag from /home/airflow/.local/lib/python3.12/site-packages/airflow/example_dags/example_bash_operator.py
[2024-06-03T10:45:15.568+0000] {processor.py:840} INFO - DAG(s) 'example_bash_operator' retrieved from /home/airflow/.local/lib/python3.12/site-packages/airflow/example_dags/example_bash_operator.py
[2024-06-03T10:45:15.608+0000] {logging_mixin.py:188} INFO - [2024-06-03T10:45:15.608+0000] {dag.py:3096} INFO - Sync 1 DAGs
[2024-06-03T10:45:15.643+0000] {logging_mixin.py:188} INFO - [2024-06-03T10:45:15.643+0000] {dag.py:3954} INFO - Setting next_dagrun for example_bash_operator to 2024-06-02 00:00:00+00:00, run_after=2024-06-03 00:00:00+00:00
[2024-06-03T10:45:15.666+0000] {processor.py:183} INFO - Processing /home/airflow/.local/lib/python3.12/site-packages/airflow/example_dags/example_bash_operator.py took 0.122 seconds
[2024-06-03T10:45:46.270+0000] {processor.py:161} INFO - Started process (PID=11933) to work on /home/airflow/.local/lib/python3.12/site-packages/airflow/example_dags/example_bash_operator.py
[2024-06-03T10:45:46.271+0000] {processor.py:830} INFO - Processing file /home/airflow/.local/lib/python3.12/site-packages/airflow/example_dags/example_bash_operator.py for tasks to queue
[2024-06-03T10:45:46.272+0000] {logging_mixin.py:188} INFO - [2024-06-03T10:45:46.272+0000] {dagbag.py:545} INFO - Filling up the DagBag from /home/airflow/.local/lib/python3.12/site-packages/airflow/example_dags/example_bash_operator.py
[2024-06-03T10:45:46.286+0000] {processor.py:840} INFO - DAG(s) 'example_bash_operator' retrieved from /home/airflow/.local/lib/python3.12/site-packages/airflow/example_dags/example_bash_operator.py
[2024-06-03T10:45:46.326+0000] {logging_mixin.py:188} INFO - [2024-06-03T10:45:46.326+0000] {dag.py:3096} INFO - Sync 1 DAGs
[2024-06-03T10:45:46.360+0000] {logging_mixin.py:188} INFO - [2024-06-03T10:45:46.359+0000] {dag.py:3954} INFO - Setting next_dagrun for example_bash_operator to 2024-06-02 00:00:00+00:00, run_after=2024-06-03 00:00:00+00:00
[2024-06-03T10:45:46.383+0000] {processor.py:183} INFO - Processing /home/airflow/.local/lib/python3.12/site-packages/airflow/example_dags/example_bash_operator.py took 0.121 seconds
[2024-06-03T10:46:16.623+0000] {processor.py:161} INFO - Started process (PID=12189) to work on /home/airflow/.local/lib/python3.12/site-packages/airflow/example_dags/example_bash_operator.py
[2024-06-03T10:46:16.623+0000] {processor.py:830} INFO - Processing file /home/airflow/.local/lib/python3.12/site-packages/airflow/example_dags/example_bash_operator.py for tasks to queue
[2024-06-03T10:46:16.625+0000] {logging_mixin.py:188} INFO - [2024-06-03T10:46:16.625+0000] {dagbag.py:545} INFO - Filling up the DagBag from /home/airflow/.local/lib/python3.12/site-packages/airflow/example_dags/example_bash_operator.py
[2024-06-03T10:46:16.640+0000] {processor.py:840} INFO - DAG(s) 'example_bash_operator' retrieved from /home/airflow/.local/lib/python3.12/site-packages/airflow/example_dags/example_bash_operator.py
[2024-06-03T10:46:16.680+0000] {logging_mixin.py:188} INFO - [2024-06-03T10:46:16.679+0000] {dag.py:3096} INFO - Sync 1 DAGs
[2024-06-03T10:46:16.715+0000] {logging_mixin.py:188} INFO - [2024-06-03T10:46:16.714+0000] {dag.py:3954} INFO - Setting next_dagrun for example_bash_operator to 2024-06-02 00:00:00+00:00, run_after=2024-06-03 00:00:00+00:00
[2024-06-03T10:46:16.740+0000] {processor.py:183} INFO - Processing /home/airflow/.local/lib/python3.12/site-packages/airflow/example_dags/example_bash_operator.py took 0.125 seconds
[2024-06-03T10:46:47.213+0000] {processor.py:161} INFO - Started process (PID=12445) to work on /home/airflow/.local/lib/python3.12/site-packages/airflow/example_dags/example_bash_operator.py
[2024-06-03T10:46:47.214+0000] {processor.py:830} INFO - Processing file /home/airflow/.local/lib/python3.12/site-packages/airflow/example_dags/example_bash_operator.py for tasks to queue
[2024-06-03T10:46:47.215+0000] {logging_mixin.py:188} INFO - [2024-06-03T10:46:47.215+0000] {dagbag.py:545} INFO - Filling up the DagBag from /home/airflow/.local/lib/python3.12/site-packages/airflow/example_dags/example_bash_operator.py
[2024-06-03T10:46:47.230+0000] {processor.py:840} INFO - DAG(s) 'example_bash_operator' retrieved from /home/airflow/.local/lib/python3.12/site-packages/airflow/example_dags/example_bash_operator.py
[2024-06-03T10:46:47.278+0000] {logging_mixin.py:188} INFO - [2024-06-03T10:46:47.278+0000] {dag.py:3096} INFO - Sync 1 DAGs
[2024-06-03T10:46:47.317+0000] {logging_mixin.py:188} INFO - [2024-06-03T10:46:47.317+0000] {dag.py:3954} INFO - Setting next_dagrun for example_bash_operator to 2024-06-02 00:00:00+00:00, run_after=2024-06-03 00:00:00+00:00
[2024-06-03T10:46:47.341+0000] {processor.py:183} INFO - Processing /home/airflow/.local/lib/python3.12/site-packages/airflow/example_dags/example_bash_operator.py took 0.135 seconds
[2024-06-03T10:47:17.867+0000] {processor.py:161} INFO - Started process (PID=12701) to work on /home/airflow/.local/lib/python3.12/site-packages/airflow/example_dags/example_bash_operator.py
[2024-06-03T10:47:17.868+0000] {processor.py:830} INFO - Processing file /home/airflow/.local/lib/python3.12/site-packages/airflow/example_dags/example_bash_operator.py for tasks to queue
[2024-06-03T10:47:17.869+0000] {logging_mixin.py:188} INFO - [2024-06-03T10:47:17.869+0000] {dagbag.py:545} INFO - Filling up the DagBag from /home/airflow/.local/lib/python3.12/site-packages/airflow/example_dags/example_bash_operator.py
[2024-06-03T10:47:17.884+0000] {processor.py:840} INFO - DAG(s) 'example_bash_operator' retrieved from /home/airflow/.local/lib/python3.12/site-packages/airflow/example_dags/example_bash_operator.py
[2024-06-03T10:47:17.923+0000] {logging_mixin.py:188} INFO - [2024-06-03T10:47:17.923+0000] {dag.py:3096} INFO - Sync 1 DAGs
[2024-06-03T10:47:17.959+0000] {logging_mixin.py:188} INFO - [2024-06-03T10:47:17.958+0000] {dag.py:3954} INFO - Setting next_dagrun for example_bash_operator to 2024-06-02 00:00:00+00:00, run_after=2024-06-03 00:00:00+00:00
[2024-06-03T10:47:17.983+0000] {processor.py:183} INFO - Processing /home/airflow/.local/lib/python3.12/site-packages/airflow/example_dags/example_bash_operator.py took 0.124 seconds
[2024-06-03T10:47:48.578+0000] {processor.py:161} INFO - Started process (PID=12957) to work on /home/airflow/.local/lib/python3.12/site-packages/airflow/example_dags/example_bash_operator.py
[2024-06-03T10:47:48.579+0000] {processor.py:830} INFO - Processing file /home/airflow/.local/lib/python3.12/site-packages/airflow/example_dags/example_bash_operator.py for tasks to queue
[2024-06-03T10:47:48.581+0000] {logging_mixin.py:188} INFO - [2024-06-03T10:47:48.580+0000] {dagbag.py:545} INFO - Filling up the DagBag from /home/airflow/.local/lib/python3.12/site-packages/airflow/example_dags/example_bash_operator.py
[2024-06-03T10:47:48.595+0000] {processor.py:840} INFO - DAG(s) 'example_bash_operator' retrieved from /home/airflow/.local/lib/python3.12/site-packages/airflow/example_dags/example_bash_operator.py
[2024-06-03T10:47:48.634+0000] {logging_mixin.py:188} INFO - [2024-06-03T10:47:48.633+0000] {dag.py:3096} INFO - Sync 1 DAGs
[2024-06-03T10:47:48.666+0000] {logging_mixin.py:188} INFO - [2024-06-03T10:47:48.666+0000] {dag.py:3954} INFO - Setting next_dagrun for example_bash_operator to 2024-06-02 00:00:00+00:00, run_after=2024-06-03 00:00:00+00:00
[2024-06-03T10:47:48.692+0000] {processor.py:183} INFO - Processing /home/airflow/.local/lib/python3.12/site-packages/airflow/example_dags/example_bash_operator.py took 0.120 seconds
[2024-06-03T10:48:18.960+0000] {processor.py:161} INFO - Started process (PID=13213) to work on /home/airflow/.local/lib/python3.12/site-packages/airflow/example_dags/example_bash_operator.py
[2024-06-03T10:48:18.961+0000] {processor.py:830} INFO - Processing file /home/airflow/.local/lib/python3.12/site-packages/airflow/example_dags/example_bash_operator.py for tasks to queue
[2024-06-03T10:48:18.963+0000] {logging_mixin.py:188} INFO - [2024-06-03T10:48:18.962+0000] {dagbag.py:545} INFO - Filling up the DagBag from /home/airflow/.local/lib/python3.12/site-packages/airflow/example_dags/example_bash_operator.py
[2024-06-03T10:48:18.977+0000] {processor.py:840} INFO - DAG(s) 'example_bash_operator' retrieved from /home/airflow/.local/lib/python3.12/site-packages/airflow/example_dags/example_bash_operator.py
[2024-06-03T10:48:19.027+0000] {logging_mixin.py:188} INFO - [2024-06-03T10:48:19.026+0000] {dag.py:3096} INFO - Sync 1 DAGs
[2024-06-03T10:48:19.067+0000] {logging_mixin.py:188} INFO - [2024-06-03T10:48:19.066+0000] {dag.py:3954} INFO - Setting next_dagrun for example_bash_operator to 2024-06-02 00:00:00+00:00, run_after=2024-06-03 00:00:00+00:00
[2024-06-03T10:48:19.093+0000] {processor.py:183} INFO - Processing /home/airflow/.local/lib/python3.12/site-packages/airflow/example_dags/example_bash_operator.py took 0.140 seconds
[2024-06-03T10:48:49.304+0000] {processor.py:161} INFO - Started process (PID=13469) to work on /home/airflow/.local/lib/python3.12/site-packages/airflow/example_dags/example_bash_operator.py
[2024-06-03T10:48:49.304+0000] {processor.py:830} INFO - Processing file /home/airflow/.local/lib/python3.12/site-packages/airflow/example_dags/example_bash_operator.py for tasks to queue
[2024-06-03T10:48:49.306+0000] {logging_mixin.py:188} INFO - [2024-06-03T10:48:49.306+0000] {dagbag.py:545} INFO - Filling up the DagBag from /home/airflow/.local/lib/python3.12/site-packages/airflow/example_dags/example_bash_operator.py
[2024-06-03T10:48:49.320+0000] {processor.py:840} INFO - DAG(s) 'example_bash_operator' retrieved from /home/airflow/.local/lib/python3.12/site-packages/airflow/example_dags/example_bash_operator.py
[2024-06-03T10:48:49.361+0000] {logging_mixin.py:188} INFO - [2024-06-03T10:48:49.361+0000] {dag.py:3096} INFO - Sync 1 DAGs
[2024-06-03T10:48:49.397+0000] {logging_mixin.py:188} INFO - [2024-06-03T10:48:49.397+0000] {dag.py:3954} INFO - Setting next_dagrun for example_bash_operator to 2024-06-02 00:00:00+00:00, run_after=2024-06-03 00:00:00+00:00
[2024-06-03T10:48:49.420+0000] {processor.py:183} INFO - Processing /home/airflow/.local/lib/python3.12/site-packages/airflow/example_dags/example_bash_operator.py took 0.123 seconds
[2024-06-03T10:49:19.604+0000] {processor.py:161} INFO - Started process (PID=13725) to work on /home/airflow/.local/lib/python3.12/site-packages/airflow/example_dags/example_bash_operator.py
[2024-06-03T10:49:19.605+0000] {processor.py:830} INFO - Processing file /home/airflow/.local/lib/python3.12/site-packages/airflow/example_dags/example_bash_operator.py for tasks to queue
[2024-06-03T10:49:19.606+0000] {logging_mixin.py:188} INFO - [2024-06-03T10:49:19.606+0000] {dagbag.py:545} INFO - Filling up the DagBag from /home/airflow/.local/lib/python3.12/site-packages/airflow/example_dags/example_bash_operator.py
[2024-06-03T10:49:19.621+0000] {processor.py:840} INFO - DAG(s) 'example_bash_operator' retrieved from /home/airflow/.local/lib/python3.12/site-packages/airflow/example_dags/example_bash_operator.py
[2024-06-03T10:49:19.669+0000] {logging_mixin.py:188} INFO - [2024-06-03T10:49:19.668+0000] {dag.py:3096} INFO - Sync 1 DAGs
[2024-06-03T10:49:19.710+0000] {logging_mixin.py:188} INFO - [2024-06-03T10:49:19.709+0000] {dag.py:3954} INFO - Setting next_dagrun for example_bash_operator to 2024-06-02 00:00:00+00:00, run_after=2024-06-03 00:00:00+00:00
[2024-06-03T10:49:19.735+0000] {processor.py:183} INFO - Processing /home/airflow/.local/lib/python3.12/site-packages/airflow/example_dags/example_bash_operator.py took 0.138 seconds
[2024-06-03T10:49:50.178+0000] {processor.py:161} INFO - Started process (PID=13981) to work on /home/airflow/.local/lib/python3.12/site-packages/airflow/example_dags/example_bash_operator.py
[2024-06-03T10:49:50.179+0000] {processor.py:830} INFO - Processing file /home/airflow/.local/lib/python3.12/site-packages/airflow/example_dags/example_bash_operator.py for tasks to queue
[2024-06-03T10:49:50.181+0000] {logging_mixin.py:188} INFO - [2024-06-03T10:49:50.180+0000] {dagbag.py:545} INFO - Filling up the DagBag from /home/airflow/.local/lib/python3.12/site-packages/airflow/example_dags/example_bash_operator.py
[2024-06-03T10:49:50.195+0000] {processor.py:840} INFO - DAG(s) 'example_bash_operator' retrieved from /home/airflow/.local/lib/python3.12/site-packages/airflow/example_dags/example_bash_operator.py
[2024-06-03T10:49:50.236+0000] {logging_mixin.py:188} INFO - [2024-06-03T10:49:50.235+0000] {dag.py:3096} INFO - Sync 1 DAGs
[2024-06-03T10:49:50.277+0000] {logging_mixin.py:188} INFO - [2024-06-03T10:49:50.276+0000] {dag.py:3954} INFO - Setting next_dagrun for example_bash_operator to 2024-06-02 00:00:00+00:00, run_after=2024-06-03 00:00:00+00:00
[2024-06-03T10:49:50.303+0000] {processor.py:183} INFO - Processing /home/airflow/.local/lib/python3.12/site-packages/airflow/example_dags/example_bash_operator.py took 0.132 seconds
[2024-06-03T10:50:20.563+0000] {processor.py:161} INFO - Started process (PID=14237) to work on /home/airflow/.local/lib/python3.12/site-packages/airflow/example_dags/example_bash_operator.py
[2024-06-03T10:50:20.564+0000] {processor.py:830} INFO - Processing file /home/airflow/.local/lib/python3.12/site-packages/airflow/example_dags/example_bash_operator.py for tasks to queue
[2024-06-03T10:50:20.565+0000] {logging_mixin.py:188} INFO - [2024-06-03T10:50:20.565+0000] {dagbag.py:545} INFO - Filling up the DagBag from /home/airflow/.local/lib/python3.12/site-packages/airflow/example_dags/example_bash_operator.py
[2024-06-03T10:50:20.579+0000] {processor.py:840} INFO - DAG(s) 'example_bash_operator' retrieved from /home/airflow/.local/lib/python3.12/site-packages/airflow/example_dags/example_bash_operator.py
[2024-06-03T10:50:20.628+0000] {logging_mixin.py:188} INFO - [2024-06-03T10:50:20.627+0000] {dag.py:3096} INFO - Sync 1 DAGs
[2024-06-03T10:50:20.668+0000] {logging_mixin.py:188} INFO - [2024-06-03T10:50:20.668+0000] {dag.py:3954} INFO - Setting next_dagrun for example_bash_operator to 2024-06-02 00:00:00+00:00, run_after=2024-06-03 00:00:00+00:00
[2024-06-03T10:50:20.693+0000] {processor.py:183} INFO - Processing /home/airflow/.local/lib/python3.12/site-packages/airflow/example_dags/example_bash_operator.py took 0.137 seconds
[2024-06-03T10:50:51.267+0000] {processor.py:161} INFO - Started process (PID=14493) to work on /home/airflow/.local/lib/python3.12/site-packages/airflow/example_dags/example_bash_operator.py
[2024-06-03T10:50:51.268+0000] {processor.py:830} INFO - Processing file /home/airflow/.local/lib/python3.12/site-packages/airflow/example_dags/example_bash_operator.py for tasks to queue
[2024-06-03T10:50:51.269+0000] {logging_mixin.py:188} INFO - [2024-06-03T10:50:51.269+0000] {dagbag.py:545} INFO - Filling up the DagBag from /home/airflow/.local/lib/python3.12/site-packages/airflow/example_dags/example_bash_operator.py
[2024-06-03T10:50:51.284+0000] {processor.py:840} INFO - DAG(s) 'example_bash_operator' retrieved from /home/airflow/.local/lib/python3.12/site-packages/airflow/example_dags/example_bash_operator.py
[2024-06-03T10:50:51.332+0000] {logging_mixin.py:188} INFO - [2024-06-03T10:50:51.332+0000] {dag.py:3096} INFO - Sync 1 DAGs
[2024-06-03T10:50:51.369+0000] {logging_mixin.py:188} INFO - [2024-06-03T10:50:51.368+0000] {dag.py:3954} INFO - Setting next_dagrun for example_bash_operator to 2024-06-02 00:00:00+00:00, run_after=2024-06-03 00:00:00+00:00
[2024-06-03T10:50:51.392+0000] {processor.py:183} INFO - Processing /home/airflow/.local/lib/python3.12/site-packages/airflow/example_dags/example_bash_operator.py took 0.132 seconds
[2024-06-03T10:51:22.002+0000] {processor.py:161} INFO - Started process (PID=14749) to work on /home/airflow/.local/lib/python3.12/site-packages/airflow/example_dags/example_bash_operator.py
[2024-06-03T10:51:22.004+0000] {processor.py:830} INFO - Processing file /home/airflow/.local/lib/python3.12/site-packages/airflow/example_dags/example_bash_operator.py for tasks to queue
[2024-06-03T10:51:22.005+0000] {logging_mixin.py:188} INFO - [2024-06-03T10:51:22.005+0000] {dagbag.py:545} INFO - Filling up the DagBag from /home/airflow/.local/lib/python3.12/site-packages/airflow/example_dags/example_bash_operator.py
[2024-06-03T10:51:22.020+0000] {processor.py:840} INFO - DAG(s) 'example_bash_operator' retrieved from /home/airflow/.local/lib/python3.12/site-packages/airflow/example_dags/example_bash_operator.py
[2024-06-03T10:51:22.072+0000] {logging_mixin.py:188} INFO - [2024-06-03T10:51:22.071+0000] {dag.py:3096} INFO - Sync 1 DAGs
[2024-06-03T10:51:22.113+0000] {logging_mixin.py:188} INFO - [2024-06-03T10:51:22.112+0000] {dag.py:3954} INFO - Setting next_dagrun for example_bash_operator to 2024-06-02 00:00:00+00:00, run_after=2024-06-03 00:00:00+00:00
[2024-06-03T10:51:22.136+0000] {processor.py:183} INFO - Processing /home/airflow/.local/lib/python3.12/site-packages/airflow/example_dags/example_bash_operator.py took 0.141 seconds
[2024-06-03T10:51:52.692+0000] {processor.py:161} INFO - Started process (PID=15005) to work on /home/airflow/.local/lib/python3.12/site-packages/airflow/example_dags/example_bash_operator.py
[2024-06-03T10:51:52.693+0000] {processor.py:830} INFO - Processing file /home/airflow/.local/lib/python3.12/site-packages/airflow/example_dags/example_bash_operator.py for tasks to queue
[2024-06-03T10:51:52.695+0000] {logging_mixin.py:188} INFO - [2024-06-03T10:51:52.694+0000] {dagbag.py:545} INFO - Filling up the DagBag from /home/airflow/.local/lib/python3.12/site-packages/airflow/example_dags/example_bash_operator.py
[2024-06-03T10:51:52.709+0000] {processor.py:840} INFO - DAG(s) 'example_bash_operator' retrieved from /home/airflow/.local/lib/python3.12/site-packages/airflow/example_dags/example_bash_operator.py
[2024-06-03T10:51:52.749+0000] {logging_mixin.py:188} INFO - [2024-06-03T10:51:52.749+0000] {dag.py:3096} INFO - Sync 1 DAGs
[2024-06-03T10:51:52.784+0000] {logging_mixin.py:188} INFO - [2024-06-03T10:51:52.784+0000] {dag.py:3954} INFO - Setting next_dagrun for example_bash_operator to 2024-06-02 00:00:00+00:00, run_after=2024-06-03 00:00:00+00:00
[2024-06-03T10:51:52.810+0000] {processor.py:183} INFO - Processing /home/airflow/.local/lib/python3.12/site-packages/airflow/example_dags/example_bash_operator.py took 0.125 seconds
[2024-06-03T10:52:23.376+0000] {processor.py:161} INFO - Started process (PID=15261) to work on /home/airflow/.local/lib/python3.12/site-packages/airflow/example_dags/example_bash_operator.py
[2024-06-03T10:52:23.377+0000] {processor.py:830} INFO - Processing file /home/airflow/.local/lib/python3.12/site-packages/airflow/example_dags/example_bash_operator.py for tasks to queue
[2024-06-03T10:52:23.379+0000] {logging_mixin.py:188} INFO - [2024-06-03T10:52:23.379+0000] {dagbag.py:545} INFO - Filling up the DagBag from /home/airflow/.local/lib/python3.12/site-packages/airflow/example_dags/example_bash_operator.py
[2024-06-03T10:52:23.393+0000] {processor.py:840} INFO - DAG(s) 'example_bash_operator' retrieved from /home/airflow/.local/lib/python3.12/site-packages/airflow/example_dags/example_bash_operator.py
[2024-06-03T10:52:23.434+0000] {logging_mixin.py:188} INFO - [2024-06-03T10:52:23.433+0000] {dag.py:3096} INFO - Sync 1 DAGs
[2024-06-03T10:52:23.467+0000] {logging_mixin.py:188} INFO - [2024-06-03T10:52:23.467+0000] {dag.py:3954} INFO - Setting next_dagrun for example_bash_operator to 2024-06-02 00:00:00+00:00, run_after=2024-06-03 00:00:00+00:00
[2024-06-03T10:52:23.494+0000] {processor.py:183} INFO - Processing /home/airflow/.local/lib/python3.12/site-packages/airflow/example_dags/example_bash_operator.py took 0.125 seconds
[2024-06-03T10:52:53.797+0000] {processor.py:161} INFO - Started process (PID=15517) to work on /home/airflow/.local/lib/python3.12/site-packages/airflow/example_dags/example_bash_operator.py
[2024-06-03T10:52:53.798+0000] {processor.py:830} INFO - Processing file /home/airflow/.local/lib/python3.12/site-packages/airflow/example_dags/example_bash_operator.py for tasks to queue
[2024-06-03T10:52:53.800+0000] {logging_mixin.py:188} INFO - [2024-06-03T10:52:53.799+0000] {dagbag.py:545} INFO - Filling up the DagBag from /home/airflow/.local/lib/python3.12/site-packages/airflow/example_dags/example_bash_operator.py
[2024-06-03T10:52:53.814+0000] {processor.py:840} INFO - DAG(s) 'example_bash_operator' retrieved from /home/airflow/.local/lib/python3.12/site-packages/airflow/example_dags/example_bash_operator.py
[2024-06-03T10:52:53.863+0000] {logging_mixin.py:188} INFO - [2024-06-03T10:52:53.863+0000] {dag.py:3096} INFO - Sync 1 DAGs
[2024-06-03T10:52:53.902+0000] {logging_mixin.py:188} INFO - [2024-06-03T10:52:53.901+0000] {dag.py:3954} INFO - Setting next_dagrun for example_bash_operator to 2024-06-02 00:00:00+00:00, run_after=2024-06-03 00:00:00+00:00
[2024-06-03T10:52:53.927+0000] {processor.py:183} INFO - Processing /home/airflow/.local/lib/python3.12/site-packages/airflow/example_dags/example_bash_operator.py took 0.137 seconds
[2024-06-03T10:53:24.206+0000] {processor.py:161} INFO - Started process (PID=15773) to work on /home/airflow/.local/lib/python3.12/site-packages/airflow/example_dags/example_bash_operator.py
[2024-06-03T10:53:24.207+0000] {processor.py:830} INFO - Processing file /home/airflow/.local/lib/python3.12/site-packages/airflow/example_dags/example_bash_operator.py for tasks to queue
[2024-06-03T10:53:24.209+0000] {logging_mixin.py:188} INFO - [2024-06-03T10:53:24.208+0000] {dagbag.py:545} INFO - Filling up the DagBag from /home/airflow/.local/lib/python3.12/site-packages/airflow/example_dags/example_bash_operator.py
[2024-06-03T10:53:24.223+0000] {processor.py:840} INFO - DAG(s) 'example_bash_operator' retrieved from /home/airflow/.local/lib/python3.12/site-packages/airflow/example_dags/example_bash_operator.py
[2024-06-03T10:53:24.261+0000] {logging_mixin.py:188} INFO - [2024-06-03T10:53:24.261+0000] {dag.py:3096} INFO - Sync 1 DAGs
[2024-06-03T10:53:24.294+0000] {logging_mixin.py:188} INFO - [2024-06-03T10:53:24.294+0000] {dag.py:3954} INFO - Setting next_dagrun for example_bash_operator to 2024-06-02 00:00:00+00:00, run_after=2024-06-03 00:00:00+00:00
[2024-06-03T10:53:24.318+0000] {processor.py:183} INFO - Processing /home/airflow/.local/lib/python3.12/site-packages/airflow/example_dags/example_bash_operator.py took 0.119 seconds
