[2024-06-03T09:55:29.278+0000] {processor.py:161} INFO - Started process (PID=195) to work on /home/airflow/.local/lib/python3.12/site-packages/airflow/example_dags/example_complex.py
[2024-06-03T09:55:29.282+0000] {processor.py:830} INFO - Processing file /home/airflow/.local/lib/python3.12/site-packages/airflow/example_dags/example_complex.py for tasks to queue
[2024-06-03T09:55:29.284+0000] {logging_mixin.py:188} INFO - [2024-06-03T09:55:29.284+0000] {dagbag.py:545} INFO - Filling up the DagBag from /home/airflow/.local/lib/python3.12/site-packages/airflow/example_dags/example_complex.py
[2024-06-03T09:55:29.357+0000] {processor.py:840} INFO - DAG(s) 'example_complex' retrieved from /home/airflow/.local/lib/python3.12/site-packages/airflow/example_dags/example_complex.py
[2024-06-03T09:55:30.629+0000] {logging_mixin.py:188} INFO - [2024-06-03T09:55:30.629+0000] {dag.py:3096} INFO - Sync 1 DAGs
[2024-06-03T09:55:30.659+0000] {logging_mixin.py:188} INFO - [2024-06-03T09:55:30.659+0000] {dag.py:3954} INFO - Setting next_dagrun for example_complex to None, run_after=None
[2024-06-03T09:55:30.762+0000] {processor.py:183} INFO - Processing /home/airflow/.local/lib/python3.12/site-packages/airflow/example_dags/example_complex.py took 1.509 seconds
[2024-06-03T09:56:45.442+0000] {processor.py:161} INFO - Started process (PID=452) to work on /home/airflow/.local/lib/python3.12/site-packages/airflow/example_dags/example_complex.py
[2024-06-03T09:56:45.482+0000] {processor.py:830} INFO - Processing file /home/airflow/.local/lib/python3.12/site-packages/airflow/example_dags/example_complex.py for tasks to queue
[2024-06-03T09:56:45.582+0000] {logging_mixin.py:188} INFO - [2024-06-03T09:56:45.581+0000] {dagbag.py:545} INFO - Filling up the DagBag from /home/airflow/.local/lib/python3.12/site-packages/airflow/example_dags/example_complex.py
[2024-06-03T09:56:46.525+0000] {processor.py:840} INFO - DAG(s) 'example_complex' retrieved from /home/airflow/.local/lib/python3.12/site-packages/airflow/example_dags/example_complex.py
[2024-06-03T09:56:48.108+0000] {logging_mixin.py:188} INFO - [2024-06-03T09:56:48.107+0000] {dag.py:3096} INFO - Sync 1 DAGs
[2024-06-03T09:56:48.588+0000] {logging_mixin.py:188} INFO - [2024-06-03T09:56:48.588+0000] {dag.py:3954} INFO - Setting next_dagrun for example_complex to None, run_after=None
[2024-06-03T09:56:49.442+0000] {processor.py:183} INFO - Processing /home/airflow/.local/lib/python3.12/site-packages/airflow/example_dags/example_complex.py took 4.600 seconds
[2024-06-03T09:57:45.723+0000] {processor.py:161} INFO - Started process (PID=562) to work on /home/airflow/.local/lib/python3.12/site-packages/airflow/example_dags/example_complex.py
[2024-06-03T09:57:45.820+0000] {processor.py:830} INFO - Processing file /home/airflow/.local/lib/python3.12/site-packages/airflow/example_dags/example_complex.py for tasks to queue
[2024-06-03T09:57:45.841+0000] {logging_mixin.py:188} INFO - [2024-06-03T09:57:45.822+0000] {dagbag.py:545} INFO - Filling up the DagBag from /home/airflow/.local/lib/python3.12/site-packages/airflow/example_dags/example_complex.py
[2024-06-03T09:57:46.163+0000] {processor.py:840} INFO - DAG(s) 'example_complex' retrieved from /home/airflow/.local/lib/python3.12/site-packages/airflow/example_dags/example_complex.py
[2024-06-03T09:57:48.538+0000] {logging_mixin.py:188} INFO - [2024-06-03T09:57:48.537+0000] {dag.py:3096} INFO - Sync 1 DAGs
[2024-06-03T09:57:49.462+0000] {logging_mixin.py:188} INFO - [2024-06-03T09:57:49.462+0000] {dag.py:3954} INFO - Setting next_dagrun for example_complex to None, run_after=None
[2024-06-03T09:57:50.856+0000] {processor.py:183} INFO - Processing /home/airflow/.local/lib/python3.12/site-packages/airflow/example_dags/example_complex.py took 5.337 seconds
[2024-06-03T09:59:15.601+0000] {processor.py:161} INFO - Started process (PID=753) to work on /home/airflow/.local/lib/python3.12/site-packages/airflow/example_dags/example_complex.py
[2024-06-03T09:59:15.678+0000] {processor.py:830} INFO - Processing file /home/airflow/.local/lib/python3.12/site-packages/airflow/example_dags/example_complex.py for tasks to queue
[2024-06-03T09:59:15.681+0000] {logging_mixin.py:188} INFO - [2024-06-03T09:59:15.681+0000] {dagbag.py:545} INFO - Filling up the DagBag from /home/airflow/.local/lib/python3.12/site-packages/airflow/example_dags/example_complex.py
[2024-06-03T09:59:16.174+0000] {processor.py:840} INFO - DAG(s) 'example_complex' retrieved from /home/airflow/.local/lib/python3.12/site-packages/airflow/example_dags/example_complex.py
[2024-06-03T09:59:17.457+0000] {logging_mixin.py:188} INFO - [2024-06-03T09:59:17.457+0000] {dag.py:3096} INFO - Sync 1 DAGs
[2024-06-03T09:59:17.959+0000] {logging_mixin.py:188} INFO - [2024-06-03T09:59:17.959+0000] {dag.py:3954} INFO - Setting next_dagrun for example_complex to None, run_after=None
[2024-06-03T09:59:18.624+0000] {processor.py:183} INFO - Processing /home/airflow/.local/lib/python3.12/site-packages/airflow/example_dags/example_complex.py took 3.164 seconds
[2024-06-03T10:00:15.400+0000] {processor.py:161} INFO - Started process (PID=908) to work on /home/airflow/.local/lib/python3.12/site-packages/airflow/example_dags/example_complex.py
[2024-06-03T10:00:15.419+0000] {processor.py:830} INFO - Processing file /home/airflow/.local/lib/python3.12/site-packages/airflow/example_dags/example_complex.py for tasks to queue
[2024-06-03T10:00:15.434+0000] {logging_mixin.py:188} INFO - [2024-06-03T10:00:15.434+0000] {dagbag.py:545} INFO - Filling up the DagBag from /home/airflow/.local/lib/python3.12/site-packages/airflow/example_dags/example_complex.py
[2024-06-03T10:00:15.502+0000] {processor.py:840} INFO - DAG(s) 'example_complex' retrieved from /home/airflow/.local/lib/python3.12/site-packages/airflow/example_dags/example_complex.py
[2024-06-03T10:00:15.670+0000] {logging_mixin.py:188} INFO - [2024-06-03T10:00:15.669+0000] {dag.py:3096} INFO - Sync 1 DAGs
[2024-06-03T10:00:15.727+0000] {logging_mixin.py:188} INFO - [2024-06-03T10:00:15.719+0000] {dag.py:3954} INFO - Setting next_dagrun for example_complex to None, run_after=None
[2024-06-03T10:00:15.830+0000] {processor.py:183} INFO - Processing /home/airflow/.local/lib/python3.12/site-packages/airflow/example_dags/example_complex.py took 0.479 seconds
[2024-06-03T10:00:46.404+0000] {processor.py:161} INFO - Started process (PID=1164) to work on /home/airflow/.local/lib/python3.12/site-packages/airflow/example_dags/example_complex.py
[2024-06-03T10:00:46.406+0000] {processor.py:830} INFO - Processing file /home/airflow/.local/lib/python3.12/site-packages/airflow/example_dags/example_complex.py for tasks to queue
[2024-06-03T10:00:46.408+0000] {logging_mixin.py:188} INFO - [2024-06-03T10:00:46.408+0000] {dagbag.py:545} INFO - Filling up the DagBag from /home/airflow/.local/lib/python3.12/site-packages/airflow/example_dags/example_complex.py
[2024-06-03T10:00:46.529+0000] {processor.py:840} INFO - DAG(s) 'example_complex' retrieved from /home/airflow/.local/lib/python3.12/site-packages/airflow/example_dags/example_complex.py
[2024-06-03T10:00:46.607+0000] {logging_mixin.py:188} INFO - [2024-06-03T10:00:46.606+0000] {dag.py:3096} INFO - Sync 1 DAGs
[2024-06-03T10:00:46.640+0000] {logging_mixin.py:188} INFO - [2024-06-03T10:00:46.639+0000] {dag.py:3954} INFO - Setting next_dagrun for example_complex to None, run_after=None
[2024-06-03T10:00:46.719+0000] {processor.py:183} INFO - Processing /home/airflow/.local/lib/python3.12/site-packages/airflow/example_dags/example_complex.py took 0.323 seconds
[2024-06-03T10:01:49.905+0000] {processor.py:161} INFO - Started process (PID=1374) to work on /home/airflow/.local/lib/python3.12/site-packages/airflow/example_dags/example_complex.py
[2024-06-03T10:01:49.966+0000] {processor.py:830} INFO - Processing file /home/airflow/.local/lib/python3.12/site-packages/airflow/example_dags/example_complex.py for tasks to queue
[2024-06-03T10:01:50.024+0000] {logging_mixin.py:188} INFO - [2024-06-03T10:01:50.006+0000] {dagbag.py:545} INFO - Filling up the DagBag from /home/airflow/.local/lib/python3.12/site-packages/airflow/example_dags/example_complex.py
[2024-06-03T10:01:50.145+0000] {processor.py:840} INFO - DAG(s) 'example_complex' retrieved from /home/airflow/.local/lib/python3.12/site-packages/airflow/example_dags/example_complex.py
[2024-06-03T10:01:50.586+0000] {logging_mixin.py:188} INFO - [2024-06-03T10:01:50.586+0000] {dag.py:3096} INFO - Sync 1 DAGs
[2024-06-03T10:01:50.709+0000] {logging_mixin.py:188} INFO - [2024-06-03T10:01:50.708+0000] {dag.py:3954} INFO - Setting next_dagrun for example_complex to None, run_after=None
[2024-06-03T10:01:51.530+0000] {processor.py:183} INFO - Processing /home/airflow/.local/lib/python3.12/site-packages/airflow/example_dags/example_complex.py took 1.784 seconds
[2024-06-03T10:03:06.795+0000] {processor.py:161} INFO - Started process (PID=1540) to work on /home/airflow/.local/lib/python3.12/site-packages/airflow/example_dags/example_complex.py
[2024-06-03T10:03:06.835+0000] {processor.py:830} INFO - Processing file /home/airflow/.local/lib/python3.12/site-packages/airflow/example_dags/example_complex.py for tasks to queue
[2024-06-03T10:03:06.837+0000] {logging_mixin.py:188} INFO - [2024-06-03T10:03:06.837+0000] {dagbag.py:545} INFO - Filling up the DagBag from /home/airflow/.local/lib/python3.12/site-packages/airflow/example_dags/example_complex.py
[2024-06-03T10:03:07.179+0000] {processor.py:840} INFO - DAG(s) 'example_complex' retrieved from /home/airflow/.local/lib/python3.12/site-packages/airflow/example_dags/example_complex.py
[2024-06-03T10:03:08.591+0000] {logging_mixin.py:188} INFO - [2024-06-03T10:03:08.591+0000] {dag.py:3096} INFO - Sync 1 DAGs
[2024-06-03T10:03:09.032+0000] {logging_mixin.py:188} INFO - [2024-06-03T10:03:09.032+0000] {dag.py:3954} INFO - Setting next_dagrun for example_complex to None, run_after=None
[2024-06-03T10:03:09.476+0000] {processor.py:183} INFO - Processing /home/airflow/.local/lib/python3.12/site-packages/airflow/example_dags/example_complex.py took 2.882 seconds
[2024-06-03T10:04:28.066+0000] {processor.py:161} INFO - Started process (PID=1700) to work on /home/airflow/.local/lib/python3.12/site-packages/airflow/example_dags/example_complex.py
[2024-06-03T10:04:28.204+0000] {processor.py:830} INFO - Processing file /home/airflow/.local/lib/python3.12/site-packages/airflow/example_dags/example_complex.py for tasks to queue
[2024-06-03T10:04:28.206+0000] {logging_mixin.py:188} INFO - [2024-06-03T10:04:28.206+0000] {dagbag.py:545} INFO - Filling up the DagBag from /home/airflow/.local/lib/python3.12/site-packages/airflow/example_dags/example_complex.py
[2024-06-03T10:04:28.606+0000] {processor.py:840} INFO - DAG(s) 'example_complex' retrieved from /home/airflow/.local/lib/python3.12/site-packages/airflow/example_dags/example_complex.py
[2024-06-03T10:04:31.300+0000] {logging_mixin.py:188} INFO - [2024-06-03T10:04:31.300+0000] {dag.py:3096} INFO - Sync 1 DAGs
[2024-06-03T10:04:31.902+0000] {logging_mixin.py:188} INFO - [2024-06-03T10:04:31.901+0000] {dag.py:3954} INFO - Setting next_dagrun for example_complex to None, run_after=None
[2024-06-03T10:04:32.838+0000] {processor.py:183} INFO - Processing /home/airflow/.local/lib/python3.12/site-packages/airflow/example_dags/example_complex.py took 4.973 seconds
[2024-06-03T10:05:20.591+0000] {processor.py:161} INFO - Started process (PID=1881) to work on /home/airflow/.local/lib/python3.12/site-packages/airflow/example_dags/example_complex.py
[2024-06-03T10:05:20.607+0000] {processor.py:830} INFO - Processing file /home/airflow/.local/lib/python3.12/site-packages/airflow/example_dags/example_complex.py for tasks to queue
[2024-06-03T10:05:20.611+0000] {logging_mixin.py:188} INFO - [2024-06-03T10:05:20.610+0000] {dagbag.py:545} INFO - Filling up the DagBag from /home/airflow/.local/lib/python3.12/site-packages/airflow/example_dags/example_complex.py
[2024-06-03T10:05:20.668+0000] {processor.py:840} INFO - DAG(s) 'example_complex' retrieved from /home/airflow/.local/lib/python3.12/site-packages/airflow/example_dags/example_complex.py
[2024-06-03T10:05:20.816+0000] {logging_mixin.py:188} INFO - [2024-06-03T10:05:20.816+0000] {dag.py:3096} INFO - Sync 1 DAGs
[2024-06-03T10:05:20.867+0000] {logging_mixin.py:188} INFO - [2024-06-03T10:05:20.867+0000] {dag.py:3954} INFO - Setting next_dagrun for example_complex to None, run_after=None
[2024-06-03T10:05:21.051+0000] {processor.py:183} INFO - Processing /home/airflow/.local/lib/python3.12/site-packages/airflow/example_dags/example_complex.py took 0.492 seconds
[2024-06-03T10:05:52.257+0000] {processor.py:161} INFO - Started process (PID=2131) to work on /home/airflow/.local/lib/python3.12/site-packages/airflow/example_dags/example_complex.py
[2024-06-03T10:05:52.259+0000] {processor.py:830} INFO - Processing file /home/airflow/.local/lib/python3.12/site-packages/airflow/example_dags/example_complex.py for tasks to queue
[2024-06-03T10:05:52.271+0000] {logging_mixin.py:188} INFO - [2024-06-03T10:05:52.261+0000] {dagbag.py:545} INFO - Filling up the DagBag from /home/airflow/.local/lib/python3.12/site-packages/airflow/example_dags/example_complex.py
[2024-06-03T10:05:52.335+0000] {processor.py:840} INFO - DAG(s) 'example_complex' retrieved from /home/airflow/.local/lib/python3.12/site-packages/airflow/example_dags/example_complex.py
[2024-06-03T10:05:52.540+0000] {logging_mixin.py:188} INFO - [2024-06-03T10:05:52.539+0000] {dag.py:3096} INFO - Sync 1 DAGs
[2024-06-03T10:05:52.662+0000] {logging_mixin.py:188} INFO - [2024-06-03T10:05:52.661+0000] {dag.py:3954} INFO - Setting next_dagrun for example_complex to None, run_after=None
[2024-06-03T10:05:52.924+0000] {processor.py:183} INFO - Processing /home/airflow/.local/lib/python3.12/site-packages/airflow/example_dags/example_complex.py took 0.715 seconds
[2024-06-03T10:22:27.589+0000] {processor.py:161} INFO - Started process (PID=198) to work on /home/airflow/.local/lib/python3.12/site-packages/airflow/example_dags/example_complex.py
[2024-06-03T10:22:27.590+0000] {processor.py:830} INFO - Processing file /home/airflow/.local/lib/python3.12/site-packages/airflow/example_dags/example_complex.py for tasks to queue
[2024-06-03T10:22:27.592+0000] {logging_mixin.py:188} INFO - [2024-06-03T10:22:27.592+0000] {dagbag.py:545} INFO - Filling up the DagBag from /home/airflow/.local/lib/python3.12/site-packages/airflow/example_dags/example_complex.py
[2024-06-03T10:22:27.619+0000] {processor.py:840} INFO - DAG(s) 'example_complex' retrieved from /home/airflow/.local/lib/python3.12/site-packages/airflow/example_dags/example_complex.py
[2024-06-03T10:22:27.827+0000] {logging_mixin.py:188} INFO - [2024-06-03T10:22:27.827+0000] {dag.py:3096} INFO - Sync 1 DAGs
[2024-06-03T10:22:27.844+0000] {logging_mixin.py:188} INFO - [2024-06-03T10:22:27.844+0000] {dag.py:3954} INFO - Setting next_dagrun for example_complex to None, run_after=None
[2024-06-03T10:22:27.874+0000] {processor.py:183} INFO - Processing /home/airflow/.local/lib/python3.12/site-packages/airflow/example_dags/example_complex.py took 0.294 seconds
[2024-06-03T10:22:57.952+0000] {processor.py:161} INFO - Started process (PID=456) to work on /home/airflow/.local/lib/python3.12/site-packages/airflow/example_dags/example_complex.py
[2024-06-03T10:22:57.953+0000] {processor.py:830} INFO - Processing file /home/airflow/.local/lib/python3.12/site-packages/airflow/example_dags/example_complex.py for tasks to queue
[2024-06-03T10:22:57.954+0000] {logging_mixin.py:188} INFO - [2024-06-03T10:22:57.954+0000] {dagbag.py:545} INFO - Filling up the DagBag from /home/airflow/.local/lib/python3.12/site-packages/airflow/example_dags/example_complex.py
[2024-06-03T10:22:57.970+0000] {processor.py:840} INFO - DAG(s) 'example_complex' retrieved from /home/airflow/.local/lib/python3.12/site-packages/airflow/example_dags/example_complex.py
[2024-06-03T10:22:58.018+0000] {logging_mixin.py:188} INFO - [2024-06-03T10:22:58.017+0000] {dag.py:3096} INFO - Sync 1 DAGs
[2024-06-03T10:22:58.035+0000] {logging_mixin.py:188} INFO - [2024-06-03T10:22:58.035+0000] {dag.py:3954} INFO - Setting next_dagrun for example_complex to None, run_after=None
[2024-06-03T10:22:58.057+0000] {processor.py:183} INFO - Processing /home/airflow/.local/lib/python3.12/site-packages/airflow/example_dags/example_complex.py took 0.111 seconds
[2024-06-03T10:23:28.481+0000] {processor.py:161} INFO - Started process (PID=710) to work on /home/airflow/.local/lib/python3.12/site-packages/airflow/example_dags/example_complex.py
[2024-06-03T10:23:28.482+0000] {processor.py:830} INFO - Processing file /home/airflow/.local/lib/python3.12/site-packages/airflow/example_dags/example_complex.py for tasks to queue
[2024-06-03T10:23:28.484+0000] {logging_mixin.py:188} INFO - [2024-06-03T10:23:28.484+0000] {dagbag.py:545} INFO - Filling up the DagBag from /home/airflow/.local/lib/python3.12/site-packages/airflow/example_dags/example_complex.py
[2024-06-03T10:23:28.500+0000] {processor.py:840} INFO - DAG(s) 'example_complex' retrieved from /home/airflow/.local/lib/python3.12/site-packages/airflow/example_dags/example_complex.py
[2024-06-03T10:23:28.547+0000] {logging_mixin.py:188} INFO - [2024-06-03T10:23:28.547+0000] {dag.py:3096} INFO - Sync 1 DAGs
[2024-06-03T10:23:28.565+0000] {logging_mixin.py:188} INFO - [2024-06-03T10:23:28.565+0000] {dag.py:3954} INFO - Setting next_dagrun for example_complex to None, run_after=None
[2024-06-03T10:23:28.589+0000] {processor.py:183} INFO - Processing /home/airflow/.local/lib/python3.12/site-packages/airflow/example_dags/example_complex.py took 0.115 seconds
[2024-06-03T10:23:58.838+0000] {processor.py:161} INFO - Started process (PID=966) to work on /home/airflow/.local/lib/python3.12/site-packages/airflow/example_dags/example_complex.py
[2024-06-03T10:23:58.839+0000] {processor.py:830} INFO - Processing file /home/airflow/.local/lib/python3.12/site-packages/airflow/example_dags/example_complex.py for tasks to queue
[2024-06-03T10:23:58.841+0000] {logging_mixin.py:188} INFO - [2024-06-03T10:23:58.840+0000] {dagbag.py:545} INFO - Filling up the DagBag from /home/airflow/.local/lib/python3.12/site-packages/airflow/example_dags/example_complex.py
[2024-06-03T10:23:58.857+0000] {processor.py:840} INFO - DAG(s) 'example_complex' retrieved from /home/airflow/.local/lib/python3.12/site-packages/airflow/example_dags/example_complex.py
[2024-06-03T10:23:58.922+0000] {logging_mixin.py:188} INFO - [2024-06-03T10:23:58.922+0000] {dag.py:3096} INFO - Sync 1 DAGs
[2024-06-03T10:23:58.947+0000] {logging_mixin.py:188} INFO - [2024-06-03T10:23:58.946+0000] {dag.py:3954} INFO - Setting next_dagrun for example_complex to None, run_after=None
[2024-06-03T10:23:58.976+0000] {processor.py:183} INFO - Processing /home/airflow/.local/lib/python3.12/site-packages/airflow/example_dags/example_complex.py took 0.147 seconds
[2024-06-03T10:24:29.402+0000] {processor.py:161} INFO - Started process (PID=1222) to work on /home/airflow/.local/lib/python3.12/site-packages/airflow/example_dags/example_complex.py
[2024-06-03T10:24:29.403+0000] {processor.py:830} INFO - Processing file /home/airflow/.local/lib/python3.12/site-packages/airflow/example_dags/example_complex.py for tasks to queue
[2024-06-03T10:24:29.405+0000] {logging_mixin.py:188} INFO - [2024-06-03T10:24:29.405+0000] {dagbag.py:545} INFO - Filling up the DagBag from /home/airflow/.local/lib/python3.12/site-packages/airflow/example_dags/example_complex.py
[2024-06-03T10:24:29.423+0000] {processor.py:840} INFO - DAG(s) 'example_complex' retrieved from /home/airflow/.local/lib/python3.12/site-packages/airflow/example_dags/example_complex.py
[2024-06-03T10:24:29.472+0000] {logging_mixin.py:188} INFO - [2024-06-03T10:24:29.471+0000] {dag.py:3096} INFO - Sync 1 DAGs
[2024-06-03T10:24:29.489+0000] {logging_mixin.py:188} INFO - [2024-06-03T10:24:29.489+0000] {dag.py:3954} INFO - Setting next_dagrun for example_complex to None, run_after=None
[2024-06-03T10:24:29.514+0000] {processor.py:183} INFO - Processing /home/airflow/.local/lib/python3.12/site-packages/airflow/example_dags/example_complex.py took 0.119 seconds
[2024-06-03T10:25:00.066+0000] {processor.py:161} INFO - Started process (PID=1478) to work on /home/airflow/.local/lib/python3.12/site-packages/airflow/example_dags/example_complex.py
[2024-06-03T10:25:00.067+0000] {processor.py:830} INFO - Processing file /home/airflow/.local/lib/python3.12/site-packages/airflow/example_dags/example_complex.py for tasks to queue
[2024-06-03T10:25:00.068+0000] {logging_mixin.py:188} INFO - [2024-06-03T10:25:00.068+0000] {dagbag.py:545} INFO - Filling up the DagBag from /home/airflow/.local/lib/python3.12/site-packages/airflow/example_dags/example_complex.py
[2024-06-03T10:25:00.084+0000] {processor.py:840} INFO - DAG(s) 'example_complex' retrieved from /home/airflow/.local/lib/python3.12/site-packages/airflow/example_dags/example_complex.py
[2024-06-03T10:25:00.132+0000] {logging_mixin.py:188} INFO - [2024-06-03T10:25:00.131+0000] {dag.py:3096} INFO - Sync 1 DAGs
[2024-06-03T10:25:00.149+0000] {logging_mixin.py:188} INFO - [2024-06-03T10:25:00.149+0000] {dag.py:3954} INFO - Setting next_dagrun for example_complex to None, run_after=None
[2024-06-03T10:25:00.173+0000] {processor.py:183} INFO - Processing /home/airflow/.local/lib/python3.12/site-packages/airflow/example_dags/example_complex.py took 0.114 seconds
[2024-06-03T10:25:30.327+0000] {processor.py:161} INFO - Started process (PID=1734) to work on /home/airflow/.local/lib/python3.12/site-packages/airflow/example_dags/example_complex.py
[2024-06-03T10:25:30.328+0000] {processor.py:830} INFO - Processing file /home/airflow/.local/lib/python3.12/site-packages/airflow/example_dags/example_complex.py for tasks to queue
[2024-06-03T10:25:30.330+0000] {logging_mixin.py:188} INFO - [2024-06-03T10:25:30.330+0000] {dagbag.py:545} INFO - Filling up the DagBag from /home/airflow/.local/lib/python3.12/site-packages/airflow/example_dags/example_complex.py
[2024-06-03T10:25:30.346+0000] {processor.py:840} INFO - DAG(s) 'example_complex' retrieved from /home/airflow/.local/lib/python3.12/site-packages/airflow/example_dags/example_complex.py
[2024-06-03T10:25:30.395+0000] {logging_mixin.py:188} INFO - [2024-06-03T10:25:30.394+0000] {dag.py:3096} INFO - Sync 1 DAGs
[2024-06-03T10:25:30.413+0000] {logging_mixin.py:188} INFO - [2024-06-03T10:25:30.413+0000] {dag.py:3954} INFO - Setting next_dagrun for example_complex to None, run_after=None
[2024-06-03T10:25:30.436+0000] {processor.py:183} INFO - Processing /home/airflow/.local/lib/python3.12/site-packages/airflow/example_dags/example_complex.py took 0.117 seconds
[2024-06-03T10:26:00.705+0000] {processor.py:161} INFO - Started process (PID=1990) to work on /home/airflow/.local/lib/python3.12/site-packages/airflow/example_dags/example_complex.py
[2024-06-03T10:26:00.706+0000] {processor.py:830} INFO - Processing file /home/airflow/.local/lib/python3.12/site-packages/airflow/example_dags/example_complex.py for tasks to queue
[2024-06-03T10:26:00.707+0000] {logging_mixin.py:188} INFO - [2024-06-03T10:26:00.707+0000] {dagbag.py:545} INFO - Filling up the DagBag from /home/airflow/.local/lib/python3.12/site-packages/airflow/example_dags/example_complex.py
[2024-06-03T10:26:00.724+0000] {processor.py:840} INFO - DAG(s) 'example_complex' retrieved from /home/airflow/.local/lib/python3.12/site-packages/airflow/example_dags/example_complex.py
[2024-06-03T10:26:00.773+0000] {logging_mixin.py:188} INFO - [2024-06-03T10:26:00.773+0000] {dag.py:3096} INFO - Sync 1 DAGs
[2024-06-03T10:26:00.790+0000] {logging_mixin.py:188} INFO - [2024-06-03T10:26:00.790+0000] {dag.py:3954} INFO - Setting next_dagrun for example_complex to None, run_after=None
[2024-06-03T10:26:00.816+0000] {processor.py:183} INFO - Processing /home/airflow/.local/lib/python3.12/site-packages/airflow/example_dags/example_complex.py took 0.118 seconds
[2024-06-03T10:26:31.381+0000] {processor.py:161} INFO - Started process (PID=2246) to work on /home/airflow/.local/lib/python3.12/site-packages/airflow/example_dags/example_complex.py
[2024-06-03T10:26:31.382+0000] {processor.py:830} INFO - Processing file /home/airflow/.local/lib/python3.12/site-packages/airflow/example_dags/example_complex.py for tasks to queue
[2024-06-03T10:26:31.384+0000] {logging_mixin.py:188} INFO - [2024-06-03T10:26:31.383+0000] {dagbag.py:545} INFO - Filling up the DagBag from /home/airflow/.local/lib/python3.12/site-packages/airflow/example_dags/example_complex.py
[2024-06-03T10:26:31.401+0000] {processor.py:840} INFO - DAG(s) 'example_complex' retrieved from /home/airflow/.local/lib/python3.12/site-packages/airflow/example_dags/example_complex.py
[2024-06-03T10:26:31.450+0000] {logging_mixin.py:188} INFO - [2024-06-03T10:26:31.449+0000] {dag.py:3096} INFO - Sync 1 DAGs
[2024-06-03T10:26:31.467+0000] {logging_mixin.py:188} INFO - [2024-06-03T10:26:31.466+0000] {dag.py:3954} INFO - Setting next_dagrun for example_complex to None, run_after=None
[2024-06-03T10:26:31.491+0000] {processor.py:183} INFO - Processing /home/airflow/.local/lib/python3.12/site-packages/airflow/example_dags/example_complex.py took 0.116 seconds
[2024-06-03T10:27:01.592+0000] {processor.py:161} INFO - Started process (PID=2502) to work on /home/airflow/.local/lib/python3.12/site-packages/airflow/example_dags/example_complex.py
[2024-06-03T10:27:01.593+0000] {processor.py:830} INFO - Processing file /home/airflow/.local/lib/python3.12/site-packages/airflow/example_dags/example_complex.py for tasks to queue
[2024-06-03T10:27:01.595+0000] {logging_mixin.py:188} INFO - [2024-06-03T10:27:01.594+0000] {dagbag.py:545} INFO - Filling up the DagBag from /home/airflow/.local/lib/python3.12/site-packages/airflow/example_dags/example_complex.py
[2024-06-03T10:27:01.610+0000] {processor.py:840} INFO - DAG(s) 'example_complex' retrieved from /home/airflow/.local/lib/python3.12/site-packages/airflow/example_dags/example_complex.py
[2024-06-03T10:27:01.659+0000] {logging_mixin.py:188} INFO - [2024-06-03T10:27:01.659+0000] {dag.py:3096} INFO - Sync 1 DAGs
[2024-06-03T10:27:01.677+0000] {logging_mixin.py:188} INFO - [2024-06-03T10:27:01.676+0000] {dag.py:3954} INFO - Setting next_dagrun for example_complex to None, run_after=None
[2024-06-03T10:27:01.700+0000] {processor.py:183} INFO - Processing /home/airflow/.local/lib/python3.12/site-packages/airflow/example_dags/example_complex.py took 0.116 seconds
[2024-06-03T10:27:31.963+0000] {processor.py:161} INFO - Started process (PID=2758) to work on /home/airflow/.local/lib/python3.12/site-packages/airflow/example_dags/example_complex.py
[2024-06-03T10:27:31.964+0000] {processor.py:830} INFO - Processing file /home/airflow/.local/lib/python3.12/site-packages/airflow/example_dags/example_complex.py for tasks to queue
[2024-06-03T10:27:31.966+0000] {logging_mixin.py:188} INFO - [2024-06-03T10:27:31.966+0000] {dagbag.py:545} INFO - Filling up the DagBag from /home/airflow/.local/lib/python3.12/site-packages/airflow/example_dags/example_complex.py
[2024-06-03T10:27:31.987+0000] {processor.py:840} INFO - DAG(s) 'example_complex' retrieved from /home/airflow/.local/lib/python3.12/site-packages/airflow/example_dags/example_complex.py
[2024-06-03T10:27:32.039+0000] {logging_mixin.py:188} INFO - [2024-06-03T10:27:32.038+0000] {dag.py:3096} INFO - Sync 1 DAGs
[2024-06-03T10:27:32.058+0000] {logging_mixin.py:188} INFO - [2024-06-03T10:27:32.058+0000] {dag.py:3954} INFO - Setting next_dagrun for example_complex to None, run_after=None
[2024-06-03T10:27:32.082+0000] {processor.py:183} INFO - Processing /home/airflow/.local/lib/python3.12/site-packages/airflow/example_dags/example_complex.py took 0.126 seconds
[2024-06-03T10:28:02.242+0000] {processor.py:161} INFO - Started process (PID=3014) to work on /home/airflow/.local/lib/python3.12/site-packages/airflow/example_dags/example_complex.py
[2024-06-03T10:28:02.243+0000] {processor.py:830} INFO - Processing file /home/airflow/.local/lib/python3.12/site-packages/airflow/example_dags/example_complex.py for tasks to queue
[2024-06-03T10:28:02.245+0000] {logging_mixin.py:188} INFO - [2024-06-03T10:28:02.245+0000] {dagbag.py:545} INFO - Filling up the DagBag from /home/airflow/.local/lib/python3.12/site-packages/airflow/example_dags/example_complex.py
[2024-06-03T10:28:02.261+0000] {processor.py:840} INFO - DAG(s) 'example_complex' retrieved from /home/airflow/.local/lib/python3.12/site-packages/airflow/example_dags/example_complex.py
[2024-06-03T10:28:02.312+0000] {logging_mixin.py:188} INFO - [2024-06-03T10:28:02.312+0000] {dag.py:3096} INFO - Sync 1 DAGs
[2024-06-03T10:28:02.331+0000] {logging_mixin.py:188} INFO - [2024-06-03T10:28:02.331+0000] {dag.py:3954} INFO - Setting next_dagrun for example_complex to None, run_after=None
[2024-06-03T10:28:02.355+0000] {processor.py:183} INFO - Processing /home/airflow/.local/lib/python3.12/site-packages/airflow/example_dags/example_complex.py took 0.120 seconds
[2024-06-03T10:28:32.474+0000] {processor.py:161} INFO - Started process (PID=3270) to work on /home/airflow/.local/lib/python3.12/site-packages/airflow/example_dags/example_complex.py
[2024-06-03T10:28:32.475+0000] {processor.py:830} INFO - Processing file /home/airflow/.local/lib/python3.12/site-packages/airflow/example_dags/example_complex.py for tasks to queue
[2024-06-03T10:28:32.477+0000] {logging_mixin.py:188} INFO - [2024-06-03T10:28:32.476+0000] {dagbag.py:545} INFO - Filling up the DagBag from /home/airflow/.local/lib/python3.12/site-packages/airflow/example_dags/example_complex.py
[2024-06-03T10:28:32.493+0000] {processor.py:840} INFO - DAG(s) 'example_complex' retrieved from /home/airflow/.local/lib/python3.12/site-packages/airflow/example_dags/example_complex.py
[2024-06-03T10:28:32.543+0000] {logging_mixin.py:188} INFO - [2024-06-03T10:28:32.542+0000] {dag.py:3096} INFO - Sync 1 DAGs
[2024-06-03T10:28:32.561+0000] {logging_mixin.py:188} INFO - [2024-06-03T10:28:32.560+0000] {dag.py:3954} INFO - Setting next_dagrun for example_complex to None, run_after=None
[2024-06-03T10:28:32.585+0000] {processor.py:183} INFO - Processing /home/airflow/.local/lib/python3.12/site-packages/airflow/example_dags/example_complex.py took 0.117 seconds
[2024-06-03T10:29:02.709+0000] {processor.py:161} INFO - Started process (PID=3526) to work on /home/airflow/.local/lib/python3.12/site-packages/airflow/example_dags/example_complex.py
[2024-06-03T10:29:02.710+0000] {processor.py:830} INFO - Processing file /home/airflow/.local/lib/python3.12/site-packages/airflow/example_dags/example_complex.py for tasks to queue
[2024-06-03T10:29:02.712+0000] {logging_mixin.py:188} INFO - [2024-06-03T10:29:02.712+0000] {dagbag.py:545} INFO - Filling up the DagBag from /home/airflow/.local/lib/python3.12/site-packages/airflow/example_dags/example_complex.py
[2024-06-03T10:29:02.732+0000] {processor.py:840} INFO - DAG(s) 'example_complex' retrieved from /home/airflow/.local/lib/python3.12/site-packages/airflow/example_dags/example_complex.py
[2024-06-03T10:29:02.793+0000] {logging_mixin.py:188} INFO - [2024-06-03T10:29:02.793+0000] {dag.py:3096} INFO - Sync 1 DAGs
[2024-06-03T10:29:02.815+0000] {logging_mixin.py:188} INFO - [2024-06-03T10:29:02.814+0000] {dag.py:3954} INFO - Setting next_dagrun for example_complex to None, run_after=None
[2024-06-03T10:29:02.839+0000] {processor.py:183} INFO - Processing /home/airflow/.local/lib/python3.12/site-packages/airflow/example_dags/example_complex.py took 0.137 seconds
[2024-06-03T10:29:33.010+0000] {processor.py:161} INFO - Started process (PID=3782) to work on /home/airflow/.local/lib/python3.12/site-packages/airflow/example_dags/example_complex.py
[2024-06-03T10:29:33.011+0000] {processor.py:830} INFO - Processing file /home/airflow/.local/lib/python3.12/site-packages/airflow/example_dags/example_complex.py for tasks to queue
[2024-06-03T10:29:33.013+0000] {logging_mixin.py:188} INFO - [2024-06-03T10:29:33.012+0000] {dagbag.py:545} INFO - Filling up the DagBag from /home/airflow/.local/lib/python3.12/site-packages/airflow/example_dags/example_complex.py
[2024-06-03T10:29:33.033+0000] {processor.py:840} INFO - DAG(s) 'example_complex' retrieved from /home/airflow/.local/lib/python3.12/site-packages/airflow/example_dags/example_complex.py
[2024-06-03T10:29:33.096+0000] {logging_mixin.py:188} INFO - [2024-06-03T10:29:33.095+0000] {dag.py:3096} INFO - Sync 1 DAGs
[2024-06-03T10:29:33.117+0000] {logging_mixin.py:188} INFO - [2024-06-03T10:29:33.117+0000] {dag.py:3954} INFO - Setting next_dagrun for example_complex to None, run_after=None
[2024-06-03T10:29:33.141+0000] {processor.py:183} INFO - Processing /home/airflow/.local/lib/python3.12/site-packages/airflow/example_dags/example_complex.py took 0.138 seconds
[2024-06-03T10:30:03.336+0000] {processor.py:161} INFO - Started process (PID=4040) to work on /home/airflow/.local/lib/python3.12/site-packages/airflow/example_dags/example_complex.py
[2024-06-03T10:30:03.337+0000] {processor.py:830} INFO - Processing file /home/airflow/.local/lib/python3.12/site-packages/airflow/example_dags/example_complex.py for tasks to queue
[2024-06-03T10:30:03.339+0000] {logging_mixin.py:188} INFO - [2024-06-03T10:30:03.338+0000] {dagbag.py:545} INFO - Filling up the DagBag from /home/airflow/.local/lib/python3.12/site-packages/airflow/example_dags/example_complex.py
[2024-06-03T10:30:03.354+0000] {processor.py:840} INFO - DAG(s) 'example_complex' retrieved from /home/airflow/.local/lib/python3.12/site-packages/airflow/example_dags/example_complex.py
[2024-06-03T10:30:03.402+0000] {logging_mixin.py:188} INFO - [2024-06-03T10:30:03.402+0000] {dag.py:3096} INFO - Sync 1 DAGs
[2024-06-03T10:30:03.420+0000] {logging_mixin.py:188} INFO - [2024-06-03T10:30:03.419+0000] {dag.py:3954} INFO - Setting next_dagrun for example_complex to None, run_after=None
[2024-06-03T10:30:03.442+0000] {processor.py:183} INFO - Processing /home/airflow/.local/lib/python3.12/site-packages/airflow/example_dags/example_complex.py took 0.113 seconds
[2024-06-03T10:30:33.644+0000] {processor.py:161} INFO - Started process (PID=4296) to work on /home/airflow/.local/lib/python3.12/site-packages/airflow/example_dags/example_complex.py
[2024-06-03T10:30:33.645+0000] {processor.py:830} INFO - Processing file /home/airflow/.local/lib/python3.12/site-packages/airflow/example_dags/example_complex.py for tasks to queue
[2024-06-03T10:30:33.647+0000] {logging_mixin.py:188} INFO - [2024-06-03T10:30:33.646+0000] {dagbag.py:545} INFO - Filling up the DagBag from /home/airflow/.local/lib/python3.12/site-packages/airflow/example_dags/example_complex.py
[2024-06-03T10:30:33.662+0000] {processor.py:840} INFO - DAG(s) 'example_complex' retrieved from /home/airflow/.local/lib/python3.12/site-packages/airflow/example_dags/example_complex.py
[2024-06-03T10:30:33.710+0000] {logging_mixin.py:188} INFO - [2024-06-03T10:30:33.710+0000] {dag.py:3096} INFO - Sync 1 DAGs
[2024-06-03T10:30:33.727+0000] {logging_mixin.py:188} INFO - [2024-06-03T10:30:33.727+0000] {dag.py:3954} INFO - Setting next_dagrun for example_complex to None, run_after=None
[2024-06-03T10:30:33.751+0000] {processor.py:183} INFO - Processing /home/airflow/.local/lib/python3.12/site-packages/airflow/example_dags/example_complex.py took 0.113 seconds
[2024-06-03T10:31:03.949+0000] {processor.py:161} INFO - Started process (PID=4550) to work on /home/airflow/.local/lib/python3.12/site-packages/airflow/example_dags/example_complex.py
[2024-06-03T10:31:03.950+0000] {processor.py:830} INFO - Processing file /home/airflow/.local/lib/python3.12/site-packages/airflow/example_dags/example_complex.py for tasks to queue
[2024-06-03T10:31:03.951+0000] {logging_mixin.py:188} INFO - [2024-06-03T10:31:03.951+0000] {dagbag.py:545} INFO - Filling up the DagBag from /home/airflow/.local/lib/python3.12/site-packages/airflow/example_dags/example_complex.py
[2024-06-03T10:31:03.969+0000] {processor.py:840} INFO - DAG(s) 'example_complex' retrieved from /home/airflow/.local/lib/python3.12/site-packages/airflow/example_dags/example_complex.py
[2024-06-03T10:31:04.017+0000] {logging_mixin.py:188} INFO - [2024-06-03T10:31:04.017+0000] {dag.py:3096} INFO - Sync 1 DAGs
[2024-06-03T10:31:04.034+0000] {logging_mixin.py:188} INFO - [2024-06-03T10:31:04.034+0000] {dag.py:3954} INFO - Setting next_dagrun for example_complex to None, run_after=None
[2024-06-03T10:31:04.056+0000] {processor.py:183} INFO - Processing /home/airflow/.local/lib/python3.12/site-packages/airflow/example_dags/example_complex.py took 0.114 seconds
[2024-06-03T10:31:34.281+0000] {processor.py:161} INFO - Started process (PID=4806) to work on /home/airflow/.local/lib/python3.12/site-packages/airflow/example_dags/example_complex.py
[2024-06-03T10:31:34.282+0000] {processor.py:830} INFO - Processing file /home/airflow/.local/lib/python3.12/site-packages/airflow/example_dags/example_complex.py for tasks to queue
[2024-06-03T10:31:34.284+0000] {logging_mixin.py:188} INFO - [2024-06-03T10:31:34.284+0000] {dagbag.py:545} INFO - Filling up the DagBag from /home/airflow/.local/lib/python3.12/site-packages/airflow/example_dags/example_complex.py
[2024-06-03T10:31:34.300+0000] {processor.py:840} INFO - DAG(s) 'example_complex' retrieved from /home/airflow/.local/lib/python3.12/site-packages/airflow/example_dags/example_complex.py
[2024-06-03T10:31:34.351+0000] {logging_mixin.py:188} INFO - [2024-06-03T10:31:34.351+0000] {dag.py:3096} INFO - Sync 1 DAGs
[2024-06-03T10:31:34.371+0000] {logging_mixin.py:188} INFO - [2024-06-03T10:31:34.370+0000] {dag.py:3954} INFO - Setting next_dagrun for example_complex to None, run_after=None
[2024-06-03T10:31:34.396+0000] {processor.py:183} INFO - Processing /home/airflow/.local/lib/python3.12/site-packages/airflow/example_dags/example_complex.py took 0.123 seconds
[2024-06-03T10:32:04.524+0000] {processor.py:161} INFO - Started process (PID=5062) to work on /home/airflow/.local/lib/python3.12/site-packages/airflow/example_dags/example_complex.py
[2024-06-03T10:32:04.525+0000] {processor.py:830} INFO - Processing file /home/airflow/.local/lib/python3.12/site-packages/airflow/example_dags/example_complex.py for tasks to queue
[2024-06-03T10:32:04.527+0000] {logging_mixin.py:188} INFO - [2024-06-03T10:32:04.527+0000] {dagbag.py:545} INFO - Filling up the DagBag from /home/airflow/.local/lib/python3.12/site-packages/airflow/example_dags/example_complex.py
[2024-06-03T10:32:04.548+0000] {processor.py:840} INFO - DAG(s) 'example_complex' retrieved from /home/airflow/.local/lib/python3.12/site-packages/airflow/example_dags/example_complex.py
[2024-06-03T10:32:04.610+0000] {logging_mixin.py:188} INFO - [2024-06-03T10:32:04.609+0000] {dag.py:3096} INFO - Sync 1 DAGs
[2024-06-03T10:32:04.632+0000] {logging_mixin.py:188} INFO - [2024-06-03T10:32:04.631+0000] {dag.py:3954} INFO - Setting next_dagrun for example_complex to None, run_after=None
[2024-06-03T10:32:04.656+0000] {processor.py:183} INFO - Processing /home/airflow/.local/lib/python3.12/site-packages/airflow/example_dags/example_complex.py took 0.139 seconds
[2024-06-03T10:32:34.869+0000] {processor.py:161} INFO - Started process (PID=5320) to work on /home/airflow/.local/lib/python3.12/site-packages/airflow/example_dags/example_complex.py
[2024-06-03T10:32:34.869+0000] {processor.py:830} INFO - Processing file /home/airflow/.local/lib/python3.12/site-packages/airflow/example_dags/example_complex.py for tasks to queue
[2024-06-03T10:32:34.871+0000] {logging_mixin.py:188} INFO - [2024-06-03T10:32:34.871+0000] {dagbag.py:545} INFO - Filling up the DagBag from /home/airflow/.local/lib/python3.12/site-packages/airflow/example_dags/example_complex.py
[2024-06-03T10:32:34.886+0000] {processor.py:840} INFO - DAG(s) 'example_complex' retrieved from /home/airflow/.local/lib/python3.12/site-packages/airflow/example_dags/example_complex.py
[2024-06-03T10:32:34.934+0000] {logging_mixin.py:188} INFO - [2024-06-03T10:32:34.934+0000] {dag.py:3096} INFO - Sync 1 DAGs
[2024-06-03T10:32:34.951+0000] {logging_mixin.py:188} INFO - [2024-06-03T10:32:34.951+0000] {dag.py:3954} INFO - Setting next_dagrun for example_complex to None, run_after=None
[2024-06-03T10:32:34.973+0000] {processor.py:183} INFO - Processing /home/airflow/.local/lib/python3.12/site-packages/airflow/example_dags/example_complex.py took 0.111 seconds
[2024-06-03T10:33:05.157+0000] {processor.py:161} INFO - Started process (PID=5574) to work on /home/airflow/.local/lib/python3.12/site-packages/airflow/example_dags/example_complex.py
[2024-06-03T10:33:05.158+0000] {processor.py:830} INFO - Processing file /home/airflow/.local/lib/python3.12/site-packages/airflow/example_dags/example_complex.py for tasks to queue
[2024-06-03T10:33:05.160+0000] {logging_mixin.py:188} INFO - [2024-06-03T10:33:05.160+0000] {dagbag.py:545} INFO - Filling up the DagBag from /home/airflow/.local/lib/python3.12/site-packages/airflow/example_dags/example_complex.py
[2024-06-03T10:33:05.177+0000] {processor.py:840} INFO - DAG(s) 'example_complex' retrieved from /home/airflow/.local/lib/python3.12/site-packages/airflow/example_dags/example_complex.py
[2024-06-03T10:33:05.225+0000] {logging_mixin.py:188} INFO - [2024-06-03T10:33:05.224+0000] {dag.py:3096} INFO - Sync 1 DAGs
[2024-06-03T10:33:05.242+0000] {logging_mixin.py:188} INFO - [2024-06-03T10:33:05.242+0000] {dag.py:3954} INFO - Setting next_dagrun for example_complex to None, run_after=None
[2024-06-03T10:33:05.266+0000] {processor.py:183} INFO - Processing /home/airflow/.local/lib/python3.12/site-packages/airflow/example_dags/example_complex.py took 0.116 seconds
[2024-06-03T10:33:35.468+0000] {processor.py:161} INFO - Started process (PID=5830) to work on /home/airflow/.local/lib/python3.12/site-packages/airflow/example_dags/example_complex.py
[2024-06-03T10:33:35.469+0000] {processor.py:830} INFO - Processing file /home/airflow/.local/lib/python3.12/site-packages/airflow/example_dags/example_complex.py for tasks to queue
[2024-06-03T10:33:35.471+0000] {logging_mixin.py:188} INFO - [2024-06-03T10:33:35.470+0000] {dagbag.py:545} INFO - Filling up the DagBag from /home/airflow/.local/lib/python3.12/site-packages/airflow/example_dags/example_complex.py
[2024-06-03T10:33:35.486+0000] {processor.py:840} INFO - DAG(s) 'example_complex' retrieved from /home/airflow/.local/lib/python3.12/site-packages/airflow/example_dags/example_complex.py
[2024-06-03T10:33:35.548+0000] {logging_mixin.py:188} INFO - [2024-06-03T10:33:35.547+0000] {dag.py:3096} INFO - Sync 1 DAGs
[2024-06-03T10:33:35.570+0000] {logging_mixin.py:188} INFO - [2024-06-03T10:33:35.570+0000] {dag.py:3954} INFO - Setting next_dagrun for example_complex to None, run_after=None
[2024-06-03T10:33:35.594+0000] {processor.py:183} INFO - Processing /home/airflow/.local/lib/python3.12/site-packages/airflow/example_dags/example_complex.py took 0.132 seconds
[2024-06-03T10:34:06.508+0000] {processor.py:161} INFO - Started process (PID=6086) to work on /home/airflow/.local/lib/python3.12/site-packages/airflow/example_dags/example_complex.py
[2024-06-03T10:34:06.510+0000] {processor.py:830} INFO - Processing file /home/airflow/.local/lib/python3.12/site-packages/airflow/example_dags/example_complex.py for tasks to queue
[2024-06-03T10:34:06.512+0000] {logging_mixin.py:188} INFO - [2024-06-03T10:34:06.511+0000] {dagbag.py:545} INFO - Filling up the DagBag from /home/airflow/.local/lib/python3.12/site-packages/airflow/example_dags/example_complex.py
[2024-06-03T10:34:06.528+0000] {processor.py:840} INFO - DAG(s) 'example_complex' retrieved from /home/airflow/.local/lib/python3.12/site-packages/airflow/example_dags/example_complex.py
[2024-06-03T10:34:06.577+0000] {logging_mixin.py:188} INFO - [2024-06-03T10:34:06.577+0000] {dag.py:3096} INFO - Sync 1 DAGs
[2024-06-03T10:34:06.595+0000] {logging_mixin.py:188} INFO - [2024-06-03T10:34:06.595+0000] {dag.py:3954} INFO - Setting next_dagrun for example_complex to None, run_after=None
[2024-06-03T10:34:06.621+0000] {processor.py:183} INFO - Processing /home/airflow/.local/lib/python3.12/site-packages/airflow/example_dags/example_complex.py took 0.121 seconds
[2024-06-03T10:34:36.892+0000] {processor.py:161} INFO - Started process (PID=6342) to work on /home/airflow/.local/lib/python3.12/site-packages/airflow/example_dags/example_complex.py
[2024-06-03T10:34:36.892+0000] {processor.py:830} INFO - Processing file /home/airflow/.local/lib/python3.12/site-packages/airflow/example_dags/example_complex.py for tasks to queue
[2024-06-03T10:34:36.894+0000] {logging_mixin.py:188} INFO - [2024-06-03T10:34:36.894+0000] {dagbag.py:545} INFO - Filling up the DagBag from /home/airflow/.local/lib/python3.12/site-packages/airflow/example_dags/example_complex.py
[2024-06-03T10:34:36.910+0000] {processor.py:840} INFO - DAG(s) 'example_complex' retrieved from /home/airflow/.local/lib/python3.12/site-packages/airflow/example_dags/example_complex.py
[2024-06-03T10:34:36.973+0000] {logging_mixin.py:188} INFO - [2024-06-03T10:34:36.973+0000] {dag.py:3096} INFO - Sync 1 DAGs
[2024-06-03T10:34:36.993+0000] {logging_mixin.py:188} INFO - [2024-06-03T10:34:36.992+0000] {dag.py:3954} INFO - Setting next_dagrun for example_complex to None, run_after=None
[2024-06-03T10:34:37.020+0000] {processor.py:183} INFO - Processing /home/airflow/.local/lib/python3.12/site-packages/airflow/example_dags/example_complex.py took 0.135 seconds
[2024-06-03T10:35:07.183+0000] {processor.py:161} INFO - Started process (PID=6598) to work on /home/airflow/.local/lib/python3.12/site-packages/airflow/example_dags/example_complex.py
[2024-06-03T10:35:07.184+0000] {processor.py:830} INFO - Processing file /home/airflow/.local/lib/python3.12/site-packages/airflow/example_dags/example_complex.py for tasks to queue
[2024-06-03T10:35:07.186+0000] {logging_mixin.py:188} INFO - [2024-06-03T10:35:07.186+0000] {dagbag.py:545} INFO - Filling up the DagBag from /home/airflow/.local/lib/python3.12/site-packages/airflow/example_dags/example_complex.py
[2024-06-03T10:35:07.202+0000] {processor.py:840} INFO - DAG(s) 'example_complex' retrieved from /home/airflow/.local/lib/python3.12/site-packages/airflow/example_dags/example_complex.py
[2024-06-03T10:35:07.264+0000] {logging_mixin.py:188} INFO - [2024-06-03T10:35:07.264+0000] {dag.py:3096} INFO - Sync 1 DAGs
[2024-06-03T10:35:07.286+0000] {logging_mixin.py:188} INFO - [2024-06-03T10:35:07.285+0000] {dag.py:3954} INFO - Setting next_dagrun for example_complex to None, run_after=None
[2024-06-03T10:35:07.312+0000] {processor.py:183} INFO - Processing /home/airflow/.local/lib/python3.12/site-packages/airflow/example_dags/example_complex.py took 0.135 seconds
[2024-06-03T10:35:37.542+0000] {processor.py:161} INFO - Started process (PID=6854) to work on /home/airflow/.local/lib/python3.12/site-packages/airflow/example_dags/example_complex.py
[2024-06-03T10:35:37.543+0000] {processor.py:830} INFO - Processing file /home/airflow/.local/lib/python3.12/site-packages/airflow/example_dags/example_complex.py for tasks to queue
[2024-06-03T10:35:37.545+0000] {logging_mixin.py:188} INFO - [2024-06-03T10:35:37.544+0000] {dagbag.py:545} INFO - Filling up the DagBag from /home/airflow/.local/lib/python3.12/site-packages/airflow/example_dags/example_complex.py
[2024-06-03T10:35:37.560+0000] {processor.py:840} INFO - DAG(s) 'example_complex' retrieved from /home/airflow/.local/lib/python3.12/site-packages/airflow/example_dags/example_complex.py
[2024-06-03T10:35:37.610+0000] {logging_mixin.py:188} INFO - [2024-06-03T10:35:37.609+0000] {dag.py:3096} INFO - Sync 1 DAGs
[2024-06-03T10:35:37.629+0000] {logging_mixin.py:188} INFO - [2024-06-03T10:35:37.628+0000] {dag.py:3954} INFO - Setting next_dagrun for example_complex to None, run_after=None
[2024-06-03T10:35:37.654+0000] {processor.py:183} INFO - Processing /home/airflow/.local/lib/python3.12/site-packages/airflow/example_dags/example_complex.py took 0.119 seconds
[2024-06-03T10:36:07.731+0000] {processor.py:161} INFO - Started process (PID=7110) to work on /home/airflow/.local/lib/python3.12/site-packages/airflow/example_dags/example_complex.py
[2024-06-03T10:36:07.732+0000] {processor.py:830} INFO - Processing file /home/airflow/.local/lib/python3.12/site-packages/airflow/example_dags/example_complex.py for tasks to queue
[2024-06-03T10:36:07.734+0000] {logging_mixin.py:188} INFO - [2024-06-03T10:36:07.734+0000] {dagbag.py:545} INFO - Filling up the DagBag from /home/airflow/.local/lib/python3.12/site-packages/airflow/example_dags/example_complex.py
[2024-06-03T10:36:07.750+0000] {processor.py:840} INFO - DAG(s) 'example_complex' retrieved from /home/airflow/.local/lib/python3.12/site-packages/airflow/example_dags/example_complex.py
[2024-06-03T10:36:07.811+0000] {logging_mixin.py:188} INFO - [2024-06-03T10:36:07.810+0000] {dag.py:3096} INFO - Sync 1 DAGs
[2024-06-03T10:36:07.832+0000] {logging_mixin.py:188} INFO - [2024-06-03T10:36:07.832+0000] {dag.py:3954} INFO - Setting next_dagrun for example_complex to None, run_after=None
[2024-06-03T10:36:07.855+0000] {processor.py:183} INFO - Processing /home/airflow/.local/lib/python3.12/site-packages/airflow/example_dags/example_complex.py took 0.132 seconds
[2024-06-03T10:36:38.035+0000] {processor.py:161} INFO - Started process (PID=7366) to work on /home/airflow/.local/lib/python3.12/site-packages/airflow/example_dags/example_complex.py
[2024-06-03T10:36:38.035+0000] {processor.py:830} INFO - Processing file /home/airflow/.local/lib/python3.12/site-packages/airflow/example_dags/example_complex.py for tasks to queue
[2024-06-03T10:36:38.037+0000] {logging_mixin.py:188} INFO - [2024-06-03T10:36:38.037+0000] {dagbag.py:545} INFO - Filling up the DagBag from /home/airflow/.local/lib/python3.12/site-packages/airflow/example_dags/example_complex.py
[2024-06-03T10:36:38.053+0000] {processor.py:840} INFO - DAG(s) 'example_complex' retrieved from /home/airflow/.local/lib/python3.12/site-packages/airflow/example_dags/example_complex.py
[2024-06-03T10:36:38.115+0000] {logging_mixin.py:188} INFO - [2024-06-03T10:36:38.114+0000] {dag.py:3096} INFO - Sync 1 DAGs
[2024-06-03T10:36:38.138+0000] {logging_mixin.py:188} INFO - [2024-06-03T10:36:38.137+0000] {dag.py:3954} INFO - Setting next_dagrun for example_complex to None, run_after=None
[2024-06-03T10:36:38.164+0000] {processor.py:183} INFO - Processing /home/airflow/.local/lib/python3.12/site-packages/airflow/example_dags/example_complex.py took 0.136 seconds
[2024-06-03T10:37:08.671+0000] {processor.py:161} INFO - Started process (PID=7622) to work on /home/airflow/.local/lib/python3.12/site-packages/airflow/example_dags/example_complex.py
[2024-06-03T10:37:08.672+0000] {processor.py:830} INFO - Processing file /home/airflow/.local/lib/python3.12/site-packages/airflow/example_dags/example_complex.py for tasks to queue
[2024-06-03T10:37:08.674+0000] {logging_mixin.py:188} INFO - [2024-06-03T10:37:08.674+0000] {dagbag.py:545} INFO - Filling up the DagBag from /home/airflow/.local/lib/python3.12/site-packages/airflow/example_dags/example_complex.py
[2024-06-03T10:37:08.694+0000] {processor.py:840} INFO - DAG(s) 'example_complex' retrieved from /home/airflow/.local/lib/python3.12/site-packages/airflow/example_dags/example_complex.py
[2024-06-03T10:37:08.755+0000] {logging_mixin.py:188} INFO - [2024-06-03T10:37:08.754+0000] {dag.py:3096} INFO - Sync 1 DAGs
[2024-06-03T10:37:08.777+0000] {logging_mixin.py:188} INFO - [2024-06-03T10:37:08.776+0000] {dag.py:3954} INFO - Setting next_dagrun for example_complex to None, run_after=None
[2024-06-03T10:37:08.799+0000] {processor.py:183} INFO - Processing /home/airflow/.local/lib/python3.12/site-packages/airflow/example_dags/example_complex.py took 0.136 seconds
[2024-06-03T10:37:39.205+0000] {processor.py:161} INFO - Started process (PID=7872) to work on /home/airflow/.local/lib/python3.12/site-packages/airflow/example_dags/example_complex.py
[2024-06-03T10:37:39.206+0000] {processor.py:830} INFO - Processing file /home/airflow/.local/lib/python3.12/site-packages/airflow/example_dags/example_complex.py for tasks to queue
[2024-06-03T10:37:39.208+0000] {logging_mixin.py:188} INFO - [2024-06-03T10:37:39.208+0000] {dagbag.py:545} INFO - Filling up the DagBag from /home/airflow/.local/lib/python3.12/site-packages/airflow/example_dags/example_complex.py
[2024-06-03T10:37:39.224+0000] {processor.py:840} INFO - DAG(s) 'example_complex' retrieved from /home/airflow/.local/lib/python3.12/site-packages/airflow/example_dags/example_complex.py
[2024-06-03T10:37:39.284+0000] {logging_mixin.py:188} INFO - [2024-06-03T10:37:39.283+0000] {dag.py:3096} INFO - Sync 1 DAGs
[2024-06-03T10:37:39.305+0000] {logging_mixin.py:188} INFO - [2024-06-03T10:37:39.305+0000] {dag.py:3954} INFO - Setting next_dagrun for example_complex to None, run_after=None
[2024-06-03T10:37:39.330+0000] {processor.py:183} INFO - Processing /home/airflow/.local/lib/python3.12/site-packages/airflow/example_dags/example_complex.py took 0.132 seconds
[2024-06-03T10:38:09.592+0000] {processor.py:161} INFO - Started process (PID=8128) to work on /home/airflow/.local/lib/python3.12/site-packages/airflow/example_dags/example_complex.py
[2024-06-03T10:38:09.594+0000] {processor.py:830} INFO - Processing file /home/airflow/.local/lib/python3.12/site-packages/airflow/example_dags/example_complex.py for tasks to queue
[2024-06-03T10:38:09.596+0000] {logging_mixin.py:188} INFO - [2024-06-03T10:38:09.595+0000] {dagbag.py:545} INFO - Filling up the DagBag from /home/airflow/.local/lib/python3.12/site-packages/airflow/example_dags/example_complex.py
[2024-06-03T10:38:09.612+0000] {processor.py:840} INFO - DAG(s) 'example_complex' retrieved from /home/airflow/.local/lib/python3.12/site-packages/airflow/example_dags/example_complex.py
[2024-06-03T10:38:09.662+0000] {logging_mixin.py:188} INFO - [2024-06-03T10:38:09.661+0000] {dag.py:3096} INFO - Sync 1 DAGs
[2024-06-03T10:38:09.681+0000] {logging_mixin.py:188} INFO - [2024-06-03T10:38:09.681+0000] {dag.py:3954} INFO - Setting next_dagrun for example_complex to None, run_after=None
[2024-06-03T10:38:09.705+0000] {processor.py:183} INFO - Processing /home/airflow/.local/lib/python3.12/site-packages/airflow/example_dags/example_complex.py took 0.120 seconds
[2024-06-03T10:38:40.399+0000] {processor.py:161} INFO - Started process (PID=8384) to work on /home/airflow/.local/lib/python3.12/site-packages/airflow/example_dags/example_complex.py
[2024-06-03T10:38:40.399+0000] {processor.py:830} INFO - Processing file /home/airflow/.local/lib/python3.12/site-packages/airflow/example_dags/example_complex.py for tasks to queue
[2024-06-03T10:38:40.401+0000] {logging_mixin.py:188} INFO - [2024-06-03T10:38:40.401+0000] {dagbag.py:545} INFO - Filling up the DagBag from /home/airflow/.local/lib/python3.12/site-packages/airflow/example_dags/example_complex.py
[2024-06-03T10:38:40.421+0000] {processor.py:840} INFO - DAG(s) 'example_complex' retrieved from /home/airflow/.local/lib/python3.12/site-packages/airflow/example_dags/example_complex.py
[2024-06-03T10:38:40.482+0000] {logging_mixin.py:188} INFO - [2024-06-03T10:38:40.482+0000] {dag.py:3096} INFO - Sync 1 DAGs
[2024-06-03T10:38:40.504+0000] {logging_mixin.py:188} INFO - [2024-06-03T10:38:40.504+0000] {dag.py:3954} INFO - Setting next_dagrun for example_complex to None, run_after=None
[2024-06-03T10:38:40.528+0000] {processor.py:183} INFO - Processing /home/airflow/.local/lib/python3.12/site-packages/airflow/example_dags/example_complex.py took 0.136 seconds
[2024-06-03T10:39:11.446+0000] {processor.py:161} INFO - Started process (PID=8640) to work on /home/airflow/.local/lib/python3.12/site-packages/airflow/example_dags/example_complex.py
[2024-06-03T10:39:11.447+0000] {processor.py:830} INFO - Processing file /home/airflow/.local/lib/python3.12/site-packages/airflow/example_dags/example_complex.py for tasks to queue
[2024-06-03T10:39:11.449+0000] {logging_mixin.py:188} INFO - [2024-06-03T10:39:11.449+0000] {dagbag.py:545} INFO - Filling up the DagBag from /home/airflow/.local/lib/python3.12/site-packages/airflow/example_dags/example_complex.py
[2024-06-03T10:39:11.466+0000] {processor.py:840} INFO - DAG(s) 'example_complex' retrieved from /home/airflow/.local/lib/python3.12/site-packages/airflow/example_dags/example_complex.py
[2024-06-03T10:39:11.529+0000] {logging_mixin.py:188} INFO - [2024-06-03T10:39:11.528+0000] {dag.py:3096} INFO - Sync 1 DAGs
[2024-06-03T10:39:11.550+0000] {logging_mixin.py:188} INFO - [2024-06-03T10:39:11.550+0000] {dag.py:3954} INFO - Setting next_dagrun for example_complex to None, run_after=None
[2024-06-03T10:39:11.576+0000] {processor.py:183} INFO - Processing /home/airflow/.local/lib/python3.12/site-packages/airflow/example_dags/example_complex.py took 0.137 seconds
[2024-06-03T10:39:42.453+0000] {processor.py:161} INFO - Started process (PID=8896) to work on /home/airflow/.local/lib/python3.12/site-packages/airflow/example_dags/example_complex.py
[2024-06-03T10:39:42.455+0000] {processor.py:830} INFO - Processing file /home/airflow/.local/lib/python3.12/site-packages/airflow/example_dags/example_complex.py for tasks to queue
[2024-06-03T10:39:42.456+0000] {logging_mixin.py:188} INFO - [2024-06-03T10:39:42.456+0000] {dagbag.py:545} INFO - Filling up the DagBag from /home/airflow/.local/lib/python3.12/site-packages/airflow/example_dags/example_complex.py
[2024-06-03T10:39:42.472+0000] {processor.py:840} INFO - DAG(s) 'example_complex' retrieved from /home/airflow/.local/lib/python3.12/site-packages/airflow/example_dags/example_complex.py
[2024-06-03T10:39:42.524+0000] {logging_mixin.py:188} INFO - [2024-06-03T10:39:42.524+0000] {dag.py:3096} INFO - Sync 1 DAGs
[2024-06-03T10:39:42.547+0000] {logging_mixin.py:188} INFO - [2024-06-03T10:39:42.547+0000] {dag.py:3954} INFO - Setting next_dagrun for example_complex to None, run_after=None
[2024-06-03T10:39:42.571+0000] {processor.py:183} INFO - Processing /home/airflow/.local/lib/python3.12/site-packages/airflow/example_dags/example_complex.py took 0.125 seconds
[2024-06-03T10:40:13.416+0000] {processor.py:161} INFO - Started process (PID=9152) to work on /home/airflow/.local/lib/python3.12/site-packages/airflow/example_dags/example_complex.py
[2024-06-03T10:40:13.416+0000] {processor.py:830} INFO - Processing file /home/airflow/.local/lib/python3.12/site-packages/airflow/example_dags/example_complex.py for tasks to queue
[2024-06-03T10:40:13.418+0000] {logging_mixin.py:188} INFO - [2024-06-03T10:40:13.418+0000] {dagbag.py:545} INFO - Filling up the DagBag from /home/airflow/.local/lib/python3.12/site-packages/airflow/example_dags/example_complex.py
[2024-06-03T10:40:13.433+0000] {processor.py:840} INFO - DAG(s) 'example_complex' retrieved from /home/airflow/.local/lib/python3.12/site-packages/airflow/example_dags/example_complex.py
[2024-06-03T10:40:13.483+0000] {logging_mixin.py:188} INFO - [2024-06-03T10:40:13.483+0000] {dag.py:3096} INFO - Sync 1 DAGs
[2024-06-03T10:40:13.501+0000] {logging_mixin.py:188} INFO - [2024-06-03T10:40:13.501+0000] {dag.py:3954} INFO - Setting next_dagrun for example_complex to None, run_after=None
[2024-06-03T10:40:13.525+0000] {processor.py:183} INFO - Processing /home/airflow/.local/lib/python3.12/site-packages/airflow/example_dags/example_complex.py took 0.116 seconds
[2024-06-03T10:40:44.318+0000] {processor.py:161} INFO - Started process (PID=9408) to work on /home/airflow/.local/lib/python3.12/site-packages/airflow/example_dags/example_complex.py
[2024-06-03T10:40:44.319+0000] {processor.py:830} INFO - Processing file /home/airflow/.local/lib/python3.12/site-packages/airflow/example_dags/example_complex.py for tasks to queue
[2024-06-03T10:40:44.321+0000] {logging_mixin.py:188} INFO - [2024-06-03T10:40:44.321+0000] {dagbag.py:545} INFO - Filling up the DagBag from /home/airflow/.local/lib/python3.12/site-packages/airflow/example_dags/example_complex.py
[2024-06-03T10:40:44.337+0000] {processor.py:840} INFO - DAG(s) 'example_complex' retrieved from /home/airflow/.local/lib/python3.12/site-packages/airflow/example_dags/example_complex.py
[2024-06-03T10:40:44.397+0000] {logging_mixin.py:188} INFO - [2024-06-03T10:40:44.397+0000] {dag.py:3096} INFO - Sync 1 DAGs
[2024-06-03T10:40:44.419+0000] {logging_mixin.py:188} INFO - [2024-06-03T10:40:44.418+0000] {dag.py:3954} INFO - Setting next_dagrun for example_complex to None, run_after=None
[2024-06-03T10:40:44.442+0000] {processor.py:183} INFO - Processing /home/airflow/.local/lib/python3.12/site-packages/airflow/example_dags/example_complex.py took 0.131 seconds
[2024-06-03T10:41:14.594+0000] {processor.py:161} INFO - Started process (PID=9664) to work on /home/airflow/.local/lib/python3.12/site-packages/airflow/example_dags/example_complex.py
[2024-06-03T10:41:14.595+0000] {processor.py:830} INFO - Processing file /home/airflow/.local/lib/python3.12/site-packages/airflow/example_dags/example_complex.py for tasks to queue
[2024-06-03T10:41:14.597+0000] {logging_mixin.py:188} INFO - [2024-06-03T10:41:14.596+0000] {dagbag.py:545} INFO - Filling up the DagBag from /home/airflow/.local/lib/python3.12/site-packages/airflow/example_dags/example_complex.py
[2024-06-03T10:41:14.617+0000] {processor.py:840} INFO - DAG(s) 'example_complex' retrieved from /home/airflow/.local/lib/python3.12/site-packages/airflow/example_dags/example_complex.py
[2024-06-03T10:41:14.679+0000] {logging_mixin.py:188} INFO - [2024-06-03T10:41:14.678+0000] {dag.py:3096} INFO - Sync 1 DAGs
[2024-06-03T10:41:14.700+0000] {logging_mixin.py:188} INFO - [2024-06-03T10:41:14.700+0000] {dag.py:3954} INFO - Setting next_dagrun for example_complex to None, run_after=None
[2024-06-03T10:41:14.724+0000] {processor.py:183} INFO - Processing /home/airflow/.local/lib/python3.12/site-packages/airflow/example_dags/example_complex.py took 0.137 seconds
[2024-06-03T10:41:44.831+0000] {processor.py:161} INFO - Started process (PID=9920) to work on /home/airflow/.local/lib/python3.12/site-packages/airflow/example_dags/example_complex.py
[2024-06-03T10:41:44.833+0000] {processor.py:830} INFO - Processing file /home/airflow/.local/lib/python3.12/site-packages/airflow/example_dags/example_complex.py for tasks to queue
[2024-06-03T10:41:44.835+0000] {logging_mixin.py:188} INFO - [2024-06-03T10:41:44.834+0000] {dagbag.py:545} INFO - Filling up the DagBag from /home/airflow/.local/lib/python3.12/site-packages/airflow/example_dags/example_complex.py
[2024-06-03T10:41:44.855+0000] {processor.py:840} INFO - DAG(s) 'example_complex' retrieved from /home/airflow/.local/lib/python3.12/site-packages/airflow/example_dags/example_complex.py
[2024-06-03T10:41:44.905+0000] {logging_mixin.py:188} INFO - [2024-06-03T10:41:44.905+0000] {dag.py:3096} INFO - Sync 1 DAGs
[2024-06-03T10:41:44.923+0000] {logging_mixin.py:188} INFO - [2024-06-03T10:41:44.923+0000] {dag.py:3954} INFO - Setting next_dagrun for example_complex to None, run_after=None
[2024-06-03T10:41:44.948+0000] {processor.py:183} INFO - Processing /home/airflow/.local/lib/python3.12/site-packages/airflow/example_dags/example_complex.py took 0.123 seconds
[2024-06-03T10:42:15.157+0000] {processor.py:161} INFO - Started process (PID=10176) to work on /home/airflow/.local/lib/python3.12/site-packages/airflow/example_dags/example_complex.py
[2024-06-03T10:42:15.158+0000] {processor.py:830} INFO - Processing file /home/airflow/.local/lib/python3.12/site-packages/airflow/example_dags/example_complex.py for tasks to queue
[2024-06-03T10:42:15.160+0000] {logging_mixin.py:188} INFO - [2024-06-03T10:42:15.160+0000] {dagbag.py:545} INFO - Filling up the DagBag from /home/airflow/.local/lib/python3.12/site-packages/airflow/example_dags/example_complex.py
[2024-06-03T10:42:15.181+0000] {processor.py:840} INFO - DAG(s) 'example_complex' retrieved from /home/airflow/.local/lib/python3.12/site-packages/airflow/example_dags/example_complex.py
[2024-06-03T10:42:15.242+0000] {logging_mixin.py:188} INFO - [2024-06-03T10:42:15.241+0000] {dag.py:3096} INFO - Sync 1 DAGs
[2024-06-03T10:42:15.261+0000] {logging_mixin.py:188} INFO - [2024-06-03T10:42:15.260+0000] {dag.py:3954} INFO - Setting next_dagrun for example_complex to None, run_after=None
[2024-06-03T10:42:15.285+0000] {processor.py:183} INFO - Processing /home/airflow/.local/lib/python3.12/site-packages/airflow/example_dags/example_complex.py took 0.135 seconds
[2024-06-03T10:42:45.349+0000] {processor.py:161} INFO - Started process (PID=10432) to work on /home/airflow/.local/lib/python3.12/site-packages/airflow/example_dags/example_complex.py
[2024-06-03T10:42:45.350+0000] {processor.py:830} INFO - Processing file /home/airflow/.local/lib/python3.12/site-packages/airflow/example_dags/example_complex.py for tasks to queue
[2024-06-03T10:42:45.353+0000] {logging_mixin.py:188} INFO - [2024-06-03T10:42:45.352+0000] {dagbag.py:545} INFO - Filling up the DagBag from /home/airflow/.local/lib/python3.12/site-packages/airflow/example_dags/example_complex.py
[2024-06-03T10:42:45.372+0000] {processor.py:840} INFO - DAG(s) 'example_complex' retrieved from /home/airflow/.local/lib/python3.12/site-packages/airflow/example_dags/example_complex.py
[2024-06-03T10:42:45.433+0000] {logging_mixin.py:188} INFO - [2024-06-03T10:42:45.433+0000] {dag.py:3096} INFO - Sync 1 DAGs
[2024-06-03T10:42:45.455+0000] {logging_mixin.py:188} INFO - [2024-06-03T10:42:45.454+0000] {dag.py:3954} INFO - Setting next_dagrun for example_complex to None, run_after=None
[2024-06-03T10:42:45.479+0000] {processor.py:183} INFO - Processing /home/airflow/.local/lib/python3.12/site-packages/airflow/example_dags/example_complex.py took 0.138 seconds
[2024-06-03T10:43:15.990+0000] {processor.py:161} INFO - Started process (PID=10688) to work on /home/airflow/.local/lib/python3.12/site-packages/airflow/example_dags/example_complex.py
[2024-06-03T10:43:15.991+0000] {processor.py:830} INFO - Processing file /home/airflow/.local/lib/python3.12/site-packages/airflow/example_dags/example_complex.py for tasks to queue
[2024-06-03T10:43:15.993+0000] {logging_mixin.py:188} INFO - [2024-06-03T10:43:15.993+0000] {dagbag.py:545} INFO - Filling up the DagBag from /home/airflow/.local/lib/python3.12/site-packages/airflow/example_dags/example_complex.py
[2024-06-03T10:43:16.009+0000] {processor.py:840} INFO - DAG(s) 'example_complex' retrieved from /home/airflow/.local/lib/python3.12/site-packages/airflow/example_dags/example_complex.py
[2024-06-03T10:43:16.072+0000] {logging_mixin.py:188} INFO - [2024-06-03T10:43:16.071+0000] {dag.py:3096} INFO - Sync 1 DAGs
[2024-06-03T10:43:16.276+0000] {logging_mixin.py:188} INFO - [2024-06-03T10:43:16.275+0000] {dag.py:3954} INFO - Setting next_dagrun for example_complex to None, run_after=None
[2024-06-03T10:43:16.297+0000] {processor.py:183} INFO - Processing /home/airflow/.local/lib/python3.12/site-packages/airflow/example_dags/example_complex.py took 0.314 seconds
[2024-06-03T10:43:46.415+0000] {processor.py:161} INFO - Started process (PID=10944) to work on /home/airflow/.local/lib/python3.12/site-packages/airflow/example_dags/example_complex.py
[2024-06-03T10:43:46.417+0000] {processor.py:830} INFO - Processing file /home/airflow/.local/lib/python3.12/site-packages/airflow/example_dags/example_complex.py for tasks to queue
[2024-06-03T10:43:46.419+0000] {logging_mixin.py:188} INFO - [2024-06-03T10:43:46.419+0000] {dagbag.py:545} INFO - Filling up the DagBag from /home/airflow/.local/lib/python3.12/site-packages/airflow/example_dags/example_complex.py
[2024-06-03T10:43:46.436+0000] {processor.py:840} INFO - DAG(s) 'example_complex' retrieved from /home/airflow/.local/lib/python3.12/site-packages/airflow/example_dags/example_complex.py
[2024-06-03T10:43:46.490+0000] {logging_mixin.py:188} INFO - [2024-06-03T10:43:46.489+0000] {dag.py:3096} INFO - Sync 1 DAGs
[2024-06-03T10:43:46.512+0000] {logging_mixin.py:188} INFO - [2024-06-03T10:43:46.512+0000] {dag.py:3954} INFO - Setting next_dagrun for example_complex to None, run_after=None
[2024-06-03T10:43:46.538+0000] {processor.py:183} INFO - Processing /home/airflow/.local/lib/python3.12/site-packages/airflow/example_dags/example_complex.py took 0.130 seconds
[2024-06-03T10:44:17.420+0000] {processor.py:161} INFO - Started process (PID=11200) to work on /home/airflow/.local/lib/python3.12/site-packages/airflow/example_dags/example_complex.py
[2024-06-03T10:44:17.421+0000] {processor.py:830} INFO - Processing file /home/airflow/.local/lib/python3.12/site-packages/airflow/example_dags/example_complex.py for tasks to queue
[2024-06-03T10:44:17.422+0000] {logging_mixin.py:188} INFO - [2024-06-03T10:44:17.422+0000] {dagbag.py:545} INFO - Filling up the DagBag from /home/airflow/.local/lib/python3.12/site-packages/airflow/example_dags/example_complex.py
[2024-06-03T10:44:17.438+0000] {processor.py:840} INFO - DAG(s) 'example_complex' retrieved from /home/airflow/.local/lib/python3.12/site-packages/airflow/example_dags/example_complex.py
[2024-06-03T10:44:17.492+0000] {logging_mixin.py:188} INFO - [2024-06-03T10:44:17.491+0000] {dag.py:3096} INFO - Sync 1 DAGs
[2024-06-03T10:44:17.514+0000] {logging_mixin.py:188} INFO - [2024-06-03T10:44:17.513+0000] {dag.py:3954} INFO - Setting next_dagrun for example_complex to None, run_after=None
[2024-06-03T10:44:17.537+0000] {processor.py:183} INFO - Processing /home/airflow/.local/lib/python3.12/site-packages/airflow/example_dags/example_complex.py took 0.125 seconds
[2024-06-03T10:44:48.129+0000] {processor.py:161} INFO - Started process (PID=11456) to work on /home/airflow/.local/lib/python3.12/site-packages/airflow/example_dags/example_complex.py
[2024-06-03T10:44:48.130+0000] {processor.py:830} INFO - Processing file /home/airflow/.local/lib/python3.12/site-packages/airflow/example_dags/example_complex.py for tasks to queue
[2024-06-03T10:44:48.132+0000] {logging_mixin.py:188} INFO - [2024-06-03T10:44:48.132+0000] {dagbag.py:545} INFO - Filling up the DagBag from /home/airflow/.local/lib/python3.12/site-packages/airflow/example_dags/example_complex.py
[2024-06-03T10:44:48.153+0000] {processor.py:840} INFO - DAG(s) 'example_complex' retrieved from /home/airflow/.local/lib/python3.12/site-packages/airflow/example_dags/example_complex.py
[2024-06-03T10:44:48.205+0000] {logging_mixin.py:188} INFO - [2024-06-03T10:44:48.205+0000] {dag.py:3096} INFO - Sync 1 DAGs
[2024-06-03T10:44:48.225+0000] {logging_mixin.py:188} INFO - [2024-06-03T10:44:48.224+0000] {dag.py:3954} INFO - Setting next_dagrun for example_complex to None, run_after=None
[2024-06-03T10:44:48.247+0000] {processor.py:183} INFO - Processing /home/airflow/.local/lib/python3.12/site-packages/airflow/example_dags/example_complex.py took 0.126 seconds
[2024-06-03T10:45:19.033+0000] {processor.py:161} INFO - Started process (PID=11712) to work on /home/airflow/.local/lib/python3.12/site-packages/airflow/example_dags/example_complex.py
[2024-06-03T10:45:19.034+0000] {processor.py:830} INFO - Processing file /home/airflow/.local/lib/python3.12/site-packages/airflow/example_dags/example_complex.py for tasks to queue
[2024-06-03T10:45:19.036+0000] {logging_mixin.py:188} INFO - [2024-06-03T10:45:19.036+0000] {dagbag.py:545} INFO - Filling up the DagBag from /home/airflow/.local/lib/python3.12/site-packages/airflow/example_dags/example_complex.py
[2024-06-03T10:45:19.053+0000] {processor.py:840} INFO - DAG(s) 'example_complex' retrieved from /home/airflow/.local/lib/python3.12/site-packages/airflow/example_dags/example_complex.py
[2024-06-03T10:45:19.114+0000] {logging_mixin.py:188} INFO - [2024-06-03T10:45:19.113+0000] {dag.py:3096} INFO - Sync 1 DAGs
[2024-06-03T10:45:19.136+0000] {logging_mixin.py:188} INFO - [2024-06-03T10:45:19.136+0000] {dag.py:3954} INFO - Setting next_dagrun for example_complex to None, run_after=None
[2024-06-03T10:45:19.174+0000] {processor.py:183} INFO - Processing /home/airflow/.local/lib/python3.12/site-packages/airflow/example_dags/example_complex.py took 0.149 seconds
[2024-06-03T10:45:49.754+0000] {processor.py:161} INFO - Started process (PID=11968) to work on /home/airflow/.local/lib/python3.12/site-packages/airflow/example_dags/example_complex.py
[2024-06-03T10:45:49.755+0000] {processor.py:830} INFO - Processing file /home/airflow/.local/lib/python3.12/site-packages/airflow/example_dags/example_complex.py for tasks to queue
[2024-06-03T10:45:49.757+0000] {logging_mixin.py:188} INFO - [2024-06-03T10:45:49.757+0000] {dagbag.py:545} INFO - Filling up the DagBag from /home/airflow/.local/lib/python3.12/site-packages/airflow/example_dags/example_complex.py
[2024-06-03T10:45:49.778+0000] {processor.py:840} INFO - DAG(s) 'example_complex' retrieved from /home/airflow/.local/lib/python3.12/site-packages/airflow/example_dags/example_complex.py
[2024-06-03T10:45:49.839+0000] {logging_mixin.py:188} INFO - [2024-06-03T10:45:49.839+0000] {dag.py:3096} INFO - Sync 1 DAGs
[2024-06-03T10:45:49.860+0000] {logging_mixin.py:188} INFO - [2024-06-03T10:45:49.860+0000] {dag.py:3954} INFO - Setting next_dagrun for example_complex to None, run_after=None
[2024-06-03T10:45:49.885+0000] {processor.py:183} INFO - Processing /home/airflow/.local/lib/python3.12/site-packages/airflow/example_dags/example_complex.py took 0.139 seconds
[2024-06-03T10:46:20.119+0000] {processor.py:161} INFO - Started process (PID=12224) to work on /home/airflow/.local/lib/python3.12/site-packages/airflow/example_dags/example_complex.py
[2024-06-03T10:46:20.121+0000] {processor.py:830} INFO - Processing file /home/airflow/.local/lib/python3.12/site-packages/airflow/example_dags/example_complex.py for tasks to queue
[2024-06-03T10:46:20.122+0000] {logging_mixin.py:188} INFO - [2024-06-03T10:46:20.122+0000] {dagbag.py:545} INFO - Filling up the DagBag from /home/airflow/.local/lib/python3.12/site-packages/airflow/example_dags/example_complex.py
[2024-06-03T10:46:20.138+0000] {processor.py:840} INFO - DAG(s) 'example_complex' retrieved from /home/airflow/.local/lib/python3.12/site-packages/airflow/example_dags/example_complex.py
[2024-06-03T10:46:20.200+0000] {logging_mixin.py:188} INFO - [2024-06-03T10:46:20.199+0000] {dag.py:3096} INFO - Sync 1 DAGs
[2024-06-03T10:46:20.222+0000] {logging_mixin.py:188} INFO - [2024-06-03T10:46:20.222+0000] {dag.py:3954} INFO - Setting next_dagrun for example_complex to None, run_after=None
[2024-06-03T10:46:20.245+0000] {processor.py:183} INFO - Processing /home/airflow/.local/lib/python3.12/site-packages/airflow/example_dags/example_complex.py took 0.133 seconds
[2024-06-03T10:46:50.707+0000] {processor.py:161} INFO - Started process (PID=12480) to work on /home/airflow/.local/lib/python3.12/site-packages/airflow/example_dags/example_complex.py
[2024-06-03T10:46:50.708+0000] {processor.py:830} INFO - Processing file /home/airflow/.local/lib/python3.12/site-packages/airflow/example_dags/example_complex.py for tasks to queue
[2024-06-03T10:46:50.710+0000] {logging_mixin.py:188} INFO - [2024-06-03T10:46:50.709+0000] {dagbag.py:545} INFO - Filling up the DagBag from /home/airflow/.local/lib/python3.12/site-packages/airflow/example_dags/example_complex.py
[2024-06-03T10:46:50.725+0000] {processor.py:840} INFO - DAG(s) 'example_complex' retrieved from /home/airflow/.local/lib/python3.12/site-packages/airflow/example_dags/example_complex.py
[2024-06-03T10:46:50.775+0000] {logging_mixin.py:188} INFO - [2024-06-03T10:46:50.775+0000] {dag.py:3096} INFO - Sync 1 DAGs
[2024-06-03T10:46:50.794+0000] {logging_mixin.py:188} INFO - [2024-06-03T10:46:50.793+0000] {dag.py:3954} INFO - Setting next_dagrun for example_complex to None, run_after=None
[2024-06-03T10:46:50.821+0000] {processor.py:183} INFO - Processing /home/airflow/.local/lib/python3.12/site-packages/airflow/example_dags/example_complex.py took 0.120 seconds
[2024-06-03T10:47:21.345+0000] {processor.py:161} INFO - Started process (PID=12736) to work on /home/airflow/.local/lib/python3.12/site-packages/airflow/example_dags/example_complex.py
[2024-06-03T10:47:21.346+0000] {processor.py:830} INFO - Processing file /home/airflow/.local/lib/python3.12/site-packages/airflow/example_dags/example_complex.py for tasks to queue
[2024-06-03T10:47:21.348+0000] {logging_mixin.py:188} INFO - [2024-06-03T10:47:21.348+0000] {dagbag.py:545} INFO - Filling up the DagBag from /home/airflow/.local/lib/python3.12/site-packages/airflow/example_dags/example_complex.py
[2024-06-03T10:47:21.364+0000] {processor.py:840} INFO - DAG(s) 'example_complex' retrieved from /home/airflow/.local/lib/python3.12/site-packages/airflow/example_dags/example_complex.py
[2024-06-03T10:47:21.415+0000] {logging_mixin.py:188} INFO - [2024-06-03T10:47:21.414+0000] {dag.py:3096} INFO - Sync 1 DAGs
[2024-06-03T10:47:21.434+0000] {logging_mixin.py:188} INFO - [2024-06-03T10:47:21.434+0000] {dag.py:3954} INFO - Setting next_dagrun for example_complex to None, run_after=None
[2024-06-03T10:47:21.459+0000] {processor.py:183} INFO - Processing /home/airflow/.local/lib/python3.12/site-packages/airflow/example_dags/example_complex.py took 0.121 seconds
[2024-06-03T10:47:52.072+0000] {processor.py:161} INFO - Started process (PID=12992) to work on /home/airflow/.local/lib/python3.12/site-packages/airflow/example_dags/example_complex.py
[2024-06-03T10:47:52.072+0000] {processor.py:830} INFO - Processing file /home/airflow/.local/lib/python3.12/site-packages/airflow/example_dags/example_complex.py for tasks to queue
[2024-06-03T10:47:52.074+0000] {logging_mixin.py:188} INFO - [2024-06-03T10:47:52.074+0000] {dagbag.py:545} INFO - Filling up the DagBag from /home/airflow/.local/lib/python3.12/site-packages/airflow/example_dags/example_complex.py
[2024-06-03T10:47:52.090+0000] {processor.py:840} INFO - DAG(s) 'example_complex' retrieved from /home/airflow/.local/lib/python3.12/site-packages/airflow/example_dags/example_complex.py
[2024-06-03T10:47:52.150+0000] {logging_mixin.py:188} INFO - [2024-06-03T10:47:52.149+0000] {dag.py:3096} INFO - Sync 1 DAGs
[2024-06-03T10:47:52.172+0000] {logging_mixin.py:188} INFO - [2024-06-03T10:47:52.171+0000] {dag.py:3954} INFO - Setting next_dagrun for example_complex to None, run_after=None
[2024-06-03T10:47:52.194+0000] {processor.py:183} INFO - Processing /home/airflow/.local/lib/python3.12/site-packages/airflow/example_dags/example_complex.py took 0.129 seconds
[2024-06-03T10:48:22.474+0000] {processor.py:161} INFO - Started process (PID=13248) to work on /home/airflow/.local/lib/python3.12/site-packages/airflow/example_dags/example_complex.py
[2024-06-03T10:48:22.475+0000] {processor.py:830} INFO - Processing file /home/airflow/.local/lib/python3.12/site-packages/airflow/example_dags/example_complex.py for tasks to queue
[2024-06-03T10:48:22.477+0000] {logging_mixin.py:188} INFO - [2024-06-03T10:48:22.477+0000] {dagbag.py:545} INFO - Filling up the DagBag from /home/airflow/.local/lib/python3.12/site-packages/airflow/example_dags/example_complex.py
[2024-06-03T10:48:22.493+0000] {processor.py:840} INFO - DAG(s) 'example_complex' retrieved from /home/airflow/.local/lib/python3.12/site-packages/airflow/example_dags/example_complex.py
[2024-06-03T10:48:22.544+0000] {logging_mixin.py:188} INFO - [2024-06-03T10:48:22.544+0000] {dag.py:3096} INFO - Sync 1 DAGs
[2024-06-03T10:48:22.564+0000] {logging_mixin.py:188} INFO - [2024-06-03T10:48:22.563+0000] {dag.py:3954} INFO - Setting next_dagrun for example_complex to None, run_after=None
[2024-06-03T10:48:22.588+0000] {processor.py:183} INFO - Processing /home/airflow/.local/lib/python3.12/site-packages/airflow/example_dags/example_complex.py took 0.122 seconds
[2024-06-03T10:48:52.791+0000] {processor.py:161} INFO - Started process (PID=13504) to work on /home/airflow/.local/lib/python3.12/site-packages/airflow/example_dags/example_complex.py
[2024-06-03T10:48:52.792+0000] {processor.py:830} INFO - Processing file /home/airflow/.local/lib/python3.12/site-packages/airflow/example_dags/example_complex.py for tasks to queue
[2024-06-03T10:48:52.794+0000] {logging_mixin.py:188} INFO - [2024-06-03T10:48:52.793+0000] {dagbag.py:545} INFO - Filling up the DagBag from /home/airflow/.local/lib/python3.12/site-packages/airflow/example_dags/example_complex.py
[2024-06-03T10:48:52.810+0000] {processor.py:840} INFO - DAG(s) 'example_complex' retrieved from /home/airflow/.local/lib/python3.12/site-packages/airflow/example_dags/example_complex.py
[2024-06-03T10:48:52.861+0000] {logging_mixin.py:188} INFO - [2024-06-03T10:48:52.860+0000] {dag.py:3096} INFO - Sync 1 DAGs
[2024-06-03T10:48:52.881+0000] {logging_mixin.py:188} INFO - [2024-06-03T10:48:52.880+0000] {dag.py:3954} INFO - Setting next_dagrun for example_complex to None, run_after=None
[2024-06-03T10:48:52.907+0000] {processor.py:183} INFO - Processing /home/airflow/.local/lib/python3.12/site-packages/airflow/example_dags/example_complex.py took 0.123 seconds
[2024-06-03T10:49:23.111+0000] {processor.py:161} INFO - Started process (PID=13760) to work on /home/airflow/.local/lib/python3.12/site-packages/airflow/example_dags/example_complex.py
[2024-06-03T10:49:23.112+0000] {processor.py:830} INFO - Processing file /home/airflow/.local/lib/python3.12/site-packages/airflow/example_dags/example_complex.py for tasks to queue
[2024-06-03T10:49:23.114+0000] {logging_mixin.py:188} INFO - [2024-06-03T10:49:23.114+0000] {dagbag.py:545} INFO - Filling up the DagBag from /home/airflow/.local/lib/python3.12/site-packages/airflow/example_dags/example_complex.py
[2024-06-03T10:49:23.130+0000] {processor.py:840} INFO - DAG(s) 'example_complex' retrieved from /home/airflow/.local/lib/python3.12/site-packages/airflow/example_dags/example_complex.py
[2024-06-03T10:49:23.190+0000] {logging_mixin.py:188} INFO - [2024-06-03T10:49:23.190+0000] {dag.py:3096} INFO - Sync 1 DAGs
[2024-06-03T10:49:23.213+0000] {logging_mixin.py:188} INFO - [2024-06-03T10:49:23.212+0000] {dag.py:3954} INFO - Setting next_dagrun for example_complex to None, run_after=None
[2024-06-03T10:49:23.235+0000] {processor.py:183} INFO - Processing /home/airflow/.local/lib/python3.12/site-packages/airflow/example_dags/example_complex.py took 0.131 seconds
[2024-06-03T10:49:53.661+0000] {processor.py:161} INFO - Started process (PID=14016) to work on /home/airflow/.local/lib/python3.12/site-packages/airflow/example_dags/example_complex.py
[2024-06-03T10:49:53.662+0000] {processor.py:830} INFO - Processing file /home/airflow/.local/lib/python3.12/site-packages/airflow/example_dags/example_complex.py for tasks to queue
[2024-06-03T10:49:53.664+0000] {logging_mixin.py:188} INFO - [2024-06-03T10:49:53.664+0000] {dagbag.py:545} INFO - Filling up the DagBag from /home/airflow/.local/lib/python3.12/site-packages/airflow/example_dags/example_complex.py
[2024-06-03T10:49:53.684+0000] {processor.py:840} INFO - DAG(s) 'example_complex' retrieved from /home/airflow/.local/lib/python3.12/site-packages/airflow/example_dags/example_complex.py
[2024-06-03T10:49:53.746+0000] {logging_mixin.py:188} INFO - [2024-06-03T10:49:53.746+0000] {dag.py:3096} INFO - Sync 1 DAGs
[2024-06-03T10:49:53.766+0000] {logging_mixin.py:188} INFO - [2024-06-03T10:49:53.765+0000] {dag.py:3954} INFO - Setting next_dagrun for example_complex to None, run_after=None
[2024-06-03T10:49:53.789+0000] {processor.py:183} INFO - Processing /home/airflow/.local/lib/python3.12/site-packages/airflow/example_dags/example_complex.py took 0.135 seconds
[2024-06-03T10:50:24.064+0000] {processor.py:161} INFO - Started process (PID=14272) to work on /home/airflow/.local/lib/python3.12/site-packages/airflow/example_dags/example_complex.py
[2024-06-03T10:50:24.066+0000] {processor.py:830} INFO - Processing file /home/airflow/.local/lib/python3.12/site-packages/airflow/example_dags/example_complex.py for tasks to queue
[2024-06-03T10:50:24.067+0000] {logging_mixin.py:188} INFO - [2024-06-03T10:50:24.067+0000] {dagbag.py:545} INFO - Filling up the DagBag from /home/airflow/.local/lib/python3.12/site-packages/airflow/example_dags/example_complex.py
[2024-06-03T10:50:24.084+0000] {processor.py:840} INFO - DAG(s) 'example_complex' retrieved from /home/airflow/.local/lib/python3.12/site-packages/airflow/example_dags/example_complex.py
[2024-06-03T10:50:24.133+0000] {logging_mixin.py:188} INFO - [2024-06-03T10:50:24.132+0000] {dag.py:3096} INFO - Sync 1 DAGs
[2024-06-03T10:50:24.152+0000] {logging_mixin.py:188} INFO - [2024-06-03T10:50:24.151+0000] {dag.py:3954} INFO - Setting next_dagrun for example_complex to None, run_after=None
[2024-06-03T10:50:24.178+0000] {processor.py:183} INFO - Processing /home/airflow/.local/lib/python3.12/site-packages/airflow/example_dags/example_complex.py took 0.120 seconds
[2024-06-03T10:50:54.773+0000] {processor.py:161} INFO - Started process (PID=14528) to work on /home/airflow/.local/lib/python3.12/site-packages/airflow/example_dags/example_complex.py
[2024-06-03T10:50:54.774+0000] {processor.py:830} INFO - Processing file /home/airflow/.local/lib/python3.12/site-packages/airflow/example_dags/example_complex.py for tasks to queue
[2024-06-03T10:50:54.776+0000] {logging_mixin.py:188} INFO - [2024-06-03T10:50:54.776+0000] {dagbag.py:545} INFO - Filling up the DagBag from /home/airflow/.local/lib/python3.12/site-packages/airflow/example_dags/example_complex.py
[2024-06-03T10:50:54.792+0000] {processor.py:840} INFO - DAG(s) 'example_complex' retrieved from /home/airflow/.local/lib/python3.12/site-packages/airflow/example_dags/example_complex.py
[2024-06-03T10:50:54.843+0000] {logging_mixin.py:188} INFO - [2024-06-03T10:50:54.843+0000] {dag.py:3096} INFO - Sync 1 DAGs
[2024-06-03T10:50:54.862+0000] {logging_mixin.py:188} INFO - [2024-06-03T10:50:54.862+0000] {dag.py:3954} INFO - Setting next_dagrun for example_complex to None, run_after=None
[2024-06-03T10:50:54.886+0000] {processor.py:183} INFO - Processing /home/airflow/.local/lib/python3.12/site-packages/airflow/example_dags/example_complex.py took 0.121 seconds
[2024-06-03T10:51:25.517+0000] {processor.py:161} INFO - Started process (PID=14784) to work on /home/airflow/.local/lib/python3.12/site-packages/airflow/example_dags/example_complex.py
[2024-06-03T10:51:25.519+0000] {processor.py:830} INFO - Processing file /home/airflow/.local/lib/python3.12/site-packages/airflow/example_dags/example_complex.py for tasks to queue
[2024-06-03T10:51:25.520+0000] {logging_mixin.py:188} INFO - [2024-06-03T10:51:25.520+0000] {dagbag.py:545} INFO - Filling up the DagBag from /home/airflow/.local/lib/python3.12/site-packages/airflow/example_dags/example_complex.py
[2024-06-03T10:51:25.536+0000] {processor.py:840} INFO - DAG(s) 'example_complex' retrieved from /home/airflow/.local/lib/python3.12/site-packages/airflow/example_dags/example_complex.py
[2024-06-03T10:51:25.597+0000] {logging_mixin.py:188} INFO - [2024-06-03T10:51:25.597+0000] {dag.py:3096} INFO - Sync 1 DAGs
[2024-06-03T10:51:25.619+0000] {logging_mixin.py:188} INFO - [2024-06-03T10:51:25.619+0000] {dag.py:3954} INFO - Setting next_dagrun for example_complex to None, run_after=None
[2024-06-03T10:51:25.643+0000] {processor.py:183} INFO - Processing /home/airflow/.local/lib/python3.12/site-packages/airflow/example_dags/example_complex.py took 0.134 seconds
[2024-06-03T10:51:56.187+0000] {processor.py:161} INFO - Started process (PID=15040) to work on /home/airflow/.local/lib/python3.12/site-packages/airflow/example_dags/example_complex.py
[2024-06-03T10:51:56.188+0000] {processor.py:830} INFO - Processing file /home/airflow/.local/lib/python3.12/site-packages/airflow/example_dags/example_complex.py for tasks to queue
[2024-06-03T10:51:56.189+0000] {logging_mixin.py:188} INFO - [2024-06-03T10:51:56.189+0000] {dagbag.py:545} INFO - Filling up the DagBag from /home/airflow/.local/lib/python3.12/site-packages/airflow/example_dags/example_complex.py
[2024-06-03T10:51:56.205+0000] {processor.py:840} INFO - DAG(s) 'example_complex' retrieved from /home/airflow/.local/lib/python3.12/site-packages/airflow/example_dags/example_complex.py
[2024-06-03T10:51:56.255+0000] {logging_mixin.py:188} INFO - [2024-06-03T10:51:56.254+0000] {dag.py:3096} INFO - Sync 1 DAGs
[2024-06-03T10:51:56.273+0000] {logging_mixin.py:188} INFO - [2024-06-03T10:51:56.273+0000] {dag.py:3954} INFO - Setting next_dagrun for example_complex to None, run_after=None
[2024-06-03T10:51:56.298+0000] {processor.py:183} INFO - Processing /home/airflow/.local/lib/python3.12/site-packages/airflow/example_dags/example_complex.py took 0.119 seconds
[2024-06-03T10:52:26.877+0000] {processor.py:161} INFO - Started process (PID=15296) to work on /home/airflow/.local/lib/python3.12/site-packages/airflow/example_dags/example_complex.py
[2024-06-03T10:52:26.878+0000] {processor.py:830} INFO - Processing file /home/airflow/.local/lib/python3.12/site-packages/airflow/example_dags/example_complex.py for tasks to queue
[2024-06-03T10:52:26.880+0000] {logging_mixin.py:188} INFO - [2024-06-03T10:52:26.880+0000] {dagbag.py:545} INFO - Filling up the DagBag from /home/airflow/.local/lib/python3.12/site-packages/airflow/example_dags/example_complex.py
[2024-06-03T10:52:26.901+0000] {processor.py:840} INFO - DAG(s) 'example_complex' retrieved from /home/airflow/.local/lib/python3.12/site-packages/airflow/example_dags/example_complex.py
[2024-06-03T10:52:26.962+0000] {logging_mixin.py:188} INFO - [2024-06-03T10:52:26.962+0000] {dag.py:3096} INFO - Sync 1 DAGs
[2024-06-03T10:52:26.985+0000] {logging_mixin.py:188} INFO - [2024-06-03T10:52:26.985+0000] {dag.py:3954} INFO - Setting next_dagrun for example_complex to None, run_after=None
[2024-06-03T10:52:27.010+0000] {processor.py:183} INFO - Processing /home/airflow/.local/lib/python3.12/site-packages/airflow/example_dags/example_complex.py took 0.141 seconds
[2024-06-03T10:52:57.302+0000] {processor.py:161} INFO - Started process (PID=15552) to work on /home/airflow/.local/lib/python3.12/site-packages/airflow/example_dags/example_complex.py
[2024-06-03T10:52:57.303+0000] {processor.py:830} INFO - Processing file /home/airflow/.local/lib/python3.12/site-packages/airflow/example_dags/example_complex.py for tasks to queue
[2024-06-03T10:52:57.305+0000] {logging_mixin.py:188} INFO - [2024-06-03T10:52:57.304+0000] {dagbag.py:545} INFO - Filling up the DagBag from /home/airflow/.local/lib/python3.12/site-packages/airflow/example_dags/example_complex.py
[2024-06-03T10:52:57.321+0000] {processor.py:840} INFO - DAG(s) 'example_complex' retrieved from /home/airflow/.local/lib/python3.12/site-packages/airflow/example_dags/example_complex.py
[2024-06-03T10:52:57.372+0000] {logging_mixin.py:188} INFO - [2024-06-03T10:52:57.371+0000] {dag.py:3096} INFO - Sync 1 DAGs
[2024-06-03T10:52:57.391+0000] {logging_mixin.py:188} INFO - [2024-06-03T10:52:57.390+0000] {dag.py:3954} INFO - Setting next_dagrun for example_complex to None, run_after=None
[2024-06-03T10:52:57.417+0000] {processor.py:183} INFO - Processing /home/airflow/.local/lib/python3.12/site-packages/airflow/example_dags/example_complex.py took 0.121 seconds
[2024-06-03T10:53:27.681+0000] {processor.py:161} INFO - Started process (PID=15808) to work on /home/airflow/.local/lib/python3.12/site-packages/airflow/example_dags/example_complex.py
[2024-06-03T10:53:27.683+0000] {processor.py:830} INFO - Processing file /home/airflow/.local/lib/python3.12/site-packages/airflow/example_dags/example_complex.py for tasks to queue
[2024-06-03T10:53:27.685+0000] {logging_mixin.py:188} INFO - [2024-06-03T10:53:27.684+0000] {dagbag.py:545} INFO - Filling up the DagBag from /home/airflow/.local/lib/python3.12/site-packages/airflow/example_dags/example_complex.py
[2024-06-03T10:53:27.705+0000] {processor.py:840} INFO - DAG(s) 'example_complex' retrieved from /home/airflow/.local/lib/python3.12/site-packages/airflow/example_dags/example_complex.py
[2024-06-03T10:53:27.754+0000] {logging_mixin.py:188} INFO - [2024-06-03T10:53:27.753+0000] {dag.py:3096} INFO - Sync 1 DAGs
[2024-06-03T10:53:27.773+0000] {logging_mixin.py:188} INFO - [2024-06-03T10:53:27.772+0000] {dag.py:3954} INFO - Setting next_dagrun for example_complex to None, run_after=None
[2024-06-03T10:53:27.796+0000] {processor.py:183} INFO - Processing /home/airflow/.local/lib/python3.12/site-packages/airflow/example_dags/example_complex.py took 0.123 seconds
