[2024-06-03T09:55:27.191+0000] {processor.py:161} INFO - Started process (PID=176) to work on /home/airflow/.local/lib/python3.12/site-packages/airflow/example_dags/example_branch_labels.py
[2024-06-03T09:55:27.193+0000] {processor.py:830} INFO - Processing file /home/airflow/.local/lib/python3.12/site-packages/airflow/example_dags/example_branch_labels.py for tasks to queue
[2024-06-03T09:55:27.199+0000] {logging_mixin.py:188} INFO - [2024-06-03T09:55:27.199+0000] {dagbag.py:545} INFO - Filling up the DagBag from /home/airflow/.local/lib/python3.12/site-packages/airflow/example_dags/example_branch_labels.py
[2024-06-03T09:55:27.235+0000] {processor.py:840} INFO - DAG(s) 'example_branch_labels' retrieved from /home/airflow/.local/lib/python3.12/site-packages/airflow/example_dags/example_branch_labels.py
[2024-06-03T09:55:27.996+0000] {logging_mixin.py:188} INFO - [2024-06-03T09:55:27.996+0000] {dag.py:3096} INFO - Sync 1 DAGs
[2024-06-03T09:55:28.158+0000] {logging_mixin.py:188} INFO - [2024-06-03T09:55:28.157+0000] {dag.py:3954} INFO - Setting next_dagrun for example_branch_labels to 2024-06-02 00:00:00+00:00, run_after=2024-06-03 00:00:00+00:00
[2024-06-03T09:55:28.356+0000] {processor.py:183} INFO - Processing /home/airflow/.local/lib/python3.12/site-packages/airflow/example_dags/example_branch_labels.py took 1.185 seconds
[2024-06-03T09:56:29.548+0000] {processor.py:161} INFO - Started process (PID=432) to work on /home/airflow/.local/lib/python3.12/site-packages/airflow/example_dags/example_branch_labels.py
[2024-06-03T09:56:29.591+0000] {processor.py:830} INFO - Processing file /home/airflow/.local/lib/python3.12/site-packages/airflow/example_dags/example_branch_labels.py for tasks to queue
[2024-06-03T09:56:29.795+0000] {logging_mixin.py:188} INFO - [2024-06-03T09:56:29.794+0000] {dagbag.py:545} INFO - Filling up the DagBag from /home/airflow/.local/lib/python3.12/site-packages/airflow/example_dags/example_branch_labels.py
[2024-06-03T09:56:30.194+0000] {processor.py:840} INFO - DAG(s) 'example_branch_labels' retrieved from /home/airflow/.local/lib/python3.12/site-packages/airflow/example_dags/example_branch_labels.py
[2024-06-03T09:56:30.996+0000] {logging_mixin.py:188} INFO - [2024-06-03T09:56:30.995+0000] {dag.py:3096} INFO - Sync 1 DAGs
[2024-06-03T09:56:32.545+0000] {logging_mixin.py:188} INFO - [2024-06-03T09:56:32.508+0000] {dag.py:3954} INFO - Setting next_dagrun for example_branch_labels to 2024-06-02 00:00:00+00:00, run_after=2024-06-03 00:00:00+00:00
[2024-06-03T09:56:33.626+0000] {processor.py:183} INFO - Processing /home/airflow/.local/lib/python3.12/site-packages/airflow/example_dags/example_branch_labels.py took 4.493 seconds
[2024-06-03T09:57:36.462+0000] {processor.py:161} INFO - Started process (PID=542) to work on /home/airflow/.local/lib/python3.12/site-packages/airflow/example_dags/example_branch_labels.py
[2024-06-03T09:57:36.559+0000] {processor.py:830} INFO - Processing file /home/airflow/.local/lib/python3.12/site-packages/airflow/example_dags/example_branch_labels.py for tasks to queue
[2024-06-03T09:57:36.599+0000] {logging_mixin.py:188} INFO - [2024-06-03T09:57:36.561+0000] {dagbag.py:545} INFO - Filling up the DagBag from /home/airflow/.local/lib/python3.12/site-packages/airflow/example_dags/example_branch_labels.py
[2024-06-03T09:57:36.681+0000] {processor.py:840} INFO - DAG(s) 'example_branch_labels' retrieved from /home/airflow/.local/lib/python3.12/site-packages/airflow/example_dags/example_branch_labels.py
[2024-06-03T09:57:37.123+0000] {logging_mixin.py:188} INFO - [2024-06-03T09:57:37.122+0000] {dag.py:3096} INFO - Sync 1 DAGs
[2024-06-03T09:57:37.947+0000] {logging_mixin.py:188} INFO - [2024-06-03T09:57:37.946+0000] {dag.py:3954} INFO - Setting next_dagrun for example_branch_labels to 2024-06-02 00:00:00+00:00, run_after=2024-06-03 00:00:00+00:00
[2024-06-03T09:57:38.408+0000] {processor.py:183} INFO - Processing /home/airflow/.local/lib/python3.12/site-packages/airflow/example_dags/example_branch_labels.py took 2.128 seconds
[2024-06-03T09:58:59.456+0000] {processor.py:161} INFO - Started process (PID=733) to work on /home/airflow/.local/lib/python3.12/site-packages/airflow/example_dags/example_branch_labels.py
[2024-06-03T09:58:59.475+0000] {processor.py:830} INFO - Processing file /home/airflow/.local/lib/python3.12/site-packages/airflow/example_dags/example_branch_labels.py for tasks to queue
[2024-06-03T09:58:59.496+0000] {logging_mixin.py:188} INFO - [2024-06-03T09:58:59.478+0000] {dagbag.py:545} INFO - Filling up the DagBag from /home/airflow/.local/lib/python3.12/site-packages/airflow/example_dags/example_branch_labels.py
[2024-06-03T09:58:59.678+0000] {processor.py:840} INFO - DAG(s) 'example_branch_labels' retrieved from /home/airflow/.local/lib/python3.12/site-packages/airflow/example_dags/example_branch_labels.py
[2024-06-03T09:59:00.698+0000] {logging_mixin.py:188} INFO - [2024-06-03T09:59:00.697+0000] {dag.py:3096} INFO - Sync 1 DAGs
[2024-06-03T09:59:01.097+0000] {logging_mixin.py:188} INFO - [2024-06-03T09:59:01.077+0000] {dag.py:3954} INFO - Setting next_dagrun for example_branch_labels to 2024-06-02 00:00:00+00:00, run_after=2024-06-03 00:00:00+00:00
[2024-06-03T09:59:01.862+0000] {processor.py:183} INFO - Processing /home/airflow/.local/lib/python3.12/site-packages/airflow/example_dags/example_branch_labels.py took 2.485 seconds
[2024-06-03T10:00:13.173+0000] {processor.py:161} INFO - Started process (PID=888) to work on /home/airflow/.local/lib/python3.12/site-packages/airflow/example_dags/example_branch_labels.py
[2024-06-03T10:00:13.193+0000] {processor.py:830} INFO - Processing file /home/airflow/.local/lib/python3.12/site-packages/airflow/example_dags/example_branch_labels.py for tasks to queue
[2024-06-03T10:00:13.196+0000] {logging_mixin.py:188} INFO - [2024-06-03T10:00:13.196+0000] {dagbag.py:545} INFO - Filling up the DagBag from /home/airflow/.local/lib/python3.12/site-packages/airflow/example_dags/example_branch_labels.py
[2024-06-03T10:00:13.261+0000] {processor.py:840} INFO - DAG(s) 'example_branch_labels' retrieved from /home/airflow/.local/lib/python3.12/site-packages/airflow/example_dags/example_branch_labels.py
[2024-06-03T10:00:13.505+0000] {logging_mixin.py:188} INFO - [2024-06-03T10:00:13.505+0000] {dag.py:3096} INFO - Sync 1 DAGs
[2024-06-03T10:00:13.677+0000] {logging_mixin.py:188} INFO - [2024-06-03T10:00:13.676+0000] {dag.py:3954} INFO - Setting next_dagrun for example_branch_labels to 2024-06-02 00:00:00+00:00, run_after=2024-06-03 00:00:00+00:00
[2024-06-03T10:00:13.820+0000] {processor.py:183} INFO - Processing /home/airflow/.local/lib/python3.12/site-packages/airflow/example_dags/example_branch_labels.py took 0.723 seconds
[2024-06-03T10:00:45.215+0000] {processor.py:161} INFO - Started process (PID=1146) to work on /home/airflow/.local/lib/python3.12/site-packages/airflow/example_dags/example_branch_labels.py
[2024-06-03T10:00:45.220+0000] {processor.py:830} INFO - Processing file /home/airflow/.local/lib/python3.12/site-packages/airflow/example_dags/example_branch_labels.py for tasks to queue
[2024-06-03T10:00:45.223+0000] {logging_mixin.py:188} INFO - [2024-06-03T10:00:45.222+0000] {dagbag.py:545} INFO - Filling up the DagBag from /home/airflow/.local/lib/python3.12/site-packages/airflow/example_dags/example_branch_labels.py
[2024-06-03T10:00:45.252+0000] {processor.py:840} INFO - DAG(s) 'example_branch_labels' retrieved from /home/airflow/.local/lib/python3.12/site-packages/airflow/example_dags/example_branch_labels.py
[2024-06-03T10:00:45.347+0000] {logging_mixin.py:188} INFO - [2024-06-03T10:00:45.347+0000] {dag.py:3096} INFO - Sync 1 DAGs
[2024-06-03T10:00:45.416+0000] {logging_mixin.py:188} INFO - [2024-06-03T10:00:45.416+0000] {dag.py:3954} INFO - Setting next_dagrun for example_branch_labels to 2024-06-02 00:00:00+00:00, run_after=2024-06-03 00:00:00+00:00
[2024-06-03T10:00:45.461+0000] {processor.py:183} INFO - Processing /home/airflow/.local/lib/python3.12/site-packages/airflow/example_dags/example_branch_labels.py took 0.271 seconds
[2024-06-03T10:01:38.541+0000] {processor.py:161} INFO - Started process (PID=1354) to work on /home/airflow/.local/lib/python3.12/site-packages/airflow/example_dags/example_branch_labels.py
[2024-06-03T10:01:38.820+0000] {processor.py:830} INFO - Processing file /home/airflow/.local/lib/python3.12/site-packages/airflow/example_dags/example_branch_labels.py for tasks to queue
[2024-06-03T10:01:39.040+0000] {logging_mixin.py:188} INFO - [2024-06-03T10:01:38.962+0000] {dagbag.py:545} INFO - Filling up the DagBag from /home/airflow/.local/lib/python3.12/site-packages/airflow/example_dags/example_branch_labels.py
[2024-06-03T10:01:39.542+0000] {processor.py:840} INFO - DAG(s) 'example_branch_labels' retrieved from /home/airflow/.local/lib/python3.12/site-packages/airflow/example_dags/example_branch_labels.py
[2024-06-03T10:01:40.453+0000] {logging_mixin.py:188} INFO - [2024-06-03T10:01:40.453+0000] {dag.py:3096} INFO - Sync 1 DAGs
[2024-06-03T10:01:41.504+0000] {logging_mixin.py:188} INFO - [2024-06-03T10:01:41.503+0000] {dag.py:3954} INFO - Setting next_dagrun for example_branch_labels to 2024-06-02 00:00:00+00:00, run_after=2024-06-03 00:00:00+00:00
[2024-06-03T10:01:42.950+0000] {processor.py:183} INFO - Processing /home/airflow/.local/lib/python3.12/site-packages/airflow/example_dags/example_branch_labels.py took 4.974 seconds
[2024-06-03T10:02:57.273+0000] {processor.py:161} INFO - Started process (PID=1520) to work on /home/airflow/.local/lib/python3.12/site-packages/airflow/example_dags/example_branch_labels.py
[2024-06-03T10:02:57.332+0000] {processor.py:830} INFO - Processing file /home/airflow/.local/lib/python3.12/site-packages/airflow/example_dags/example_branch_labels.py for tasks to queue
[2024-06-03T10:02:57.477+0000] {logging_mixin.py:188} INFO - [2024-06-03T10:02:57.477+0000] {dagbag.py:545} INFO - Filling up the DagBag from /home/airflow/.local/lib/python3.12/site-packages/airflow/example_dags/example_branch_labels.py
[2024-06-03T10:02:57.938+0000] {processor.py:840} INFO - DAG(s) 'example_branch_labels' retrieved from /home/airflow/.local/lib/python3.12/site-packages/airflow/example_dags/example_branch_labels.py
[2024-06-03T10:02:59.582+0000] {logging_mixin.py:188} INFO - [2024-06-03T10:02:59.564+0000] {dag.py:3096} INFO - Sync 1 DAGs
[2024-06-03T10:03:00.362+0000] {logging_mixin.py:188} INFO - [2024-06-03T10:03:00.325+0000] {dag.py:3954} INFO - Setting next_dagrun for example_branch_labels to 2024-06-02 00:00:00+00:00, run_after=2024-06-03 00:00:00+00:00
[2024-06-03T10:03:01.248+0000] {processor.py:183} INFO - Processing /home/airflow/.local/lib/python3.12/site-packages/airflow/example_dags/example_branch_labels.py took 4.094 seconds
[2024-06-03T10:04:16.928+0000] {processor.py:161} INFO - Started process (PID=1680) to work on /home/airflow/.local/lib/python3.12/site-packages/airflow/example_dags/example_branch_labels.py
[2024-06-03T10:04:16.948+0000] {processor.py:830} INFO - Processing file /home/airflow/.local/lib/python3.12/site-packages/airflow/example_dags/example_branch_labels.py for tasks to queue
[2024-06-03T10:04:17.009+0000] {logging_mixin.py:188} INFO - [2024-06-03T10:04:16.951+0000] {dagbag.py:545} INFO - Filling up the DagBag from /home/airflow/.local/lib/python3.12/site-packages/airflow/example_dags/example_branch_labels.py
[2024-06-03T10:04:17.330+0000] {processor.py:840} INFO - DAG(s) 'example_branch_labels' retrieved from /home/airflow/.local/lib/python3.12/site-packages/airflow/example_dags/example_branch_labels.py
[2024-06-03T10:04:18.413+0000] {logging_mixin.py:188} INFO - [2024-06-03T10:04:18.413+0000] {dag.py:3096} INFO - Sync 1 DAGs
[2024-06-03T10:04:20.177+0000] {logging_mixin.py:188} INFO - [2024-06-03T10:04:20.176+0000] {dag.py:3954} INFO - Setting next_dagrun for example_branch_labels to 2024-06-02 00:00:00+00:00, run_after=2024-06-03 00:00:00+00:00
[2024-06-03T10:04:21.581+0000] {processor.py:183} INFO - Processing /home/airflow/.local/lib/python3.12/site-packages/airflow/example_dags/example_branch_labels.py took 4.753 seconds
[2024-06-03T10:05:18.111+0000] {processor.py:161} INFO - Started process (PID=1861) to work on /home/airflow/.local/lib/python3.12/site-packages/airflow/example_dags/example_branch_labels.py
[2024-06-03T10:05:18.128+0000] {processor.py:830} INFO - Processing file /home/airflow/.local/lib/python3.12/site-packages/airflow/example_dags/example_branch_labels.py for tasks to queue
[2024-06-03T10:05:18.140+0000] {logging_mixin.py:188} INFO - [2024-06-03T10:05:18.140+0000] {dagbag.py:545} INFO - Filling up the DagBag from /home/airflow/.local/lib/python3.12/site-packages/airflow/example_dags/example_branch_labels.py
[2024-06-03T10:05:18.251+0000] {processor.py:840} INFO - DAG(s) 'example_branch_labels' retrieved from /home/airflow/.local/lib/python3.12/site-packages/airflow/example_dags/example_branch_labels.py
[2024-06-03T10:05:18.343+0000] {logging_mixin.py:188} INFO - [2024-06-03T10:05:18.343+0000] {dag.py:3096} INFO - Sync 1 DAGs
[2024-06-03T10:05:18.405+0000] {logging_mixin.py:188} INFO - [2024-06-03T10:05:18.405+0000] {dag.py:3954} INFO - Setting next_dagrun for example_branch_labels to 2024-06-02 00:00:00+00:00, run_after=2024-06-03 00:00:00+00:00
[2024-06-03T10:05:18.519+0000] {processor.py:183} INFO - Processing /home/airflow/.local/lib/python3.12/site-packages/airflow/example_dags/example_branch_labels.py took 0.476 seconds
[2024-06-03T10:05:49.069+0000] {processor.py:161} INFO - Started process (PID=2113) to work on /home/airflow/.local/lib/python3.12/site-packages/airflow/example_dags/example_branch_labels.py
[2024-06-03T10:05:49.070+0000] {processor.py:830} INFO - Processing file /home/airflow/.local/lib/python3.12/site-packages/airflow/example_dags/example_branch_labels.py for tasks to queue
[2024-06-03T10:05:49.072+0000] {logging_mixin.py:188} INFO - [2024-06-03T10:05:49.072+0000] {dagbag.py:545} INFO - Filling up the DagBag from /home/airflow/.local/lib/python3.12/site-packages/airflow/example_dags/example_branch_labels.py
[2024-06-03T10:05:49.092+0000] {processor.py:840} INFO - DAG(s) 'example_branch_labels' retrieved from /home/airflow/.local/lib/python3.12/site-packages/airflow/example_dags/example_branch_labels.py
[2024-06-03T10:05:49.133+0000] {logging_mixin.py:188} INFO - [2024-06-03T10:05:49.132+0000] {dag.py:3096} INFO - Sync 1 DAGs
[2024-06-03T10:05:49.188+0000] {logging_mixin.py:188} INFO - [2024-06-03T10:05:49.187+0000] {dag.py:3954} INFO - Setting next_dagrun for example_branch_labels to 2024-06-02 00:00:00+00:00, run_after=2024-06-03 00:00:00+00:00
[2024-06-03T10:05:49.225+0000] {processor.py:183} INFO - Processing /home/airflow/.local/lib/python3.12/site-packages/airflow/example_dags/example_branch_labels.py took 0.165 seconds
[2024-06-03T10:22:26.653+0000] {processor.py:161} INFO - Started process (PID=178) to work on /home/airflow/.local/lib/python3.12/site-packages/airflow/example_dags/example_branch_labels.py
[2024-06-03T10:22:26.654+0000] {processor.py:830} INFO - Processing file /home/airflow/.local/lib/python3.12/site-packages/airflow/example_dags/example_branch_labels.py for tasks to queue
[2024-06-03T10:22:26.656+0000] {logging_mixin.py:188} INFO - [2024-06-03T10:22:26.656+0000] {dagbag.py:545} INFO - Filling up the DagBag from /home/airflow/.local/lib/python3.12/site-packages/airflow/example_dags/example_branch_labels.py
[2024-06-03T10:22:26.674+0000] {processor.py:840} INFO - DAG(s) 'example_branch_labels' retrieved from /home/airflow/.local/lib/python3.12/site-packages/airflow/example_dags/example_branch_labels.py
[2024-06-03T10:22:26.879+0000] {logging_mixin.py:188} INFO - [2024-06-03T10:22:26.878+0000] {dag.py:3096} INFO - Sync 1 DAGs
[2024-06-03T10:22:26.918+0000] {logging_mixin.py:188} INFO - [2024-06-03T10:22:26.917+0000] {dag.py:3954} INFO - Setting next_dagrun for example_branch_labels to 2024-06-02 00:00:00+00:00, run_after=2024-06-03 00:00:00+00:00
[2024-06-03T10:22:26.951+0000] {processor.py:183} INFO - Processing /home/airflow/.local/lib/python3.12/site-packages/airflow/example_dags/example_branch_labels.py took 0.308 seconds
[2024-06-03T10:22:57.544+0000] {processor.py:161} INFO - Started process (PID=436) to work on /home/airflow/.local/lib/python3.12/site-packages/airflow/example_dags/example_branch_labels.py
[2024-06-03T10:22:57.545+0000] {processor.py:830} INFO - Processing file /home/airflow/.local/lib/python3.12/site-packages/airflow/example_dags/example_branch_labels.py for tasks to queue
[2024-06-03T10:22:57.547+0000] {logging_mixin.py:188} INFO - [2024-06-03T10:22:57.546+0000] {dagbag.py:545} INFO - Filling up the DagBag from /home/airflow/.local/lib/python3.12/site-packages/airflow/example_dags/example_branch_labels.py
[2024-06-03T10:22:57.556+0000] {processor.py:840} INFO - DAG(s) 'example_branch_labels' retrieved from /home/airflow/.local/lib/python3.12/site-packages/airflow/example_dags/example_branch_labels.py
[2024-06-03T10:22:57.584+0000] {logging_mixin.py:188} INFO - [2024-06-03T10:22:57.583+0000] {dag.py:3096} INFO - Sync 1 DAGs
[2024-06-03T10:22:57.615+0000] {logging_mixin.py:188} INFO - [2024-06-03T10:22:57.615+0000] {dag.py:3954} INFO - Setting next_dagrun for example_branch_labels to 2024-06-02 00:00:00+00:00, run_after=2024-06-03 00:00:00+00:00
[2024-06-03T10:22:57.638+0000] {processor.py:183} INFO - Processing /home/airflow/.local/lib/python3.12/site-packages/airflow/example_dags/example_branch_labels.py took 0.100 seconds
[2024-06-03T10:23:28.143+0000] {processor.py:161} INFO - Started process (PID=692) to work on /home/airflow/.local/lib/python3.12/site-packages/airflow/example_dags/example_branch_labels.py
[2024-06-03T10:23:28.144+0000] {processor.py:830} INFO - Processing file /home/airflow/.local/lib/python3.12/site-packages/airflow/example_dags/example_branch_labels.py for tasks to queue
[2024-06-03T10:23:28.146+0000] {logging_mixin.py:188} INFO - [2024-06-03T10:23:28.145+0000] {dagbag.py:545} INFO - Filling up the DagBag from /home/airflow/.local/lib/python3.12/site-packages/airflow/example_dags/example_branch_labels.py
[2024-06-03T10:23:28.155+0000] {processor.py:840} INFO - DAG(s) 'example_branch_labels' retrieved from /home/airflow/.local/lib/python3.12/site-packages/airflow/example_dags/example_branch_labels.py
[2024-06-03T10:23:28.184+0000] {logging_mixin.py:188} INFO - [2024-06-03T10:23:28.184+0000] {dag.py:3096} INFO - Sync 1 DAGs
[2024-06-03T10:23:28.224+0000] {logging_mixin.py:188} INFO - [2024-06-03T10:23:28.224+0000] {dag.py:3954} INFO - Setting next_dagrun for example_branch_labels to 2024-06-02 00:00:00+00:00, run_after=2024-06-03 00:00:00+00:00
[2024-06-03T10:23:28.255+0000] {processor.py:183} INFO - Processing /home/airflow/.local/lib/python3.12/site-packages/airflow/example_dags/example_branch_labels.py took 0.120 seconds
[2024-06-03T10:23:58.365+0000] {processor.py:161} INFO - Started process (PID=948) to work on /home/airflow/.local/lib/python3.12/site-packages/airflow/example_dags/example_branch_labels.py
[2024-06-03T10:23:58.365+0000] {processor.py:830} INFO - Processing file /home/airflow/.local/lib/python3.12/site-packages/airflow/example_dags/example_branch_labels.py for tasks to queue
[2024-06-03T10:23:58.367+0000] {logging_mixin.py:188} INFO - [2024-06-03T10:23:58.367+0000] {dagbag.py:545} INFO - Filling up the DagBag from /home/airflow/.local/lib/python3.12/site-packages/airflow/example_dags/example_branch_labels.py
[2024-06-03T10:23:58.376+0000] {processor.py:840} INFO - DAG(s) 'example_branch_labels' retrieved from /home/airflow/.local/lib/python3.12/site-packages/airflow/example_dags/example_branch_labels.py
[2024-06-03T10:23:58.405+0000] {logging_mixin.py:188} INFO - [2024-06-03T10:23:58.405+0000] {dag.py:3096} INFO - Sync 1 DAGs
[2024-06-03T10:23:58.439+0000] {logging_mixin.py:188} INFO - [2024-06-03T10:23:58.439+0000] {dag.py:3954} INFO - Setting next_dagrun for example_branch_labels to 2024-06-02 00:00:00+00:00, run_after=2024-06-03 00:00:00+00:00
[2024-06-03T10:23:58.462+0000] {processor.py:183} INFO - Processing /home/airflow/.local/lib/python3.12/site-packages/airflow/example_dags/example_branch_labels.py took 0.104 seconds
[2024-06-03T10:24:28.976+0000] {processor.py:161} INFO - Started process (PID=1204) to work on /home/airflow/.local/lib/python3.12/site-packages/airflow/example_dags/example_branch_labels.py
[2024-06-03T10:24:28.977+0000] {processor.py:830} INFO - Processing file /home/airflow/.local/lib/python3.12/site-packages/airflow/example_dags/example_branch_labels.py for tasks to queue
[2024-06-03T10:24:28.979+0000] {logging_mixin.py:188} INFO - [2024-06-03T10:24:28.979+0000] {dagbag.py:545} INFO - Filling up the DagBag from /home/airflow/.local/lib/python3.12/site-packages/airflow/example_dags/example_branch_labels.py
[2024-06-03T10:24:28.988+0000] {processor.py:840} INFO - DAG(s) 'example_branch_labels' retrieved from /home/airflow/.local/lib/python3.12/site-packages/airflow/example_dags/example_branch_labels.py
[2024-06-03T10:24:29.015+0000] {logging_mixin.py:188} INFO - [2024-06-03T10:24:29.014+0000] {dag.py:3096} INFO - Sync 1 DAGs
[2024-06-03T10:24:29.046+0000] {logging_mixin.py:188} INFO - [2024-06-03T10:24:29.046+0000] {dag.py:3954} INFO - Setting next_dagrun for example_branch_labels to 2024-06-02 00:00:00+00:00, run_after=2024-06-03 00:00:00+00:00
[2024-06-03T10:24:29.068+0000] {processor.py:183} INFO - Processing /home/airflow/.local/lib/python3.12/site-packages/airflow/example_dags/example_branch_labels.py took 0.098 seconds
[2024-06-03T10:24:59.636+0000] {processor.py:161} INFO - Started process (PID=1460) to work on /home/airflow/.local/lib/python3.12/site-packages/airflow/example_dags/example_branch_labels.py
[2024-06-03T10:24:59.637+0000] {processor.py:830} INFO - Processing file /home/airflow/.local/lib/python3.12/site-packages/airflow/example_dags/example_branch_labels.py for tasks to queue
[2024-06-03T10:24:59.639+0000] {logging_mixin.py:188} INFO - [2024-06-03T10:24:59.639+0000] {dagbag.py:545} INFO - Filling up the DagBag from /home/airflow/.local/lib/python3.12/site-packages/airflow/example_dags/example_branch_labels.py
[2024-06-03T10:24:59.650+0000] {processor.py:840} INFO - DAG(s) 'example_branch_labels' retrieved from /home/airflow/.local/lib/python3.12/site-packages/airflow/example_dags/example_branch_labels.py
[2024-06-03T10:24:59.677+0000] {logging_mixin.py:188} INFO - [2024-06-03T10:24:59.676+0000] {dag.py:3096} INFO - Sync 1 DAGs
[2024-06-03T10:24:59.707+0000] {logging_mixin.py:188} INFO - [2024-06-03T10:24:59.707+0000] {dag.py:3954} INFO - Setting next_dagrun for example_branch_labels to 2024-06-02 00:00:00+00:00, run_after=2024-06-03 00:00:00+00:00
[2024-06-03T10:24:59.730+0000] {processor.py:183} INFO - Processing /home/airflow/.local/lib/python3.12/site-packages/airflow/example_dags/example_branch_labels.py took 0.101 seconds
[2024-06-03T10:25:29.904+0000] {processor.py:161} INFO - Started process (PID=1716) to work on /home/airflow/.local/lib/python3.12/site-packages/airflow/example_dags/example_branch_labels.py
[2024-06-03T10:25:29.905+0000] {processor.py:830} INFO - Processing file /home/airflow/.local/lib/python3.12/site-packages/airflow/example_dags/example_branch_labels.py for tasks to queue
[2024-06-03T10:25:29.906+0000] {logging_mixin.py:188} INFO - [2024-06-03T10:25:29.906+0000] {dagbag.py:545} INFO - Filling up the DagBag from /home/airflow/.local/lib/python3.12/site-packages/airflow/example_dags/example_branch_labels.py
[2024-06-03T10:25:29.915+0000] {processor.py:840} INFO - DAG(s) 'example_branch_labels' retrieved from /home/airflow/.local/lib/python3.12/site-packages/airflow/example_dags/example_branch_labels.py
[2024-06-03T10:25:29.942+0000] {logging_mixin.py:188} INFO - [2024-06-03T10:25:29.941+0000] {dag.py:3096} INFO - Sync 1 DAGs
[2024-06-03T10:25:29.973+0000] {logging_mixin.py:188} INFO - [2024-06-03T10:25:29.972+0000] {dag.py:3954} INFO - Setting next_dagrun for example_branch_labels to 2024-06-02 00:00:00+00:00, run_after=2024-06-03 00:00:00+00:00
[2024-06-03T10:25:29.994+0000] {processor.py:183} INFO - Processing /home/airflow/.local/lib/python3.12/site-packages/airflow/example_dags/example_branch_labels.py took 0.096 seconds
[2024-06-03T10:26:00.272+0000] {processor.py:161} INFO - Started process (PID=1972) to work on /home/airflow/.local/lib/python3.12/site-packages/airflow/example_dags/example_branch_labels.py
[2024-06-03T10:26:00.273+0000] {processor.py:830} INFO - Processing file /home/airflow/.local/lib/python3.12/site-packages/airflow/example_dags/example_branch_labels.py for tasks to queue
[2024-06-03T10:26:00.275+0000] {logging_mixin.py:188} INFO - [2024-06-03T10:26:00.275+0000] {dagbag.py:545} INFO - Filling up the DagBag from /home/airflow/.local/lib/python3.12/site-packages/airflow/example_dags/example_branch_labels.py
[2024-06-03T10:26:00.284+0000] {processor.py:840} INFO - DAG(s) 'example_branch_labels' retrieved from /home/airflow/.local/lib/python3.12/site-packages/airflow/example_dags/example_branch_labels.py
[2024-06-03T10:26:00.310+0000] {logging_mixin.py:188} INFO - [2024-06-03T10:26:00.310+0000] {dag.py:3096} INFO - Sync 1 DAGs
[2024-06-03T10:26:00.341+0000] {logging_mixin.py:188} INFO - [2024-06-03T10:26:00.341+0000] {dag.py:3954} INFO - Setting next_dagrun for example_branch_labels to 2024-06-02 00:00:00+00:00, run_after=2024-06-03 00:00:00+00:00
[2024-06-03T10:26:00.362+0000] {processor.py:183} INFO - Processing /home/airflow/.local/lib/python3.12/site-packages/airflow/example_dags/example_branch_labels.py took 0.096 seconds
[2024-06-03T10:26:30.948+0000] {processor.py:161} INFO - Started process (PID=2228) to work on /home/airflow/.local/lib/python3.12/site-packages/airflow/example_dags/example_branch_labels.py
[2024-06-03T10:26:30.949+0000] {processor.py:830} INFO - Processing file /home/airflow/.local/lib/python3.12/site-packages/airflow/example_dags/example_branch_labels.py for tasks to queue
[2024-06-03T10:26:30.950+0000] {logging_mixin.py:188} INFO - [2024-06-03T10:26:30.950+0000] {dagbag.py:545} INFO - Filling up the DagBag from /home/airflow/.local/lib/python3.12/site-packages/airflow/example_dags/example_branch_labels.py
[2024-06-03T10:26:30.960+0000] {processor.py:840} INFO - DAG(s) 'example_branch_labels' retrieved from /home/airflow/.local/lib/python3.12/site-packages/airflow/example_dags/example_branch_labels.py
[2024-06-03T10:26:30.986+0000] {logging_mixin.py:188} INFO - [2024-06-03T10:26:30.985+0000] {dag.py:3096} INFO - Sync 1 DAGs
[2024-06-03T10:26:31.017+0000] {logging_mixin.py:188} INFO - [2024-06-03T10:26:31.016+0000] {dag.py:3954} INFO - Setting next_dagrun for example_branch_labels to 2024-06-02 00:00:00+00:00, run_after=2024-06-03 00:00:00+00:00
[2024-06-03T10:26:31.040+0000] {processor.py:183} INFO - Processing /home/airflow/.local/lib/python3.12/site-packages/airflow/example_dags/example_branch_labels.py took 0.098 seconds
[2024-06-03T10:27:01.173+0000] {processor.py:161} INFO - Started process (PID=2484) to work on /home/airflow/.local/lib/python3.12/site-packages/airflow/example_dags/example_branch_labels.py
[2024-06-03T10:27:01.174+0000] {processor.py:830} INFO - Processing file /home/airflow/.local/lib/python3.12/site-packages/airflow/example_dags/example_branch_labels.py for tasks to queue
[2024-06-03T10:27:01.175+0000] {logging_mixin.py:188} INFO - [2024-06-03T10:27:01.175+0000] {dagbag.py:545} INFO - Filling up the DagBag from /home/airflow/.local/lib/python3.12/site-packages/airflow/example_dags/example_branch_labels.py
[2024-06-03T10:27:01.185+0000] {processor.py:840} INFO - DAG(s) 'example_branch_labels' retrieved from /home/airflow/.local/lib/python3.12/site-packages/airflow/example_dags/example_branch_labels.py
[2024-06-03T10:27:01.210+0000] {logging_mixin.py:188} INFO - [2024-06-03T10:27:01.210+0000] {dag.py:3096} INFO - Sync 1 DAGs
[2024-06-03T10:27:01.242+0000] {logging_mixin.py:188} INFO - [2024-06-03T10:27:01.241+0000] {dag.py:3954} INFO - Setting next_dagrun for example_branch_labels to 2024-06-02 00:00:00+00:00, run_after=2024-06-03 00:00:00+00:00
[2024-06-03T10:27:01.265+0000] {processor.py:183} INFO - Processing /home/airflow/.local/lib/python3.12/site-packages/airflow/example_dags/example_branch_labels.py took 0.098 seconds
[2024-06-03T10:27:31.661+0000] {processor.py:161} INFO - Started process (PID=2740) to work on /home/airflow/.local/lib/python3.12/site-packages/airflow/example_dags/example_branch_labels.py
[2024-06-03T10:27:31.663+0000] {processor.py:830} INFO - Processing file /home/airflow/.local/lib/python3.12/site-packages/airflow/example_dags/example_branch_labels.py for tasks to queue
[2024-06-03T10:27:31.664+0000] {logging_mixin.py:188} INFO - [2024-06-03T10:27:31.664+0000] {dagbag.py:545} INFO - Filling up the DagBag from /home/airflow/.local/lib/python3.12/site-packages/airflow/example_dags/example_branch_labels.py
[2024-06-03T10:27:31.673+0000] {processor.py:840} INFO - DAG(s) 'example_branch_labels' retrieved from /home/airflow/.local/lib/python3.12/site-packages/airflow/example_dags/example_branch_labels.py
[2024-06-03T10:27:31.700+0000] {logging_mixin.py:188} INFO - [2024-06-03T10:27:31.699+0000] {dag.py:3096} INFO - Sync 1 DAGs
[2024-06-03T10:27:31.731+0000] {logging_mixin.py:188} INFO - [2024-06-03T10:27:31.731+0000] {dag.py:3954} INFO - Setting next_dagrun for example_branch_labels to 2024-06-02 00:00:00+00:00, run_after=2024-06-03 00:00:00+00:00
[2024-06-03T10:27:31.752+0000] {processor.py:183} INFO - Processing /home/airflow/.local/lib/python3.12/site-packages/airflow/example_dags/example_branch_labels.py took 0.098 seconds
[2024-06-03T10:28:01.909+0000] {processor.py:161} INFO - Started process (PID=2996) to work on /home/airflow/.local/lib/python3.12/site-packages/airflow/example_dags/example_branch_labels.py
[2024-06-03T10:28:01.910+0000] {processor.py:830} INFO - Processing file /home/airflow/.local/lib/python3.12/site-packages/airflow/example_dags/example_branch_labels.py for tasks to queue
[2024-06-03T10:28:01.912+0000] {logging_mixin.py:188} INFO - [2024-06-03T10:28:01.912+0000] {dagbag.py:545} INFO - Filling up the DagBag from /home/airflow/.local/lib/python3.12/site-packages/airflow/example_dags/example_branch_labels.py
[2024-06-03T10:28:01.921+0000] {processor.py:840} INFO - DAG(s) 'example_branch_labels' retrieved from /home/airflow/.local/lib/python3.12/site-packages/airflow/example_dags/example_branch_labels.py
[2024-06-03T10:28:01.949+0000] {logging_mixin.py:188} INFO - [2024-06-03T10:28:01.948+0000] {dag.py:3096} INFO - Sync 1 DAGs
[2024-06-03T10:28:01.983+0000] {logging_mixin.py:188} INFO - [2024-06-03T10:28:01.982+0000] {dag.py:3954} INFO - Setting next_dagrun for example_branch_labels to 2024-06-02 00:00:00+00:00, run_after=2024-06-03 00:00:00+00:00
[2024-06-03T10:28:02.006+0000] {processor.py:183} INFO - Processing /home/airflow/.local/lib/python3.12/site-packages/airflow/example_dags/example_branch_labels.py took 0.104 seconds
[2024-06-03T10:28:32.171+0000] {processor.py:161} INFO - Started process (PID=3252) to work on /home/airflow/.local/lib/python3.12/site-packages/airflow/example_dags/example_branch_labels.py
[2024-06-03T10:28:32.172+0000] {processor.py:830} INFO - Processing file /home/airflow/.local/lib/python3.12/site-packages/airflow/example_dags/example_branch_labels.py for tasks to queue
[2024-06-03T10:28:32.173+0000] {logging_mixin.py:188} INFO - [2024-06-03T10:28:32.173+0000] {dagbag.py:545} INFO - Filling up the DagBag from /home/airflow/.local/lib/python3.12/site-packages/airflow/example_dags/example_branch_labels.py
[2024-06-03T10:28:32.182+0000] {processor.py:840} INFO - DAG(s) 'example_branch_labels' retrieved from /home/airflow/.local/lib/python3.12/site-packages/airflow/example_dags/example_branch_labels.py
[2024-06-03T10:28:32.208+0000] {logging_mixin.py:188} INFO - [2024-06-03T10:28:32.208+0000] {dag.py:3096} INFO - Sync 1 DAGs
[2024-06-03T10:28:32.240+0000] {logging_mixin.py:188} INFO - [2024-06-03T10:28:32.240+0000] {dag.py:3954} INFO - Setting next_dagrun for example_branch_labels to 2024-06-02 00:00:00+00:00, run_after=2024-06-03 00:00:00+00:00
[2024-06-03T10:28:32.263+0000] {processor.py:183} INFO - Processing /home/airflow/.local/lib/python3.12/site-packages/airflow/example_dags/example_branch_labels.py took 0.099 seconds
[2024-06-03T10:29:02.388+0000] {processor.py:161} INFO - Started process (PID=3508) to work on /home/airflow/.local/lib/python3.12/site-packages/airflow/example_dags/example_branch_labels.py
[2024-06-03T10:29:02.388+0000] {processor.py:830} INFO - Processing file /home/airflow/.local/lib/python3.12/site-packages/airflow/example_dags/example_branch_labels.py for tasks to queue
[2024-06-03T10:29:02.390+0000] {logging_mixin.py:188} INFO - [2024-06-03T10:29:02.390+0000] {dagbag.py:545} INFO - Filling up the DagBag from /home/airflow/.local/lib/python3.12/site-packages/airflow/example_dags/example_branch_labels.py
[2024-06-03T10:29:02.399+0000] {processor.py:840} INFO - DAG(s) 'example_branch_labels' retrieved from /home/airflow/.local/lib/python3.12/site-packages/airflow/example_dags/example_branch_labels.py
[2024-06-03T10:29:02.427+0000] {logging_mixin.py:188} INFO - [2024-06-03T10:29:02.426+0000] {dag.py:3096} INFO - Sync 1 DAGs
[2024-06-03T10:29:02.460+0000] {logging_mixin.py:188} INFO - [2024-06-03T10:29:02.460+0000] {dag.py:3954} INFO - Setting next_dagrun for example_branch_labels to 2024-06-02 00:00:00+00:00, run_after=2024-06-03 00:00:00+00:00
[2024-06-03T10:29:02.484+0000] {processor.py:183} INFO - Processing /home/airflow/.local/lib/python3.12/site-packages/airflow/example_dags/example_branch_labels.py took 0.103 seconds
[2024-06-03T10:29:32.710+0000] {processor.py:161} INFO - Started process (PID=3764) to work on /home/airflow/.local/lib/python3.12/site-packages/airflow/example_dags/example_branch_labels.py
[2024-06-03T10:29:32.711+0000] {processor.py:830} INFO - Processing file /home/airflow/.local/lib/python3.12/site-packages/airflow/example_dags/example_branch_labels.py for tasks to queue
[2024-06-03T10:29:32.712+0000] {logging_mixin.py:188} INFO - [2024-06-03T10:29:32.712+0000] {dagbag.py:545} INFO - Filling up the DagBag from /home/airflow/.local/lib/python3.12/site-packages/airflow/example_dags/example_branch_labels.py
[2024-06-03T10:29:32.721+0000] {processor.py:840} INFO - DAG(s) 'example_branch_labels' retrieved from /home/airflow/.local/lib/python3.12/site-packages/airflow/example_dags/example_branch_labels.py
[2024-06-03T10:29:32.747+0000] {logging_mixin.py:188} INFO - [2024-06-03T10:29:32.746+0000] {dag.py:3096} INFO - Sync 1 DAGs
[2024-06-03T10:29:32.778+0000] {logging_mixin.py:188} INFO - [2024-06-03T10:29:32.778+0000] {dag.py:3954} INFO - Setting next_dagrun for example_branch_labels to 2024-06-02 00:00:00+00:00, run_after=2024-06-03 00:00:00+00:00
[2024-06-03T10:29:32.799+0000] {processor.py:183} INFO - Processing /home/airflow/.local/lib/python3.12/site-packages/airflow/example_dags/example_branch_labels.py took 0.096 seconds
[2024-06-03T10:30:03.034+0000] {processor.py:161} INFO - Started process (PID=4020) to work on /home/airflow/.local/lib/python3.12/site-packages/airflow/example_dags/example_branch_labels.py
[2024-06-03T10:30:03.035+0000] {processor.py:830} INFO - Processing file /home/airflow/.local/lib/python3.12/site-packages/airflow/example_dags/example_branch_labels.py for tasks to queue
[2024-06-03T10:30:03.037+0000] {logging_mixin.py:188} INFO - [2024-06-03T10:30:03.036+0000] {dagbag.py:545} INFO - Filling up the DagBag from /home/airflow/.local/lib/python3.12/site-packages/airflow/example_dags/example_branch_labels.py
[2024-06-03T10:30:03.046+0000] {processor.py:840} INFO - DAG(s) 'example_branch_labels' retrieved from /home/airflow/.local/lib/python3.12/site-packages/airflow/example_dags/example_branch_labels.py
[2024-06-03T10:30:03.077+0000] {logging_mixin.py:188} INFO - [2024-06-03T10:30:03.077+0000] {dag.py:3096} INFO - Sync 1 DAGs
[2024-06-03T10:30:03.110+0000] {logging_mixin.py:188} INFO - [2024-06-03T10:30:03.109+0000] {dag.py:3954} INFO - Setting next_dagrun for example_branch_labels to 2024-06-02 00:00:00+00:00, run_after=2024-06-03 00:00:00+00:00
[2024-06-03T10:30:03.133+0000] {processor.py:183} INFO - Processing /home/airflow/.local/lib/python3.12/site-packages/airflow/example_dags/example_branch_labels.py took 0.105 seconds
[2024-06-03T10:30:33.348+0000] {processor.py:161} INFO - Started process (PID=4276) to work on /home/airflow/.local/lib/python3.12/site-packages/airflow/example_dags/example_branch_labels.py
[2024-06-03T10:30:33.349+0000] {processor.py:830} INFO - Processing file /home/airflow/.local/lib/python3.12/site-packages/airflow/example_dags/example_branch_labels.py for tasks to queue
[2024-06-03T10:30:33.351+0000] {logging_mixin.py:188} INFO - [2024-06-03T10:30:33.350+0000] {dagbag.py:545} INFO - Filling up the DagBag from /home/airflow/.local/lib/python3.12/site-packages/airflow/example_dags/example_branch_labels.py
[2024-06-03T10:30:33.360+0000] {processor.py:840} INFO - DAG(s) 'example_branch_labels' retrieved from /home/airflow/.local/lib/python3.12/site-packages/airflow/example_dags/example_branch_labels.py
[2024-06-03T10:30:33.388+0000] {logging_mixin.py:188} INFO - [2024-06-03T10:30:33.388+0000] {dag.py:3096} INFO - Sync 1 DAGs
[2024-06-03T10:30:33.422+0000] {logging_mixin.py:188} INFO - [2024-06-03T10:30:33.422+0000] {dag.py:3954} INFO - Setting next_dagrun for example_branch_labels to 2024-06-02 00:00:00+00:00, run_after=2024-06-03 00:00:00+00:00
[2024-06-03T10:30:33.446+0000] {processor.py:183} INFO - Processing /home/airflow/.local/lib/python3.12/site-packages/airflow/example_dags/example_branch_labels.py took 0.105 seconds
[2024-06-03T10:31:03.521+0000] {processor.py:161} INFO - Started process (PID=4532) to work on /home/airflow/.local/lib/python3.12/site-packages/airflow/example_dags/example_branch_labels.py
[2024-06-03T10:31:03.521+0000] {processor.py:830} INFO - Processing file /home/airflow/.local/lib/python3.12/site-packages/airflow/example_dags/example_branch_labels.py for tasks to queue
[2024-06-03T10:31:03.523+0000] {logging_mixin.py:188} INFO - [2024-06-03T10:31:03.523+0000] {dagbag.py:545} INFO - Filling up the DagBag from /home/airflow/.local/lib/python3.12/site-packages/airflow/example_dags/example_branch_labels.py
[2024-06-03T10:31:03.532+0000] {processor.py:840} INFO - DAG(s) 'example_branch_labels' retrieved from /home/airflow/.local/lib/python3.12/site-packages/airflow/example_dags/example_branch_labels.py
[2024-06-03T10:31:03.558+0000] {logging_mixin.py:188} INFO - [2024-06-03T10:31:03.558+0000] {dag.py:3096} INFO - Sync 1 DAGs
[2024-06-03T10:31:03.589+0000] {logging_mixin.py:188} INFO - [2024-06-03T10:31:03.589+0000] {dag.py:3954} INFO - Setting next_dagrun for example_branch_labels to 2024-06-02 00:00:00+00:00, run_after=2024-06-03 00:00:00+00:00
[2024-06-03T10:31:03.610+0000] {processor.py:183} INFO - Processing /home/airflow/.local/lib/python3.12/site-packages/airflow/example_dags/example_branch_labels.py took 0.096 seconds
[2024-06-03T10:31:33.987+0000] {processor.py:161} INFO - Started process (PID=4788) to work on /home/airflow/.local/lib/python3.12/site-packages/airflow/example_dags/example_branch_labels.py
[2024-06-03T10:31:33.988+0000] {processor.py:830} INFO - Processing file /home/airflow/.local/lib/python3.12/site-packages/airflow/example_dags/example_branch_labels.py for tasks to queue
[2024-06-03T10:31:33.990+0000] {logging_mixin.py:188} INFO - [2024-06-03T10:31:33.989+0000] {dagbag.py:545} INFO - Filling up the DagBag from /home/airflow/.local/lib/python3.12/site-packages/airflow/example_dags/example_branch_labels.py
[2024-06-03T10:31:33.999+0000] {processor.py:840} INFO - DAG(s) 'example_branch_labels' retrieved from /home/airflow/.local/lib/python3.12/site-packages/airflow/example_dags/example_branch_labels.py
[2024-06-03T10:31:34.025+0000] {logging_mixin.py:188} INFO - [2024-06-03T10:31:34.024+0000] {dag.py:3096} INFO - Sync 1 DAGs
[2024-06-03T10:31:34.056+0000] {logging_mixin.py:188} INFO - [2024-06-03T10:31:34.056+0000] {dag.py:3954} INFO - Setting next_dagrun for example_branch_labels to 2024-06-02 00:00:00+00:00, run_after=2024-06-03 00:00:00+00:00
[2024-06-03T10:31:34.077+0000] {processor.py:183} INFO - Processing /home/airflow/.local/lib/python3.12/site-packages/airflow/example_dags/example_branch_labels.py took 0.097 seconds
[2024-06-03T10:32:04.203+0000] {processor.py:161} INFO - Started process (PID=5044) to work on /home/airflow/.local/lib/python3.12/site-packages/airflow/example_dags/example_branch_labels.py
[2024-06-03T10:32:04.203+0000] {processor.py:830} INFO - Processing file /home/airflow/.local/lib/python3.12/site-packages/airflow/example_dags/example_branch_labels.py for tasks to queue
[2024-06-03T10:32:04.205+0000] {logging_mixin.py:188} INFO - [2024-06-03T10:32:04.205+0000] {dagbag.py:545} INFO - Filling up the DagBag from /home/airflow/.local/lib/python3.12/site-packages/airflow/example_dags/example_branch_labels.py
[2024-06-03T10:32:04.216+0000] {processor.py:840} INFO - DAG(s) 'example_branch_labels' retrieved from /home/airflow/.local/lib/python3.12/site-packages/airflow/example_dags/example_branch_labels.py
[2024-06-03T10:32:04.242+0000] {logging_mixin.py:188} INFO - [2024-06-03T10:32:04.242+0000] {dag.py:3096} INFO - Sync 1 DAGs
[2024-06-03T10:32:04.274+0000] {logging_mixin.py:188} INFO - [2024-06-03T10:32:04.274+0000] {dag.py:3954} INFO - Setting next_dagrun for example_branch_labels to 2024-06-02 00:00:00+00:00, run_after=2024-06-03 00:00:00+00:00
[2024-06-03T10:32:04.296+0000] {processor.py:183} INFO - Processing /home/airflow/.local/lib/python3.12/site-packages/airflow/example_dags/example_branch_labels.py took 0.101 seconds
[2024-06-03T10:32:34.547+0000] {processor.py:161} INFO - Started process (PID=5300) to work on /home/airflow/.local/lib/python3.12/site-packages/airflow/example_dags/example_branch_labels.py
[2024-06-03T10:32:34.548+0000] {processor.py:830} INFO - Processing file /home/airflow/.local/lib/python3.12/site-packages/airflow/example_dags/example_branch_labels.py for tasks to queue
[2024-06-03T10:32:34.550+0000] {logging_mixin.py:188} INFO - [2024-06-03T10:32:34.550+0000] {dagbag.py:545} INFO - Filling up the DagBag from /home/airflow/.local/lib/python3.12/site-packages/airflow/example_dags/example_branch_labels.py
[2024-06-03T10:32:34.559+0000] {processor.py:840} INFO - DAG(s) 'example_branch_labels' retrieved from /home/airflow/.local/lib/python3.12/site-packages/airflow/example_dags/example_branch_labels.py
[2024-06-03T10:32:34.591+0000] {logging_mixin.py:188} INFO - [2024-06-03T10:32:34.590+0000] {dag.py:3096} INFO - Sync 1 DAGs
[2024-06-03T10:32:34.629+0000] {logging_mixin.py:188} INFO - [2024-06-03T10:32:34.629+0000] {dag.py:3954} INFO - Setting next_dagrun for example_branch_labels to 2024-06-02 00:00:00+00:00, run_after=2024-06-03 00:00:00+00:00
[2024-06-03T10:32:34.652+0000] {processor.py:183} INFO - Processing /home/airflow/.local/lib/python3.12/site-packages/airflow/example_dags/example_branch_labels.py took 0.112 seconds
[2024-06-03T10:33:04.721+0000] {processor.py:161} INFO - Started process (PID=5556) to work on /home/airflow/.local/lib/python3.12/site-packages/airflow/example_dags/example_branch_labels.py
[2024-06-03T10:33:04.721+0000] {processor.py:830} INFO - Processing file /home/airflow/.local/lib/python3.12/site-packages/airflow/example_dags/example_branch_labels.py for tasks to queue
[2024-06-03T10:33:04.723+0000] {logging_mixin.py:188} INFO - [2024-06-03T10:33:04.723+0000] {dagbag.py:545} INFO - Filling up the DagBag from /home/airflow/.local/lib/python3.12/site-packages/airflow/example_dags/example_branch_labels.py
[2024-06-03T10:33:04.732+0000] {processor.py:840} INFO - DAG(s) 'example_branch_labels' retrieved from /home/airflow/.local/lib/python3.12/site-packages/airflow/example_dags/example_branch_labels.py
[2024-06-03T10:33:04.759+0000] {logging_mixin.py:188} INFO - [2024-06-03T10:33:04.759+0000] {dag.py:3096} INFO - Sync 1 DAGs
[2024-06-03T10:33:04.790+0000] {logging_mixin.py:188} INFO - [2024-06-03T10:33:04.790+0000] {dag.py:3954} INFO - Setting next_dagrun for example_branch_labels to 2024-06-02 00:00:00+00:00, run_after=2024-06-03 00:00:00+00:00
[2024-06-03T10:33:04.813+0000] {processor.py:183} INFO - Processing /home/airflow/.local/lib/python3.12/site-packages/airflow/example_dags/example_branch_labels.py took 0.099 seconds
[2024-06-03T10:33:35.138+0000] {processor.py:161} INFO - Started process (PID=5812) to work on /home/airflow/.local/lib/python3.12/site-packages/airflow/example_dags/example_branch_labels.py
[2024-06-03T10:33:35.140+0000] {processor.py:830} INFO - Processing file /home/airflow/.local/lib/python3.12/site-packages/airflow/example_dags/example_branch_labels.py for tasks to queue
[2024-06-03T10:33:35.141+0000] {logging_mixin.py:188} INFO - [2024-06-03T10:33:35.141+0000] {dagbag.py:545} INFO - Filling up the DagBag from /home/airflow/.local/lib/python3.12/site-packages/airflow/example_dags/example_branch_labels.py
[2024-06-03T10:33:35.151+0000] {processor.py:840} INFO - DAG(s) 'example_branch_labels' retrieved from /home/airflow/.local/lib/python3.12/site-packages/airflow/example_dags/example_branch_labels.py
[2024-06-03T10:33:35.177+0000] {logging_mixin.py:188} INFO - [2024-06-03T10:33:35.177+0000] {dag.py:3096} INFO - Sync 1 DAGs
[2024-06-03T10:33:35.209+0000] {logging_mixin.py:188} INFO - [2024-06-03T10:33:35.208+0000] {dag.py:3954} INFO - Setting next_dagrun for example_branch_labels to 2024-06-02 00:00:00+00:00, run_after=2024-06-03 00:00:00+00:00
[2024-06-03T10:33:35.235+0000] {processor.py:183} INFO - Processing /home/airflow/.local/lib/python3.12/site-packages/airflow/example_dags/example_branch_labels.py took 0.103 seconds
[2024-06-03T10:34:05.317+0000] {processor.py:161} INFO - Started process (PID=6068) to work on /home/airflow/.local/lib/python3.12/site-packages/airflow/example_dags/example_branch_labels.py
[2024-06-03T10:34:05.317+0000] {processor.py:830} INFO - Processing file /home/airflow/.local/lib/python3.12/site-packages/airflow/example_dags/example_branch_labels.py for tasks to queue
[2024-06-03T10:34:05.319+0000] {logging_mixin.py:188} INFO - [2024-06-03T10:34:05.319+0000] {dagbag.py:545} INFO - Filling up the DagBag from /home/airflow/.local/lib/python3.12/site-packages/airflow/example_dags/example_branch_labels.py
[2024-06-03T10:34:05.329+0000] {processor.py:840} INFO - DAG(s) 'example_branch_labels' retrieved from /home/airflow/.local/lib/python3.12/site-packages/airflow/example_dags/example_branch_labels.py
[2024-06-03T10:34:05.356+0000] {logging_mixin.py:188} INFO - [2024-06-03T10:34:05.356+0000] {dag.py:3096} INFO - Sync 1 DAGs
[2024-06-03T10:34:05.387+0000] {logging_mixin.py:188} INFO - [2024-06-03T10:34:05.387+0000] {dag.py:3954} INFO - Setting next_dagrun for example_branch_labels to 2024-06-02 00:00:00+00:00, run_after=2024-06-03 00:00:00+00:00
[2024-06-03T10:34:05.411+0000] {processor.py:183} INFO - Processing /home/airflow/.local/lib/python3.12/site-packages/airflow/example_dags/example_branch_labels.py took 0.101 seconds
[2024-06-03T10:34:35.687+0000] {processor.py:161} INFO - Started process (PID=6324) to work on /home/airflow/.local/lib/python3.12/site-packages/airflow/example_dags/example_branch_labels.py
[2024-06-03T10:34:35.688+0000] {processor.py:830} INFO - Processing file /home/airflow/.local/lib/python3.12/site-packages/airflow/example_dags/example_branch_labels.py for tasks to queue
[2024-06-03T10:34:35.690+0000] {logging_mixin.py:188} INFO - [2024-06-03T10:34:35.689+0000] {dagbag.py:545} INFO - Filling up the DagBag from /home/airflow/.local/lib/python3.12/site-packages/airflow/example_dags/example_branch_labels.py
[2024-06-03T10:34:35.699+0000] {processor.py:840} INFO - DAG(s) 'example_branch_labels' retrieved from /home/airflow/.local/lib/python3.12/site-packages/airflow/example_dags/example_branch_labels.py
[2024-06-03T10:34:35.725+0000] {logging_mixin.py:188} INFO - [2024-06-03T10:34:35.725+0000] {dag.py:3096} INFO - Sync 1 DAGs
[2024-06-03T10:34:35.762+0000] {logging_mixin.py:188} INFO - [2024-06-03T10:34:35.762+0000] {dag.py:3954} INFO - Setting next_dagrun for example_branch_labels to 2024-06-02 00:00:00+00:00, run_after=2024-06-03 00:00:00+00:00
[2024-06-03T10:34:35.784+0000] {processor.py:183} INFO - Processing /home/airflow/.local/lib/python3.12/site-packages/airflow/example_dags/example_branch_labels.py took 0.103 seconds
[2024-06-03T10:35:05.982+0000] {processor.py:161} INFO - Started process (PID=6580) to work on /home/airflow/.local/lib/python3.12/site-packages/airflow/example_dags/example_branch_labels.py
[2024-06-03T10:35:05.983+0000] {processor.py:830} INFO - Processing file /home/airflow/.local/lib/python3.12/site-packages/airflow/example_dags/example_branch_labels.py for tasks to queue
[2024-06-03T10:35:05.985+0000] {logging_mixin.py:188} INFO - [2024-06-03T10:35:05.984+0000] {dagbag.py:545} INFO - Filling up the DagBag from /home/airflow/.local/lib/python3.12/site-packages/airflow/example_dags/example_branch_labels.py
[2024-06-03T10:35:05.995+0000] {processor.py:840} INFO - DAG(s) 'example_branch_labels' retrieved from /home/airflow/.local/lib/python3.12/site-packages/airflow/example_dags/example_branch_labels.py
[2024-06-03T10:35:06.024+0000] {logging_mixin.py:188} INFO - [2024-06-03T10:35:06.024+0000] {dag.py:3096} INFO - Sync 1 DAGs
[2024-06-03T10:35:06.056+0000] {logging_mixin.py:188} INFO - [2024-06-03T10:35:06.056+0000] {dag.py:3954} INFO - Setting next_dagrun for example_branch_labels to 2024-06-02 00:00:00+00:00, run_after=2024-06-03 00:00:00+00:00
[2024-06-03T10:35:06.080+0000] {processor.py:183} INFO - Processing /home/airflow/.local/lib/python3.12/site-packages/airflow/example_dags/example_branch_labels.py took 0.104 seconds
[2024-06-03T10:35:36.346+0000] {processor.py:161} INFO - Started process (PID=6836) to work on /home/airflow/.local/lib/python3.12/site-packages/airflow/example_dags/example_branch_labels.py
[2024-06-03T10:35:36.347+0000] {processor.py:830} INFO - Processing file /home/airflow/.local/lib/python3.12/site-packages/airflow/example_dags/example_branch_labels.py for tasks to queue
[2024-06-03T10:35:36.349+0000] {logging_mixin.py:188} INFO - [2024-06-03T10:35:36.349+0000] {dagbag.py:545} INFO - Filling up the DagBag from /home/airflow/.local/lib/python3.12/site-packages/airflow/example_dags/example_branch_labels.py
[2024-06-03T10:35:36.358+0000] {processor.py:840} INFO - DAG(s) 'example_branch_labels' retrieved from /home/airflow/.local/lib/python3.12/site-packages/airflow/example_dags/example_branch_labels.py
[2024-06-03T10:35:36.386+0000] {logging_mixin.py:188} INFO - [2024-06-03T10:35:36.386+0000] {dag.py:3096} INFO - Sync 1 DAGs
[2024-06-03T10:35:36.420+0000] {logging_mixin.py:188} INFO - [2024-06-03T10:35:36.420+0000] {dag.py:3954} INFO - Setting next_dagrun for example_branch_labels to 2024-06-02 00:00:00+00:00, run_after=2024-06-03 00:00:00+00:00
[2024-06-03T10:35:36.444+0000] {processor.py:183} INFO - Processing /home/airflow/.local/lib/python3.12/site-packages/airflow/example_dags/example_branch_labels.py took 0.105 seconds
[2024-06-03T10:36:06.538+0000] {processor.py:161} INFO - Started process (PID=7092) to work on /home/airflow/.local/lib/python3.12/site-packages/airflow/example_dags/example_branch_labels.py
[2024-06-03T10:36:06.539+0000] {processor.py:830} INFO - Processing file /home/airflow/.local/lib/python3.12/site-packages/airflow/example_dags/example_branch_labels.py for tasks to queue
[2024-06-03T10:36:06.541+0000] {logging_mixin.py:188} INFO - [2024-06-03T10:36:06.540+0000] {dagbag.py:545} INFO - Filling up the DagBag from /home/airflow/.local/lib/python3.12/site-packages/airflow/example_dags/example_branch_labels.py
[2024-06-03T10:36:06.549+0000] {processor.py:840} INFO - DAG(s) 'example_branch_labels' retrieved from /home/airflow/.local/lib/python3.12/site-packages/airflow/example_dags/example_branch_labels.py
[2024-06-03T10:36:06.575+0000] {logging_mixin.py:188} INFO - [2024-06-03T10:36:06.575+0000] {dag.py:3096} INFO - Sync 1 DAGs
[2024-06-03T10:36:06.607+0000] {logging_mixin.py:188} INFO - [2024-06-03T10:36:06.607+0000] {dag.py:3954} INFO - Setting next_dagrun for example_branch_labels to 2024-06-02 00:00:00+00:00, run_after=2024-06-03 00:00:00+00:00
[2024-06-03T10:36:06.629+0000] {processor.py:183} INFO - Processing /home/airflow/.local/lib/python3.12/site-packages/airflow/example_dags/example_branch_labels.py took 0.098 seconds
[2024-06-03T10:36:37.116+0000] {processor.py:161} INFO - Started process (PID=7342) to work on /home/airflow/.local/lib/python3.12/site-packages/airflow/example_dags/example_branch_labels.py
[2024-06-03T10:36:37.117+0000] {processor.py:830} INFO - Processing file /home/airflow/.local/lib/python3.12/site-packages/airflow/example_dags/example_branch_labels.py for tasks to queue
[2024-06-03T10:36:37.119+0000] {logging_mixin.py:188} INFO - [2024-06-03T10:36:37.118+0000] {dagbag.py:545} INFO - Filling up the DagBag from /home/airflow/.local/lib/python3.12/site-packages/airflow/example_dags/example_branch_labels.py
[2024-06-03T10:36:37.128+0000] {processor.py:840} INFO - DAG(s) 'example_branch_labels' retrieved from /home/airflow/.local/lib/python3.12/site-packages/airflow/example_dags/example_branch_labels.py
[2024-06-03T10:36:37.155+0000] {logging_mixin.py:188} INFO - [2024-06-03T10:36:37.155+0000] {dag.py:3096} INFO - Sync 1 DAGs
[2024-06-03T10:36:37.189+0000] {logging_mixin.py:188} INFO - [2024-06-03T10:36:37.189+0000] {dag.py:3954} INFO - Setting next_dagrun for example_branch_labels to 2024-06-02 00:00:00+00:00, run_after=2024-06-03 00:00:00+00:00
[2024-06-03T10:36:37.211+0000] {processor.py:183} INFO - Processing /home/airflow/.local/lib/python3.12/site-packages/airflow/example_dags/example_branch_labels.py took 0.102 seconds
[2024-06-03T10:37:07.763+0000] {processor.py:161} INFO - Started process (PID=7598) to work on /home/airflow/.local/lib/python3.12/site-packages/airflow/example_dags/example_branch_labels.py
[2024-06-03T10:37:07.763+0000] {processor.py:830} INFO - Processing file /home/airflow/.local/lib/python3.12/site-packages/airflow/example_dags/example_branch_labels.py for tasks to queue
[2024-06-03T10:37:07.765+0000] {logging_mixin.py:188} INFO - [2024-06-03T10:37:07.765+0000] {dagbag.py:545} INFO - Filling up the DagBag from /home/airflow/.local/lib/python3.12/site-packages/airflow/example_dags/example_branch_labels.py
[2024-06-03T10:37:07.774+0000] {processor.py:840} INFO - DAG(s) 'example_branch_labels' retrieved from /home/airflow/.local/lib/python3.12/site-packages/airflow/example_dags/example_branch_labels.py
[2024-06-03T10:37:07.801+0000] {logging_mixin.py:188} INFO - [2024-06-03T10:37:07.800+0000] {dag.py:3096} INFO - Sync 1 DAGs
[2024-06-03T10:37:07.833+0000] {logging_mixin.py:188} INFO - [2024-06-03T10:37:07.832+0000] {dag.py:3954} INFO - Setting next_dagrun for example_branch_labels to 2024-06-02 00:00:00+00:00, run_after=2024-06-03 00:00:00+00:00
[2024-06-03T10:37:07.855+0000] {processor.py:183} INFO - Processing /home/airflow/.local/lib/python3.12/site-packages/airflow/example_dags/example_branch_labels.py took 0.099 seconds
[2024-06-03T10:37:38.003+0000] {processor.py:161} INFO - Started process (PID=7852) to work on /home/airflow/.local/lib/python3.12/site-packages/airflow/example_dags/example_branch_labels.py
[2024-06-03T10:37:38.004+0000] {processor.py:830} INFO - Processing file /home/airflow/.local/lib/python3.12/site-packages/airflow/example_dags/example_branch_labels.py for tasks to queue
[2024-06-03T10:37:38.006+0000] {logging_mixin.py:188} INFO - [2024-06-03T10:37:38.006+0000] {dagbag.py:545} INFO - Filling up the DagBag from /home/airflow/.local/lib/python3.12/site-packages/airflow/example_dags/example_branch_labels.py
[2024-06-03T10:37:38.015+0000] {processor.py:840} INFO - DAG(s) 'example_branch_labels' retrieved from /home/airflow/.local/lib/python3.12/site-packages/airflow/example_dags/example_branch_labels.py
[2024-06-03T10:37:38.041+0000] {logging_mixin.py:188} INFO - [2024-06-03T10:37:38.040+0000] {dag.py:3096} INFO - Sync 1 DAGs
[2024-06-03T10:37:38.071+0000] {logging_mixin.py:188} INFO - [2024-06-03T10:37:38.071+0000] {dag.py:3954} INFO - Setting next_dagrun for example_branch_labels to 2024-06-02 00:00:00+00:00, run_after=2024-06-03 00:00:00+00:00
[2024-06-03T10:37:38.092+0000] {processor.py:183} INFO - Processing /home/airflow/.local/lib/python3.12/site-packages/airflow/example_dags/example_branch_labels.py took 0.096 seconds
[2024-06-03T10:38:08.397+0000] {processor.py:161} INFO - Started process (PID=8110) to work on /home/airflow/.local/lib/python3.12/site-packages/airflow/example_dags/example_branch_labels.py
[2024-06-03T10:38:08.397+0000] {processor.py:830} INFO - Processing file /home/airflow/.local/lib/python3.12/site-packages/airflow/example_dags/example_branch_labels.py for tasks to queue
[2024-06-03T10:38:08.399+0000] {logging_mixin.py:188} INFO - [2024-06-03T10:38:08.399+0000] {dagbag.py:545} INFO - Filling up the DagBag from /home/airflow/.local/lib/python3.12/site-packages/airflow/example_dags/example_branch_labels.py
[2024-06-03T10:38:08.408+0000] {processor.py:840} INFO - DAG(s) 'example_branch_labels' retrieved from /home/airflow/.local/lib/python3.12/site-packages/airflow/example_dags/example_branch_labels.py
[2024-06-03T10:38:08.435+0000] {logging_mixin.py:188} INFO - [2024-06-03T10:38:08.434+0000] {dag.py:3096} INFO - Sync 1 DAGs
[2024-06-03T10:38:08.467+0000] {logging_mixin.py:188} INFO - [2024-06-03T10:38:08.467+0000] {dag.py:3954} INFO - Setting next_dagrun for example_branch_labels to 2024-06-02 00:00:00+00:00, run_after=2024-06-03 00:00:00+00:00
[2024-06-03T10:38:08.490+0000] {processor.py:183} INFO - Processing /home/airflow/.local/lib/python3.12/site-packages/airflow/example_dags/example_branch_labels.py took 0.100 seconds
[2024-06-03T10:38:39.207+0000] {processor.py:161} INFO - Started process (PID=8366) to work on /home/airflow/.local/lib/python3.12/site-packages/airflow/example_dags/example_branch_labels.py
[2024-06-03T10:38:39.208+0000] {processor.py:830} INFO - Processing file /home/airflow/.local/lib/python3.12/site-packages/airflow/example_dags/example_branch_labels.py for tasks to queue
[2024-06-03T10:38:39.210+0000] {logging_mixin.py:188} INFO - [2024-06-03T10:38:39.209+0000] {dagbag.py:545} INFO - Filling up the DagBag from /home/airflow/.local/lib/python3.12/site-packages/airflow/example_dags/example_branch_labels.py
[2024-06-03T10:38:39.219+0000] {processor.py:840} INFO - DAG(s) 'example_branch_labels' retrieved from /home/airflow/.local/lib/python3.12/site-packages/airflow/example_dags/example_branch_labels.py
[2024-06-03T10:38:39.245+0000] {logging_mixin.py:188} INFO - [2024-06-03T10:38:39.245+0000] {dag.py:3096} INFO - Sync 1 DAGs
[2024-06-03T10:38:39.277+0000] {logging_mixin.py:188} INFO - [2024-06-03T10:38:39.277+0000] {dag.py:3954} INFO - Setting next_dagrun for example_branch_labels to 2024-06-02 00:00:00+00:00, run_after=2024-06-03 00:00:00+00:00
[2024-06-03T10:38:39.298+0000] {processor.py:183} INFO - Processing /home/airflow/.local/lib/python3.12/site-packages/airflow/example_dags/example_branch_labels.py took 0.098 seconds
[2024-06-03T10:39:10.248+0000] {processor.py:161} INFO - Started process (PID=8622) to work on /home/airflow/.local/lib/python3.12/site-packages/airflow/example_dags/example_branch_labels.py
[2024-06-03T10:39:10.249+0000] {processor.py:830} INFO - Processing file /home/airflow/.local/lib/python3.12/site-packages/airflow/example_dags/example_branch_labels.py for tasks to queue
[2024-06-03T10:39:10.250+0000] {logging_mixin.py:188} INFO - [2024-06-03T10:39:10.250+0000] {dagbag.py:545} INFO - Filling up the DagBag from /home/airflow/.local/lib/python3.12/site-packages/airflow/example_dags/example_branch_labels.py
[2024-06-03T10:39:10.259+0000] {processor.py:840} INFO - DAG(s) 'example_branch_labels' retrieved from /home/airflow/.local/lib/python3.12/site-packages/airflow/example_dags/example_branch_labels.py
[2024-06-03T10:39:10.285+0000] {logging_mixin.py:188} INFO - [2024-06-03T10:39:10.284+0000] {dag.py:3096} INFO - Sync 1 DAGs
[2024-06-03T10:39:10.316+0000] {logging_mixin.py:188} INFO - [2024-06-03T10:39:10.316+0000] {dag.py:3954} INFO - Setting next_dagrun for example_branch_labels to 2024-06-02 00:00:00+00:00, run_after=2024-06-03 00:00:00+00:00
[2024-06-03T10:39:10.340+0000] {processor.py:183} INFO - Processing /home/airflow/.local/lib/python3.12/site-packages/airflow/example_dags/example_branch_labels.py took 0.098 seconds
[2024-06-03T10:39:41.243+0000] {processor.py:161} INFO - Started process (PID=8878) to work on /home/airflow/.local/lib/python3.12/site-packages/airflow/example_dags/example_branch_labels.py
[2024-06-03T10:39:41.244+0000] {processor.py:830} INFO - Processing file /home/airflow/.local/lib/python3.12/site-packages/airflow/example_dags/example_branch_labels.py for tasks to queue
[2024-06-03T10:39:41.246+0000] {logging_mixin.py:188} INFO - [2024-06-03T10:39:41.245+0000] {dagbag.py:545} INFO - Filling up the DagBag from /home/airflow/.local/lib/python3.12/site-packages/airflow/example_dags/example_branch_labels.py
[2024-06-03T10:39:41.255+0000] {processor.py:840} INFO - DAG(s) 'example_branch_labels' retrieved from /home/airflow/.local/lib/python3.12/site-packages/airflow/example_dags/example_branch_labels.py
[2024-06-03T10:39:41.281+0000] {logging_mixin.py:188} INFO - [2024-06-03T10:39:41.280+0000] {dag.py:3096} INFO - Sync 1 DAGs
[2024-06-03T10:39:41.314+0000] {logging_mixin.py:188} INFO - [2024-06-03T10:39:41.313+0000] {dag.py:3954} INFO - Setting next_dagrun for example_branch_labels to 2024-06-02 00:00:00+00:00, run_after=2024-06-03 00:00:00+00:00
[2024-06-03T10:39:41.335+0000] {processor.py:183} INFO - Processing /home/airflow/.local/lib/python3.12/site-packages/airflow/example_dags/example_branch_labels.py took 0.099 seconds
[2024-06-03T10:40:12.206+0000] {processor.py:161} INFO - Started process (PID=9134) to work on /home/airflow/.local/lib/python3.12/site-packages/airflow/example_dags/example_branch_labels.py
[2024-06-03T10:40:12.207+0000] {processor.py:830} INFO - Processing file /home/airflow/.local/lib/python3.12/site-packages/airflow/example_dags/example_branch_labels.py for tasks to queue
[2024-06-03T10:40:12.209+0000] {logging_mixin.py:188} INFO - [2024-06-03T10:40:12.209+0000] {dagbag.py:545} INFO - Filling up the DagBag from /home/airflow/.local/lib/python3.12/site-packages/airflow/example_dags/example_branch_labels.py
[2024-06-03T10:40:12.218+0000] {processor.py:840} INFO - DAG(s) 'example_branch_labels' retrieved from /home/airflow/.local/lib/python3.12/site-packages/airflow/example_dags/example_branch_labels.py
[2024-06-03T10:40:12.246+0000] {logging_mixin.py:188} INFO - [2024-06-03T10:40:12.246+0000] {dag.py:3096} INFO - Sync 1 DAGs
[2024-06-03T10:40:12.279+0000] {logging_mixin.py:188} INFO - [2024-06-03T10:40:12.279+0000] {dag.py:3954} INFO - Setting next_dagrun for example_branch_labels to 2024-06-02 00:00:00+00:00, run_after=2024-06-03 00:00:00+00:00
[2024-06-03T10:40:12.305+0000] {processor.py:183} INFO - Processing /home/airflow/.local/lib/python3.12/site-packages/airflow/example_dags/example_branch_labels.py took 0.105 seconds
[2024-06-03T10:40:43.116+0000] {processor.py:161} INFO - Started process (PID=9390) to work on /home/airflow/.local/lib/python3.12/site-packages/airflow/example_dags/example_branch_labels.py
[2024-06-03T10:40:43.116+0000] {processor.py:830} INFO - Processing file /home/airflow/.local/lib/python3.12/site-packages/airflow/example_dags/example_branch_labels.py for tasks to queue
[2024-06-03T10:40:43.118+0000] {logging_mixin.py:188} INFO - [2024-06-03T10:40:43.118+0000] {dagbag.py:545} INFO - Filling up the DagBag from /home/airflow/.local/lib/python3.12/site-packages/airflow/example_dags/example_branch_labels.py
[2024-06-03T10:40:43.127+0000] {processor.py:840} INFO - DAG(s) 'example_branch_labels' retrieved from /home/airflow/.local/lib/python3.12/site-packages/airflow/example_dags/example_branch_labels.py
[2024-06-03T10:40:43.154+0000] {logging_mixin.py:188} INFO - [2024-06-03T10:40:43.153+0000] {dag.py:3096} INFO - Sync 1 DAGs
[2024-06-03T10:40:43.185+0000] {logging_mixin.py:188} INFO - [2024-06-03T10:40:43.185+0000] {dag.py:3954} INFO - Setting next_dagrun for example_branch_labels to 2024-06-02 00:00:00+00:00, run_after=2024-06-03 00:00:00+00:00
[2024-06-03T10:40:43.207+0000] {processor.py:183} INFO - Processing /home/airflow/.local/lib/python3.12/site-packages/airflow/example_dags/example_branch_labels.py took 0.098 seconds
[2024-06-03T10:41:13.391+0000] {processor.py:161} INFO - Started process (PID=9646) to work on /home/airflow/.local/lib/python3.12/site-packages/airflow/example_dags/example_branch_labels.py
[2024-06-03T10:41:13.392+0000] {processor.py:830} INFO - Processing file /home/airflow/.local/lib/python3.12/site-packages/airflow/example_dags/example_branch_labels.py for tasks to queue
[2024-06-03T10:41:13.394+0000] {logging_mixin.py:188} INFO - [2024-06-03T10:41:13.394+0000] {dagbag.py:545} INFO - Filling up the DagBag from /home/airflow/.local/lib/python3.12/site-packages/airflow/example_dags/example_branch_labels.py
[2024-06-03T10:41:13.403+0000] {processor.py:840} INFO - DAG(s) 'example_branch_labels' retrieved from /home/airflow/.local/lib/python3.12/site-packages/airflow/example_dags/example_branch_labels.py
[2024-06-03T10:41:13.429+0000] {logging_mixin.py:188} INFO - [2024-06-03T10:41:13.429+0000] {dag.py:3096} INFO - Sync 1 DAGs
[2024-06-03T10:41:13.462+0000] {logging_mixin.py:188} INFO - [2024-06-03T10:41:13.462+0000] {dag.py:3954} INFO - Setting next_dagrun for example_branch_labels to 2024-06-02 00:00:00+00:00, run_after=2024-06-03 00:00:00+00:00
[2024-06-03T10:41:13.484+0000] {processor.py:183} INFO - Processing /home/airflow/.local/lib/python3.12/site-packages/airflow/example_dags/example_branch_labels.py took 0.100 seconds
[2024-06-03T10:41:43.645+0000] {processor.py:161} INFO - Started process (PID=9902) to work on /home/airflow/.local/lib/python3.12/site-packages/airflow/example_dags/example_branch_labels.py
[2024-06-03T10:41:43.645+0000] {processor.py:830} INFO - Processing file /home/airflow/.local/lib/python3.12/site-packages/airflow/example_dags/example_branch_labels.py for tasks to queue
[2024-06-03T10:41:43.647+0000] {logging_mixin.py:188} INFO - [2024-06-03T10:41:43.647+0000] {dagbag.py:545} INFO - Filling up the DagBag from /home/airflow/.local/lib/python3.12/site-packages/airflow/example_dags/example_branch_labels.py
[2024-06-03T10:41:43.656+0000] {processor.py:840} INFO - DAG(s) 'example_branch_labels' retrieved from /home/airflow/.local/lib/python3.12/site-packages/airflow/example_dags/example_branch_labels.py
[2024-06-03T10:41:43.684+0000] {logging_mixin.py:188} INFO - [2024-06-03T10:41:43.684+0000] {dag.py:3096} INFO - Sync 1 DAGs
[2024-06-03T10:41:43.716+0000] {logging_mixin.py:188} INFO - [2024-06-03T10:41:43.716+0000] {dag.py:3954} INFO - Setting next_dagrun for example_branch_labels to 2024-06-02 00:00:00+00:00, run_after=2024-06-03 00:00:00+00:00
[2024-06-03T10:41:43.738+0000] {processor.py:183} INFO - Processing /home/airflow/.local/lib/python3.12/site-packages/airflow/example_dags/example_branch_labels.py took 0.100 seconds
[2024-06-03T10:42:13.968+0000] {processor.py:161} INFO - Started process (PID=10158) to work on /home/airflow/.local/lib/python3.12/site-packages/airflow/example_dags/example_branch_labels.py
[2024-06-03T10:42:13.969+0000] {processor.py:830} INFO - Processing file /home/airflow/.local/lib/python3.12/site-packages/airflow/example_dags/example_branch_labels.py for tasks to queue
[2024-06-03T10:42:13.970+0000] {logging_mixin.py:188} INFO - [2024-06-03T10:42:13.970+0000] {dagbag.py:545} INFO - Filling up the DagBag from /home/airflow/.local/lib/python3.12/site-packages/airflow/example_dags/example_branch_labels.py
[2024-06-03T10:42:13.979+0000] {processor.py:840} INFO - DAG(s) 'example_branch_labels' retrieved from /home/airflow/.local/lib/python3.12/site-packages/airflow/example_dags/example_branch_labels.py
[2024-06-03T10:42:14.006+0000] {logging_mixin.py:188} INFO - [2024-06-03T10:42:14.005+0000] {dag.py:3096} INFO - Sync 1 DAGs
[2024-06-03T10:42:14.037+0000] {logging_mixin.py:188} INFO - [2024-06-03T10:42:14.037+0000] {dag.py:3954} INFO - Setting next_dagrun for example_branch_labels to 2024-06-02 00:00:00+00:00, run_after=2024-06-03 00:00:00+00:00
[2024-06-03T10:42:14.058+0000] {processor.py:183} INFO - Processing /home/airflow/.local/lib/python3.12/site-packages/airflow/example_dags/example_branch_labels.py took 0.097 seconds
[2024-06-03T10:42:44.142+0000] {processor.py:161} INFO - Started process (PID=10414) to work on /home/airflow/.local/lib/python3.12/site-packages/airflow/example_dags/example_branch_labels.py
[2024-06-03T10:42:44.143+0000] {processor.py:830} INFO - Processing file /home/airflow/.local/lib/python3.12/site-packages/airflow/example_dags/example_branch_labels.py for tasks to queue
[2024-06-03T10:42:44.144+0000] {logging_mixin.py:188} INFO - [2024-06-03T10:42:44.144+0000] {dagbag.py:545} INFO - Filling up the DagBag from /home/airflow/.local/lib/python3.12/site-packages/airflow/example_dags/example_branch_labels.py
[2024-06-03T10:42:44.154+0000] {processor.py:840} INFO - DAG(s) 'example_branch_labels' retrieved from /home/airflow/.local/lib/python3.12/site-packages/airflow/example_dags/example_branch_labels.py
[2024-06-03T10:42:44.179+0000] {logging_mixin.py:188} INFO - [2024-06-03T10:42:44.179+0000] {dag.py:3096} INFO - Sync 1 DAGs
[2024-06-03T10:42:44.211+0000] {logging_mixin.py:188} INFO - [2024-06-03T10:42:44.211+0000] {dag.py:3954} INFO - Setting next_dagrun for example_branch_labels to 2024-06-02 00:00:00+00:00, run_after=2024-06-03 00:00:00+00:00
[2024-06-03T10:42:44.232+0000] {processor.py:183} INFO - Processing /home/airflow/.local/lib/python3.12/site-packages/airflow/example_dags/example_branch_labels.py took 0.097 seconds
[2024-06-03T10:43:14.590+0000] {processor.py:161} INFO - Started process (PID=10670) to work on /home/airflow/.local/lib/python3.12/site-packages/airflow/example_dags/example_branch_labels.py
[2024-06-03T10:43:14.592+0000] {processor.py:830} INFO - Processing file /home/airflow/.local/lib/python3.12/site-packages/airflow/example_dags/example_branch_labels.py for tasks to queue
[2024-06-03T10:43:14.593+0000] {logging_mixin.py:188} INFO - [2024-06-03T10:43:14.593+0000] {dagbag.py:545} INFO - Filling up the DagBag from /home/airflow/.local/lib/python3.12/site-packages/airflow/example_dags/example_branch_labels.py
[2024-06-03T10:43:14.602+0000] {processor.py:840} INFO - DAG(s) 'example_branch_labels' retrieved from /home/airflow/.local/lib/python3.12/site-packages/airflow/example_dags/example_branch_labels.py
[2024-06-03T10:43:14.628+0000] {logging_mixin.py:188} INFO - [2024-06-03T10:43:14.628+0000] {dag.py:3096} INFO - Sync 1 DAGs
[2024-06-03T10:43:14.660+0000] {logging_mixin.py:188} INFO - [2024-06-03T10:43:14.660+0000] {dag.py:3954} INFO - Setting next_dagrun for example_branch_labels to 2024-06-02 00:00:00+00:00, run_after=2024-06-03 00:00:00+00:00
[2024-06-03T10:43:14.683+0000] {processor.py:183} INFO - Processing /home/airflow/.local/lib/python3.12/site-packages/airflow/example_dags/example_branch_labels.py took 0.099 seconds
[2024-06-03T10:43:44.903+0000] {processor.py:161} INFO - Started process (PID=10926) to work on /home/airflow/.local/lib/python3.12/site-packages/airflow/example_dags/example_branch_labels.py
[2024-06-03T10:43:44.904+0000] {processor.py:830} INFO - Processing file /home/airflow/.local/lib/python3.12/site-packages/airflow/example_dags/example_branch_labels.py for tasks to queue
[2024-06-03T10:43:44.905+0000] {logging_mixin.py:188} INFO - [2024-06-03T10:43:44.905+0000] {dagbag.py:545} INFO - Filling up the DagBag from /home/airflow/.local/lib/python3.12/site-packages/airflow/example_dags/example_branch_labels.py
[2024-06-03T10:43:44.914+0000] {processor.py:840} INFO - DAG(s) 'example_branch_labels' retrieved from /home/airflow/.local/lib/python3.12/site-packages/airflow/example_dags/example_branch_labels.py
[2024-06-03T10:43:44.941+0000] {logging_mixin.py:188} INFO - [2024-06-03T10:43:44.940+0000] {dag.py:3096} INFO - Sync 1 DAGs
[2024-06-03T10:43:44.972+0000] {logging_mixin.py:188} INFO - [2024-06-03T10:43:44.971+0000] {dag.py:3954} INFO - Setting next_dagrun for example_branch_labels to 2024-06-02 00:00:00+00:00, run_after=2024-06-03 00:00:00+00:00
[2024-06-03T10:43:44.993+0000] {processor.py:183} INFO - Processing /home/airflow/.local/lib/python3.12/site-packages/airflow/example_dags/example_branch_labels.py took 0.096 seconds
[2024-06-03T10:44:15.206+0000] {processor.py:161} INFO - Started process (PID=11182) to work on /home/airflow/.local/lib/python3.12/site-packages/airflow/example_dags/example_branch_labels.py
[2024-06-03T10:44:15.208+0000] {processor.py:830} INFO - Processing file /home/airflow/.local/lib/python3.12/site-packages/airflow/example_dags/example_branch_labels.py for tasks to queue
[2024-06-03T10:44:15.210+0000] {logging_mixin.py:188} INFO - [2024-06-03T10:44:15.209+0000] {dagbag.py:545} INFO - Filling up the DagBag from /home/airflow/.local/lib/python3.12/site-packages/airflow/example_dags/example_branch_labels.py
[2024-06-03T10:44:15.219+0000] {processor.py:840} INFO - DAG(s) 'example_branch_labels' retrieved from /home/airflow/.local/lib/python3.12/site-packages/airflow/example_dags/example_branch_labels.py
[2024-06-03T10:44:15.245+0000] {logging_mixin.py:188} INFO - [2024-06-03T10:44:15.245+0000] {dag.py:3096} INFO - Sync 1 DAGs
[2024-06-03T10:44:15.276+0000] {logging_mixin.py:188} INFO - [2024-06-03T10:44:15.276+0000] {dag.py:3954} INFO - Setting next_dagrun for example_branch_labels to 2024-06-02 00:00:00+00:00, run_after=2024-06-03 00:00:00+00:00
[2024-06-03T10:44:15.298+0000] {processor.py:183} INFO - Processing /home/airflow/.local/lib/python3.12/site-packages/airflow/example_dags/example_branch_labels.py took 0.098 seconds
[2024-06-03T10:44:45.802+0000] {processor.py:161} INFO - Started process (PID=11438) to work on /home/airflow/.local/lib/python3.12/site-packages/airflow/example_dags/example_branch_labels.py
[2024-06-03T10:44:45.803+0000] {processor.py:830} INFO - Processing file /home/airflow/.local/lib/python3.12/site-packages/airflow/example_dags/example_branch_labels.py for tasks to queue
[2024-06-03T10:44:45.805+0000] {logging_mixin.py:188} INFO - [2024-06-03T10:44:45.805+0000] {dagbag.py:545} INFO - Filling up the DagBag from /home/airflow/.local/lib/python3.12/site-packages/airflow/example_dags/example_branch_labels.py
[2024-06-03T10:44:45.815+0000] {processor.py:840} INFO - DAG(s) 'example_branch_labels' retrieved from /home/airflow/.local/lib/python3.12/site-packages/airflow/example_dags/example_branch_labels.py
[2024-06-03T10:44:45.973+0000] {logging_mixin.py:188} INFO - [2024-06-03T10:44:45.973+0000] {dag.py:3096} INFO - Sync 1 DAGs
[2024-06-03T10:44:46.003+0000] {logging_mixin.py:188} INFO - [2024-06-03T10:44:46.002+0000] {dag.py:3954} INFO - Setting next_dagrun for example_branch_labels to 2024-06-02 00:00:00+00:00, run_after=2024-06-03 00:00:00+00:00
[2024-06-03T10:44:46.023+0000] {processor.py:183} INFO - Processing /home/airflow/.local/lib/python3.12/site-packages/airflow/example_dags/example_branch_labels.py took 0.229 seconds
[2024-06-03T10:45:16.813+0000] {processor.py:161} INFO - Started process (PID=11692) to work on /home/airflow/.local/lib/python3.12/site-packages/airflow/example_dags/example_branch_labels.py
[2024-06-03T10:45:16.814+0000] {processor.py:830} INFO - Processing file /home/airflow/.local/lib/python3.12/site-packages/airflow/example_dags/example_branch_labels.py for tasks to queue
[2024-06-03T10:45:16.815+0000] {logging_mixin.py:188} INFO - [2024-06-03T10:45:16.815+0000] {dagbag.py:545} INFO - Filling up the DagBag from /home/airflow/.local/lib/python3.12/site-packages/airflow/example_dags/example_branch_labels.py
[2024-06-03T10:45:16.826+0000] {processor.py:840} INFO - DAG(s) 'example_branch_labels' retrieved from /home/airflow/.local/lib/python3.12/site-packages/airflow/example_dags/example_branch_labels.py
[2024-06-03T10:45:16.852+0000] {logging_mixin.py:188} INFO - [2024-06-03T10:45:16.852+0000] {dag.py:3096} INFO - Sync 1 DAGs
[2024-06-03T10:45:16.885+0000] {logging_mixin.py:188} INFO - [2024-06-03T10:45:16.885+0000] {dag.py:3954} INFO - Setting next_dagrun for example_branch_labels to 2024-06-02 00:00:00+00:00, run_after=2024-06-03 00:00:00+00:00
[2024-06-03T10:45:16.910+0000] {processor.py:183} INFO - Processing /home/airflow/.local/lib/python3.12/site-packages/airflow/example_dags/example_branch_labels.py took 0.105 seconds
[2024-06-03T10:45:47.532+0000] {processor.py:161} INFO - Started process (PID=11948) to work on /home/airflow/.local/lib/python3.12/site-packages/airflow/example_dags/example_branch_labels.py
[2024-06-03T10:45:47.533+0000] {processor.py:830} INFO - Processing file /home/airflow/.local/lib/python3.12/site-packages/airflow/example_dags/example_branch_labels.py for tasks to queue
[2024-06-03T10:45:47.535+0000] {logging_mixin.py:188} INFO - [2024-06-03T10:45:47.535+0000] {dagbag.py:545} INFO - Filling up the DagBag from /home/airflow/.local/lib/python3.12/site-packages/airflow/example_dags/example_branch_labels.py
[2024-06-03T10:45:47.544+0000] {processor.py:840} INFO - DAG(s) 'example_branch_labels' retrieved from /home/airflow/.local/lib/python3.12/site-packages/airflow/example_dags/example_branch_labels.py
[2024-06-03T10:45:47.570+0000] {logging_mixin.py:188} INFO - [2024-06-03T10:45:47.570+0000] {dag.py:3096} INFO - Sync 1 DAGs
[2024-06-03T10:45:47.602+0000] {logging_mixin.py:188} INFO - [2024-06-03T10:45:47.602+0000] {dag.py:3954} INFO - Setting next_dagrun for example_branch_labels to 2024-06-02 00:00:00+00:00, run_after=2024-06-03 00:00:00+00:00
[2024-06-03T10:45:47.624+0000] {processor.py:183} INFO - Processing /home/airflow/.local/lib/python3.12/site-packages/airflow/example_dags/example_branch_labels.py took 0.100 seconds
[2024-06-03T10:46:17.890+0000] {processor.py:161} INFO - Started process (PID=12204) to work on /home/airflow/.local/lib/python3.12/site-packages/airflow/example_dags/example_branch_labels.py
[2024-06-03T10:46:17.891+0000] {processor.py:830} INFO - Processing file /home/airflow/.local/lib/python3.12/site-packages/airflow/example_dags/example_branch_labels.py for tasks to queue
[2024-06-03T10:46:17.893+0000] {logging_mixin.py:188} INFO - [2024-06-03T10:46:17.893+0000] {dagbag.py:545} INFO - Filling up the DagBag from /home/airflow/.local/lib/python3.12/site-packages/airflow/example_dags/example_branch_labels.py
[2024-06-03T10:46:17.902+0000] {processor.py:840} INFO - DAG(s) 'example_branch_labels' retrieved from /home/airflow/.local/lib/python3.12/site-packages/airflow/example_dags/example_branch_labels.py
[2024-06-03T10:46:17.928+0000] {logging_mixin.py:188} INFO - [2024-06-03T10:46:17.928+0000] {dag.py:3096} INFO - Sync 1 DAGs
[2024-06-03T10:46:17.960+0000] {logging_mixin.py:188} INFO - [2024-06-03T10:46:17.960+0000] {dag.py:3954} INFO - Setting next_dagrun for example_branch_labels to 2024-06-02 00:00:00+00:00, run_after=2024-06-03 00:00:00+00:00
[2024-06-03T10:46:17.984+0000] {processor.py:183} INFO - Processing /home/airflow/.local/lib/python3.12/site-packages/airflow/example_dags/example_branch_labels.py took 0.101 seconds
[2024-06-03T10:46:48.483+0000] {processor.py:161} INFO - Started process (PID=12460) to work on /home/airflow/.local/lib/python3.12/site-packages/airflow/example_dags/example_branch_labels.py
[2024-06-03T10:46:48.483+0000] {processor.py:830} INFO - Processing file /home/airflow/.local/lib/python3.12/site-packages/airflow/example_dags/example_branch_labels.py for tasks to queue
[2024-06-03T10:46:48.485+0000] {logging_mixin.py:188} INFO - [2024-06-03T10:46:48.485+0000] {dagbag.py:545} INFO - Filling up the DagBag from /home/airflow/.local/lib/python3.12/site-packages/airflow/example_dags/example_branch_labels.py
[2024-06-03T10:46:48.494+0000] {processor.py:840} INFO - DAG(s) 'example_branch_labels' retrieved from /home/airflow/.local/lib/python3.12/site-packages/airflow/example_dags/example_branch_labels.py
[2024-06-03T10:46:48.520+0000] {logging_mixin.py:188} INFO - [2024-06-03T10:46:48.519+0000] {dag.py:3096} INFO - Sync 1 DAGs
[2024-06-03T10:46:48.551+0000] {logging_mixin.py:188} INFO - [2024-06-03T10:46:48.550+0000] {dag.py:3954} INFO - Setting next_dagrun for example_branch_labels to 2024-06-02 00:00:00+00:00, run_after=2024-06-03 00:00:00+00:00
[2024-06-03T10:46:48.572+0000] {processor.py:183} INFO - Processing /home/airflow/.local/lib/python3.12/site-packages/airflow/example_dags/example_branch_labels.py took 0.097 seconds
[2024-06-03T10:47:19.133+0000] {processor.py:161} INFO - Started process (PID=12718) to work on /home/airflow/.local/lib/python3.12/site-packages/airflow/example_dags/example_branch_labels.py
[2024-06-03T10:47:19.134+0000] {processor.py:830} INFO - Processing file /home/airflow/.local/lib/python3.12/site-packages/airflow/example_dags/example_branch_labels.py for tasks to queue
[2024-06-03T10:47:19.135+0000] {logging_mixin.py:188} INFO - [2024-06-03T10:47:19.135+0000] {dagbag.py:545} INFO - Filling up the DagBag from /home/airflow/.local/lib/python3.12/site-packages/airflow/example_dags/example_branch_labels.py
[2024-06-03T10:47:19.144+0000] {processor.py:840} INFO - DAG(s) 'example_branch_labels' retrieved from /home/airflow/.local/lib/python3.12/site-packages/airflow/example_dags/example_branch_labels.py
[2024-06-03T10:47:19.170+0000] {logging_mixin.py:188} INFO - [2024-06-03T10:47:19.169+0000] {dag.py:3096} INFO - Sync 1 DAGs
[2024-06-03T10:47:19.201+0000] {logging_mixin.py:188} INFO - [2024-06-03T10:47:19.200+0000] {dag.py:3954} INFO - Setting next_dagrun for example_branch_labels to 2024-06-02 00:00:00+00:00, run_after=2024-06-03 00:00:00+00:00
[2024-06-03T10:47:19.222+0000] {processor.py:183} INFO - Processing /home/airflow/.local/lib/python3.12/site-packages/airflow/example_dags/example_branch_labels.py took 0.096 seconds
[2024-06-03T10:47:49.841+0000] {processor.py:161} INFO - Started process (PID=12972) to work on /home/airflow/.local/lib/python3.12/site-packages/airflow/example_dags/example_branch_labels.py
[2024-06-03T10:47:49.842+0000] {processor.py:830} INFO - Processing file /home/airflow/.local/lib/python3.12/site-packages/airflow/example_dags/example_branch_labels.py for tasks to queue
[2024-06-03T10:47:49.843+0000] {logging_mixin.py:188} INFO - [2024-06-03T10:47:49.843+0000] {dagbag.py:545} INFO - Filling up the DagBag from /home/airflow/.local/lib/python3.12/site-packages/airflow/example_dags/example_branch_labels.py
[2024-06-03T10:47:49.852+0000] {processor.py:840} INFO - DAG(s) 'example_branch_labels' retrieved from /home/airflow/.local/lib/python3.12/site-packages/airflow/example_dags/example_branch_labels.py
[2024-06-03T10:47:49.879+0000] {logging_mixin.py:188} INFO - [2024-06-03T10:47:49.879+0000] {dag.py:3096} INFO - Sync 1 DAGs
[2024-06-03T10:47:49.910+0000] {logging_mixin.py:188} INFO - [2024-06-03T10:47:49.910+0000] {dag.py:3954} INFO - Setting next_dagrun for example_branch_labels to 2024-06-02 00:00:00+00:00, run_after=2024-06-03 00:00:00+00:00
[2024-06-03T10:47:49.932+0000] {processor.py:183} INFO - Processing /home/airflow/.local/lib/python3.12/site-packages/airflow/example_dags/example_branch_labels.py took 0.098 seconds
[2024-06-03T10:48:20.253+0000] {processor.py:161} INFO - Started process (PID=13228) to work on /home/airflow/.local/lib/python3.12/site-packages/airflow/example_dags/example_branch_labels.py
[2024-06-03T10:48:20.254+0000] {processor.py:830} INFO - Processing file /home/airflow/.local/lib/python3.12/site-packages/airflow/example_dags/example_branch_labels.py for tasks to queue
[2024-06-03T10:48:20.256+0000] {logging_mixin.py:188} INFO - [2024-06-03T10:48:20.256+0000] {dagbag.py:545} INFO - Filling up the DagBag from /home/airflow/.local/lib/python3.12/site-packages/airflow/example_dags/example_branch_labels.py
[2024-06-03T10:48:20.265+0000] {processor.py:840} INFO - DAG(s) 'example_branch_labels' retrieved from /home/airflow/.local/lib/python3.12/site-packages/airflow/example_dags/example_branch_labels.py
[2024-06-03T10:48:20.292+0000] {logging_mixin.py:188} INFO - [2024-06-03T10:48:20.291+0000] {dag.py:3096} INFO - Sync 1 DAGs
[2024-06-03T10:48:20.323+0000] {logging_mixin.py:188} INFO - [2024-06-03T10:48:20.323+0000] {dag.py:3954} INFO - Setting next_dagrun for example_branch_labels to 2024-06-02 00:00:00+00:00, run_after=2024-06-03 00:00:00+00:00
[2024-06-03T10:48:20.345+0000] {processor.py:183} INFO - Processing /home/airflow/.local/lib/python3.12/site-packages/airflow/example_dags/example_branch_labels.py took 0.100 seconds
[2024-06-03T10:48:50.569+0000] {processor.py:161} INFO - Started process (PID=13484) to work on /home/airflow/.local/lib/python3.12/site-packages/airflow/example_dags/example_branch_labels.py
[2024-06-03T10:48:50.569+0000] {processor.py:830} INFO - Processing file /home/airflow/.local/lib/python3.12/site-packages/airflow/example_dags/example_branch_labels.py for tasks to queue
[2024-06-03T10:48:50.572+0000] {logging_mixin.py:188} INFO - [2024-06-03T10:48:50.571+0000] {dagbag.py:545} INFO - Filling up the DagBag from /home/airflow/.local/lib/python3.12/site-packages/airflow/example_dags/example_branch_labels.py
[2024-06-03T10:48:50.582+0000] {processor.py:840} INFO - DAG(s) 'example_branch_labels' retrieved from /home/airflow/.local/lib/python3.12/site-packages/airflow/example_dags/example_branch_labels.py
[2024-06-03T10:48:50.608+0000] {logging_mixin.py:188} INFO - [2024-06-03T10:48:50.608+0000] {dag.py:3096} INFO - Sync 1 DAGs
[2024-06-03T10:48:50.641+0000] {logging_mixin.py:188} INFO - [2024-06-03T10:48:50.640+0000] {dag.py:3954} INFO - Setting next_dagrun for example_branch_labels to 2024-06-02 00:00:00+00:00, run_after=2024-06-03 00:00:00+00:00
[2024-06-03T10:48:50.662+0000] {processor.py:183} INFO - Processing /home/airflow/.local/lib/python3.12/site-packages/airflow/example_dags/example_branch_labels.py took 0.101 seconds
[2024-06-03T10:49:20.897+0000] {processor.py:161} INFO - Started process (PID=13740) to work on /home/airflow/.local/lib/python3.12/site-packages/airflow/example_dags/example_branch_labels.py
[2024-06-03T10:49:20.898+0000] {processor.py:830} INFO - Processing file /home/airflow/.local/lib/python3.12/site-packages/airflow/example_dags/example_branch_labels.py for tasks to queue
[2024-06-03T10:49:20.900+0000] {logging_mixin.py:188} INFO - [2024-06-03T10:49:20.900+0000] {dagbag.py:545} INFO - Filling up the DagBag from /home/airflow/.local/lib/python3.12/site-packages/airflow/example_dags/example_branch_labels.py
[2024-06-03T10:49:20.909+0000] {processor.py:840} INFO - DAG(s) 'example_branch_labels' retrieved from /home/airflow/.local/lib/python3.12/site-packages/airflow/example_dags/example_branch_labels.py
[2024-06-03T10:49:20.936+0000] {logging_mixin.py:188} INFO - [2024-06-03T10:49:20.935+0000] {dag.py:3096} INFO - Sync 1 DAGs
[2024-06-03T10:49:20.968+0000] {logging_mixin.py:188} INFO - [2024-06-03T10:49:20.968+0000] {dag.py:3954} INFO - Setting next_dagrun for example_branch_labels to 2024-06-02 00:00:00+00:00, run_after=2024-06-03 00:00:00+00:00
[2024-06-03T10:49:20.991+0000] {processor.py:183} INFO - Processing /home/airflow/.local/lib/python3.12/site-packages/airflow/example_dags/example_branch_labels.py took 0.102 seconds
[2024-06-03T10:49:51.438+0000] {processor.py:161} INFO - Started process (PID=13996) to work on /home/airflow/.local/lib/python3.12/site-packages/airflow/example_dags/example_branch_labels.py
[2024-06-03T10:49:51.439+0000] {processor.py:830} INFO - Processing file /home/airflow/.local/lib/python3.12/site-packages/airflow/example_dags/example_branch_labels.py for tasks to queue
[2024-06-03T10:49:51.441+0000] {logging_mixin.py:188} INFO - [2024-06-03T10:49:51.441+0000] {dagbag.py:545} INFO - Filling up the DagBag from /home/airflow/.local/lib/python3.12/site-packages/airflow/example_dags/example_branch_labels.py
[2024-06-03T10:49:51.450+0000] {processor.py:840} INFO - DAG(s) 'example_branch_labels' retrieved from /home/airflow/.local/lib/python3.12/site-packages/airflow/example_dags/example_branch_labels.py
[2024-06-03T10:49:51.477+0000] {logging_mixin.py:188} INFO - [2024-06-03T10:49:51.477+0000] {dag.py:3096} INFO - Sync 1 DAGs
[2024-06-03T10:49:51.510+0000] {logging_mixin.py:188} INFO - [2024-06-03T10:49:51.510+0000] {dag.py:3954} INFO - Setting next_dagrun for example_branch_labels to 2024-06-02 00:00:00+00:00, run_after=2024-06-03 00:00:00+00:00
[2024-06-03T10:49:51.533+0000] {processor.py:183} INFO - Processing /home/airflow/.local/lib/python3.12/site-packages/airflow/example_dags/example_branch_labels.py took 0.101 seconds
[2024-06-03T10:50:21.849+0000] {processor.py:161} INFO - Started process (PID=14252) to work on /home/airflow/.local/lib/python3.12/site-packages/airflow/example_dags/example_branch_labels.py
[2024-06-03T10:50:21.851+0000] {processor.py:830} INFO - Processing file /home/airflow/.local/lib/python3.12/site-packages/airflow/example_dags/example_branch_labels.py for tasks to queue
[2024-06-03T10:50:21.853+0000] {logging_mixin.py:188} INFO - [2024-06-03T10:50:21.852+0000] {dagbag.py:545} INFO - Filling up the DagBag from /home/airflow/.local/lib/python3.12/site-packages/airflow/example_dags/example_branch_labels.py
[2024-06-03T10:50:21.862+0000] {processor.py:840} INFO - DAG(s) 'example_branch_labels' retrieved from /home/airflow/.local/lib/python3.12/site-packages/airflow/example_dags/example_branch_labels.py
[2024-06-03T10:50:21.889+0000] {logging_mixin.py:188} INFO - [2024-06-03T10:50:21.889+0000] {dag.py:3096} INFO - Sync 1 DAGs
[2024-06-03T10:50:21.921+0000] {logging_mixin.py:188} INFO - [2024-06-03T10:50:21.921+0000] {dag.py:3954} INFO - Setting next_dagrun for example_branch_labels to 2024-06-02 00:00:00+00:00, run_after=2024-06-03 00:00:00+00:00
[2024-06-03T10:50:21.945+0000] {processor.py:183} INFO - Processing /home/airflow/.local/lib/python3.12/site-packages/airflow/example_dags/example_branch_labels.py took 0.104 seconds
[2024-06-03T10:50:52.555+0000] {processor.py:161} INFO - Started process (PID=14508) to work on /home/airflow/.local/lib/python3.12/site-packages/airflow/example_dags/example_branch_labels.py
[2024-06-03T10:50:52.556+0000] {processor.py:830} INFO - Processing file /home/airflow/.local/lib/python3.12/site-packages/airflow/example_dags/example_branch_labels.py for tasks to queue
[2024-06-03T10:50:52.558+0000] {logging_mixin.py:188} INFO - [2024-06-03T10:50:52.558+0000] {dagbag.py:545} INFO - Filling up the DagBag from /home/airflow/.local/lib/python3.12/site-packages/airflow/example_dags/example_branch_labels.py
[2024-06-03T10:50:52.567+0000] {processor.py:840} INFO - DAG(s) 'example_branch_labels' retrieved from /home/airflow/.local/lib/python3.12/site-packages/airflow/example_dags/example_branch_labels.py
[2024-06-03T10:50:52.593+0000] {logging_mixin.py:188} INFO - [2024-06-03T10:50:52.593+0000] {dag.py:3096} INFO - Sync 1 DAGs
[2024-06-03T10:50:52.625+0000] {logging_mixin.py:188} INFO - [2024-06-03T10:50:52.625+0000] {dag.py:3954} INFO - Setting next_dagrun for example_branch_labels to 2024-06-02 00:00:00+00:00, run_after=2024-06-03 00:00:00+00:00
[2024-06-03T10:50:52.651+0000] {processor.py:183} INFO - Processing /home/airflow/.local/lib/python3.12/site-packages/airflow/example_dags/example_branch_labels.py took 0.104 seconds
[2024-06-03T10:51:23.278+0000] {processor.py:161} INFO - Started process (PID=14764) to work on /home/airflow/.local/lib/python3.12/site-packages/airflow/example_dags/example_branch_labels.py
[2024-06-03T10:51:23.279+0000] {processor.py:830} INFO - Processing file /home/airflow/.local/lib/python3.12/site-packages/airflow/example_dags/example_branch_labels.py for tasks to queue
[2024-06-03T10:51:23.281+0000] {logging_mixin.py:188} INFO - [2024-06-03T10:51:23.281+0000] {dagbag.py:545} INFO - Filling up the DagBag from /home/airflow/.local/lib/python3.12/site-packages/airflow/example_dags/example_branch_labels.py
[2024-06-03T10:51:23.290+0000] {processor.py:840} INFO - DAG(s) 'example_branch_labels' retrieved from /home/airflow/.local/lib/python3.12/site-packages/airflow/example_dags/example_branch_labels.py
[2024-06-03T10:51:23.319+0000] {logging_mixin.py:188} INFO - [2024-06-03T10:51:23.318+0000] {dag.py:3096} INFO - Sync 1 DAGs
[2024-06-03T10:51:23.355+0000] {logging_mixin.py:188} INFO - [2024-06-03T10:51:23.355+0000] {dag.py:3954} INFO - Setting next_dagrun for example_branch_labels to 2024-06-02 00:00:00+00:00, run_after=2024-06-03 00:00:00+00:00
[2024-06-03T10:51:23.379+0000] {processor.py:183} INFO - Processing /home/airflow/.local/lib/python3.12/site-packages/airflow/example_dags/example_branch_labels.py took 0.108 seconds
[2024-06-03T10:51:53.955+0000] {processor.py:161} INFO - Started process (PID=15020) to work on /home/airflow/.local/lib/python3.12/site-packages/airflow/example_dags/example_branch_labels.py
[2024-06-03T10:51:53.956+0000] {processor.py:830} INFO - Processing file /home/airflow/.local/lib/python3.12/site-packages/airflow/example_dags/example_branch_labels.py for tasks to queue
[2024-06-03T10:51:53.958+0000] {logging_mixin.py:188} INFO - [2024-06-03T10:51:53.957+0000] {dagbag.py:545} INFO - Filling up the DagBag from /home/airflow/.local/lib/python3.12/site-packages/airflow/example_dags/example_branch_labels.py
[2024-06-03T10:51:53.967+0000] {processor.py:840} INFO - DAG(s) 'example_branch_labels' retrieved from /home/airflow/.local/lib/python3.12/site-packages/airflow/example_dags/example_branch_labels.py
[2024-06-03T10:51:53.993+0000] {logging_mixin.py:188} INFO - [2024-06-03T10:51:53.993+0000] {dag.py:3096} INFO - Sync 1 DAGs
[2024-06-03T10:51:54.025+0000] {logging_mixin.py:188} INFO - [2024-06-03T10:51:54.024+0000] {dag.py:3954} INFO - Setting next_dagrun for example_branch_labels to 2024-06-02 00:00:00+00:00, run_after=2024-06-03 00:00:00+00:00
[2024-06-03T10:51:54.046+0000] {processor.py:183} INFO - Processing /home/airflow/.local/lib/python3.12/site-packages/airflow/example_dags/example_branch_labels.py took 0.099 seconds
[2024-06-03T10:52:24.650+0000] {processor.py:161} INFO - Started process (PID=15276) to work on /home/airflow/.local/lib/python3.12/site-packages/airflow/example_dags/example_branch_labels.py
[2024-06-03T10:52:24.651+0000] {processor.py:830} INFO - Processing file /home/airflow/.local/lib/python3.12/site-packages/airflow/example_dags/example_branch_labels.py for tasks to queue
[2024-06-03T10:52:24.653+0000] {logging_mixin.py:188} INFO - [2024-06-03T10:52:24.653+0000] {dagbag.py:545} INFO - Filling up the DagBag from /home/airflow/.local/lib/python3.12/site-packages/airflow/example_dags/example_branch_labels.py
[2024-06-03T10:52:24.662+0000] {processor.py:840} INFO - DAG(s) 'example_branch_labels' retrieved from /home/airflow/.local/lib/python3.12/site-packages/airflow/example_dags/example_branch_labels.py
[2024-06-03T10:52:24.689+0000] {logging_mixin.py:188} INFO - [2024-06-03T10:52:24.688+0000] {dag.py:3096} INFO - Sync 1 DAGs
[2024-06-03T10:52:24.720+0000] {logging_mixin.py:188} INFO - [2024-06-03T10:52:24.720+0000] {dag.py:3954} INFO - Setting next_dagrun for example_branch_labels to 2024-06-02 00:00:00+00:00, run_after=2024-06-03 00:00:00+00:00
[2024-06-03T10:52:24.743+0000] {processor.py:183} INFO - Processing /home/airflow/.local/lib/python3.12/site-packages/airflow/example_dags/example_branch_labels.py took 0.100 seconds
[2024-06-03T10:52:55.073+0000] {processor.py:161} INFO - Started process (PID=15532) to work on /home/airflow/.local/lib/python3.12/site-packages/airflow/example_dags/example_branch_labels.py
[2024-06-03T10:52:55.073+0000] {processor.py:830} INFO - Processing file /home/airflow/.local/lib/python3.12/site-packages/airflow/example_dags/example_branch_labels.py for tasks to queue
[2024-06-03T10:52:55.075+0000] {logging_mixin.py:188} INFO - [2024-06-03T10:52:55.075+0000] {dagbag.py:545} INFO - Filling up the DagBag from /home/airflow/.local/lib/python3.12/site-packages/airflow/example_dags/example_branch_labels.py
[2024-06-03T10:52:55.084+0000] {processor.py:840} INFO - DAG(s) 'example_branch_labels' retrieved from /home/airflow/.local/lib/python3.12/site-packages/airflow/example_dags/example_branch_labels.py
[2024-06-03T10:52:55.110+0000] {logging_mixin.py:188} INFO - [2024-06-03T10:52:55.110+0000] {dag.py:3096} INFO - Sync 1 DAGs
[2024-06-03T10:52:55.141+0000] {logging_mixin.py:188} INFO - [2024-06-03T10:52:55.141+0000] {dag.py:3954} INFO - Setting next_dagrun for example_branch_labels to 2024-06-02 00:00:00+00:00, run_after=2024-06-03 00:00:00+00:00
[2024-06-03T10:52:55.163+0000] {processor.py:183} INFO - Processing /home/airflow/.local/lib/python3.12/site-packages/airflow/example_dags/example_branch_labels.py took 0.098 seconds
[2024-06-03T10:53:25.461+0000] {processor.py:161} INFO - Started process (PID=15788) to work on /home/airflow/.local/lib/python3.12/site-packages/airflow/example_dags/example_branch_labels.py
[2024-06-03T10:53:25.462+0000] {processor.py:830} INFO - Processing file /home/airflow/.local/lib/python3.12/site-packages/airflow/example_dags/example_branch_labels.py for tasks to queue
[2024-06-03T10:53:25.464+0000] {logging_mixin.py:188} INFO - [2024-06-03T10:53:25.464+0000] {dagbag.py:545} INFO - Filling up the DagBag from /home/airflow/.local/lib/python3.12/site-packages/airflow/example_dags/example_branch_labels.py
[2024-06-03T10:53:25.473+0000] {processor.py:840} INFO - DAG(s) 'example_branch_labels' retrieved from /home/airflow/.local/lib/python3.12/site-packages/airflow/example_dags/example_branch_labels.py
[2024-06-03T10:53:25.500+0000] {logging_mixin.py:188} INFO - [2024-06-03T10:53:25.500+0000] {dag.py:3096} INFO - Sync 1 DAGs
[2024-06-03T10:53:25.532+0000] {logging_mixin.py:188} INFO - [2024-06-03T10:53:25.531+0000] {dag.py:3954} INFO - Setting next_dagrun for example_branch_labels to 2024-06-02 00:00:00+00:00, run_after=2024-06-03 00:00:00+00:00
[2024-06-03T10:53:25.555+0000] {processor.py:183} INFO - Processing /home/airflow/.local/lib/python3.12/site-packages/airflow/example_dags/example_branch_labels.py took 0.101 seconds
