[2024-06-03T09:55:27.301+0000] {processor.py:161} INFO - Started process (PID=181) to work on /home/airflow/.local/lib/python3.12/site-packages/airflow/example_dags/example_branch_operator.py
[2024-06-03T09:55:27.314+0000] {processor.py:830} INFO - Processing file /home/airflow/.local/lib/python3.12/site-packages/airflow/example_dags/example_branch_operator.py for tasks to queue
[2024-06-03T09:55:27.316+0000] {logging_mixin.py:188} INFO - [2024-06-03T09:55:27.316+0000] {dagbag.py:545} INFO - Filling up the DagBag from /home/airflow/.local/lib/python3.12/site-packages/airflow/example_dags/example_branch_operator.py
[2024-06-03T09:55:27.421+0000] {processor.py:840} INFO - DAG(s) 'example_branch_operator' retrieved from /home/airflow/.local/lib/python3.12/site-packages/airflow/example_dags/example_branch_operator.py
[2024-06-03T09:55:28.261+0000] {logging_mixin.py:188} INFO - [2024-06-03T09:55:28.261+0000] {dag.py:3096} INFO - Sync 1 DAGs
[2024-06-03T09:55:28.332+0000] {logging_mixin.py:188} INFO - [2024-06-03T09:55:28.331+0000] {dag.py:3954} INFO - Setting next_dagrun for example_branch_operator to 2024-06-02 00:00:00+00:00, run_after=2024-06-03 00:00:00+00:00
[2024-06-03T09:55:28.416+0000] {processor.py:183} INFO - Processing /home/airflow/.local/lib/python3.12/site-packages/airflow/example_dags/example_branch_operator.py took 1.126 seconds
[2024-06-03T09:56:35.296+0000] {processor.py:161} INFO - Started process (PID=437) to work on /home/airflow/.local/lib/python3.12/site-packages/airflow/example_dags/example_branch_operator.py
[2024-06-03T09:56:35.357+0000] {processor.py:830} INFO - Processing file /home/airflow/.local/lib/python3.12/site-packages/airflow/example_dags/example_branch_operator.py for tasks to queue
[2024-06-03T09:56:35.421+0000] {logging_mixin.py:188} INFO - [2024-06-03T09:56:35.421+0000] {dagbag.py:545} INFO - Filling up the DagBag from /home/airflow/.local/lib/python3.12/site-packages/airflow/example_dags/example_branch_operator.py
[2024-06-03T09:56:36.086+0000] {processor.py:840} INFO - DAG(s) 'example_branch_operator' retrieved from /home/airflow/.local/lib/python3.12/site-packages/airflow/example_dags/example_branch_operator.py
[2024-06-03T09:56:36.910+0000] {logging_mixin.py:188} INFO - [2024-06-03T09:56:36.910+0000] {dag.py:3096} INFO - Sync 1 DAGs
[2024-06-03T09:56:37.850+0000] {logging_mixin.py:188} INFO - [2024-06-03T09:56:37.850+0000] {dag.py:3954} INFO - Setting next_dagrun for example_branch_operator to 2024-06-02 00:00:00+00:00, run_after=2024-06-03 00:00:00+00:00
[2024-06-03T09:56:39.358+0000] {processor.py:183} INFO - Processing /home/airflow/.local/lib/python3.12/site-packages/airflow/example_dags/example_branch_operator.py took 4.462 seconds
[2024-06-03T09:57:37.928+0000] {processor.py:161} INFO - Started process (PID=547) to work on /home/airflow/.local/lib/python3.12/site-packages/airflow/example_dags/example_branch_operator.py
[2024-06-03T09:57:38.025+0000] {processor.py:830} INFO - Processing file /home/airflow/.local/lib/python3.12/site-packages/airflow/example_dags/example_branch_operator.py for tasks to queue
[2024-06-03T09:57:38.272+0000] {logging_mixin.py:188} INFO - [2024-06-03T09:57:38.028+0000] {dagbag.py:545} INFO - Filling up the DagBag from /home/airflow/.local/lib/python3.12/site-packages/airflow/example_dags/example_branch_operator.py
[2024-06-03T09:57:39.426+0000] {processor.py:840} INFO - DAG(s) 'example_branch_operator' retrieved from /home/airflow/.local/lib/python3.12/site-packages/airflow/example_dags/example_branch_operator.py
[2024-06-03T09:57:40.835+0000] {logging_mixin.py:188} INFO - [2024-06-03T09:57:40.835+0000] {dag.py:3096} INFO - Sync 1 DAGs
[2024-06-03T09:57:43.071+0000] {logging_mixin.py:188} INFO - [2024-06-03T09:57:43.070+0000] {dag.py:3954} INFO - Setting next_dagrun for example_branch_operator to 2024-06-02 00:00:00+00:00, run_after=2024-06-03 00:00:00+00:00
[2024-06-03T09:57:43.933+0000] {processor.py:183} INFO - Processing /home/airflow/.local/lib/python3.12/site-packages/airflow/example_dags/example_branch_operator.py took 6.128 seconds
[2024-06-03T09:59:03.543+0000] {processor.py:161} INFO - Started process (PID=738) to work on /home/airflow/.local/lib/python3.12/site-packages/airflow/example_dags/example_branch_operator.py
[2024-06-03T09:59:03.602+0000] {processor.py:830} INFO - Processing file /home/airflow/.local/lib/python3.12/site-packages/airflow/example_dags/example_branch_operator.py for tasks to queue
[2024-06-03T09:59:03.605+0000] {logging_mixin.py:188} INFO - [2024-06-03T09:59:03.605+0000] {dagbag.py:545} INFO - Filling up the DagBag from /home/airflow/.local/lib/python3.12/site-packages/airflow/example_dags/example_branch_operator.py
[2024-06-03T09:59:05.218+0000] {processor.py:840} INFO - DAG(s) 'example_branch_operator' retrieved from /home/airflow/.local/lib/python3.12/site-packages/airflow/example_dags/example_branch_operator.py
[2024-06-03T09:59:06.320+0000] {logging_mixin.py:188} INFO - [2024-06-03T09:59:06.319+0000] {dag.py:3096} INFO - Sync 1 DAGs
[2024-06-03T09:59:07.168+0000] {logging_mixin.py:188} INFO - [2024-06-03T09:59:07.131+0000] {dag.py:3954} INFO - Setting next_dagrun for example_branch_operator to 2024-06-02 00:00:00+00:00, run_after=2024-06-03 00:00:00+00:00
[2024-06-03T09:59:07.731+0000] {processor.py:183} INFO - Processing /home/airflow/.local/lib/python3.12/site-packages/airflow/example_dags/example_branch_operator.py took 4.706 seconds
[2024-06-03T10:00:13.922+0000] {processor.py:161} INFO - Started process (PID=895) to work on /home/airflow/.local/lib/python3.12/site-packages/airflow/example_dags/example_branch_operator.py
[2024-06-03T10:00:13.931+0000] {processor.py:830} INFO - Processing file /home/airflow/.local/lib/python3.12/site-packages/airflow/example_dags/example_branch_operator.py for tasks to queue
[2024-06-03T10:00:13.934+0000] {logging_mixin.py:188} INFO - [2024-06-03T10:00:13.933+0000] {dagbag.py:545} INFO - Filling up the DagBag from /home/airflow/.local/lib/python3.12/site-packages/airflow/example_dags/example_branch_operator.py
[2024-06-03T10:00:13.989+0000] {processor.py:840} INFO - DAG(s) 'example_branch_operator' retrieved from /home/airflow/.local/lib/python3.12/site-packages/airflow/example_dags/example_branch_operator.py
[2024-06-03T10:00:14.165+0000] {logging_mixin.py:188} INFO - [2024-06-03T10:00:14.164+0000] {dag.py:3096} INFO - Sync 1 DAGs
[2024-06-03T10:00:14.392+0000] {logging_mixin.py:188} INFO - [2024-06-03T10:00:14.392+0000] {dag.py:3954} INFO - Setting next_dagrun for example_branch_operator to 2024-06-02 00:00:00+00:00, run_after=2024-06-03 00:00:00+00:00
[2024-06-03T10:00:14.584+0000] {processor.py:183} INFO - Processing /home/airflow/.local/lib/python3.12/site-packages/airflow/example_dags/example_branch_operator.py took 0.684 seconds
[2024-06-03T10:00:45.613+0000] {processor.py:161} INFO - Started process (PID=1151) to work on /home/airflow/.local/lib/python3.12/site-packages/airflow/example_dags/example_branch_operator.py
[2024-06-03T10:00:45.637+0000] {processor.py:830} INFO - Processing file /home/airflow/.local/lib/python3.12/site-packages/airflow/example_dags/example_branch_operator.py for tasks to queue
[2024-06-03T10:00:45.647+0000] {logging_mixin.py:188} INFO - [2024-06-03T10:00:45.647+0000] {dagbag.py:545} INFO - Filling up the DagBag from /home/airflow/.local/lib/python3.12/site-packages/airflow/example_dags/example_branch_operator.py
[2024-06-03T10:00:45.740+0000] {processor.py:840} INFO - DAG(s) 'example_branch_operator' retrieved from /home/airflow/.local/lib/python3.12/site-packages/airflow/example_dags/example_branch_operator.py
[2024-06-03T10:00:45.861+0000] {logging_mixin.py:188} INFO - [2024-06-03T10:00:45.860+0000] {dag.py:3096} INFO - Sync 1 DAGs
[2024-06-03T10:00:45.922+0000] {logging_mixin.py:188} INFO - [2024-06-03T10:00:45.922+0000] {dag.py:3954} INFO - Setting next_dagrun for example_branch_operator to 2024-06-02 00:00:00+00:00, run_after=2024-06-03 00:00:00+00:00
[2024-06-03T10:00:45.985+0000] {processor.py:183} INFO - Processing /home/airflow/.local/lib/python3.12/site-packages/airflow/example_dags/example_branch_operator.py took 0.386 seconds
[2024-06-03T10:01:41.522+0000] {processor.py:161} INFO - Started process (PID=1359) to work on /home/airflow/.local/lib/python3.12/site-packages/airflow/example_dags/example_branch_operator.py
[2024-06-03T10:01:41.581+0000] {processor.py:830} INFO - Processing file /home/airflow/.local/lib/python3.12/site-packages/airflow/example_dags/example_branch_operator.py for tasks to queue
[2024-06-03T10:01:41.583+0000] {logging_mixin.py:188} INFO - [2024-06-03T10:01:41.583+0000] {dagbag.py:545} INFO - Filling up the DagBag from /home/airflow/.local/lib/python3.12/site-packages/airflow/example_dags/example_branch_operator.py
[2024-06-03T10:01:42.164+0000] {processor.py:840} INFO - DAG(s) 'example_branch_operator' retrieved from /home/airflow/.local/lib/python3.12/site-packages/airflow/example_dags/example_branch_operator.py
[2024-06-03T10:01:43.724+0000] {logging_mixin.py:188} INFO - [2024-06-03T10:01:43.724+0000] {dag.py:3096} INFO - Sync 1 DAGs
[2024-06-03T10:01:44.833+0000] {logging_mixin.py:188} INFO - [2024-06-03T10:01:44.833+0000] {dag.py:3954} INFO - Setting next_dagrun for example_branch_operator to 2024-06-02 00:00:00+00:00, run_after=2024-06-03 00:00:00+00:00
[2024-06-03T10:01:45.582+0000] {processor.py:183} INFO - Processing /home/airflow/.local/lib/python3.12/site-packages/airflow/example_dags/example_branch_operator.py took 4.385 seconds
[2024-06-03T10:03:00.344+0000] {processor.py:161} INFO - Started process (PID=1525) to work on /home/airflow/.local/lib/python3.12/site-packages/airflow/example_dags/example_branch_operator.py
[2024-06-03T10:03:00.364+0000] {processor.py:830} INFO - Processing file /home/airflow/.local/lib/python3.12/site-packages/airflow/example_dags/example_branch_operator.py for tasks to queue
[2024-06-03T10:03:00.484+0000] {logging_mixin.py:188} INFO - [2024-06-03T10:03:00.424+0000] {dagbag.py:545} INFO - Filling up the DagBag from /home/airflow/.local/lib/python3.12/site-packages/airflow/example_dags/example_branch_operator.py
[2024-06-03T10:03:01.008+0000] {processor.py:840} INFO - DAG(s) 'example_branch_operator' retrieved from /home/airflow/.local/lib/python3.12/site-packages/airflow/example_dags/example_branch_operator.py
[2024-06-03T10:03:02.812+0000] {logging_mixin.py:188} INFO - [2024-06-03T10:03:02.812+0000] {dag.py:3096} INFO - Sync 1 DAGs
[2024-06-03T10:03:03.440+0000] {logging_mixin.py:188} INFO - [2024-06-03T10:03:03.440+0000] {dag.py:3954} INFO - Setting next_dagrun for example_branch_operator to 2024-06-02 00:00:00+00:00, run_after=2024-06-03 00:00:00+00:00
[2024-06-03T10:03:04.304+0000] {processor.py:183} INFO - Processing /home/airflow/.local/lib/python3.12/site-packages/airflow/example_dags/example_branch_operator.py took 4.220 seconds
[2024-06-03T10:04:20.021+0000] {processor.py:161} INFO - Started process (PID=1685) to work on /home/airflow/.local/lib/python3.12/site-packages/airflow/example_dags/example_branch_operator.py
[2024-06-03T10:04:20.095+0000] {processor.py:830} INFO - Processing file /home/airflow/.local/lib/python3.12/site-packages/airflow/example_dags/example_branch_operator.py for tasks to queue
[2024-06-03T10:04:20.097+0000] {logging_mixin.py:188} INFO - [2024-06-03T10:04:20.097+0000] {dagbag.py:545} INFO - Filling up the DagBag from /home/airflow/.local/lib/python3.12/site-packages/airflow/example_dags/example_branch_operator.py
[2024-06-03T10:04:21.199+0000] {processor.py:840} INFO - DAG(s) 'example_branch_operator' retrieved from /home/airflow/.local/lib/python3.12/site-packages/airflow/example_dags/example_branch_operator.py
[2024-06-03T10:04:22.696+0000] {logging_mixin.py:188} INFO - [2024-06-03T10:04:22.696+0000] {dag.py:3096} INFO - Sync 1 DAGs
[2024-06-03T10:04:24.558+0000] {logging_mixin.py:188} INFO - [2024-06-03T10:04:24.557+0000] {dag.py:3954} INFO - Setting next_dagrun for example_branch_operator to 2024-06-02 00:00:00+00:00, run_after=2024-06-03 00:00:00+00:00
[2024-06-03T10:04:25.556+0000] {processor.py:183} INFO - Processing /home/airflow/.local/lib/python3.12/site-packages/airflow/example_dags/example_branch_operator.py took 5.918 seconds
[2024-06-03T10:05:18.633+0000] {processor.py:161} INFO - Started process (PID=1866) to work on /home/airflow/.local/lib/python3.12/site-packages/airflow/example_dags/example_branch_operator.py
[2024-06-03T10:05:18.641+0000] {processor.py:830} INFO - Processing file /home/airflow/.local/lib/python3.12/site-packages/airflow/example_dags/example_branch_operator.py for tasks to queue
[2024-06-03T10:05:18.654+0000] {logging_mixin.py:188} INFO - [2024-06-03T10:05:18.643+0000] {dagbag.py:545} INFO - Filling up the DagBag from /home/airflow/.local/lib/python3.12/site-packages/airflow/example_dags/example_branch_operator.py
[2024-06-03T10:05:18.763+0000] {processor.py:840} INFO - DAG(s) 'example_branch_operator' retrieved from /home/airflow/.local/lib/python3.12/site-packages/airflow/example_dags/example_branch_operator.py
[2024-06-03T10:05:18.983+0000] {logging_mixin.py:188} INFO - [2024-06-03T10:05:18.983+0000] {dag.py:3096} INFO - Sync 1 DAGs
[2024-06-03T10:05:19.091+0000] {logging_mixin.py:188} INFO - [2024-06-03T10:05:19.091+0000] {dag.py:3954} INFO - Setting next_dagrun for example_branch_operator to 2024-06-02 00:00:00+00:00, run_after=2024-06-03 00:00:00+00:00
[2024-06-03T10:05:19.240+0000] {processor.py:183} INFO - Processing /home/airflow/.local/lib/python3.12/site-packages/airflow/example_dags/example_branch_operator.py took 0.636 seconds
[2024-06-03T10:05:50.368+0000] {processor.py:161} INFO - Started process (PID=2118) to work on /home/airflow/.local/lib/python3.12/site-packages/airflow/example_dags/example_branch_operator.py
[2024-06-03T10:05:50.397+0000] {processor.py:830} INFO - Processing file /home/airflow/.local/lib/python3.12/site-packages/airflow/example_dags/example_branch_operator.py for tasks to queue
[2024-06-03T10:05:50.399+0000] {logging_mixin.py:188} INFO - [2024-06-03T10:05:50.399+0000] {dagbag.py:545} INFO - Filling up the DagBag from /home/airflow/.local/lib/python3.12/site-packages/airflow/example_dags/example_branch_operator.py
[2024-06-03T10:05:50.510+0000] {processor.py:840} INFO - DAG(s) 'example_branch_operator' retrieved from /home/airflow/.local/lib/python3.12/site-packages/airflow/example_dags/example_branch_operator.py
[2024-06-03T10:05:50.846+0000] {logging_mixin.py:188} INFO - [2024-06-03T10:05:50.846+0000] {dag.py:3096} INFO - Sync 1 DAGs
[2024-06-03T10:05:51.060+0000] {logging_mixin.py:188} INFO - [2024-06-03T10:05:51.060+0000] {dag.py:3954} INFO - Setting next_dagrun for example_branch_operator to 2024-06-02 00:00:00+00:00, run_after=2024-06-03 00:00:00+00:00
[2024-06-03T10:05:51.576+0000] {processor.py:183} INFO - Processing /home/airflow/.local/lib/python3.12/site-packages/airflow/example_dags/example_branch_operator.py took 1.225 seconds
[2024-06-03T10:22:26.977+0000] {processor.py:161} INFO - Started process (PID=185) to work on /home/airflow/.local/lib/python3.12/site-packages/airflow/example_dags/example_branch_operator.py
[2024-06-03T10:22:26.979+0000] {processor.py:830} INFO - Processing file /home/airflow/.local/lib/python3.12/site-packages/airflow/example_dags/example_branch_operator.py for tasks to queue
[2024-06-03T10:22:26.980+0000] {logging_mixin.py:188} INFO - [2024-06-03T10:22:26.980+0000] {dagbag.py:545} INFO - Filling up the DagBag from /home/airflow/.local/lib/python3.12/site-packages/airflow/example_dags/example_branch_operator.py
[2024-06-03T10:22:27.008+0000] {processor.py:840} INFO - DAG(s) 'example_branch_operator' retrieved from /home/airflow/.local/lib/python3.12/site-packages/airflow/example_dags/example_branch_operator.py
[2024-06-03T10:22:27.179+0000] {logging_mixin.py:188} INFO - [2024-06-03T10:22:27.179+0000] {dag.py:3096} INFO - Sync 1 DAGs
[2024-06-03T10:22:27.210+0000] {logging_mixin.py:188} INFO - [2024-06-03T10:22:27.210+0000] {dag.py:3954} INFO - Setting next_dagrun for example_branch_operator to 2024-06-02 00:00:00+00:00, run_after=2024-06-03 00:00:00+00:00
[2024-06-03T10:22:27.236+0000] {processor.py:183} INFO - Processing /home/airflow/.local/lib/python3.12/site-packages/airflow/example_dags/example_branch_operator.py took 0.265 seconds
[2024-06-03T10:22:57.669+0000] {processor.py:161} INFO - Started process (PID=441) to work on /home/airflow/.local/lib/python3.12/site-packages/airflow/example_dags/example_branch_operator.py
[2024-06-03T10:22:57.670+0000] {processor.py:830} INFO - Processing file /home/airflow/.local/lib/python3.12/site-packages/airflow/example_dags/example_branch_operator.py for tasks to queue
[2024-06-03T10:22:57.671+0000] {logging_mixin.py:188} INFO - [2024-06-03T10:22:57.671+0000] {dagbag.py:545} INFO - Filling up the DagBag from /home/airflow/.local/lib/python3.12/site-packages/airflow/example_dags/example_branch_operator.py
[2024-06-03T10:22:57.693+0000] {processor.py:840} INFO - DAG(s) 'example_branch_operator' retrieved from /home/airflow/.local/lib/python3.12/site-packages/airflow/example_dags/example_branch_operator.py
[2024-06-03T10:22:57.738+0000] {logging_mixin.py:188} INFO - [2024-06-03T10:22:57.737+0000] {dag.py:3096} INFO - Sync 1 DAGs
[2024-06-03T10:22:57.773+0000] {logging_mixin.py:188} INFO - [2024-06-03T10:22:57.772+0000] {dag.py:3954} INFO - Setting next_dagrun for example_branch_operator to 2024-06-02 00:00:00+00:00, run_after=2024-06-03 00:00:00+00:00
[2024-06-03T10:22:57.798+0000] {processor.py:183} INFO - Processing /home/airflow/.local/lib/python3.12/site-packages/airflow/example_dags/example_branch_operator.py took 0.136 seconds
[2024-06-03T10:23:28.150+0000] {processor.py:161} INFO - Started process (PID=695) to work on /home/airflow/.local/lib/python3.12/site-packages/airflow/example_dags/example_branch_operator.py
[2024-06-03T10:23:28.151+0000] {processor.py:830} INFO - Processing file /home/airflow/.local/lib/python3.12/site-packages/airflow/example_dags/example_branch_operator.py for tasks to queue
[2024-06-03T10:23:28.152+0000] {logging_mixin.py:188} INFO - [2024-06-03T10:23:28.152+0000] {dagbag.py:545} INFO - Filling up the DagBag from /home/airflow/.local/lib/python3.12/site-packages/airflow/example_dags/example_branch_operator.py
[2024-06-03T10:23:28.177+0000] {processor.py:840} INFO - DAG(s) 'example_branch_operator' retrieved from /home/airflow/.local/lib/python3.12/site-packages/airflow/example_dags/example_branch_operator.py
[2024-06-03T10:23:28.230+0000] {logging_mixin.py:188} INFO - [2024-06-03T10:23:28.229+0000] {dag.py:3096} INFO - Sync 1 DAGs
[2024-06-03T10:23:28.274+0000] {logging_mixin.py:188} INFO - [2024-06-03T10:23:28.274+0000] {dag.py:3954} INFO - Setting next_dagrun for example_branch_operator to 2024-06-02 00:00:00+00:00, run_after=2024-06-03 00:00:00+00:00
[2024-06-03T10:23:28.308+0000] {processor.py:183} INFO - Processing /home/airflow/.local/lib/python3.12/site-packages/airflow/example_dags/example_branch_operator.py took 0.165 seconds
[2024-06-03T10:23:58.492+0000] {processor.py:161} INFO - Started process (PID=953) to work on /home/airflow/.local/lib/python3.12/site-packages/airflow/example_dags/example_branch_operator.py
[2024-06-03T10:23:58.493+0000] {processor.py:830} INFO - Processing file /home/airflow/.local/lib/python3.12/site-packages/airflow/example_dags/example_branch_operator.py for tasks to queue
[2024-06-03T10:23:58.495+0000] {logging_mixin.py:188} INFO - [2024-06-03T10:23:58.494+0000] {dagbag.py:545} INFO - Filling up the DagBag from /home/airflow/.local/lib/python3.12/site-packages/airflow/example_dags/example_branch_operator.py
[2024-06-03T10:23:58.517+0000] {processor.py:840} INFO - DAG(s) 'example_branch_operator' retrieved from /home/airflow/.local/lib/python3.12/site-packages/airflow/example_dags/example_branch_operator.py
[2024-06-03T10:23:58.571+0000] {logging_mixin.py:188} INFO - [2024-06-03T10:23:58.570+0000] {dag.py:3096} INFO - Sync 1 DAGs
[2024-06-03T10:23:58.613+0000] {logging_mixin.py:188} INFO - [2024-06-03T10:23:58.613+0000] {dag.py:3954} INFO - Setting next_dagrun for example_branch_operator to 2024-06-02 00:00:00+00:00, run_after=2024-06-03 00:00:00+00:00
[2024-06-03T10:23:58.646+0000] {processor.py:183} INFO - Processing /home/airflow/.local/lib/python3.12/site-packages/airflow/example_dags/example_branch_operator.py took 0.160 seconds
[2024-06-03T10:24:29.097+0000] {processor.py:161} INFO - Started process (PID=1209) to work on /home/airflow/.local/lib/python3.12/site-packages/airflow/example_dags/example_branch_operator.py
[2024-06-03T10:24:29.098+0000] {processor.py:830} INFO - Processing file /home/airflow/.local/lib/python3.12/site-packages/airflow/example_dags/example_branch_operator.py for tasks to queue
[2024-06-03T10:24:29.100+0000] {logging_mixin.py:188} INFO - [2024-06-03T10:24:29.100+0000] {dagbag.py:545} INFO - Filling up the DagBag from /home/airflow/.local/lib/python3.12/site-packages/airflow/example_dags/example_branch_operator.py
[2024-06-03T10:24:29.122+0000] {processor.py:840} INFO - DAG(s) 'example_branch_operator' retrieved from /home/airflow/.local/lib/python3.12/site-packages/airflow/example_dags/example_branch_operator.py
[2024-06-03T10:24:29.164+0000] {logging_mixin.py:188} INFO - [2024-06-03T10:24:29.163+0000] {dag.py:3096} INFO - Sync 1 DAGs
[2024-06-03T10:24:29.195+0000] {logging_mixin.py:188} INFO - [2024-06-03T10:24:29.195+0000] {dag.py:3954} INFO - Setting next_dagrun for example_branch_operator to 2024-06-02 00:00:00+00:00, run_after=2024-06-03 00:00:00+00:00
[2024-06-03T10:24:29.219+0000] {processor.py:183} INFO - Processing /home/airflow/.local/lib/python3.12/site-packages/airflow/example_dags/example_branch_operator.py took 0.129 seconds
[2024-06-03T10:24:59.759+0000] {processor.py:161} INFO - Started process (PID=1465) to work on /home/airflow/.local/lib/python3.12/site-packages/airflow/example_dags/example_branch_operator.py
[2024-06-03T10:24:59.760+0000] {processor.py:830} INFO - Processing file /home/airflow/.local/lib/python3.12/site-packages/airflow/example_dags/example_branch_operator.py for tasks to queue
[2024-06-03T10:24:59.761+0000] {logging_mixin.py:188} INFO - [2024-06-03T10:24:59.761+0000] {dagbag.py:545} INFO - Filling up the DagBag from /home/airflow/.local/lib/python3.12/site-packages/airflow/example_dags/example_branch_operator.py
[2024-06-03T10:24:59.783+0000] {processor.py:840} INFO - DAG(s) 'example_branch_operator' retrieved from /home/airflow/.local/lib/python3.12/site-packages/airflow/example_dags/example_branch_operator.py
[2024-06-03T10:24:59.825+0000] {logging_mixin.py:188} INFO - [2024-06-03T10:24:59.824+0000] {dag.py:3096} INFO - Sync 1 DAGs
[2024-06-03T10:24:59.856+0000] {logging_mixin.py:188} INFO - [2024-06-03T10:24:59.856+0000] {dag.py:3954} INFO - Setting next_dagrun for example_branch_operator to 2024-06-02 00:00:00+00:00, run_after=2024-06-03 00:00:00+00:00
[2024-06-03T10:24:59.879+0000] {processor.py:183} INFO - Processing /home/airflow/.local/lib/python3.12/site-packages/airflow/example_dags/example_branch_operator.py took 0.126 seconds
[2024-06-03T10:25:30.025+0000] {processor.py:161} INFO - Started process (PID=1721) to work on /home/airflow/.local/lib/python3.12/site-packages/airflow/example_dags/example_branch_operator.py
[2024-06-03T10:25:30.026+0000] {processor.py:830} INFO - Processing file /home/airflow/.local/lib/python3.12/site-packages/airflow/example_dags/example_branch_operator.py for tasks to queue
[2024-06-03T10:25:30.028+0000] {logging_mixin.py:188} INFO - [2024-06-03T10:25:30.028+0000] {dagbag.py:545} INFO - Filling up the DagBag from /home/airflow/.local/lib/python3.12/site-packages/airflow/example_dags/example_branch_operator.py
[2024-06-03T10:25:30.051+0000] {processor.py:840} INFO - DAG(s) 'example_branch_operator' retrieved from /home/airflow/.local/lib/python3.12/site-packages/airflow/example_dags/example_branch_operator.py
[2024-06-03T10:25:30.092+0000] {logging_mixin.py:188} INFO - [2024-06-03T10:25:30.092+0000] {dag.py:3096} INFO - Sync 1 DAGs
[2024-06-03T10:25:30.124+0000] {logging_mixin.py:188} INFO - [2024-06-03T10:25:30.124+0000] {dag.py:3954} INFO - Setting next_dagrun for example_branch_operator to 2024-06-02 00:00:00+00:00, run_after=2024-06-03 00:00:00+00:00
[2024-06-03T10:25:30.150+0000] {processor.py:183} INFO - Processing /home/airflow/.local/lib/python3.12/site-packages/airflow/example_dags/example_branch_operator.py took 0.131 seconds
[2024-06-03T10:26:00.392+0000] {processor.py:161} INFO - Started process (PID=1977) to work on /home/airflow/.local/lib/python3.12/site-packages/airflow/example_dags/example_branch_operator.py
[2024-06-03T10:26:00.393+0000] {processor.py:830} INFO - Processing file /home/airflow/.local/lib/python3.12/site-packages/airflow/example_dags/example_branch_operator.py for tasks to queue
[2024-06-03T10:26:00.394+0000] {logging_mixin.py:188} INFO - [2024-06-03T10:26:00.394+0000] {dagbag.py:545} INFO - Filling up the DagBag from /home/airflow/.local/lib/python3.12/site-packages/airflow/example_dags/example_branch_operator.py
[2024-06-03T10:26:00.416+0000] {processor.py:840} INFO - DAG(s) 'example_branch_operator' retrieved from /home/airflow/.local/lib/python3.12/site-packages/airflow/example_dags/example_branch_operator.py
[2024-06-03T10:26:00.458+0000] {logging_mixin.py:188} INFO - [2024-06-03T10:26:00.457+0000] {dag.py:3096} INFO - Sync 1 DAGs
[2024-06-03T10:26:00.492+0000] {logging_mixin.py:188} INFO - [2024-06-03T10:26:00.492+0000] {dag.py:3954} INFO - Setting next_dagrun for example_branch_operator to 2024-06-02 00:00:00+00:00, run_after=2024-06-03 00:00:00+00:00
[2024-06-03T10:26:00.518+0000] {processor.py:183} INFO - Processing /home/airflow/.local/lib/python3.12/site-packages/airflow/example_dags/example_branch_operator.py took 0.133 seconds
[2024-06-03T10:26:31.069+0000] {processor.py:161} INFO - Started process (PID=2233) to work on /home/airflow/.local/lib/python3.12/site-packages/airflow/example_dags/example_branch_operator.py
[2024-06-03T10:26:31.070+0000] {processor.py:830} INFO - Processing file /home/airflow/.local/lib/python3.12/site-packages/airflow/example_dags/example_branch_operator.py for tasks to queue
[2024-06-03T10:26:31.071+0000] {logging_mixin.py:188} INFO - [2024-06-03T10:26:31.071+0000] {dagbag.py:545} INFO - Filling up the DagBag from /home/airflow/.local/lib/python3.12/site-packages/airflow/example_dags/example_branch_operator.py
[2024-06-03T10:26:31.093+0000] {processor.py:840} INFO - DAG(s) 'example_branch_operator' retrieved from /home/airflow/.local/lib/python3.12/site-packages/airflow/example_dags/example_branch_operator.py
[2024-06-03T10:26:31.134+0000] {logging_mixin.py:188} INFO - [2024-06-03T10:26:31.134+0000] {dag.py:3096} INFO - Sync 1 DAGs
[2024-06-03T10:26:31.167+0000] {logging_mixin.py:188} INFO - [2024-06-03T10:26:31.166+0000] {dag.py:3954} INFO - Setting next_dagrun for example_branch_operator to 2024-06-02 00:00:00+00:00, run_after=2024-06-03 00:00:00+00:00
[2024-06-03T10:26:31.193+0000] {processor.py:183} INFO - Processing /home/airflow/.local/lib/python3.12/site-packages/airflow/example_dags/example_branch_operator.py took 0.130 seconds
[2024-06-03T10:27:01.295+0000] {processor.py:161} INFO - Started process (PID=2489) to work on /home/airflow/.local/lib/python3.12/site-packages/airflow/example_dags/example_branch_operator.py
[2024-06-03T10:27:01.296+0000] {processor.py:830} INFO - Processing file /home/airflow/.local/lib/python3.12/site-packages/airflow/example_dags/example_branch_operator.py for tasks to queue
[2024-06-03T10:27:01.297+0000] {logging_mixin.py:188} INFO - [2024-06-03T10:27:01.297+0000] {dagbag.py:545} INFO - Filling up the DagBag from /home/airflow/.local/lib/python3.12/site-packages/airflow/example_dags/example_branch_operator.py
[2024-06-03T10:27:01.319+0000] {processor.py:840} INFO - DAG(s) 'example_branch_operator' retrieved from /home/airflow/.local/lib/python3.12/site-packages/airflow/example_dags/example_branch_operator.py
[2024-06-03T10:27:01.361+0000] {logging_mixin.py:188} INFO - [2024-06-03T10:27:01.361+0000] {dag.py:3096} INFO - Sync 1 DAGs
[2024-06-03T10:27:01.393+0000] {logging_mixin.py:188} INFO - [2024-06-03T10:27:01.393+0000] {dag.py:3954} INFO - Setting next_dagrun for example_branch_operator to 2024-06-02 00:00:00+00:00, run_after=2024-06-03 00:00:00+00:00
[2024-06-03T10:27:01.418+0000] {processor.py:183} INFO - Processing /home/airflow/.local/lib/python3.12/site-packages/airflow/example_dags/example_branch_operator.py took 0.130 seconds
[2024-06-03T10:27:31.782+0000] {processor.py:161} INFO - Started process (PID=2745) to work on /home/airflow/.local/lib/python3.12/site-packages/airflow/example_dags/example_branch_operator.py
[2024-06-03T10:27:31.784+0000] {processor.py:830} INFO - Processing file /home/airflow/.local/lib/python3.12/site-packages/airflow/example_dags/example_branch_operator.py for tasks to queue
[2024-06-03T10:27:31.785+0000] {logging_mixin.py:188} INFO - [2024-06-03T10:27:31.785+0000] {dagbag.py:545} INFO - Filling up the DagBag from /home/airflow/.local/lib/python3.12/site-packages/airflow/example_dags/example_branch_operator.py
[2024-06-03T10:27:31.807+0000] {processor.py:840} INFO - DAG(s) 'example_branch_operator' retrieved from /home/airflow/.local/lib/python3.12/site-packages/airflow/example_dags/example_branch_operator.py
[2024-06-03T10:27:31.852+0000] {logging_mixin.py:188} INFO - [2024-06-03T10:27:31.852+0000] {dag.py:3096} INFO - Sync 1 DAGs
[2024-06-03T10:27:31.886+0000] {logging_mixin.py:188} INFO - [2024-06-03T10:27:31.885+0000] {dag.py:3954} INFO - Setting next_dagrun for example_branch_operator to 2024-06-02 00:00:00+00:00, run_after=2024-06-03 00:00:00+00:00
[2024-06-03T10:27:31.912+0000] {processor.py:183} INFO - Processing /home/airflow/.local/lib/python3.12/site-packages/airflow/example_dags/example_branch_operator.py took 0.136 seconds
[2024-06-03T10:28:02.039+0000] {processor.py:161} INFO - Started process (PID=3001) to work on /home/airflow/.local/lib/python3.12/site-packages/airflow/example_dags/example_branch_operator.py
[2024-06-03T10:28:02.040+0000] {processor.py:830} INFO - Processing file /home/airflow/.local/lib/python3.12/site-packages/airflow/example_dags/example_branch_operator.py for tasks to queue
[2024-06-03T10:28:02.042+0000] {logging_mixin.py:188} INFO - [2024-06-03T10:28:02.042+0000] {dagbag.py:545} INFO - Filling up the DagBag from /home/airflow/.local/lib/python3.12/site-packages/airflow/example_dags/example_branch_operator.py
[2024-06-03T10:28:02.072+0000] {processor.py:840} INFO - DAG(s) 'example_branch_operator' retrieved from /home/airflow/.local/lib/python3.12/site-packages/airflow/example_dags/example_branch_operator.py
[2024-06-03T10:28:02.123+0000] {logging_mixin.py:188} INFO - [2024-06-03T10:28:02.122+0000] {dag.py:3096} INFO - Sync 1 DAGs
[2024-06-03T10:28:02.162+0000] {logging_mixin.py:188} INFO - [2024-06-03T10:28:02.162+0000] {dag.py:3954} INFO - Setting next_dagrun for example_branch_operator to 2024-06-02 00:00:00+00:00, run_after=2024-06-03 00:00:00+00:00
[2024-06-03T10:28:02.190+0000] {processor.py:183} INFO - Processing /home/airflow/.local/lib/python3.12/site-packages/airflow/example_dags/example_branch_operator.py took 0.159 seconds
[2024-06-03T10:28:32.294+0000] {processor.py:161} INFO - Started process (PID=3257) to work on /home/airflow/.local/lib/python3.12/site-packages/airflow/example_dags/example_branch_operator.py
[2024-06-03T10:28:32.295+0000] {processor.py:830} INFO - Processing file /home/airflow/.local/lib/python3.12/site-packages/airflow/example_dags/example_branch_operator.py for tasks to queue
[2024-06-03T10:28:32.297+0000] {logging_mixin.py:188} INFO - [2024-06-03T10:28:32.297+0000] {dagbag.py:545} INFO - Filling up the DagBag from /home/airflow/.local/lib/python3.12/site-packages/airflow/example_dags/example_branch_operator.py
[2024-06-03T10:28:32.319+0000] {processor.py:840} INFO - DAG(s) 'example_branch_operator' retrieved from /home/airflow/.local/lib/python3.12/site-packages/airflow/example_dags/example_branch_operator.py
[2024-06-03T10:28:32.366+0000] {logging_mixin.py:188} INFO - [2024-06-03T10:28:32.366+0000] {dag.py:3096} INFO - Sync 1 DAGs
[2024-06-03T10:28:32.400+0000] {logging_mixin.py:188} INFO - [2024-06-03T10:28:32.399+0000] {dag.py:3954} INFO - Setting next_dagrun for example_branch_operator to 2024-06-02 00:00:00+00:00, run_after=2024-06-03 00:00:00+00:00
[2024-06-03T10:28:32.425+0000] {processor.py:183} INFO - Processing /home/airflow/.local/lib/python3.12/site-packages/airflow/example_dags/example_branch_operator.py took 0.138 seconds
[2024-06-03T10:29:02.515+0000] {processor.py:161} INFO - Started process (PID=3513) to work on /home/airflow/.local/lib/python3.12/site-packages/airflow/example_dags/example_branch_operator.py
[2024-06-03T10:29:02.516+0000] {processor.py:830} INFO - Processing file /home/airflow/.local/lib/python3.12/site-packages/airflow/example_dags/example_branch_operator.py for tasks to queue
[2024-06-03T10:29:02.517+0000] {logging_mixin.py:188} INFO - [2024-06-03T10:29:02.517+0000] {dagbag.py:545} INFO - Filling up the DagBag from /home/airflow/.local/lib/python3.12/site-packages/airflow/example_dags/example_branch_operator.py
[2024-06-03T10:29:02.540+0000] {processor.py:840} INFO - DAG(s) 'example_branch_operator' retrieved from /home/airflow/.local/lib/python3.12/site-packages/airflow/example_dags/example_branch_operator.py
[2024-06-03T10:29:02.589+0000] {logging_mixin.py:188} INFO - [2024-06-03T10:29:02.588+0000] {dag.py:3096} INFO - Sync 1 DAGs
[2024-06-03T10:29:02.630+0000] {logging_mixin.py:188} INFO - [2024-06-03T10:29:02.630+0000] {dag.py:3954} INFO - Setting next_dagrun for example_branch_operator to 2024-06-02 00:00:00+00:00, run_after=2024-06-03 00:00:00+00:00
[2024-06-03T10:29:02.658+0000] {processor.py:183} INFO - Processing /home/airflow/.local/lib/python3.12/site-packages/airflow/example_dags/example_branch_operator.py took 0.150 seconds
[2024-06-03T10:29:32.830+0000] {processor.py:161} INFO - Started process (PID=3769) to work on /home/airflow/.local/lib/python3.12/site-packages/airflow/example_dags/example_branch_operator.py
[2024-06-03T10:29:32.831+0000] {processor.py:830} INFO - Processing file /home/airflow/.local/lib/python3.12/site-packages/airflow/example_dags/example_branch_operator.py for tasks to queue
[2024-06-03T10:29:32.832+0000] {logging_mixin.py:188} INFO - [2024-06-03T10:29:32.832+0000] {dagbag.py:545} INFO - Filling up the DagBag from /home/airflow/.local/lib/python3.12/site-packages/airflow/example_dags/example_branch_operator.py
[2024-06-03T10:29:32.854+0000] {processor.py:840} INFO - DAG(s) 'example_branch_operator' retrieved from /home/airflow/.local/lib/python3.12/site-packages/airflow/example_dags/example_branch_operator.py
[2024-06-03T10:29:32.900+0000] {logging_mixin.py:188} INFO - [2024-06-03T10:29:32.900+0000] {dag.py:3096} INFO - Sync 1 DAGs
[2024-06-03T10:29:32.933+0000] {logging_mixin.py:188} INFO - [2024-06-03T10:29:32.933+0000] {dag.py:3954} INFO - Setting next_dagrun for example_branch_operator to 2024-06-02 00:00:00+00:00, run_after=2024-06-03 00:00:00+00:00
[2024-06-03T10:29:32.960+0000] {processor.py:183} INFO - Processing /home/airflow/.local/lib/python3.12/site-packages/airflow/example_dags/example_branch_operator.py took 0.137 seconds
[2024-06-03T10:30:03.042+0000] {processor.py:161} INFO - Started process (PID=4023) to work on /home/airflow/.local/lib/python3.12/site-packages/airflow/example_dags/example_branch_operator.py
[2024-06-03T10:30:03.043+0000] {processor.py:830} INFO - Processing file /home/airflow/.local/lib/python3.12/site-packages/airflow/example_dags/example_branch_operator.py for tasks to queue
[2024-06-03T10:30:03.045+0000] {logging_mixin.py:188} INFO - [2024-06-03T10:30:03.044+0000] {dagbag.py:545} INFO - Filling up the DagBag from /home/airflow/.local/lib/python3.12/site-packages/airflow/example_dags/example_branch_operator.py
[2024-06-03T10:30:03.072+0000] {processor.py:840} INFO - DAG(s) 'example_branch_operator' retrieved from /home/airflow/.local/lib/python3.12/site-packages/airflow/example_dags/example_branch_operator.py
[2024-06-03T10:30:03.114+0000] {logging_mixin.py:188} INFO - [2024-06-03T10:30:03.114+0000] {dag.py:3096} INFO - Sync 1 DAGs
[2024-06-03T10:30:03.147+0000] {logging_mixin.py:188} INFO - [2024-06-03T10:30:03.147+0000] {dag.py:3954} INFO - Setting next_dagrun for example_branch_operator to 2024-06-02 00:00:00+00:00, run_after=2024-06-03 00:00:00+00:00
[2024-06-03T10:30:03.172+0000] {processor.py:183} INFO - Processing /home/airflow/.local/lib/python3.12/site-packages/airflow/example_dags/example_branch_operator.py took 0.137 seconds
[2024-06-03T10:30:33.356+0000] {processor.py:161} INFO - Started process (PID=4279) to work on /home/airflow/.local/lib/python3.12/site-packages/airflow/example_dags/example_branch_operator.py
[2024-06-03T10:30:33.357+0000] {processor.py:830} INFO - Processing file /home/airflow/.local/lib/python3.12/site-packages/airflow/example_dags/example_branch_operator.py for tasks to queue
[2024-06-03T10:30:33.359+0000] {logging_mixin.py:188} INFO - [2024-06-03T10:30:33.359+0000] {dagbag.py:545} INFO - Filling up the DagBag from /home/airflow/.local/lib/python3.12/site-packages/airflow/example_dags/example_branch_operator.py
[2024-06-03T10:30:33.383+0000] {processor.py:840} INFO - DAG(s) 'example_branch_operator' retrieved from /home/airflow/.local/lib/python3.12/site-packages/airflow/example_dags/example_branch_operator.py
[2024-06-03T10:30:33.426+0000] {logging_mixin.py:188} INFO - [2024-06-03T10:30:33.426+0000] {dag.py:3096} INFO - Sync 1 DAGs
[2024-06-03T10:30:33.460+0000] {logging_mixin.py:188} INFO - [2024-06-03T10:30:33.460+0000] {dag.py:3954} INFO - Setting next_dagrun for example_branch_operator to 2024-06-02 00:00:00+00:00, run_after=2024-06-03 00:00:00+00:00
[2024-06-03T10:30:33.486+0000] {processor.py:183} INFO - Processing /home/airflow/.local/lib/python3.12/site-packages/airflow/example_dags/example_branch_operator.py took 0.137 seconds
[2024-06-03T10:31:03.640+0000] {processor.py:161} INFO - Started process (PID=4537) to work on /home/airflow/.local/lib/python3.12/site-packages/airflow/example_dags/example_branch_operator.py
[2024-06-03T10:31:03.640+0000] {processor.py:830} INFO - Processing file /home/airflow/.local/lib/python3.12/site-packages/airflow/example_dags/example_branch_operator.py for tasks to queue
[2024-06-03T10:31:03.642+0000] {logging_mixin.py:188} INFO - [2024-06-03T10:31:03.641+0000] {dagbag.py:545} INFO - Filling up the DagBag from /home/airflow/.local/lib/python3.12/site-packages/airflow/example_dags/example_branch_operator.py
[2024-06-03T10:31:03.664+0000] {processor.py:840} INFO - DAG(s) 'example_branch_operator' retrieved from /home/airflow/.local/lib/python3.12/site-packages/airflow/example_dags/example_branch_operator.py
[2024-06-03T10:31:03.706+0000] {logging_mixin.py:188} INFO - [2024-06-03T10:31:03.705+0000] {dag.py:3096} INFO - Sync 1 DAGs
[2024-06-03T10:31:03.738+0000] {logging_mixin.py:188} INFO - [2024-06-03T10:31:03.737+0000] {dag.py:3954} INFO - Setting next_dagrun for example_branch_operator to 2024-06-02 00:00:00+00:00, run_after=2024-06-03 00:00:00+00:00
[2024-06-03T10:31:03.762+0000] {processor.py:183} INFO - Processing /home/airflow/.local/lib/python3.12/site-packages/airflow/example_dags/example_branch_operator.py took 0.129 seconds
[2024-06-03T10:31:34.108+0000] {processor.py:161} INFO - Started process (PID=4793) to work on /home/airflow/.local/lib/python3.12/site-packages/airflow/example_dags/example_branch_operator.py
[2024-06-03T10:31:34.109+0000] {processor.py:830} INFO - Processing file /home/airflow/.local/lib/python3.12/site-packages/airflow/example_dags/example_branch_operator.py for tasks to queue
[2024-06-03T10:31:34.111+0000] {logging_mixin.py:188} INFO - [2024-06-03T10:31:34.110+0000] {dagbag.py:545} INFO - Filling up the DagBag from /home/airflow/.local/lib/python3.12/site-packages/airflow/example_dags/example_branch_operator.py
[2024-06-03T10:31:34.133+0000] {processor.py:840} INFO - DAG(s) 'example_branch_operator' retrieved from /home/airflow/.local/lib/python3.12/site-packages/airflow/example_dags/example_branch_operator.py
[2024-06-03T10:31:34.175+0000] {logging_mixin.py:188} INFO - [2024-06-03T10:31:34.175+0000] {dag.py:3096} INFO - Sync 1 DAGs
[2024-06-03T10:31:34.207+0000] {logging_mixin.py:188} INFO - [2024-06-03T10:31:34.207+0000] {dag.py:3954} INFO - Setting next_dagrun for example_branch_operator to 2024-06-02 00:00:00+00:00, run_after=2024-06-03 00:00:00+00:00
[2024-06-03T10:31:34.234+0000] {processor.py:183} INFO - Processing /home/airflow/.local/lib/python3.12/site-packages/airflow/example_dags/example_branch_operator.py took 0.133 seconds
[2024-06-03T10:32:04.326+0000] {processor.py:161} INFO - Started process (PID=5049) to work on /home/airflow/.local/lib/python3.12/site-packages/airflow/example_dags/example_branch_operator.py
[2024-06-03T10:32:04.326+0000] {processor.py:830} INFO - Processing file /home/airflow/.local/lib/python3.12/site-packages/airflow/example_dags/example_branch_operator.py for tasks to queue
[2024-06-03T10:32:04.328+0000] {logging_mixin.py:188} INFO - [2024-06-03T10:32:04.328+0000] {dagbag.py:545} INFO - Filling up the DagBag from /home/airflow/.local/lib/python3.12/site-packages/airflow/example_dags/example_branch_operator.py
[2024-06-03T10:32:04.350+0000] {processor.py:840} INFO - DAG(s) 'example_branch_operator' retrieved from /home/airflow/.local/lib/python3.12/site-packages/airflow/example_dags/example_branch_operator.py
[2024-06-03T10:32:04.400+0000] {logging_mixin.py:188} INFO - [2024-06-03T10:32:04.399+0000] {dag.py:3096} INFO - Sync 1 DAGs
[2024-06-03T10:32:04.440+0000] {logging_mixin.py:188} INFO - [2024-06-03T10:32:04.440+0000] {dag.py:3954} INFO - Setting next_dagrun for example_branch_operator to 2024-06-02 00:00:00+00:00, run_after=2024-06-03 00:00:00+00:00
[2024-06-03T10:32:04.469+0000] {processor.py:183} INFO - Processing /home/airflow/.local/lib/python3.12/site-packages/airflow/example_dags/example_branch_operator.py took 0.150 seconds
[2024-06-03T10:32:34.556+0000] {processor.py:161} INFO - Started process (PID=5303) to work on /home/airflow/.local/lib/python3.12/site-packages/airflow/example_dags/example_branch_operator.py
[2024-06-03T10:32:34.557+0000] {processor.py:830} INFO - Processing file /home/airflow/.local/lib/python3.12/site-packages/airflow/example_dags/example_branch_operator.py for tasks to queue
[2024-06-03T10:32:34.558+0000] {logging_mixin.py:188} INFO - [2024-06-03T10:32:34.558+0000] {dagbag.py:545} INFO - Filling up the DagBag from /home/airflow/.local/lib/python3.12/site-packages/airflow/example_dags/example_branch_operator.py
[2024-06-03T10:32:34.585+0000] {processor.py:840} INFO - DAG(s) 'example_branch_operator' retrieved from /home/airflow/.local/lib/python3.12/site-packages/airflow/example_dags/example_branch_operator.py
[2024-06-03T10:32:34.630+0000] {logging_mixin.py:188} INFO - [2024-06-03T10:32:34.629+0000] {dag.py:3096} INFO - Sync 1 DAGs
[2024-06-03T10:32:34.663+0000] {logging_mixin.py:188} INFO - [2024-06-03T10:32:34.663+0000] {dag.py:3954} INFO - Setting next_dagrun for example_branch_operator to 2024-06-02 00:00:00+00:00, run_after=2024-06-03 00:00:00+00:00
[2024-06-03T10:32:34.690+0000] {processor.py:183} INFO - Processing /home/airflow/.local/lib/python3.12/site-packages/airflow/example_dags/example_branch_operator.py took 0.141 seconds
[2024-06-03T10:33:04.842+0000] {processor.py:161} INFO - Started process (PID=5561) to work on /home/airflow/.local/lib/python3.12/site-packages/airflow/example_dags/example_branch_operator.py
[2024-06-03T10:33:04.843+0000] {processor.py:830} INFO - Processing file /home/airflow/.local/lib/python3.12/site-packages/airflow/example_dags/example_branch_operator.py for tasks to queue
[2024-06-03T10:33:04.844+0000] {logging_mixin.py:188} INFO - [2024-06-03T10:33:04.844+0000] {dagbag.py:545} INFO - Filling up the DagBag from /home/airflow/.local/lib/python3.12/site-packages/airflow/example_dags/example_branch_operator.py
[2024-06-03T10:33:04.866+0000] {processor.py:840} INFO - DAG(s) 'example_branch_operator' retrieved from /home/airflow/.local/lib/python3.12/site-packages/airflow/example_dags/example_branch_operator.py
[2024-06-03T10:33:04.907+0000] {logging_mixin.py:188} INFO - [2024-06-03T10:33:04.907+0000] {dag.py:3096} INFO - Sync 1 DAGs
[2024-06-03T10:33:04.940+0000] {logging_mixin.py:188} INFO - [2024-06-03T10:33:04.939+0000] {dag.py:3954} INFO - Setting next_dagrun for example_branch_operator to 2024-06-02 00:00:00+00:00, run_after=2024-06-03 00:00:00+00:00
[2024-06-03T10:33:04.964+0000] {processor.py:183} INFO - Processing /home/airflow/.local/lib/python3.12/site-packages/airflow/example_dags/example_branch_operator.py took 0.128 seconds
[2024-06-03T10:33:35.267+0000] {processor.py:161} INFO - Started process (PID=5817) to work on /home/airflow/.local/lib/python3.12/site-packages/airflow/example_dags/example_branch_operator.py
[2024-06-03T10:33:35.268+0000] {processor.py:830} INFO - Processing file /home/airflow/.local/lib/python3.12/site-packages/airflow/example_dags/example_branch_operator.py for tasks to queue
[2024-06-03T10:33:35.270+0000] {logging_mixin.py:188} INFO - [2024-06-03T10:33:35.269+0000] {dagbag.py:545} INFO - Filling up the DagBag from /home/airflow/.local/lib/python3.12/site-packages/airflow/example_dags/example_branch_operator.py
[2024-06-03T10:33:35.292+0000] {processor.py:840} INFO - DAG(s) 'example_branch_operator' retrieved from /home/airflow/.local/lib/python3.12/site-packages/airflow/example_dags/example_branch_operator.py
[2024-06-03T10:33:35.343+0000] {logging_mixin.py:188} INFO - [2024-06-03T10:33:35.342+0000] {dag.py:3096} INFO - Sync 1 DAGs
[2024-06-03T10:33:35.384+0000] {logging_mixin.py:188} INFO - [2024-06-03T10:33:35.383+0000] {dag.py:3954} INFO - Setting next_dagrun for example_branch_operator to 2024-06-02 00:00:00+00:00, run_after=2024-06-03 00:00:00+00:00
[2024-06-03T10:33:35.413+0000] {processor.py:183} INFO - Processing /home/airflow/.local/lib/python3.12/site-packages/airflow/example_dags/example_branch_operator.py took 0.153 seconds
[2024-06-03T10:34:06.329+0000] {processor.py:161} INFO - Started process (PID=6073) to work on /home/airflow/.local/lib/python3.12/site-packages/airflow/example_dags/example_branch_operator.py
[2024-06-03T10:34:06.329+0000] {processor.py:830} INFO - Processing file /home/airflow/.local/lib/python3.12/site-packages/airflow/example_dags/example_branch_operator.py for tasks to queue
[2024-06-03T10:34:06.331+0000] {logging_mixin.py:188} INFO - [2024-06-03T10:34:06.331+0000] {dagbag.py:545} INFO - Filling up the DagBag from /home/airflow/.local/lib/python3.12/site-packages/airflow/example_dags/example_branch_operator.py
[2024-06-03T10:34:06.353+0000] {processor.py:840} INFO - DAG(s) 'example_branch_operator' retrieved from /home/airflow/.local/lib/python3.12/site-packages/airflow/example_dags/example_branch_operator.py
[2024-06-03T10:34:06.401+0000] {logging_mixin.py:188} INFO - [2024-06-03T10:34:06.401+0000] {dag.py:3096} INFO - Sync 1 DAGs
[2024-06-03T10:34:06.435+0000] {logging_mixin.py:188} INFO - [2024-06-03T10:34:06.435+0000] {dag.py:3954} INFO - Setting next_dagrun for example_branch_operator to 2024-06-02 00:00:00+00:00, run_after=2024-06-03 00:00:00+00:00
[2024-06-03T10:34:06.461+0000] {processor.py:183} INFO - Processing /home/airflow/.local/lib/python3.12/site-packages/airflow/example_dags/example_branch_operator.py took 0.139 seconds
[2024-06-03T10:34:36.700+0000] {processor.py:161} INFO - Started process (PID=6329) to work on /home/airflow/.local/lib/python3.12/site-packages/airflow/example_dags/example_branch_operator.py
[2024-06-03T10:34:36.701+0000] {processor.py:830} INFO - Processing file /home/airflow/.local/lib/python3.12/site-packages/airflow/example_dags/example_branch_operator.py for tasks to queue
[2024-06-03T10:34:36.703+0000] {logging_mixin.py:188} INFO - [2024-06-03T10:34:36.703+0000] {dagbag.py:545} INFO - Filling up the DagBag from /home/airflow/.local/lib/python3.12/site-packages/airflow/example_dags/example_branch_operator.py
[2024-06-03T10:34:36.726+0000] {processor.py:840} INFO - DAG(s) 'example_branch_operator' retrieved from /home/airflow/.local/lib/python3.12/site-packages/airflow/example_dags/example_branch_operator.py
[2024-06-03T10:34:36.770+0000] {logging_mixin.py:188} INFO - [2024-06-03T10:34:36.770+0000] {dag.py:3096} INFO - Sync 1 DAGs
[2024-06-03T10:34:36.805+0000] {logging_mixin.py:188} INFO - [2024-06-03T10:34:36.804+0000] {dag.py:3954} INFO - Setting next_dagrun for example_branch_operator to 2024-06-02 00:00:00+00:00, run_after=2024-06-03 00:00:00+00:00
[2024-06-03T10:34:36.833+0000] {processor.py:183} INFO - Processing /home/airflow/.local/lib/python3.12/site-packages/airflow/example_dags/example_branch_operator.py took 0.140 seconds
[2024-06-03T10:35:06.998+0000] {processor.py:161} INFO - Started process (PID=6585) to work on /home/airflow/.local/lib/python3.12/site-packages/airflow/example_dags/example_branch_operator.py
[2024-06-03T10:35:06.999+0000] {processor.py:830} INFO - Processing file /home/airflow/.local/lib/python3.12/site-packages/airflow/example_dags/example_branch_operator.py for tasks to queue
[2024-06-03T10:35:07.001+0000] {logging_mixin.py:188} INFO - [2024-06-03T10:35:07.000+0000] {dagbag.py:545} INFO - Filling up the DagBag from /home/airflow/.local/lib/python3.12/site-packages/airflow/example_dags/example_branch_operator.py
[2024-06-03T10:35:07.024+0000] {processor.py:840} INFO - DAG(s) 'example_branch_operator' retrieved from /home/airflow/.local/lib/python3.12/site-packages/airflow/example_dags/example_branch_operator.py
[2024-06-03T10:35:07.069+0000] {logging_mixin.py:188} INFO - [2024-06-03T10:35:07.069+0000] {dag.py:3096} INFO - Sync 1 DAGs
[2024-06-03T10:35:07.105+0000] {logging_mixin.py:188} INFO - [2024-06-03T10:35:07.104+0000] {dag.py:3954} INFO - Setting next_dagrun for example_branch_operator to 2024-06-02 00:00:00+00:00, run_after=2024-06-03 00:00:00+00:00
[2024-06-03T10:35:07.133+0000] {processor.py:183} INFO - Processing /home/airflow/.local/lib/python3.12/site-packages/airflow/example_dags/example_branch_operator.py took 0.143 seconds
[2024-06-03T10:35:37.358+0000] {processor.py:161} INFO - Started process (PID=6841) to work on /home/airflow/.local/lib/python3.12/site-packages/airflow/example_dags/example_branch_operator.py
[2024-06-03T10:35:37.359+0000] {processor.py:830} INFO - Processing file /home/airflow/.local/lib/python3.12/site-packages/airflow/example_dags/example_branch_operator.py for tasks to queue
[2024-06-03T10:35:37.361+0000] {logging_mixin.py:188} INFO - [2024-06-03T10:35:37.361+0000] {dagbag.py:545} INFO - Filling up the DagBag from /home/airflow/.local/lib/python3.12/site-packages/airflow/example_dags/example_branch_operator.py
[2024-06-03T10:35:37.384+0000] {processor.py:840} INFO - DAG(s) 'example_branch_operator' retrieved from /home/airflow/.local/lib/python3.12/site-packages/airflow/example_dags/example_branch_operator.py
[2024-06-03T10:35:37.428+0000] {logging_mixin.py:188} INFO - [2024-06-03T10:35:37.427+0000] {dag.py:3096} INFO - Sync 1 DAGs
[2024-06-03T10:35:37.462+0000] {logging_mixin.py:188} INFO - [2024-06-03T10:35:37.462+0000] {dag.py:3954} INFO - Setting next_dagrun for example_branch_operator to 2024-06-02 00:00:00+00:00, run_after=2024-06-03 00:00:00+00:00
[2024-06-03T10:35:37.490+0000] {processor.py:183} INFO - Processing /home/airflow/.local/lib/python3.12/site-packages/airflow/example_dags/example_branch_operator.py took 0.139 seconds
[2024-06-03T10:36:07.551+0000] {processor.py:161} INFO - Started process (PID=7097) to work on /home/airflow/.local/lib/python3.12/site-packages/airflow/example_dags/example_branch_operator.py
[2024-06-03T10:36:07.552+0000] {processor.py:830} INFO - Processing file /home/airflow/.local/lib/python3.12/site-packages/airflow/example_dags/example_branch_operator.py for tasks to queue
[2024-06-03T10:36:07.553+0000] {logging_mixin.py:188} INFO - [2024-06-03T10:36:07.553+0000] {dagbag.py:545} INFO - Filling up the DagBag from /home/airflow/.local/lib/python3.12/site-packages/airflow/example_dags/example_branch_operator.py
[2024-06-03T10:36:07.576+0000] {processor.py:840} INFO - DAG(s) 'example_branch_operator' retrieved from /home/airflow/.local/lib/python3.12/site-packages/airflow/example_dags/example_branch_operator.py
[2024-06-03T10:36:07.620+0000] {logging_mixin.py:188} INFO - [2024-06-03T10:36:07.620+0000] {dag.py:3096} INFO - Sync 1 DAGs
[2024-06-03T10:36:07.653+0000] {logging_mixin.py:188} INFO - [2024-06-03T10:36:07.653+0000] {dag.py:3954} INFO - Setting next_dagrun for example_branch_operator to 2024-06-02 00:00:00+00:00, run_after=2024-06-03 00:00:00+00:00
[2024-06-03T10:36:07.680+0000] {processor.py:183} INFO - Processing /home/airflow/.local/lib/python3.12/site-packages/airflow/example_dags/example_branch_operator.py took 0.136 seconds
[2024-06-03T10:36:37.832+0000] {processor.py:161} INFO - Started process (PID=7353) to work on /home/airflow/.local/lib/python3.12/site-packages/airflow/example_dags/example_branch_operator.py
[2024-06-03T10:36:37.834+0000] {processor.py:830} INFO - Processing file /home/airflow/.local/lib/python3.12/site-packages/airflow/example_dags/example_branch_operator.py for tasks to queue
[2024-06-03T10:36:37.836+0000] {logging_mixin.py:188} INFO - [2024-06-03T10:36:37.835+0000] {dagbag.py:545} INFO - Filling up the DagBag from /home/airflow/.local/lib/python3.12/site-packages/airflow/example_dags/example_branch_operator.py
[2024-06-03T10:36:37.865+0000] {processor.py:840} INFO - DAG(s) 'example_branch_operator' retrieved from /home/airflow/.local/lib/python3.12/site-packages/airflow/example_dags/example_branch_operator.py
[2024-06-03T10:36:37.920+0000] {logging_mixin.py:188} INFO - [2024-06-03T10:36:37.919+0000] {dag.py:3096} INFO - Sync 1 DAGs
[2024-06-03T10:36:37.961+0000] {logging_mixin.py:188} INFO - [2024-06-03T10:36:37.961+0000] {dag.py:3954} INFO - Setting next_dagrun for example_branch_operator to 2024-06-02 00:00:00+00:00, run_after=2024-06-03 00:00:00+00:00
[2024-06-03T10:36:37.989+0000] {processor.py:183} INFO - Processing /home/airflow/.local/lib/python3.12/site-packages/airflow/example_dags/example_branch_operator.py took 0.166 seconds
[2024-06-03T10:37:08.489+0000] {processor.py:161} INFO - Started process (PID=7609) to work on /home/airflow/.local/lib/python3.12/site-packages/airflow/example_dags/example_branch_operator.py
[2024-06-03T10:37:08.490+0000] {processor.py:830} INFO - Processing file /home/airflow/.local/lib/python3.12/site-packages/airflow/example_dags/example_branch_operator.py for tasks to queue
[2024-06-03T10:37:08.492+0000] {logging_mixin.py:188} INFO - [2024-06-03T10:37:08.491+0000] {dagbag.py:545} INFO - Filling up the DagBag from /home/airflow/.local/lib/python3.12/site-packages/airflow/example_dags/example_branch_operator.py
[2024-06-03T10:37:08.514+0000] {processor.py:840} INFO - DAG(s) 'example_branch_operator' retrieved from /home/airflow/.local/lib/python3.12/site-packages/airflow/example_dags/example_branch_operator.py
[2024-06-03T10:37:08.558+0000] {logging_mixin.py:188} INFO - [2024-06-03T10:37:08.557+0000] {dag.py:3096} INFO - Sync 1 DAGs
[2024-06-03T10:37:08.591+0000] {logging_mixin.py:188} INFO - [2024-06-03T10:37:08.590+0000] {dag.py:3954} INFO - Setting next_dagrun for example_branch_operator to 2024-06-02 00:00:00+00:00, run_after=2024-06-03 00:00:00+00:00
[2024-06-03T10:37:08.617+0000] {processor.py:183} INFO - Processing /home/airflow/.local/lib/python3.12/site-packages/airflow/example_dags/example_branch_operator.py took 0.135 seconds
[2024-06-03T10:37:39.030+0000] {processor.py:161} INFO - Started process (PID=7859) to work on /home/airflow/.local/lib/python3.12/site-packages/airflow/example_dags/example_branch_operator.py
[2024-06-03T10:37:39.032+0000] {processor.py:830} INFO - Processing file /home/airflow/.local/lib/python3.12/site-packages/airflow/example_dags/example_branch_operator.py for tasks to queue
[2024-06-03T10:37:39.033+0000] {logging_mixin.py:188} INFO - [2024-06-03T10:37:39.033+0000] {dagbag.py:545} INFO - Filling up the DagBag from /home/airflow/.local/lib/python3.12/site-packages/airflow/example_dags/example_branch_operator.py
[2024-06-03T10:37:39.055+0000] {processor.py:840} INFO - DAG(s) 'example_branch_operator' retrieved from /home/airflow/.local/lib/python3.12/site-packages/airflow/example_dags/example_branch_operator.py
[2024-06-03T10:37:39.098+0000] {logging_mixin.py:188} INFO - [2024-06-03T10:37:39.098+0000] {dag.py:3096} INFO - Sync 1 DAGs
[2024-06-03T10:37:39.130+0000] {logging_mixin.py:188} INFO - [2024-06-03T10:37:39.129+0000] {dag.py:3954} INFO - Setting next_dagrun for example_branch_operator to 2024-06-02 00:00:00+00:00, run_after=2024-06-03 00:00:00+00:00
[2024-06-03T10:37:39.153+0000] {processor.py:183} INFO - Processing /home/airflow/.local/lib/python3.12/site-packages/airflow/example_dags/example_branch_operator.py took 0.130 seconds
[2024-06-03T10:38:09.409+0000] {processor.py:161} INFO - Started process (PID=8115) to work on /home/airflow/.local/lib/python3.12/site-packages/airflow/example_dags/example_branch_operator.py
[2024-06-03T10:38:09.410+0000] {processor.py:830} INFO - Processing file /home/airflow/.local/lib/python3.12/site-packages/airflow/example_dags/example_branch_operator.py for tasks to queue
[2024-06-03T10:38:09.412+0000] {logging_mixin.py:188} INFO - [2024-06-03T10:38:09.411+0000] {dagbag.py:545} INFO - Filling up the DagBag from /home/airflow/.local/lib/python3.12/site-packages/airflow/example_dags/example_branch_operator.py
[2024-06-03T10:38:09.434+0000] {processor.py:840} INFO - DAG(s) 'example_branch_operator' retrieved from /home/airflow/.local/lib/python3.12/site-packages/airflow/example_dags/example_branch_operator.py
[2024-06-03T10:38:09.483+0000] {logging_mixin.py:188} INFO - [2024-06-03T10:38:09.483+0000] {dag.py:3096} INFO - Sync 1 DAGs
[2024-06-03T10:38:09.520+0000] {logging_mixin.py:188} INFO - [2024-06-03T10:38:09.520+0000] {dag.py:3954} INFO - Setting next_dagrun for example_branch_operator to 2024-06-02 00:00:00+00:00, run_after=2024-06-03 00:00:00+00:00
[2024-06-03T10:38:09.544+0000] {processor.py:183} INFO - Processing /home/airflow/.local/lib/python3.12/site-packages/airflow/example_dags/example_branch_operator.py took 0.141 seconds
[2024-06-03T10:38:40.221+0000] {processor.py:161} INFO - Started process (PID=8371) to work on /home/airflow/.local/lib/python3.12/site-packages/airflow/example_dags/example_branch_operator.py
[2024-06-03T10:38:40.222+0000] {processor.py:830} INFO - Processing file /home/airflow/.local/lib/python3.12/site-packages/airflow/example_dags/example_branch_operator.py for tasks to queue
[2024-06-03T10:38:40.224+0000] {logging_mixin.py:188} INFO - [2024-06-03T10:38:40.224+0000] {dagbag.py:545} INFO - Filling up the DagBag from /home/airflow/.local/lib/python3.12/site-packages/airflow/example_dags/example_branch_operator.py
[2024-06-03T10:38:40.250+0000] {processor.py:840} INFO - DAG(s) 'example_branch_operator' retrieved from /home/airflow/.local/lib/python3.12/site-packages/airflow/example_dags/example_branch_operator.py
[2024-06-03T10:38:40.293+0000] {logging_mixin.py:188} INFO - [2024-06-03T10:38:40.293+0000] {dag.py:3096} INFO - Sync 1 DAGs
[2024-06-03T10:38:40.327+0000] {logging_mixin.py:188} INFO - [2024-06-03T10:38:40.326+0000] {dag.py:3954} INFO - Setting next_dagrun for example_branch_operator to 2024-06-02 00:00:00+00:00, run_after=2024-06-03 00:00:00+00:00
[2024-06-03T10:38:40.352+0000] {processor.py:183} INFO - Processing /home/airflow/.local/lib/python3.12/site-packages/airflow/example_dags/example_branch_operator.py took 0.140 seconds
[2024-06-03T10:39:11.267+0000] {processor.py:161} INFO - Started process (PID=8627) to work on /home/airflow/.local/lib/python3.12/site-packages/airflow/example_dags/example_branch_operator.py
[2024-06-03T10:39:11.268+0000] {processor.py:830} INFO - Processing file /home/airflow/.local/lib/python3.12/site-packages/airflow/example_dags/example_branch_operator.py for tasks to queue
[2024-06-03T10:39:11.269+0000] {logging_mixin.py:188} INFO - [2024-06-03T10:39:11.269+0000] {dagbag.py:545} INFO - Filling up the DagBag from /home/airflow/.local/lib/python3.12/site-packages/airflow/example_dags/example_branch_operator.py
[2024-06-03T10:39:11.292+0000] {processor.py:840} INFO - DAG(s) 'example_branch_operator' retrieved from /home/airflow/.local/lib/python3.12/site-packages/airflow/example_dags/example_branch_operator.py
[2024-06-03T10:39:11.337+0000] {logging_mixin.py:188} INFO - [2024-06-03T10:39:11.336+0000] {dag.py:3096} INFO - Sync 1 DAGs
[2024-06-03T10:39:11.371+0000] {logging_mixin.py:188} INFO - [2024-06-03T10:39:11.371+0000] {dag.py:3954} INFO - Setting next_dagrun for example_branch_operator to 2024-06-02 00:00:00+00:00, run_after=2024-06-03 00:00:00+00:00
[2024-06-03T10:39:11.400+0000] {processor.py:183} INFO - Processing /home/airflow/.local/lib/python3.12/site-packages/airflow/example_dags/example_branch_operator.py took 0.141 seconds
[2024-06-03T10:39:42.257+0000] {processor.py:161} INFO - Started process (PID=8883) to work on /home/airflow/.local/lib/python3.12/site-packages/airflow/example_dags/example_branch_operator.py
[2024-06-03T10:39:42.258+0000] {processor.py:830} INFO - Processing file /home/airflow/.local/lib/python3.12/site-packages/airflow/example_dags/example_branch_operator.py for tasks to queue
[2024-06-03T10:39:42.259+0000] {logging_mixin.py:188} INFO - [2024-06-03T10:39:42.259+0000] {dagbag.py:545} INFO - Filling up the DagBag from /home/airflow/.local/lib/python3.12/site-packages/airflow/example_dags/example_branch_operator.py
[2024-06-03T10:39:42.281+0000] {processor.py:840} INFO - DAG(s) 'example_branch_operator' retrieved from /home/airflow/.local/lib/python3.12/site-packages/airflow/example_dags/example_branch_operator.py
[2024-06-03T10:39:42.332+0000] {logging_mixin.py:188} INFO - [2024-06-03T10:39:42.332+0000] {dag.py:3096} INFO - Sync 1 DAGs
[2024-06-03T10:39:42.373+0000] {logging_mixin.py:188} INFO - [2024-06-03T10:39:42.372+0000] {dag.py:3954} INFO - Setting next_dagrun for example_branch_operator to 2024-06-02 00:00:00+00:00, run_after=2024-06-03 00:00:00+00:00
[2024-06-03T10:39:42.401+0000] {processor.py:183} INFO - Processing /home/airflow/.local/lib/python3.12/site-packages/airflow/example_dags/example_branch_operator.py took 0.151 seconds
[2024-06-03T10:40:13.219+0000] {processor.py:161} INFO - Started process (PID=9139) to work on /home/airflow/.local/lib/python3.12/site-packages/airflow/example_dags/example_branch_operator.py
[2024-06-03T10:40:13.220+0000] {processor.py:830} INFO - Processing file /home/airflow/.local/lib/python3.12/site-packages/airflow/example_dags/example_branch_operator.py for tasks to queue
[2024-06-03T10:40:13.221+0000] {logging_mixin.py:188} INFO - [2024-06-03T10:40:13.221+0000] {dagbag.py:545} INFO - Filling up the DagBag from /home/airflow/.local/lib/python3.12/site-packages/airflow/example_dags/example_branch_operator.py
[2024-06-03T10:40:13.243+0000] {processor.py:840} INFO - DAG(s) 'example_branch_operator' retrieved from /home/airflow/.local/lib/python3.12/site-packages/airflow/example_dags/example_branch_operator.py
[2024-06-03T10:40:13.294+0000] {logging_mixin.py:188} INFO - [2024-06-03T10:40:13.293+0000] {dag.py:3096} INFO - Sync 1 DAGs
[2024-06-03T10:40:13.334+0000] {logging_mixin.py:188} INFO - [2024-06-03T10:40:13.333+0000] {dag.py:3954} INFO - Setting next_dagrun for example_branch_operator to 2024-06-02 00:00:00+00:00, run_after=2024-06-03 00:00:00+00:00
[2024-06-03T10:40:13.364+0000] {processor.py:183} INFO - Processing /home/airflow/.local/lib/python3.12/site-packages/airflow/example_dags/example_branch_operator.py took 0.151 seconds
[2024-06-03T10:40:44.127+0000] {processor.py:161} INFO - Started process (PID=9395) to work on /home/airflow/.local/lib/python3.12/site-packages/airflow/example_dags/example_branch_operator.py
[2024-06-03T10:40:44.128+0000] {processor.py:830} INFO - Processing file /home/airflow/.local/lib/python3.12/site-packages/airflow/example_dags/example_branch_operator.py for tasks to queue
[2024-06-03T10:40:44.130+0000] {logging_mixin.py:188} INFO - [2024-06-03T10:40:44.130+0000] {dagbag.py:545} INFO - Filling up the DagBag from /home/airflow/.local/lib/python3.12/site-packages/airflow/example_dags/example_branch_operator.py
[2024-06-03T10:40:44.153+0000] {processor.py:840} INFO - DAG(s) 'example_branch_operator' retrieved from /home/airflow/.local/lib/python3.12/site-packages/airflow/example_dags/example_branch_operator.py
[2024-06-03T10:40:44.203+0000] {logging_mixin.py:188} INFO - [2024-06-03T10:40:44.202+0000] {dag.py:3096} INFO - Sync 1 DAGs
[2024-06-03T10:40:44.241+0000] {logging_mixin.py:188} INFO - [2024-06-03T10:40:44.241+0000] {dag.py:3954} INFO - Setting next_dagrun for example_branch_operator to 2024-06-02 00:00:00+00:00, run_after=2024-06-03 00:00:00+00:00
[2024-06-03T10:40:44.266+0000] {processor.py:183} INFO - Processing /home/airflow/.local/lib/python3.12/site-packages/airflow/example_dags/example_branch_operator.py took 0.146 seconds
[2024-06-03T10:41:14.404+0000] {processor.py:161} INFO - Started process (PID=9651) to work on /home/airflow/.local/lib/python3.12/site-packages/airflow/example_dags/example_branch_operator.py
[2024-06-03T10:41:14.404+0000] {processor.py:830} INFO - Processing file /home/airflow/.local/lib/python3.12/site-packages/airflow/example_dags/example_branch_operator.py for tasks to queue
[2024-06-03T10:41:14.406+0000] {logging_mixin.py:188} INFO - [2024-06-03T10:41:14.406+0000] {dagbag.py:545} INFO - Filling up the DagBag from /home/airflow/.local/lib/python3.12/site-packages/airflow/example_dags/example_branch_operator.py
[2024-06-03T10:41:14.428+0000] {processor.py:840} INFO - DAG(s) 'example_branch_operator' retrieved from /home/airflow/.local/lib/python3.12/site-packages/airflow/example_dags/example_branch_operator.py
[2024-06-03T10:41:14.480+0000] {logging_mixin.py:188} INFO - [2024-06-03T10:41:14.479+0000] {dag.py:3096} INFO - Sync 1 DAGs
[2024-06-03T10:41:14.517+0000] {logging_mixin.py:188} INFO - [2024-06-03T10:41:14.517+0000] {dag.py:3954} INFO - Setting next_dagrun for example_branch_operator to 2024-06-02 00:00:00+00:00, run_after=2024-06-03 00:00:00+00:00
[2024-06-03T10:41:14.542+0000] {processor.py:183} INFO - Processing /home/airflow/.local/lib/python3.12/site-packages/airflow/example_dags/example_branch_operator.py took 0.145 seconds
[2024-06-03T10:41:44.657+0000] {processor.py:161} INFO - Started process (PID=9907) to work on /home/airflow/.local/lib/python3.12/site-packages/airflow/example_dags/example_branch_operator.py
[2024-06-03T10:41:44.659+0000] {processor.py:830} INFO - Processing file /home/airflow/.local/lib/python3.12/site-packages/airflow/example_dags/example_branch_operator.py for tasks to queue
[2024-06-03T10:41:44.660+0000] {logging_mixin.py:188} INFO - [2024-06-03T10:41:44.660+0000] {dagbag.py:545} INFO - Filling up the DagBag from /home/airflow/.local/lib/python3.12/site-packages/airflow/example_dags/example_branch_operator.py
[2024-06-03T10:41:44.683+0000] {processor.py:840} INFO - DAG(s) 'example_branch_operator' retrieved from /home/airflow/.local/lib/python3.12/site-packages/airflow/example_dags/example_branch_operator.py
[2024-06-03T10:41:44.726+0000] {logging_mixin.py:188} INFO - [2024-06-03T10:41:44.726+0000] {dag.py:3096} INFO - Sync 1 DAGs
[2024-06-03T10:41:44.759+0000] {logging_mixin.py:188} INFO - [2024-06-03T10:41:44.758+0000] {dag.py:3954} INFO - Setting next_dagrun for example_branch_operator to 2024-06-02 00:00:00+00:00, run_after=2024-06-03 00:00:00+00:00
[2024-06-03T10:41:44.783+0000] {processor.py:183} INFO - Processing /home/airflow/.local/lib/python3.12/site-packages/airflow/example_dags/example_branch_operator.py took 0.132 seconds
[2024-06-03T10:42:14.980+0000] {processor.py:161} INFO - Started process (PID=10163) to work on /home/airflow/.local/lib/python3.12/site-packages/airflow/example_dags/example_branch_operator.py
[2024-06-03T10:42:14.981+0000] {processor.py:830} INFO - Processing file /home/airflow/.local/lib/python3.12/site-packages/airflow/example_dags/example_branch_operator.py for tasks to queue
[2024-06-03T10:42:14.983+0000] {logging_mixin.py:188} INFO - [2024-06-03T10:42:14.982+0000] {dagbag.py:545} INFO - Filling up the DagBag from /home/airflow/.local/lib/python3.12/site-packages/airflow/example_dags/example_branch_operator.py
[2024-06-03T10:42:15.005+0000] {processor.py:840} INFO - DAG(s) 'example_branch_operator' retrieved from /home/airflow/.local/lib/python3.12/site-packages/airflow/example_dags/example_branch_operator.py
[2024-06-03T10:42:15.050+0000] {logging_mixin.py:188} INFO - [2024-06-03T10:42:15.049+0000] {dag.py:3096} INFO - Sync 1 DAGs
[2024-06-03T10:42:15.082+0000] {logging_mixin.py:188} INFO - [2024-06-03T10:42:15.081+0000] {dag.py:3954} INFO - Setting next_dagrun for example_branch_operator to 2024-06-02 00:00:00+00:00, run_after=2024-06-03 00:00:00+00:00
[2024-06-03T10:42:15.105+0000] {processor.py:183} INFO - Processing /home/airflow/.local/lib/python3.12/site-packages/airflow/example_dags/example_branch_operator.py took 0.132 seconds
[2024-06-03T10:42:45.155+0000] {processor.py:161} INFO - Started process (PID=10419) to work on /home/airflow/.local/lib/python3.12/site-packages/airflow/example_dags/example_branch_operator.py
[2024-06-03T10:42:45.156+0000] {processor.py:830} INFO - Processing file /home/airflow/.local/lib/python3.12/site-packages/airflow/example_dags/example_branch_operator.py for tasks to queue
[2024-06-03T10:42:45.158+0000] {logging_mixin.py:188} INFO - [2024-06-03T10:42:45.158+0000] {dagbag.py:545} INFO - Filling up the DagBag from /home/airflow/.local/lib/python3.12/site-packages/airflow/example_dags/example_branch_operator.py
[2024-06-03T10:42:45.181+0000] {processor.py:840} INFO - DAG(s) 'example_branch_operator' retrieved from /home/airflow/.local/lib/python3.12/site-packages/airflow/example_dags/example_branch_operator.py
[2024-06-03T10:42:45.235+0000] {logging_mixin.py:188} INFO - [2024-06-03T10:42:45.235+0000] {dag.py:3096} INFO - Sync 1 DAGs
[2024-06-03T10:42:45.275+0000] {logging_mixin.py:188} INFO - [2024-06-03T10:42:45.274+0000] {dag.py:3954} INFO - Setting next_dagrun for example_branch_operator to 2024-06-02 00:00:00+00:00, run_after=2024-06-03 00:00:00+00:00
[2024-06-03T10:42:45.302+0000] {processor.py:183} INFO - Processing /home/airflow/.local/lib/python3.12/site-packages/airflow/example_dags/example_branch_operator.py took 0.154 seconds
[2024-06-03T10:43:15.604+0000] {processor.py:161} INFO - Started process (PID=10675) to work on /home/airflow/.local/lib/python3.12/site-packages/airflow/example_dags/example_branch_operator.py
[2024-06-03T10:43:15.605+0000] {processor.py:830} INFO - Processing file /home/airflow/.local/lib/python3.12/site-packages/airflow/example_dags/example_branch_operator.py for tasks to queue
[2024-06-03T10:43:15.607+0000] {logging_mixin.py:188} INFO - [2024-06-03T10:43:15.606+0000] {dagbag.py:545} INFO - Filling up the DagBag from /home/airflow/.local/lib/python3.12/site-packages/airflow/example_dags/example_branch_operator.py
[2024-06-03T10:43:15.629+0000] {processor.py:840} INFO - DAG(s) 'example_branch_operator' retrieved from /home/airflow/.local/lib/python3.12/site-packages/airflow/example_dags/example_branch_operator.py
[2024-06-03T10:43:15.681+0000] {logging_mixin.py:188} INFO - [2024-06-03T10:43:15.680+0000] {dag.py:3096} INFO - Sync 1 DAGs
[2024-06-03T10:43:15.903+0000] {logging_mixin.py:188} INFO - [2024-06-03T10:43:15.903+0000] {dag.py:3954} INFO - Setting next_dagrun for example_branch_operator to 2024-06-02 00:00:00+00:00, run_after=2024-06-03 00:00:00+00:00
[2024-06-03T10:43:15.930+0000] {processor.py:183} INFO - Processing /home/airflow/.local/lib/python3.12/site-packages/airflow/example_dags/example_branch_operator.py took 0.334 seconds
[2024-06-03T10:43:46.027+0000] {processor.py:161} INFO - Started process (PID=10931) to work on /home/airflow/.local/lib/python3.12/site-packages/airflow/example_dags/example_branch_operator.py
[2024-06-03T10:43:46.029+0000] {processor.py:830} INFO - Processing file /home/airflow/.local/lib/python3.12/site-packages/airflow/example_dags/example_branch_operator.py for tasks to queue
[2024-06-03T10:43:46.030+0000] {logging_mixin.py:188} INFO - [2024-06-03T10:43:46.030+0000] {dagbag.py:545} INFO - Filling up the DagBag from /home/airflow/.local/lib/python3.12/site-packages/airflow/example_dags/example_branch_operator.py
[2024-06-03T10:43:46.053+0000] {processor.py:840} INFO - DAG(s) 'example_branch_operator' retrieved from /home/airflow/.local/lib/python3.12/site-packages/airflow/example_dags/example_branch_operator.py
[2024-06-03T10:43:46.103+0000] {logging_mixin.py:188} INFO - [2024-06-03T10:43:46.103+0000] {dag.py:3096} INFO - Sync 1 DAGs
[2024-06-03T10:43:46.142+0000] {logging_mixin.py:188} INFO - [2024-06-03T10:43:46.142+0000] {dag.py:3954} INFO - Setting next_dagrun for example_branch_operator to 2024-06-02 00:00:00+00:00, run_after=2024-06-03 00:00:00+00:00
[2024-06-03T10:43:46.331+0000] {processor.py:183} INFO - Processing /home/airflow/.local/lib/python3.12/site-packages/airflow/example_dags/example_branch_operator.py took 0.311 seconds
[2024-06-03T10:44:17.224+0000] {processor.py:161} INFO - Started process (PID=11187) to work on /home/airflow/.local/lib/python3.12/site-packages/airflow/example_dags/example_branch_operator.py
[2024-06-03T10:44:17.225+0000] {processor.py:830} INFO - Processing file /home/airflow/.local/lib/python3.12/site-packages/airflow/example_dags/example_branch_operator.py for tasks to queue
[2024-06-03T10:44:17.227+0000] {logging_mixin.py:188} INFO - [2024-06-03T10:44:17.226+0000] {dagbag.py:545} INFO - Filling up the DagBag from /home/airflow/.local/lib/python3.12/site-packages/airflow/example_dags/example_branch_operator.py
[2024-06-03T10:44:17.249+0000] {processor.py:840} INFO - DAG(s) 'example_branch_operator' retrieved from /home/airflow/.local/lib/python3.12/site-packages/airflow/example_dags/example_branch_operator.py
[2024-06-03T10:44:17.299+0000] {logging_mixin.py:188} INFO - [2024-06-03T10:44:17.299+0000] {dag.py:3096} INFO - Sync 1 DAGs
[2024-06-03T10:44:17.339+0000] {logging_mixin.py:188} INFO - [2024-06-03T10:44:17.338+0000] {dag.py:3954} INFO - Setting next_dagrun for example_branch_operator to 2024-06-02 00:00:00+00:00, run_after=2024-06-03 00:00:00+00:00
[2024-06-03T10:44:17.367+0000] {processor.py:183} INFO - Processing /home/airflow/.local/lib/python3.12/site-packages/airflow/example_dags/example_branch_operator.py took 0.150 seconds
[2024-06-03T10:44:47.947+0000] {processor.py:161} INFO - Started process (PID=11443) to work on /home/airflow/.local/lib/python3.12/site-packages/airflow/example_dags/example_branch_operator.py
[2024-06-03T10:44:47.948+0000] {processor.py:830} INFO - Processing file /home/airflow/.local/lib/python3.12/site-packages/airflow/example_dags/example_branch_operator.py for tasks to queue
[2024-06-03T10:44:47.949+0000] {logging_mixin.py:188} INFO - [2024-06-03T10:44:47.949+0000] {dagbag.py:545} INFO - Filling up the DagBag from /home/airflow/.local/lib/python3.12/site-packages/airflow/example_dags/example_branch_operator.py
[2024-06-03T10:44:47.972+0000] {processor.py:840} INFO - DAG(s) 'example_branch_operator' retrieved from /home/airflow/.local/lib/python3.12/site-packages/airflow/example_dags/example_branch_operator.py
[2024-06-03T10:44:48.016+0000] {logging_mixin.py:188} INFO - [2024-06-03T10:44:48.015+0000] {dag.py:3096} INFO - Sync 1 DAGs
[2024-06-03T10:44:48.050+0000] {logging_mixin.py:188} INFO - [2024-06-03T10:44:48.049+0000] {dag.py:3954} INFO - Setting next_dagrun for example_branch_operator to 2024-06-02 00:00:00+00:00, run_after=2024-06-03 00:00:00+00:00
[2024-06-03T10:44:48.076+0000] {processor.py:183} INFO - Processing /home/airflow/.local/lib/python3.12/site-packages/airflow/example_dags/example_branch_operator.py took 0.136 seconds
[2024-06-03T10:45:18.850+0000] {processor.py:161} INFO - Started process (PID=11699) to work on /home/airflow/.local/lib/python3.12/site-packages/airflow/example_dags/example_branch_operator.py
[2024-06-03T10:45:18.851+0000] {processor.py:830} INFO - Processing file /home/airflow/.local/lib/python3.12/site-packages/airflow/example_dags/example_branch_operator.py for tasks to queue
[2024-06-03T10:45:18.853+0000] {logging_mixin.py:188} INFO - [2024-06-03T10:45:18.852+0000] {dagbag.py:545} INFO - Filling up the DagBag from /home/airflow/.local/lib/python3.12/site-packages/airflow/example_dags/example_branch_operator.py
[2024-06-03T10:45:18.876+0000] {processor.py:840} INFO - DAG(s) 'example_branch_operator' retrieved from /home/airflow/.local/lib/python3.12/site-packages/airflow/example_dags/example_branch_operator.py
[2024-06-03T10:45:18.920+0000] {logging_mixin.py:188} INFO - [2024-06-03T10:45:18.919+0000] {dag.py:3096} INFO - Sync 1 DAGs
[2024-06-03T10:45:18.952+0000] {logging_mixin.py:188} INFO - [2024-06-03T10:45:18.952+0000] {dag.py:3954} INFO - Setting next_dagrun for example_branch_operator to 2024-06-02 00:00:00+00:00, run_after=2024-06-03 00:00:00+00:00
[2024-06-03T10:45:18.977+0000] {processor.py:183} INFO - Processing /home/airflow/.local/lib/python3.12/site-packages/airflow/example_dags/example_branch_operator.py took 0.135 seconds
[2024-06-03T10:45:49.567+0000] {processor.py:161} INFO - Started process (PID=11955) to work on /home/airflow/.local/lib/python3.12/site-packages/airflow/example_dags/example_branch_operator.py
[2024-06-03T10:45:49.568+0000] {processor.py:830} INFO - Processing file /home/airflow/.local/lib/python3.12/site-packages/airflow/example_dags/example_branch_operator.py for tasks to queue
[2024-06-03T10:45:49.570+0000] {logging_mixin.py:188} INFO - [2024-06-03T10:45:49.569+0000] {dagbag.py:545} INFO - Filling up the DagBag from /home/airflow/.local/lib/python3.12/site-packages/airflow/example_dags/example_branch_operator.py
[2024-06-03T10:45:49.592+0000] {processor.py:840} INFO - DAG(s) 'example_branch_operator' retrieved from /home/airflow/.local/lib/python3.12/site-packages/airflow/example_dags/example_branch_operator.py
[2024-06-03T10:45:49.637+0000] {logging_mixin.py:188} INFO - [2024-06-03T10:45:49.636+0000] {dag.py:3096} INFO - Sync 1 DAGs
[2024-06-03T10:45:49.670+0000] {logging_mixin.py:188} INFO - [2024-06-03T10:45:49.669+0000] {dag.py:3954} INFO - Setting next_dagrun for example_branch_operator to 2024-06-02 00:00:00+00:00, run_after=2024-06-03 00:00:00+00:00
[2024-06-03T10:45:49.696+0000] {processor.py:183} INFO - Processing /home/airflow/.local/lib/python3.12/site-packages/airflow/example_dags/example_branch_operator.py took 0.136 seconds
[2024-06-03T10:46:19.922+0000] {processor.py:161} INFO - Started process (PID=12211) to work on /home/airflow/.local/lib/python3.12/site-packages/airflow/example_dags/example_branch_operator.py
[2024-06-03T10:46:19.923+0000] {processor.py:830} INFO - Processing file /home/airflow/.local/lib/python3.12/site-packages/airflow/example_dags/example_branch_operator.py for tasks to queue
[2024-06-03T10:46:19.925+0000] {logging_mixin.py:188} INFO - [2024-06-03T10:46:19.924+0000] {dagbag.py:545} INFO - Filling up the DagBag from /home/airflow/.local/lib/python3.12/site-packages/airflow/example_dags/example_branch_operator.py
[2024-06-03T10:46:19.947+0000] {processor.py:840} INFO - DAG(s) 'example_branch_operator' retrieved from /home/airflow/.local/lib/python3.12/site-packages/airflow/example_dags/example_branch_operator.py
[2024-06-03T10:46:19.998+0000] {logging_mixin.py:188} INFO - [2024-06-03T10:46:19.998+0000] {dag.py:3096} INFO - Sync 1 DAGs
[2024-06-03T10:46:20.039+0000] {logging_mixin.py:188} INFO - [2024-06-03T10:46:20.039+0000] {dag.py:3954} INFO - Setting next_dagrun for example_branch_operator to 2024-06-02 00:00:00+00:00, run_after=2024-06-03 00:00:00+00:00
[2024-06-03T10:46:20.067+0000] {processor.py:183} INFO - Processing /home/airflow/.local/lib/python3.12/site-packages/airflow/example_dags/example_branch_operator.py took 0.152 seconds
[2024-06-03T10:46:50.514+0000] {processor.py:161} INFO - Started process (PID=12467) to work on /home/airflow/.local/lib/python3.12/site-packages/airflow/example_dags/example_branch_operator.py
[2024-06-03T10:46:50.516+0000] {processor.py:830} INFO - Processing file /home/airflow/.local/lib/python3.12/site-packages/airflow/example_dags/example_branch_operator.py for tasks to queue
[2024-06-03T10:46:50.517+0000] {logging_mixin.py:188} INFO - [2024-06-03T10:46:50.517+0000] {dagbag.py:545} INFO - Filling up the DagBag from /home/airflow/.local/lib/python3.12/site-packages/airflow/example_dags/example_branch_operator.py
[2024-06-03T10:46:50.539+0000] {processor.py:840} INFO - DAG(s) 'example_branch_operator' retrieved from /home/airflow/.local/lib/python3.12/site-packages/airflow/example_dags/example_branch_operator.py
[2024-06-03T10:46:50.588+0000] {logging_mixin.py:188} INFO - [2024-06-03T10:46:50.587+0000] {dag.py:3096} INFO - Sync 1 DAGs
[2024-06-03T10:46:50.628+0000] {logging_mixin.py:188} INFO - [2024-06-03T10:46:50.628+0000] {dag.py:3954} INFO - Setting next_dagrun for example_branch_operator to 2024-06-02 00:00:00+00:00, run_after=2024-06-03 00:00:00+00:00
[2024-06-03T10:46:50.661+0000] {processor.py:183} INFO - Processing /home/airflow/.local/lib/python3.12/site-packages/airflow/example_dags/example_branch_operator.py took 0.153 seconds
[2024-06-03T10:47:21.158+0000] {processor.py:161} INFO - Started process (PID=12723) to work on /home/airflow/.local/lib/python3.12/site-packages/airflow/example_dags/example_branch_operator.py
[2024-06-03T10:47:21.158+0000] {processor.py:830} INFO - Processing file /home/airflow/.local/lib/python3.12/site-packages/airflow/example_dags/example_branch_operator.py for tasks to queue
[2024-06-03T10:47:21.160+0000] {logging_mixin.py:188} INFO - [2024-06-03T10:47:21.160+0000] {dagbag.py:545} INFO - Filling up the DagBag from /home/airflow/.local/lib/python3.12/site-packages/airflow/example_dags/example_branch_operator.py
[2024-06-03T10:47:21.182+0000] {processor.py:840} INFO - DAG(s) 'example_branch_operator' retrieved from /home/airflow/.local/lib/python3.12/site-packages/airflow/example_dags/example_branch_operator.py
[2024-06-03T10:47:21.227+0000] {logging_mixin.py:188} INFO - [2024-06-03T10:47:21.227+0000] {dag.py:3096} INFO - Sync 1 DAGs
[2024-06-03T10:47:21.260+0000] {logging_mixin.py:188} INFO - [2024-06-03T10:47:21.260+0000] {dag.py:3954} INFO - Setting next_dagrun for example_branch_operator to 2024-06-02 00:00:00+00:00, run_after=2024-06-03 00:00:00+00:00
[2024-06-03T10:47:21.284+0000] {processor.py:183} INFO - Processing /home/airflow/.local/lib/python3.12/site-packages/airflow/example_dags/example_branch_operator.py took 0.133 seconds
[2024-06-03T10:47:51.872+0000] {processor.py:161} INFO - Started process (PID=12979) to work on /home/airflow/.local/lib/python3.12/site-packages/airflow/example_dags/example_branch_operator.py
[2024-06-03T10:47:51.873+0000] {processor.py:830} INFO - Processing file /home/airflow/.local/lib/python3.12/site-packages/airflow/example_dags/example_branch_operator.py for tasks to queue
[2024-06-03T10:47:51.875+0000] {logging_mixin.py:188} INFO - [2024-06-03T10:47:51.875+0000] {dagbag.py:545} INFO - Filling up the DagBag from /home/airflow/.local/lib/python3.12/site-packages/airflow/example_dags/example_branch_operator.py
[2024-06-03T10:47:51.898+0000] {processor.py:840} INFO - DAG(s) 'example_branch_operator' retrieved from /home/airflow/.local/lib/python3.12/site-packages/airflow/example_dags/example_branch_operator.py
[2024-06-03T10:47:51.947+0000] {logging_mixin.py:188} INFO - [2024-06-03T10:47:51.947+0000] {dag.py:3096} INFO - Sync 1 DAGs
[2024-06-03T10:47:51.988+0000] {logging_mixin.py:188} INFO - [2024-06-03T10:47:51.988+0000] {dag.py:3954} INFO - Setting next_dagrun for example_branch_operator to 2024-06-02 00:00:00+00:00, run_after=2024-06-03 00:00:00+00:00
[2024-06-03T10:47:52.017+0000] {processor.py:183} INFO - Processing /home/airflow/.local/lib/python3.12/site-packages/airflow/example_dags/example_branch_operator.py took 0.151 seconds
[2024-06-03T10:48:22.285+0000] {processor.py:161} INFO - Started process (PID=13235) to work on /home/airflow/.local/lib/python3.12/site-packages/airflow/example_dags/example_branch_operator.py
[2024-06-03T10:48:22.286+0000] {processor.py:830} INFO - Processing file /home/airflow/.local/lib/python3.12/site-packages/airflow/example_dags/example_branch_operator.py for tasks to queue
[2024-06-03T10:48:22.287+0000] {logging_mixin.py:188} INFO - [2024-06-03T10:48:22.287+0000] {dagbag.py:545} INFO - Filling up the DagBag from /home/airflow/.local/lib/python3.12/site-packages/airflow/example_dags/example_branch_operator.py
[2024-06-03T10:48:22.310+0000] {processor.py:840} INFO - DAG(s) 'example_branch_operator' retrieved from /home/airflow/.local/lib/python3.12/site-packages/airflow/example_dags/example_branch_operator.py
[2024-06-03T10:48:22.356+0000] {logging_mixin.py:188} INFO - [2024-06-03T10:48:22.355+0000] {dag.py:3096} INFO - Sync 1 DAGs
[2024-06-03T10:48:22.390+0000] {logging_mixin.py:188} INFO - [2024-06-03T10:48:22.389+0000] {dag.py:3954} INFO - Setting next_dagrun for example_branch_operator to 2024-06-02 00:00:00+00:00, run_after=2024-06-03 00:00:00+00:00
[2024-06-03T10:48:22.416+0000] {processor.py:183} INFO - Processing /home/airflow/.local/lib/python3.12/site-packages/airflow/example_dags/example_branch_operator.py took 0.138 seconds
[2024-06-03T10:48:52.606+0000] {processor.py:161} INFO - Started process (PID=13491) to work on /home/airflow/.local/lib/python3.12/site-packages/airflow/example_dags/example_branch_operator.py
[2024-06-03T10:48:52.607+0000] {processor.py:830} INFO - Processing file /home/airflow/.local/lib/python3.12/site-packages/airflow/example_dags/example_branch_operator.py for tasks to queue
[2024-06-03T10:48:52.609+0000] {logging_mixin.py:188} INFO - [2024-06-03T10:48:52.609+0000] {dagbag.py:545} INFO - Filling up the DagBag from /home/airflow/.local/lib/python3.12/site-packages/airflow/example_dags/example_branch_operator.py
[2024-06-03T10:48:52.632+0000] {processor.py:840} INFO - DAG(s) 'example_branch_operator' retrieved from /home/airflow/.local/lib/python3.12/site-packages/airflow/example_dags/example_branch_operator.py
[2024-06-03T10:48:52.675+0000] {logging_mixin.py:188} INFO - [2024-06-03T10:48:52.675+0000] {dag.py:3096} INFO - Sync 1 DAGs
[2024-06-03T10:48:52.711+0000] {logging_mixin.py:188} INFO - [2024-06-03T10:48:52.710+0000] {dag.py:3954} INFO - Setting next_dagrun for example_branch_operator to 2024-06-02 00:00:00+00:00, run_after=2024-06-03 00:00:00+00:00
[2024-06-03T10:48:52.737+0000] {processor.py:183} INFO - Processing /home/airflow/.local/lib/python3.12/site-packages/airflow/example_dags/example_branch_operator.py took 0.138 seconds
[2024-06-03T10:49:22.928+0000] {processor.py:161} INFO - Started process (PID=13747) to work on /home/airflow/.local/lib/python3.12/site-packages/airflow/example_dags/example_branch_operator.py
[2024-06-03T10:49:22.929+0000] {processor.py:830} INFO - Processing file /home/airflow/.local/lib/python3.12/site-packages/airflow/example_dags/example_branch_operator.py for tasks to queue
[2024-06-03T10:49:22.931+0000] {logging_mixin.py:188} INFO - [2024-06-03T10:49:22.930+0000] {dagbag.py:545} INFO - Filling up the DagBag from /home/airflow/.local/lib/python3.12/site-packages/airflow/example_dags/example_branch_operator.py
[2024-06-03T10:49:22.954+0000] {processor.py:840} INFO - DAG(s) 'example_branch_operator' retrieved from /home/airflow/.local/lib/python3.12/site-packages/airflow/example_dags/example_branch_operator.py
[2024-06-03T10:49:22.998+0000] {logging_mixin.py:188} INFO - [2024-06-03T10:49:22.998+0000] {dag.py:3096} INFO - Sync 1 DAGs
[2024-06-03T10:49:23.033+0000] {logging_mixin.py:188} INFO - [2024-06-03T10:49:23.033+0000] {dag.py:3954} INFO - Setting next_dagrun for example_branch_operator to 2024-06-02 00:00:00+00:00, run_after=2024-06-03 00:00:00+00:00
[2024-06-03T10:49:23.057+0000] {processor.py:183} INFO - Processing /home/airflow/.local/lib/python3.12/site-packages/airflow/example_dags/example_branch_operator.py took 0.136 seconds
[2024-06-03T10:49:53.476+0000] {processor.py:161} INFO - Started process (PID=14003) to work on /home/airflow/.local/lib/python3.12/site-packages/airflow/example_dags/example_branch_operator.py
[2024-06-03T10:49:53.477+0000] {processor.py:830} INFO - Processing file /home/airflow/.local/lib/python3.12/site-packages/airflow/example_dags/example_branch_operator.py for tasks to queue
[2024-06-03T10:49:53.479+0000] {logging_mixin.py:188} INFO - [2024-06-03T10:49:53.479+0000] {dagbag.py:545} INFO - Filling up the DagBag from /home/airflow/.local/lib/python3.12/site-packages/airflow/example_dags/example_branch_operator.py
[2024-06-03T10:49:53.501+0000] {processor.py:840} INFO - DAG(s) 'example_branch_operator' retrieved from /home/airflow/.local/lib/python3.12/site-packages/airflow/example_dags/example_branch_operator.py
[2024-06-03T10:49:53.545+0000] {logging_mixin.py:188} INFO - [2024-06-03T10:49:53.544+0000] {dag.py:3096} INFO - Sync 1 DAGs
[2024-06-03T10:49:53.578+0000] {logging_mixin.py:188} INFO - [2024-06-03T10:49:53.578+0000] {dag.py:3954} INFO - Setting next_dagrun for example_branch_operator to 2024-06-02 00:00:00+00:00, run_after=2024-06-03 00:00:00+00:00
[2024-06-03T10:49:53.604+0000] {processor.py:183} INFO - Processing /home/airflow/.local/lib/python3.12/site-packages/airflow/example_dags/example_branch_operator.py took 0.135 seconds
[2024-06-03T10:50:23.888+0000] {processor.py:161} INFO - Started process (PID=14259) to work on /home/airflow/.local/lib/python3.12/site-packages/airflow/example_dags/example_branch_operator.py
[2024-06-03T10:50:23.891+0000] {processor.py:830} INFO - Processing file /home/airflow/.local/lib/python3.12/site-packages/airflow/example_dags/example_branch_operator.py for tasks to queue
[2024-06-03T10:50:23.893+0000] {logging_mixin.py:188} INFO - [2024-06-03T10:50:23.893+0000] {dagbag.py:545} INFO - Filling up the DagBag from /home/airflow/.local/lib/python3.12/site-packages/airflow/example_dags/example_branch_operator.py
[2024-06-03T10:50:23.916+0000] {processor.py:840} INFO - DAG(s) 'example_branch_operator' retrieved from /home/airflow/.local/lib/python3.12/site-packages/airflow/example_dags/example_branch_operator.py
[2024-06-03T10:50:23.963+0000] {logging_mixin.py:188} INFO - [2024-06-03T10:50:23.963+0000] {dag.py:3096} INFO - Sync 1 DAGs
[2024-06-03T10:50:23.996+0000] {logging_mixin.py:188} INFO - [2024-06-03T10:50:23.995+0000] {dag.py:3954} INFO - Setting next_dagrun for example_branch_operator to 2024-06-02 00:00:00+00:00, run_after=2024-06-03 00:00:00+00:00
[2024-06-03T10:50:24.020+0000] {processor.py:183} INFO - Processing /home/airflow/.local/lib/python3.12/site-packages/airflow/example_dags/example_branch_operator.py took 0.139 seconds
[2024-06-03T10:50:54.589+0000] {processor.py:161} INFO - Started process (PID=14515) to work on /home/airflow/.local/lib/python3.12/site-packages/airflow/example_dags/example_branch_operator.py
[2024-06-03T10:50:54.590+0000] {processor.py:830} INFO - Processing file /home/airflow/.local/lib/python3.12/site-packages/airflow/example_dags/example_branch_operator.py for tasks to queue
[2024-06-03T10:50:54.592+0000] {logging_mixin.py:188} INFO - [2024-06-03T10:50:54.591+0000] {dagbag.py:545} INFO - Filling up the DagBag from /home/airflow/.local/lib/python3.12/site-packages/airflow/example_dags/example_branch_operator.py
[2024-06-03T10:50:54.614+0000] {processor.py:840} INFO - DAG(s) 'example_branch_operator' retrieved from /home/airflow/.local/lib/python3.12/site-packages/airflow/example_dags/example_branch_operator.py
[2024-06-03T10:50:54.657+0000] {logging_mixin.py:188} INFO - [2024-06-03T10:50:54.657+0000] {dag.py:3096} INFO - Sync 1 DAGs
[2024-06-03T10:50:54.691+0000] {logging_mixin.py:188} INFO - [2024-06-03T10:50:54.690+0000] {dag.py:3954} INFO - Setting next_dagrun for example_branch_operator to 2024-06-02 00:00:00+00:00, run_after=2024-06-03 00:00:00+00:00
[2024-06-03T10:50:54.715+0000] {processor.py:183} INFO - Processing /home/airflow/.local/lib/python3.12/site-packages/airflow/example_dags/example_branch_operator.py took 0.133 seconds
[2024-06-03T10:51:25.313+0000] {processor.py:161} INFO - Started process (PID=14771) to work on /home/airflow/.local/lib/python3.12/site-packages/airflow/example_dags/example_branch_operator.py
[2024-06-03T10:51:25.314+0000] {processor.py:830} INFO - Processing file /home/airflow/.local/lib/python3.12/site-packages/airflow/example_dags/example_branch_operator.py for tasks to queue
[2024-06-03T10:51:25.316+0000] {logging_mixin.py:188} INFO - [2024-06-03T10:51:25.316+0000] {dagbag.py:545} INFO - Filling up the DagBag from /home/airflow/.local/lib/python3.12/site-packages/airflow/example_dags/example_branch_operator.py
[2024-06-03T10:51:25.339+0000] {processor.py:840} INFO - DAG(s) 'example_branch_operator' retrieved from /home/airflow/.local/lib/python3.12/site-packages/airflow/example_dags/example_branch_operator.py
[2024-06-03T10:51:25.391+0000] {logging_mixin.py:188} INFO - [2024-06-03T10:51:25.390+0000] {dag.py:3096} INFO - Sync 1 DAGs
[2024-06-03T10:51:25.431+0000] {logging_mixin.py:188} INFO - [2024-06-03T10:51:25.430+0000] {dag.py:3954} INFO - Setting next_dagrun for example_branch_operator to 2024-06-02 00:00:00+00:00, run_after=2024-06-03 00:00:00+00:00
[2024-06-03T10:51:25.458+0000] {processor.py:183} INFO - Processing /home/airflow/.local/lib/python3.12/site-packages/airflow/example_dags/example_branch_operator.py took 0.152 seconds
[2024-06-03T10:51:55.987+0000] {processor.py:161} INFO - Started process (PID=15027) to work on /home/airflow/.local/lib/python3.12/site-packages/airflow/example_dags/example_branch_operator.py
[2024-06-03T10:51:55.988+0000] {processor.py:830} INFO - Processing file /home/airflow/.local/lib/python3.12/site-packages/airflow/example_dags/example_branch_operator.py for tasks to queue
[2024-06-03T10:51:55.989+0000] {logging_mixin.py:188} INFO - [2024-06-03T10:51:55.989+0000] {dagbag.py:545} INFO - Filling up the DagBag from /home/airflow/.local/lib/python3.12/site-packages/airflow/example_dags/example_branch_operator.py
[2024-06-03T10:51:56.011+0000] {processor.py:840} INFO - DAG(s) 'example_branch_operator' retrieved from /home/airflow/.local/lib/python3.12/site-packages/airflow/example_dags/example_branch_operator.py
[2024-06-03T10:51:56.063+0000] {logging_mixin.py:188} INFO - [2024-06-03T10:51:56.062+0000] {dag.py:3096} INFO - Sync 1 DAGs
[2024-06-03T10:51:56.104+0000] {logging_mixin.py:188} INFO - [2024-06-03T10:51:56.103+0000] {dag.py:3954} INFO - Setting next_dagrun for example_branch_operator to 2024-06-02 00:00:00+00:00, run_after=2024-06-03 00:00:00+00:00
[2024-06-03T10:51:56.132+0000] {processor.py:183} INFO - Processing /home/airflow/.local/lib/python3.12/site-packages/airflow/example_dags/example_branch_operator.py took 0.153 seconds
[2024-06-03T10:52:26.688+0000] {processor.py:161} INFO - Started process (PID=15283) to work on /home/airflow/.local/lib/python3.12/site-packages/airflow/example_dags/example_branch_operator.py
[2024-06-03T10:52:26.689+0000] {processor.py:830} INFO - Processing file /home/airflow/.local/lib/python3.12/site-packages/airflow/example_dags/example_branch_operator.py for tasks to queue
[2024-06-03T10:52:26.691+0000] {logging_mixin.py:188} INFO - [2024-06-03T10:52:26.691+0000] {dagbag.py:545} INFO - Filling up the DagBag from /home/airflow/.local/lib/python3.12/site-packages/airflow/example_dags/example_branch_operator.py
[2024-06-03T10:52:26.714+0000] {processor.py:840} INFO - DAG(s) 'example_branch_operator' retrieved from /home/airflow/.local/lib/python3.12/site-packages/airflow/example_dags/example_branch_operator.py
[2024-06-03T10:52:26.758+0000] {logging_mixin.py:188} INFO - [2024-06-03T10:52:26.758+0000] {dag.py:3096} INFO - Sync 1 DAGs
[2024-06-03T10:52:26.794+0000] {logging_mixin.py:188} INFO - [2024-06-03T10:52:26.794+0000] {dag.py:3954} INFO - Setting next_dagrun for example_branch_operator to 2024-06-02 00:00:00+00:00, run_after=2024-06-03 00:00:00+00:00
[2024-06-03T10:52:26.820+0000] {processor.py:183} INFO - Processing /home/airflow/.local/lib/python3.12/site-packages/airflow/example_dags/example_branch_operator.py took 0.139 seconds
[2024-06-03T10:52:57.104+0000] {processor.py:161} INFO - Started process (PID=15539) to work on /home/airflow/.local/lib/python3.12/site-packages/airflow/example_dags/example_branch_operator.py
[2024-06-03T10:52:57.105+0000] {processor.py:830} INFO - Processing file /home/airflow/.local/lib/python3.12/site-packages/airflow/example_dags/example_branch_operator.py for tasks to queue
[2024-06-03T10:52:57.106+0000] {logging_mixin.py:188} INFO - [2024-06-03T10:52:57.106+0000] {dagbag.py:545} INFO - Filling up the DagBag from /home/airflow/.local/lib/python3.12/site-packages/airflow/example_dags/example_branch_operator.py
[2024-06-03T10:52:57.129+0000] {processor.py:840} INFO - DAG(s) 'example_branch_operator' retrieved from /home/airflow/.local/lib/python3.12/site-packages/airflow/example_dags/example_branch_operator.py
[2024-06-03T10:52:57.178+0000] {logging_mixin.py:188} INFO - [2024-06-03T10:52:57.178+0000] {dag.py:3096} INFO - Sync 1 DAGs
[2024-06-03T10:52:57.221+0000] {logging_mixin.py:188} INFO - [2024-06-03T10:52:57.221+0000] {dag.py:3954} INFO - Setting next_dagrun for example_branch_operator to 2024-06-02 00:00:00+00:00, run_after=2024-06-03 00:00:00+00:00
[2024-06-03T10:52:57.251+0000] {processor.py:183} INFO - Processing /home/airflow/.local/lib/python3.12/site-packages/airflow/example_dags/example_branch_operator.py took 0.154 seconds
[2024-06-03T10:53:27.494+0000] {processor.py:161} INFO - Started process (PID=15795) to work on /home/airflow/.local/lib/python3.12/site-packages/airflow/example_dags/example_branch_operator.py
[2024-06-03T10:53:27.495+0000] {processor.py:830} INFO - Processing file /home/airflow/.local/lib/python3.12/site-packages/airflow/example_dags/example_branch_operator.py for tasks to queue
[2024-06-03T10:53:27.497+0000] {logging_mixin.py:188} INFO - [2024-06-03T10:53:27.496+0000] {dagbag.py:545} INFO - Filling up the DagBag from /home/airflow/.local/lib/python3.12/site-packages/airflow/example_dags/example_branch_operator.py
[2024-06-03T10:53:27.519+0000] {processor.py:840} INFO - DAG(s) 'example_branch_operator' retrieved from /home/airflow/.local/lib/python3.12/site-packages/airflow/example_dags/example_branch_operator.py
[2024-06-03T10:53:27.562+0000] {logging_mixin.py:188} INFO - [2024-06-03T10:53:27.562+0000] {dag.py:3096} INFO - Sync 1 DAGs
[2024-06-03T10:53:27.596+0000] {logging_mixin.py:188} INFO - [2024-06-03T10:53:27.595+0000] {dag.py:3954} INFO - Setting next_dagrun for example_branch_operator to 2024-06-02 00:00:00+00:00, run_after=2024-06-03 00:00:00+00:00
[2024-06-03T10:53:27.624+0000] {processor.py:183} INFO - Processing /home/airflow/.local/lib/python3.12/site-packages/airflow/example_dags/example_branch_operator.py took 0.138 seconds
