[2024-06-03T09:55:40.189+0000] {processor.py:161} INFO - Started process (PID=306) to work on /home/airflow/.local/lib/python3.12/site-packages/airflow/example_dags/example_short_circuit_operator.py
[2024-06-03T09:55:40.190+0000] {processor.py:830} INFO - Processing file /home/airflow/.local/lib/python3.12/site-packages/airflow/example_dags/example_short_circuit_operator.py for tasks to queue
[2024-06-03T09:55:40.193+0000] {logging_mixin.py:188} INFO - [2024-06-03T09:55:40.192+0000] {dagbag.py:545} INFO - Filling up the DagBag from /home/airflow/.local/lib/python3.12/site-packages/airflow/example_dags/example_short_circuit_operator.py
[2024-06-03T09:55:40.249+0000] {processor.py:840} INFO - DAG(s) 'example_short_circuit_operator' retrieved from /home/airflow/.local/lib/python3.12/site-packages/airflow/example_dags/example_short_circuit_operator.py
[2024-06-03T09:55:40.892+0000] {logging_mixin.py:188} INFO - [2024-06-03T09:55:40.892+0000] {dag.py:3096} INFO - Sync 1 DAGs
[2024-06-03T09:55:40.975+0000] {logging_mixin.py:188} INFO - [2024-06-03T09:55:40.975+0000] {dag.py:3954} INFO - Setting next_dagrun for example_short_circuit_operator to 2024-06-02 00:00:00+00:00, run_after=2024-06-03 00:00:00+00:00
[2024-06-03T09:55:41.142+0000] {processor.py:183} INFO - Processing /home/airflow/.local/lib/python3.12/site-packages/airflow/example_dags/example_short_circuit_operator.py took 1.013 seconds
[2024-06-03T09:58:09.413+0000] {processor.py:161} INFO - Started process (PID=609) to work on /home/airflow/.local/lib/python3.12/site-packages/airflow/example_dags/example_short_circuit_operator.py
[2024-06-03T09:58:09.631+0000] {processor.py:830} INFO - Processing file /home/airflow/.local/lib/python3.12/site-packages/airflow/example_dags/example_short_circuit_operator.py for tasks to queue
[2024-06-03T09:58:09.653+0000] {logging_mixin.py:188} INFO - [2024-06-03T09:58:09.652+0000] {dagbag.py:545} INFO - Filling up the DagBag from /home/airflow/.local/lib/python3.12/site-packages/airflow/example_dags/example_short_circuit_operator.py
[2024-06-03T09:58:09.934+0000] {processor.py:840} INFO - DAG(s) 'example_short_circuit_operator' retrieved from /home/airflow/.local/lib/python3.12/site-packages/airflow/example_dags/example_short_circuit_operator.py
[2024-06-03T09:58:10.232+0000] {logging_mixin.py:188} INFO - [2024-06-03T09:58:10.232+0000] {dag.py:3096} INFO - Sync 1 DAGs
[2024-06-03T09:58:11.201+0000] {logging_mixin.py:188} INFO - [2024-06-03T09:58:11.044+0000] {dag.py:3954} INFO - Setting next_dagrun for example_short_circuit_operator to 2024-06-02 00:00:00+00:00, run_after=2024-06-03 00:00:00+00:00
[2024-06-03T09:58:12.205+0000] {processor.py:183} INFO - Processing /home/airflow/.local/lib/python3.12/site-packages/airflow/example_dags/example_short_circuit_operator.py took 3.536 seconds
[2024-06-03T10:00:11.026+0000] {processor.py:161} INFO - Started process (PID=863) to work on /home/airflow/.local/lib/python3.12/site-packages/airflow/example_dags/example_short_circuit_operator.py
[2024-06-03T10:00:11.032+0000] {processor.py:830} INFO - Processing file /home/airflow/.local/lib/python3.12/site-packages/airflow/example_dags/example_short_circuit_operator.py for tasks to queue
[2024-06-03T10:00:11.038+0000] {logging_mixin.py:188} INFO - [2024-06-03T10:00:11.037+0000] {dagbag.py:545} INFO - Filling up the DagBag from /home/airflow/.local/lib/python3.12/site-packages/airflow/example_dags/example_short_circuit_operator.py
[2024-06-03T10:00:11.068+0000] {processor.py:840} INFO - DAG(s) 'example_short_circuit_operator' retrieved from /home/airflow/.local/lib/python3.12/site-packages/airflow/example_dags/example_short_circuit_operator.py
[2024-06-03T10:00:11.156+0000] {logging_mixin.py:188} INFO - [2024-06-03T10:00:11.155+0000] {dag.py:3096} INFO - Sync 1 DAGs
[2024-06-03T10:00:11.339+0000] {logging_mixin.py:188} INFO - [2024-06-03T10:00:11.339+0000] {dag.py:3954} INFO - Setting next_dagrun for example_short_circuit_operator to 2024-06-02 00:00:00+00:00, run_after=2024-06-03 00:00:00+00:00
[2024-06-03T10:00:11.472+0000] {processor.py:183} INFO - Processing /home/airflow/.local/lib/python3.12/site-packages/airflow/example_dags/example_short_circuit_operator.py took 0.472 seconds
[2024-06-03T10:00:43.769+0000] {processor.py:161} INFO - Started process (PID=1126) to work on /home/airflow/.local/lib/python3.12/site-packages/airflow/example_dags/example_short_circuit_operator.py
[2024-06-03T10:00:43.779+0000] {processor.py:830} INFO - Processing file /home/airflow/.local/lib/python3.12/site-packages/airflow/example_dags/example_short_circuit_operator.py for tasks to queue
[2024-06-03T10:00:43.782+0000] {logging_mixin.py:188} INFO - [2024-06-03T10:00:43.781+0000] {dagbag.py:545} INFO - Filling up the DagBag from /home/airflow/.local/lib/python3.12/site-packages/airflow/example_dags/example_short_circuit_operator.py
[2024-06-03T10:00:43.833+0000] {processor.py:840} INFO - DAG(s) 'example_short_circuit_operator' retrieved from /home/airflow/.local/lib/python3.12/site-packages/airflow/example_dags/example_short_circuit_operator.py
[2024-06-03T10:00:43.991+0000] {logging_mixin.py:188} INFO - [2024-06-03T10:00:43.990+0000] {dag.py:3096} INFO - Sync 1 DAGs
[2024-06-03T10:00:44.102+0000] {logging_mixin.py:188} INFO - [2024-06-03T10:00:44.101+0000] {dag.py:3954} INFO - Setting next_dagrun for example_short_circuit_operator to 2024-06-02 00:00:00+00:00, run_after=2024-06-03 00:00:00+00:00
[2024-06-03T10:00:44.183+0000] {processor.py:183} INFO - Processing /home/airflow/.local/lib/python3.12/site-packages/airflow/example_dags/example_short_circuit_operator.py took 0.450 seconds
[2024-06-03T10:02:17.789+0000] {processor.py:161} INFO - Started process (PID=1449) to work on /home/airflow/.local/lib/python3.12/site-packages/airflow/example_dags/example_short_circuit_operator.py
[2024-06-03T10:02:17.808+0000] {processor.py:830} INFO - Processing file /home/airflow/.local/lib/python3.12/site-packages/airflow/example_dags/example_short_circuit_operator.py for tasks to queue
[2024-06-03T10:02:17.890+0000] {logging_mixin.py:188} INFO - [2024-06-03T10:02:17.812+0000] {dagbag.py:545} INFO - Filling up the DagBag from /home/airflow/.local/lib/python3.12/site-packages/airflow/example_dags/example_short_circuit_operator.py
[2024-06-03T10:02:18.170+0000] {processor.py:840} INFO - DAG(s) 'example_short_circuit_operator' retrieved from /home/airflow/.local/lib/python3.12/site-packages/airflow/example_dags/example_short_circuit_operator.py
[2024-06-03T10:02:18.794+0000] {logging_mixin.py:188} INFO - [2024-06-03T10:02:18.794+0000] {dag.py:3096} INFO - Sync 1 DAGs
[2024-06-03T10:02:19.216+0000] {logging_mixin.py:188} INFO - [2024-06-03T10:02:19.216+0000] {dag.py:3954} INFO - Setting next_dagrun for example_short_circuit_operator to 2024-06-02 00:00:00+00:00, run_after=2024-06-03 00:00:00+00:00
[2024-06-03T10:02:19.838+0000] {processor.py:183} INFO - Processing /home/airflow/.local/lib/python3.12/site-packages/airflow/example_dags/example_short_circuit_operator.py took 2.108 seconds
[2024-06-03T10:05:11.391+0000] {processor.py:161} INFO - Started process (PID=1790) to work on /home/airflow/.local/lib/python3.12/site-packages/airflow/example_dags/example_short_circuit_operator.py
[2024-06-03T10:05:11.399+0000] {processor.py:830} INFO - Processing file /home/airflow/.local/lib/python3.12/site-packages/airflow/example_dags/example_short_circuit_operator.py for tasks to queue
[2024-06-03T10:05:11.401+0000] {logging_mixin.py:188} INFO - [2024-06-03T10:05:11.401+0000] {dagbag.py:545} INFO - Filling up the DagBag from /home/airflow/.local/lib/python3.12/site-packages/airflow/example_dags/example_short_circuit_operator.py
[2024-06-03T10:05:11.472+0000] {processor.py:840} INFO - DAG(s) 'example_short_circuit_operator' retrieved from /home/airflow/.local/lib/python3.12/site-packages/airflow/example_dags/example_short_circuit_operator.py
[2024-06-03T10:05:11.633+0000] {logging_mixin.py:188} INFO - [2024-06-03T10:05:11.632+0000] {dag.py:3096} INFO - Sync 1 DAGs
[2024-06-03T10:05:11.712+0000] {logging_mixin.py:188} INFO - [2024-06-03T10:05:11.712+0000] {dag.py:3954} INFO - Setting next_dagrun for example_short_circuit_operator to 2024-06-02 00:00:00+00:00, run_after=2024-06-03 00:00:00+00:00
[2024-06-03T10:05:11.910+0000] {processor.py:183} INFO - Processing /home/airflow/.local/lib/python3.12/site-packages/airflow/example_dags/example_short_circuit_operator.py took 0.546 seconds
[2024-06-03T10:05:42.440+0000] {processor.py:161} INFO - Started process (PID=2046) to work on /home/airflow/.local/lib/python3.12/site-packages/airflow/example_dags/example_short_circuit_operator.py
[2024-06-03T10:05:42.444+0000] {processor.py:830} INFO - Processing file /home/airflow/.local/lib/python3.12/site-packages/airflow/example_dags/example_short_circuit_operator.py for tasks to queue
[2024-06-03T10:05:42.447+0000] {logging_mixin.py:188} INFO - [2024-06-03T10:05:42.446+0000] {dagbag.py:545} INFO - Filling up the DagBag from /home/airflow/.local/lib/python3.12/site-packages/airflow/example_dags/example_short_circuit_operator.py
[2024-06-03T10:05:42.473+0000] {processor.py:840} INFO - DAG(s) 'example_short_circuit_operator' retrieved from /home/airflow/.local/lib/python3.12/site-packages/airflow/example_dags/example_short_circuit_operator.py
[2024-06-03T10:05:42.551+0000] {logging_mixin.py:188} INFO - [2024-06-03T10:05:42.551+0000] {dag.py:3096} INFO - Sync 1 DAGs
[2024-06-03T10:05:42.595+0000] {logging_mixin.py:188} INFO - [2024-06-03T10:05:42.594+0000] {dag.py:3954} INFO - Setting next_dagrun for example_short_circuit_operator to 2024-06-02 00:00:00+00:00, run_after=2024-06-03 00:00:00+00:00
[2024-06-03T10:05:42.639+0000] {processor.py:183} INFO - Processing /home/airflow/.local/lib/python3.12/site-packages/airflow/example_dags/example_short_circuit_operator.py took 0.250 seconds
[2024-06-03T10:06:38.690+0000] {processor.py:161} INFO - Started process (PID=2247) to work on /home/airflow/.local/lib/python3.12/site-packages/airflow/example_dags/example_short_circuit_operator.py
[2024-06-03T10:06:38.727+0000] {processor.py:830} INFO - Processing file /home/airflow/.local/lib/python3.12/site-packages/airflow/example_dags/example_short_circuit_operator.py for tasks to queue
[2024-06-03T10:06:38.747+0000] {logging_mixin.py:188} INFO - [2024-06-03T10:06:38.730+0000] {dagbag.py:545} INFO - Filling up the DagBag from /home/airflow/.local/lib/python3.12/site-packages/airflow/example_dags/example_short_circuit_operator.py
[2024-06-03T10:06:39.109+0000] {processor.py:840} INFO - DAG(s) 'example_short_circuit_operator' retrieved from /home/airflow/.local/lib/python3.12/site-packages/airflow/example_dags/example_short_circuit_operator.py
[2024-06-03T10:06:39.995+0000] {logging_mixin.py:188} INFO - [2024-06-03T10:06:39.994+0000] {dag.py:3096} INFO - Sync 1 DAGs
[2024-06-03T10:06:40.533+0000] {logging_mixin.py:188} INFO - [2024-06-03T10:06:40.497+0000] {dag.py:3954} INFO - Setting next_dagrun for example_short_circuit_operator to 2024-06-02 00:00:00+00:00, run_after=2024-06-03 00:00:00+00:00
[2024-06-03T10:06:40.878+0000] {processor.py:183} INFO - Processing /home/airflow/.local/lib/python3.12/site-packages/airflow/example_dags/example_short_circuit_operator.py took 2.529 seconds
[2024-06-03T10:22:31.284+0000] {processor.py:161} INFO - Started process (PID=308) to work on /home/airflow/.local/lib/python3.12/site-packages/airflow/example_dags/example_short_circuit_operator.py
[2024-06-03T10:22:31.286+0000] {processor.py:830} INFO - Processing file /home/airflow/.local/lib/python3.12/site-packages/airflow/example_dags/example_short_circuit_operator.py for tasks to queue
[2024-06-03T10:22:31.288+0000] {logging_mixin.py:188} INFO - [2024-06-03T10:22:31.287+0000] {dagbag.py:545} INFO - Filling up the DagBag from /home/airflow/.local/lib/python3.12/site-packages/airflow/example_dags/example_short_circuit_operator.py
[2024-06-03T10:22:31.306+0000] {processor.py:840} INFO - DAG(s) 'example_short_circuit_operator' retrieved from /home/airflow/.local/lib/python3.12/site-packages/airflow/example_dags/example_short_circuit_operator.py
[2024-06-03T10:22:31.499+0000] {logging_mixin.py:188} INFO - [2024-06-03T10:22:31.499+0000] {dag.py:3096} INFO - Sync 1 DAGs
[2024-06-03T10:22:31.529+0000] {logging_mixin.py:188} INFO - [2024-06-03T10:22:31.529+0000] {dag.py:3954} INFO - Setting next_dagrun for example_short_circuit_operator to 2024-06-02 00:00:00+00:00, run_after=2024-06-03 00:00:00+00:00
[2024-06-03T10:22:31.557+0000] {processor.py:183} INFO - Processing /home/airflow/.local/lib/python3.12/site-packages/airflow/example_dags/example_short_circuit_operator.py took 0.280 seconds
[2024-06-03T10:23:01.633+0000] {processor.py:161} INFO - Started process (PID=564) to work on /home/airflow/.local/lib/python3.12/site-packages/airflow/example_dags/example_short_circuit_operator.py
[2024-06-03T10:23:01.633+0000] {processor.py:830} INFO - Processing file /home/airflow/.local/lib/python3.12/site-packages/airflow/example_dags/example_short_circuit_operator.py for tasks to queue
[2024-06-03T10:23:01.635+0000] {logging_mixin.py:188} INFO - [2024-06-03T10:23:01.635+0000] {dagbag.py:545} INFO - Filling up the DagBag from /home/airflow/.local/lib/python3.12/site-packages/airflow/example_dags/example_short_circuit_operator.py
[2024-06-03T10:23:01.644+0000] {processor.py:840} INFO - DAG(s) 'example_short_circuit_operator' retrieved from /home/airflow/.local/lib/python3.12/site-packages/airflow/example_dags/example_short_circuit_operator.py
[2024-06-03T10:23:01.677+0000] {logging_mixin.py:188} INFO - [2024-06-03T10:23:01.677+0000] {dag.py:3096} INFO - Sync 1 DAGs
[2024-06-03T10:23:01.710+0000] {logging_mixin.py:188} INFO - [2024-06-03T10:23:01.709+0000] {dag.py:3954} INFO - Setting next_dagrun for example_short_circuit_operator to 2024-06-02 00:00:00+00:00, run_after=2024-06-03 00:00:00+00:00
[2024-06-03T10:23:01.736+0000] {processor.py:183} INFO - Processing /home/airflow/.local/lib/python3.12/site-packages/airflow/example_dags/example_short_circuit_operator.py took 0.110 seconds
[2024-06-03T10:23:32.215+0000] {processor.py:161} INFO - Started process (PID=820) to work on /home/airflow/.local/lib/python3.12/site-packages/airflow/example_dags/example_short_circuit_operator.py
[2024-06-03T10:23:32.216+0000] {processor.py:830} INFO - Processing file /home/airflow/.local/lib/python3.12/site-packages/airflow/example_dags/example_short_circuit_operator.py for tasks to queue
[2024-06-03T10:23:32.218+0000] {logging_mixin.py:188} INFO - [2024-06-03T10:23:32.218+0000] {dagbag.py:545} INFO - Filling up the DagBag from /home/airflow/.local/lib/python3.12/site-packages/airflow/example_dags/example_short_circuit_operator.py
[2024-06-03T10:23:32.229+0000] {processor.py:840} INFO - DAG(s) 'example_short_circuit_operator' retrieved from /home/airflow/.local/lib/python3.12/site-packages/airflow/example_dags/example_short_circuit_operator.py
[2024-06-03T10:23:32.267+0000] {logging_mixin.py:188} INFO - [2024-06-03T10:23:32.267+0000] {dag.py:3096} INFO - Sync 1 DAGs
[2024-06-03T10:23:32.304+0000] {logging_mixin.py:188} INFO - [2024-06-03T10:23:32.304+0000] {dag.py:3954} INFO - Setting next_dagrun for example_short_circuit_operator to 2024-06-02 00:00:00+00:00, run_after=2024-06-03 00:00:00+00:00
[2024-06-03T10:23:32.333+0000] {processor.py:183} INFO - Processing /home/airflow/.local/lib/python3.12/site-packages/airflow/example_dags/example_short_circuit_operator.py took 0.124 seconds
[2024-06-03T10:24:02.854+0000] {processor.py:161} INFO - Started process (PID=1076) to work on /home/airflow/.local/lib/python3.12/site-packages/airflow/example_dags/example_short_circuit_operator.py
[2024-06-03T10:24:02.855+0000] {processor.py:830} INFO - Processing file /home/airflow/.local/lib/python3.12/site-packages/airflow/example_dags/example_short_circuit_operator.py for tasks to queue
[2024-06-03T10:24:02.858+0000] {logging_mixin.py:188} INFO - [2024-06-03T10:24:02.857+0000] {dagbag.py:545} INFO - Filling up the DagBag from /home/airflow/.local/lib/python3.12/site-packages/airflow/example_dags/example_short_circuit_operator.py
[2024-06-03T10:24:02.875+0000] {processor.py:840} INFO - DAG(s) 'example_short_circuit_operator' retrieved from /home/airflow/.local/lib/python3.12/site-packages/airflow/example_dags/example_short_circuit_operator.py
[2024-06-03T10:24:02.934+0000] {logging_mixin.py:188} INFO - [2024-06-03T10:24:02.933+0000] {dag.py:3096} INFO - Sync 1 DAGs
[2024-06-03T10:24:02.997+0000] {logging_mixin.py:188} INFO - [2024-06-03T10:24:02.997+0000] {dag.py:3954} INFO - Setting next_dagrun for example_short_circuit_operator to 2024-06-02 00:00:00+00:00, run_after=2024-06-03 00:00:00+00:00
[2024-06-03T10:24:03.023+0000] {processor.py:183} INFO - Processing /home/airflow/.local/lib/python3.12/site-packages/airflow/example_dags/example_short_circuit_operator.py took 0.190 seconds
[2024-06-03T10:24:33.293+0000] {processor.py:161} INFO - Started process (PID=1332) to work on /home/airflow/.local/lib/python3.12/site-packages/airflow/example_dags/example_short_circuit_operator.py
[2024-06-03T10:24:33.295+0000] {processor.py:830} INFO - Processing file /home/airflow/.local/lib/python3.12/site-packages/airflow/example_dags/example_short_circuit_operator.py for tasks to queue
[2024-06-03T10:24:33.297+0000] {logging_mixin.py:188} INFO - [2024-06-03T10:24:33.296+0000] {dagbag.py:545} INFO - Filling up the DagBag from /home/airflow/.local/lib/python3.12/site-packages/airflow/example_dags/example_short_circuit_operator.py
[2024-06-03T10:24:33.306+0000] {processor.py:840} INFO - DAG(s) 'example_short_circuit_operator' retrieved from /home/airflow/.local/lib/python3.12/site-packages/airflow/example_dags/example_short_circuit_operator.py
[2024-06-03T10:24:33.340+0000] {logging_mixin.py:188} INFO - [2024-06-03T10:24:33.340+0000] {dag.py:3096} INFO - Sync 1 DAGs
[2024-06-03T10:24:33.371+0000] {logging_mixin.py:188} INFO - [2024-06-03T10:24:33.371+0000] {dag.py:3954} INFO - Setting next_dagrun for example_short_circuit_operator to 2024-06-02 00:00:00+00:00, run_after=2024-06-03 00:00:00+00:00
[2024-06-03T10:24:33.399+0000] {processor.py:183} INFO - Processing /home/airflow/.local/lib/python3.12/site-packages/airflow/example_dags/example_short_circuit_operator.py took 0.115 seconds
[2024-06-03T10:25:03.777+0000] {processor.py:161} INFO - Started process (PID=1588) to work on /home/airflow/.local/lib/python3.12/site-packages/airflow/example_dags/example_short_circuit_operator.py
[2024-06-03T10:25:03.777+0000] {processor.py:830} INFO - Processing file /home/airflow/.local/lib/python3.12/site-packages/airflow/example_dags/example_short_circuit_operator.py for tasks to queue
[2024-06-03T10:25:03.779+0000] {logging_mixin.py:188} INFO - [2024-06-03T10:25:03.779+0000] {dagbag.py:545} INFO - Filling up the DagBag from /home/airflow/.local/lib/python3.12/site-packages/airflow/example_dags/example_short_circuit_operator.py
[2024-06-03T10:25:03.789+0000] {processor.py:840} INFO - DAG(s) 'example_short_circuit_operator' retrieved from /home/airflow/.local/lib/python3.12/site-packages/airflow/example_dags/example_short_circuit_operator.py
[2024-06-03T10:25:03.827+0000] {logging_mixin.py:188} INFO - [2024-06-03T10:25:03.827+0000] {dag.py:3096} INFO - Sync 1 DAGs
[2024-06-03T10:25:03.863+0000] {logging_mixin.py:188} INFO - [2024-06-03T10:25:03.862+0000] {dag.py:3954} INFO - Setting next_dagrun for example_short_circuit_operator to 2024-06-02 00:00:00+00:00, run_after=2024-06-03 00:00:00+00:00
[2024-06-03T10:25:03.890+0000] {processor.py:183} INFO - Processing /home/airflow/.local/lib/python3.12/site-packages/airflow/example_dags/example_short_circuit_operator.py took 0.120 seconds
[2024-06-03T10:25:34.193+0000] {processor.py:161} INFO - Started process (PID=1844) to work on /home/airflow/.local/lib/python3.12/site-packages/airflow/example_dags/example_short_circuit_operator.py
[2024-06-03T10:25:34.194+0000] {processor.py:830} INFO - Processing file /home/airflow/.local/lib/python3.12/site-packages/airflow/example_dags/example_short_circuit_operator.py for tasks to queue
[2024-06-03T10:25:34.196+0000] {logging_mixin.py:188} INFO - [2024-06-03T10:25:34.196+0000] {dagbag.py:545} INFO - Filling up the DagBag from /home/airflow/.local/lib/python3.12/site-packages/airflow/example_dags/example_short_circuit_operator.py
[2024-06-03T10:25:34.205+0000] {processor.py:840} INFO - DAG(s) 'example_short_circuit_operator' retrieved from /home/airflow/.local/lib/python3.12/site-packages/airflow/example_dags/example_short_circuit_operator.py
[2024-06-03T10:25:34.242+0000] {logging_mixin.py:188} INFO - [2024-06-03T10:25:34.242+0000] {dag.py:3096} INFO - Sync 1 DAGs
[2024-06-03T10:25:34.276+0000] {logging_mixin.py:188} INFO - [2024-06-03T10:25:34.276+0000] {dag.py:3954} INFO - Setting next_dagrun for example_short_circuit_operator to 2024-06-02 00:00:00+00:00, run_after=2024-06-03 00:00:00+00:00
[2024-06-03T10:25:34.302+0000] {processor.py:183} INFO - Processing /home/airflow/.local/lib/python3.12/site-packages/airflow/example_dags/example_short_circuit_operator.py took 0.115 seconds
[2024-06-03T10:26:04.808+0000] {processor.py:161} INFO - Started process (PID=2102) to work on /home/airflow/.local/lib/python3.12/site-packages/airflow/example_dags/example_short_circuit_operator.py
[2024-06-03T10:26:04.809+0000] {processor.py:830} INFO - Processing file /home/airflow/.local/lib/python3.12/site-packages/airflow/example_dags/example_short_circuit_operator.py for tasks to queue
[2024-06-03T10:26:04.810+0000] {logging_mixin.py:188} INFO - [2024-06-03T10:26:04.810+0000] {dagbag.py:545} INFO - Filling up the DagBag from /home/airflow/.local/lib/python3.12/site-packages/airflow/example_dags/example_short_circuit_operator.py
[2024-06-03T10:26:04.819+0000] {processor.py:840} INFO - DAG(s) 'example_short_circuit_operator' retrieved from /home/airflow/.local/lib/python3.12/site-packages/airflow/example_dags/example_short_circuit_operator.py
[2024-06-03T10:26:04.852+0000] {logging_mixin.py:188} INFO - [2024-06-03T10:26:04.852+0000] {dag.py:3096} INFO - Sync 1 DAGs
[2024-06-03T10:26:04.883+0000] {logging_mixin.py:188} INFO - [2024-06-03T10:26:04.883+0000] {dag.py:3954} INFO - Setting next_dagrun for example_short_circuit_operator to 2024-06-02 00:00:00+00:00, run_after=2024-06-03 00:00:00+00:00
[2024-06-03T10:26:04.910+0000] {processor.py:183} INFO - Processing /home/airflow/.local/lib/python3.12/site-packages/airflow/example_dags/example_short_circuit_operator.py took 0.108 seconds
[2024-06-03T10:26:35.161+0000] {processor.py:161} INFO - Started process (PID=2358) to work on /home/airflow/.local/lib/python3.12/site-packages/airflow/example_dags/example_short_circuit_operator.py
[2024-06-03T10:26:35.162+0000] {processor.py:830} INFO - Processing file /home/airflow/.local/lib/python3.12/site-packages/airflow/example_dags/example_short_circuit_operator.py for tasks to queue
[2024-06-03T10:26:35.164+0000] {logging_mixin.py:188} INFO - [2024-06-03T10:26:35.164+0000] {dagbag.py:545} INFO - Filling up the DagBag from /home/airflow/.local/lib/python3.12/site-packages/airflow/example_dags/example_short_circuit_operator.py
[2024-06-03T10:26:35.175+0000] {processor.py:840} INFO - DAG(s) 'example_short_circuit_operator' retrieved from /home/airflow/.local/lib/python3.12/site-packages/airflow/example_dags/example_short_circuit_operator.py
[2024-06-03T10:26:35.210+0000] {logging_mixin.py:188} INFO - [2024-06-03T10:26:35.209+0000] {dag.py:3096} INFO - Sync 1 DAGs
[2024-06-03T10:26:35.240+0000] {logging_mixin.py:188} INFO - [2024-06-03T10:26:35.240+0000] {dag.py:3954} INFO - Setting next_dagrun for example_short_circuit_operator to 2024-06-02 00:00:00+00:00, run_after=2024-06-03 00:00:00+00:00
[2024-06-03T10:26:35.268+0000] {processor.py:183} INFO - Processing /home/airflow/.local/lib/python3.12/site-packages/airflow/example_dags/example_short_circuit_operator.py took 0.114 seconds
[2024-06-03T10:27:05.572+0000] {processor.py:161} INFO - Started process (PID=2614) to work on /home/airflow/.local/lib/python3.12/site-packages/airflow/example_dags/example_short_circuit_operator.py
[2024-06-03T10:27:05.573+0000] {processor.py:830} INFO - Processing file /home/airflow/.local/lib/python3.12/site-packages/airflow/example_dags/example_short_circuit_operator.py for tasks to queue
[2024-06-03T10:27:05.575+0000] {logging_mixin.py:188} INFO - [2024-06-03T10:27:05.574+0000] {dagbag.py:545} INFO - Filling up the DagBag from /home/airflow/.local/lib/python3.12/site-packages/airflow/example_dags/example_short_circuit_operator.py
[2024-06-03T10:27:05.584+0000] {processor.py:840} INFO - DAG(s) 'example_short_circuit_operator' retrieved from /home/airflow/.local/lib/python3.12/site-packages/airflow/example_dags/example_short_circuit_operator.py
[2024-06-03T10:27:05.616+0000] {logging_mixin.py:188} INFO - [2024-06-03T10:27:05.616+0000] {dag.py:3096} INFO - Sync 1 DAGs
[2024-06-03T10:27:05.648+0000] {logging_mixin.py:188} INFO - [2024-06-03T10:27:05.648+0000] {dag.py:3954} INFO - Setting next_dagrun for example_short_circuit_operator to 2024-06-02 00:00:00+00:00, run_after=2024-06-03 00:00:00+00:00
[2024-06-03T10:27:05.672+0000] {processor.py:183} INFO - Processing /home/airflow/.local/lib/python3.12/site-packages/airflow/example_dags/example_short_circuit_operator.py took 0.106 seconds
[2024-06-03T10:27:35.931+0000] {processor.py:161} INFO - Started process (PID=2870) to work on /home/airflow/.local/lib/python3.12/site-packages/airflow/example_dags/example_short_circuit_operator.py
[2024-06-03T10:27:35.932+0000] {processor.py:830} INFO - Processing file /home/airflow/.local/lib/python3.12/site-packages/airflow/example_dags/example_short_circuit_operator.py for tasks to queue
[2024-06-03T10:27:35.934+0000] {logging_mixin.py:188} INFO - [2024-06-03T10:27:35.933+0000] {dagbag.py:545} INFO - Filling up the DagBag from /home/airflow/.local/lib/python3.12/site-packages/airflow/example_dags/example_short_circuit_operator.py
[2024-06-03T10:27:35.943+0000] {processor.py:840} INFO - DAG(s) 'example_short_circuit_operator' retrieved from /home/airflow/.local/lib/python3.12/site-packages/airflow/example_dags/example_short_circuit_operator.py
[2024-06-03T10:27:35.975+0000] {logging_mixin.py:188} INFO - [2024-06-03T10:27:35.974+0000] {dag.py:3096} INFO - Sync 1 DAGs
[2024-06-03T10:27:36.005+0000] {logging_mixin.py:188} INFO - [2024-06-03T10:27:36.005+0000] {dag.py:3954} INFO - Setting next_dagrun for example_short_circuit_operator to 2024-06-02 00:00:00+00:00, run_after=2024-06-03 00:00:00+00:00
[2024-06-03T10:27:36.032+0000] {processor.py:183} INFO - Processing /home/airflow/.local/lib/python3.12/site-packages/airflow/example_dags/example_short_circuit_operator.py took 0.108 seconds
[2024-06-03T10:28:06.075+0000] {processor.py:161} INFO - Started process (PID=3126) to work on /home/airflow/.local/lib/python3.12/site-packages/airflow/example_dags/example_short_circuit_operator.py
[2024-06-03T10:28:06.076+0000] {processor.py:830} INFO - Processing file /home/airflow/.local/lib/python3.12/site-packages/airflow/example_dags/example_short_circuit_operator.py for tasks to queue
[2024-06-03T10:28:06.077+0000] {logging_mixin.py:188} INFO - [2024-06-03T10:28:06.077+0000] {dagbag.py:545} INFO - Filling up the DagBag from /home/airflow/.local/lib/python3.12/site-packages/airflow/example_dags/example_short_circuit_operator.py
[2024-06-03T10:28:06.087+0000] {processor.py:840} INFO - DAG(s) 'example_short_circuit_operator' retrieved from /home/airflow/.local/lib/python3.12/site-packages/airflow/example_dags/example_short_circuit_operator.py
[2024-06-03T10:28:06.125+0000] {logging_mixin.py:188} INFO - [2024-06-03T10:28:06.125+0000] {dag.py:3096} INFO - Sync 1 DAGs
[2024-06-03T10:28:06.161+0000] {logging_mixin.py:188} INFO - [2024-06-03T10:28:06.161+0000] {dag.py:3954} INFO - Setting next_dagrun for example_short_circuit_operator to 2024-06-02 00:00:00+00:00, run_after=2024-06-03 00:00:00+00:00
[2024-06-03T10:28:06.188+0000] {processor.py:183} INFO - Processing /home/airflow/.local/lib/python3.12/site-packages/airflow/example_dags/example_short_circuit_operator.py took 0.120 seconds
[2024-06-03T10:28:36.272+0000] {processor.py:161} INFO - Started process (PID=3382) to work on /home/airflow/.local/lib/python3.12/site-packages/airflow/example_dags/example_short_circuit_operator.py
[2024-06-03T10:28:36.273+0000] {processor.py:830} INFO - Processing file /home/airflow/.local/lib/python3.12/site-packages/airflow/example_dags/example_short_circuit_operator.py for tasks to queue
[2024-06-03T10:28:36.274+0000] {logging_mixin.py:188} INFO - [2024-06-03T10:28:36.274+0000] {dagbag.py:545} INFO - Filling up the DagBag from /home/airflow/.local/lib/python3.12/site-packages/airflow/example_dags/example_short_circuit_operator.py
[2024-06-03T10:28:36.283+0000] {processor.py:840} INFO - DAG(s) 'example_short_circuit_operator' retrieved from /home/airflow/.local/lib/python3.12/site-packages/airflow/example_dags/example_short_circuit_operator.py
[2024-06-03T10:28:36.321+0000] {logging_mixin.py:188} INFO - [2024-06-03T10:28:36.320+0000] {dag.py:3096} INFO - Sync 1 DAGs
[2024-06-03T10:28:36.358+0000] {logging_mixin.py:188} INFO - [2024-06-03T10:28:36.358+0000] {dag.py:3954} INFO - Setting next_dagrun for example_short_circuit_operator to 2024-06-02 00:00:00+00:00, run_after=2024-06-03 00:00:00+00:00
[2024-06-03T10:28:36.386+0000] {processor.py:183} INFO - Processing /home/airflow/.local/lib/python3.12/site-packages/airflow/example_dags/example_short_circuit_operator.py took 0.121 seconds
[2024-06-03T10:29:06.751+0000] {processor.py:161} INFO - Started process (PID=3638) to work on /home/airflow/.local/lib/python3.12/site-packages/airflow/example_dags/example_short_circuit_operator.py
[2024-06-03T10:29:06.751+0000] {processor.py:830} INFO - Processing file /home/airflow/.local/lib/python3.12/site-packages/airflow/example_dags/example_short_circuit_operator.py for tasks to queue
[2024-06-03T10:29:06.753+0000] {logging_mixin.py:188} INFO - [2024-06-03T10:29:06.753+0000] {dagbag.py:545} INFO - Filling up the DagBag from /home/airflow/.local/lib/python3.12/site-packages/airflow/example_dags/example_short_circuit_operator.py
[2024-06-03T10:29:06.762+0000] {processor.py:840} INFO - DAG(s) 'example_short_circuit_operator' retrieved from /home/airflow/.local/lib/python3.12/site-packages/airflow/example_dags/example_short_circuit_operator.py
[2024-06-03T10:29:06.795+0000] {logging_mixin.py:188} INFO - [2024-06-03T10:29:06.795+0000] {dag.py:3096} INFO - Sync 1 DAGs
[2024-06-03T10:29:06.825+0000] {logging_mixin.py:188} INFO - [2024-06-03T10:29:06.825+0000] {dag.py:3954} INFO - Setting next_dagrun for example_short_circuit_operator to 2024-06-02 00:00:00+00:00, run_after=2024-06-03 00:00:00+00:00
[2024-06-03T10:29:06.850+0000] {processor.py:183} INFO - Processing /home/airflow/.local/lib/python3.12/site-packages/airflow/example_dags/example_short_circuit_operator.py took 0.106 seconds
[2024-06-03T10:29:37.071+0000] {processor.py:161} INFO - Started process (PID=3894) to work on /home/airflow/.local/lib/python3.12/site-packages/airflow/example_dags/example_short_circuit_operator.py
[2024-06-03T10:29:37.072+0000] {processor.py:830} INFO - Processing file /home/airflow/.local/lib/python3.12/site-packages/airflow/example_dags/example_short_circuit_operator.py for tasks to queue
[2024-06-03T10:29:37.074+0000] {logging_mixin.py:188} INFO - [2024-06-03T10:29:37.073+0000] {dagbag.py:545} INFO - Filling up the DagBag from /home/airflow/.local/lib/python3.12/site-packages/airflow/example_dags/example_short_circuit_operator.py
[2024-06-03T10:29:37.082+0000] {processor.py:840} INFO - DAG(s) 'example_short_circuit_operator' retrieved from /home/airflow/.local/lib/python3.12/site-packages/airflow/example_dags/example_short_circuit_operator.py
[2024-06-03T10:29:37.115+0000] {logging_mixin.py:188} INFO - [2024-06-03T10:29:37.115+0000] {dag.py:3096} INFO - Sync 1 DAGs
[2024-06-03T10:29:37.145+0000] {logging_mixin.py:188} INFO - [2024-06-03T10:29:37.145+0000] {dag.py:3954} INFO - Setting next_dagrun for example_short_circuit_operator to 2024-06-02 00:00:00+00:00, run_after=2024-06-03 00:00:00+00:00
[2024-06-03T10:29:37.172+0000] {processor.py:183} INFO - Processing /home/airflow/.local/lib/python3.12/site-packages/airflow/example_dags/example_short_circuit_operator.py took 0.108 seconds
[2024-06-03T10:30:07.967+0000] {processor.py:161} INFO - Started process (PID=4148) to work on /home/airflow/.local/lib/python3.12/site-packages/airflow/example_dags/example_short_circuit_operator.py
[2024-06-03T10:30:07.968+0000] {processor.py:830} INFO - Processing file /home/airflow/.local/lib/python3.12/site-packages/airflow/example_dags/example_short_circuit_operator.py for tasks to queue
[2024-06-03T10:30:07.970+0000] {logging_mixin.py:188} INFO - [2024-06-03T10:30:07.970+0000] {dagbag.py:545} INFO - Filling up the DagBag from /home/airflow/.local/lib/python3.12/site-packages/airflow/example_dags/example_short_circuit_operator.py
[2024-06-03T10:30:07.981+0000] {processor.py:840} INFO - DAG(s) 'example_short_circuit_operator' retrieved from /home/airflow/.local/lib/python3.12/site-packages/airflow/example_dags/example_short_circuit_operator.py
[2024-06-03T10:30:08.021+0000] {logging_mixin.py:188} INFO - [2024-06-03T10:30:08.021+0000] {dag.py:3096} INFO - Sync 1 DAGs
[2024-06-03T10:30:08.059+0000] {logging_mixin.py:188} INFO - [2024-06-03T10:30:08.059+0000] {dag.py:3954} INFO - Setting next_dagrun for example_short_circuit_operator to 2024-06-02 00:00:00+00:00, run_after=2024-06-03 00:00:00+00:00
[2024-06-03T10:30:08.089+0000] {processor.py:183} INFO - Processing /home/airflow/.local/lib/python3.12/site-packages/airflow/example_dags/example_short_circuit_operator.py took 0.128 seconds
[2024-06-03T10:30:38.255+0000] {processor.py:161} INFO - Started process (PID=4404) to work on /home/airflow/.local/lib/python3.12/site-packages/airflow/example_dags/example_short_circuit_operator.py
[2024-06-03T10:30:38.256+0000] {processor.py:830} INFO - Processing file /home/airflow/.local/lib/python3.12/site-packages/airflow/example_dags/example_short_circuit_operator.py for tasks to queue
[2024-06-03T10:30:38.258+0000] {logging_mixin.py:188} INFO - [2024-06-03T10:30:38.257+0000] {dagbag.py:545} INFO - Filling up the DagBag from /home/airflow/.local/lib/python3.12/site-packages/airflow/example_dags/example_short_circuit_operator.py
[2024-06-03T10:30:38.267+0000] {processor.py:840} INFO - DAG(s) 'example_short_circuit_operator' retrieved from /home/airflow/.local/lib/python3.12/site-packages/airflow/example_dags/example_short_circuit_operator.py
[2024-06-03T10:30:38.299+0000] {logging_mixin.py:188} INFO - [2024-06-03T10:30:38.298+0000] {dag.py:3096} INFO - Sync 1 DAGs
[2024-06-03T10:30:38.330+0000] {logging_mixin.py:188} INFO - [2024-06-03T10:30:38.330+0000] {dag.py:3954} INFO - Setting next_dagrun for example_short_circuit_operator to 2024-06-02 00:00:00+00:00, run_after=2024-06-03 00:00:00+00:00
[2024-06-03T10:30:38.354+0000] {processor.py:183} INFO - Processing /home/airflow/.local/lib/python3.12/site-packages/airflow/example_dags/example_short_circuit_operator.py took 0.106 seconds
[2024-06-03T10:31:08.650+0000] {processor.py:161} INFO - Started process (PID=4660) to work on /home/airflow/.local/lib/python3.12/site-packages/airflow/example_dags/example_short_circuit_operator.py
[2024-06-03T10:31:08.651+0000] {processor.py:830} INFO - Processing file /home/airflow/.local/lib/python3.12/site-packages/airflow/example_dags/example_short_circuit_operator.py for tasks to queue
[2024-06-03T10:31:08.652+0000] {logging_mixin.py:188} INFO - [2024-06-03T10:31:08.652+0000] {dagbag.py:545} INFO - Filling up the DagBag from /home/airflow/.local/lib/python3.12/site-packages/airflow/example_dags/example_short_circuit_operator.py
[2024-06-03T10:31:08.661+0000] {processor.py:840} INFO - DAG(s) 'example_short_circuit_operator' retrieved from /home/airflow/.local/lib/python3.12/site-packages/airflow/example_dags/example_short_circuit_operator.py
[2024-06-03T10:31:08.699+0000] {logging_mixin.py:188} INFO - [2024-06-03T10:31:08.699+0000] {dag.py:3096} INFO - Sync 1 DAGs
[2024-06-03T10:31:08.736+0000] {logging_mixin.py:188} INFO - [2024-06-03T10:31:08.736+0000] {dag.py:3954} INFO - Setting next_dagrun for example_short_circuit_operator to 2024-06-02 00:00:00+00:00, run_after=2024-06-03 00:00:00+00:00
[2024-06-03T10:31:08.763+0000] {processor.py:183} INFO - Processing /home/airflow/.local/lib/python3.12/site-packages/airflow/example_dags/example_short_circuit_operator.py took 0.120 seconds
[2024-06-03T10:31:38.947+0000] {processor.py:161} INFO - Started process (PID=4916) to work on /home/airflow/.local/lib/python3.12/site-packages/airflow/example_dags/example_short_circuit_operator.py
[2024-06-03T10:31:38.948+0000] {processor.py:830} INFO - Processing file /home/airflow/.local/lib/python3.12/site-packages/airflow/example_dags/example_short_circuit_operator.py for tasks to queue
[2024-06-03T10:31:38.950+0000] {logging_mixin.py:188} INFO - [2024-06-03T10:31:38.949+0000] {dagbag.py:545} INFO - Filling up the DagBag from /home/airflow/.local/lib/python3.12/site-packages/airflow/example_dags/example_short_circuit_operator.py
[2024-06-03T10:31:38.958+0000] {processor.py:840} INFO - DAG(s) 'example_short_circuit_operator' retrieved from /home/airflow/.local/lib/python3.12/site-packages/airflow/example_dags/example_short_circuit_operator.py
[2024-06-03T10:31:38.991+0000] {logging_mixin.py:188} INFO - [2024-06-03T10:31:38.990+0000] {dag.py:3096} INFO - Sync 1 DAGs
[2024-06-03T10:31:39.023+0000] {logging_mixin.py:188} INFO - [2024-06-03T10:31:39.023+0000] {dag.py:3954} INFO - Setting next_dagrun for example_short_circuit_operator to 2024-06-02 00:00:00+00:00, run_after=2024-06-03 00:00:00+00:00
[2024-06-03T10:31:39.049+0000] {processor.py:183} INFO - Processing /home/airflow/.local/lib/python3.12/site-packages/airflow/example_dags/example_short_circuit_operator.py took 0.108 seconds
[2024-06-03T10:32:09.376+0000] {processor.py:161} INFO - Started process (PID=5174) to work on /home/airflow/.local/lib/python3.12/site-packages/airflow/example_dags/example_short_circuit_operator.py
[2024-06-03T10:32:09.377+0000] {processor.py:830} INFO - Processing file /home/airflow/.local/lib/python3.12/site-packages/airflow/example_dags/example_short_circuit_operator.py for tasks to queue
[2024-06-03T10:32:09.378+0000] {logging_mixin.py:188} INFO - [2024-06-03T10:32:09.378+0000] {dagbag.py:545} INFO - Filling up the DagBag from /home/airflow/.local/lib/python3.12/site-packages/airflow/example_dags/example_short_circuit_operator.py
[2024-06-03T10:32:09.387+0000] {processor.py:840} INFO - DAG(s) 'example_short_circuit_operator' retrieved from /home/airflow/.local/lib/python3.12/site-packages/airflow/example_dags/example_short_circuit_operator.py
[2024-06-03T10:32:09.421+0000] {logging_mixin.py:188} INFO - [2024-06-03T10:32:09.420+0000] {dag.py:3096} INFO - Sync 1 DAGs
[2024-06-03T10:32:09.451+0000] {logging_mixin.py:188} INFO - [2024-06-03T10:32:09.451+0000] {dag.py:3954} INFO - Setting next_dagrun for example_short_circuit_operator to 2024-06-02 00:00:00+00:00, run_after=2024-06-03 00:00:00+00:00
[2024-06-03T10:32:09.477+0000] {processor.py:183} INFO - Processing /home/airflow/.local/lib/python3.12/site-packages/airflow/example_dags/example_short_circuit_operator.py took 0.108 seconds
[2024-06-03T10:32:39.590+0000] {processor.py:161} INFO - Started process (PID=5428) to work on /home/airflow/.local/lib/python3.12/site-packages/airflow/example_dags/example_short_circuit_operator.py
[2024-06-03T10:32:39.591+0000] {processor.py:830} INFO - Processing file /home/airflow/.local/lib/python3.12/site-packages/airflow/example_dags/example_short_circuit_operator.py for tasks to queue
[2024-06-03T10:32:39.593+0000] {logging_mixin.py:188} INFO - [2024-06-03T10:32:39.593+0000] {dagbag.py:545} INFO - Filling up the DagBag from /home/airflow/.local/lib/python3.12/site-packages/airflow/example_dags/example_short_circuit_operator.py
[2024-06-03T10:32:39.602+0000] {processor.py:840} INFO - DAG(s) 'example_short_circuit_operator' retrieved from /home/airflow/.local/lib/python3.12/site-packages/airflow/example_dags/example_short_circuit_operator.py
[2024-06-03T10:32:39.637+0000] {logging_mixin.py:188} INFO - [2024-06-03T10:32:39.636+0000] {dag.py:3096} INFO - Sync 1 DAGs
[2024-06-03T10:32:39.672+0000] {logging_mixin.py:188} INFO - [2024-06-03T10:32:39.671+0000] {dag.py:3954} INFO - Setting next_dagrun for example_short_circuit_operator to 2024-06-02 00:00:00+00:00, run_after=2024-06-03 00:00:00+00:00
[2024-06-03T10:32:39.699+0000] {processor.py:183} INFO - Processing /home/airflow/.local/lib/python3.12/site-packages/airflow/example_dags/example_short_circuit_operator.py took 0.117 seconds
[2024-06-03T10:33:09.745+0000] {processor.py:161} INFO - Started process (PID=5684) to work on /home/airflow/.local/lib/python3.12/site-packages/airflow/example_dags/example_short_circuit_operator.py
[2024-06-03T10:33:09.745+0000] {processor.py:830} INFO - Processing file /home/airflow/.local/lib/python3.12/site-packages/airflow/example_dags/example_short_circuit_operator.py for tasks to queue
[2024-06-03T10:33:09.747+0000] {logging_mixin.py:188} INFO - [2024-06-03T10:33:09.747+0000] {dagbag.py:545} INFO - Filling up the DagBag from /home/airflow/.local/lib/python3.12/site-packages/airflow/example_dags/example_short_circuit_operator.py
[2024-06-03T10:33:09.756+0000] {processor.py:840} INFO - DAG(s) 'example_short_circuit_operator' retrieved from /home/airflow/.local/lib/python3.12/site-packages/airflow/example_dags/example_short_circuit_operator.py
[2024-06-03T10:33:09.789+0000] {logging_mixin.py:188} INFO - [2024-06-03T10:33:09.788+0000] {dag.py:3096} INFO - Sync 1 DAGs
[2024-06-03T10:33:09.820+0000] {logging_mixin.py:188} INFO - [2024-06-03T10:33:09.819+0000] {dag.py:3954} INFO - Setting next_dagrun for example_short_circuit_operator to 2024-06-02 00:00:00+00:00, run_after=2024-06-03 00:00:00+00:00
[2024-06-03T10:33:09.844+0000] {processor.py:183} INFO - Processing /home/airflow/.local/lib/python3.12/site-packages/airflow/example_dags/example_short_circuit_operator.py took 0.106 seconds
[2024-06-03T10:33:39.876+0000] {processor.py:161} INFO - Started process (PID=5935) to work on /home/airflow/.local/lib/python3.12/site-packages/airflow/example_dags/example_short_circuit_operator.py
[2024-06-03T10:33:39.877+0000] {processor.py:830} INFO - Processing file /home/airflow/.local/lib/python3.12/site-packages/airflow/example_dags/example_short_circuit_operator.py for tasks to queue
[2024-06-03T10:33:39.879+0000] {logging_mixin.py:188} INFO - [2024-06-03T10:33:39.879+0000] {dagbag.py:545} INFO - Filling up the DagBag from /home/airflow/.local/lib/python3.12/site-packages/airflow/example_dags/example_short_circuit_operator.py
[2024-06-03T10:33:39.888+0000] {processor.py:840} INFO - DAG(s) 'example_short_circuit_operator' retrieved from /home/airflow/.local/lib/python3.12/site-packages/airflow/example_dags/example_short_circuit_operator.py
[2024-06-03T10:33:39.920+0000] {logging_mixin.py:188} INFO - [2024-06-03T10:33:39.919+0000] {dag.py:3096} INFO - Sync 1 DAGs
[2024-06-03T10:33:39.952+0000] {logging_mixin.py:188} INFO - [2024-06-03T10:33:39.952+0000] {dag.py:3954} INFO - Setting next_dagrun for example_short_circuit_operator to 2024-06-02 00:00:00+00:00, run_after=2024-06-03 00:00:00+00:00
[2024-06-03T10:33:39.976+0000] {processor.py:183} INFO - Processing /home/airflow/.local/lib/python3.12/site-packages/airflow/example_dags/example_short_circuit_operator.py took 0.106 seconds
[2024-06-03T10:34:10.861+0000] {processor.py:161} INFO - Started process (PID=6191) to work on /home/airflow/.local/lib/python3.12/site-packages/airflow/example_dags/example_short_circuit_operator.py
[2024-06-03T10:34:10.861+0000] {processor.py:830} INFO - Processing file /home/airflow/.local/lib/python3.12/site-packages/airflow/example_dags/example_short_circuit_operator.py for tasks to queue
[2024-06-03T10:34:10.863+0000] {logging_mixin.py:188} INFO - [2024-06-03T10:34:10.863+0000] {dagbag.py:545} INFO - Filling up the DagBag from /home/airflow/.local/lib/python3.12/site-packages/airflow/example_dags/example_short_circuit_operator.py
[2024-06-03T10:34:10.872+0000] {processor.py:840} INFO - DAG(s) 'example_short_circuit_operator' retrieved from /home/airflow/.local/lib/python3.12/site-packages/airflow/example_dags/example_short_circuit_operator.py
[2024-06-03T10:34:10.907+0000] {logging_mixin.py:188} INFO - [2024-06-03T10:34:10.907+0000] {dag.py:3096} INFO - Sync 1 DAGs
[2024-06-03T10:34:10.937+0000] {logging_mixin.py:188} INFO - [2024-06-03T10:34:10.937+0000] {dag.py:3954} INFO - Setting next_dagrun for example_short_circuit_operator to 2024-06-02 00:00:00+00:00, run_after=2024-06-03 00:00:00+00:00
[2024-06-03T10:34:10.961+0000] {processor.py:183} INFO - Processing /home/airflow/.local/lib/python3.12/site-packages/airflow/example_dags/example_short_circuit_operator.py took 0.107 seconds
[2024-06-03T10:34:41.527+0000] {processor.py:161} INFO - Started process (PID=6447) to work on /home/airflow/.local/lib/python3.12/site-packages/airflow/example_dags/example_short_circuit_operator.py
[2024-06-03T10:34:41.528+0000] {processor.py:830} INFO - Processing file /home/airflow/.local/lib/python3.12/site-packages/airflow/example_dags/example_short_circuit_operator.py for tasks to queue
[2024-06-03T10:34:41.529+0000] {logging_mixin.py:188} INFO - [2024-06-03T10:34:41.529+0000] {dagbag.py:545} INFO - Filling up the DagBag from /home/airflow/.local/lib/python3.12/site-packages/airflow/example_dags/example_short_circuit_operator.py
[2024-06-03T10:34:41.539+0000] {processor.py:840} INFO - DAG(s) 'example_short_circuit_operator' retrieved from /home/airflow/.local/lib/python3.12/site-packages/airflow/example_dags/example_short_circuit_operator.py
[2024-06-03T10:34:41.572+0000] {logging_mixin.py:188} INFO - [2024-06-03T10:34:41.572+0000] {dag.py:3096} INFO - Sync 1 DAGs
[2024-06-03T10:34:41.607+0000] {logging_mixin.py:188} INFO - [2024-06-03T10:34:41.607+0000] {dag.py:3954} INFO - Setting next_dagrun for example_short_circuit_operator to 2024-06-02 00:00:00+00:00, run_after=2024-06-03 00:00:00+00:00
[2024-06-03T10:34:41.636+0000] {processor.py:183} INFO - Processing /home/airflow/.local/lib/python3.12/site-packages/airflow/example_dags/example_short_circuit_operator.py took 0.116 seconds
[2024-06-03T10:35:11.835+0000] {processor.py:161} INFO - Started process (PID=6703) to work on /home/airflow/.local/lib/python3.12/site-packages/airflow/example_dags/example_short_circuit_operator.py
[2024-06-03T10:35:11.836+0000] {processor.py:830} INFO - Processing file /home/airflow/.local/lib/python3.12/site-packages/airflow/example_dags/example_short_circuit_operator.py for tasks to queue
[2024-06-03T10:35:11.838+0000] {logging_mixin.py:188} INFO - [2024-06-03T10:35:11.837+0000] {dagbag.py:545} INFO - Filling up the DagBag from /home/airflow/.local/lib/python3.12/site-packages/airflow/example_dags/example_short_circuit_operator.py
[2024-06-03T10:35:11.847+0000] {processor.py:840} INFO - DAG(s) 'example_short_circuit_operator' retrieved from /home/airflow/.local/lib/python3.12/site-packages/airflow/example_dags/example_short_circuit_operator.py
[2024-06-03T10:35:11.880+0000] {logging_mixin.py:188} INFO - [2024-06-03T10:35:11.879+0000] {dag.py:3096} INFO - Sync 1 DAGs
[2024-06-03T10:35:11.911+0000] {logging_mixin.py:188} INFO - [2024-06-03T10:35:11.911+0000] {dag.py:3954} INFO - Setting next_dagrun for example_short_circuit_operator to 2024-06-02 00:00:00+00:00, run_after=2024-06-03 00:00:00+00:00
[2024-06-03T10:35:11.940+0000] {processor.py:183} INFO - Processing /home/airflow/.local/lib/python3.12/site-packages/airflow/example_dags/example_short_circuit_operator.py took 0.112 seconds
[2024-06-03T10:35:42.134+0000] {processor.py:161} INFO - Started process (PID=6959) to work on /home/airflow/.local/lib/python3.12/site-packages/airflow/example_dags/example_short_circuit_operator.py
[2024-06-03T10:35:42.135+0000] {processor.py:830} INFO - Processing file /home/airflow/.local/lib/python3.12/site-packages/airflow/example_dags/example_short_circuit_operator.py for tasks to queue
[2024-06-03T10:35:42.137+0000] {logging_mixin.py:188} INFO - [2024-06-03T10:35:42.137+0000] {dagbag.py:545} INFO - Filling up the DagBag from /home/airflow/.local/lib/python3.12/site-packages/airflow/example_dags/example_short_circuit_operator.py
[2024-06-03T10:35:42.148+0000] {processor.py:840} INFO - DAG(s) 'example_short_circuit_operator' retrieved from /home/airflow/.local/lib/python3.12/site-packages/airflow/example_dags/example_short_circuit_operator.py
[2024-06-03T10:35:42.181+0000] {logging_mixin.py:188} INFO - [2024-06-03T10:35:42.180+0000] {dag.py:3096} INFO - Sync 1 DAGs
[2024-06-03T10:35:42.213+0000] {logging_mixin.py:188} INFO - [2024-06-03T10:35:42.213+0000] {dag.py:3954} INFO - Setting next_dagrun for example_short_circuit_operator to 2024-06-02 00:00:00+00:00, run_after=2024-06-03 00:00:00+00:00
[2024-06-03T10:35:42.241+0000] {processor.py:183} INFO - Processing /home/airflow/.local/lib/python3.12/site-packages/airflow/example_dags/example_short_circuit_operator.py took 0.115 seconds
[2024-06-03T10:36:12.302+0000] {processor.py:161} INFO - Started process (PID=7215) to work on /home/airflow/.local/lib/python3.12/site-packages/airflow/example_dags/example_short_circuit_operator.py
[2024-06-03T10:36:12.303+0000] {processor.py:830} INFO - Processing file /home/airflow/.local/lib/python3.12/site-packages/airflow/example_dags/example_short_circuit_operator.py for tasks to queue
[2024-06-03T10:36:12.305+0000] {logging_mixin.py:188} INFO - [2024-06-03T10:36:12.304+0000] {dagbag.py:545} INFO - Filling up the DagBag from /home/airflow/.local/lib/python3.12/site-packages/airflow/example_dags/example_short_circuit_operator.py
[2024-06-03T10:36:12.314+0000] {processor.py:840} INFO - DAG(s) 'example_short_circuit_operator' retrieved from /home/airflow/.local/lib/python3.12/site-packages/airflow/example_dags/example_short_circuit_operator.py
[2024-06-03T10:36:12.352+0000] {logging_mixin.py:188} INFO - [2024-06-03T10:36:12.351+0000] {dag.py:3096} INFO - Sync 1 DAGs
[2024-06-03T10:36:12.386+0000] {logging_mixin.py:188} INFO - [2024-06-03T10:36:12.386+0000] {dag.py:3954} INFO - Setting next_dagrun for example_short_circuit_operator to 2024-06-02 00:00:00+00:00, run_after=2024-06-03 00:00:00+00:00
[2024-06-03T10:36:12.414+0000] {processor.py:183} INFO - Processing /home/airflow/.local/lib/python3.12/site-packages/airflow/example_dags/example_short_circuit_operator.py took 0.118 seconds
[2024-06-03T10:36:42.555+0000] {processor.py:161} INFO - Started process (PID=7471) to work on /home/airflow/.local/lib/python3.12/site-packages/airflow/example_dags/example_short_circuit_operator.py
[2024-06-03T10:36:42.556+0000] {processor.py:830} INFO - Processing file /home/airflow/.local/lib/python3.12/site-packages/airflow/example_dags/example_short_circuit_operator.py for tasks to queue
[2024-06-03T10:36:42.558+0000] {logging_mixin.py:188} INFO - [2024-06-03T10:36:42.558+0000] {dagbag.py:545} INFO - Filling up the DagBag from /home/airflow/.local/lib/python3.12/site-packages/airflow/example_dags/example_short_circuit_operator.py
[2024-06-03T10:36:42.568+0000] {processor.py:840} INFO - DAG(s) 'example_short_circuit_operator' retrieved from /home/airflow/.local/lib/python3.12/site-packages/airflow/example_dags/example_short_circuit_operator.py
[2024-06-03T10:36:42.601+0000] {logging_mixin.py:188} INFO - [2024-06-03T10:36:42.601+0000] {dag.py:3096} INFO - Sync 1 DAGs
[2024-06-03T10:36:42.634+0000] {logging_mixin.py:188} INFO - [2024-06-03T10:36:42.634+0000] {dag.py:3954} INFO - Setting next_dagrun for example_short_circuit_operator to 2024-06-02 00:00:00+00:00, run_after=2024-06-03 00:00:00+00:00
[2024-06-03T10:36:42.659+0000] {processor.py:183} INFO - Processing /home/airflow/.local/lib/python3.12/site-packages/airflow/example_dags/example_short_circuit_operator.py took 0.110 seconds
[2024-06-03T10:37:13.069+0000] {processor.py:161} INFO - Started process (PID=7727) to work on /home/airflow/.local/lib/python3.12/site-packages/airflow/example_dags/example_short_circuit_operator.py
[2024-06-03T10:37:13.069+0000] {processor.py:830} INFO - Processing file /home/airflow/.local/lib/python3.12/site-packages/airflow/example_dags/example_short_circuit_operator.py for tasks to queue
[2024-06-03T10:37:13.071+0000] {logging_mixin.py:188} INFO - [2024-06-03T10:37:13.071+0000] {dagbag.py:545} INFO - Filling up the DagBag from /home/airflow/.local/lib/python3.12/site-packages/airflow/example_dags/example_short_circuit_operator.py
[2024-06-03T10:37:13.080+0000] {processor.py:840} INFO - DAG(s) 'example_short_circuit_operator' retrieved from /home/airflow/.local/lib/python3.12/site-packages/airflow/example_dags/example_short_circuit_operator.py
[2024-06-03T10:37:13.112+0000] {logging_mixin.py:188} INFO - [2024-06-03T10:37:13.111+0000] {dag.py:3096} INFO - Sync 1 DAGs
[2024-06-03T10:37:13.142+0000] {logging_mixin.py:188} INFO - [2024-06-03T10:37:13.141+0000] {dag.py:3954} INFO - Setting next_dagrun for example_short_circuit_operator to 2024-06-02 00:00:00+00:00, run_after=2024-06-03 00:00:00+00:00
[2024-06-03T10:37:13.166+0000] {processor.py:183} INFO - Processing /home/airflow/.local/lib/python3.12/site-packages/airflow/example_dags/example_short_circuit_operator.py took 0.104 seconds
[2024-06-03T10:37:43.640+0000] {processor.py:161} INFO - Started process (PID=7983) to work on /home/airflow/.local/lib/python3.12/site-packages/airflow/example_dags/example_short_circuit_operator.py
[2024-06-03T10:37:43.642+0000] {processor.py:830} INFO - Processing file /home/airflow/.local/lib/python3.12/site-packages/airflow/example_dags/example_short_circuit_operator.py for tasks to queue
[2024-06-03T10:37:43.643+0000] {logging_mixin.py:188} INFO - [2024-06-03T10:37:43.643+0000] {dagbag.py:545} INFO - Filling up the DagBag from /home/airflow/.local/lib/python3.12/site-packages/airflow/example_dags/example_short_circuit_operator.py
[2024-06-03T10:37:43.653+0000] {processor.py:840} INFO - DAG(s) 'example_short_circuit_operator' retrieved from /home/airflow/.local/lib/python3.12/site-packages/airflow/example_dags/example_short_circuit_operator.py
[2024-06-03T10:37:43.688+0000] {logging_mixin.py:188} INFO - [2024-06-03T10:37:43.687+0000] {dag.py:3096} INFO - Sync 1 DAGs
[2024-06-03T10:37:43.722+0000] {logging_mixin.py:188} INFO - [2024-06-03T10:37:43.722+0000] {dag.py:3954} INFO - Setting next_dagrun for example_short_circuit_operator to 2024-06-02 00:00:00+00:00, run_after=2024-06-03 00:00:00+00:00
[2024-06-03T10:37:43.749+0000] {processor.py:183} INFO - Processing /home/airflow/.local/lib/python3.12/site-packages/airflow/example_dags/example_short_circuit_operator.py took 0.116 seconds
[2024-06-03T10:38:14.265+0000] {processor.py:161} INFO - Started process (PID=8239) to work on /home/airflow/.local/lib/python3.12/site-packages/airflow/example_dags/example_short_circuit_operator.py
[2024-06-03T10:38:14.265+0000] {processor.py:830} INFO - Processing file /home/airflow/.local/lib/python3.12/site-packages/airflow/example_dags/example_short_circuit_operator.py for tasks to queue
[2024-06-03T10:38:14.267+0000] {logging_mixin.py:188} INFO - [2024-06-03T10:38:14.267+0000] {dagbag.py:545} INFO - Filling up the DagBag from /home/airflow/.local/lib/python3.12/site-packages/airflow/example_dags/example_short_circuit_operator.py
[2024-06-03T10:38:14.277+0000] {processor.py:840} INFO - DAG(s) 'example_short_circuit_operator' retrieved from /home/airflow/.local/lib/python3.12/site-packages/airflow/example_dags/example_short_circuit_operator.py
[2024-06-03T10:38:14.315+0000] {logging_mixin.py:188} INFO - [2024-06-03T10:38:14.315+0000] {dag.py:3096} INFO - Sync 1 DAGs
[2024-06-03T10:38:14.351+0000] {logging_mixin.py:188} INFO - [2024-06-03T10:38:14.351+0000] {dag.py:3954} INFO - Setting next_dagrun for example_short_circuit_operator to 2024-06-02 00:00:00+00:00, run_after=2024-06-03 00:00:00+00:00
[2024-06-03T10:38:14.381+0000] {processor.py:183} INFO - Processing /home/airflow/.local/lib/python3.12/site-packages/airflow/example_dags/example_short_circuit_operator.py took 0.122 seconds
[2024-06-03T10:38:44.575+0000] {processor.py:161} INFO - Started process (PID=8495) to work on /home/airflow/.local/lib/python3.12/site-packages/airflow/example_dags/example_short_circuit_operator.py
[2024-06-03T10:38:44.576+0000] {processor.py:830} INFO - Processing file /home/airflow/.local/lib/python3.12/site-packages/airflow/example_dags/example_short_circuit_operator.py for tasks to queue
[2024-06-03T10:38:44.577+0000] {logging_mixin.py:188} INFO - [2024-06-03T10:38:44.577+0000] {dagbag.py:545} INFO - Filling up the DagBag from /home/airflow/.local/lib/python3.12/site-packages/airflow/example_dags/example_short_circuit_operator.py
[2024-06-03T10:38:44.587+0000] {processor.py:840} INFO - DAG(s) 'example_short_circuit_operator' retrieved from /home/airflow/.local/lib/python3.12/site-packages/airflow/example_dags/example_short_circuit_operator.py
[2024-06-03T10:38:44.624+0000] {logging_mixin.py:188} INFO - [2024-06-03T10:38:44.623+0000] {dag.py:3096} INFO - Sync 1 DAGs
[2024-06-03T10:38:44.660+0000] {logging_mixin.py:188} INFO - [2024-06-03T10:38:44.659+0000] {dag.py:3954} INFO - Setting next_dagrun for example_short_circuit_operator to 2024-06-02 00:00:00+00:00, run_after=2024-06-03 00:00:00+00:00
[2024-06-03T10:38:44.686+0000] {processor.py:183} INFO - Processing /home/airflow/.local/lib/python3.12/site-packages/airflow/example_dags/example_short_circuit_operator.py took 0.117 seconds
[2024-06-03T10:39:15.547+0000] {processor.py:161} INFO - Started process (PID=8751) to work on /home/airflow/.local/lib/python3.12/site-packages/airflow/example_dags/example_short_circuit_operator.py
[2024-06-03T10:39:15.548+0000] {processor.py:830} INFO - Processing file /home/airflow/.local/lib/python3.12/site-packages/airflow/example_dags/example_short_circuit_operator.py for tasks to queue
[2024-06-03T10:39:15.550+0000] {logging_mixin.py:188} INFO - [2024-06-03T10:39:15.549+0000] {dagbag.py:545} INFO - Filling up the DagBag from /home/airflow/.local/lib/python3.12/site-packages/airflow/example_dags/example_short_circuit_operator.py
[2024-06-03T10:39:15.559+0000] {processor.py:840} INFO - DAG(s) 'example_short_circuit_operator' retrieved from /home/airflow/.local/lib/python3.12/site-packages/airflow/example_dags/example_short_circuit_operator.py
[2024-06-03T10:39:15.596+0000] {logging_mixin.py:188} INFO - [2024-06-03T10:39:15.596+0000] {dag.py:3096} INFO - Sync 1 DAGs
[2024-06-03T10:39:15.633+0000] {logging_mixin.py:188} INFO - [2024-06-03T10:39:15.632+0000] {dag.py:3954} INFO - Setting next_dagrun for example_short_circuit_operator to 2024-06-02 00:00:00+00:00, run_after=2024-06-03 00:00:00+00:00
[2024-06-03T10:39:15.660+0000] {processor.py:183} INFO - Processing /home/airflow/.local/lib/python3.12/site-packages/airflow/example_dags/example_short_circuit_operator.py took 0.120 seconds
[2024-06-03T10:39:46.556+0000] {processor.py:161} INFO - Started process (PID=9009) to work on /home/airflow/.local/lib/python3.12/site-packages/airflow/example_dags/example_short_circuit_operator.py
[2024-06-03T10:39:46.557+0000] {processor.py:830} INFO - Processing file /home/airflow/.local/lib/python3.12/site-packages/airflow/example_dags/example_short_circuit_operator.py for tasks to queue
[2024-06-03T10:39:46.559+0000] {logging_mixin.py:188} INFO - [2024-06-03T10:39:46.558+0000] {dagbag.py:545} INFO - Filling up the DagBag from /home/airflow/.local/lib/python3.12/site-packages/airflow/example_dags/example_short_circuit_operator.py
[2024-06-03T10:39:46.568+0000] {processor.py:840} INFO - DAG(s) 'example_short_circuit_operator' retrieved from /home/airflow/.local/lib/python3.12/site-packages/airflow/example_dags/example_short_circuit_operator.py
[2024-06-03T10:39:46.601+0000] {logging_mixin.py:188} INFO - [2024-06-03T10:39:46.601+0000] {dag.py:3096} INFO - Sync 1 DAGs
[2024-06-03T10:39:46.633+0000] {logging_mixin.py:188} INFO - [2024-06-03T10:39:46.632+0000] {dag.py:3954} INFO - Setting next_dagrun for example_short_circuit_operator to 2024-06-02 00:00:00+00:00, run_after=2024-06-03 00:00:00+00:00
[2024-06-03T10:39:46.658+0000] {processor.py:183} INFO - Processing /home/airflow/.local/lib/python3.12/site-packages/airflow/example_dags/example_short_circuit_operator.py took 0.109 seconds
[2024-06-03T10:40:17.307+0000] {processor.py:161} INFO - Started process (PID=9265) to work on /home/airflow/.local/lib/python3.12/site-packages/airflow/example_dags/example_short_circuit_operator.py
[2024-06-03T10:40:17.308+0000] {processor.py:830} INFO - Processing file /home/airflow/.local/lib/python3.12/site-packages/airflow/example_dags/example_short_circuit_operator.py for tasks to queue
[2024-06-03T10:40:17.310+0000] {logging_mixin.py:188} INFO - [2024-06-03T10:40:17.309+0000] {dagbag.py:545} INFO - Filling up the DagBag from /home/airflow/.local/lib/python3.12/site-packages/airflow/example_dags/example_short_circuit_operator.py
[2024-06-03T10:40:17.319+0000] {processor.py:840} INFO - DAG(s) 'example_short_circuit_operator' retrieved from /home/airflow/.local/lib/python3.12/site-packages/airflow/example_dags/example_short_circuit_operator.py
[2024-06-03T10:40:17.352+0000] {logging_mixin.py:188} INFO - [2024-06-03T10:40:17.352+0000] {dag.py:3096} INFO - Sync 1 DAGs
[2024-06-03T10:40:17.384+0000] {logging_mixin.py:188} INFO - [2024-06-03T10:40:17.383+0000] {dag.py:3954} INFO - Setting next_dagrun for example_short_circuit_operator to 2024-06-02 00:00:00+00:00, run_after=2024-06-03 00:00:00+00:00
[2024-06-03T10:40:17.408+0000] {processor.py:183} INFO - Processing /home/airflow/.local/lib/python3.12/site-packages/airflow/example_dags/example_short_circuit_operator.py took 0.108 seconds
[2024-06-03T10:40:47.648+0000] {processor.py:161} INFO - Started process (PID=9521) to work on /home/airflow/.local/lib/python3.12/site-packages/airflow/example_dags/example_short_circuit_operator.py
[2024-06-03T10:40:47.648+0000] {processor.py:830} INFO - Processing file /home/airflow/.local/lib/python3.12/site-packages/airflow/example_dags/example_short_circuit_operator.py for tasks to queue
[2024-06-03T10:40:47.650+0000] {logging_mixin.py:188} INFO - [2024-06-03T10:40:47.650+0000] {dagbag.py:545} INFO - Filling up the DagBag from /home/airflow/.local/lib/python3.12/site-packages/airflow/example_dags/example_short_circuit_operator.py
[2024-06-03T10:40:47.659+0000] {processor.py:840} INFO - DAG(s) 'example_short_circuit_operator' retrieved from /home/airflow/.local/lib/python3.12/site-packages/airflow/example_dags/example_short_circuit_operator.py
[2024-06-03T10:40:47.692+0000] {logging_mixin.py:188} INFO - [2024-06-03T10:40:47.692+0000] {dag.py:3096} INFO - Sync 1 DAGs
[2024-06-03T10:40:47.723+0000] {logging_mixin.py:188} INFO - [2024-06-03T10:40:47.723+0000] {dag.py:3954} INFO - Setting next_dagrun for example_short_circuit_operator to 2024-06-02 00:00:00+00:00, run_after=2024-06-03 00:00:00+00:00
[2024-06-03T10:40:47.747+0000] {processor.py:183} INFO - Processing /home/airflow/.local/lib/python3.12/site-packages/airflow/example_dags/example_short_circuit_operator.py took 0.107 seconds
[2024-06-03T10:41:18.458+0000] {processor.py:161} INFO - Started process (PID=9775) to work on /home/airflow/.local/lib/python3.12/site-packages/airflow/example_dags/example_short_circuit_operator.py
[2024-06-03T10:41:18.460+0000] {processor.py:830} INFO - Processing file /home/airflow/.local/lib/python3.12/site-packages/airflow/example_dags/example_short_circuit_operator.py for tasks to queue
[2024-06-03T10:41:18.461+0000] {logging_mixin.py:188} INFO - [2024-06-03T10:41:18.461+0000] {dagbag.py:545} INFO - Filling up the DagBag from /home/airflow/.local/lib/python3.12/site-packages/airflow/example_dags/example_short_circuit_operator.py
[2024-06-03T10:41:18.470+0000] {processor.py:840} INFO - DAG(s) 'example_short_circuit_operator' retrieved from /home/airflow/.local/lib/python3.12/site-packages/airflow/example_dags/example_short_circuit_operator.py
[2024-06-03T10:41:18.509+0000] {logging_mixin.py:188} INFO - [2024-06-03T10:41:18.508+0000] {dag.py:3096} INFO - Sync 1 DAGs
[2024-06-03T10:41:18.548+0000] {logging_mixin.py:188} INFO - [2024-06-03T10:41:18.547+0000] {dag.py:3954} INFO - Setting next_dagrun for example_short_circuit_operator to 2024-06-02 00:00:00+00:00, run_after=2024-06-03 00:00:00+00:00
[2024-06-03T10:41:18.578+0000] {processor.py:183} INFO - Processing /home/airflow/.local/lib/python3.12/site-packages/airflow/example_dags/example_short_circuit_operator.py took 0.126 seconds
[2024-06-03T10:41:48.662+0000] {processor.py:161} INFO - Started process (PID=10027) to work on /home/airflow/.local/lib/python3.12/site-packages/airflow/example_dags/example_short_circuit_operator.py
[2024-06-03T10:41:48.663+0000] {processor.py:830} INFO - Processing file /home/airflow/.local/lib/python3.12/site-packages/airflow/example_dags/example_short_circuit_operator.py for tasks to queue
[2024-06-03T10:41:48.665+0000] {logging_mixin.py:188} INFO - [2024-06-03T10:41:48.664+0000] {dagbag.py:545} INFO - Filling up the DagBag from /home/airflow/.local/lib/python3.12/site-packages/airflow/example_dags/example_short_circuit_operator.py
[2024-06-03T10:41:48.674+0000] {processor.py:840} INFO - DAG(s) 'example_short_circuit_operator' retrieved from /home/airflow/.local/lib/python3.12/site-packages/airflow/example_dags/example_short_circuit_operator.py
[2024-06-03T10:41:48.706+0000] {logging_mixin.py:188} INFO - [2024-06-03T10:41:48.705+0000] {dag.py:3096} INFO - Sync 1 DAGs
[2024-06-03T10:41:48.735+0000] {logging_mixin.py:188} INFO - [2024-06-03T10:41:48.735+0000] {dag.py:3954} INFO - Setting next_dagrun for example_short_circuit_operator to 2024-06-02 00:00:00+00:00, run_after=2024-06-03 00:00:00+00:00
[2024-06-03T10:41:48.759+0000] {processor.py:183} INFO - Processing /home/airflow/.local/lib/python3.12/site-packages/airflow/example_dags/example_short_circuit_operator.py took 0.103 seconds
[2024-06-03T10:42:18.829+0000] {processor.py:161} INFO - Started process (PID=10283) to work on /home/airflow/.local/lib/python3.12/site-packages/airflow/example_dags/example_short_circuit_operator.py
[2024-06-03T10:42:18.830+0000] {processor.py:830} INFO - Processing file /home/airflow/.local/lib/python3.12/site-packages/airflow/example_dags/example_short_circuit_operator.py for tasks to queue
[2024-06-03T10:42:18.831+0000] {logging_mixin.py:188} INFO - [2024-06-03T10:42:18.831+0000] {dagbag.py:545} INFO - Filling up the DagBag from /home/airflow/.local/lib/python3.12/site-packages/airflow/example_dags/example_short_circuit_operator.py
[2024-06-03T10:42:18.840+0000] {processor.py:840} INFO - DAG(s) 'example_short_circuit_operator' retrieved from /home/airflow/.local/lib/python3.12/site-packages/airflow/example_dags/example_short_circuit_operator.py
[2024-06-03T10:42:18.871+0000] {logging_mixin.py:188} INFO - [2024-06-03T10:42:18.871+0000] {dag.py:3096} INFO - Sync 1 DAGs
[2024-06-03T10:42:18.901+0000] {logging_mixin.py:188} INFO - [2024-06-03T10:42:18.900+0000] {dag.py:3954} INFO - Setting next_dagrun for example_short_circuit_operator to 2024-06-02 00:00:00+00:00, run_after=2024-06-03 00:00:00+00:00
[2024-06-03T10:42:18.923+0000] {processor.py:183} INFO - Processing /home/airflow/.local/lib/python3.12/site-packages/airflow/example_dags/example_short_circuit_operator.py took 0.101 seconds
[2024-06-03T10:42:48.995+0000] {processor.py:161} INFO - Started process (PID=10539) to work on /home/airflow/.local/lib/python3.12/site-packages/airflow/example_dags/example_short_circuit_operator.py
[2024-06-03T10:42:48.996+0000] {processor.py:830} INFO - Processing file /home/airflow/.local/lib/python3.12/site-packages/airflow/example_dags/example_short_circuit_operator.py for tasks to queue
[2024-06-03T10:42:48.998+0000] {logging_mixin.py:188} INFO - [2024-06-03T10:42:48.997+0000] {dagbag.py:545} INFO - Filling up the DagBag from /home/airflow/.local/lib/python3.12/site-packages/airflow/example_dags/example_short_circuit_operator.py
[2024-06-03T10:42:49.007+0000] {processor.py:840} INFO - DAG(s) 'example_short_circuit_operator' retrieved from /home/airflow/.local/lib/python3.12/site-packages/airflow/example_dags/example_short_circuit_operator.py
[2024-06-03T10:42:49.038+0000] {logging_mixin.py:188} INFO - [2024-06-03T10:42:49.037+0000] {dag.py:3096} INFO - Sync 1 DAGs
[2024-06-03T10:42:49.067+0000] {logging_mixin.py:188} INFO - [2024-06-03T10:42:49.067+0000] {dag.py:3954} INFO - Setting next_dagrun for example_short_circuit_operator to 2024-06-02 00:00:00+00:00, run_after=2024-06-03 00:00:00+00:00
[2024-06-03T10:42:49.090+0000] {processor.py:183} INFO - Processing /home/airflow/.local/lib/python3.12/site-packages/airflow/example_dags/example_short_circuit_operator.py took 0.101 seconds
[2024-06-03T10:43:19.174+0000] {processor.py:161} INFO - Started process (PID=10793) to work on /home/airflow/.local/lib/python3.12/site-packages/airflow/example_dags/example_short_circuit_operator.py
[2024-06-03T10:43:19.175+0000] {processor.py:830} INFO - Processing file /home/airflow/.local/lib/python3.12/site-packages/airflow/example_dags/example_short_circuit_operator.py for tasks to queue
[2024-06-03T10:43:19.177+0000] {logging_mixin.py:188} INFO - [2024-06-03T10:43:19.176+0000] {dagbag.py:545} INFO - Filling up the DagBag from /home/airflow/.local/lib/python3.12/site-packages/airflow/example_dags/example_short_circuit_operator.py
[2024-06-03T10:43:19.185+0000] {processor.py:840} INFO - DAG(s) 'example_short_circuit_operator' retrieved from /home/airflow/.local/lib/python3.12/site-packages/airflow/example_dags/example_short_circuit_operator.py
[2024-06-03T10:43:19.223+0000] {logging_mixin.py:188} INFO - [2024-06-03T10:43:19.222+0000] {dag.py:3096} INFO - Sync 1 DAGs
[2024-06-03T10:43:19.256+0000] {logging_mixin.py:188} INFO - [2024-06-03T10:43:19.255+0000] {dag.py:3954} INFO - Setting next_dagrun for example_short_circuit_operator to 2024-06-02 00:00:00+00:00, run_after=2024-06-03 00:00:00+00:00
[2024-06-03T10:43:19.280+0000] {processor.py:183} INFO - Processing /home/airflow/.local/lib/python3.12/site-packages/airflow/example_dags/example_short_circuit_operator.py took 0.113 seconds
[2024-06-03T10:43:51.325+0000] {processor.py:161} INFO - Started process (PID=11049) to work on /home/airflow/.local/lib/python3.12/site-packages/airflow/example_dags/example_short_circuit_operator.py
[2024-06-03T10:43:51.326+0000] {processor.py:830} INFO - Processing file /home/airflow/.local/lib/python3.12/site-packages/airflow/example_dags/example_short_circuit_operator.py for tasks to queue
[2024-06-03T10:43:51.328+0000] {logging_mixin.py:188} INFO - [2024-06-03T10:43:51.327+0000] {dagbag.py:545} INFO - Filling up the DagBag from /home/airflow/.local/lib/python3.12/site-packages/airflow/example_dags/example_short_circuit_operator.py
[2024-06-03T10:43:51.337+0000] {processor.py:840} INFO - DAG(s) 'example_short_circuit_operator' retrieved from /home/airflow/.local/lib/python3.12/site-packages/airflow/example_dags/example_short_circuit_operator.py
[2024-06-03T10:43:51.506+0000] {logging_mixin.py:188} INFO - [2024-06-03T10:43:51.506+0000] {dag.py:3096} INFO - Sync 1 DAGs
[2024-06-03T10:43:51.537+0000] {logging_mixin.py:188} INFO - [2024-06-03T10:43:51.536+0000] {dag.py:3954} INFO - Setting next_dagrun for example_short_circuit_operator to 2024-06-02 00:00:00+00:00, run_after=2024-06-03 00:00:00+00:00
[2024-06-03T10:43:51.563+0000] {processor.py:183} INFO - Processing /home/airflow/.local/lib/python3.12/site-packages/airflow/example_dags/example_short_circuit_operator.py took 0.245 seconds
[2024-06-03T10:44:22.138+0000] {processor.py:161} INFO - Started process (PID=11305) to work on /home/airflow/.local/lib/python3.12/site-packages/airflow/example_dags/example_short_circuit_operator.py
[2024-06-03T10:44:22.139+0000] {processor.py:830} INFO - Processing file /home/airflow/.local/lib/python3.12/site-packages/airflow/example_dags/example_short_circuit_operator.py for tasks to queue
[2024-06-03T10:44:22.141+0000] {logging_mixin.py:188} INFO - [2024-06-03T10:44:22.141+0000] {dagbag.py:545} INFO - Filling up the DagBag from /home/airflow/.local/lib/python3.12/site-packages/airflow/example_dags/example_short_circuit_operator.py
[2024-06-03T10:44:22.151+0000] {processor.py:840} INFO - DAG(s) 'example_short_circuit_operator' retrieved from /home/airflow/.local/lib/python3.12/site-packages/airflow/example_dags/example_short_circuit_operator.py
[2024-06-03T10:44:22.184+0000] {logging_mixin.py:188} INFO - [2024-06-03T10:44:22.183+0000] {dag.py:3096} INFO - Sync 1 DAGs
[2024-06-03T10:44:22.353+0000] {logging_mixin.py:188} INFO - [2024-06-03T10:44:22.352+0000] {dag.py:3954} INFO - Setting next_dagrun for example_short_circuit_operator to 2024-06-02 00:00:00+00:00, run_after=2024-06-03 00:00:00+00:00
[2024-06-03T10:44:22.377+0000] {processor.py:183} INFO - Processing /home/airflow/.local/lib/python3.12/site-packages/airflow/example_dags/example_short_circuit_operator.py took 0.246 seconds
[2024-06-03T10:44:52.556+0000] {processor.py:161} INFO - Started process (PID=11561) to work on /home/airflow/.local/lib/python3.12/site-packages/airflow/example_dags/example_short_circuit_operator.py
[2024-06-03T10:44:52.557+0000] {processor.py:830} INFO - Processing file /home/airflow/.local/lib/python3.12/site-packages/airflow/example_dags/example_short_circuit_operator.py for tasks to queue
[2024-06-03T10:44:52.559+0000] {logging_mixin.py:188} INFO - [2024-06-03T10:44:52.559+0000] {dagbag.py:545} INFO - Filling up the DagBag from /home/airflow/.local/lib/python3.12/site-packages/airflow/example_dags/example_short_circuit_operator.py
[2024-06-03T10:44:52.569+0000] {processor.py:840} INFO - DAG(s) 'example_short_circuit_operator' retrieved from /home/airflow/.local/lib/python3.12/site-packages/airflow/example_dags/example_short_circuit_operator.py
[2024-06-03T10:44:52.608+0000] {logging_mixin.py:188} INFO - [2024-06-03T10:44:52.607+0000] {dag.py:3096} INFO - Sync 1 DAGs
[2024-06-03T10:44:52.641+0000] {logging_mixin.py:188} INFO - [2024-06-03T10:44:52.640+0000] {dag.py:3954} INFO - Setting next_dagrun for example_short_circuit_operator to 2024-06-02 00:00:00+00:00, run_after=2024-06-03 00:00:00+00:00
[2024-06-03T10:44:52.668+0000] {processor.py:183} INFO - Processing /home/airflow/.local/lib/python3.12/site-packages/airflow/example_dags/example_short_circuit_operator.py took 0.119 seconds
[2024-06-03T10:45:23.530+0000] {processor.py:161} INFO - Started process (PID=11817) to work on /home/airflow/.local/lib/python3.12/site-packages/airflow/example_dags/example_short_circuit_operator.py
[2024-06-03T10:45:23.531+0000] {processor.py:830} INFO - Processing file /home/airflow/.local/lib/python3.12/site-packages/airflow/example_dags/example_short_circuit_operator.py for tasks to queue
[2024-06-03T10:45:23.532+0000] {logging_mixin.py:188} INFO - [2024-06-03T10:45:23.532+0000] {dagbag.py:545} INFO - Filling up the DagBag from /home/airflow/.local/lib/python3.12/site-packages/airflow/example_dags/example_short_circuit_operator.py
[2024-06-03T10:45:23.542+0000] {processor.py:840} INFO - DAG(s) 'example_short_circuit_operator' retrieved from /home/airflow/.local/lib/python3.12/site-packages/airflow/example_dags/example_short_circuit_operator.py
[2024-06-03T10:45:23.573+0000] {logging_mixin.py:188} INFO - [2024-06-03T10:45:23.573+0000] {dag.py:3096} INFO - Sync 1 DAGs
[2024-06-03T10:45:23.605+0000] {logging_mixin.py:188} INFO - [2024-06-03T10:45:23.605+0000] {dag.py:3954} INFO - Setting next_dagrun for example_short_circuit_operator to 2024-06-02 00:00:00+00:00, run_after=2024-06-03 00:00:00+00:00
[2024-06-03T10:45:23.632+0000] {processor.py:183} INFO - Processing /home/airflow/.local/lib/python3.12/site-packages/airflow/example_dags/example_short_circuit_operator.py took 0.109 seconds
[2024-06-03T10:45:54.199+0000] {processor.py:161} INFO - Started process (PID=12073) to work on /home/airflow/.local/lib/python3.12/site-packages/airflow/example_dags/example_short_circuit_operator.py
[2024-06-03T10:45:54.200+0000] {processor.py:830} INFO - Processing file /home/airflow/.local/lib/python3.12/site-packages/airflow/example_dags/example_short_circuit_operator.py for tasks to queue
[2024-06-03T10:45:54.202+0000] {logging_mixin.py:188} INFO - [2024-06-03T10:45:54.202+0000] {dagbag.py:545} INFO - Filling up the DagBag from /home/airflow/.local/lib/python3.12/site-packages/airflow/example_dags/example_short_circuit_operator.py
[2024-06-03T10:45:54.212+0000] {processor.py:840} INFO - DAG(s) 'example_short_circuit_operator' retrieved from /home/airflow/.local/lib/python3.12/site-packages/airflow/example_dags/example_short_circuit_operator.py
[2024-06-03T10:45:54.244+0000] {logging_mixin.py:188} INFO - [2024-06-03T10:45:54.243+0000] {dag.py:3096} INFO - Sync 1 DAGs
[2024-06-03T10:45:54.276+0000] {logging_mixin.py:188} INFO - [2024-06-03T10:45:54.275+0000] {dag.py:3954} INFO - Setting next_dagrun for example_short_circuit_operator to 2024-06-02 00:00:00+00:00, run_after=2024-06-03 00:00:00+00:00
[2024-06-03T10:45:54.301+0000] {processor.py:183} INFO - Processing /home/airflow/.local/lib/python3.12/site-packages/airflow/example_dags/example_short_circuit_operator.py took 0.109 seconds
[2024-06-03T10:46:24.557+0000] {processor.py:161} INFO - Started process (PID=12329) to work on /home/airflow/.local/lib/python3.12/site-packages/airflow/example_dags/example_short_circuit_operator.py
[2024-06-03T10:46:24.557+0000] {processor.py:830} INFO - Processing file /home/airflow/.local/lib/python3.12/site-packages/airflow/example_dags/example_short_circuit_operator.py for tasks to queue
[2024-06-03T10:46:24.559+0000] {logging_mixin.py:188} INFO - [2024-06-03T10:46:24.559+0000] {dagbag.py:545} INFO - Filling up the DagBag from /home/airflow/.local/lib/python3.12/site-packages/airflow/example_dags/example_short_circuit_operator.py
[2024-06-03T10:46:24.569+0000] {processor.py:840} INFO - DAG(s) 'example_short_circuit_operator' retrieved from /home/airflow/.local/lib/python3.12/site-packages/airflow/example_dags/example_short_circuit_operator.py
[2024-06-03T10:46:24.607+0000] {logging_mixin.py:188} INFO - [2024-06-03T10:46:24.607+0000] {dag.py:3096} INFO - Sync 1 DAGs
[2024-06-03T10:46:24.642+0000] {logging_mixin.py:188} INFO - [2024-06-03T10:46:24.641+0000] {dag.py:3954} INFO - Setting next_dagrun for example_short_circuit_operator to 2024-06-02 00:00:00+00:00, run_after=2024-06-03 00:00:00+00:00
[2024-06-03T10:46:24.669+0000] {processor.py:183} INFO - Processing /home/airflow/.local/lib/python3.12/site-packages/airflow/example_dags/example_short_circuit_operator.py took 0.119 seconds
[2024-06-03T10:46:55.125+0000] {processor.py:161} INFO - Started process (PID=12585) to work on /home/airflow/.local/lib/python3.12/site-packages/airflow/example_dags/example_short_circuit_operator.py
[2024-06-03T10:46:55.126+0000] {processor.py:830} INFO - Processing file /home/airflow/.local/lib/python3.12/site-packages/airflow/example_dags/example_short_circuit_operator.py for tasks to queue
[2024-06-03T10:46:55.128+0000] {logging_mixin.py:188} INFO - [2024-06-03T10:46:55.128+0000] {dagbag.py:545} INFO - Filling up the DagBag from /home/airflow/.local/lib/python3.12/site-packages/airflow/example_dags/example_short_circuit_operator.py
[2024-06-03T10:46:55.137+0000] {processor.py:840} INFO - DAG(s) 'example_short_circuit_operator' retrieved from /home/airflow/.local/lib/python3.12/site-packages/airflow/example_dags/example_short_circuit_operator.py
[2024-06-03T10:46:55.175+0000] {logging_mixin.py:188} INFO - [2024-06-03T10:46:55.174+0000] {dag.py:3096} INFO - Sync 1 DAGs
[2024-06-03T10:46:55.209+0000] {logging_mixin.py:188} INFO - [2024-06-03T10:46:55.209+0000] {dag.py:3954} INFO - Setting next_dagrun for example_short_circuit_operator to 2024-06-02 00:00:00+00:00, run_after=2024-06-03 00:00:00+00:00
[2024-06-03T10:46:55.235+0000] {processor.py:183} INFO - Processing /home/airflow/.local/lib/python3.12/site-packages/airflow/example_dags/example_short_circuit_operator.py took 0.117 seconds
[2024-06-03T10:47:25.787+0000] {processor.py:161} INFO - Started process (PID=12841) to work on /home/airflow/.local/lib/python3.12/site-packages/airflow/example_dags/example_short_circuit_operator.py
[2024-06-03T10:47:25.787+0000] {processor.py:830} INFO - Processing file /home/airflow/.local/lib/python3.12/site-packages/airflow/example_dags/example_short_circuit_operator.py for tasks to queue
[2024-06-03T10:47:25.789+0000] {logging_mixin.py:188} INFO - [2024-06-03T10:47:25.789+0000] {dagbag.py:545} INFO - Filling up the DagBag from /home/airflow/.local/lib/python3.12/site-packages/airflow/example_dags/example_short_circuit_operator.py
[2024-06-03T10:47:25.799+0000] {processor.py:840} INFO - DAG(s) 'example_short_circuit_operator' retrieved from /home/airflow/.local/lib/python3.12/site-packages/airflow/example_dags/example_short_circuit_operator.py
[2024-06-03T10:47:25.836+0000] {logging_mixin.py:188} INFO - [2024-06-03T10:47:25.836+0000] {dag.py:3096} INFO - Sync 1 DAGs
[2024-06-03T10:47:25.873+0000] {logging_mixin.py:188} INFO - [2024-06-03T10:47:25.872+0000] {dag.py:3954} INFO - Setting next_dagrun for example_short_circuit_operator to 2024-06-02 00:00:00+00:00, run_after=2024-06-03 00:00:00+00:00
[2024-06-03T10:47:25.898+0000] {processor.py:183} INFO - Processing /home/airflow/.local/lib/python3.12/site-packages/airflow/example_dags/example_short_circuit_operator.py took 0.118 seconds
[2024-06-03T10:47:56.542+0000] {processor.py:161} INFO - Started process (PID=13097) to work on /home/airflow/.local/lib/python3.12/site-packages/airflow/example_dags/example_short_circuit_operator.py
[2024-06-03T10:47:56.543+0000] {processor.py:830} INFO - Processing file /home/airflow/.local/lib/python3.12/site-packages/airflow/example_dags/example_short_circuit_operator.py for tasks to queue
[2024-06-03T10:47:56.545+0000] {logging_mixin.py:188} INFO - [2024-06-03T10:47:56.545+0000] {dagbag.py:545} INFO - Filling up the DagBag from /home/airflow/.local/lib/python3.12/site-packages/airflow/example_dags/example_short_circuit_operator.py
[2024-06-03T10:47:56.554+0000] {processor.py:840} INFO - DAG(s) 'example_short_circuit_operator' retrieved from /home/airflow/.local/lib/python3.12/site-packages/airflow/example_dags/example_short_circuit_operator.py
[2024-06-03T10:47:56.589+0000] {logging_mixin.py:188} INFO - [2024-06-03T10:47:56.589+0000] {dag.py:3096} INFO - Sync 1 DAGs
[2024-06-03T10:47:56.622+0000] {logging_mixin.py:188} INFO - [2024-06-03T10:47:56.621+0000] {dag.py:3954} INFO - Setting next_dagrun for example_short_circuit_operator to 2024-06-02 00:00:00+00:00, run_after=2024-06-03 00:00:00+00:00
[2024-06-03T10:47:56.648+0000] {processor.py:183} INFO - Processing /home/airflow/.local/lib/python3.12/site-packages/airflow/example_dags/example_short_circuit_operator.py took 0.112 seconds
[2024-06-03T10:48:26.915+0000] {processor.py:161} INFO - Started process (PID=13353) to work on /home/airflow/.local/lib/python3.12/site-packages/airflow/example_dags/example_short_circuit_operator.py
[2024-06-03T10:48:26.916+0000] {processor.py:830} INFO - Processing file /home/airflow/.local/lib/python3.12/site-packages/airflow/example_dags/example_short_circuit_operator.py for tasks to queue
[2024-06-03T10:48:26.918+0000] {logging_mixin.py:188} INFO - [2024-06-03T10:48:26.917+0000] {dagbag.py:545} INFO - Filling up the DagBag from /home/airflow/.local/lib/python3.12/site-packages/airflow/example_dags/example_short_circuit_operator.py
[2024-06-03T10:48:26.927+0000] {processor.py:840} INFO - DAG(s) 'example_short_circuit_operator' retrieved from /home/airflow/.local/lib/python3.12/site-packages/airflow/example_dags/example_short_circuit_operator.py
[2024-06-03T10:48:26.962+0000] {logging_mixin.py:188} INFO - [2024-06-03T10:48:26.962+0000] {dag.py:3096} INFO - Sync 1 DAGs
[2024-06-03T10:48:26.995+0000] {logging_mixin.py:188} INFO - [2024-06-03T10:48:26.995+0000] {dag.py:3954} INFO - Setting next_dagrun for example_short_circuit_operator to 2024-06-02 00:00:00+00:00, run_after=2024-06-03 00:00:00+00:00
[2024-06-03T10:48:27.021+0000] {processor.py:183} INFO - Processing /home/airflow/.local/lib/python3.12/site-packages/airflow/example_dags/example_short_circuit_operator.py took 0.113 seconds
[2024-06-03T10:48:57.211+0000] {processor.py:161} INFO - Started process (PID=13609) to work on /home/airflow/.local/lib/python3.12/site-packages/airflow/example_dags/example_short_circuit_operator.py
[2024-06-03T10:48:57.212+0000] {processor.py:830} INFO - Processing file /home/airflow/.local/lib/python3.12/site-packages/airflow/example_dags/example_short_circuit_operator.py for tasks to queue
[2024-06-03T10:48:57.213+0000] {logging_mixin.py:188} INFO - [2024-06-03T10:48:57.213+0000] {dagbag.py:545} INFO - Filling up the DagBag from /home/airflow/.local/lib/python3.12/site-packages/airflow/example_dags/example_short_circuit_operator.py
[2024-06-03T10:48:57.223+0000] {processor.py:840} INFO - DAG(s) 'example_short_circuit_operator' retrieved from /home/airflow/.local/lib/python3.12/site-packages/airflow/example_dags/example_short_circuit_operator.py
[2024-06-03T10:48:57.261+0000] {logging_mixin.py:188} INFO - [2024-06-03T10:48:57.261+0000] {dag.py:3096} INFO - Sync 1 DAGs
[2024-06-03T10:48:57.297+0000] {logging_mixin.py:188} INFO - [2024-06-03T10:48:57.296+0000] {dag.py:3954} INFO - Setting next_dagrun for example_short_circuit_operator to 2024-06-02 00:00:00+00:00, run_after=2024-06-03 00:00:00+00:00
[2024-06-03T10:48:57.325+0000] {processor.py:183} INFO - Processing /home/airflow/.local/lib/python3.12/site-packages/airflow/example_dags/example_short_circuit_operator.py took 0.121 seconds
[2024-06-03T10:49:27.531+0000] {processor.py:161} INFO - Started process (PID=13865) to work on /home/airflow/.local/lib/python3.12/site-packages/airflow/example_dags/example_short_circuit_operator.py
[2024-06-03T10:49:27.532+0000] {processor.py:830} INFO - Processing file /home/airflow/.local/lib/python3.12/site-packages/airflow/example_dags/example_short_circuit_operator.py for tasks to queue
[2024-06-03T10:49:27.534+0000] {logging_mixin.py:188} INFO - [2024-06-03T10:49:27.534+0000] {dagbag.py:545} INFO - Filling up the DagBag from /home/airflow/.local/lib/python3.12/site-packages/airflow/example_dags/example_short_circuit_operator.py
[2024-06-03T10:49:27.547+0000] {processor.py:840} INFO - DAG(s) 'example_short_circuit_operator' retrieved from /home/airflow/.local/lib/python3.12/site-packages/airflow/example_dags/example_short_circuit_operator.py
[2024-06-03T10:49:27.582+0000] {logging_mixin.py:188} INFO - [2024-06-03T10:49:27.582+0000] {dag.py:3096} INFO - Sync 1 DAGs
[2024-06-03T10:49:27.617+0000] {logging_mixin.py:188} INFO - [2024-06-03T10:49:27.617+0000] {dag.py:3954} INFO - Setting next_dagrun for example_short_circuit_operator to 2024-06-02 00:00:00+00:00, run_after=2024-06-03 00:00:00+00:00
[2024-06-03T10:49:27.644+0000] {processor.py:183} INFO - Processing /home/airflow/.local/lib/python3.12/site-packages/airflow/example_dags/example_short_circuit_operator.py took 0.121 seconds
[2024-06-03T10:49:58.110+0000] {processor.py:161} INFO - Started process (PID=14121) to work on /home/airflow/.local/lib/python3.12/site-packages/airflow/example_dags/example_short_circuit_operator.py
[2024-06-03T10:49:58.111+0000] {processor.py:830} INFO - Processing file /home/airflow/.local/lib/python3.12/site-packages/airflow/example_dags/example_short_circuit_operator.py for tasks to queue
[2024-06-03T10:49:58.113+0000] {logging_mixin.py:188} INFO - [2024-06-03T10:49:58.112+0000] {dagbag.py:545} INFO - Filling up the DagBag from /home/airflow/.local/lib/python3.12/site-packages/airflow/example_dags/example_short_circuit_operator.py
[2024-06-03T10:49:58.122+0000] {processor.py:840} INFO - DAG(s) 'example_short_circuit_operator' retrieved from /home/airflow/.local/lib/python3.12/site-packages/airflow/example_dags/example_short_circuit_operator.py
[2024-06-03T10:49:58.153+0000] {logging_mixin.py:188} INFO - [2024-06-03T10:49:58.153+0000] {dag.py:3096} INFO - Sync 1 DAGs
[2024-06-03T10:49:58.185+0000] {logging_mixin.py:188} INFO - [2024-06-03T10:49:58.185+0000] {dag.py:3954} INFO - Setting next_dagrun for example_short_circuit_operator to 2024-06-02 00:00:00+00:00, run_after=2024-06-03 00:00:00+00:00
[2024-06-03T10:49:58.210+0000] {processor.py:183} INFO - Processing /home/airflow/.local/lib/python3.12/site-packages/airflow/example_dags/example_short_circuit_operator.py took 0.107 seconds
[2024-06-03T10:50:28.494+0000] {processor.py:161} INFO - Started process (PID=14377) to work on /home/airflow/.local/lib/python3.12/site-packages/airflow/example_dags/example_short_circuit_operator.py
[2024-06-03T10:50:28.495+0000] {processor.py:830} INFO - Processing file /home/airflow/.local/lib/python3.12/site-packages/airflow/example_dags/example_short_circuit_operator.py for tasks to queue
[2024-06-03T10:50:28.497+0000] {logging_mixin.py:188} INFO - [2024-06-03T10:50:28.496+0000] {dagbag.py:545} INFO - Filling up the DagBag from /home/airflow/.local/lib/python3.12/site-packages/airflow/example_dags/example_short_circuit_operator.py
[2024-06-03T10:50:28.506+0000] {processor.py:840} INFO - DAG(s) 'example_short_circuit_operator' retrieved from /home/airflow/.local/lib/python3.12/site-packages/airflow/example_dags/example_short_circuit_operator.py
[2024-06-03T10:50:28.544+0000] {logging_mixin.py:188} INFO - [2024-06-03T10:50:28.543+0000] {dag.py:3096} INFO - Sync 1 DAGs
[2024-06-03T10:50:28.580+0000] {logging_mixin.py:188} INFO - [2024-06-03T10:50:28.580+0000] {dag.py:3954} INFO - Setting next_dagrun for example_short_circuit_operator to 2024-06-02 00:00:00+00:00, run_after=2024-06-03 00:00:00+00:00
[2024-06-03T10:50:28.606+0000] {processor.py:183} INFO - Processing /home/airflow/.local/lib/python3.12/site-packages/airflow/example_dags/example_short_circuit_operator.py took 0.119 seconds
[2024-06-03T10:50:59.214+0000] {processor.py:161} INFO - Started process (PID=14633) to work on /home/airflow/.local/lib/python3.12/site-packages/airflow/example_dags/example_short_circuit_operator.py
[2024-06-03T10:50:59.215+0000] {processor.py:830} INFO - Processing file /home/airflow/.local/lib/python3.12/site-packages/airflow/example_dags/example_short_circuit_operator.py for tasks to queue
[2024-06-03T10:50:59.217+0000] {logging_mixin.py:188} INFO - [2024-06-03T10:50:59.217+0000] {dagbag.py:545} INFO - Filling up the DagBag from /home/airflow/.local/lib/python3.12/site-packages/airflow/example_dags/example_short_circuit_operator.py
[2024-06-03T10:50:59.226+0000] {processor.py:840} INFO - DAG(s) 'example_short_circuit_operator' retrieved from /home/airflow/.local/lib/python3.12/site-packages/airflow/example_dags/example_short_circuit_operator.py
[2024-06-03T10:50:59.260+0000] {logging_mixin.py:188} INFO - [2024-06-03T10:50:59.260+0000] {dag.py:3096} INFO - Sync 1 DAGs
[2024-06-03T10:50:59.293+0000] {logging_mixin.py:188} INFO - [2024-06-03T10:50:59.292+0000] {dag.py:3954} INFO - Setting next_dagrun for example_short_circuit_operator to 2024-06-02 00:00:00+00:00, run_after=2024-06-03 00:00:00+00:00
[2024-06-03T10:50:59.318+0000] {processor.py:183} INFO - Processing /home/airflow/.local/lib/python3.12/site-packages/airflow/example_dags/example_short_circuit_operator.py took 0.111 seconds
[2024-06-03T10:51:29.986+0000] {processor.py:161} INFO - Started process (PID=14889) to work on /home/airflow/.local/lib/python3.12/site-packages/airflow/example_dags/example_short_circuit_operator.py
[2024-06-03T10:51:29.987+0000] {processor.py:830} INFO - Processing file /home/airflow/.local/lib/python3.12/site-packages/airflow/example_dags/example_short_circuit_operator.py for tasks to queue
[2024-06-03T10:51:29.989+0000] {logging_mixin.py:188} INFO - [2024-06-03T10:51:29.988+0000] {dagbag.py:545} INFO - Filling up the DagBag from /home/airflow/.local/lib/python3.12/site-packages/airflow/example_dags/example_short_circuit_operator.py
[2024-06-03T10:51:29.998+0000] {processor.py:840} INFO - DAG(s) 'example_short_circuit_operator' retrieved from /home/airflow/.local/lib/python3.12/site-packages/airflow/example_dags/example_short_circuit_operator.py
[2024-06-03T10:51:30.030+0000] {logging_mixin.py:188} INFO - [2024-06-03T10:51:30.029+0000] {dag.py:3096} INFO - Sync 1 DAGs
[2024-06-03T10:51:30.066+0000] {logging_mixin.py:188} INFO - [2024-06-03T10:51:30.066+0000] {dag.py:3954} INFO - Setting next_dagrun for example_short_circuit_operator to 2024-06-02 00:00:00+00:00, run_after=2024-06-03 00:00:00+00:00
[2024-06-03T10:51:30.091+0000] {processor.py:183} INFO - Processing /home/airflow/.local/lib/python3.12/site-packages/airflow/example_dags/example_short_circuit_operator.py took 0.111 seconds
[2024-06-03T10:52:00.596+0000] {processor.py:161} INFO - Started process (PID=15145) to work on /home/airflow/.local/lib/python3.12/site-packages/airflow/example_dags/example_short_circuit_operator.py
[2024-06-03T10:52:00.598+0000] {processor.py:830} INFO - Processing file /home/airflow/.local/lib/python3.12/site-packages/airflow/example_dags/example_short_circuit_operator.py for tasks to queue
[2024-06-03T10:52:00.599+0000] {logging_mixin.py:188} INFO - [2024-06-03T10:52:00.599+0000] {dagbag.py:545} INFO - Filling up the DagBag from /home/airflow/.local/lib/python3.12/site-packages/airflow/example_dags/example_short_circuit_operator.py
[2024-06-03T10:52:00.609+0000] {processor.py:840} INFO - DAG(s) 'example_short_circuit_operator' retrieved from /home/airflow/.local/lib/python3.12/site-packages/airflow/example_dags/example_short_circuit_operator.py
[2024-06-03T10:52:00.642+0000] {logging_mixin.py:188} INFO - [2024-06-03T10:52:00.641+0000] {dag.py:3096} INFO - Sync 1 DAGs
[2024-06-03T10:52:00.674+0000] {logging_mixin.py:188} INFO - [2024-06-03T10:52:00.674+0000] {dag.py:3954} INFO - Setting next_dagrun for example_short_circuit_operator to 2024-06-02 00:00:00+00:00, run_after=2024-06-03 00:00:00+00:00
[2024-06-03T10:52:00.700+0000] {processor.py:183} INFO - Processing /home/airflow/.local/lib/python3.12/site-packages/airflow/example_dags/example_short_circuit_operator.py took 0.111 seconds
[2024-06-03T10:52:31.365+0000] {processor.py:161} INFO - Started process (PID=15401) to work on /home/airflow/.local/lib/python3.12/site-packages/airflow/example_dags/example_short_circuit_operator.py
[2024-06-03T10:52:31.365+0000] {processor.py:830} INFO - Processing file /home/airflow/.local/lib/python3.12/site-packages/airflow/example_dags/example_short_circuit_operator.py for tasks to queue
[2024-06-03T10:52:31.367+0000] {logging_mixin.py:188} INFO - [2024-06-03T10:52:31.367+0000] {dagbag.py:545} INFO - Filling up the DagBag from /home/airflow/.local/lib/python3.12/site-packages/airflow/example_dags/example_short_circuit_operator.py
[2024-06-03T10:52:31.377+0000] {processor.py:840} INFO - DAG(s) 'example_short_circuit_operator' retrieved from /home/airflow/.local/lib/python3.12/site-packages/airflow/example_dags/example_short_circuit_operator.py
[2024-06-03T10:52:31.411+0000] {logging_mixin.py:188} INFO - [2024-06-03T10:52:31.411+0000] {dag.py:3096} INFO - Sync 1 DAGs
[2024-06-03T10:52:31.444+0000] {logging_mixin.py:188} INFO - [2024-06-03T10:52:31.444+0000] {dag.py:3954} INFO - Setting next_dagrun for example_short_circuit_operator to 2024-06-02 00:00:00+00:00, run_after=2024-06-03 00:00:00+00:00
[2024-06-03T10:52:31.470+0000] {processor.py:183} INFO - Processing /home/airflow/.local/lib/python3.12/site-packages/airflow/example_dags/example_short_circuit_operator.py took 0.112 seconds
[2024-06-03T10:53:01.751+0000] {processor.py:161} INFO - Started process (PID=15657) to work on /home/airflow/.local/lib/python3.12/site-packages/airflow/example_dags/example_short_circuit_operator.py
[2024-06-03T10:53:01.752+0000] {processor.py:830} INFO - Processing file /home/airflow/.local/lib/python3.12/site-packages/airflow/example_dags/example_short_circuit_operator.py for tasks to queue
[2024-06-03T10:53:01.754+0000] {logging_mixin.py:188} INFO - [2024-06-03T10:53:01.754+0000] {dagbag.py:545} INFO - Filling up the DagBag from /home/airflow/.local/lib/python3.12/site-packages/airflow/example_dags/example_short_circuit_operator.py
[2024-06-03T10:53:01.764+0000] {processor.py:840} INFO - DAG(s) 'example_short_circuit_operator' retrieved from /home/airflow/.local/lib/python3.12/site-packages/airflow/example_dags/example_short_circuit_operator.py
[2024-06-03T10:53:01.798+0000] {logging_mixin.py:188} INFO - [2024-06-03T10:53:01.797+0000] {dag.py:3096} INFO - Sync 1 DAGs
[2024-06-03T10:53:01.829+0000] {logging_mixin.py:188} INFO - [2024-06-03T10:53:01.829+0000] {dag.py:3954} INFO - Setting next_dagrun for example_short_circuit_operator to 2024-06-02 00:00:00+00:00, run_after=2024-06-03 00:00:00+00:00
[2024-06-03T10:53:01.856+0000] {processor.py:183} INFO - Processing /home/airflow/.local/lib/python3.12/site-packages/airflow/example_dags/example_short_circuit_operator.py took 0.112 seconds
[2024-06-03T10:53:32.125+0000] {processor.py:161} INFO - Started process (PID=15913) to work on /home/airflow/.local/lib/python3.12/site-packages/airflow/example_dags/example_short_circuit_operator.py
[2024-06-03T10:53:32.125+0000] {processor.py:830} INFO - Processing file /home/airflow/.local/lib/python3.12/site-packages/airflow/example_dags/example_short_circuit_operator.py for tasks to queue
[2024-06-03T10:53:32.127+0000] {logging_mixin.py:188} INFO - [2024-06-03T10:53:32.127+0000] {dagbag.py:545} INFO - Filling up the DagBag from /home/airflow/.local/lib/python3.12/site-packages/airflow/example_dags/example_short_circuit_operator.py
[2024-06-03T10:53:32.137+0000] {processor.py:840} INFO - DAG(s) 'example_short_circuit_operator' retrieved from /home/airflow/.local/lib/python3.12/site-packages/airflow/example_dags/example_short_circuit_operator.py
[2024-06-03T10:53:32.169+0000] {logging_mixin.py:188} INFO - [2024-06-03T10:53:32.169+0000] {dag.py:3096} INFO - Sync 1 DAGs
[2024-06-03T10:53:32.202+0000] {logging_mixin.py:188} INFO - [2024-06-03T10:53:32.202+0000] {dag.py:3954} INFO - Setting next_dagrun for example_short_circuit_operator to 2024-06-02 00:00:00+00:00, run_after=2024-06-03 00:00:00+00:00
[2024-06-03T10:53:32.228+0000] {processor.py:183} INFO - Processing /home/airflow/.local/lib/python3.12/site-packages/airflow/example_dags/example_short_circuit_operator.py took 0.111 seconds
