[2024-06-03T09:55:35.547+0000] {processor.py:161} INFO - Started process (PID=251) to work on /home/airflow/.local/lib/python3.12/site-packages/airflow/example_dags/example_nested_branch_dag.py
[2024-06-03T09:55:35.548+0000] {processor.py:830} INFO - Processing file /home/airflow/.local/lib/python3.12/site-packages/airflow/example_dags/example_nested_branch_dag.py for tasks to queue
[2024-06-03T09:55:35.550+0000] {logging_mixin.py:188} INFO - [2024-06-03T09:55:35.550+0000] {dagbag.py:545} INFO - Filling up the DagBag from /home/airflow/.local/lib/python3.12/site-packages/airflow/example_dags/example_nested_branch_dag.py
[2024-06-03T09:55:35.585+0000] {processor.py:840} INFO - DAG(s) 'example_nested_branch_dag' retrieved from /home/airflow/.local/lib/python3.12/site-packages/airflow/example_dags/example_nested_branch_dag.py
[2024-06-03T09:55:36.369+0000] {logging_mixin.py:188} INFO - [2024-06-03T09:55:36.368+0000] {dag.py:3096} INFO - Sync 1 DAGs
[2024-06-03T09:55:36.442+0000] {logging_mixin.py:188} INFO - [2024-06-03T09:55:36.442+0000] {dag.py:3954} INFO - Setting next_dagrun for example_nested_branch_dag to 2024-06-02 00:00:00+00:00, run_after=2024-06-03 00:00:00+00:00
[2024-06-03T09:55:36.558+0000] {processor.py:183} INFO - Processing /home/airflow/.local/lib/python3.12/site-packages/airflow/example_dags/example_nested_branch_dag.py took 1.046 seconds
[2024-06-03T09:57:19.453+0000] {processor.py:161} INFO - Started process (PID=507) to work on /home/airflow/.local/lib/python3.12/site-packages/airflow/example_dags/example_nested_branch_dag.py
[2024-06-03T09:57:19.460+0000] {processor.py:830} INFO - Processing file /home/airflow/.local/lib/python3.12/site-packages/airflow/example_dags/example_nested_branch_dag.py for tasks to queue
[2024-06-03T09:57:19.482+0000] {logging_mixin.py:188} INFO - [2024-06-03T09:57:19.481+0000] {dagbag.py:545} INFO - Filling up the DagBag from /home/airflow/.local/lib/python3.12/site-packages/airflow/example_dags/example_nested_branch_dag.py
[2024-06-03T09:57:19.911+0000] {processor.py:840} INFO - DAG(s) 'example_nested_branch_dag' retrieved from /home/airflow/.local/lib/python3.12/site-packages/airflow/example_dags/example_nested_branch_dag.py
[2024-06-03T09:57:21.645+0000] {logging_mixin.py:188} INFO - [2024-06-03T09:57:21.644+0000] {dag.py:3096} INFO - Sync 1 DAGs
[2024-06-03T09:57:23.778+0000] {logging_mixin.py:188} INFO - [2024-06-03T09:57:23.639+0000] {dag.py:3954} INFO - Setting next_dagrun for example_nested_branch_dag to 2024-06-02 00:00:00+00:00, run_after=2024-06-03 00:00:00+00:00
[2024-06-03T09:57:24.359+0000] {processor.py:183} INFO - Processing /home/airflow/.local/lib/python3.12/site-packages/airflow/example_dags/example_nested_branch_dag.py took 5.085 seconds
[2024-06-03T09:59:47.509+0000] {processor.py:161} INFO - Started process (PID=808) to work on /home/airflow/.local/lib/python3.12/site-packages/airflow/example_dags/example_nested_branch_dag.py
[2024-06-03T09:59:47.543+0000] {processor.py:830} INFO - Processing file /home/airflow/.local/lib/python3.12/site-packages/airflow/example_dags/example_nested_branch_dag.py for tasks to queue
[2024-06-03T09:59:47.546+0000] {logging_mixin.py:188} INFO - [2024-06-03T09:59:47.545+0000] {dagbag.py:545} INFO - Filling up the DagBag from /home/airflow/.local/lib/python3.12/site-packages/airflow/example_dags/example_nested_branch_dag.py
[2024-06-03T09:59:48.303+0000] {processor.py:840} INFO - DAG(s) 'example_nested_branch_dag' retrieved from /home/airflow/.local/lib/python3.12/site-packages/airflow/example_dags/example_nested_branch_dag.py
[2024-06-03T09:59:50.156+0000] {logging_mixin.py:188} INFO - [2024-06-03T09:59:50.053+0000] {dag.py:3096} INFO - Sync 1 DAGs
[2024-06-03T09:59:51.101+0000] {logging_mixin.py:188} INFO - [2024-06-03T09:59:51.101+0000] {dag.py:3954} INFO - Setting next_dagrun for example_nested_branch_dag to 2024-06-02 00:00:00+00:00, run_after=2024-06-03 00:00:00+00:00
[2024-06-03T09:59:52.242+0000] {processor.py:183} INFO - Processing /home/airflow/.local/lib/python3.12/site-packages/airflow/example_dags/example_nested_branch_dag.py took 5.334 seconds
[2024-06-03T10:00:28.650+0000] {processor.py:161} INFO - Started process (PID=1064) to work on /home/airflow/.local/lib/python3.12/site-packages/airflow/example_dags/example_nested_branch_dag.py
[2024-06-03T10:00:28.670+0000] {processor.py:830} INFO - Processing file /home/airflow/.local/lib/python3.12/site-packages/airflow/example_dags/example_nested_branch_dag.py for tasks to queue
[2024-06-03T10:00:28.673+0000] {logging_mixin.py:188} INFO - [2024-06-03T10:00:28.672+0000] {dagbag.py:545} INFO - Filling up the DagBag from /home/airflow/.local/lib/python3.12/site-packages/airflow/example_dags/example_nested_branch_dag.py
[2024-06-03T10:00:28.799+0000] {processor.py:840} INFO - DAG(s) 'example_nested_branch_dag' retrieved from /home/airflow/.local/lib/python3.12/site-packages/airflow/example_dags/example_nested_branch_dag.py
[2024-06-03T10:00:28.842+0000] {logging_mixin.py:188} INFO - [2024-06-03T10:00:28.841+0000] {dag.py:3096} INFO - Sync 1 DAGs
[2024-06-03T10:00:28.887+0000] {logging_mixin.py:188} INFO - [2024-06-03T10:00:28.885+0000] {dag.py:3954} INFO - Setting next_dagrun for example_nested_branch_dag to 2024-06-02 00:00:00+00:00, run_after=2024-06-03 00:00:00+00:00
[2024-06-03T10:00:28.949+0000] {processor.py:183} INFO - Processing /home/airflow/.local/lib/python3.12/site-packages/airflow/example_dags/example_nested_branch_dag.py took 0.309 seconds
[2024-06-03T10:01:10.179+0000] {processor.py:161} INFO - Started process (PID=1279) to work on /home/airflow/.local/lib/python3.12/site-packages/airflow/example_dags/example_nested_branch_dag.py
[2024-06-03T10:01:10.193+0000] {processor.py:830} INFO - Processing file /home/airflow/.local/lib/python3.12/site-packages/airflow/example_dags/example_nested_branch_dag.py for tasks to queue
[2024-06-03T10:01:10.196+0000] {logging_mixin.py:188} INFO - [2024-06-03T10:01:10.196+0000] {dagbag.py:545} INFO - Filling up the DagBag from /home/airflow/.local/lib/python3.12/site-packages/airflow/example_dags/example_nested_branch_dag.py
[2024-06-03T10:01:10.709+0000] {processor.py:840} INFO - DAG(s) 'example_nested_branch_dag' retrieved from /home/airflow/.local/lib/python3.12/site-packages/airflow/example_dags/example_nested_branch_dag.py
[2024-06-03T10:01:11.967+0000] {logging_mixin.py:188} INFO - [2024-06-03T10:01:11.966+0000] {dag.py:3096} INFO - Sync 1 DAGs
[2024-06-03T10:01:12.950+0000] {logging_mixin.py:188} INFO - [2024-06-03T10:01:12.950+0000] {dag.py:3954} INFO - Setting next_dagrun for example_nested_branch_dag to 2024-06-02 00:00:00+00:00, run_after=2024-06-03 00:00:00+00:00
[2024-06-03T10:01:14.579+0000] {processor.py:183} INFO - Processing /home/airflow/.local/lib/python3.12/site-packages/airflow/example_dags/example_nested_branch_dag.py took 4.499 seconds
[2024-06-03T10:03:35.204+0000] {processor.py:161} INFO - Started process (PID=1585) to work on /home/airflow/.local/lib/python3.12/site-packages/airflow/example_dags/example_nested_branch_dag.py
[2024-06-03T10:03:35.326+0000] {processor.py:830} INFO - Processing file /home/airflow/.local/lib/python3.12/site-packages/airflow/example_dags/example_nested_branch_dag.py for tasks to queue
[2024-06-03T10:03:35.387+0000] {logging_mixin.py:188} INFO - [2024-06-03T10:03:35.386+0000] {dagbag.py:545} INFO - Filling up the DagBag from /home/airflow/.local/lib/python3.12/site-packages/airflow/example_dags/example_nested_branch_dag.py
[2024-06-03T10:03:35.787+0000] {processor.py:840} INFO - DAG(s) 'example_nested_branch_dag' retrieved from /home/airflow/.local/lib/python3.12/site-packages/airflow/example_dags/example_nested_branch_dag.py
[2024-06-03T10:03:36.617+0000] {logging_mixin.py:188} INFO - [2024-06-03T10:03:36.617+0000] {dag.py:3096} INFO - Sync 1 DAGs
[2024-06-03T10:03:37.193+0000] {logging_mixin.py:188} INFO - [2024-06-03T10:03:37.193+0000] {dag.py:3954} INFO - Setting next_dagrun for example_nested_branch_dag to 2024-06-02 00:00:00+00:00, run_after=2024-06-03 00:00:00+00:00
[2024-06-03T10:03:37.616+0000] {processor.py:183} INFO - Processing /home/airflow/.local/lib/python3.12/site-packages/airflow/example_dags/example_nested_branch_dag.py took 2.871 seconds
[2024-06-03T10:05:25.360+0000] {processor.py:161} INFO - Started process (PID=1901) to work on /home/airflow/.local/lib/python3.12/site-packages/airflow/example_dags/example_nested_branch_dag.py
[2024-06-03T10:05:25.374+0000] {processor.py:830} INFO - Processing file /home/airflow/.local/lib/python3.12/site-packages/airflow/example_dags/example_nested_branch_dag.py for tasks to queue
[2024-06-03T10:05:25.377+0000] {logging_mixin.py:188} INFO - [2024-06-03T10:05:25.376+0000] {dagbag.py:545} INFO - Filling up the DagBag from /home/airflow/.local/lib/python3.12/site-packages/airflow/example_dags/example_nested_branch_dag.py
[2024-06-03T10:05:25.455+0000] {processor.py:840} INFO - DAG(s) 'example_nested_branch_dag' retrieved from /home/airflow/.local/lib/python3.12/site-packages/airflow/example_dags/example_nested_branch_dag.py
[2024-06-03T10:05:25.744+0000] {logging_mixin.py:188} INFO - [2024-06-03T10:05:25.723+0000] {dag.py:3096} INFO - Sync 1 DAGs
[2024-06-03T10:05:26.070+0000] {logging_mixin.py:188} INFO - [2024-06-03T10:05:26.064+0000] {dag.py:3954} INFO - Setting next_dagrun for example_nested_branch_dag to 2024-06-02 00:00:00+00:00, run_after=2024-06-03 00:00:00+00:00
[2024-06-03T10:05:26.368+0000] {processor.py:183} INFO - Processing /home/airflow/.local/lib/python3.12/site-packages/airflow/example_dags/example_nested_branch_dag.py took 1.029 seconds
[2024-06-03T10:06:08.549+0000] {processor.py:161} INFO - Started process (PID=2157) to work on /home/airflow/.local/lib/python3.12/site-packages/airflow/example_dags/example_nested_branch_dag.py
[2024-06-03T10:06:08.569+0000] {processor.py:830} INFO - Processing file /home/airflow/.local/lib/python3.12/site-packages/airflow/example_dags/example_nested_branch_dag.py for tasks to queue
[2024-06-03T10:06:08.590+0000] {logging_mixin.py:188} INFO - [2024-06-03T10:06:08.589+0000] {dagbag.py:545} INFO - Filling up the DagBag from /home/airflow/.local/lib/python3.12/site-packages/airflow/example_dags/example_nested_branch_dag.py
[2024-06-03T10:06:08.931+0000] {processor.py:840} INFO - DAG(s) 'example_nested_branch_dag' retrieved from /home/airflow/.local/lib/python3.12/site-packages/airflow/example_dags/example_nested_branch_dag.py
[2024-06-03T10:06:09.569+0000] {logging_mixin.py:188} INFO - [2024-06-03T10:06:09.550+0000] {dag.py:3096} INFO - Sync 1 DAGs
[2024-06-03T10:06:10.656+0000] {logging_mixin.py:188} INFO - [2024-06-03T10:06:10.656+0000] {dag.py:3954} INFO - Setting next_dagrun for example_nested_branch_dag to 2024-06-02 00:00:00+00:00, run_after=2024-06-03 00:00:00+00:00
[2024-06-03T10:06:11.862+0000] {processor.py:183} INFO - Processing /home/airflow/.local/lib/python3.12/site-packages/airflow/example_dags/example_nested_branch_dag.py took 3.392 seconds
[2024-06-03T10:22:29.665+0000] {processor.py:161} INFO - Started process (PID=255) to work on /home/airflow/.local/lib/python3.12/site-packages/airflow/example_dags/example_nested_branch_dag.py
[2024-06-03T10:22:29.666+0000] {processor.py:830} INFO - Processing file /home/airflow/.local/lib/python3.12/site-packages/airflow/example_dags/example_nested_branch_dag.py for tasks to queue
[2024-06-03T10:22:29.668+0000] {logging_mixin.py:188} INFO - [2024-06-03T10:22:29.668+0000] {dagbag.py:545} INFO - Filling up the DagBag from /home/airflow/.local/lib/python3.12/site-packages/airflow/example_dags/example_nested_branch_dag.py
[2024-06-03T10:22:29.689+0000] {processor.py:840} INFO - DAG(s) 'example_nested_branch_dag' retrieved from /home/airflow/.local/lib/python3.12/site-packages/airflow/example_dags/example_nested_branch_dag.py
[2024-06-03T10:22:29.874+0000] {logging_mixin.py:188} INFO - [2024-06-03T10:22:29.873+0000] {dag.py:3096} INFO - Sync 1 DAGs
[2024-06-03T10:22:29.904+0000] {logging_mixin.py:188} INFO - [2024-06-03T10:22:29.903+0000] {dag.py:3954} INFO - Setting next_dagrun for example_nested_branch_dag to 2024-06-02 00:00:00+00:00, run_after=2024-06-03 00:00:00+00:00
[2024-06-03T10:22:29.930+0000] {processor.py:183} INFO - Processing /home/airflow/.local/lib/python3.12/site-packages/airflow/example_dags/example_nested_branch_dag.py took 0.271 seconds
[2024-06-03T10:23:00.801+0000] {processor.py:161} INFO - Started process (PID=511) to work on /home/airflow/.local/lib/python3.12/site-packages/airflow/example_dags/example_nested_branch_dag.py
[2024-06-03T10:23:00.802+0000] {processor.py:830} INFO - Processing file /home/airflow/.local/lib/python3.12/site-packages/airflow/example_dags/example_nested_branch_dag.py for tasks to queue
[2024-06-03T10:23:00.804+0000] {logging_mixin.py:188} INFO - [2024-06-03T10:23:00.804+0000] {dagbag.py:545} INFO - Filling up the DagBag from /home/airflow/.local/lib/python3.12/site-packages/airflow/example_dags/example_nested_branch_dag.py
[2024-06-03T10:23:00.818+0000] {processor.py:840} INFO - DAG(s) 'example_nested_branch_dag' retrieved from /home/airflow/.local/lib/python3.12/site-packages/airflow/example_dags/example_nested_branch_dag.py
[2024-06-03T10:23:00.849+0000] {logging_mixin.py:188} INFO - [2024-06-03T10:23:00.849+0000] {dag.py:3096} INFO - Sync 1 DAGs
[2024-06-03T10:23:00.882+0000] {logging_mixin.py:188} INFO - [2024-06-03T10:23:00.882+0000] {dag.py:3954} INFO - Setting next_dagrun for example_nested_branch_dag to 2024-06-02 00:00:00+00:00, run_after=2024-06-03 00:00:00+00:00
[2024-06-03T10:23:00.906+0000] {processor.py:183} INFO - Processing /home/airflow/.local/lib/python3.12/site-packages/airflow/example_dags/example_nested_branch_dag.py took 0.114 seconds
[2024-06-03T10:23:31.313+0000] {processor.py:161} INFO - Started process (PID=767) to work on /home/airflow/.local/lib/python3.12/site-packages/airflow/example_dags/example_nested_branch_dag.py
[2024-06-03T10:23:31.314+0000] {processor.py:830} INFO - Processing file /home/airflow/.local/lib/python3.12/site-packages/airflow/example_dags/example_nested_branch_dag.py for tasks to queue
[2024-06-03T10:23:31.316+0000] {logging_mixin.py:188} INFO - [2024-06-03T10:23:31.315+0000] {dagbag.py:545} INFO - Filling up the DagBag from /home/airflow/.local/lib/python3.12/site-packages/airflow/example_dags/example_nested_branch_dag.py
[2024-06-03T10:23:31.332+0000] {processor.py:840} INFO - DAG(s) 'example_nested_branch_dag' retrieved from /home/airflow/.local/lib/python3.12/site-packages/airflow/example_dags/example_nested_branch_dag.py
[2024-06-03T10:23:31.371+0000] {logging_mixin.py:188} INFO - [2024-06-03T10:23:31.371+0000] {dag.py:3096} INFO - Sync 1 DAGs
[2024-06-03T10:23:31.413+0000] {logging_mixin.py:188} INFO - [2024-06-03T10:23:31.412+0000] {dag.py:3954} INFO - Setting next_dagrun for example_nested_branch_dag to 2024-06-02 00:00:00+00:00, run_after=2024-06-03 00:00:00+00:00
[2024-06-03T10:23:31.443+0000] {processor.py:183} INFO - Processing /home/airflow/.local/lib/python3.12/site-packages/airflow/example_dags/example_nested_branch_dag.py took 0.139 seconds
[2024-06-03T10:24:01.899+0000] {processor.py:161} INFO - Started process (PID=1023) to work on /home/airflow/.local/lib/python3.12/site-packages/airflow/example_dags/example_nested_branch_dag.py
[2024-06-03T10:24:01.901+0000] {processor.py:830} INFO - Processing file /home/airflow/.local/lib/python3.12/site-packages/airflow/example_dags/example_nested_branch_dag.py for tasks to queue
[2024-06-03T10:24:01.903+0000] {logging_mixin.py:188} INFO - [2024-06-03T10:24:01.902+0000] {dagbag.py:545} INFO - Filling up the DagBag from /home/airflow/.local/lib/python3.12/site-packages/airflow/example_dags/example_nested_branch_dag.py
[2024-06-03T10:24:01.919+0000] {processor.py:840} INFO - DAG(s) 'example_nested_branch_dag' retrieved from /home/airflow/.local/lib/python3.12/site-packages/airflow/example_dags/example_nested_branch_dag.py
[2024-06-03T10:24:01.957+0000] {logging_mixin.py:188} INFO - [2024-06-03T10:24:01.956+0000] {dag.py:3096} INFO - Sync 1 DAGs
[2024-06-03T10:24:02.002+0000] {logging_mixin.py:188} INFO - [2024-06-03T10:24:02.001+0000] {dag.py:3954} INFO - Setting next_dagrun for example_nested_branch_dag to 2024-06-02 00:00:00+00:00, run_after=2024-06-03 00:00:00+00:00
[2024-06-03T10:24:02.032+0000] {processor.py:183} INFO - Processing /home/airflow/.local/lib/python3.12/site-packages/airflow/example_dags/example_nested_branch_dag.py took 0.141 seconds
[2024-06-03T10:24:32.442+0000] {processor.py:161} INFO - Started process (PID=1279) to work on /home/airflow/.local/lib/python3.12/site-packages/airflow/example_dags/example_nested_branch_dag.py
[2024-06-03T10:24:32.443+0000] {processor.py:830} INFO - Processing file /home/airflow/.local/lib/python3.12/site-packages/airflow/example_dags/example_nested_branch_dag.py for tasks to queue
[2024-06-03T10:24:32.444+0000] {logging_mixin.py:188} INFO - [2024-06-03T10:24:32.444+0000] {dagbag.py:545} INFO - Filling up the DagBag from /home/airflow/.local/lib/python3.12/site-packages/airflow/example_dags/example_nested_branch_dag.py
[2024-06-03T10:24:32.457+0000] {processor.py:840} INFO - DAG(s) 'example_nested_branch_dag' retrieved from /home/airflow/.local/lib/python3.12/site-packages/airflow/example_dags/example_nested_branch_dag.py
[2024-06-03T10:24:32.487+0000] {logging_mixin.py:188} INFO - [2024-06-03T10:24:32.486+0000] {dag.py:3096} INFO - Sync 1 DAGs
[2024-06-03T10:24:32.521+0000] {logging_mixin.py:188} INFO - [2024-06-03T10:24:32.521+0000] {dag.py:3954} INFO - Setting next_dagrun for example_nested_branch_dag to 2024-06-02 00:00:00+00:00, run_after=2024-06-03 00:00:00+00:00
[2024-06-03T10:24:32.546+0000] {processor.py:183} INFO - Processing /home/airflow/.local/lib/python3.12/site-packages/airflow/example_dags/example_nested_branch_dag.py took 0.111 seconds
[2024-06-03T10:25:02.925+0000] {processor.py:161} INFO - Started process (PID=1535) to work on /home/airflow/.local/lib/python3.12/site-packages/airflow/example_dags/example_nested_branch_dag.py
[2024-06-03T10:25:02.926+0000] {processor.py:830} INFO - Processing file /home/airflow/.local/lib/python3.12/site-packages/airflow/example_dags/example_nested_branch_dag.py for tasks to queue
[2024-06-03T10:25:02.928+0000] {logging_mixin.py:188} INFO - [2024-06-03T10:25:02.928+0000] {dagbag.py:545} INFO - Filling up the DagBag from /home/airflow/.local/lib/python3.12/site-packages/airflow/example_dags/example_nested_branch_dag.py
[2024-06-03T10:25:02.944+0000] {processor.py:840} INFO - DAG(s) 'example_nested_branch_dag' retrieved from /home/airflow/.local/lib/python3.12/site-packages/airflow/example_dags/example_nested_branch_dag.py
[2024-06-03T10:25:02.978+0000] {logging_mixin.py:188} INFO - [2024-06-03T10:25:02.978+0000] {dag.py:3096} INFO - Sync 1 DAGs
[2024-06-03T10:25:03.019+0000] {logging_mixin.py:188} INFO - [2024-06-03T10:25:03.018+0000] {dag.py:3954} INFO - Setting next_dagrun for example_nested_branch_dag to 2024-06-02 00:00:00+00:00, run_after=2024-06-03 00:00:00+00:00
[2024-06-03T10:25:03.048+0000] {processor.py:183} INFO - Processing /home/airflow/.local/lib/python3.12/site-packages/airflow/example_dags/example_nested_branch_dag.py took 0.132 seconds
[2024-06-03T10:25:33.452+0000] {processor.py:161} INFO - Started process (PID=1791) to work on /home/airflow/.local/lib/python3.12/site-packages/airflow/example_dags/example_nested_branch_dag.py
[2024-06-03T10:25:33.452+0000] {processor.py:830} INFO - Processing file /home/airflow/.local/lib/python3.12/site-packages/airflow/example_dags/example_nested_branch_dag.py for tasks to queue
[2024-06-03T10:25:33.454+0000] {logging_mixin.py:188} INFO - [2024-06-03T10:25:33.454+0000] {dagbag.py:545} INFO - Filling up the DagBag from /home/airflow/.local/lib/python3.12/site-packages/airflow/example_dags/example_nested_branch_dag.py
[2024-06-03T10:25:33.466+0000] {processor.py:840} INFO - DAG(s) 'example_nested_branch_dag' retrieved from /home/airflow/.local/lib/python3.12/site-packages/airflow/example_dags/example_nested_branch_dag.py
[2024-06-03T10:25:33.499+0000] {logging_mixin.py:188} INFO - [2024-06-03T10:25:33.499+0000] {dag.py:3096} INFO - Sync 1 DAGs
[2024-06-03T10:25:33.538+0000] {logging_mixin.py:188} INFO - [2024-06-03T10:25:33.538+0000] {dag.py:3954} INFO - Setting next_dagrun for example_nested_branch_dag to 2024-06-02 00:00:00+00:00, run_after=2024-06-03 00:00:00+00:00
[2024-06-03T10:25:33.566+0000] {processor.py:183} INFO - Processing /home/airflow/.local/lib/python3.12/site-packages/airflow/example_dags/example_nested_branch_dag.py took 0.122 seconds
[2024-06-03T10:26:03.868+0000] {processor.py:161} INFO - Started process (PID=2047) to work on /home/airflow/.local/lib/python3.12/site-packages/airflow/example_dags/example_nested_branch_dag.py
[2024-06-03T10:26:03.869+0000] {processor.py:830} INFO - Processing file /home/airflow/.local/lib/python3.12/site-packages/airflow/example_dags/example_nested_branch_dag.py for tasks to queue
[2024-06-03T10:26:03.871+0000] {logging_mixin.py:188} INFO - [2024-06-03T10:26:03.870+0000] {dagbag.py:545} INFO - Filling up the DagBag from /home/airflow/.local/lib/python3.12/site-packages/airflow/example_dags/example_nested_branch_dag.py
[2024-06-03T10:26:03.883+0000] {processor.py:840} INFO - DAG(s) 'example_nested_branch_dag' retrieved from /home/airflow/.local/lib/python3.12/site-packages/airflow/example_dags/example_nested_branch_dag.py
[2024-06-03T10:26:03.915+0000] {logging_mixin.py:188} INFO - [2024-06-03T10:26:03.915+0000] {dag.py:3096} INFO - Sync 1 DAGs
[2024-06-03T10:26:03.948+0000] {logging_mixin.py:188} INFO - [2024-06-03T10:26:03.948+0000] {dag.py:3954} INFO - Setting next_dagrun for example_nested_branch_dag to 2024-06-02 00:00:00+00:00, run_after=2024-06-03 00:00:00+00:00
[2024-06-03T10:26:03.973+0000] {processor.py:183} INFO - Processing /home/airflow/.local/lib/python3.12/site-packages/airflow/example_dags/example_nested_branch_dag.py took 0.112 seconds
[2024-06-03T10:26:34.217+0000] {processor.py:161} INFO - Started process (PID=2303) to work on /home/airflow/.local/lib/python3.12/site-packages/airflow/example_dags/example_nested_branch_dag.py
[2024-06-03T10:26:34.218+0000] {processor.py:830} INFO - Processing file /home/airflow/.local/lib/python3.12/site-packages/airflow/example_dags/example_nested_branch_dag.py for tasks to queue
[2024-06-03T10:26:34.219+0000] {logging_mixin.py:188} INFO - [2024-06-03T10:26:34.219+0000] {dagbag.py:545} INFO - Filling up the DagBag from /home/airflow/.local/lib/python3.12/site-packages/airflow/example_dags/example_nested_branch_dag.py
[2024-06-03T10:26:34.232+0000] {processor.py:840} INFO - DAG(s) 'example_nested_branch_dag' retrieved from /home/airflow/.local/lib/python3.12/site-packages/airflow/example_dags/example_nested_branch_dag.py
[2024-06-03T10:26:34.262+0000] {logging_mixin.py:188} INFO - [2024-06-03T10:26:34.262+0000] {dag.py:3096} INFO - Sync 1 DAGs
[2024-06-03T10:26:34.295+0000] {logging_mixin.py:188} INFO - [2024-06-03T10:26:34.294+0000] {dag.py:3954} INFO - Setting next_dagrun for example_nested_branch_dag to 2024-06-02 00:00:00+00:00, run_after=2024-06-03 00:00:00+00:00
[2024-06-03T10:26:34.320+0000] {processor.py:183} INFO - Processing /home/airflow/.local/lib/python3.12/site-packages/airflow/example_dags/example_nested_branch_dag.py took 0.110 seconds
[2024-06-03T10:27:04.656+0000] {processor.py:161} INFO - Started process (PID=2559) to work on /home/airflow/.local/lib/python3.12/site-packages/airflow/example_dags/example_nested_branch_dag.py
[2024-06-03T10:27:04.658+0000] {processor.py:830} INFO - Processing file /home/airflow/.local/lib/python3.12/site-packages/airflow/example_dags/example_nested_branch_dag.py for tasks to queue
[2024-06-03T10:27:04.659+0000] {logging_mixin.py:188} INFO - [2024-06-03T10:27:04.659+0000] {dagbag.py:545} INFO - Filling up the DagBag from /home/airflow/.local/lib/python3.12/site-packages/airflow/example_dags/example_nested_branch_dag.py
[2024-06-03T10:27:04.672+0000] {processor.py:840} INFO - DAG(s) 'example_nested_branch_dag' retrieved from /home/airflow/.local/lib/python3.12/site-packages/airflow/example_dags/example_nested_branch_dag.py
[2024-06-03T10:27:04.704+0000] {logging_mixin.py:188} INFO - [2024-06-03T10:27:04.704+0000] {dag.py:3096} INFO - Sync 1 DAGs
[2024-06-03T10:27:04.744+0000] {logging_mixin.py:188} INFO - [2024-06-03T10:27:04.743+0000] {dag.py:3954} INFO - Setting next_dagrun for example_nested_branch_dag to 2024-06-02 00:00:00+00:00, run_after=2024-06-03 00:00:00+00:00
[2024-06-03T10:27:04.773+0000] {processor.py:183} INFO - Processing /home/airflow/.local/lib/python3.12/site-packages/airflow/example_dags/example_nested_branch_dag.py took 0.124 seconds
[2024-06-03T10:27:34.989+0000] {processor.py:161} INFO - Started process (PID=2815) to work on /home/airflow/.local/lib/python3.12/site-packages/airflow/example_dags/example_nested_branch_dag.py
[2024-06-03T10:27:34.989+0000] {processor.py:830} INFO - Processing file /home/airflow/.local/lib/python3.12/site-packages/airflow/example_dags/example_nested_branch_dag.py for tasks to queue
[2024-06-03T10:27:34.991+0000] {logging_mixin.py:188} INFO - [2024-06-03T10:27:34.991+0000] {dagbag.py:545} INFO - Filling up the DagBag from /home/airflow/.local/lib/python3.12/site-packages/airflow/example_dags/example_nested_branch_dag.py
[2024-06-03T10:27:35.003+0000] {processor.py:840} INFO - DAG(s) 'example_nested_branch_dag' retrieved from /home/airflow/.local/lib/python3.12/site-packages/airflow/example_dags/example_nested_branch_dag.py
[2024-06-03T10:27:35.033+0000] {logging_mixin.py:188} INFO - [2024-06-03T10:27:35.033+0000] {dag.py:3096} INFO - Sync 1 DAGs
[2024-06-03T10:27:35.065+0000] {logging_mixin.py:188} INFO - [2024-06-03T10:27:35.065+0000] {dag.py:3954} INFO - Setting next_dagrun for example_nested_branch_dag to 2024-06-02 00:00:00+00:00, run_after=2024-06-03 00:00:00+00:00
[2024-06-03T10:27:35.089+0000] {processor.py:183} INFO - Processing /home/airflow/.local/lib/python3.12/site-packages/airflow/example_dags/example_nested_branch_dag.py took 0.107 seconds
[2024-06-03T10:28:05.142+0000] {processor.py:161} INFO - Started process (PID=3071) to work on /home/airflow/.local/lib/python3.12/site-packages/airflow/example_dags/example_nested_branch_dag.py
[2024-06-03T10:28:05.143+0000] {processor.py:830} INFO - Processing file /home/airflow/.local/lib/python3.12/site-packages/airflow/example_dags/example_nested_branch_dag.py for tasks to queue
[2024-06-03T10:28:05.145+0000] {logging_mixin.py:188} INFO - [2024-06-03T10:28:05.144+0000] {dagbag.py:545} INFO - Filling up the DagBag from /home/airflow/.local/lib/python3.12/site-packages/airflow/example_dags/example_nested_branch_dag.py
[2024-06-03T10:28:05.157+0000] {processor.py:840} INFO - DAG(s) 'example_nested_branch_dag' retrieved from /home/airflow/.local/lib/python3.12/site-packages/airflow/example_dags/example_nested_branch_dag.py
[2024-06-03T10:28:05.185+0000] {logging_mixin.py:188} INFO - [2024-06-03T10:28:05.185+0000] {dag.py:3096} INFO - Sync 1 DAGs
[2024-06-03T10:28:05.216+0000] {logging_mixin.py:188} INFO - [2024-06-03T10:28:05.216+0000] {dag.py:3954} INFO - Setting next_dagrun for example_nested_branch_dag to 2024-06-02 00:00:00+00:00, run_after=2024-06-03 00:00:00+00:00
[2024-06-03T10:28:05.240+0000] {processor.py:183} INFO - Processing /home/airflow/.local/lib/python3.12/site-packages/airflow/example_dags/example_nested_branch_dag.py took 0.104 seconds
[2024-06-03T10:28:35.343+0000] {processor.py:161} INFO - Started process (PID=3325) to work on /home/airflow/.local/lib/python3.12/site-packages/airflow/example_dags/example_nested_branch_dag.py
[2024-06-03T10:28:35.344+0000] {processor.py:830} INFO - Processing file /home/airflow/.local/lib/python3.12/site-packages/airflow/example_dags/example_nested_branch_dag.py for tasks to queue
[2024-06-03T10:28:35.345+0000] {logging_mixin.py:188} INFO - [2024-06-03T10:28:35.345+0000] {dagbag.py:545} INFO - Filling up the DagBag from /home/airflow/.local/lib/python3.12/site-packages/airflow/example_dags/example_nested_branch_dag.py
[2024-06-03T10:28:35.358+0000] {processor.py:840} INFO - DAG(s) 'example_nested_branch_dag' retrieved from /home/airflow/.local/lib/python3.12/site-packages/airflow/example_dags/example_nested_branch_dag.py
[2024-06-03T10:28:35.386+0000] {logging_mixin.py:188} INFO - [2024-06-03T10:28:35.386+0000] {dag.py:3096} INFO - Sync 1 DAGs
[2024-06-03T10:28:35.418+0000] {logging_mixin.py:188} INFO - [2024-06-03T10:28:35.418+0000] {dag.py:3954} INFO - Setting next_dagrun for example_nested_branch_dag to 2024-06-02 00:00:00+00:00, run_after=2024-06-03 00:00:00+00:00
[2024-06-03T10:28:35.443+0000] {processor.py:183} INFO - Processing /home/airflow/.local/lib/python3.12/site-packages/airflow/example_dags/example_nested_branch_dag.py took 0.106 seconds
[2024-06-03T10:29:05.493+0000] {processor.py:161} INFO - Started process (PID=3581) to work on /home/airflow/.local/lib/python3.12/site-packages/airflow/example_dags/example_nested_branch_dag.py
[2024-06-03T10:29:05.494+0000] {processor.py:830} INFO - Processing file /home/airflow/.local/lib/python3.12/site-packages/airflow/example_dags/example_nested_branch_dag.py for tasks to queue
[2024-06-03T10:29:05.495+0000] {logging_mixin.py:188} INFO - [2024-06-03T10:29:05.495+0000] {dagbag.py:545} INFO - Filling up the DagBag from /home/airflow/.local/lib/python3.12/site-packages/airflow/example_dags/example_nested_branch_dag.py
[2024-06-03T10:29:05.507+0000] {processor.py:840} INFO - DAG(s) 'example_nested_branch_dag' retrieved from /home/airflow/.local/lib/python3.12/site-packages/airflow/example_dags/example_nested_branch_dag.py
[2024-06-03T10:29:05.537+0000] {logging_mixin.py:188} INFO - [2024-06-03T10:29:05.536+0000] {dag.py:3096} INFO - Sync 1 DAGs
[2024-06-03T10:29:05.569+0000] {logging_mixin.py:188} INFO - [2024-06-03T10:29:05.569+0000] {dag.py:3954} INFO - Setting next_dagrun for example_nested_branch_dag to 2024-06-02 00:00:00+00:00, run_after=2024-06-03 00:00:00+00:00
[2024-06-03T10:29:05.595+0000] {processor.py:183} INFO - Processing /home/airflow/.local/lib/python3.12/site-packages/airflow/example_dags/example_nested_branch_dag.py took 0.110 seconds
[2024-06-03T10:29:35.757+0000] {processor.py:161} INFO - Started process (PID=3832) to work on /home/airflow/.local/lib/python3.12/site-packages/airflow/example_dags/example_nested_branch_dag.py
[2024-06-03T10:29:35.758+0000] {processor.py:830} INFO - Processing file /home/airflow/.local/lib/python3.12/site-packages/airflow/example_dags/example_nested_branch_dag.py for tasks to queue
[2024-06-03T10:29:35.760+0000] {logging_mixin.py:188} INFO - [2024-06-03T10:29:35.759+0000] {dagbag.py:545} INFO - Filling up the DagBag from /home/airflow/.local/lib/python3.12/site-packages/airflow/example_dags/example_nested_branch_dag.py
[2024-06-03T10:29:35.772+0000] {processor.py:840} INFO - DAG(s) 'example_nested_branch_dag' retrieved from /home/airflow/.local/lib/python3.12/site-packages/airflow/example_dags/example_nested_branch_dag.py
[2024-06-03T10:29:35.799+0000] {logging_mixin.py:188} INFO - [2024-06-03T10:29:35.799+0000] {dag.py:3096} INFO - Sync 1 DAGs
[2024-06-03T10:29:35.831+0000] {logging_mixin.py:188} INFO - [2024-06-03T10:29:35.830+0000] {dag.py:3954} INFO - Setting next_dagrun for example_nested_branch_dag to 2024-06-02 00:00:00+00:00, run_after=2024-06-03 00:00:00+00:00
[2024-06-03T10:29:35.853+0000] {processor.py:183} INFO - Processing /home/airflow/.local/lib/python3.12/site-packages/airflow/example_dags/example_nested_branch_dag.py took 0.103 seconds
[2024-06-03T10:30:05.989+0000] {processor.py:161} INFO - Started process (PID=4088) to work on /home/airflow/.local/lib/python3.12/site-packages/airflow/example_dags/example_nested_branch_dag.py
[2024-06-03T10:30:05.990+0000] {processor.py:830} INFO - Processing file /home/airflow/.local/lib/python3.12/site-packages/airflow/example_dags/example_nested_branch_dag.py for tasks to queue
[2024-06-03T10:30:05.992+0000] {logging_mixin.py:188} INFO - [2024-06-03T10:30:05.991+0000] {dagbag.py:545} INFO - Filling up the DagBag from /home/airflow/.local/lib/python3.12/site-packages/airflow/example_dags/example_nested_branch_dag.py
[2024-06-03T10:30:06.004+0000] {processor.py:840} INFO - DAG(s) 'example_nested_branch_dag' retrieved from /home/airflow/.local/lib/python3.12/site-packages/airflow/example_dags/example_nested_branch_dag.py
[2024-06-03T10:30:06.031+0000] {logging_mixin.py:188} INFO - [2024-06-03T10:30:06.031+0000] {dag.py:3096} INFO - Sync 1 DAGs
[2024-06-03T10:30:06.062+0000] {logging_mixin.py:188} INFO - [2024-06-03T10:30:06.061+0000] {dag.py:3954} INFO - Setting next_dagrun for example_nested_branch_dag to 2024-06-02 00:00:00+00:00, run_after=2024-06-03 00:00:00+00:00
[2024-06-03T10:30:06.085+0000] {processor.py:183} INFO - Processing /home/airflow/.local/lib/python3.12/site-packages/airflow/example_dags/example_nested_branch_dag.py took 0.103 seconds
[2024-06-03T10:30:36.274+0000] {processor.py:161} INFO - Started process (PID=4344) to work on /home/airflow/.local/lib/python3.12/site-packages/airflow/example_dags/example_nested_branch_dag.py
[2024-06-03T10:30:36.275+0000] {processor.py:830} INFO - Processing file /home/airflow/.local/lib/python3.12/site-packages/airflow/example_dags/example_nested_branch_dag.py for tasks to queue
[2024-06-03T10:30:36.276+0000] {logging_mixin.py:188} INFO - [2024-06-03T10:30:36.276+0000] {dagbag.py:545} INFO - Filling up the DagBag from /home/airflow/.local/lib/python3.12/site-packages/airflow/example_dags/example_nested_branch_dag.py
[2024-06-03T10:30:36.289+0000] {processor.py:840} INFO - DAG(s) 'example_nested_branch_dag' retrieved from /home/airflow/.local/lib/python3.12/site-packages/airflow/example_dags/example_nested_branch_dag.py
[2024-06-03T10:30:36.316+0000] {logging_mixin.py:188} INFO - [2024-06-03T10:30:36.316+0000] {dag.py:3096} INFO - Sync 1 DAGs
[2024-06-03T10:30:36.347+0000] {logging_mixin.py:188} INFO - [2024-06-03T10:30:36.346+0000] {dag.py:3954} INFO - Setting next_dagrun for example_nested_branch_dag to 2024-06-02 00:00:00+00:00, run_after=2024-06-03 00:00:00+00:00
[2024-06-03T10:30:36.370+0000] {processor.py:183} INFO - Processing /home/airflow/.local/lib/python3.12/site-packages/airflow/example_dags/example_nested_branch_dag.py took 0.104 seconds
[2024-06-03T10:31:06.590+0000] {processor.py:161} INFO - Started process (PID=4600) to work on /home/airflow/.local/lib/python3.12/site-packages/airflow/example_dags/example_nested_branch_dag.py
[2024-06-03T10:31:06.591+0000] {processor.py:830} INFO - Processing file /home/airflow/.local/lib/python3.12/site-packages/airflow/example_dags/example_nested_branch_dag.py for tasks to queue
[2024-06-03T10:31:06.593+0000] {logging_mixin.py:188} INFO - [2024-06-03T10:31:06.592+0000] {dagbag.py:545} INFO - Filling up the DagBag from /home/airflow/.local/lib/python3.12/site-packages/airflow/example_dags/example_nested_branch_dag.py
[2024-06-03T10:31:06.605+0000] {processor.py:840} INFO - DAG(s) 'example_nested_branch_dag' retrieved from /home/airflow/.local/lib/python3.12/site-packages/airflow/example_dags/example_nested_branch_dag.py
[2024-06-03T10:31:06.633+0000] {logging_mixin.py:188} INFO - [2024-06-03T10:31:06.633+0000] {dag.py:3096} INFO - Sync 1 DAGs
[2024-06-03T10:31:06.665+0000] {logging_mixin.py:188} INFO - [2024-06-03T10:31:06.664+0000] {dag.py:3954} INFO - Setting next_dagrun for example_nested_branch_dag to 2024-06-02 00:00:00+00:00, run_after=2024-06-03 00:00:00+00:00
[2024-06-03T10:31:06.687+0000] {processor.py:183} INFO - Processing /home/airflow/.local/lib/python3.12/site-packages/airflow/example_dags/example_nested_branch_dag.py took 0.104 seconds
[2024-06-03T10:31:37.038+0000] {processor.py:161} INFO - Started process (PID=4856) to work on /home/airflow/.local/lib/python3.12/site-packages/airflow/example_dags/example_nested_branch_dag.py
[2024-06-03T10:31:37.039+0000] {processor.py:830} INFO - Processing file /home/airflow/.local/lib/python3.12/site-packages/airflow/example_dags/example_nested_branch_dag.py for tasks to queue
[2024-06-03T10:31:37.041+0000] {logging_mixin.py:188} INFO - [2024-06-03T10:31:37.041+0000] {dagbag.py:545} INFO - Filling up the DagBag from /home/airflow/.local/lib/python3.12/site-packages/airflow/example_dags/example_nested_branch_dag.py
[2024-06-03T10:31:37.054+0000] {processor.py:840} INFO - DAG(s) 'example_nested_branch_dag' retrieved from /home/airflow/.local/lib/python3.12/site-packages/airflow/example_dags/example_nested_branch_dag.py
[2024-06-03T10:31:37.081+0000] {logging_mixin.py:188} INFO - [2024-06-03T10:31:37.081+0000] {dag.py:3096} INFO - Sync 1 DAGs
[2024-06-03T10:31:37.112+0000] {logging_mixin.py:188} INFO - [2024-06-03T10:31:37.112+0000] {dag.py:3954} INFO - Setting next_dagrun for example_nested_branch_dag to 2024-06-02 00:00:00+00:00, run_after=2024-06-03 00:00:00+00:00
[2024-06-03T10:31:37.134+0000] {processor.py:183} INFO - Processing /home/airflow/.local/lib/python3.12/site-packages/airflow/example_dags/example_nested_branch_dag.py took 0.103 seconds
[2024-06-03T10:32:07.273+0000] {processor.py:161} INFO - Started process (PID=5112) to work on /home/airflow/.local/lib/python3.12/site-packages/airflow/example_dags/example_nested_branch_dag.py
[2024-06-03T10:32:07.273+0000] {processor.py:830} INFO - Processing file /home/airflow/.local/lib/python3.12/site-packages/airflow/example_dags/example_nested_branch_dag.py for tasks to queue
[2024-06-03T10:32:07.275+0000] {logging_mixin.py:188} INFO - [2024-06-03T10:32:07.275+0000] {dagbag.py:545} INFO - Filling up the DagBag from /home/airflow/.local/lib/python3.12/site-packages/airflow/example_dags/example_nested_branch_dag.py
[2024-06-03T10:32:07.288+0000] {processor.py:840} INFO - DAG(s) 'example_nested_branch_dag' retrieved from /home/airflow/.local/lib/python3.12/site-packages/airflow/example_dags/example_nested_branch_dag.py
[2024-06-03T10:32:07.315+0000] {logging_mixin.py:188} INFO - [2024-06-03T10:32:07.315+0000] {dag.py:3096} INFO - Sync 1 DAGs
[2024-06-03T10:32:07.346+0000] {logging_mixin.py:188} INFO - [2024-06-03T10:32:07.345+0000] {dag.py:3954} INFO - Setting next_dagrun for example_nested_branch_dag to 2024-06-02 00:00:00+00:00, run_after=2024-06-03 00:00:00+00:00
[2024-06-03T10:32:07.369+0000] {processor.py:183} INFO - Processing /home/airflow/.local/lib/python3.12/site-packages/airflow/example_dags/example_nested_branch_dag.py took 0.104 seconds
[2024-06-03T10:32:37.500+0000] {processor.py:161} INFO - Started process (PID=5368) to work on /home/airflow/.local/lib/python3.12/site-packages/airflow/example_dags/example_nested_branch_dag.py
[2024-06-03T10:32:37.501+0000] {processor.py:830} INFO - Processing file /home/airflow/.local/lib/python3.12/site-packages/airflow/example_dags/example_nested_branch_dag.py for tasks to queue
[2024-06-03T10:32:37.503+0000] {logging_mixin.py:188} INFO - [2024-06-03T10:32:37.503+0000] {dagbag.py:545} INFO - Filling up the DagBag from /home/airflow/.local/lib/python3.12/site-packages/airflow/example_dags/example_nested_branch_dag.py
[2024-06-03T10:32:37.516+0000] {processor.py:840} INFO - DAG(s) 'example_nested_branch_dag' retrieved from /home/airflow/.local/lib/python3.12/site-packages/airflow/example_dags/example_nested_branch_dag.py
[2024-06-03T10:32:37.545+0000] {logging_mixin.py:188} INFO - [2024-06-03T10:32:37.544+0000] {dag.py:3096} INFO - Sync 1 DAGs
[2024-06-03T10:32:37.576+0000] {logging_mixin.py:188} INFO - [2024-06-03T10:32:37.576+0000] {dag.py:3954} INFO - Setting next_dagrun for example_nested_branch_dag to 2024-06-02 00:00:00+00:00, run_after=2024-06-03 00:00:00+00:00
[2024-06-03T10:32:37.600+0000] {processor.py:183} INFO - Processing /home/airflow/.local/lib/python3.12/site-packages/airflow/example_dags/example_nested_branch_dag.py took 0.107 seconds
[2024-06-03T10:33:07.812+0000] {processor.py:161} INFO - Started process (PID=5624) to work on /home/airflow/.local/lib/python3.12/site-packages/airflow/example_dags/example_nested_branch_dag.py
[2024-06-03T10:33:07.813+0000] {processor.py:830} INFO - Processing file /home/airflow/.local/lib/python3.12/site-packages/airflow/example_dags/example_nested_branch_dag.py for tasks to queue
[2024-06-03T10:33:07.815+0000] {logging_mixin.py:188} INFO - [2024-06-03T10:33:07.815+0000] {dagbag.py:545} INFO - Filling up the DagBag from /home/airflow/.local/lib/python3.12/site-packages/airflow/example_dags/example_nested_branch_dag.py
[2024-06-03T10:33:07.829+0000] {processor.py:840} INFO - DAG(s) 'example_nested_branch_dag' retrieved from /home/airflow/.local/lib/python3.12/site-packages/airflow/example_dags/example_nested_branch_dag.py
[2024-06-03T10:33:07.856+0000] {logging_mixin.py:188} INFO - [2024-06-03T10:33:07.856+0000] {dag.py:3096} INFO - Sync 1 DAGs
[2024-06-03T10:33:07.888+0000] {logging_mixin.py:188} INFO - [2024-06-03T10:33:07.888+0000] {dag.py:3954} INFO - Setting next_dagrun for example_nested_branch_dag to 2024-06-02 00:00:00+00:00, run_after=2024-06-03 00:00:00+00:00
[2024-06-03T10:33:07.912+0000] {processor.py:183} INFO - Processing /home/airflow/.local/lib/python3.12/site-packages/airflow/example_dags/example_nested_branch_dag.py took 0.107 seconds
[2024-06-03T10:33:38.137+0000] {processor.py:161} INFO - Started process (PID=5880) to work on /home/airflow/.local/lib/python3.12/site-packages/airflow/example_dags/example_nested_branch_dag.py
[2024-06-03T10:33:38.138+0000] {processor.py:830} INFO - Processing file /home/airflow/.local/lib/python3.12/site-packages/airflow/example_dags/example_nested_branch_dag.py for tasks to queue
[2024-06-03T10:33:38.140+0000] {logging_mixin.py:188} INFO - [2024-06-03T10:33:38.139+0000] {dagbag.py:545} INFO - Filling up the DagBag from /home/airflow/.local/lib/python3.12/site-packages/airflow/example_dags/example_nested_branch_dag.py
[2024-06-03T10:33:38.152+0000] {processor.py:840} INFO - DAG(s) 'example_nested_branch_dag' retrieved from /home/airflow/.local/lib/python3.12/site-packages/airflow/example_dags/example_nested_branch_dag.py
[2024-06-03T10:33:38.180+0000] {logging_mixin.py:188} INFO - [2024-06-03T10:33:38.180+0000] {dag.py:3096} INFO - Sync 1 DAGs
[2024-06-03T10:33:38.212+0000] {logging_mixin.py:188} INFO - [2024-06-03T10:33:38.211+0000] {dag.py:3954} INFO - Setting next_dagrun for example_nested_branch_dag to 2024-06-02 00:00:00+00:00, run_after=2024-06-03 00:00:00+00:00
[2024-06-03T10:33:38.235+0000] {processor.py:183} INFO - Processing /home/airflow/.local/lib/python3.12/site-packages/airflow/example_dags/example_nested_branch_dag.py took 0.105 seconds
[2024-06-03T10:34:09.145+0000] {processor.py:161} INFO - Started process (PID=6136) to work on /home/airflow/.local/lib/python3.12/site-packages/airflow/example_dags/example_nested_branch_dag.py
[2024-06-03T10:34:09.146+0000] {processor.py:830} INFO - Processing file /home/airflow/.local/lib/python3.12/site-packages/airflow/example_dags/example_nested_branch_dag.py for tasks to queue
[2024-06-03T10:34:09.148+0000] {logging_mixin.py:188} INFO - [2024-06-03T10:34:09.147+0000] {dagbag.py:545} INFO - Filling up the DagBag from /home/airflow/.local/lib/python3.12/site-packages/airflow/example_dags/example_nested_branch_dag.py
[2024-06-03T10:34:09.161+0000] {processor.py:840} INFO - DAG(s) 'example_nested_branch_dag' retrieved from /home/airflow/.local/lib/python3.12/site-packages/airflow/example_dags/example_nested_branch_dag.py
[2024-06-03T10:34:09.188+0000] {logging_mixin.py:188} INFO - [2024-06-03T10:34:09.188+0000] {dag.py:3096} INFO - Sync 1 DAGs
[2024-06-03T10:34:09.220+0000] {logging_mixin.py:188} INFO - [2024-06-03T10:34:09.220+0000] {dag.py:3954} INFO - Setting next_dagrun for example_nested_branch_dag to 2024-06-02 00:00:00+00:00, run_after=2024-06-03 00:00:00+00:00
[2024-06-03T10:34:09.244+0000] {processor.py:183} INFO - Processing /home/airflow/.local/lib/python3.12/site-packages/airflow/example_dags/example_nested_branch_dag.py took 0.106 seconds
[2024-06-03T10:34:39.659+0000] {processor.py:161} INFO - Started process (PID=6392) to work on /home/airflow/.local/lib/python3.12/site-packages/airflow/example_dags/example_nested_branch_dag.py
[2024-06-03T10:34:39.660+0000] {processor.py:830} INFO - Processing file /home/airflow/.local/lib/python3.12/site-packages/airflow/example_dags/example_nested_branch_dag.py for tasks to queue
[2024-06-03T10:34:39.662+0000] {logging_mixin.py:188} INFO - [2024-06-03T10:34:39.661+0000] {dagbag.py:545} INFO - Filling up the DagBag from /home/airflow/.local/lib/python3.12/site-packages/airflow/example_dags/example_nested_branch_dag.py
[2024-06-03T10:34:39.675+0000] {processor.py:840} INFO - DAG(s) 'example_nested_branch_dag' retrieved from /home/airflow/.local/lib/python3.12/site-packages/airflow/example_dags/example_nested_branch_dag.py
[2024-06-03T10:34:39.702+0000] {logging_mixin.py:188} INFO - [2024-06-03T10:34:39.702+0000] {dag.py:3096} INFO - Sync 1 DAGs
[2024-06-03T10:34:39.734+0000] {logging_mixin.py:188} INFO - [2024-06-03T10:34:39.733+0000] {dag.py:3954} INFO - Setting next_dagrun for example_nested_branch_dag to 2024-06-02 00:00:00+00:00, run_after=2024-06-03 00:00:00+00:00
[2024-06-03T10:34:39.758+0000] {processor.py:183} INFO - Processing /home/airflow/.local/lib/python3.12/site-packages/airflow/example_dags/example_nested_branch_dag.py took 0.106 seconds
[2024-06-03T10:35:09.961+0000] {processor.py:161} INFO - Started process (PID=6648) to work on /home/airflow/.local/lib/python3.12/site-packages/airflow/example_dags/example_nested_branch_dag.py
[2024-06-03T10:35:09.962+0000] {processor.py:830} INFO - Processing file /home/airflow/.local/lib/python3.12/site-packages/airflow/example_dags/example_nested_branch_dag.py for tasks to queue
[2024-06-03T10:35:09.964+0000] {logging_mixin.py:188} INFO - [2024-06-03T10:35:09.964+0000] {dagbag.py:545} INFO - Filling up the DagBag from /home/airflow/.local/lib/python3.12/site-packages/airflow/example_dags/example_nested_branch_dag.py
[2024-06-03T10:35:09.977+0000] {processor.py:840} INFO - DAG(s) 'example_nested_branch_dag' retrieved from /home/airflow/.local/lib/python3.12/site-packages/airflow/example_dags/example_nested_branch_dag.py
[2024-06-03T10:35:10.005+0000] {logging_mixin.py:188} INFO - [2024-06-03T10:35:10.005+0000] {dag.py:3096} INFO - Sync 1 DAGs
[2024-06-03T10:35:10.038+0000] {logging_mixin.py:188} INFO - [2024-06-03T10:35:10.037+0000] {dag.py:3954} INFO - Setting next_dagrun for example_nested_branch_dag to 2024-06-02 00:00:00+00:00, run_after=2024-06-03 00:00:00+00:00
[2024-06-03T10:35:10.063+0000] {processor.py:183} INFO - Processing /home/airflow/.local/lib/python3.12/site-packages/airflow/example_dags/example_nested_branch_dag.py took 0.109 seconds
[2024-06-03T10:35:40.297+0000] {processor.py:161} INFO - Started process (PID=6904) to work on /home/airflow/.local/lib/python3.12/site-packages/airflow/example_dags/example_nested_branch_dag.py
[2024-06-03T10:35:40.298+0000] {processor.py:830} INFO - Processing file /home/airflow/.local/lib/python3.12/site-packages/airflow/example_dags/example_nested_branch_dag.py for tasks to queue
[2024-06-03T10:35:40.300+0000] {logging_mixin.py:188} INFO - [2024-06-03T10:35:40.299+0000] {dagbag.py:545} INFO - Filling up the DagBag from /home/airflow/.local/lib/python3.12/site-packages/airflow/example_dags/example_nested_branch_dag.py
[2024-06-03T10:35:40.312+0000] {processor.py:840} INFO - DAG(s) 'example_nested_branch_dag' retrieved from /home/airflow/.local/lib/python3.12/site-packages/airflow/example_dags/example_nested_branch_dag.py
[2024-06-03T10:35:40.340+0000] {logging_mixin.py:188} INFO - [2024-06-03T10:35:40.340+0000] {dag.py:3096} INFO - Sync 1 DAGs
[2024-06-03T10:35:40.372+0000] {logging_mixin.py:188} INFO - [2024-06-03T10:35:40.372+0000] {dag.py:3954} INFO - Setting next_dagrun for example_nested_branch_dag to 2024-06-02 00:00:00+00:00, run_after=2024-06-03 00:00:00+00:00
[2024-06-03T10:35:40.397+0000] {processor.py:183} INFO - Processing /home/airflow/.local/lib/python3.12/site-packages/airflow/example_dags/example_nested_branch_dag.py took 0.107 seconds
[2024-06-03T10:36:10.457+0000] {processor.py:161} INFO - Started process (PID=7160) to work on /home/airflow/.local/lib/python3.12/site-packages/airflow/example_dags/example_nested_branch_dag.py
[2024-06-03T10:36:10.458+0000] {processor.py:830} INFO - Processing file /home/airflow/.local/lib/python3.12/site-packages/airflow/example_dags/example_nested_branch_dag.py for tasks to queue
[2024-06-03T10:36:10.460+0000] {logging_mixin.py:188} INFO - [2024-06-03T10:36:10.460+0000] {dagbag.py:545} INFO - Filling up the DagBag from /home/airflow/.local/lib/python3.12/site-packages/airflow/example_dags/example_nested_branch_dag.py
[2024-06-03T10:36:10.473+0000] {processor.py:840} INFO - DAG(s) 'example_nested_branch_dag' retrieved from /home/airflow/.local/lib/python3.12/site-packages/airflow/example_dags/example_nested_branch_dag.py
[2024-06-03T10:36:10.500+0000] {logging_mixin.py:188} INFO - [2024-06-03T10:36:10.500+0000] {dag.py:3096} INFO - Sync 1 DAGs
[2024-06-03T10:36:10.532+0000] {logging_mixin.py:188} INFO - [2024-06-03T10:36:10.531+0000] {dag.py:3954} INFO - Setting next_dagrun for example_nested_branch_dag to 2024-06-02 00:00:00+00:00, run_after=2024-06-03 00:00:00+00:00
[2024-06-03T10:36:10.554+0000] {processor.py:183} INFO - Processing /home/airflow/.local/lib/python3.12/site-packages/airflow/example_dags/example_nested_branch_dag.py took 0.106 seconds
[2024-06-03T10:36:40.816+0000] {processor.py:161} INFO - Started process (PID=7416) to work on /home/airflow/.local/lib/python3.12/site-packages/airflow/example_dags/example_nested_branch_dag.py
[2024-06-03T10:36:40.817+0000] {processor.py:830} INFO - Processing file /home/airflow/.local/lib/python3.12/site-packages/airflow/example_dags/example_nested_branch_dag.py for tasks to queue
[2024-06-03T10:36:40.818+0000] {logging_mixin.py:188} INFO - [2024-06-03T10:36:40.818+0000] {dagbag.py:545} INFO - Filling up the DagBag from /home/airflow/.local/lib/python3.12/site-packages/airflow/example_dags/example_nested_branch_dag.py
[2024-06-03T10:36:40.830+0000] {processor.py:840} INFO - DAG(s) 'example_nested_branch_dag' retrieved from /home/airflow/.local/lib/python3.12/site-packages/airflow/example_dags/example_nested_branch_dag.py
[2024-06-03T10:36:40.857+0000] {logging_mixin.py:188} INFO - [2024-06-03T10:36:40.857+0000] {dag.py:3096} INFO - Sync 1 DAGs
[2024-06-03T10:36:40.888+0000] {logging_mixin.py:188} INFO - [2024-06-03T10:36:40.888+0000] {dag.py:3954} INFO - Setting next_dagrun for example_nested_branch_dag to 2024-06-02 00:00:00+00:00, run_after=2024-06-03 00:00:00+00:00
[2024-06-03T10:36:40.910+0000] {processor.py:183} INFO - Processing /home/airflow/.local/lib/python3.12/site-packages/airflow/example_dags/example_nested_branch_dag.py took 0.101 seconds
[2024-06-03T10:37:11.338+0000] {processor.py:161} INFO - Started process (PID=7672) to work on /home/airflow/.local/lib/python3.12/site-packages/airflow/example_dags/example_nested_branch_dag.py
[2024-06-03T10:37:11.339+0000] {processor.py:830} INFO - Processing file /home/airflow/.local/lib/python3.12/site-packages/airflow/example_dags/example_nested_branch_dag.py for tasks to queue
[2024-06-03T10:37:11.340+0000] {logging_mixin.py:188} INFO - [2024-06-03T10:37:11.340+0000] {dagbag.py:545} INFO - Filling up the DagBag from /home/airflow/.local/lib/python3.12/site-packages/airflow/example_dags/example_nested_branch_dag.py
[2024-06-03T10:37:11.353+0000] {processor.py:840} INFO - DAG(s) 'example_nested_branch_dag' retrieved from /home/airflow/.local/lib/python3.12/site-packages/airflow/example_dags/example_nested_branch_dag.py
[2024-06-03T10:37:11.380+0000] {logging_mixin.py:188} INFO - [2024-06-03T10:37:11.380+0000] {dag.py:3096} INFO - Sync 1 DAGs
[2024-06-03T10:37:11.412+0000] {logging_mixin.py:188} INFO - [2024-06-03T10:37:11.412+0000] {dag.py:3954} INFO - Setting next_dagrun for example_nested_branch_dag to 2024-06-02 00:00:00+00:00, run_after=2024-06-03 00:00:00+00:00
[2024-06-03T10:37:11.435+0000] {processor.py:183} INFO - Processing /home/airflow/.local/lib/python3.12/site-packages/airflow/example_dags/example_nested_branch_dag.py took 0.105 seconds
[2024-06-03T10:37:41.898+0000] {processor.py:161} INFO - Started process (PID=7928) to work on /home/airflow/.local/lib/python3.12/site-packages/airflow/example_dags/example_nested_branch_dag.py
[2024-06-03T10:37:41.900+0000] {processor.py:830} INFO - Processing file /home/airflow/.local/lib/python3.12/site-packages/airflow/example_dags/example_nested_branch_dag.py for tasks to queue
[2024-06-03T10:37:41.902+0000] {logging_mixin.py:188} INFO - [2024-06-03T10:37:41.901+0000] {dagbag.py:545} INFO - Filling up the DagBag from /home/airflow/.local/lib/python3.12/site-packages/airflow/example_dags/example_nested_branch_dag.py
[2024-06-03T10:37:41.916+0000] {processor.py:840} INFO - DAG(s) 'example_nested_branch_dag' retrieved from /home/airflow/.local/lib/python3.12/site-packages/airflow/example_dags/example_nested_branch_dag.py
[2024-06-03T10:37:41.944+0000] {logging_mixin.py:188} INFO - [2024-06-03T10:37:41.943+0000] {dag.py:3096} INFO - Sync 1 DAGs
[2024-06-03T10:37:41.976+0000] {logging_mixin.py:188} INFO - [2024-06-03T10:37:41.975+0000] {dag.py:3954} INFO - Setting next_dagrun for example_nested_branch_dag to 2024-06-02 00:00:00+00:00, run_after=2024-06-03 00:00:00+00:00
[2024-06-03T10:37:42.001+0000] {processor.py:183} INFO - Processing /home/airflow/.local/lib/python3.12/site-packages/airflow/example_dags/example_nested_branch_dag.py took 0.110 seconds
[2024-06-03T10:38:12.531+0000] {processor.py:161} INFO - Started process (PID=8184) to work on /home/airflow/.local/lib/python3.12/site-packages/airflow/example_dags/example_nested_branch_dag.py
[2024-06-03T10:38:12.531+0000] {processor.py:830} INFO - Processing file /home/airflow/.local/lib/python3.12/site-packages/airflow/example_dags/example_nested_branch_dag.py for tasks to queue
[2024-06-03T10:38:12.533+0000] {logging_mixin.py:188} INFO - [2024-06-03T10:38:12.533+0000] {dagbag.py:545} INFO - Filling up the DagBag from /home/airflow/.local/lib/python3.12/site-packages/airflow/example_dags/example_nested_branch_dag.py
[2024-06-03T10:38:12.546+0000] {processor.py:840} INFO - DAG(s) 'example_nested_branch_dag' retrieved from /home/airflow/.local/lib/python3.12/site-packages/airflow/example_dags/example_nested_branch_dag.py
[2024-06-03T10:38:12.573+0000] {logging_mixin.py:188} INFO - [2024-06-03T10:38:12.573+0000] {dag.py:3096} INFO - Sync 1 DAGs
[2024-06-03T10:38:12.609+0000] {logging_mixin.py:188} INFO - [2024-06-03T10:38:12.609+0000] {dag.py:3954} INFO - Setting next_dagrun for example_nested_branch_dag to 2024-06-02 00:00:00+00:00, run_after=2024-06-03 00:00:00+00:00
[2024-06-03T10:38:12.632+0000] {processor.py:183} INFO - Processing /home/airflow/.local/lib/python3.12/site-packages/airflow/example_dags/example_nested_branch_dag.py took 0.109 seconds
[2024-06-03T10:38:42.839+0000] {processor.py:161} INFO - Started process (PID=8440) to work on /home/airflow/.local/lib/python3.12/site-packages/airflow/example_dags/example_nested_branch_dag.py
[2024-06-03T10:38:42.840+0000] {processor.py:830} INFO - Processing file /home/airflow/.local/lib/python3.12/site-packages/airflow/example_dags/example_nested_branch_dag.py for tasks to queue
[2024-06-03T10:38:42.842+0000] {logging_mixin.py:188} INFO - [2024-06-03T10:38:42.842+0000] {dagbag.py:545} INFO - Filling up the DagBag from /home/airflow/.local/lib/python3.12/site-packages/airflow/example_dags/example_nested_branch_dag.py
[2024-06-03T10:38:42.854+0000] {processor.py:840} INFO - DAG(s) 'example_nested_branch_dag' retrieved from /home/airflow/.local/lib/python3.12/site-packages/airflow/example_dags/example_nested_branch_dag.py
[2024-06-03T10:38:42.884+0000] {logging_mixin.py:188} INFO - [2024-06-03T10:38:42.883+0000] {dag.py:3096} INFO - Sync 1 DAGs
[2024-06-03T10:38:42.915+0000] {logging_mixin.py:188} INFO - [2024-06-03T10:38:42.914+0000] {dag.py:3954} INFO - Setting next_dagrun for example_nested_branch_dag to 2024-06-02 00:00:00+00:00, run_after=2024-06-03 00:00:00+00:00
[2024-06-03T10:38:42.936+0000] {processor.py:183} INFO - Processing /home/airflow/.local/lib/python3.12/site-packages/airflow/example_dags/example_nested_branch_dag.py took 0.104 seconds
[2024-06-03T10:39:13.787+0000] {processor.py:161} INFO - Started process (PID=8696) to work on /home/airflow/.local/lib/python3.12/site-packages/airflow/example_dags/example_nested_branch_dag.py
[2024-06-03T10:39:13.788+0000] {processor.py:830} INFO - Processing file /home/airflow/.local/lib/python3.12/site-packages/airflow/example_dags/example_nested_branch_dag.py for tasks to queue
[2024-06-03T10:39:13.790+0000] {logging_mixin.py:188} INFO - [2024-06-03T10:39:13.789+0000] {dagbag.py:545} INFO - Filling up the DagBag from /home/airflow/.local/lib/python3.12/site-packages/airflow/example_dags/example_nested_branch_dag.py
[2024-06-03T10:39:13.803+0000] {processor.py:840} INFO - DAG(s) 'example_nested_branch_dag' retrieved from /home/airflow/.local/lib/python3.12/site-packages/airflow/example_dags/example_nested_branch_dag.py
[2024-06-03T10:39:13.830+0000] {logging_mixin.py:188} INFO - [2024-06-03T10:39:13.830+0000] {dag.py:3096} INFO - Sync 1 DAGs
[2024-06-03T10:39:13.861+0000] {logging_mixin.py:188} INFO - [2024-06-03T10:39:13.861+0000] {dag.py:3954} INFO - Setting next_dagrun for example_nested_branch_dag to 2024-06-02 00:00:00+00:00, run_after=2024-06-03 00:00:00+00:00
[2024-06-03T10:39:13.884+0000] {processor.py:183} INFO - Processing /home/airflow/.local/lib/python3.12/site-packages/airflow/example_dags/example_nested_branch_dag.py took 0.104 seconds
[2024-06-03T10:39:44.807+0000] {processor.py:161} INFO - Started process (PID=8952) to work on /home/airflow/.local/lib/python3.12/site-packages/airflow/example_dags/example_nested_branch_dag.py
[2024-06-03T10:39:44.808+0000] {processor.py:830} INFO - Processing file /home/airflow/.local/lib/python3.12/site-packages/airflow/example_dags/example_nested_branch_dag.py for tasks to queue
[2024-06-03T10:39:44.810+0000] {logging_mixin.py:188} INFO - [2024-06-03T10:39:44.809+0000] {dagbag.py:545} INFO - Filling up the DagBag from /home/airflow/.local/lib/python3.12/site-packages/airflow/example_dags/example_nested_branch_dag.py
[2024-06-03T10:39:44.822+0000] {processor.py:840} INFO - DAG(s) 'example_nested_branch_dag' retrieved from /home/airflow/.local/lib/python3.12/site-packages/airflow/example_dags/example_nested_branch_dag.py
[2024-06-03T10:39:44.850+0000] {logging_mixin.py:188} INFO - [2024-06-03T10:39:44.850+0000] {dag.py:3096} INFO - Sync 1 DAGs
[2024-06-03T10:39:44.881+0000] {logging_mixin.py:188} INFO - [2024-06-03T10:39:44.881+0000] {dag.py:3954} INFO - Setting next_dagrun for example_nested_branch_dag to 2024-06-02 00:00:00+00:00, run_after=2024-06-03 00:00:00+00:00
[2024-06-03T10:39:44.904+0000] {processor.py:183} INFO - Processing /home/airflow/.local/lib/python3.12/site-packages/airflow/example_dags/example_nested_branch_dag.py took 0.104 seconds
[2024-06-03T10:40:15.325+0000] {processor.py:161} INFO - Started process (PID=9208) to work on /home/airflow/.local/lib/python3.12/site-packages/airflow/example_dags/example_nested_branch_dag.py
[2024-06-03T10:40:15.326+0000] {processor.py:830} INFO - Processing file /home/airflow/.local/lib/python3.12/site-packages/airflow/example_dags/example_nested_branch_dag.py for tasks to queue
[2024-06-03T10:40:15.328+0000] {logging_mixin.py:188} INFO - [2024-06-03T10:40:15.327+0000] {dagbag.py:545} INFO - Filling up the DagBag from /home/airflow/.local/lib/python3.12/site-packages/airflow/example_dags/example_nested_branch_dag.py
[2024-06-03T10:40:15.340+0000] {processor.py:840} INFO - DAG(s) 'example_nested_branch_dag' retrieved from /home/airflow/.local/lib/python3.12/site-packages/airflow/example_dags/example_nested_branch_dag.py
[2024-06-03T10:40:15.370+0000] {logging_mixin.py:188} INFO - [2024-06-03T10:40:15.369+0000] {dag.py:3096} INFO - Sync 1 DAGs
[2024-06-03T10:40:15.405+0000] {logging_mixin.py:188} INFO - [2024-06-03T10:40:15.404+0000] {dag.py:3954} INFO - Setting next_dagrun for example_nested_branch_dag to 2024-06-02 00:00:00+00:00, run_after=2024-06-03 00:00:00+00:00
[2024-06-03T10:40:15.432+0000] {processor.py:183} INFO - Processing /home/airflow/.local/lib/python3.12/site-packages/airflow/example_dags/example_nested_branch_dag.py took 0.113 seconds
[2024-06-03T10:40:46.088+0000] {processor.py:161} INFO - Started process (PID=9458) to work on /home/airflow/.local/lib/python3.12/site-packages/airflow/example_dags/example_nested_branch_dag.py
[2024-06-03T10:40:46.089+0000] {processor.py:830} INFO - Processing file /home/airflow/.local/lib/python3.12/site-packages/airflow/example_dags/example_nested_branch_dag.py for tasks to queue
[2024-06-03T10:40:46.091+0000] {logging_mixin.py:188} INFO - [2024-06-03T10:40:46.090+0000] {dagbag.py:545} INFO - Filling up the DagBag from /home/airflow/.local/lib/python3.12/site-packages/airflow/example_dags/example_nested_branch_dag.py
[2024-06-03T10:40:46.103+0000] {processor.py:840} INFO - DAG(s) 'example_nested_branch_dag' retrieved from /home/airflow/.local/lib/python3.12/site-packages/airflow/example_dags/example_nested_branch_dag.py
[2024-06-03T10:40:46.137+0000] {logging_mixin.py:188} INFO - [2024-06-03T10:40:46.136+0000] {dag.py:3096} INFO - Sync 1 DAGs
[2024-06-03T10:40:46.169+0000] {logging_mixin.py:188} INFO - [2024-06-03T10:40:46.169+0000] {dag.py:3954} INFO - Setting next_dagrun for example_nested_branch_dag to 2024-06-02 00:00:00+00:00, run_after=2024-06-03 00:00:00+00:00
[2024-06-03T10:40:46.196+0000] {processor.py:183} INFO - Processing /home/airflow/.local/lib/python3.12/site-packages/airflow/example_dags/example_nested_branch_dag.py took 0.116 seconds
[2024-06-03T10:41:16.368+0000] {processor.py:161} INFO - Started process (PID=9714) to work on /home/airflow/.local/lib/python3.12/site-packages/airflow/example_dags/example_nested_branch_dag.py
[2024-06-03T10:41:16.369+0000] {processor.py:830} INFO - Processing file /home/airflow/.local/lib/python3.12/site-packages/airflow/example_dags/example_nested_branch_dag.py for tasks to queue
[2024-06-03T10:41:16.370+0000] {logging_mixin.py:188} INFO - [2024-06-03T10:41:16.370+0000] {dagbag.py:545} INFO - Filling up the DagBag from /home/airflow/.local/lib/python3.12/site-packages/airflow/example_dags/example_nested_branch_dag.py
[2024-06-03T10:41:16.384+0000] {processor.py:840} INFO - DAG(s) 'example_nested_branch_dag' retrieved from /home/airflow/.local/lib/python3.12/site-packages/airflow/example_dags/example_nested_branch_dag.py
[2024-06-03T10:41:16.413+0000] {logging_mixin.py:188} INFO - [2024-06-03T10:41:16.412+0000] {dag.py:3096} INFO - Sync 1 DAGs
[2024-06-03T10:41:16.445+0000] {logging_mixin.py:188} INFO - [2024-06-03T10:41:16.445+0000] {dag.py:3954} INFO - Setting next_dagrun for example_nested_branch_dag to 2024-06-02 00:00:00+00:00, run_after=2024-06-03 00:00:00+00:00
[2024-06-03T10:41:16.470+0000] {processor.py:183} INFO - Processing /home/airflow/.local/lib/python3.12/site-packages/airflow/example_dags/example_nested_branch_dag.py took 0.109 seconds
[2024-06-03T10:41:46.619+0000] {processor.py:161} INFO - Started process (PID=9970) to work on /home/airflow/.local/lib/python3.12/site-packages/airflow/example_dags/example_nested_branch_dag.py
[2024-06-03T10:41:46.620+0000] {processor.py:830} INFO - Processing file /home/airflow/.local/lib/python3.12/site-packages/airflow/example_dags/example_nested_branch_dag.py for tasks to queue
[2024-06-03T10:41:46.622+0000] {logging_mixin.py:188} INFO - [2024-06-03T10:41:46.622+0000] {dagbag.py:545} INFO - Filling up the DagBag from /home/airflow/.local/lib/python3.12/site-packages/airflow/example_dags/example_nested_branch_dag.py
[2024-06-03T10:41:46.635+0000] {processor.py:840} INFO - DAG(s) 'example_nested_branch_dag' retrieved from /home/airflow/.local/lib/python3.12/site-packages/airflow/example_dags/example_nested_branch_dag.py
[2024-06-03T10:41:46.662+0000] {logging_mixin.py:188} INFO - [2024-06-03T10:41:46.662+0000] {dag.py:3096} INFO - Sync 1 DAGs
[2024-06-03T10:41:46.694+0000] {logging_mixin.py:188} INFO - [2024-06-03T10:41:46.693+0000] {dag.py:3954} INFO - Setting next_dagrun for example_nested_branch_dag to 2024-06-02 00:00:00+00:00, run_after=2024-06-03 00:00:00+00:00
[2024-06-03T10:41:46.717+0000] {processor.py:183} INFO - Processing /home/airflow/.local/lib/python3.12/site-packages/airflow/example_dags/example_nested_branch_dag.py took 0.107 seconds
[2024-06-03T10:42:17.023+0000] {processor.py:161} INFO - Started process (PID=10228) to work on /home/airflow/.local/lib/python3.12/site-packages/airflow/example_dags/example_nested_branch_dag.py
[2024-06-03T10:42:17.024+0000] {processor.py:830} INFO - Processing file /home/airflow/.local/lib/python3.12/site-packages/airflow/example_dags/example_nested_branch_dag.py for tasks to queue
[2024-06-03T10:42:17.025+0000] {logging_mixin.py:188} INFO - [2024-06-03T10:42:17.025+0000] {dagbag.py:545} INFO - Filling up the DagBag from /home/airflow/.local/lib/python3.12/site-packages/airflow/example_dags/example_nested_branch_dag.py
[2024-06-03T10:42:17.038+0000] {processor.py:840} INFO - DAG(s) 'example_nested_branch_dag' retrieved from /home/airflow/.local/lib/python3.12/site-packages/airflow/example_dags/example_nested_branch_dag.py
[2024-06-03T10:42:17.065+0000] {logging_mixin.py:188} INFO - [2024-06-03T10:42:17.065+0000] {dag.py:3096} INFO - Sync 1 DAGs
[2024-06-03T10:42:17.096+0000] {logging_mixin.py:188} INFO - [2024-06-03T10:42:17.095+0000] {dag.py:3954} INFO - Setting next_dagrun for example_nested_branch_dag to 2024-06-02 00:00:00+00:00, run_after=2024-06-03 00:00:00+00:00
[2024-06-03T10:42:17.118+0000] {processor.py:183} INFO - Processing /home/airflow/.local/lib/python3.12/site-packages/airflow/example_dags/example_nested_branch_dag.py took 0.102 seconds
[2024-06-03T10:42:47.199+0000] {processor.py:161} INFO - Started process (PID=10484) to work on /home/airflow/.local/lib/python3.12/site-packages/airflow/example_dags/example_nested_branch_dag.py
[2024-06-03T10:42:47.200+0000] {processor.py:830} INFO - Processing file /home/airflow/.local/lib/python3.12/site-packages/airflow/example_dags/example_nested_branch_dag.py for tasks to queue
[2024-06-03T10:42:47.202+0000] {logging_mixin.py:188} INFO - [2024-06-03T10:42:47.202+0000] {dagbag.py:545} INFO - Filling up the DagBag from /home/airflow/.local/lib/python3.12/site-packages/airflow/example_dags/example_nested_branch_dag.py
[2024-06-03T10:42:47.214+0000] {processor.py:840} INFO - DAG(s) 'example_nested_branch_dag' retrieved from /home/airflow/.local/lib/python3.12/site-packages/airflow/example_dags/example_nested_branch_dag.py
[2024-06-03T10:42:47.241+0000] {logging_mixin.py:188} INFO - [2024-06-03T10:42:47.241+0000] {dag.py:3096} INFO - Sync 1 DAGs
[2024-06-03T10:42:47.272+0000] {logging_mixin.py:188} INFO - [2024-06-03T10:42:47.272+0000] {dag.py:3954} INFO - Setting next_dagrun for example_nested_branch_dag to 2024-06-02 00:00:00+00:00, run_after=2024-06-03 00:00:00+00:00
[2024-06-03T10:42:47.294+0000] {processor.py:183} INFO - Processing /home/airflow/.local/lib/python3.12/site-packages/airflow/example_dags/example_nested_branch_dag.py took 0.101 seconds
[2024-06-03T10:43:18.268+0000] {processor.py:161} INFO - Started process (PID=10738) to work on /home/airflow/.local/lib/python3.12/site-packages/airflow/example_dags/example_nested_branch_dag.py
[2024-06-03T10:43:18.269+0000] {processor.py:830} INFO - Processing file /home/airflow/.local/lib/python3.12/site-packages/airflow/example_dags/example_nested_branch_dag.py for tasks to queue
[2024-06-03T10:43:18.270+0000] {logging_mixin.py:188} INFO - [2024-06-03T10:43:18.270+0000] {dagbag.py:545} INFO - Filling up the DagBag from /home/airflow/.local/lib/python3.12/site-packages/airflow/example_dags/example_nested_branch_dag.py
[2024-06-03T10:43:18.283+0000] {processor.py:840} INFO - DAG(s) 'example_nested_branch_dag' retrieved from /home/airflow/.local/lib/python3.12/site-packages/airflow/example_dags/example_nested_branch_dag.py
[2024-06-03T10:43:18.316+0000] {logging_mixin.py:188} INFO - [2024-06-03T10:43:18.315+0000] {dag.py:3096} INFO - Sync 1 DAGs
[2024-06-03T10:43:18.352+0000] {logging_mixin.py:188} INFO - [2024-06-03T10:43:18.351+0000] {dag.py:3954} INFO - Setting next_dagrun for example_nested_branch_dag to 2024-06-02 00:00:00+00:00, run_after=2024-06-03 00:00:00+00:00
[2024-06-03T10:43:18.374+0000] {processor.py:183} INFO - Processing /home/airflow/.local/lib/python3.12/site-packages/airflow/example_dags/example_nested_branch_dag.py took 0.113 seconds
[2024-06-03T10:43:49.769+0000] {processor.py:161} INFO - Started process (PID=10994) to work on /home/airflow/.local/lib/python3.12/site-packages/airflow/example_dags/example_nested_branch_dag.py
[2024-06-03T10:43:49.770+0000] {processor.py:830} INFO - Processing file /home/airflow/.local/lib/python3.12/site-packages/airflow/example_dags/example_nested_branch_dag.py for tasks to queue
[2024-06-03T10:43:49.772+0000] {logging_mixin.py:188} INFO - [2024-06-03T10:43:49.771+0000] {dagbag.py:545} INFO - Filling up the DagBag from /home/airflow/.local/lib/python3.12/site-packages/airflow/example_dags/example_nested_branch_dag.py
[2024-06-03T10:43:49.784+0000] {processor.py:840} INFO - DAG(s) 'example_nested_branch_dag' retrieved from /home/airflow/.local/lib/python3.12/site-packages/airflow/example_dags/example_nested_branch_dag.py
[2024-06-03T10:43:49.816+0000] {logging_mixin.py:188} INFO - [2024-06-03T10:43:49.815+0000] {dag.py:3096} INFO - Sync 1 DAGs
[2024-06-03T10:43:50.002+0000] {logging_mixin.py:188} INFO - [2024-06-03T10:43:50.001+0000] {dag.py:3954} INFO - Setting next_dagrun for example_nested_branch_dag to 2024-06-02 00:00:00+00:00, run_after=2024-06-03 00:00:00+00:00
[2024-06-03T10:43:50.036+0000] {processor.py:183} INFO - Processing /home/airflow/.local/lib/python3.12/site-packages/airflow/example_dags/example_nested_branch_dag.py took 0.273 seconds
[2024-06-03T10:44:20.503+0000] {processor.py:161} INFO - Started process (PID=11250) to work on /home/airflow/.local/lib/python3.12/site-packages/airflow/example_dags/example_nested_branch_dag.py
[2024-06-03T10:44:20.505+0000] {processor.py:830} INFO - Processing file /home/airflow/.local/lib/python3.12/site-packages/airflow/example_dags/example_nested_branch_dag.py for tasks to queue
[2024-06-03T10:44:20.508+0000] {logging_mixin.py:188} INFO - [2024-06-03T10:44:20.507+0000] {dagbag.py:545} INFO - Filling up the DagBag from /home/airflow/.local/lib/python3.12/site-packages/airflow/example_dags/example_nested_branch_dag.py
[2024-06-03T10:44:20.526+0000] {processor.py:840} INFO - DAG(s) 'example_nested_branch_dag' retrieved from /home/airflow/.local/lib/python3.12/site-packages/airflow/example_dags/example_nested_branch_dag.py
[2024-06-03T10:44:20.584+0000] {logging_mixin.py:188} INFO - [2024-06-03T10:44:20.583+0000] {dag.py:3096} INFO - Sync 1 DAGs
[2024-06-03T10:44:20.625+0000] {logging_mixin.py:188} INFO - [2024-06-03T10:44:20.624+0000] {dag.py:3954} INFO - Setting next_dagrun for example_nested_branch_dag to 2024-06-02 00:00:00+00:00, run_after=2024-06-03 00:00:00+00:00
[2024-06-03T10:44:20.787+0000] {processor.py:183} INFO - Processing /home/airflow/.local/lib/python3.12/site-packages/airflow/example_dags/example_nested_branch_dag.py took 0.294 seconds
[2024-06-03T10:44:50.830+0000] {processor.py:161} INFO - Started process (PID=11506) to work on /home/airflow/.local/lib/python3.12/site-packages/airflow/example_dags/example_nested_branch_dag.py
[2024-06-03T10:44:50.830+0000] {processor.py:830} INFO - Processing file /home/airflow/.local/lib/python3.12/site-packages/airflow/example_dags/example_nested_branch_dag.py for tasks to queue
[2024-06-03T10:44:50.832+0000] {logging_mixin.py:188} INFO - [2024-06-03T10:44:50.832+0000] {dagbag.py:545} INFO - Filling up the DagBag from /home/airflow/.local/lib/python3.12/site-packages/airflow/example_dags/example_nested_branch_dag.py
[2024-06-03T10:44:50.844+0000] {processor.py:840} INFO - DAG(s) 'example_nested_branch_dag' retrieved from /home/airflow/.local/lib/python3.12/site-packages/airflow/example_dags/example_nested_branch_dag.py
[2024-06-03T10:44:50.874+0000] {logging_mixin.py:188} INFO - [2024-06-03T10:44:50.873+0000] {dag.py:3096} INFO - Sync 1 DAGs
[2024-06-03T10:44:50.906+0000] {logging_mixin.py:188} INFO - [2024-06-03T10:44:50.906+0000] {dag.py:3954} INFO - Setting next_dagrun for example_nested_branch_dag to 2024-06-02 00:00:00+00:00, run_after=2024-06-03 00:00:00+00:00
[2024-06-03T10:44:50.928+0000] {processor.py:183} INFO - Processing /home/airflow/.local/lib/python3.12/site-packages/airflow/example_dags/example_nested_branch_dag.py took 0.105 seconds
[2024-06-03T10:45:21.804+0000] {processor.py:161} INFO - Started process (PID=11762) to work on /home/airflow/.local/lib/python3.12/site-packages/airflow/example_dags/example_nested_branch_dag.py
[2024-06-03T10:45:21.805+0000] {processor.py:830} INFO - Processing file /home/airflow/.local/lib/python3.12/site-packages/airflow/example_dags/example_nested_branch_dag.py for tasks to queue
[2024-06-03T10:45:21.807+0000] {logging_mixin.py:188} INFO - [2024-06-03T10:45:21.807+0000] {dagbag.py:545} INFO - Filling up the DagBag from /home/airflow/.local/lib/python3.12/site-packages/airflow/example_dags/example_nested_branch_dag.py
[2024-06-03T10:45:21.823+0000] {processor.py:840} INFO - DAG(s) 'example_nested_branch_dag' retrieved from /home/airflow/.local/lib/python3.12/site-packages/airflow/example_dags/example_nested_branch_dag.py
[2024-06-03T10:45:21.853+0000] {logging_mixin.py:188} INFO - [2024-06-03T10:45:21.852+0000] {dag.py:3096} INFO - Sync 1 DAGs
[2024-06-03T10:45:21.886+0000] {logging_mixin.py:188} INFO - [2024-06-03T10:45:21.886+0000] {dag.py:3954} INFO - Setting next_dagrun for example_nested_branch_dag to 2024-06-02 00:00:00+00:00, run_after=2024-06-03 00:00:00+00:00
[2024-06-03T10:45:21.912+0000] {processor.py:183} INFO - Processing /home/airflow/.local/lib/python3.12/site-packages/airflow/example_dags/example_nested_branch_dag.py took 0.116 seconds
[2024-06-03T10:45:52.470+0000] {processor.py:161} INFO - Started process (PID=12018) to work on /home/airflow/.local/lib/python3.12/site-packages/airflow/example_dags/example_nested_branch_dag.py
[2024-06-03T10:45:52.470+0000] {processor.py:830} INFO - Processing file /home/airflow/.local/lib/python3.12/site-packages/airflow/example_dags/example_nested_branch_dag.py for tasks to queue
[2024-06-03T10:45:52.472+0000] {logging_mixin.py:188} INFO - [2024-06-03T10:45:52.472+0000] {dagbag.py:545} INFO - Filling up the DagBag from /home/airflow/.local/lib/python3.12/site-packages/airflow/example_dags/example_nested_branch_dag.py
[2024-06-03T10:45:52.484+0000] {processor.py:840} INFO - DAG(s) 'example_nested_branch_dag' retrieved from /home/airflow/.local/lib/python3.12/site-packages/airflow/example_dags/example_nested_branch_dag.py
[2024-06-03T10:45:52.515+0000] {logging_mixin.py:188} INFO - [2024-06-03T10:45:52.514+0000] {dag.py:3096} INFO - Sync 1 DAGs
[2024-06-03T10:45:52.550+0000] {logging_mixin.py:188} INFO - [2024-06-03T10:45:52.550+0000] {dag.py:3954} INFO - Setting next_dagrun for example_nested_branch_dag to 2024-06-02 00:00:00+00:00, run_after=2024-06-03 00:00:00+00:00
[2024-06-03T10:45:52.575+0000] {processor.py:183} INFO - Processing /home/airflow/.local/lib/python3.12/site-packages/airflow/example_dags/example_nested_branch_dag.py took 0.113 seconds
[2024-06-03T10:46:22.833+0000] {processor.py:161} INFO - Started process (PID=12274) to work on /home/airflow/.local/lib/python3.12/site-packages/airflow/example_dags/example_nested_branch_dag.py
[2024-06-03T10:46:22.834+0000] {processor.py:830} INFO - Processing file /home/airflow/.local/lib/python3.12/site-packages/airflow/example_dags/example_nested_branch_dag.py for tasks to queue
[2024-06-03T10:46:22.836+0000] {logging_mixin.py:188} INFO - [2024-06-03T10:46:22.836+0000] {dagbag.py:545} INFO - Filling up the DagBag from /home/airflow/.local/lib/python3.12/site-packages/airflow/example_dags/example_nested_branch_dag.py
[2024-06-03T10:46:22.848+0000] {processor.py:840} INFO - DAG(s) 'example_nested_branch_dag' retrieved from /home/airflow/.local/lib/python3.12/site-packages/airflow/example_dags/example_nested_branch_dag.py
[2024-06-03T10:46:22.877+0000] {logging_mixin.py:188} INFO - [2024-06-03T10:46:22.876+0000] {dag.py:3096} INFO - Sync 1 DAGs
[2024-06-03T10:46:22.912+0000] {logging_mixin.py:188} INFO - [2024-06-03T10:46:22.911+0000] {dag.py:3954} INFO - Setting next_dagrun for example_nested_branch_dag to 2024-06-02 00:00:00+00:00, run_after=2024-06-03 00:00:00+00:00
[2024-06-03T10:46:22.938+0000] {processor.py:183} INFO - Processing /home/airflow/.local/lib/python3.12/site-packages/airflow/example_dags/example_nested_branch_dag.py took 0.111 seconds
[2024-06-03T10:46:53.406+0000] {processor.py:161} INFO - Started process (PID=12530) to work on /home/airflow/.local/lib/python3.12/site-packages/airflow/example_dags/example_nested_branch_dag.py
[2024-06-03T10:46:53.407+0000] {processor.py:830} INFO - Processing file /home/airflow/.local/lib/python3.12/site-packages/airflow/example_dags/example_nested_branch_dag.py for tasks to queue
[2024-06-03T10:46:53.408+0000] {logging_mixin.py:188} INFO - [2024-06-03T10:46:53.408+0000] {dagbag.py:545} INFO - Filling up the DagBag from /home/airflow/.local/lib/python3.12/site-packages/airflow/example_dags/example_nested_branch_dag.py
[2024-06-03T10:46:53.421+0000] {processor.py:840} INFO - DAG(s) 'example_nested_branch_dag' retrieved from /home/airflow/.local/lib/python3.12/site-packages/airflow/example_dags/example_nested_branch_dag.py
[2024-06-03T10:46:53.454+0000] {logging_mixin.py:188} INFO - [2024-06-03T10:46:53.453+0000] {dag.py:3096} INFO - Sync 1 DAGs
[2024-06-03T10:46:53.491+0000] {logging_mixin.py:188} INFO - [2024-06-03T10:46:53.491+0000] {dag.py:3954} INFO - Setting next_dagrun for example_nested_branch_dag to 2024-06-02 00:00:00+00:00, run_after=2024-06-03 00:00:00+00:00
[2024-06-03T10:46:53.517+0000] {processor.py:183} INFO - Processing /home/airflow/.local/lib/python3.12/site-packages/airflow/example_dags/example_nested_branch_dag.py took 0.117 seconds
[2024-06-03T10:47:24.046+0000] {processor.py:161} INFO - Started process (PID=12786) to work on /home/airflow/.local/lib/python3.12/site-packages/airflow/example_dags/example_nested_branch_dag.py
[2024-06-03T10:47:24.048+0000] {processor.py:830} INFO - Processing file /home/airflow/.local/lib/python3.12/site-packages/airflow/example_dags/example_nested_branch_dag.py for tasks to queue
[2024-06-03T10:47:24.049+0000] {logging_mixin.py:188} INFO - [2024-06-03T10:47:24.049+0000] {dagbag.py:545} INFO - Filling up the DagBag from /home/airflow/.local/lib/python3.12/site-packages/airflow/example_dags/example_nested_branch_dag.py
[2024-06-03T10:47:24.062+0000] {processor.py:840} INFO - DAG(s) 'example_nested_branch_dag' retrieved from /home/airflow/.local/lib/python3.12/site-packages/airflow/example_dags/example_nested_branch_dag.py
[2024-06-03T10:47:24.095+0000] {logging_mixin.py:188} INFO - [2024-06-03T10:47:24.094+0000] {dag.py:3096} INFO - Sync 1 DAGs
[2024-06-03T10:47:24.130+0000] {logging_mixin.py:188} INFO - [2024-06-03T10:47:24.129+0000] {dag.py:3954} INFO - Setting next_dagrun for example_nested_branch_dag to 2024-06-02 00:00:00+00:00, run_after=2024-06-03 00:00:00+00:00
[2024-06-03T10:47:24.156+0000] {processor.py:183} INFO - Processing /home/airflow/.local/lib/python3.12/site-packages/airflow/example_dags/example_nested_branch_dag.py took 0.116 seconds
[2024-06-03T10:47:54.805+0000] {processor.py:161} INFO - Started process (PID=13042) to work on /home/airflow/.local/lib/python3.12/site-packages/airflow/example_dags/example_nested_branch_dag.py
[2024-06-03T10:47:54.806+0000] {processor.py:830} INFO - Processing file /home/airflow/.local/lib/python3.12/site-packages/airflow/example_dags/example_nested_branch_dag.py for tasks to queue
[2024-06-03T10:47:54.807+0000] {logging_mixin.py:188} INFO - [2024-06-03T10:47:54.807+0000] {dagbag.py:545} INFO - Filling up the DagBag from /home/airflow/.local/lib/python3.12/site-packages/airflow/example_dags/example_nested_branch_dag.py
[2024-06-03T10:47:54.820+0000] {processor.py:840} INFO - DAG(s) 'example_nested_branch_dag' retrieved from /home/airflow/.local/lib/python3.12/site-packages/airflow/example_dags/example_nested_branch_dag.py
[2024-06-03T10:47:54.853+0000] {logging_mixin.py:188} INFO - [2024-06-03T10:47:54.853+0000] {dag.py:3096} INFO - Sync 1 DAGs
[2024-06-03T10:47:54.887+0000] {logging_mixin.py:188} INFO - [2024-06-03T10:47:54.887+0000] {dag.py:3954} INFO - Setting next_dagrun for example_nested_branch_dag to 2024-06-02 00:00:00+00:00, run_after=2024-06-03 00:00:00+00:00
[2024-06-03T10:47:54.911+0000] {processor.py:183} INFO - Processing /home/airflow/.local/lib/python3.12/site-packages/airflow/example_dags/example_nested_branch_dag.py took 0.113 seconds
[2024-06-03T10:48:25.182+0000] {processor.py:161} INFO - Started process (PID=13298) to work on /home/airflow/.local/lib/python3.12/site-packages/airflow/example_dags/example_nested_branch_dag.py
[2024-06-03T10:48:25.183+0000] {processor.py:830} INFO - Processing file /home/airflow/.local/lib/python3.12/site-packages/airflow/example_dags/example_nested_branch_dag.py for tasks to queue
[2024-06-03T10:48:25.184+0000] {logging_mixin.py:188} INFO - [2024-06-03T10:48:25.184+0000] {dagbag.py:545} INFO - Filling up the DagBag from /home/airflow/.local/lib/python3.12/site-packages/airflow/example_dags/example_nested_branch_dag.py
[2024-06-03T10:48:25.197+0000] {processor.py:840} INFO - DAG(s) 'example_nested_branch_dag' retrieved from /home/airflow/.local/lib/python3.12/site-packages/airflow/example_dags/example_nested_branch_dag.py
[2024-06-03T10:48:25.225+0000] {logging_mixin.py:188} INFO - [2024-06-03T10:48:25.225+0000] {dag.py:3096} INFO - Sync 1 DAGs
[2024-06-03T10:48:25.262+0000] {logging_mixin.py:188} INFO - [2024-06-03T10:48:25.261+0000] {dag.py:3954} INFO - Setting next_dagrun for example_nested_branch_dag to 2024-06-02 00:00:00+00:00, run_after=2024-06-03 00:00:00+00:00
[2024-06-03T10:48:25.286+0000] {processor.py:183} INFO - Processing /home/airflow/.local/lib/python3.12/site-packages/airflow/example_dags/example_nested_branch_dag.py took 0.112 seconds
[2024-06-03T10:48:55.494+0000] {processor.py:161} INFO - Started process (PID=13554) to work on /home/airflow/.local/lib/python3.12/site-packages/airflow/example_dags/example_nested_branch_dag.py
[2024-06-03T10:48:55.495+0000] {processor.py:830} INFO - Processing file /home/airflow/.local/lib/python3.12/site-packages/airflow/example_dags/example_nested_branch_dag.py for tasks to queue
[2024-06-03T10:48:55.496+0000] {logging_mixin.py:188} INFO - [2024-06-03T10:48:55.496+0000] {dagbag.py:545} INFO - Filling up the DagBag from /home/airflow/.local/lib/python3.12/site-packages/airflow/example_dags/example_nested_branch_dag.py
[2024-06-03T10:48:55.509+0000] {processor.py:840} INFO - DAG(s) 'example_nested_branch_dag' retrieved from /home/airflow/.local/lib/python3.12/site-packages/airflow/example_dags/example_nested_branch_dag.py
[2024-06-03T10:48:55.538+0000] {logging_mixin.py:188} INFO - [2024-06-03T10:48:55.538+0000] {dag.py:3096} INFO - Sync 1 DAGs
[2024-06-03T10:48:55.572+0000] {logging_mixin.py:188} INFO - [2024-06-03T10:48:55.571+0000] {dag.py:3954} INFO - Setting next_dagrun for example_nested_branch_dag to 2024-06-02 00:00:00+00:00, run_after=2024-06-03 00:00:00+00:00
[2024-06-03T10:48:55.596+0000] {processor.py:183} INFO - Processing /home/airflow/.local/lib/python3.12/site-packages/airflow/example_dags/example_nested_branch_dag.py took 0.108 seconds
[2024-06-03T10:49:25.804+0000] {processor.py:161} INFO - Started process (PID=13810) to work on /home/airflow/.local/lib/python3.12/site-packages/airflow/example_dags/example_nested_branch_dag.py
[2024-06-03T10:49:25.805+0000] {processor.py:830} INFO - Processing file /home/airflow/.local/lib/python3.12/site-packages/airflow/example_dags/example_nested_branch_dag.py for tasks to queue
[2024-06-03T10:49:25.806+0000] {logging_mixin.py:188} INFO - [2024-06-03T10:49:25.806+0000] {dagbag.py:545} INFO - Filling up the DagBag from /home/airflow/.local/lib/python3.12/site-packages/airflow/example_dags/example_nested_branch_dag.py
[2024-06-03T10:49:25.819+0000] {processor.py:840} INFO - DAG(s) 'example_nested_branch_dag' retrieved from /home/airflow/.local/lib/python3.12/site-packages/airflow/example_dags/example_nested_branch_dag.py
[2024-06-03T10:49:25.848+0000] {logging_mixin.py:188} INFO - [2024-06-03T10:49:25.848+0000] {dag.py:3096} INFO - Sync 1 DAGs
[2024-06-03T10:49:25.884+0000] {logging_mixin.py:188} INFO - [2024-06-03T10:49:25.884+0000] {dag.py:3954} INFO - Setting next_dagrun for example_nested_branch_dag to 2024-06-02 00:00:00+00:00, run_after=2024-06-03 00:00:00+00:00
[2024-06-03T10:49:25.908+0000] {processor.py:183} INFO - Processing /home/airflow/.local/lib/python3.12/site-packages/airflow/example_dags/example_nested_branch_dag.py took 0.112 seconds
[2024-06-03T10:49:56.400+0000] {processor.py:161} INFO - Started process (PID=14066) to work on /home/airflow/.local/lib/python3.12/site-packages/airflow/example_dags/example_nested_branch_dag.py
[2024-06-03T10:49:56.400+0000] {processor.py:830} INFO - Processing file /home/airflow/.local/lib/python3.12/site-packages/airflow/example_dags/example_nested_branch_dag.py for tasks to queue
[2024-06-03T10:49:56.402+0000] {logging_mixin.py:188} INFO - [2024-06-03T10:49:56.402+0000] {dagbag.py:545} INFO - Filling up the DagBag from /home/airflow/.local/lib/python3.12/site-packages/airflow/example_dags/example_nested_branch_dag.py
[2024-06-03T10:49:56.418+0000] {processor.py:840} INFO - DAG(s) 'example_nested_branch_dag' retrieved from /home/airflow/.local/lib/python3.12/site-packages/airflow/example_dags/example_nested_branch_dag.py
[2024-06-03T10:49:56.447+0000] {logging_mixin.py:188} INFO - [2024-06-03T10:49:56.447+0000] {dag.py:3096} INFO - Sync 1 DAGs
[2024-06-03T10:49:56.482+0000] {logging_mixin.py:188} INFO - [2024-06-03T10:49:56.482+0000] {dag.py:3954} INFO - Setting next_dagrun for example_nested_branch_dag to 2024-06-02 00:00:00+00:00, run_after=2024-06-03 00:00:00+00:00
[2024-06-03T10:49:56.506+0000] {processor.py:183} INFO - Processing /home/airflow/.local/lib/python3.12/site-packages/airflow/example_dags/example_nested_branch_dag.py took 0.115 seconds
[2024-06-03T10:50:26.761+0000] {processor.py:161} INFO - Started process (PID=14322) to work on /home/airflow/.local/lib/python3.12/site-packages/airflow/example_dags/example_nested_branch_dag.py
[2024-06-03T10:50:26.763+0000] {processor.py:830} INFO - Processing file /home/airflow/.local/lib/python3.12/site-packages/airflow/example_dags/example_nested_branch_dag.py for tasks to queue
[2024-06-03T10:50:26.765+0000] {logging_mixin.py:188} INFO - [2024-06-03T10:50:26.764+0000] {dagbag.py:545} INFO - Filling up the DagBag from /home/airflow/.local/lib/python3.12/site-packages/airflow/example_dags/example_nested_branch_dag.py
[2024-06-03T10:50:26.781+0000] {processor.py:840} INFO - DAG(s) 'example_nested_branch_dag' retrieved from /home/airflow/.local/lib/python3.12/site-packages/airflow/example_dags/example_nested_branch_dag.py
[2024-06-03T10:50:26.810+0000] {logging_mixin.py:188} INFO - [2024-06-03T10:50:26.810+0000] {dag.py:3096} INFO - Sync 1 DAGs
[2024-06-03T10:50:26.844+0000] {logging_mixin.py:188} INFO - [2024-06-03T10:50:26.844+0000] {dag.py:3954} INFO - Setting next_dagrun for example_nested_branch_dag to 2024-06-02 00:00:00+00:00, run_after=2024-06-03 00:00:00+00:00
[2024-06-03T10:50:26.870+0000] {processor.py:183} INFO - Processing /home/airflow/.local/lib/python3.12/site-packages/airflow/example_dags/example_nested_branch_dag.py took 0.116 seconds
[2024-06-03T10:50:57.468+0000] {processor.py:161} INFO - Started process (PID=14578) to work on /home/airflow/.local/lib/python3.12/site-packages/airflow/example_dags/example_nested_branch_dag.py
[2024-06-03T10:50:57.469+0000] {processor.py:830} INFO - Processing file /home/airflow/.local/lib/python3.12/site-packages/airflow/example_dags/example_nested_branch_dag.py for tasks to queue
[2024-06-03T10:50:57.470+0000] {logging_mixin.py:188} INFO - [2024-06-03T10:50:57.470+0000] {dagbag.py:545} INFO - Filling up the DagBag from /home/airflow/.local/lib/python3.12/site-packages/airflow/example_dags/example_nested_branch_dag.py
[2024-06-03T10:50:57.483+0000] {processor.py:840} INFO - DAG(s) 'example_nested_branch_dag' retrieved from /home/airflow/.local/lib/python3.12/site-packages/airflow/example_dags/example_nested_branch_dag.py
[2024-06-03T10:50:57.512+0000] {logging_mixin.py:188} INFO - [2024-06-03T10:50:57.511+0000] {dag.py:3096} INFO - Sync 1 DAGs
[2024-06-03T10:50:57.546+0000] {logging_mixin.py:188} INFO - [2024-06-03T10:50:57.546+0000] {dag.py:3954} INFO - Setting next_dagrun for example_nested_branch_dag to 2024-06-02 00:00:00+00:00, run_after=2024-06-03 00:00:00+00:00
[2024-06-03T10:50:57.572+0000] {processor.py:183} INFO - Processing /home/airflow/.local/lib/python3.12/site-packages/airflow/example_dags/example_nested_branch_dag.py took 0.111 seconds
[2024-06-03T10:51:28.225+0000] {processor.py:161} INFO - Started process (PID=14834) to work on /home/airflow/.local/lib/python3.12/site-packages/airflow/example_dags/example_nested_branch_dag.py
[2024-06-03T10:51:28.226+0000] {processor.py:830} INFO - Processing file /home/airflow/.local/lib/python3.12/site-packages/airflow/example_dags/example_nested_branch_dag.py for tasks to queue
[2024-06-03T10:51:28.227+0000] {logging_mixin.py:188} INFO - [2024-06-03T10:51:28.227+0000] {dagbag.py:545} INFO - Filling up the DagBag from /home/airflow/.local/lib/python3.12/site-packages/airflow/example_dags/example_nested_branch_dag.py
[2024-06-03T10:51:28.240+0000] {processor.py:840} INFO - DAG(s) 'example_nested_branch_dag' retrieved from /home/airflow/.local/lib/python3.12/site-packages/airflow/example_dags/example_nested_branch_dag.py
[2024-06-03T10:51:28.269+0000] {logging_mixin.py:188} INFO - [2024-06-03T10:51:28.268+0000] {dag.py:3096} INFO - Sync 1 DAGs
[2024-06-03T10:51:28.303+0000] {logging_mixin.py:188} INFO - [2024-06-03T10:51:28.303+0000] {dag.py:3954} INFO - Setting next_dagrun for example_nested_branch_dag to 2024-06-02 00:00:00+00:00, run_after=2024-06-03 00:00:00+00:00
[2024-06-03T10:51:28.327+0000] {processor.py:183} INFO - Processing /home/airflow/.local/lib/python3.12/site-packages/airflow/example_dags/example_nested_branch_dag.py took 0.109 seconds
[2024-06-03T10:51:58.872+0000] {processor.py:161} INFO - Started process (PID=15090) to work on /home/airflow/.local/lib/python3.12/site-packages/airflow/example_dags/example_nested_branch_dag.py
[2024-06-03T10:51:58.873+0000] {processor.py:830} INFO - Processing file /home/airflow/.local/lib/python3.12/site-packages/airflow/example_dags/example_nested_branch_dag.py for tasks to queue
[2024-06-03T10:51:58.874+0000] {logging_mixin.py:188} INFO - [2024-06-03T10:51:58.874+0000] {dagbag.py:545} INFO - Filling up the DagBag from /home/airflow/.local/lib/python3.12/site-packages/airflow/example_dags/example_nested_branch_dag.py
[2024-06-03T10:51:58.887+0000] {processor.py:840} INFO - DAG(s) 'example_nested_branch_dag' retrieved from /home/airflow/.local/lib/python3.12/site-packages/airflow/example_dags/example_nested_branch_dag.py
[2024-06-03T10:51:58.915+0000] {logging_mixin.py:188} INFO - [2024-06-03T10:51:58.915+0000] {dag.py:3096} INFO - Sync 1 DAGs
[2024-06-03T10:51:58.952+0000] {logging_mixin.py:188} INFO - [2024-06-03T10:51:58.952+0000] {dag.py:3954} INFO - Setting next_dagrun for example_nested_branch_dag to 2024-06-02 00:00:00+00:00, run_after=2024-06-03 00:00:00+00:00
[2024-06-03T10:51:58.976+0000] {processor.py:183} INFO - Processing /home/airflow/.local/lib/python3.12/site-packages/airflow/example_dags/example_nested_branch_dag.py took 0.111 seconds
[2024-06-03T10:52:29.639+0000] {processor.py:161} INFO - Started process (PID=15346) to work on /home/airflow/.local/lib/python3.12/site-packages/airflow/example_dags/example_nested_branch_dag.py
[2024-06-03T10:52:29.640+0000] {processor.py:830} INFO - Processing file /home/airflow/.local/lib/python3.12/site-packages/airflow/example_dags/example_nested_branch_dag.py for tasks to queue
[2024-06-03T10:52:29.642+0000] {logging_mixin.py:188} INFO - [2024-06-03T10:52:29.642+0000] {dagbag.py:545} INFO - Filling up the DagBag from /home/airflow/.local/lib/python3.12/site-packages/airflow/example_dags/example_nested_branch_dag.py
[2024-06-03T10:52:29.658+0000] {processor.py:840} INFO - DAG(s) 'example_nested_branch_dag' retrieved from /home/airflow/.local/lib/python3.12/site-packages/airflow/example_dags/example_nested_branch_dag.py
[2024-06-03T10:52:29.687+0000] {logging_mixin.py:188} INFO - [2024-06-03T10:52:29.687+0000] {dag.py:3096} INFO - Sync 1 DAGs
[2024-06-03T10:52:29.725+0000] {logging_mixin.py:188} INFO - [2024-06-03T10:52:29.725+0000] {dag.py:3954} INFO - Setting next_dagrun for example_nested_branch_dag to 2024-06-02 00:00:00+00:00, run_after=2024-06-03 00:00:00+00:00
[2024-06-03T10:52:29.752+0000] {processor.py:183} INFO - Processing /home/airflow/.local/lib/python3.12/site-packages/airflow/example_dags/example_nested_branch_dag.py took 0.120 seconds
[2024-06-03T10:52:59.990+0000] {processor.py:161} INFO - Started process (PID=15602) to work on /home/airflow/.local/lib/python3.12/site-packages/airflow/example_dags/example_nested_branch_dag.py
[2024-06-03T10:52:59.991+0000] {processor.py:830} INFO - Processing file /home/airflow/.local/lib/python3.12/site-packages/airflow/example_dags/example_nested_branch_dag.py for tasks to queue
[2024-06-03T10:52:59.993+0000] {logging_mixin.py:188} INFO - [2024-06-03T10:52:59.992+0000] {dagbag.py:545} INFO - Filling up the DagBag from /home/airflow/.local/lib/python3.12/site-packages/airflow/example_dags/example_nested_branch_dag.py
[2024-06-03T10:53:00.005+0000] {processor.py:840} INFO - DAG(s) 'example_nested_branch_dag' retrieved from /home/airflow/.local/lib/python3.12/site-packages/airflow/example_dags/example_nested_branch_dag.py
[2024-06-03T10:53:00.035+0000] {logging_mixin.py:188} INFO - [2024-06-03T10:53:00.035+0000] {dag.py:3096} INFO - Sync 1 DAGs
[2024-06-03T10:53:00.071+0000] {logging_mixin.py:188} INFO - [2024-06-03T10:53:00.070+0000] {dag.py:3954} INFO - Setting next_dagrun for example_nested_branch_dag to 2024-06-02 00:00:00+00:00, run_after=2024-06-03 00:00:00+00:00
[2024-06-03T10:53:00.095+0000] {processor.py:183} INFO - Processing /home/airflow/.local/lib/python3.12/site-packages/airflow/example_dags/example_nested_branch_dag.py took 0.112 seconds
[2024-06-03T10:53:30.381+0000] {processor.py:161} INFO - Started process (PID=15858) to work on /home/airflow/.local/lib/python3.12/site-packages/airflow/example_dags/example_nested_branch_dag.py
[2024-06-03T10:53:30.383+0000] {processor.py:830} INFO - Processing file /home/airflow/.local/lib/python3.12/site-packages/airflow/example_dags/example_nested_branch_dag.py for tasks to queue
[2024-06-03T10:53:30.384+0000] {logging_mixin.py:188} INFO - [2024-06-03T10:53:30.384+0000] {dagbag.py:545} INFO - Filling up the DagBag from /home/airflow/.local/lib/python3.12/site-packages/airflow/example_dags/example_nested_branch_dag.py
[2024-06-03T10:53:30.397+0000] {processor.py:840} INFO - DAG(s) 'example_nested_branch_dag' retrieved from /home/airflow/.local/lib/python3.12/site-packages/airflow/example_dags/example_nested_branch_dag.py
[2024-06-03T10:53:30.428+0000] {logging_mixin.py:188} INFO - [2024-06-03T10:53:30.427+0000] {dag.py:3096} INFO - Sync 1 DAGs
[2024-06-03T10:53:30.463+0000] {logging_mixin.py:188} INFO - [2024-06-03T10:53:30.462+0000] {dag.py:3954} INFO - Setting next_dagrun for example_nested_branch_dag to 2024-06-02 00:00:00+00:00, run_after=2024-06-03 00:00:00+00:00
[2024-06-03T10:53:30.489+0000] {processor.py:183} INFO - Processing /home/airflow/.local/lib/python3.12/site-packages/airflow/example_dags/example_nested_branch_dag.py took 0.115 seconds
