[2024-06-03T09:55:48.392+0000] {processor.py:161} INFO - Started process (PID=366) to work on /home/airflow/.local/lib/python3.12/site-packages/airflow/example_dags/tutorial_dag.py
[2024-06-03T09:55:48.393+0000] {processor.py:830} INFO - Processing file /home/airflow/.local/lib/python3.12/site-packages/airflow/example_dags/tutorial_dag.py for tasks to queue
[2024-06-03T09:55:48.395+0000] {logging_mixin.py:188} INFO - [2024-06-03T09:55:48.395+0000] {dagbag.py:545} INFO - Filling up the DagBag from /home/airflow/.local/lib/python3.12/site-packages/airflow/example_dags/tutorial_dag.py
[2024-06-03T09:55:48.438+0000] {processor.py:840} INFO - DAG(s) 'tutorial_dag' retrieved from /home/airflow/.local/lib/python3.12/site-packages/airflow/example_dags/tutorial_dag.py
[2024-06-03T09:55:49.060+0000] {logging_mixin.py:188} INFO - [2024-06-03T09:55:49.049+0000] {dag.py:3096} INFO - Sync 1 DAGs
[2024-06-03T09:55:49.122+0000] {logging_mixin.py:188} INFO - [2024-06-03T09:55:49.122+0000] {dag.py:3954} INFO - Setting next_dagrun for tutorial_dag to None, run_after=None
[2024-06-03T09:55:49.307+0000] {processor.py:183} INFO - Processing /home/airflow/.local/lib/python3.12/site-packages/airflow/example_dags/tutorial_dag.py took 0.933 seconds
[2024-06-03T09:58:30.990+0000] {processor.py:161} INFO - Started process (PID=667) to work on /home/airflow/.local/lib/python3.12/site-packages/airflow/example_dags/tutorial_dag.py
[2024-06-03T09:58:31.008+0000] {processor.py:830} INFO - Processing file /home/airflow/.local/lib/python3.12/site-packages/airflow/example_dags/tutorial_dag.py for tasks to queue
[2024-06-03T09:58:31.011+0000] {logging_mixin.py:188} INFO - [2024-06-03T09:58:31.010+0000] {dagbag.py:545} INFO - Filling up the DagBag from /home/airflow/.local/lib/python3.12/site-packages/airflow/example_dags/tutorial_dag.py
[2024-06-03T09:58:31.084+0000] {processor.py:840} INFO - DAG(s) 'tutorial_dag' retrieved from /home/airflow/.local/lib/python3.12/site-packages/airflow/example_dags/tutorial_dag.py
[2024-06-03T09:58:31.452+0000] {logging_mixin.py:188} INFO - [2024-06-03T09:58:31.451+0000] {dag.py:3096} INFO - Sync 1 DAGs
[2024-06-03T09:58:31.894+0000] {logging_mixin.py:188} INFO - [2024-06-03T09:58:31.892+0000] {dag.py:3954} INFO - Setting next_dagrun for tutorial_dag to None, run_after=None
[2024-06-03T09:58:32.377+0000] {processor.py:183} INFO - Processing /home/airflow/.local/lib/python3.12/site-packages/airflow/example_dags/tutorial_dag.py took 1.448 seconds
[2024-06-03T10:00:24.139+0000] {processor.py:161} INFO - Started process (PID=1003) to work on /home/airflow/.local/lib/python3.12/site-packages/airflow/example_dags/tutorial_dag.py
[2024-06-03T10:00:24.160+0000] {processor.py:830} INFO - Processing file /home/airflow/.local/lib/python3.12/site-packages/airflow/example_dags/tutorial_dag.py for tasks to queue
[2024-06-03T10:00:24.172+0000] {logging_mixin.py:188} INFO - [2024-06-03T10:00:24.162+0000] {dagbag.py:545} INFO - Filling up the DagBag from /home/airflow/.local/lib/python3.12/site-packages/airflow/example_dags/tutorial_dag.py
[2024-06-03T10:00:24.238+0000] {processor.py:840} INFO - DAG(s) 'tutorial_dag' retrieved from /home/airflow/.local/lib/python3.12/site-packages/airflow/example_dags/tutorial_dag.py
[2024-06-03T10:00:24.397+0000] {logging_mixin.py:188} INFO - [2024-06-03T10:00:24.397+0000] {dag.py:3096} INFO - Sync 1 DAGs
[2024-06-03T10:00:24.470+0000] {logging_mixin.py:188} INFO - [2024-06-03T10:00:24.470+0000] {dag.py:3954} INFO - Setting next_dagrun for tutorial_dag to None, run_after=None
[2024-06-03T10:00:24.653+0000] {processor.py:183} INFO - Processing /home/airflow/.local/lib/python3.12/site-packages/airflow/example_dags/tutorial_dag.py took 0.565 seconds
[2024-06-03T10:01:01.549+0000] {processor.py:161} INFO - Started process (PID=1259) to work on /home/airflow/.local/lib/python3.12/site-packages/airflow/example_dags/tutorial_dag.py
[2024-06-03T10:01:01.568+0000] {processor.py:830} INFO - Processing file /home/airflow/.local/lib/python3.12/site-packages/airflow/example_dags/tutorial_dag.py for tasks to queue
[2024-06-03T10:01:01.571+0000] {logging_mixin.py:188} INFO - [2024-06-03T10:01:01.571+0000] {dagbag.py:545} INFO - Filling up the DagBag from /home/airflow/.local/lib/python3.12/site-packages/airflow/example_dags/tutorial_dag.py
[2024-06-03T10:01:01.770+0000] {processor.py:840} INFO - DAG(s) 'tutorial_dag' retrieved from /home/airflow/.local/lib/python3.12/site-packages/airflow/example_dags/tutorial_dag.py
[2024-06-03T10:01:02.513+0000] {logging_mixin.py:188} INFO - [2024-06-03T10:01:02.513+0000] {dag.py:3096} INFO - Sync 1 DAGs
[2024-06-03T10:01:02.995+0000] {logging_mixin.py:188} INFO - [2024-06-03T10:01:02.995+0000] {dag.py:3954} INFO - Setting next_dagrun for tutorial_dag to None, run_after=None
[2024-06-03T10:01:04.079+0000] {processor.py:183} INFO - Processing /home/airflow/.local/lib/python3.12/site-packages/airflow/example_dags/tutorial_dag.py took 2.670 seconds
[2024-06-03T10:03:55.293+0000] {processor.py:161} INFO - Started process (PID=1620) to work on /home/airflow/.local/lib/python3.12/site-packages/airflow/example_dags/tutorial_dag.py
[2024-06-03T10:03:55.472+0000] {processor.py:830} INFO - Processing file /home/airflow/.local/lib/python3.12/site-packages/airflow/example_dags/tutorial_dag.py for tasks to queue
[2024-06-03T10:03:55.492+0000] {logging_mixin.py:188} INFO - [2024-06-03T10:03:55.492+0000] {dagbag.py:545} INFO - Filling up the DagBag from /home/airflow/.local/lib/python3.12/site-packages/airflow/example_dags/tutorial_dag.py
[2024-06-03T10:03:55.592+0000] {processor.py:840} INFO - DAG(s) 'tutorial_dag' retrieved from /home/airflow/.local/lib/python3.12/site-packages/airflow/example_dags/tutorial_dag.py
[2024-06-03T10:03:56.208+0000] {logging_mixin.py:188} INFO - [2024-06-03T10:03:56.208+0000] {dag.py:3096} INFO - Sync 1 DAGs
[2024-06-03T10:03:56.789+0000] {logging_mixin.py:188} INFO - [2024-06-03T10:03:56.789+0000] {dag.py:3954} INFO - Setting next_dagrun for tutorial_dag to None, run_after=None
[2024-06-03T10:03:57.695+0000] {processor.py:183} INFO - Processing /home/airflow/.local/lib/python3.12/site-packages/airflow/example_dags/tutorial_dag.py took 2.543 seconds
[2024-06-03T10:05:29.056+0000] {processor.py:161} INFO - Started process (PID=1936) to work on /home/airflow/.local/lib/python3.12/site-packages/airflow/example_dags/tutorial_dag.py
[2024-06-03T10:05:29.059+0000] {processor.py:830} INFO - Processing file /home/airflow/.local/lib/python3.12/site-packages/airflow/example_dags/tutorial_dag.py for tasks to queue
[2024-06-03T10:05:29.065+0000] {logging_mixin.py:188} INFO - [2024-06-03T10:05:29.061+0000] {dagbag.py:545} INFO - Filling up the DagBag from /home/airflow/.local/lib/python3.12/site-packages/airflow/example_dags/tutorial_dag.py
[2024-06-03T10:05:29.078+0000] {processor.py:840} INFO - DAG(s) 'tutorial_dag' retrieved from /home/airflow/.local/lib/python3.12/site-packages/airflow/example_dags/tutorial_dag.py
[2024-06-03T10:05:29.164+0000] {logging_mixin.py:188} INFO - [2024-06-03T10:05:29.164+0000] {dag.py:3096} INFO - Sync 1 DAGs
[2024-06-03T10:05:29.215+0000] {logging_mixin.py:188} INFO - [2024-06-03T10:05:29.214+0000] {dag.py:3954} INFO - Setting next_dagrun for tutorial_dag to None, run_after=None
[2024-06-03T10:05:29.387+0000] {processor.py:183} INFO - Processing /home/airflow/.local/lib/python3.12/site-packages/airflow/example_dags/tutorial_dag.py took 0.366 seconds
[2024-06-03T10:06:46.281+0000] {processor.py:161} INFO - Started process (PID=2272) to work on /home/airflow/.local/lib/python3.12/site-packages/airflow/example_dags/tutorial_dag.py
[2024-06-03T10:06:46.431+0000] {processor.py:830} INFO - Processing file /home/airflow/.local/lib/python3.12/site-packages/airflow/example_dags/tutorial_dag.py for tasks to queue
[2024-06-03T10:06:46.433+0000] {logging_mixin.py:188} INFO - [2024-06-03T10:06:46.433+0000] {dagbag.py:545} INFO - Filling up the DagBag from /home/airflow/.local/lib/python3.12/site-packages/airflow/example_dags/tutorial_dag.py
[2024-06-03T10:06:46.672+0000] {processor.py:840} INFO - DAG(s) 'tutorial_dag' retrieved from /home/airflow/.local/lib/python3.12/site-packages/airflow/example_dags/tutorial_dag.py
[2024-06-03T10:06:47.515+0000] {logging_mixin.py:188} INFO - [2024-06-03T10:06:47.515+0000] {dag.py:3096} INFO - Sync 1 DAGs
[2024-06-03T10:06:48.560+0000] {logging_mixin.py:188} INFO - [2024-06-03T10:06:48.560+0000] {dag.py:3954} INFO - Setting next_dagrun for tutorial_dag to None, run_after=None
[2024-06-03T10:22:33.030+0000] {processor.py:161} INFO - Started process (PID=368) to work on /home/airflow/.local/lib/python3.12/site-packages/airflow/example_dags/tutorial_dag.py
[2024-06-03T10:22:33.032+0000] {processor.py:830} INFO - Processing file /home/airflow/.local/lib/python3.12/site-packages/airflow/example_dags/tutorial_dag.py for tasks to queue
[2024-06-03T10:22:33.033+0000] {logging_mixin.py:188} INFO - [2024-06-03T10:22:33.033+0000] {dagbag.py:545} INFO - Filling up the DagBag from /home/airflow/.local/lib/python3.12/site-packages/airflow/example_dags/tutorial_dag.py
[2024-06-03T10:22:33.042+0000] {processor.py:840} INFO - DAG(s) 'tutorial_dag' retrieved from /home/airflow/.local/lib/python3.12/site-packages/airflow/example_dags/tutorial_dag.py
[2024-06-03T10:22:33.235+0000] {logging_mixin.py:188} INFO - [2024-06-03T10:22:33.235+0000] {dag.py:3096} INFO - Sync 1 DAGs
[2024-06-03T10:22:33.255+0000] {logging_mixin.py:188} INFO - [2024-06-03T10:22:33.255+0000] {dag.py:3954} INFO - Setting next_dagrun for tutorial_dag to None, run_after=None
[2024-06-03T10:22:33.286+0000] {processor.py:183} INFO - Processing /home/airflow/.local/lib/python3.12/site-packages/airflow/example_dags/tutorial_dag.py took 0.264 seconds
[2024-06-03T10:23:04.380+0000] {processor.py:161} INFO - Started process (PID=626) to work on /home/airflow/.local/lib/python3.12/site-packages/airflow/example_dags/tutorial_dag.py
[2024-06-03T10:23:04.381+0000] {processor.py:830} INFO - Processing file /home/airflow/.local/lib/python3.12/site-packages/airflow/example_dags/tutorial_dag.py for tasks to queue
[2024-06-03T10:23:04.383+0000] {logging_mixin.py:188} INFO - [2024-06-03T10:23:04.383+0000] {dagbag.py:545} INFO - Filling up the DagBag from /home/airflow/.local/lib/python3.12/site-packages/airflow/example_dags/tutorial_dag.py
[2024-06-03T10:23:04.390+0000] {processor.py:840} INFO - DAG(s) 'tutorial_dag' retrieved from /home/airflow/.local/lib/python3.12/site-packages/airflow/example_dags/tutorial_dag.py
[2024-06-03T10:23:04.424+0000] {logging_mixin.py:188} INFO - [2024-06-03T10:23:04.424+0000] {dag.py:3096} INFO - Sync 1 DAGs
[2024-06-03T10:23:04.448+0000] {logging_mixin.py:188} INFO - [2024-06-03T10:23:04.447+0000] {dag.py:3954} INFO - Setting next_dagrun for tutorial_dag to None, run_after=None
[2024-06-03T10:23:04.476+0000] {processor.py:183} INFO - Processing /home/airflow/.local/lib/python3.12/site-packages/airflow/example_dags/tutorial_dag.py took 0.104 seconds
[2024-06-03T10:23:34.995+0000] {processor.py:161} INFO - Started process (PID=882) to work on /home/airflow/.local/lib/python3.12/site-packages/airflow/example_dags/tutorial_dag.py
[2024-06-03T10:23:34.996+0000] {processor.py:830} INFO - Processing file /home/airflow/.local/lib/python3.12/site-packages/airflow/example_dags/tutorial_dag.py for tasks to queue
[2024-06-03T10:23:34.997+0000] {logging_mixin.py:188} INFO - [2024-06-03T10:23:34.997+0000] {dagbag.py:545} INFO - Filling up the DagBag from /home/airflow/.local/lib/python3.12/site-packages/airflow/example_dags/tutorial_dag.py
[2024-06-03T10:23:35.003+0000] {processor.py:840} INFO - DAG(s) 'tutorial_dag' retrieved from /home/airflow/.local/lib/python3.12/site-packages/airflow/example_dags/tutorial_dag.py
[2024-06-03T10:23:35.034+0000] {logging_mixin.py:188} INFO - [2024-06-03T10:23:35.034+0000] {dag.py:3096} INFO - Sync 1 DAGs
[2024-06-03T10:23:35.061+0000] {logging_mixin.py:188} INFO - [2024-06-03T10:23:35.060+0000] {dag.py:3954} INFO - Setting next_dagrun for tutorial_dag to None, run_after=None
[2024-06-03T10:23:35.089+0000] {processor.py:183} INFO - Processing /home/airflow/.local/lib/python3.12/site-packages/airflow/example_dags/tutorial_dag.py took 0.101 seconds
[2024-06-03T10:24:05.651+0000] {processor.py:161} INFO - Started process (PID=1138) to work on /home/airflow/.local/lib/python3.12/site-packages/airflow/example_dags/tutorial_dag.py
[2024-06-03T10:24:05.652+0000] {processor.py:830} INFO - Processing file /home/airflow/.local/lib/python3.12/site-packages/airflow/example_dags/tutorial_dag.py for tasks to queue
[2024-06-03T10:24:05.654+0000] {logging_mixin.py:188} INFO - [2024-06-03T10:24:05.654+0000] {dagbag.py:545} INFO - Filling up the DagBag from /home/airflow/.local/lib/python3.12/site-packages/airflow/example_dags/tutorial_dag.py
[2024-06-03T10:24:05.659+0000] {processor.py:840} INFO - DAG(s) 'tutorial_dag' retrieved from /home/airflow/.local/lib/python3.12/site-packages/airflow/example_dags/tutorial_dag.py
[2024-06-03T10:24:05.687+0000] {logging_mixin.py:188} INFO - [2024-06-03T10:24:05.687+0000] {dag.py:3096} INFO - Sync 1 DAGs
[2024-06-03T10:24:05.705+0000] {logging_mixin.py:188} INFO - [2024-06-03T10:24:05.705+0000] {dag.py:3954} INFO - Setting next_dagrun for tutorial_dag to None, run_after=None
[2024-06-03T10:24:05.730+0000] {processor.py:183} INFO - Processing /home/airflow/.local/lib/python3.12/site-packages/airflow/example_dags/tutorial_dag.py took 0.087 seconds
[2024-06-03T10:24:36.208+0000] {processor.py:161} INFO - Started process (PID=1394) to work on /home/airflow/.local/lib/python3.12/site-packages/airflow/example_dags/tutorial_dag.py
[2024-06-03T10:24:36.209+0000] {processor.py:830} INFO - Processing file /home/airflow/.local/lib/python3.12/site-packages/airflow/example_dags/tutorial_dag.py for tasks to queue
[2024-06-03T10:24:36.211+0000] {logging_mixin.py:188} INFO - [2024-06-03T10:24:36.211+0000] {dagbag.py:545} INFO - Filling up the DagBag from /home/airflow/.local/lib/python3.12/site-packages/airflow/example_dags/tutorial_dag.py
[2024-06-03T10:24:36.218+0000] {processor.py:840} INFO - DAG(s) 'tutorial_dag' retrieved from /home/airflow/.local/lib/python3.12/site-packages/airflow/example_dags/tutorial_dag.py
[2024-06-03T10:24:36.261+0000] {logging_mixin.py:188} INFO - [2024-06-03T10:24:36.260+0000] {dag.py:3096} INFO - Sync 1 DAGs
[2024-06-03T10:24:36.293+0000] {logging_mixin.py:188} INFO - [2024-06-03T10:24:36.292+0000] {dag.py:3954} INFO - Setting next_dagrun for tutorial_dag to None, run_after=None
[2024-06-03T10:24:36.323+0000] {processor.py:183} INFO - Processing /home/airflow/.local/lib/python3.12/site-packages/airflow/example_dags/tutorial_dag.py took 0.123 seconds
[2024-06-03T10:25:06.546+0000] {processor.py:161} INFO - Started process (PID=1650) to work on /home/airflow/.local/lib/python3.12/site-packages/airflow/example_dags/tutorial_dag.py
[2024-06-03T10:25:06.547+0000] {processor.py:830} INFO - Processing file /home/airflow/.local/lib/python3.12/site-packages/airflow/example_dags/tutorial_dag.py for tasks to queue
[2024-06-03T10:25:06.549+0000] {logging_mixin.py:188} INFO - [2024-06-03T10:25:06.548+0000] {dagbag.py:545} INFO - Filling up the DagBag from /home/airflow/.local/lib/python3.12/site-packages/airflow/example_dags/tutorial_dag.py
[2024-06-03T10:25:06.554+0000] {processor.py:840} INFO - DAG(s) 'tutorial_dag' retrieved from /home/airflow/.local/lib/python3.12/site-packages/airflow/example_dags/tutorial_dag.py
[2024-06-03T10:25:06.582+0000] {logging_mixin.py:188} INFO - [2024-06-03T10:25:06.582+0000] {dag.py:3096} INFO - Sync 1 DAGs
[2024-06-03T10:25:06.601+0000] {logging_mixin.py:188} INFO - [2024-06-03T10:25:06.600+0000] {dag.py:3954} INFO - Setting next_dagrun for tutorial_dag to None, run_after=None
[2024-06-03T10:25:06.626+0000] {processor.py:183} INFO - Processing /home/airflow/.local/lib/python3.12/site-packages/airflow/example_dags/tutorial_dag.py took 0.087 seconds
[2024-06-03T10:25:36.959+0000] {processor.py:161} INFO - Started process (PID=1906) to work on /home/airflow/.local/lib/python3.12/site-packages/airflow/example_dags/tutorial_dag.py
[2024-06-03T10:25:36.960+0000] {processor.py:830} INFO - Processing file /home/airflow/.local/lib/python3.12/site-packages/airflow/example_dags/tutorial_dag.py for tasks to queue
[2024-06-03T10:25:36.962+0000] {logging_mixin.py:188} INFO - [2024-06-03T10:25:36.961+0000] {dagbag.py:545} INFO - Filling up the DagBag from /home/airflow/.local/lib/python3.12/site-packages/airflow/example_dags/tutorial_dag.py
[2024-06-03T10:25:36.967+0000] {processor.py:840} INFO - DAG(s) 'tutorial_dag' retrieved from /home/airflow/.local/lib/python3.12/site-packages/airflow/example_dags/tutorial_dag.py
[2024-06-03T10:25:36.993+0000] {logging_mixin.py:188} INFO - [2024-06-03T10:25:36.993+0000] {dag.py:3096} INFO - Sync 1 DAGs
[2024-06-03T10:25:37.011+0000] {logging_mixin.py:188} INFO - [2024-06-03T10:25:37.011+0000] {dag.py:3954} INFO - Setting next_dagrun for tutorial_dag to None, run_after=None
[2024-06-03T10:25:37.036+0000] {processor.py:183} INFO - Processing /home/airflow/.local/lib/python3.12/site-packages/airflow/example_dags/tutorial_dag.py took 0.084 seconds
[2024-06-03T10:26:07.567+0000] {processor.py:161} INFO - Started process (PID=2162) to work on /home/airflow/.local/lib/python3.12/site-packages/airflow/example_dags/tutorial_dag.py
[2024-06-03T10:26:07.568+0000] {processor.py:830} INFO - Processing file /home/airflow/.local/lib/python3.12/site-packages/airflow/example_dags/tutorial_dag.py for tasks to queue
[2024-06-03T10:26:07.570+0000] {logging_mixin.py:188} INFO - [2024-06-03T10:26:07.569+0000] {dagbag.py:545} INFO - Filling up the DagBag from /home/airflow/.local/lib/python3.12/site-packages/airflow/example_dags/tutorial_dag.py
[2024-06-03T10:26:07.576+0000] {processor.py:840} INFO - DAG(s) 'tutorial_dag' retrieved from /home/airflow/.local/lib/python3.12/site-packages/airflow/example_dags/tutorial_dag.py
[2024-06-03T10:26:07.615+0000] {logging_mixin.py:188} INFO - [2024-06-03T10:26:07.614+0000] {dag.py:3096} INFO - Sync 1 DAGs
[2024-06-03T10:26:07.633+0000] {logging_mixin.py:188} INFO - [2024-06-03T10:26:07.633+0000] {dag.py:3954} INFO - Setting next_dagrun for tutorial_dag to None, run_after=None
[2024-06-03T10:26:07.661+0000] {processor.py:183} INFO - Processing /home/airflow/.local/lib/python3.12/site-packages/airflow/example_dags/tutorial_dag.py took 0.102 seconds
[2024-06-03T10:26:37.820+0000] {processor.py:161} INFO - Started process (PID=2418) to work on /home/airflow/.local/lib/python3.12/site-packages/airflow/example_dags/tutorial_dag.py
[2024-06-03T10:26:37.821+0000] {processor.py:830} INFO - Processing file /home/airflow/.local/lib/python3.12/site-packages/airflow/example_dags/tutorial_dag.py for tasks to queue
[2024-06-03T10:26:37.823+0000] {logging_mixin.py:188} INFO - [2024-06-03T10:26:37.822+0000] {dagbag.py:545} INFO - Filling up the DagBag from /home/airflow/.local/lib/python3.12/site-packages/airflow/example_dags/tutorial_dag.py
[2024-06-03T10:26:37.828+0000] {processor.py:840} INFO - DAG(s) 'tutorial_dag' retrieved from /home/airflow/.local/lib/python3.12/site-packages/airflow/example_dags/tutorial_dag.py
[2024-06-03T10:26:37.856+0000] {logging_mixin.py:188} INFO - [2024-06-03T10:26:37.855+0000] {dag.py:3096} INFO - Sync 1 DAGs
[2024-06-03T10:26:37.879+0000] {logging_mixin.py:188} INFO - [2024-06-03T10:26:37.878+0000] {dag.py:3954} INFO - Setting next_dagrun for tutorial_dag to None, run_after=None
[2024-06-03T10:26:37.908+0000] {processor.py:183} INFO - Processing /home/airflow/.local/lib/python3.12/site-packages/airflow/example_dags/tutorial_dag.py took 0.094 seconds
[2024-06-03T10:27:08.328+0000] {processor.py:161} INFO - Started process (PID=2674) to work on /home/airflow/.local/lib/python3.12/site-packages/airflow/example_dags/tutorial_dag.py
[2024-06-03T10:27:08.330+0000] {processor.py:830} INFO - Processing file /home/airflow/.local/lib/python3.12/site-packages/airflow/example_dags/tutorial_dag.py for tasks to queue
[2024-06-03T10:27:08.332+0000] {logging_mixin.py:188} INFO - [2024-06-03T10:27:08.331+0000] {dagbag.py:545} INFO - Filling up the DagBag from /home/airflow/.local/lib/python3.12/site-packages/airflow/example_dags/tutorial_dag.py
[2024-06-03T10:27:08.337+0000] {processor.py:840} INFO - DAG(s) 'tutorial_dag' retrieved from /home/airflow/.local/lib/python3.12/site-packages/airflow/example_dags/tutorial_dag.py
[2024-06-03T10:27:08.364+0000] {logging_mixin.py:188} INFO - [2024-06-03T10:27:08.364+0000] {dag.py:3096} INFO - Sync 1 DAGs
[2024-06-03T10:27:08.386+0000] {logging_mixin.py:188} INFO - [2024-06-03T10:27:08.386+0000] {dag.py:3954} INFO - Setting next_dagrun for tutorial_dag to None, run_after=None
[2024-06-03T10:27:08.415+0000] {processor.py:183} INFO - Processing /home/airflow/.local/lib/python3.12/site-packages/airflow/example_dags/tutorial_dag.py took 0.093 seconds
[2024-06-03T10:27:38.581+0000] {processor.py:161} INFO - Started process (PID=2930) to work on /home/airflow/.local/lib/python3.12/site-packages/airflow/example_dags/tutorial_dag.py
[2024-06-03T10:27:38.582+0000] {processor.py:830} INFO - Processing file /home/airflow/.local/lib/python3.12/site-packages/airflow/example_dags/tutorial_dag.py for tasks to queue
[2024-06-03T10:27:38.584+0000] {logging_mixin.py:188} INFO - [2024-06-03T10:27:38.584+0000] {dagbag.py:545} INFO - Filling up the DagBag from /home/airflow/.local/lib/python3.12/site-packages/airflow/example_dags/tutorial_dag.py
[2024-06-03T10:27:38.589+0000] {processor.py:840} INFO - DAG(s) 'tutorial_dag' retrieved from /home/airflow/.local/lib/python3.12/site-packages/airflow/example_dags/tutorial_dag.py
[2024-06-03T10:27:38.620+0000] {logging_mixin.py:188} INFO - [2024-06-03T10:27:38.619+0000] {dag.py:3096} INFO - Sync 1 DAGs
[2024-06-03T10:27:38.638+0000] {logging_mixin.py:188} INFO - [2024-06-03T10:27:38.637+0000] {dag.py:3954} INFO - Setting next_dagrun for tutorial_dag to None, run_after=None
[2024-06-03T10:27:38.664+0000] {processor.py:183} INFO - Processing /home/airflow/.local/lib/python3.12/site-packages/airflow/example_dags/tutorial_dag.py took 0.091 seconds
[2024-06-03T10:28:08.834+0000] {processor.py:161} INFO - Started process (PID=3186) to work on /home/airflow/.local/lib/python3.12/site-packages/airflow/example_dags/tutorial_dag.py
[2024-06-03T10:28:08.835+0000] {processor.py:830} INFO - Processing file /home/airflow/.local/lib/python3.12/site-packages/airflow/example_dags/tutorial_dag.py for tasks to queue
[2024-06-03T10:28:08.837+0000] {logging_mixin.py:188} INFO - [2024-06-03T10:28:08.837+0000] {dagbag.py:545} INFO - Filling up the DagBag from /home/airflow/.local/lib/python3.12/site-packages/airflow/example_dags/tutorial_dag.py
[2024-06-03T10:28:08.843+0000] {processor.py:840} INFO - DAG(s) 'tutorial_dag' retrieved from /home/airflow/.local/lib/python3.12/site-packages/airflow/example_dags/tutorial_dag.py
[2024-06-03T10:28:08.876+0000] {logging_mixin.py:188} INFO - [2024-06-03T10:28:08.876+0000] {dag.py:3096} INFO - Sync 1 DAGs
[2024-06-03T10:28:08.899+0000] {logging_mixin.py:188} INFO - [2024-06-03T10:28:08.898+0000] {dag.py:3954} INFO - Setting next_dagrun for tutorial_dag to None, run_after=None
[2024-06-03T10:28:08.928+0000] {processor.py:183} INFO - Processing /home/airflow/.local/lib/python3.12/site-packages/airflow/example_dags/tutorial_dag.py took 0.102 seconds
[2024-06-03T10:28:39.049+0000] {processor.py:161} INFO - Started process (PID=3442) to work on /home/airflow/.local/lib/python3.12/site-packages/airflow/example_dags/tutorial_dag.py
[2024-06-03T10:28:39.050+0000] {processor.py:830} INFO - Processing file /home/airflow/.local/lib/python3.12/site-packages/airflow/example_dags/tutorial_dag.py for tasks to queue
[2024-06-03T10:28:39.052+0000] {logging_mixin.py:188} INFO - [2024-06-03T10:28:39.051+0000] {dagbag.py:545} INFO - Filling up the DagBag from /home/airflow/.local/lib/python3.12/site-packages/airflow/example_dags/tutorial_dag.py
[2024-06-03T10:28:39.057+0000] {processor.py:840} INFO - DAG(s) 'tutorial_dag' retrieved from /home/airflow/.local/lib/python3.12/site-packages/airflow/example_dags/tutorial_dag.py
[2024-06-03T10:28:39.085+0000] {logging_mixin.py:188} INFO - [2024-06-03T10:28:39.084+0000] {dag.py:3096} INFO - Sync 1 DAGs
[2024-06-03T10:28:39.106+0000] {logging_mixin.py:188} INFO - [2024-06-03T10:28:39.106+0000] {dag.py:3954} INFO - Setting next_dagrun for tutorial_dag to None, run_after=None
[2024-06-03T10:28:39.134+0000] {processor.py:183} INFO - Processing /home/airflow/.local/lib/python3.12/site-packages/airflow/example_dags/tutorial_dag.py took 0.091 seconds
[2024-06-03T10:29:09.378+0000] {processor.py:161} INFO - Started process (PID=3698) to work on /home/airflow/.local/lib/python3.12/site-packages/airflow/example_dags/tutorial_dag.py
[2024-06-03T10:29:09.379+0000] {processor.py:830} INFO - Processing file /home/airflow/.local/lib/python3.12/site-packages/airflow/example_dags/tutorial_dag.py for tasks to queue
[2024-06-03T10:29:09.380+0000] {logging_mixin.py:188} INFO - [2024-06-03T10:29:09.380+0000] {dagbag.py:545} INFO - Filling up the DagBag from /home/airflow/.local/lib/python3.12/site-packages/airflow/example_dags/tutorial_dag.py
[2024-06-03T10:29:09.385+0000] {processor.py:840} INFO - DAG(s) 'tutorial_dag' retrieved from /home/airflow/.local/lib/python3.12/site-packages/airflow/example_dags/tutorial_dag.py
[2024-06-03T10:29:09.412+0000] {logging_mixin.py:188} INFO - [2024-06-03T10:29:09.412+0000] {dag.py:3096} INFO - Sync 1 DAGs
[2024-06-03T10:29:09.430+0000] {logging_mixin.py:188} INFO - [2024-06-03T10:29:09.430+0000] {dag.py:3954} INFO - Setting next_dagrun for tutorial_dag to None, run_after=None
[2024-06-03T10:29:09.457+0000] {processor.py:183} INFO - Processing /home/airflow/.local/lib/python3.12/site-packages/airflow/example_dags/tutorial_dag.py took 0.086 seconds
[2024-06-03T10:29:39.709+0000] {processor.py:161} INFO - Started process (PID=3954) to work on /home/airflow/.local/lib/python3.12/site-packages/airflow/example_dags/tutorial_dag.py
[2024-06-03T10:29:39.709+0000] {processor.py:830} INFO - Processing file /home/airflow/.local/lib/python3.12/site-packages/airflow/example_dags/tutorial_dag.py for tasks to queue
[2024-06-03T10:29:39.711+0000] {logging_mixin.py:188} INFO - [2024-06-03T10:29:39.710+0000] {dagbag.py:545} INFO - Filling up the DagBag from /home/airflow/.local/lib/python3.12/site-packages/airflow/example_dags/tutorial_dag.py
[2024-06-03T10:29:39.716+0000] {processor.py:840} INFO - DAG(s) 'tutorial_dag' retrieved from /home/airflow/.local/lib/python3.12/site-packages/airflow/example_dags/tutorial_dag.py
[2024-06-03T10:29:39.742+0000] {logging_mixin.py:188} INFO - [2024-06-03T10:29:39.742+0000] {dag.py:3096} INFO - Sync 1 DAGs
[2024-06-03T10:29:39.759+0000] {logging_mixin.py:188} INFO - [2024-06-03T10:29:39.759+0000] {dag.py:3954} INFO - Setting next_dagrun for tutorial_dag to None, run_after=None
[2024-06-03T10:29:39.783+0000] {processor.py:183} INFO - Processing /home/airflow/.local/lib/python3.12/site-packages/airflow/example_dags/tutorial_dag.py took 0.081 seconds
[2024-06-03T10:30:09.985+0000] {processor.py:161} INFO - Started process (PID=4210) to work on /home/airflow/.local/lib/python3.12/site-packages/airflow/example_dags/tutorial_dag.py
[2024-06-03T10:30:09.986+0000] {processor.py:830} INFO - Processing file /home/airflow/.local/lib/python3.12/site-packages/airflow/example_dags/tutorial_dag.py for tasks to queue
[2024-06-03T10:30:09.987+0000] {logging_mixin.py:188} INFO - [2024-06-03T10:30:09.987+0000] {dagbag.py:545} INFO - Filling up the DagBag from /home/airflow/.local/lib/python3.12/site-packages/airflow/example_dags/tutorial_dag.py
[2024-06-03T10:30:09.992+0000] {processor.py:840} INFO - DAG(s) 'tutorial_dag' retrieved from /home/airflow/.local/lib/python3.12/site-packages/airflow/example_dags/tutorial_dag.py
[2024-06-03T10:30:10.019+0000] {logging_mixin.py:188} INFO - [2024-06-03T10:30:10.018+0000] {dag.py:3096} INFO - Sync 1 DAGs
[2024-06-03T10:30:10.037+0000] {logging_mixin.py:188} INFO - [2024-06-03T10:30:10.037+0000] {dag.py:3954} INFO - Setting next_dagrun for tutorial_dag to None, run_after=None
[2024-06-03T10:30:10.063+0000] {processor.py:183} INFO - Processing /home/airflow/.local/lib/python3.12/site-packages/airflow/example_dags/tutorial_dag.py took 0.085 seconds
[2024-06-03T10:30:40.175+0000] {processor.py:161} INFO - Started process (PID=4466) to work on /home/airflow/.local/lib/python3.12/site-packages/airflow/example_dags/tutorial_dag.py
[2024-06-03T10:30:40.176+0000] {processor.py:830} INFO - Processing file /home/airflow/.local/lib/python3.12/site-packages/airflow/example_dags/tutorial_dag.py for tasks to queue
[2024-06-03T10:30:40.177+0000] {logging_mixin.py:188} INFO - [2024-06-03T10:30:40.177+0000] {dagbag.py:545} INFO - Filling up the DagBag from /home/airflow/.local/lib/python3.12/site-packages/airflow/example_dags/tutorial_dag.py
[2024-06-03T10:30:40.183+0000] {processor.py:840} INFO - DAG(s) 'tutorial_dag' retrieved from /home/airflow/.local/lib/python3.12/site-packages/airflow/example_dags/tutorial_dag.py
[2024-06-03T10:30:40.209+0000] {logging_mixin.py:188} INFO - [2024-06-03T10:30:40.209+0000] {dag.py:3096} INFO - Sync 1 DAGs
[2024-06-03T10:30:40.227+0000] {logging_mixin.py:188} INFO - [2024-06-03T10:30:40.227+0000] {dag.py:3954} INFO - Setting next_dagrun for tutorial_dag to None, run_after=None
[2024-06-03T10:30:40.254+0000] {processor.py:183} INFO - Processing /home/airflow/.local/lib/python3.12/site-packages/airflow/example_dags/tutorial_dag.py took 0.086 seconds
[2024-06-03T10:31:10.669+0000] {processor.py:161} INFO - Started process (PID=4722) to work on /home/airflow/.local/lib/python3.12/site-packages/airflow/example_dags/tutorial_dag.py
[2024-06-03T10:31:10.670+0000] {processor.py:830} INFO - Processing file /home/airflow/.local/lib/python3.12/site-packages/airflow/example_dags/tutorial_dag.py for tasks to queue
[2024-06-03T10:31:10.672+0000] {logging_mixin.py:188} INFO - [2024-06-03T10:31:10.672+0000] {dagbag.py:545} INFO - Filling up the DagBag from /home/airflow/.local/lib/python3.12/site-packages/airflow/example_dags/tutorial_dag.py
[2024-06-03T10:31:10.677+0000] {processor.py:840} INFO - DAG(s) 'tutorial_dag' retrieved from /home/airflow/.local/lib/python3.12/site-packages/airflow/example_dags/tutorial_dag.py
[2024-06-03T10:31:10.706+0000] {logging_mixin.py:188} INFO - [2024-06-03T10:31:10.705+0000] {dag.py:3096} INFO - Sync 1 DAGs
[2024-06-03T10:31:10.727+0000] {logging_mixin.py:188} INFO - [2024-06-03T10:31:10.727+0000] {dag.py:3954} INFO - Setting next_dagrun for tutorial_dag to None, run_after=None
[2024-06-03T10:31:10.755+0000] {processor.py:183} INFO - Processing /home/airflow/.local/lib/python3.12/site-packages/airflow/example_dags/tutorial_dag.py took 0.093 seconds
[2024-06-03T10:31:40.885+0000] {processor.py:161} INFO - Started process (PID=4978) to work on /home/airflow/.local/lib/python3.12/site-packages/airflow/example_dags/tutorial_dag.py
[2024-06-03T10:31:40.885+0000] {processor.py:830} INFO - Processing file /home/airflow/.local/lib/python3.12/site-packages/airflow/example_dags/tutorial_dag.py for tasks to queue
[2024-06-03T10:31:40.887+0000] {logging_mixin.py:188} INFO - [2024-06-03T10:31:40.887+0000] {dagbag.py:545} INFO - Filling up the DagBag from /home/airflow/.local/lib/python3.12/site-packages/airflow/example_dags/tutorial_dag.py
[2024-06-03T10:31:40.893+0000] {processor.py:840} INFO - DAG(s) 'tutorial_dag' retrieved from /home/airflow/.local/lib/python3.12/site-packages/airflow/example_dags/tutorial_dag.py
[2024-06-03T10:31:40.921+0000] {logging_mixin.py:188} INFO - [2024-06-03T10:31:40.921+0000] {dag.py:3096} INFO - Sync 1 DAGs
[2024-06-03T10:31:40.939+0000] {logging_mixin.py:188} INFO - [2024-06-03T10:31:40.939+0000] {dag.py:3954} INFO - Setting next_dagrun for tutorial_dag to None, run_after=None
[2024-06-03T10:31:40.963+0000] {processor.py:183} INFO - Processing /home/airflow/.local/lib/python3.12/site-packages/airflow/example_dags/tutorial_dag.py took 0.085 seconds
[2024-06-03T10:32:11.170+0000] {processor.py:161} INFO - Started process (PID=5234) to work on /home/airflow/.local/lib/python3.12/site-packages/airflow/example_dags/tutorial_dag.py
[2024-06-03T10:32:11.171+0000] {processor.py:830} INFO - Processing file /home/airflow/.local/lib/python3.12/site-packages/airflow/example_dags/tutorial_dag.py for tasks to queue
[2024-06-03T10:32:11.173+0000] {logging_mixin.py:188} INFO - [2024-06-03T10:32:11.172+0000] {dagbag.py:545} INFO - Filling up the DagBag from /home/airflow/.local/lib/python3.12/site-packages/airflow/example_dags/tutorial_dag.py
[2024-06-03T10:32:11.179+0000] {processor.py:840} INFO - DAG(s) 'tutorial_dag' retrieved from /home/airflow/.local/lib/python3.12/site-packages/airflow/example_dags/tutorial_dag.py
[2024-06-03T10:32:11.207+0000] {logging_mixin.py:188} INFO - [2024-06-03T10:32:11.207+0000] {dag.py:3096} INFO - Sync 1 DAGs
[2024-06-03T10:32:11.229+0000] {logging_mixin.py:188} INFO - [2024-06-03T10:32:11.229+0000] {dag.py:3954} INFO - Setting next_dagrun for tutorial_dag to None, run_after=None
[2024-06-03T10:32:11.258+0000] {processor.py:183} INFO - Processing /home/airflow/.local/lib/python3.12/site-packages/airflow/example_dags/tutorial_dag.py took 0.094 seconds
[2024-06-03T10:32:41.398+0000] {processor.py:161} INFO - Started process (PID=5490) to work on /home/airflow/.local/lib/python3.12/site-packages/airflow/example_dags/tutorial_dag.py
[2024-06-03T10:32:41.399+0000] {processor.py:830} INFO - Processing file /home/airflow/.local/lib/python3.12/site-packages/airflow/example_dags/tutorial_dag.py for tasks to queue
[2024-06-03T10:32:41.401+0000] {logging_mixin.py:188} INFO - [2024-06-03T10:32:41.400+0000] {dagbag.py:545} INFO - Filling up the DagBag from /home/airflow/.local/lib/python3.12/site-packages/airflow/example_dags/tutorial_dag.py
[2024-06-03T10:32:41.406+0000] {processor.py:840} INFO - DAG(s) 'tutorial_dag' retrieved from /home/airflow/.local/lib/python3.12/site-packages/airflow/example_dags/tutorial_dag.py
[2024-06-03T10:32:41.432+0000] {logging_mixin.py:188} INFO - [2024-06-03T10:32:41.432+0000] {dag.py:3096} INFO - Sync 1 DAGs
[2024-06-03T10:32:41.451+0000] {logging_mixin.py:188} INFO - [2024-06-03T10:32:41.450+0000] {dag.py:3954} INFO - Setting next_dagrun for tutorial_dag to None, run_after=None
[2024-06-03T10:32:41.475+0000] {processor.py:183} INFO - Processing /home/airflow/.local/lib/python3.12/site-packages/airflow/example_dags/tutorial_dag.py took 0.084 seconds
[2024-06-03T10:33:11.793+0000] {processor.py:161} INFO - Started process (PID=5746) to work on /home/airflow/.local/lib/python3.12/site-packages/airflow/example_dags/tutorial_dag.py
[2024-06-03T10:33:11.794+0000] {processor.py:830} INFO - Processing file /home/airflow/.local/lib/python3.12/site-packages/airflow/example_dags/tutorial_dag.py for tasks to queue
[2024-06-03T10:33:11.796+0000] {logging_mixin.py:188} INFO - [2024-06-03T10:33:11.795+0000] {dagbag.py:545} INFO - Filling up the DagBag from /home/airflow/.local/lib/python3.12/site-packages/airflow/example_dags/tutorial_dag.py
[2024-06-03T10:33:11.801+0000] {processor.py:840} INFO - DAG(s) 'tutorial_dag' retrieved from /home/airflow/.local/lib/python3.12/site-packages/airflow/example_dags/tutorial_dag.py
[2024-06-03T10:33:11.829+0000] {logging_mixin.py:188} INFO - [2024-06-03T10:33:11.829+0000] {dag.py:3096} INFO - Sync 1 DAGs
[2024-06-03T10:33:11.847+0000] {logging_mixin.py:188} INFO - [2024-06-03T10:33:11.846+0000] {dag.py:3954} INFO - Setting next_dagrun for tutorial_dag to None, run_after=None
[2024-06-03T10:33:11.871+0000] {processor.py:183} INFO - Processing /home/airflow/.local/lib/python3.12/site-packages/airflow/example_dags/tutorial_dag.py took 0.084 seconds
[2024-06-03T10:33:41.940+0000] {processor.py:161} INFO - Started process (PID=6000) to work on /home/airflow/.local/lib/python3.12/site-packages/airflow/example_dags/tutorial_dag.py
[2024-06-03T10:33:41.941+0000] {processor.py:830} INFO - Processing file /home/airflow/.local/lib/python3.12/site-packages/airflow/example_dags/tutorial_dag.py for tasks to queue
[2024-06-03T10:33:41.943+0000] {logging_mixin.py:188} INFO - [2024-06-03T10:33:41.943+0000] {dagbag.py:545} INFO - Filling up the DagBag from /home/airflow/.local/lib/python3.12/site-packages/airflow/example_dags/tutorial_dag.py
[2024-06-03T10:33:41.948+0000] {processor.py:840} INFO - DAG(s) 'tutorial_dag' retrieved from /home/airflow/.local/lib/python3.12/site-packages/airflow/example_dags/tutorial_dag.py
[2024-06-03T10:33:41.979+0000] {logging_mixin.py:188} INFO - [2024-06-03T10:33:41.978+0000] {dag.py:3096} INFO - Sync 1 DAGs
[2024-06-03T10:33:42.000+0000] {logging_mixin.py:188} INFO - [2024-06-03T10:33:42.000+0000] {dag.py:3954} INFO - Setting next_dagrun for tutorial_dag to None, run_after=None
[2024-06-03T10:33:42.028+0000] {processor.py:183} INFO - Processing /home/airflow/.local/lib/python3.12/site-packages/airflow/example_dags/tutorial_dag.py took 0.095 seconds
[2024-06-03T10:34:12.890+0000] {processor.py:161} INFO - Started process (PID=6256) to work on /home/airflow/.local/lib/python3.12/site-packages/airflow/example_dags/tutorial_dag.py
[2024-06-03T10:34:12.891+0000] {processor.py:830} INFO - Processing file /home/airflow/.local/lib/python3.12/site-packages/airflow/example_dags/tutorial_dag.py for tasks to queue
[2024-06-03T10:34:12.892+0000] {logging_mixin.py:188} INFO - [2024-06-03T10:34:12.892+0000] {dagbag.py:545} INFO - Filling up the DagBag from /home/airflow/.local/lib/python3.12/site-packages/airflow/example_dags/tutorial_dag.py
[2024-06-03T10:34:12.897+0000] {processor.py:840} INFO - DAG(s) 'tutorial_dag' retrieved from /home/airflow/.local/lib/python3.12/site-packages/airflow/example_dags/tutorial_dag.py
[2024-06-03T10:34:12.926+0000] {logging_mixin.py:188} INFO - [2024-06-03T10:34:12.926+0000] {dag.py:3096} INFO - Sync 1 DAGs
[2024-06-03T10:34:12.943+0000] {logging_mixin.py:188} INFO - [2024-06-03T10:34:12.943+0000] {dag.py:3954} INFO - Setting next_dagrun for tutorial_dag to None, run_after=None
[2024-06-03T10:34:12.970+0000] {processor.py:183} INFO - Processing /home/airflow/.local/lib/python3.12/site-packages/airflow/example_dags/tutorial_dag.py took 0.087 seconds
[2024-06-03T10:34:43.465+0000] {processor.py:161} INFO - Started process (PID=6512) to work on /home/airflow/.local/lib/python3.12/site-packages/airflow/example_dags/tutorial_dag.py
[2024-06-03T10:34:43.466+0000] {processor.py:830} INFO - Processing file /home/airflow/.local/lib/python3.12/site-packages/airflow/example_dags/tutorial_dag.py for tasks to queue
[2024-06-03T10:34:43.468+0000] {logging_mixin.py:188} INFO - [2024-06-03T10:34:43.467+0000] {dagbag.py:545} INFO - Filling up the DagBag from /home/airflow/.local/lib/python3.12/site-packages/airflow/example_dags/tutorial_dag.py
[2024-06-03T10:34:43.473+0000] {processor.py:840} INFO - DAG(s) 'tutorial_dag' retrieved from /home/airflow/.local/lib/python3.12/site-packages/airflow/example_dags/tutorial_dag.py
[2024-06-03T10:34:43.500+0000] {logging_mixin.py:188} INFO - [2024-06-03T10:34:43.500+0000] {dag.py:3096} INFO - Sync 1 DAGs
[2024-06-03T10:34:43.519+0000] {logging_mixin.py:188} INFO - [2024-06-03T10:34:43.518+0000] {dag.py:3954} INFO - Setting next_dagrun for tutorial_dag to None, run_after=None
[2024-06-03T10:34:43.547+0000] {processor.py:183} INFO - Processing /home/airflow/.local/lib/python3.12/site-packages/airflow/example_dags/tutorial_dag.py took 0.089 seconds
[2024-06-03T10:35:13.944+0000] {processor.py:161} INFO - Started process (PID=6770) to work on /home/airflow/.local/lib/python3.12/site-packages/airflow/example_dags/tutorial_dag.py
[2024-06-03T10:35:13.945+0000] {processor.py:830} INFO - Processing file /home/airflow/.local/lib/python3.12/site-packages/airflow/example_dags/tutorial_dag.py for tasks to queue
[2024-06-03T10:35:13.947+0000] {logging_mixin.py:188} INFO - [2024-06-03T10:35:13.946+0000] {dagbag.py:545} INFO - Filling up the DagBag from /home/airflow/.local/lib/python3.12/site-packages/airflow/example_dags/tutorial_dag.py
[2024-06-03T10:35:13.952+0000] {processor.py:840} INFO - DAG(s) 'tutorial_dag' retrieved from /home/airflow/.local/lib/python3.12/site-packages/airflow/example_dags/tutorial_dag.py
[2024-06-03T10:35:13.981+0000] {logging_mixin.py:188} INFO - [2024-06-03T10:35:13.980+0000] {dag.py:3096} INFO - Sync 1 DAGs
[2024-06-03T10:35:14.003+0000] {logging_mixin.py:188} INFO - [2024-06-03T10:35:14.003+0000] {dag.py:3954} INFO - Setting next_dagrun for tutorial_dag to None, run_after=None
[2024-06-03T10:35:14.034+0000] {processor.py:183} INFO - Processing /home/airflow/.local/lib/python3.12/site-packages/airflow/example_dags/tutorial_dag.py took 0.096 seconds
[2024-06-03T10:35:44.213+0000] {processor.py:161} INFO - Started process (PID=7024) to work on /home/airflow/.local/lib/python3.12/site-packages/airflow/example_dags/tutorial_dag.py
[2024-06-03T10:35:44.214+0000] {processor.py:830} INFO - Processing file /home/airflow/.local/lib/python3.12/site-packages/airflow/example_dags/tutorial_dag.py for tasks to queue
[2024-06-03T10:35:44.216+0000] {logging_mixin.py:188} INFO - [2024-06-03T10:35:44.215+0000] {dagbag.py:545} INFO - Filling up the DagBag from /home/airflow/.local/lib/python3.12/site-packages/airflow/example_dags/tutorial_dag.py
[2024-06-03T10:35:44.221+0000] {processor.py:840} INFO - DAG(s) 'tutorial_dag' retrieved from /home/airflow/.local/lib/python3.12/site-packages/airflow/example_dags/tutorial_dag.py
[2024-06-03T10:35:44.248+0000] {logging_mixin.py:188} INFO - [2024-06-03T10:35:44.247+0000] {dag.py:3096} INFO - Sync 1 DAGs
[2024-06-03T10:35:44.266+0000] {logging_mixin.py:188} INFO - [2024-06-03T10:35:44.266+0000] {dag.py:3954} INFO - Setting next_dagrun for tutorial_dag to None, run_after=None
[2024-06-03T10:35:44.292+0000] {processor.py:183} INFO - Processing /home/airflow/.local/lib/python3.12/site-packages/airflow/example_dags/tutorial_dag.py took 0.086 seconds
[2024-06-03T10:36:15.314+0000] {processor.py:161} INFO - Started process (PID=7280) to work on /home/airflow/.local/lib/python3.12/site-packages/airflow/example_dags/tutorial_dag.py
[2024-06-03T10:36:15.314+0000] {processor.py:830} INFO - Processing file /home/airflow/.local/lib/python3.12/site-packages/airflow/example_dags/tutorial_dag.py for tasks to queue
[2024-06-03T10:36:15.316+0000] {logging_mixin.py:188} INFO - [2024-06-03T10:36:15.316+0000] {dagbag.py:545} INFO - Filling up the DagBag from /home/airflow/.local/lib/python3.12/site-packages/airflow/example_dags/tutorial_dag.py
[2024-06-03T10:36:15.322+0000] {processor.py:840} INFO - DAG(s) 'tutorial_dag' retrieved from /home/airflow/.local/lib/python3.12/site-packages/airflow/example_dags/tutorial_dag.py
[2024-06-03T10:36:15.349+0000] {logging_mixin.py:188} INFO - [2024-06-03T10:36:15.348+0000] {dag.py:3096} INFO - Sync 1 DAGs
[2024-06-03T10:36:15.366+0000] {logging_mixin.py:188} INFO - [2024-06-03T10:36:15.366+0000] {dag.py:3954} INFO - Setting next_dagrun for tutorial_dag to None, run_after=None
[2024-06-03T10:36:15.391+0000] {processor.py:183} INFO - Processing /home/airflow/.local/lib/python3.12/site-packages/airflow/example_dags/tutorial_dag.py took 0.084 seconds
[2024-06-03T10:36:45.914+0000] {processor.py:161} INFO - Started process (PID=7536) to work on /home/airflow/.local/lib/python3.12/site-packages/airflow/example_dags/tutorial_dag.py
[2024-06-03T10:36:45.915+0000] {processor.py:830} INFO - Processing file /home/airflow/.local/lib/python3.12/site-packages/airflow/example_dags/tutorial_dag.py for tasks to queue
[2024-06-03T10:36:45.917+0000] {logging_mixin.py:188} INFO - [2024-06-03T10:36:45.916+0000] {dagbag.py:545} INFO - Filling up the DagBag from /home/airflow/.local/lib/python3.12/site-packages/airflow/example_dags/tutorial_dag.py
[2024-06-03T10:36:45.922+0000] {processor.py:840} INFO - DAG(s) 'tutorial_dag' retrieved from /home/airflow/.local/lib/python3.12/site-packages/airflow/example_dags/tutorial_dag.py
[2024-06-03T10:36:45.948+0000] {logging_mixin.py:188} INFO - [2024-06-03T10:36:45.948+0000] {dag.py:3096} INFO - Sync 1 DAGs
[2024-06-03T10:36:45.966+0000] {logging_mixin.py:188} INFO - [2024-06-03T10:36:45.966+0000] {dag.py:3954} INFO - Setting next_dagrun for tutorial_dag to None, run_after=None
[2024-06-03T10:36:45.992+0000] {processor.py:183} INFO - Processing /home/airflow/.local/lib/python3.12/site-packages/airflow/example_dags/tutorial_dag.py took 0.086 seconds
[2024-06-03T10:37:17.040+0000] {processor.py:161} INFO - Started process (PID=7792) to work on /home/airflow/.local/lib/python3.12/site-packages/airflow/example_dags/tutorial_dag.py
[2024-06-03T10:37:17.042+0000] {processor.py:830} INFO - Processing file /home/airflow/.local/lib/python3.12/site-packages/airflow/example_dags/tutorial_dag.py for tasks to queue
[2024-06-03T10:37:17.043+0000] {logging_mixin.py:188} INFO - [2024-06-03T10:37:17.043+0000] {dagbag.py:545} INFO - Filling up the DagBag from /home/airflow/.local/lib/python3.12/site-packages/airflow/example_dags/tutorial_dag.py
[2024-06-03T10:37:17.049+0000] {processor.py:840} INFO - DAG(s) 'tutorial_dag' retrieved from /home/airflow/.local/lib/python3.12/site-packages/airflow/example_dags/tutorial_dag.py
[2024-06-03T10:37:17.077+0000] {logging_mixin.py:188} INFO - [2024-06-03T10:37:17.077+0000] {dag.py:3096} INFO - Sync 1 DAGs
[2024-06-03T10:37:17.103+0000] {logging_mixin.py:188} INFO - [2024-06-03T10:37:17.103+0000] {dag.py:3954} INFO - Setting next_dagrun for tutorial_dag to None, run_after=None
[2024-06-03T10:37:17.136+0000] {processor.py:183} INFO - Processing /home/airflow/.local/lib/python3.12/site-packages/airflow/example_dags/tutorial_dag.py took 0.103 seconds
[2024-06-03T10:37:47.593+0000] {processor.py:161} INFO - Started process (PID=8048) to work on /home/airflow/.local/lib/python3.12/site-packages/airflow/example_dags/tutorial_dag.py
[2024-06-03T10:37:47.593+0000] {processor.py:830} INFO - Processing file /home/airflow/.local/lib/python3.12/site-packages/airflow/example_dags/tutorial_dag.py for tasks to queue
[2024-06-03T10:37:47.595+0000] {logging_mixin.py:188} INFO - [2024-06-03T10:37:47.595+0000] {dagbag.py:545} INFO - Filling up the DagBag from /home/airflow/.local/lib/python3.12/site-packages/airflow/example_dags/tutorial_dag.py
[2024-06-03T10:37:47.600+0000] {processor.py:840} INFO - DAG(s) 'tutorial_dag' retrieved from /home/airflow/.local/lib/python3.12/site-packages/airflow/example_dags/tutorial_dag.py
[2024-06-03T10:37:47.624+0000] {logging_mixin.py:188} INFO - [2024-06-03T10:37:47.624+0000] {dag.py:3096} INFO - Sync 1 DAGs
[2024-06-03T10:37:47.642+0000] {logging_mixin.py:188} INFO - [2024-06-03T10:37:47.642+0000] {dag.py:3954} INFO - Setting next_dagrun for tutorial_dag to None, run_after=None
[2024-06-03T10:37:47.668+0000] {processor.py:183} INFO - Processing /home/airflow/.local/lib/python3.12/site-packages/airflow/example_dags/tutorial_dag.py took 0.082 seconds
[2024-06-03T10:38:18.304+0000] {processor.py:161} INFO - Started process (PID=8304) to work on /home/airflow/.local/lib/python3.12/site-packages/airflow/example_dags/tutorial_dag.py
[2024-06-03T10:38:18.306+0000] {processor.py:830} INFO - Processing file /home/airflow/.local/lib/python3.12/site-packages/airflow/example_dags/tutorial_dag.py for tasks to queue
[2024-06-03T10:38:18.307+0000] {logging_mixin.py:188} INFO - [2024-06-03T10:38:18.307+0000] {dagbag.py:545} INFO - Filling up the DagBag from /home/airflow/.local/lib/python3.12/site-packages/airflow/example_dags/tutorial_dag.py
[2024-06-03T10:38:18.312+0000] {processor.py:840} INFO - DAG(s) 'tutorial_dag' retrieved from /home/airflow/.local/lib/python3.12/site-packages/airflow/example_dags/tutorial_dag.py
[2024-06-03T10:38:18.337+0000] {logging_mixin.py:188} INFO - [2024-06-03T10:38:18.337+0000] {dag.py:3096} INFO - Sync 1 DAGs
[2024-06-03T10:38:18.356+0000] {logging_mixin.py:188} INFO - [2024-06-03T10:38:18.356+0000] {dag.py:3954} INFO - Setting next_dagrun for tutorial_dag to None, run_after=None
[2024-06-03T10:38:18.383+0000] {processor.py:183} INFO - Processing /home/airflow/.local/lib/python3.12/site-packages/airflow/example_dags/tutorial_dag.py took 0.085 seconds
[2024-06-03T10:38:49.306+0000] {processor.py:161} INFO - Started process (PID=8560) to work on /home/airflow/.local/lib/python3.12/site-packages/airflow/example_dags/tutorial_dag.py
[2024-06-03T10:38:49.307+0000] {processor.py:830} INFO - Processing file /home/airflow/.local/lib/python3.12/site-packages/airflow/example_dags/tutorial_dag.py for tasks to queue
[2024-06-03T10:38:49.308+0000] {logging_mixin.py:188} INFO - [2024-06-03T10:38:49.308+0000] {dagbag.py:545} INFO - Filling up the DagBag from /home/airflow/.local/lib/python3.12/site-packages/airflow/example_dags/tutorial_dag.py
[2024-06-03T10:38:49.314+0000] {processor.py:840} INFO - DAG(s) 'tutorial_dag' retrieved from /home/airflow/.local/lib/python3.12/site-packages/airflow/example_dags/tutorial_dag.py
[2024-06-03T10:38:49.342+0000] {logging_mixin.py:188} INFO - [2024-06-03T10:38:49.342+0000] {dag.py:3096} INFO - Sync 1 DAGs
[2024-06-03T10:38:49.364+0000] {logging_mixin.py:188} INFO - [2024-06-03T10:38:49.363+0000] {dag.py:3954} INFO - Setting next_dagrun for tutorial_dag to None, run_after=None
[2024-06-03T10:38:49.392+0000] {processor.py:183} INFO - Processing /home/airflow/.local/lib/python3.12/site-packages/airflow/example_dags/tutorial_dag.py took 0.093 seconds
[2024-06-03T10:39:20.291+0000] {processor.py:161} INFO - Started process (PID=8816) to work on /home/airflow/.local/lib/python3.12/site-packages/airflow/example_dags/tutorial_dag.py
[2024-06-03T10:39:20.292+0000] {processor.py:830} INFO - Processing file /home/airflow/.local/lib/python3.12/site-packages/airflow/example_dags/tutorial_dag.py for tasks to queue
[2024-06-03T10:39:20.294+0000] {logging_mixin.py:188} INFO - [2024-06-03T10:39:20.293+0000] {dagbag.py:545} INFO - Filling up the DagBag from /home/airflow/.local/lib/python3.12/site-packages/airflow/example_dags/tutorial_dag.py
[2024-06-03T10:39:20.299+0000] {processor.py:840} INFO - DAG(s) 'tutorial_dag' retrieved from /home/airflow/.local/lib/python3.12/site-packages/airflow/example_dags/tutorial_dag.py
[2024-06-03T10:39:20.325+0000] {logging_mixin.py:188} INFO - [2024-06-03T10:39:20.325+0000] {dag.py:3096} INFO - Sync 1 DAGs
[2024-06-03T10:39:20.344+0000] {logging_mixin.py:188} INFO - [2024-06-03T10:39:20.344+0000] {dag.py:3954} INFO - Setting next_dagrun for tutorial_dag to None, run_after=None
[2024-06-03T10:39:20.368+0000] {processor.py:183} INFO - Processing /home/airflow/.local/lib/python3.12/site-packages/airflow/example_dags/tutorial_dag.py took 0.084 seconds
[2024-06-03T10:39:51.265+0000] {processor.py:161} INFO - Started process (PID=9072) to work on /home/airflow/.local/lib/python3.12/site-packages/airflow/example_dags/tutorial_dag.py
[2024-06-03T10:39:51.266+0000] {processor.py:830} INFO - Processing file /home/airflow/.local/lib/python3.12/site-packages/airflow/example_dags/tutorial_dag.py for tasks to queue
[2024-06-03T10:39:51.267+0000] {logging_mixin.py:188} INFO - [2024-06-03T10:39:51.267+0000] {dagbag.py:545} INFO - Filling up the DagBag from /home/airflow/.local/lib/python3.12/site-packages/airflow/example_dags/tutorial_dag.py
[2024-06-03T10:39:51.273+0000] {processor.py:840} INFO - DAG(s) 'tutorial_dag' retrieved from /home/airflow/.local/lib/python3.12/site-packages/airflow/example_dags/tutorial_dag.py
[2024-06-03T10:39:51.298+0000] {logging_mixin.py:188} INFO - [2024-06-03T10:39:51.298+0000] {dag.py:3096} INFO - Sync 1 DAGs
[2024-06-03T10:39:51.316+0000] {logging_mixin.py:188} INFO - [2024-06-03T10:39:51.316+0000] {dag.py:3954} INFO - Setting next_dagrun for tutorial_dag to None, run_after=None
[2024-06-03T10:39:51.342+0000] {processor.py:183} INFO - Processing /home/airflow/.local/lib/python3.12/site-packages/airflow/example_dags/tutorial_dag.py took 0.084 seconds
[2024-06-03T10:40:22.143+0000] {processor.py:161} INFO - Started process (PID=9328) to work on /home/airflow/.local/lib/python3.12/site-packages/airflow/example_dags/tutorial_dag.py
[2024-06-03T10:40:22.144+0000] {processor.py:830} INFO - Processing file /home/airflow/.local/lib/python3.12/site-packages/airflow/example_dags/tutorial_dag.py for tasks to queue
[2024-06-03T10:40:22.146+0000] {logging_mixin.py:188} INFO - [2024-06-03T10:40:22.146+0000] {dagbag.py:545} INFO - Filling up the DagBag from /home/airflow/.local/lib/python3.12/site-packages/airflow/example_dags/tutorial_dag.py
[2024-06-03T10:40:22.152+0000] {processor.py:840} INFO - DAG(s) 'tutorial_dag' retrieved from /home/airflow/.local/lib/python3.12/site-packages/airflow/example_dags/tutorial_dag.py
[2024-06-03T10:40:22.179+0000] {logging_mixin.py:188} INFO - [2024-06-03T10:40:22.179+0000] {dag.py:3096} INFO - Sync 1 DAGs
[2024-06-03T10:40:22.201+0000] {logging_mixin.py:188} INFO - [2024-06-03T10:40:22.200+0000] {dag.py:3954} INFO - Setting next_dagrun for tutorial_dag to None, run_after=None
[2024-06-03T10:40:22.233+0000] {processor.py:183} INFO - Processing /home/airflow/.local/lib/python3.12/site-packages/airflow/example_dags/tutorial_dag.py took 0.096 seconds
[2024-06-03T10:40:52.330+0000] {processor.py:161} INFO - Started process (PID=9581) to work on /home/airflow/.local/lib/python3.12/site-packages/airflow/example_dags/tutorial_dag.py
[2024-06-03T10:40:52.331+0000] {processor.py:830} INFO - Processing file /home/airflow/.local/lib/python3.12/site-packages/airflow/example_dags/tutorial_dag.py for tasks to queue
[2024-06-03T10:40:52.333+0000] {logging_mixin.py:188} INFO - [2024-06-03T10:40:52.332+0000] {dagbag.py:545} INFO - Filling up the DagBag from /home/airflow/.local/lib/python3.12/site-packages/airflow/example_dags/tutorial_dag.py
[2024-06-03T10:40:52.338+0000] {processor.py:840} INFO - DAG(s) 'tutorial_dag' retrieved from /home/airflow/.local/lib/python3.12/site-packages/airflow/example_dags/tutorial_dag.py
[2024-06-03T10:40:52.363+0000] {logging_mixin.py:188} INFO - [2024-06-03T10:40:52.362+0000] {dag.py:3096} INFO - Sync 1 DAGs
[2024-06-03T10:40:52.381+0000] {logging_mixin.py:188} INFO - [2024-06-03T10:40:52.380+0000] {dag.py:3954} INFO - Setting next_dagrun for tutorial_dag to None, run_after=None
[2024-06-03T10:40:52.403+0000] {processor.py:183} INFO - Processing /home/airflow/.local/lib/python3.12/site-packages/airflow/example_dags/tutorial_dag.py took 0.079 seconds
[2024-06-03T10:41:22.498+0000] {processor.py:161} INFO - Started process (PID=9837) to work on /home/airflow/.local/lib/python3.12/site-packages/airflow/example_dags/tutorial_dag.py
[2024-06-03T10:41:22.500+0000] {processor.py:830} INFO - Processing file /home/airflow/.local/lib/python3.12/site-packages/airflow/example_dags/tutorial_dag.py for tasks to queue
[2024-06-03T10:41:22.501+0000] {logging_mixin.py:188} INFO - [2024-06-03T10:41:22.501+0000] {dagbag.py:545} INFO - Filling up the DagBag from /home/airflow/.local/lib/python3.12/site-packages/airflow/example_dags/tutorial_dag.py
[2024-06-03T10:41:22.507+0000] {processor.py:840} INFO - DAG(s) 'tutorial_dag' retrieved from /home/airflow/.local/lib/python3.12/site-packages/airflow/example_dags/tutorial_dag.py
[2024-06-03T10:41:22.531+0000] {logging_mixin.py:188} INFO - [2024-06-03T10:41:22.531+0000] {dag.py:3096} INFO - Sync 1 DAGs
[2024-06-03T10:41:22.549+0000] {logging_mixin.py:188} INFO - [2024-06-03T10:41:22.549+0000] {dag.py:3954} INFO - Setting next_dagrun for tutorial_dag to None, run_after=None
[2024-06-03T10:41:22.574+0000] {processor.py:183} INFO - Processing /home/airflow/.local/lib/python3.12/site-packages/airflow/example_dags/tutorial_dag.py took 0.083 seconds
[2024-06-03T10:41:52.693+0000] {processor.py:161} INFO - Started process (PID=10093) to work on /home/airflow/.local/lib/python3.12/site-packages/airflow/example_dags/tutorial_dag.py
[2024-06-03T10:41:52.693+0000] {processor.py:830} INFO - Processing file /home/airflow/.local/lib/python3.12/site-packages/airflow/example_dags/tutorial_dag.py for tasks to queue
[2024-06-03T10:41:52.695+0000] {logging_mixin.py:188} INFO - [2024-06-03T10:41:52.695+0000] {dagbag.py:545} INFO - Filling up the DagBag from /home/airflow/.local/lib/python3.12/site-packages/airflow/example_dags/tutorial_dag.py
[2024-06-03T10:41:52.701+0000] {processor.py:840} INFO - DAG(s) 'tutorial_dag' retrieved from /home/airflow/.local/lib/python3.12/site-packages/airflow/example_dags/tutorial_dag.py
[2024-06-03T10:41:52.725+0000] {logging_mixin.py:188} INFO - [2024-06-03T10:41:52.725+0000] {dag.py:3096} INFO - Sync 1 DAGs
[2024-06-03T10:41:52.743+0000] {logging_mixin.py:188} INFO - [2024-06-03T10:41:52.742+0000] {dag.py:3954} INFO - Setting next_dagrun for tutorial_dag to None, run_after=None
[2024-06-03T10:41:52.766+0000] {processor.py:183} INFO - Processing /home/airflow/.local/lib/python3.12/site-packages/airflow/example_dags/tutorial_dag.py took 0.080 seconds
[2024-06-03T10:42:22.830+0000] {processor.py:161} INFO - Started process (PID=10347) to work on /home/airflow/.local/lib/python3.12/site-packages/airflow/example_dags/tutorial_dag.py
[2024-06-03T10:42:22.831+0000] {processor.py:830} INFO - Processing file /home/airflow/.local/lib/python3.12/site-packages/airflow/example_dags/tutorial_dag.py for tasks to queue
[2024-06-03T10:42:22.832+0000] {logging_mixin.py:188} INFO - [2024-06-03T10:42:22.832+0000] {dagbag.py:545} INFO - Filling up the DagBag from /home/airflow/.local/lib/python3.12/site-packages/airflow/example_dags/tutorial_dag.py
[2024-06-03T10:42:22.839+0000] {processor.py:840} INFO - DAG(s) 'tutorial_dag' retrieved from /home/airflow/.local/lib/python3.12/site-packages/airflow/example_dags/tutorial_dag.py
[2024-06-03T10:42:22.867+0000] {logging_mixin.py:188} INFO - [2024-06-03T10:42:22.867+0000] {dag.py:3096} INFO - Sync 1 DAGs
[2024-06-03T10:42:22.888+0000] {logging_mixin.py:188} INFO - [2024-06-03T10:42:22.888+0000] {dag.py:3954} INFO - Setting next_dagrun for tutorial_dag to None, run_after=None
[2024-06-03T10:42:22.917+0000] {processor.py:183} INFO - Processing /home/airflow/.local/lib/python3.12/site-packages/airflow/example_dags/tutorial_dag.py took 0.095 seconds
[2024-06-03T10:42:53.259+0000] {processor.py:161} INFO - Started process (PID=10603) to work on /home/airflow/.local/lib/python3.12/site-packages/airflow/example_dags/tutorial_dag.py
[2024-06-03T10:42:53.260+0000] {processor.py:830} INFO - Processing file /home/airflow/.local/lib/python3.12/site-packages/airflow/example_dags/tutorial_dag.py for tasks to queue
[2024-06-03T10:42:53.261+0000] {logging_mixin.py:188} INFO - [2024-06-03T10:42:53.261+0000] {dagbag.py:545} INFO - Filling up the DagBag from /home/airflow/.local/lib/python3.12/site-packages/airflow/example_dags/tutorial_dag.py
[2024-06-03T10:42:53.267+0000] {processor.py:840} INFO - DAG(s) 'tutorial_dag' retrieved from /home/airflow/.local/lib/python3.12/site-packages/airflow/example_dags/tutorial_dag.py
[2024-06-03T10:42:53.293+0000] {logging_mixin.py:188} INFO - [2024-06-03T10:42:53.293+0000] {dag.py:3096} INFO - Sync 1 DAGs
[2024-06-03T10:42:53.311+0000] {logging_mixin.py:188} INFO - [2024-06-03T10:42:53.310+0000] {dag.py:3954} INFO - Setting next_dagrun for tutorial_dag to None, run_after=None
[2024-06-03T10:42:53.335+0000] {processor.py:183} INFO - Processing /home/airflow/.local/lib/python3.12/site-packages/airflow/example_dags/tutorial_dag.py took 0.083 seconds
[2024-06-03T10:43:23.646+0000] {processor.py:161} INFO - Started process (PID=10859) to work on /home/airflow/.local/lib/python3.12/site-packages/airflow/example_dags/tutorial_dag.py
[2024-06-03T10:43:23.647+0000] {processor.py:830} INFO - Processing file /home/airflow/.local/lib/python3.12/site-packages/airflow/example_dags/tutorial_dag.py for tasks to queue
[2024-06-03T10:43:23.648+0000] {logging_mixin.py:188} INFO - [2024-06-03T10:43:23.648+0000] {dagbag.py:545} INFO - Filling up the DagBag from /home/airflow/.local/lib/python3.12/site-packages/airflow/example_dags/tutorial_dag.py
[2024-06-03T10:43:23.654+0000] {processor.py:840} INFO - DAG(s) 'tutorial_dag' retrieved from /home/airflow/.local/lib/python3.12/site-packages/airflow/example_dags/tutorial_dag.py
[2024-06-03T10:43:23.682+0000] {logging_mixin.py:188} INFO - [2024-06-03T10:43:23.682+0000] {dag.py:3096} INFO - Sync 1 DAGs
[2024-06-03T10:43:23.703+0000] {logging_mixin.py:188} INFO - [2024-06-03T10:43:23.702+0000] {dag.py:3954} INFO - Setting next_dagrun for tutorial_dag to None, run_after=None
[2024-06-03T10:43:23.730+0000] {processor.py:183} INFO - Processing /home/airflow/.local/lib/python3.12/site-packages/airflow/example_dags/tutorial_dag.py took 0.091 seconds
[2024-06-03T10:43:54.441+0000] {processor.py:161} INFO - Started process (PID=11115) to work on /home/airflow/.local/lib/python3.12/site-packages/airflow/example_dags/tutorial_dag.py
[2024-06-03T10:43:54.442+0000] {processor.py:830} INFO - Processing file /home/airflow/.local/lib/python3.12/site-packages/airflow/example_dags/tutorial_dag.py for tasks to queue
[2024-06-03T10:43:54.444+0000] {logging_mixin.py:188} INFO - [2024-06-03T10:43:54.443+0000] {dagbag.py:545} INFO - Filling up the DagBag from /home/airflow/.local/lib/python3.12/site-packages/airflow/example_dags/tutorial_dag.py
[2024-06-03T10:43:54.450+0000] {processor.py:840} INFO - DAG(s) 'tutorial_dag' retrieved from /home/airflow/.local/lib/python3.12/site-packages/airflow/example_dags/tutorial_dag.py
[2024-06-03T10:43:54.476+0000] {logging_mixin.py:188} INFO - [2024-06-03T10:43:54.476+0000] {dag.py:3096} INFO - Sync 1 DAGs
[2024-06-03T10:43:54.494+0000] {logging_mixin.py:188} INFO - [2024-06-03T10:43:54.493+0000] {dag.py:3954} INFO - Setting next_dagrun for tutorial_dag to None, run_after=None
[2024-06-03T10:43:54.519+0000] {processor.py:183} INFO - Processing /home/airflow/.local/lib/python3.12/site-packages/airflow/example_dags/tutorial_dag.py took 0.084 seconds
[2024-06-03T10:44:25.132+0000] {processor.py:161} INFO - Started process (PID=11371) to work on /home/airflow/.local/lib/python3.12/site-packages/airflow/example_dags/tutorial_dag.py
[2024-06-03T10:44:25.133+0000] {processor.py:830} INFO - Processing file /home/airflow/.local/lib/python3.12/site-packages/airflow/example_dags/tutorial_dag.py for tasks to queue
[2024-06-03T10:44:25.135+0000] {logging_mixin.py:188} INFO - [2024-06-03T10:44:25.135+0000] {dagbag.py:545} INFO - Filling up the DagBag from /home/airflow/.local/lib/python3.12/site-packages/airflow/example_dags/tutorial_dag.py
[2024-06-03T10:44:25.141+0000] {processor.py:840} INFO - DAG(s) 'tutorial_dag' retrieved from /home/airflow/.local/lib/python3.12/site-packages/airflow/example_dags/tutorial_dag.py
[2024-06-03T10:44:25.167+0000] {logging_mixin.py:188} INFO - [2024-06-03T10:44:25.166+0000] {dag.py:3096} INFO - Sync 1 DAGs
[2024-06-03T10:44:25.323+0000] {logging_mixin.py:188} INFO - [2024-06-03T10:44:25.323+0000] {dag.py:3954} INFO - Setting next_dagrun for tutorial_dag to None, run_after=None
[2024-06-03T10:44:25.348+0000] {processor.py:183} INFO - Processing /home/airflow/.local/lib/python3.12/site-packages/airflow/example_dags/tutorial_dag.py took 0.223 seconds
[2024-06-03T10:44:55.675+0000] {processor.py:161} INFO - Started process (PID=11627) to work on /home/airflow/.local/lib/python3.12/site-packages/airflow/example_dags/tutorial_dag.py
[2024-06-03T10:44:55.676+0000] {processor.py:830} INFO - Processing file /home/airflow/.local/lib/python3.12/site-packages/airflow/example_dags/tutorial_dag.py for tasks to queue
[2024-06-03T10:44:55.677+0000] {logging_mixin.py:188} INFO - [2024-06-03T10:44:55.677+0000] {dagbag.py:545} INFO - Filling up the DagBag from /home/airflow/.local/lib/python3.12/site-packages/airflow/example_dags/tutorial_dag.py
[2024-06-03T10:44:55.684+0000] {processor.py:840} INFO - DAG(s) 'tutorial_dag' retrieved from /home/airflow/.local/lib/python3.12/site-packages/airflow/example_dags/tutorial_dag.py
[2024-06-03T10:44:55.710+0000] {logging_mixin.py:188} INFO - [2024-06-03T10:44:55.710+0000] {dag.py:3096} INFO - Sync 1 DAGs
[2024-06-03T10:44:55.728+0000] {logging_mixin.py:188} INFO - [2024-06-03T10:44:55.728+0000] {dag.py:3954} INFO - Setting next_dagrun for tutorial_dag to None, run_after=None
[2024-06-03T10:44:55.755+0000] {processor.py:183} INFO - Processing /home/airflow/.local/lib/python3.12/site-packages/airflow/example_dags/tutorial_dag.py took 0.087 seconds
[2024-06-03T10:45:26.307+0000] {processor.py:161} INFO - Started process (PID=11879) to work on /home/airflow/.local/lib/python3.12/site-packages/airflow/example_dags/tutorial_dag.py
[2024-06-03T10:45:26.308+0000] {processor.py:830} INFO - Processing file /home/airflow/.local/lib/python3.12/site-packages/airflow/example_dags/tutorial_dag.py for tasks to queue
[2024-06-03T10:45:26.309+0000] {logging_mixin.py:188} INFO - [2024-06-03T10:45:26.309+0000] {dagbag.py:545} INFO - Filling up the DagBag from /home/airflow/.local/lib/python3.12/site-packages/airflow/example_dags/tutorial_dag.py
[2024-06-03T10:45:26.315+0000] {processor.py:840} INFO - DAG(s) 'tutorial_dag' retrieved from /home/airflow/.local/lib/python3.12/site-packages/airflow/example_dags/tutorial_dag.py
[2024-06-03T10:45:26.346+0000] {logging_mixin.py:188} INFO - [2024-06-03T10:45:26.346+0000] {dag.py:3096} INFO - Sync 1 DAGs
[2024-06-03T10:45:26.369+0000] {logging_mixin.py:188} INFO - [2024-06-03T10:45:26.368+0000] {dag.py:3954} INFO - Setting next_dagrun for tutorial_dag to None, run_after=None
[2024-06-03T10:45:26.397+0000] {processor.py:183} INFO - Processing /home/airflow/.local/lib/python3.12/site-packages/airflow/example_dags/tutorial_dag.py took 0.098 seconds
[2024-06-03T10:45:57.061+0000] {processor.py:161} INFO - Started process (PID=12135) to work on /home/airflow/.local/lib/python3.12/site-packages/airflow/example_dags/tutorial_dag.py
[2024-06-03T10:45:57.062+0000] {processor.py:830} INFO - Processing file /home/airflow/.local/lib/python3.12/site-packages/airflow/example_dags/tutorial_dag.py for tasks to queue
[2024-06-03T10:45:57.063+0000] {logging_mixin.py:188} INFO - [2024-06-03T10:45:57.063+0000] {dagbag.py:545} INFO - Filling up the DagBag from /home/airflow/.local/lib/python3.12/site-packages/airflow/example_dags/tutorial_dag.py
[2024-06-03T10:45:57.069+0000] {processor.py:840} INFO - DAG(s) 'tutorial_dag' retrieved from /home/airflow/.local/lib/python3.12/site-packages/airflow/example_dags/tutorial_dag.py
[2024-06-03T10:45:57.095+0000] {logging_mixin.py:188} INFO - [2024-06-03T10:45:57.095+0000] {dag.py:3096} INFO - Sync 1 DAGs
[2024-06-03T10:45:57.114+0000] {logging_mixin.py:188} INFO - [2024-06-03T10:45:57.114+0000] {dag.py:3954} INFO - Setting next_dagrun for tutorial_dag to None, run_after=None
[2024-06-03T10:45:57.138+0000] {processor.py:183} INFO - Processing /home/airflow/.local/lib/python3.12/site-packages/airflow/example_dags/tutorial_dag.py took 0.085 seconds
[2024-06-03T10:46:27.343+0000] {processor.py:161} INFO - Started process (PID=12391) to work on /home/airflow/.local/lib/python3.12/site-packages/airflow/example_dags/tutorial_dag.py
[2024-06-03T10:46:27.344+0000] {processor.py:830} INFO - Processing file /home/airflow/.local/lib/python3.12/site-packages/airflow/example_dags/tutorial_dag.py for tasks to queue
[2024-06-03T10:46:27.346+0000] {logging_mixin.py:188} INFO - [2024-06-03T10:46:27.345+0000] {dagbag.py:545} INFO - Filling up the DagBag from /home/airflow/.local/lib/python3.12/site-packages/airflow/example_dags/tutorial_dag.py
[2024-06-03T10:46:27.351+0000] {processor.py:840} INFO - DAG(s) 'tutorial_dag' retrieved from /home/airflow/.local/lib/python3.12/site-packages/airflow/example_dags/tutorial_dag.py
[2024-06-03T10:46:27.377+0000] {logging_mixin.py:188} INFO - [2024-06-03T10:46:27.376+0000] {dag.py:3096} INFO - Sync 1 DAGs
[2024-06-03T10:46:27.395+0000] {logging_mixin.py:188} INFO - [2024-06-03T10:46:27.394+0000] {dag.py:3954} INFO - Setting next_dagrun for tutorial_dag to None, run_after=None
[2024-06-03T10:46:27.421+0000] {processor.py:183} INFO - Processing /home/airflow/.local/lib/python3.12/site-packages/airflow/example_dags/tutorial_dag.py took 0.085 seconds
[2024-06-03T10:46:58.012+0000] {processor.py:161} INFO - Started process (PID=12647) to work on /home/airflow/.local/lib/python3.12/site-packages/airflow/example_dags/tutorial_dag.py
[2024-06-03T10:46:58.013+0000] {processor.py:830} INFO - Processing file /home/airflow/.local/lib/python3.12/site-packages/airflow/example_dags/tutorial_dag.py for tasks to queue
[2024-06-03T10:46:58.014+0000] {logging_mixin.py:188} INFO - [2024-06-03T10:46:58.014+0000] {dagbag.py:545} INFO - Filling up the DagBag from /home/airflow/.local/lib/python3.12/site-packages/airflow/example_dags/tutorial_dag.py
[2024-06-03T10:46:58.020+0000] {processor.py:840} INFO - DAG(s) 'tutorial_dag' retrieved from /home/airflow/.local/lib/python3.12/site-packages/airflow/example_dags/tutorial_dag.py
[2024-06-03T10:46:58.045+0000] {logging_mixin.py:188} INFO - [2024-06-03T10:46:58.045+0000] {dag.py:3096} INFO - Sync 1 DAGs
[2024-06-03T10:46:58.063+0000] {logging_mixin.py:188} INFO - [2024-06-03T10:46:58.062+0000] {dag.py:3954} INFO - Setting next_dagrun for tutorial_dag to None, run_after=None
[2024-06-03T10:46:58.087+0000] {processor.py:183} INFO - Processing /home/airflow/.local/lib/python3.12/site-packages/airflow/example_dags/tutorial_dag.py took 0.082 seconds
[2024-06-03T10:47:28.710+0000] {processor.py:161} INFO - Started process (PID=12903) to work on /home/airflow/.local/lib/python3.12/site-packages/airflow/example_dags/tutorial_dag.py
[2024-06-03T10:47:28.711+0000] {processor.py:830} INFO - Processing file /home/airflow/.local/lib/python3.12/site-packages/airflow/example_dags/tutorial_dag.py for tasks to queue
[2024-06-03T10:47:28.713+0000] {logging_mixin.py:188} INFO - [2024-06-03T10:47:28.712+0000] {dagbag.py:545} INFO - Filling up the DagBag from /home/airflow/.local/lib/python3.12/site-packages/airflow/example_dags/tutorial_dag.py
[2024-06-03T10:47:28.719+0000] {processor.py:840} INFO - DAG(s) 'tutorial_dag' retrieved from /home/airflow/.local/lib/python3.12/site-packages/airflow/example_dags/tutorial_dag.py
[2024-06-03T10:47:28.747+0000] {logging_mixin.py:188} INFO - [2024-06-03T10:47:28.747+0000] {dag.py:3096} INFO - Sync 1 DAGs
[2024-06-03T10:47:28.766+0000] {logging_mixin.py:188} INFO - [2024-06-03T10:47:28.766+0000] {dag.py:3954} INFO - Setting next_dagrun for tutorial_dag to None, run_after=None
[2024-06-03T10:47:28.793+0000] {processor.py:183} INFO - Processing /home/airflow/.local/lib/python3.12/site-packages/airflow/example_dags/tutorial_dag.py took 0.090 seconds
[2024-06-03T10:47:59.402+0000] {processor.py:161} INFO - Started process (PID=13159) to work on /home/airflow/.local/lib/python3.12/site-packages/airflow/example_dags/tutorial_dag.py
[2024-06-03T10:47:59.403+0000] {processor.py:830} INFO - Processing file /home/airflow/.local/lib/python3.12/site-packages/airflow/example_dags/tutorial_dag.py for tasks to queue
[2024-06-03T10:47:59.405+0000] {logging_mixin.py:188} INFO - [2024-06-03T10:47:59.404+0000] {dagbag.py:545} INFO - Filling up the DagBag from /home/airflow/.local/lib/python3.12/site-packages/airflow/example_dags/tutorial_dag.py
[2024-06-03T10:47:59.410+0000] {processor.py:840} INFO - DAG(s) 'tutorial_dag' retrieved from /home/airflow/.local/lib/python3.12/site-packages/airflow/example_dags/tutorial_dag.py
[2024-06-03T10:47:59.436+0000] {logging_mixin.py:188} INFO - [2024-06-03T10:47:59.436+0000] {dag.py:3096} INFO - Sync 1 DAGs
[2024-06-03T10:47:59.454+0000] {logging_mixin.py:188} INFO - [2024-06-03T10:47:59.454+0000] {dag.py:3954} INFO - Setting next_dagrun for tutorial_dag to None, run_after=None
[2024-06-03T10:47:59.481+0000] {processor.py:183} INFO - Processing /home/airflow/.local/lib/python3.12/site-packages/airflow/example_dags/tutorial_dag.py took 0.086 seconds
[2024-06-03T10:48:29.780+0000] {processor.py:161} INFO - Started process (PID=13415) to work on /home/airflow/.local/lib/python3.12/site-packages/airflow/example_dags/tutorial_dag.py
[2024-06-03T10:48:29.781+0000] {processor.py:830} INFO - Processing file /home/airflow/.local/lib/python3.12/site-packages/airflow/example_dags/tutorial_dag.py for tasks to queue
[2024-06-03T10:48:29.782+0000] {logging_mixin.py:188} INFO - [2024-06-03T10:48:29.782+0000] {dagbag.py:545} INFO - Filling up the DagBag from /home/airflow/.local/lib/python3.12/site-packages/airflow/example_dags/tutorial_dag.py
[2024-06-03T10:48:29.788+0000] {processor.py:840} INFO - DAG(s) 'tutorial_dag' retrieved from /home/airflow/.local/lib/python3.12/site-packages/airflow/example_dags/tutorial_dag.py
[2024-06-03T10:48:29.816+0000] {logging_mixin.py:188} INFO - [2024-06-03T10:48:29.815+0000] {dag.py:3096} INFO - Sync 1 DAGs
[2024-06-03T10:48:29.838+0000] {logging_mixin.py:188} INFO - [2024-06-03T10:48:29.837+0000] {dag.py:3954} INFO - Setting next_dagrun for tutorial_dag to None, run_after=None
[2024-06-03T10:48:29.866+0000] {processor.py:183} INFO - Processing /home/airflow/.local/lib/python3.12/site-packages/airflow/example_dags/tutorial_dag.py took 0.093 seconds
[2024-06-03T10:49:00.096+0000] {processor.py:161} INFO - Started process (PID=13671) to work on /home/airflow/.local/lib/python3.12/site-packages/airflow/example_dags/tutorial_dag.py
[2024-06-03T10:49:00.097+0000] {processor.py:830} INFO - Processing file /home/airflow/.local/lib/python3.12/site-packages/airflow/example_dags/tutorial_dag.py for tasks to queue
[2024-06-03T10:49:00.098+0000] {logging_mixin.py:188} INFO - [2024-06-03T10:49:00.098+0000] {dagbag.py:545} INFO - Filling up the DagBag from /home/airflow/.local/lib/python3.12/site-packages/airflow/example_dags/tutorial_dag.py
[2024-06-03T10:49:00.104+0000] {processor.py:840} INFO - DAG(s) 'tutorial_dag' retrieved from /home/airflow/.local/lib/python3.12/site-packages/airflow/example_dags/tutorial_dag.py
[2024-06-03T10:49:00.130+0000] {logging_mixin.py:188} INFO - [2024-06-03T10:49:00.130+0000] {dag.py:3096} INFO - Sync 1 DAGs
[2024-06-03T10:49:00.148+0000] {logging_mixin.py:188} INFO - [2024-06-03T10:49:00.148+0000] {dag.py:3954} INFO - Setting next_dagrun for tutorial_dag to None, run_after=None
[2024-06-03T10:49:00.174+0000] {processor.py:183} INFO - Processing /home/airflow/.local/lib/python3.12/site-packages/airflow/example_dags/tutorial_dag.py took 0.085 seconds
[2024-06-03T10:49:30.303+0000] {processor.py:161} INFO - Started process (PID=13927) to work on /home/airflow/.local/lib/python3.12/site-packages/airflow/example_dags/tutorial_dag.py
[2024-06-03T10:49:30.303+0000] {processor.py:830} INFO - Processing file /home/airflow/.local/lib/python3.12/site-packages/airflow/example_dags/tutorial_dag.py for tasks to queue
[2024-06-03T10:49:30.305+0000] {logging_mixin.py:188} INFO - [2024-06-03T10:49:30.305+0000] {dagbag.py:545} INFO - Filling up the DagBag from /home/airflow/.local/lib/python3.12/site-packages/airflow/example_dags/tutorial_dag.py
[2024-06-03T10:49:30.311+0000] {processor.py:840} INFO - DAG(s) 'tutorial_dag' retrieved from /home/airflow/.local/lib/python3.12/site-packages/airflow/example_dags/tutorial_dag.py
[2024-06-03T10:49:30.339+0000] {logging_mixin.py:188} INFO - [2024-06-03T10:49:30.339+0000] {dag.py:3096} INFO - Sync 1 DAGs
[2024-06-03T10:49:30.361+0000] {logging_mixin.py:188} INFO - [2024-06-03T10:49:30.361+0000] {dag.py:3954} INFO - Setting next_dagrun for tutorial_dag to None, run_after=None
[2024-06-03T10:49:30.389+0000] {processor.py:183} INFO - Processing /home/airflow/.local/lib/python3.12/site-packages/airflow/example_dags/tutorial_dag.py took 0.094 seconds
[2024-06-03T10:50:00.992+0000] {processor.py:161} INFO - Started process (PID=14183) to work on /home/airflow/.local/lib/python3.12/site-packages/airflow/example_dags/tutorial_dag.py
[2024-06-03T10:50:00.993+0000] {processor.py:830} INFO - Processing file /home/airflow/.local/lib/python3.12/site-packages/airflow/example_dags/tutorial_dag.py for tasks to queue
[2024-06-03T10:50:00.995+0000] {logging_mixin.py:188} INFO - [2024-06-03T10:50:00.995+0000] {dagbag.py:545} INFO - Filling up the DagBag from /home/airflow/.local/lib/python3.12/site-packages/airflow/example_dags/tutorial_dag.py
[2024-06-03T10:50:01.000+0000] {processor.py:840} INFO - DAG(s) 'tutorial_dag' retrieved from /home/airflow/.local/lib/python3.12/site-packages/airflow/example_dags/tutorial_dag.py
[2024-06-03T10:50:01.027+0000] {logging_mixin.py:188} INFO - [2024-06-03T10:50:01.027+0000] {dag.py:3096} INFO - Sync 1 DAGs
[2024-06-03T10:50:01.045+0000] {logging_mixin.py:188} INFO - [2024-06-03T10:50:01.045+0000] {dag.py:3954} INFO - Setting next_dagrun for tutorial_dag to None, run_after=None
[2024-06-03T10:50:01.074+0000] {processor.py:183} INFO - Processing /home/airflow/.local/lib/python3.12/site-packages/airflow/example_dags/tutorial_dag.py took 0.089 seconds
[2024-06-03T10:50:31.270+0000] {processor.py:161} INFO - Started process (PID=14437) to work on /home/airflow/.local/lib/python3.12/site-packages/airflow/example_dags/tutorial_dag.py
[2024-06-03T10:50:31.271+0000] {processor.py:830} INFO - Processing file /home/airflow/.local/lib/python3.12/site-packages/airflow/example_dags/tutorial_dag.py for tasks to queue
[2024-06-03T10:50:31.273+0000] {logging_mixin.py:188} INFO - [2024-06-03T10:50:31.273+0000] {dagbag.py:545} INFO - Filling up the DagBag from /home/airflow/.local/lib/python3.12/site-packages/airflow/example_dags/tutorial_dag.py
[2024-06-03T10:50:31.279+0000] {processor.py:840} INFO - DAG(s) 'tutorial_dag' retrieved from /home/airflow/.local/lib/python3.12/site-packages/airflow/example_dags/tutorial_dag.py
[2024-06-03T10:50:31.305+0000] {logging_mixin.py:188} INFO - [2024-06-03T10:50:31.305+0000] {dag.py:3096} INFO - Sync 1 DAGs
[2024-06-03T10:50:31.324+0000] {logging_mixin.py:188} INFO - [2024-06-03T10:50:31.324+0000] {dag.py:3954} INFO - Setting next_dagrun for tutorial_dag to None, run_after=None
[2024-06-03T10:50:31.352+0000] {processor.py:183} INFO - Processing /home/airflow/.local/lib/python3.12/site-packages/airflow/example_dags/tutorial_dag.py took 0.089 seconds
[2024-06-03T10:51:02.103+0000] {processor.py:161} INFO - Started process (PID=14695) to work on /home/airflow/.local/lib/python3.12/site-packages/airflow/example_dags/tutorial_dag.py
[2024-06-03T10:51:02.104+0000] {processor.py:830} INFO - Processing file /home/airflow/.local/lib/python3.12/site-packages/airflow/example_dags/tutorial_dag.py for tasks to queue
[2024-06-03T10:51:02.106+0000] {logging_mixin.py:188} INFO - [2024-06-03T10:51:02.105+0000] {dagbag.py:545} INFO - Filling up the DagBag from /home/airflow/.local/lib/python3.12/site-packages/airflow/example_dags/tutorial_dag.py
[2024-06-03T10:51:02.111+0000] {processor.py:840} INFO - DAG(s) 'tutorial_dag' retrieved from /home/airflow/.local/lib/python3.12/site-packages/airflow/example_dags/tutorial_dag.py
[2024-06-03T10:51:02.138+0000] {logging_mixin.py:188} INFO - [2024-06-03T10:51:02.138+0000] {dag.py:3096} INFO - Sync 1 DAGs
[2024-06-03T10:51:02.160+0000] {logging_mixin.py:188} INFO - [2024-06-03T10:51:02.159+0000] {dag.py:3954} INFO - Setting next_dagrun for tutorial_dag to None, run_after=None
[2024-06-03T10:51:02.187+0000] {processor.py:183} INFO - Processing /home/airflow/.local/lib/python3.12/site-packages/airflow/example_dags/tutorial_dag.py took 0.091 seconds
[2024-06-03T10:51:32.839+0000] {processor.py:161} INFO - Started process (PID=14951) to work on /home/airflow/.local/lib/python3.12/site-packages/airflow/example_dags/tutorial_dag.py
[2024-06-03T10:51:32.840+0000] {processor.py:830} INFO - Processing file /home/airflow/.local/lib/python3.12/site-packages/airflow/example_dags/tutorial_dag.py for tasks to queue
[2024-06-03T10:51:32.842+0000] {logging_mixin.py:188} INFO - [2024-06-03T10:51:32.841+0000] {dagbag.py:545} INFO - Filling up the DagBag from /home/airflow/.local/lib/python3.12/site-packages/airflow/example_dags/tutorial_dag.py
[2024-06-03T10:51:32.847+0000] {processor.py:840} INFO - DAG(s) 'tutorial_dag' retrieved from /home/airflow/.local/lib/python3.12/site-packages/airflow/example_dags/tutorial_dag.py
[2024-06-03T10:51:32.874+0000] {logging_mixin.py:188} INFO - [2024-06-03T10:51:32.874+0000] {dag.py:3096} INFO - Sync 1 DAGs
[2024-06-03T10:51:32.892+0000] {logging_mixin.py:188} INFO - [2024-06-03T10:51:32.892+0000] {dag.py:3954} INFO - Setting next_dagrun for tutorial_dag to None, run_after=None
[2024-06-03T10:51:32.917+0000] {processor.py:183} INFO - Processing /home/airflow/.local/lib/python3.12/site-packages/airflow/example_dags/tutorial_dag.py took 0.085 seconds
[2024-06-03T10:52:03.370+0000] {processor.py:161} INFO - Started process (PID=15205) to work on /home/airflow/.local/lib/python3.12/site-packages/airflow/example_dags/tutorial_dag.py
[2024-06-03T10:52:03.372+0000] {processor.py:830} INFO - Processing file /home/airflow/.local/lib/python3.12/site-packages/airflow/example_dags/tutorial_dag.py for tasks to queue
[2024-06-03T10:52:03.373+0000] {logging_mixin.py:188} INFO - [2024-06-03T10:52:03.373+0000] {dagbag.py:545} INFO - Filling up the DagBag from /home/airflow/.local/lib/python3.12/site-packages/airflow/example_dags/tutorial_dag.py
[2024-06-03T10:52:03.379+0000] {processor.py:840} INFO - DAG(s) 'tutorial_dag' retrieved from /home/airflow/.local/lib/python3.12/site-packages/airflow/example_dags/tutorial_dag.py
[2024-06-03T10:52:03.409+0000] {logging_mixin.py:188} INFO - [2024-06-03T10:52:03.408+0000] {dag.py:3096} INFO - Sync 1 DAGs
[2024-06-03T10:52:03.430+0000] {logging_mixin.py:188} INFO - [2024-06-03T10:52:03.430+0000] {dag.py:3954} INFO - Setting next_dagrun for tutorial_dag to None, run_after=None
[2024-06-03T10:52:03.456+0000] {processor.py:183} INFO - Processing /home/airflow/.local/lib/python3.12/site-packages/airflow/example_dags/tutorial_dag.py took 0.093 seconds
[2024-06-03T10:52:34.165+0000] {processor.py:161} INFO - Started process (PID=15461) to work on /home/airflow/.local/lib/python3.12/site-packages/airflow/example_dags/tutorial_dag.py
[2024-06-03T10:52:34.166+0000] {processor.py:830} INFO - Processing file /home/airflow/.local/lib/python3.12/site-packages/airflow/example_dags/tutorial_dag.py for tasks to queue
[2024-06-03T10:52:34.167+0000] {logging_mixin.py:188} INFO - [2024-06-03T10:52:34.167+0000] {dagbag.py:545} INFO - Filling up the DagBag from /home/airflow/.local/lib/python3.12/site-packages/airflow/example_dags/tutorial_dag.py
[2024-06-03T10:52:34.173+0000] {processor.py:840} INFO - DAG(s) 'tutorial_dag' retrieved from /home/airflow/.local/lib/python3.12/site-packages/airflow/example_dags/tutorial_dag.py
[2024-06-03T10:52:34.203+0000] {logging_mixin.py:188} INFO - [2024-06-03T10:52:34.202+0000] {dag.py:3096} INFO - Sync 1 DAGs
[2024-06-03T10:52:34.224+0000] {logging_mixin.py:188} INFO - [2024-06-03T10:52:34.224+0000] {dag.py:3954} INFO - Setting next_dagrun for tutorial_dag to None, run_after=None
[2024-06-03T10:52:34.254+0000] {processor.py:183} INFO - Processing /home/airflow/.local/lib/python3.12/site-packages/airflow/example_dags/tutorial_dag.py took 0.096 seconds
[2024-06-03T10:53:04.635+0000] {processor.py:161} INFO - Started process (PID=15719) to work on /home/airflow/.local/lib/python3.12/site-packages/airflow/example_dags/tutorial_dag.py
[2024-06-03T10:53:04.636+0000] {processor.py:830} INFO - Processing file /home/airflow/.local/lib/python3.12/site-packages/airflow/example_dags/tutorial_dag.py for tasks to queue
[2024-06-03T10:53:04.637+0000] {logging_mixin.py:188} INFO - [2024-06-03T10:53:04.637+0000] {dagbag.py:545} INFO - Filling up the DagBag from /home/airflow/.local/lib/python3.12/site-packages/airflow/example_dags/tutorial_dag.py
[2024-06-03T10:53:04.642+0000] {processor.py:840} INFO - DAG(s) 'tutorial_dag' retrieved from /home/airflow/.local/lib/python3.12/site-packages/airflow/example_dags/tutorial_dag.py
[2024-06-03T10:53:04.666+0000] {logging_mixin.py:188} INFO - [2024-06-03T10:53:04.666+0000] {dag.py:3096} INFO - Sync 1 DAGs
[2024-06-03T10:53:04.684+0000] {logging_mixin.py:188} INFO - [2024-06-03T10:53:04.684+0000] {dag.py:3954} INFO - Setting next_dagrun for tutorial_dag to None, run_after=None
[2024-06-03T10:53:04.709+0000] {processor.py:183} INFO - Processing /home/airflow/.local/lib/python3.12/site-packages/airflow/example_dags/tutorial_dag.py took 0.082 seconds
[2024-06-03T10:53:34.810+0000] {processor.py:161} INFO - Started process (PID=15973) to work on /home/airflow/.local/lib/python3.12/site-packages/airflow/example_dags/tutorial_dag.py
[2024-06-03T10:53:34.811+0000] {processor.py:830} INFO - Processing file /home/airflow/.local/lib/python3.12/site-packages/airflow/example_dags/tutorial_dag.py for tasks to queue
[2024-06-03T10:53:34.813+0000] {logging_mixin.py:188} INFO - [2024-06-03T10:53:34.812+0000] {dagbag.py:545} INFO - Filling up the DagBag from /home/airflow/.local/lib/python3.12/site-packages/airflow/example_dags/tutorial_dag.py
[2024-06-03T10:53:34.819+0000] {processor.py:840} INFO - DAG(s) 'tutorial_dag' retrieved from /home/airflow/.local/lib/python3.12/site-packages/airflow/example_dags/tutorial_dag.py
[2024-06-03T10:53:34.847+0000] {logging_mixin.py:188} INFO - [2024-06-03T10:53:34.847+0000] {dag.py:3096} INFO - Sync 1 DAGs
[2024-06-03T10:53:34.868+0000] {logging_mixin.py:188} INFO - [2024-06-03T10:53:34.868+0000] {dag.py:3954} INFO - Setting next_dagrun for tutorial_dag to None, run_after=None
[2024-06-03T10:53:34.896+0000] {processor.py:183} INFO - Processing /home/airflow/.local/lib/python3.12/site-packages/airflow/example_dags/tutorial_dag.py took 0.093 seconds
