[2024-06-03T09:55:47.568+0000] {processor.py:161} INFO - Started process (PID=361) to work on /home/airflow/.local/lib/python3.12/site-packages/airflow/example_dags/tutorial.py
[2024-06-03T09:55:47.600+0000] {processor.py:830} INFO - Processing file /home/airflow/.local/lib/python3.12/site-packages/airflow/example_dags/tutorial.py for tasks to queue
[2024-06-03T09:55:47.632+0000] {logging_mixin.py:188} INFO - [2024-06-03T09:55:47.631+0000] {dagbag.py:545} INFO - Filling up the DagBag from /home/airflow/.local/lib/python3.12/site-packages/airflow/example_dags/tutorial.py
[2024-06-03T09:55:47.715+0000] {processor.py:840} INFO - DAG(s) 'tutorial' retrieved from /home/airflow/.local/lib/python3.12/site-packages/airflow/example_dags/tutorial.py
[2024-06-03T09:55:48.460+0000] {logging_mixin.py:188} INFO - [2024-06-03T09:55:48.459+0000] {dag.py:3096} INFO - Sync 1 DAGs
[2024-06-03T09:55:48.521+0000] {logging_mixin.py:188} INFO - [2024-06-03T09:55:48.521+0000] {dag.py:3954} INFO - Setting next_dagrun for tutorial to 2024-06-02 00:00:00+00:00, run_after=2024-06-03 00:00:00+00:00
[2024-06-03T09:55:48.759+0000] {processor.py:183} INFO - Processing /home/airflow/.local/lib/python3.12/site-packages/airflow/example_dags/tutorial.py took 1.278 seconds
[2024-06-03T09:58:29.523+0000] {processor.py:161} INFO - Started process (PID=662) to work on /home/airflow/.local/lib/python3.12/site-packages/airflow/example_dags/tutorial.py
[2024-06-03T09:58:29.526+0000] {processor.py:830} INFO - Processing file /home/airflow/.local/lib/python3.12/site-packages/airflow/example_dags/tutorial.py for tasks to queue
[2024-06-03T09:58:29.604+0000] {logging_mixin.py:188} INFO - [2024-06-03T09:58:29.603+0000] {dagbag.py:545} INFO - Filling up the DagBag from /home/airflow/.local/lib/python3.12/site-packages/airflow/example_dags/tutorial.py
[2024-06-03T09:58:29.745+0000] {processor.py:840} INFO - DAG(s) 'tutorial' retrieved from /home/airflow/.local/lib/python3.12/site-packages/airflow/example_dags/tutorial.py
[2024-06-03T09:58:30.307+0000] {logging_mixin.py:188} INFO - [2024-06-03T09:58:30.306+0000] {dag.py:3096} INFO - Sync 1 DAGs
[2024-06-03T09:58:30.568+0000] {logging_mixin.py:188} INFO - [2024-06-03T09:58:30.568+0000] {dag.py:3954} INFO - Setting next_dagrun for tutorial to 2024-06-02 00:00:00+00:00, run_after=2024-06-03 00:00:00+00:00
[2024-06-03T09:58:31.169+0000] {processor.py:183} INFO - Processing /home/airflow/.local/lib/python3.12/site-packages/airflow/example_dags/tutorial.py took 1.887 seconds
[2024-06-03T10:00:23.843+0000] {processor.py:161} INFO - Started process (PID=998) to work on /home/airflow/.local/lib/python3.12/site-packages/airflow/example_dags/tutorial.py
[2024-06-03T10:00:23.848+0000] {processor.py:830} INFO - Processing file /home/airflow/.local/lib/python3.12/site-packages/airflow/example_dags/tutorial.py for tasks to queue
[2024-06-03T10:00:23.851+0000] {logging_mixin.py:188} INFO - [2024-06-03T10:00:23.851+0000] {dagbag.py:545} INFO - Filling up the DagBag from /home/airflow/.local/lib/python3.12/site-packages/airflow/example_dags/tutorial.py
[2024-06-03T10:00:23.895+0000] {processor.py:840} INFO - DAG(s) 'tutorial' retrieved from /home/airflow/.local/lib/python3.12/site-packages/airflow/example_dags/tutorial.py
[2024-06-03T10:00:24.187+0000] {logging_mixin.py:188} INFO - [2024-06-03T10:00:24.186+0000] {dag.py:3096} INFO - Sync 1 DAGs
[2024-06-03T10:00:24.444+0000] {logging_mixin.py:188} INFO - [2024-06-03T10:00:24.433+0000] {dag.py:3954} INFO - Setting next_dagrun for tutorial to 2024-06-02 00:00:00+00:00, run_after=2024-06-03 00:00:00+00:00
[2024-06-03T10:00:24.617+0000] {processor.py:183} INFO - Processing /home/airflow/.local/lib/python3.12/site-packages/airflow/example_dags/tutorial.py took 0.832 seconds
[2024-06-03T10:01:00.968+0000] {processor.py:161} INFO - Started process (PID=1256) to work on /home/airflow/.local/lib/python3.12/site-packages/airflow/example_dags/tutorial.py
[2024-06-03T10:01:00.986+0000] {processor.py:830} INFO - Processing file /home/airflow/.local/lib/python3.12/site-packages/airflow/example_dags/tutorial.py for tasks to queue
[2024-06-03T10:01:00.989+0000] {logging_mixin.py:188} INFO - [2024-06-03T10:01:00.988+0000] {dagbag.py:545} INFO - Filling up the DagBag from /home/airflow/.local/lib/python3.12/site-packages/airflow/example_dags/tutorial.py
[2024-06-03T10:01:01.268+0000] {processor.py:840} INFO - DAG(s) 'tutorial' retrieved from /home/airflow/.local/lib/python3.12/site-packages/airflow/example_dags/tutorial.py
[2024-06-03T10:01:02.543+0000] {logging_mixin.py:188} INFO - [2024-06-03T10:01:02.543+0000] {dag.py:3096} INFO - Sync 1 DAGs
[2024-06-03T10:01:03.518+0000] {logging_mixin.py:188} INFO - [2024-06-03T10:01:03.518+0000] {dag.py:3954} INFO - Setting next_dagrun for tutorial to 2024-06-02 00:00:00+00:00, run_after=2024-06-03 00:00:00+00:00
[2024-06-03T10:01:04.681+0000] {processor.py:183} INFO - Processing /home/airflow/.local/lib/python3.12/site-packages/airflow/example_dags/tutorial.py took 3.793 seconds
[2024-06-03T10:03:52.596+0000] {processor.py:161} INFO - Started process (PID=1615) to work on /home/airflow/.local/lib/python3.12/site-packages/airflow/example_dags/tutorial.py
[2024-06-03T10:03:52.736+0000] {processor.py:830} INFO - Processing file /home/airflow/.local/lib/python3.12/site-packages/airflow/example_dags/tutorial.py for tasks to queue
[2024-06-03T10:03:52.897+0000] {logging_mixin.py:188} INFO - [2024-06-03T10:03:52.896+0000] {dagbag.py:545} INFO - Filling up the DagBag from /home/airflow/.local/lib/python3.12/site-packages/airflow/example_dags/tutorial.py
[2024-06-03T10:03:53.321+0000] {processor.py:840} INFO - DAG(s) 'tutorial' retrieved from /home/airflow/.local/lib/python3.12/site-packages/airflow/example_dags/tutorial.py
[2024-06-03T10:03:54.780+0000] {logging_mixin.py:188} INFO - [2024-06-03T10:03:54.779+0000] {dag.py:3096} INFO - Sync 1 DAGs
[2024-06-03T10:03:55.871+0000] {logging_mixin.py:188} INFO - [2024-06-03T10:03:55.870+0000] {dag.py:3954} INFO - Setting next_dagrun for tutorial to 2024-06-02 00:00:00+00:00, run_after=2024-06-03 00:00:00+00:00
[2024-06-03T10:03:57.196+0000] {processor.py:183} INFO - Processing /home/airflow/.local/lib/python3.12/site-packages/airflow/example_dags/tutorial.py took 4.841 seconds
[2024-06-03T10:05:29.009+0000] {processor.py:161} INFO - Started process (PID=1933) to work on /home/airflow/.local/lib/python3.12/site-packages/airflow/example_dags/tutorial.py
[2024-06-03T10:05:29.037+0000] {processor.py:830} INFO - Processing file /home/airflow/.local/lib/python3.12/site-packages/airflow/example_dags/tutorial.py for tasks to queue
[2024-06-03T10:05:29.047+0000] {logging_mixin.py:188} INFO - [2024-06-03T10:05:29.046+0000] {dagbag.py:545} INFO - Filling up the DagBag from /home/airflow/.local/lib/python3.12/site-packages/airflow/example_dags/tutorial.py
[2024-06-03T10:05:29.068+0000] {processor.py:840} INFO - DAG(s) 'tutorial' retrieved from /home/airflow/.local/lib/python3.12/site-packages/airflow/example_dags/tutorial.py
[2024-06-03T10:05:29.110+0000] {logging_mixin.py:188} INFO - [2024-06-03T10:05:29.110+0000] {dag.py:3096} INFO - Sync 1 DAGs
[2024-06-03T10:05:29.143+0000] {logging_mixin.py:188} INFO - [2024-06-03T10:05:29.143+0000] {dag.py:3954} INFO - Setting next_dagrun for tutorial to 2024-06-02 00:00:00+00:00, run_after=2024-06-03 00:00:00+00:00
[2024-06-03T10:05:29.198+0000] {processor.py:183} INFO - Processing /home/airflow/.local/lib/python3.12/site-packages/airflow/example_dags/tutorial.py took 0.228 seconds
[2024-06-03T10:06:45.093+0000] {processor.py:161} INFO - Started process (PID=2267) to work on /home/airflow/.local/lib/python3.12/site-packages/airflow/example_dags/tutorial.py
[2024-06-03T10:06:45.147+0000] {processor.py:830} INFO - Processing file /home/airflow/.local/lib/python3.12/site-packages/airflow/example_dags/tutorial.py for tasks to queue
[2024-06-03T10:06:45.192+0000] {logging_mixin.py:188} INFO - [2024-06-03T10:06:45.192+0000] {dagbag.py:545} INFO - Filling up the DagBag from /home/airflow/.local/lib/python3.12/site-packages/airflow/example_dags/tutorial.py
[2024-06-03T10:06:45.290+0000] {processor.py:840} INFO - DAG(s) 'tutorial' retrieved from /home/airflow/.local/lib/python3.12/site-packages/airflow/example_dags/tutorial.py
[2024-06-03T10:06:46.112+0000] {logging_mixin.py:188} INFO - [2024-06-03T10:06:46.052+0000] {dag.py:3096} INFO - Sync 1 DAGs
[2024-06-03T10:06:46.591+0000] {logging_mixin.py:188} INFO - [2024-06-03T10:06:46.574+0000] {dag.py:3954} INFO - Setting next_dagrun for tutorial to 2024-06-02 00:00:00+00:00, run_after=2024-06-03 00:00:00+00:00
[2024-06-03T10:06:47.128+0000] {processor.py:183} INFO - Processing /home/airflow/.local/lib/python3.12/site-packages/airflow/example_dags/tutorial.py took 2.597 seconds
[2024-06-03T10:22:32.942+0000] {processor.py:161} INFO - Started process (PID=363) to work on /home/airflow/.local/lib/python3.12/site-packages/airflow/example_dags/tutorial.py
[2024-06-03T10:22:32.943+0000] {processor.py:830} INFO - Processing file /home/airflow/.local/lib/python3.12/site-packages/airflow/example_dags/tutorial.py for tasks to queue
[2024-06-03T10:22:32.945+0000] {logging_mixin.py:188} INFO - [2024-06-03T10:22:32.945+0000] {dagbag.py:545} INFO - Filling up the DagBag from /home/airflow/.local/lib/python3.12/site-packages/airflow/example_dags/tutorial.py
[2024-06-03T10:22:32.954+0000] {processor.py:840} INFO - DAG(s) 'tutorial' retrieved from /home/airflow/.local/lib/python3.12/site-packages/airflow/example_dags/tutorial.py
[2024-06-03T10:22:33.111+0000] {logging_mixin.py:188} INFO - [2024-06-03T10:22:33.110+0000] {dag.py:3096} INFO - Sync 1 DAGs
[2024-06-03T10:22:33.139+0000] {logging_mixin.py:188} INFO - [2024-06-03T10:22:33.138+0000] {dag.py:3954} INFO - Setting next_dagrun for tutorial to 2024-06-02 00:00:00+00:00, run_after=2024-06-03 00:00:00+00:00
[2024-06-03T10:22:33.164+0000] {processor.py:183} INFO - Processing /home/airflow/.local/lib/python3.12/site-packages/airflow/example_dags/tutorial.py took 0.229 seconds
[2024-06-03T10:23:03.339+0000] {processor.py:161} INFO - Started process (PID=619) to work on /home/airflow/.local/lib/python3.12/site-packages/airflow/example_dags/tutorial.py
[2024-06-03T10:23:03.339+0000] {processor.py:830} INFO - Processing file /home/airflow/.local/lib/python3.12/site-packages/airflow/example_dags/tutorial.py for tasks to queue
[2024-06-03T10:23:03.341+0000] {logging_mixin.py:188} INFO - [2024-06-03T10:23:03.341+0000] {dagbag.py:545} INFO - Filling up the DagBag from /home/airflow/.local/lib/python3.12/site-packages/airflow/example_dags/tutorial.py
[2024-06-03T10:23:03.347+0000] {processor.py:840} INFO - DAG(s) 'tutorial' retrieved from /home/airflow/.local/lib/python3.12/site-packages/airflow/example_dags/tutorial.py
[2024-06-03T10:23:03.372+0000] {logging_mixin.py:188} INFO - [2024-06-03T10:23:03.371+0000] {dag.py:3096} INFO - Sync 1 DAGs
[2024-06-03T10:23:03.402+0000] {logging_mixin.py:188} INFO - [2024-06-03T10:23:03.402+0000] {dag.py:3954} INFO - Setting next_dagrun for tutorial to 2024-06-02 00:00:00+00:00, run_after=2024-06-03 00:00:00+00:00
[2024-06-03T10:23:03.426+0000] {processor.py:183} INFO - Processing /home/airflow/.local/lib/python3.12/site-packages/airflow/example_dags/tutorial.py took 0.094 seconds
[2024-06-03T10:23:33.959+0000] {processor.py:161} INFO - Started process (PID=875) to work on /home/airflow/.local/lib/python3.12/site-packages/airflow/example_dags/tutorial.py
[2024-06-03T10:23:33.960+0000] {processor.py:830} INFO - Processing file /home/airflow/.local/lib/python3.12/site-packages/airflow/example_dags/tutorial.py for tasks to queue
[2024-06-03T10:23:33.962+0000] {logging_mixin.py:188} INFO - [2024-06-03T10:23:33.961+0000] {dagbag.py:545} INFO - Filling up the DagBag from /home/airflow/.local/lib/python3.12/site-packages/airflow/example_dags/tutorial.py
[2024-06-03T10:23:33.968+0000] {processor.py:840} INFO - DAG(s) 'tutorial' retrieved from /home/airflow/.local/lib/python3.12/site-packages/airflow/example_dags/tutorial.py
[2024-06-03T10:23:33.992+0000] {logging_mixin.py:188} INFO - [2024-06-03T10:23:33.991+0000] {dag.py:3096} INFO - Sync 1 DAGs
[2024-06-03T10:23:34.021+0000] {logging_mixin.py:188} INFO - [2024-06-03T10:23:34.020+0000] {dag.py:3954} INFO - Setting next_dagrun for tutorial to 2024-06-02 00:00:00+00:00, run_after=2024-06-03 00:00:00+00:00
[2024-06-03T10:23:34.044+0000] {processor.py:183} INFO - Processing /home/airflow/.local/lib/python3.12/site-packages/airflow/example_dags/tutorial.py took 0.093 seconds
[2024-06-03T10:24:04.614+0000] {processor.py:161} INFO - Started process (PID=1131) to work on /home/airflow/.local/lib/python3.12/site-packages/airflow/example_dags/tutorial.py
[2024-06-03T10:24:04.615+0000] {processor.py:830} INFO - Processing file /home/airflow/.local/lib/python3.12/site-packages/airflow/example_dags/tutorial.py for tasks to queue
[2024-06-03T10:24:04.617+0000] {logging_mixin.py:188} INFO - [2024-06-03T10:24:04.617+0000] {dagbag.py:545} INFO - Filling up the DagBag from /home/airflow/.local/lib/python3.12/site-packages/airflow/example_dags/tutorial.py
[2024-06-03T10:24:04.624+0000] {processor.py:840} INFO - DAG(s) 'tutorial' retrieved from /home/airflow/.local/lib/python3.12/site-packages/airflow/example_dags/tutorial.py
[2024-06-03T10:24:04.648+0000] {logging_mixin.py:188} INFO - [2024-06-03T10:24:04.647+0000] {dag.py:3096} INFO - Sync 1 DAGs
[2024-06-03T10:24:04.677+0000] {logging_mixin.py:188} INFO - [2024-06-03T10:24:04.676+0000] {dag.py:3954} INFO - Setting next_dagrun for tutorial to 2024-06-02 00:00:00+00:00, run_after=2024-06-03 00:00:00+00:00
[2024-06-03T10:24:04.699+0000] {processor.py:183} INFO - Processing /home/airflow/.local/lib/python3.12/site-packages/airflow/example_dags/tutorial.py took 0.092 seconds
[2024-06-03T10:24:35.130+0000] {processor.py:161} INFO - Started process (PID=1387) to work on /home/airflow/.local/lib/python3.12/site-packages/airflow/example_dags/tutorial.py
[2024-06-03T10:24:35.131+0000] {processor.py:830} INFO - Processing file /home/airflow/.local/lib/python3.12/site-packages/airflow/example_dags/tutorial.py for tasks to queue
[2024-06-03T10:24:35.133+0000] {logging_mixin.py:188} INFO - [2024-06-03T10:24:35.132+0000] {dagbag.py:545} INFO - Filling up the DagBag from /home/airflow/.local/lib/python3.12/site-packages/airflow/example_dags/tutorial.py
[2024-06-03T10:24:35.139+0000] {processor.py:840} INFO - DAG(s) 'tutorial' retrieved from /home/airflow/.local/lib/python3.12/site-packages/airflow/example_dags/tutorial.py
[2024-06-03T10:24:35.170+0000] {logging_mixin.py:188} INFO - [2024-06-03T10:24:35.169+0000] {dag.py:3096} INFO - Sync 1 DAGs
[2024-06-03T10:24:35.207+0000] {logging_mixin.py:188} INFO - [2024-06-03T10:24:35.206+0000] {dag.py:3954} INFO - Setting next_dagrun for tutorial to 2024-06-02 00:00:00+00:00, run_after=2024-06-03 00:00:00+00:00
[2024-06-03T10:24:35.235+0000] {processor.py:183} INFO - Processing /home/airflow/.local/lib/python3.12/site-packages/airflow/example_dags/tutorial.py took 0.113 seconds
[2024-06-03T10:25:05.528+0000] {processor.py:161} INFO - Started process (PID=1645) to work on /home/airflow/.local/lib/python3.12/site-packages/airflow/example_dags/tutorial.py
[2024-06-03T10:25:05.529+0000] {processor.py:830} INFO - Processing file /home/airflow/.local/lib/python3.12/site-packages/airflow/example_dags/tutorial.py for tasks to queue
[2024-06-03T10:25:05.530+0000] {logging_mixin.py:188} INFO - [2024-06-03T10:25:05.530+0000] {dagbag.py:545} INFO - Filling up the DagBag from /home/airflow/.local/lib/python3.12/site-packages/airflow/example_dags/tutorial.py
[2024-06-03T10:25:05.536+0000] {processor.py:840} INFO - DAG(s) 'tutorial' retrieved from /home/airflow/.local/lib/python3.12/site-packages/airflow/example_dags/tutorial.py
[2024-06-03T10:25:05.560+0000] {logging_mixin.py:188} INFO - [2024-06-03T10:25:05.559+0000] {dag.py:3096} INFO - Sync 1 DAGs
[2024-06-03T10:25:05.590+0000] {logging_mixin.py:188} INFO - [2024-06-03T10:25:05.589+0000] {dag.py:3954} INFO - Setting next_dagrun for tutorial to 2024-06-02 00:00:00+00:00, run_after=2024-06-03 00:00:00+00:00
[2024-06-03T10:25:05.614+0000] {processor.py:183} INFO - Processing /home/airflow/.local/lib/python3.12/site-packages/airflow/example_dags/tutorial.py took 0.093 seconds
[2024-06-03T10:25:35.927+0000] {processor.py:161} INFO - Started process (PID=1899) to work on /home/airflow/.local/lib/python3.12/site-packages/airflow/example_dags/tutorial.py
[2024-06-03T10:25:35.928+0000] {processor.py:830} INFO - Processing file /home/airflow/.local/lib/python3.12/site-packages/airflow/example_dags/tutorial.py for tasks to queue
[2024-06-03T10:25:35.930+0000] {logging_mixin.py:188} INFO - [2024-06-03T10:25:35.930+0000] {dagbag.py:545} INFO - Filling up the DagBag from /home/airflow/.local/lib/python3.12/site-packages/airflow/example_dags/tutorial.py
[2024-06-03T10:25:35.936+0000] {processor.py:840} INFO - DAG(s) 'tutorial' retrieved from /home/airflow/.local/lib/python3.12/site-packages/airflow/example_dags/tutorial.py
[2024-06-03T10:25:35.960+0000] {logging_mixin.py:188} INFO - [2024-06-03T10:25:35.959+0000] {dag.py:3096} INFO - Sync 1 DAGs
[2024-06-03T10:25:35.990+0000] {logging_mixin.py:188} INFO - [2024-06-03T10:25:35.989+0000] {dag.py:3954} INFO - Setting next_dagrun for tutorial to 2024-06-02 00:00:00+00:00, run_after=2024-06-03 00:00:00+00:00
[2024-06-03T10:25:36.013+0000] {processor.py:183} INFO - Processing /home/airflow/.local/lib/python3.12/site-packages/airflow/example_dags/tutorial.py took 0.093 seconds
[2024-06-03T10:26:06.521+0000] {processor.py:161} INFO - Started process (PID=2155) to work on /home/airflow/.local/lib/python3.12/site-packages/airflow/example_dags/tutorial.py
[2024-06-03T10:26:06.523+0000] {processor.py:830} INFO - Processing file /home/airflow/.local/lib/python3.12/site-packages/airflow/example_dags/tutorial.py for tasks to queue
[2024-06-03T10:26:06.525+0000] {logging_mixin.py:188} INFO - [2024-06-03T10:26:06.524+0000] {dagbag.py:545} INFO - Filling up the DagBag from /home/airflow/.local/lib/python3.12/site-packages/airflow/example_dags/tutorial.py
[2024-06-03T10:26:06.533+0000] {processor.py:840} INFO - DAG(s) 'tutorial' retrieved from /home/airflow/.local/lib/python3.12/site-packages/airflow/example_dags/tutorial.py
[2024-06-03T10:26:06.558+0000] {logging_mixin.py:188} INFO - [2024-06-03T10:26:06.558+0000] {dag.py:3096} INFO - Sync 1 DAGs
[2024-06-03T10:26:06.589+0000] {logging_mixin.py:188} INFO - [2024-06-03T10:26:06.588+0000] {dag.py:3954} INFO - Setting next_dagrun for tutorial to 2024-06-02 00:00:00+00:00, run_after=2024-06-03 00:00:00+00:00
[2024-06-03T10:26:06.613+0000] {processor.py:183} INFO - Processing /home/airflow/.local/lib/python3.12/site-packages/airflow/example_dags/tutorial.py took 0.099 seconds
[2024-06-03T10:26:36.751+0000] {processor.py:161} INFO - Started process (PID=2411) to work on /home/airflow/.local/lib/python3.12/site-packages/airflow/example_dags/tutorial.py
[2024-06-03T10:26:36.751+0000] {processor.py:830} INFO - Processing file /home/airflow/.local/lib/python3.12/site-packages/airflow/example_dags/tutorial.py for tasks to queue
[2024-06-03T10:26:36.753+0000] {logging_mixin.py:188} INFO - [2024-06-03T10:26:36.753+0000] {dagbag.py:545} INFO - Filling up the DagBag from /home/airflow/.local/lib/python3.12/site-packages/airflow/example_dags/tutorial.py
[2024-06-03T10:26:36.760+0000] {processor.py:840} INFO - DAG(s) 'tutorial' retrieved from /home/airflow/.local/lib/python3.12/site-packages/airflow/example_dags/tutorial.py
[2024-06-03T10:26:36.788+0000] {logging_mixin.py:188} INFO - [2024-06-03T10:26:36.788+0000] {dag.py:3096} INFO - Sync 1 DAGs
[2024-06-03T10:26:36.818+0000] {logging_mixin.py:188} INFO - [2024-06-03T10:26:36.818+0000] {dag.py:3954} INFO - Setting next_dagrun for tutorial to 2024-06-02 00:00:00+00:00, run_after=2024-06-03 00:00:00+00:00
[2024-06-03T10:26:36.840+0000] {processor.py:183} INFO - Processing /home/airflow/.local/lib/python3.12/site-packages/airflow/example_dags/tutorial.py took 0.096 seconds
[2024-06-03T10:27:07.296+0000] {processor.py:161} INFO - Started process (PID=2667) to work on /home/airflow/.local/lib/python3.12/site-packages/airflow/example_dags/tutorial.py
[2024-06-03T10:27:07.297+0000] {processor.py:830} INFO - Processing file /home/airflow/.local/lib/python3.12/site-packages/airflow/example_dags/tutorial.py for tasks to queue
[2024-06-03T10:27:07.299+0000] {logging_mixin.py:188} INFO - [2024-06-03T10:27:07.298+0000] {dagbag.py:545} INFO - Filling up the DagBag from /home/airflow/.local/lib/python3.12/site-packages/airflow/example_dags/tutorial.py
[2024-06-03T10:27:07.305+0000] {processor.py:840} INFO - DAG(s) 'tutorial' retrieved from /home/airflow/.local/lib/python3.12/site-packages/airflow/example_dags/tutorial.py
[2024-06-03T10:27:07.329+0000] {logging_mixin.py:188} INFO - [2024-06-03T10:27:07.329+0000] {dag.py:3096} INFO - Sync 1 DAGs
[2024-06-03T10:27:07.361+0000] {logging_mixin.py:188} INFO - [2024-06-03T10:27:07.361+0000] {dag.py:3954} INFO - Setting next_dagrun for tutorial to 2024-06-02 00:00:00+00:00, run_after=2024-06-03 00:00:00+00:00
[2024-06-03T10:27:07.383+0000] {processor.py:183} INFO - Processing /home/airflow/.local/lib/python3.12/site-packages/airflow/example_dags/tutorial.py took 0.095 seconds
[2024-06-03T10:27:37.541+0000] {processor.py:161} INFO - Started process (PID=2923) to work on /home/airflow/.local/lib/python3.12/site-packages/airflow/example_dags/tutorial.py
[2024-06-03T10:27:37.541+0000] {processor.py:830} INFO - Processing file /home/airflow/.local/lib/python3.12/site-packages/airflow/example_dags/tutorial.py for tasks to queue
[2024-06-03T10:27:37.543+0000] {logging_mixin.py:188} INFO - [2024-06-03T10:27:37.543+0000] {dagbag.py:545} INFO - Filling up the DagBag from /home/airflow/.local/lib/python3.12/site-packages/airflow/example_dags/tutorial.py
[2024-06-03T10:27:37.550+0000] {processor.py:840} INFO - DAG(s) 'tutorial' retrieved from /home/airflow/.local/lib/python3.12/site-packages/airflow/example_dags/tutorial.py
[2024-06-03T10:27:37.574+0000] {logging_mixin.py:188} INFO - [2024-06-03T10:27:37.574+0000] {dag.py:3096} INFO - Sync 1 DAGs
[2024-06-03T10:27:37.606+0000] {logging_mixin.py:188} INFO - [2024-06-03T10:27:37.605+0000] {dag.py:3954} INFO - Setting next_dagrun for tutorial to 2024-06-02 00:00:00+00:00, run_after=2024-06-03 00:00:00+00:00
[2024-06-03T10:27:37.628+0000] {processor.py:183} INFO - Processing /home/airflow/.local/lib/python3.12/site-packages/airflow/example_dags/tutorial.py took 0.094 seconds
[2024-06-03T10:28:07.771+0000] {processor.py:161} INFO - Started process (PID=3179) to work on /home/airflow/.local/lib/python3.12/site-packages/airflow/example_dags/tutorial.py
[2024-06-03T10:28:07.773+0000] {processor.py:830} INFO - Processing file /home/airflow/.local/lib/python3.12/site-packages/airflow/example_dags/tutorial.py for tasks to queue
[2024-06-03T10:28:07.774+0000] {logging_mixin.py:188} INFO - [2024-06-03T10:28:07.774+0000] {dagbag.py:545} INFO - Filling up the DagBag from /home/airflow/.local/lib/python3.12/site-packages/airflow/example_dags/tutorial.py
[2024-06-03T10:28:07.780+0000] {processor.py:840} INFO - DAG(s) 'tutorial' retrieved from /home/airflow/.local/lib/python3.12/site-packages/airflow/example_dags/tutorial.py
[2024-06-03T10:28:07.805+0000] {logging_mixin.py:188} INFO - [2024-06-03T10:28:07.805+0000] {dag.py:3096} INFO - Sync 1 DAGs
[2024-06-03T10:28:07.835+0000] {logging_mixin.py:188} INFO - [2024-06-03T10:28:07.834+0000] {dag.py:3954} INFO - Setting next_dagrun for tutorial to 2024-06-02 00:00:00+00:00, run_after=2024-06-03 00:00:00+00:00
[2024-06-03T10:28:07.859+0000] {processor.py:183} INFO - Processing /home/airflow/.local/lib/python3.12/site-packages/airflow/example_dags/tutorial.py took 0.094 seconds
[2024-06-03T10:28:37.975+0000] {processor.py:161} INFO - Started process (PID=3435) to work on /home/airflow/.local/lib/python3.12/site-packages/airflow/example_dags/tutorial.py
[2024-06-03T10:28:37.976+0000] {processor.py:830} INFO - Processing file /home/airflow/.local/lib/python3.12/site-packages/airflow/example_dags/tutorial.py for tasks to queue
[2024-06-03T10:28:37.978+0000] {logging_mixin.py:188} INFO - [2024-06-03T10:28:37.977+0000] {dagbag.py:545} INFO - Filling up the DagBag from /home/airflow/.local/lib/python3.12/site-packages/airflow/example_dags/tutorial.py
[2024-06-03T10:28:37.984+0000] {processor.py:840} INFO - DAG(s) 'tutorial' retrieved from /home/airflow/.local/lib/python3.12/site-packages/airflow/example_dags/tutorial.py
[2024-06-03T10:28:38.011+0000] {logging_mixin.py:188} INFO - [2024-06-03T10:28:38.011+0000] {dag.py:3096} INFO - Sync 1 DAGs
[2024-06-03T10:28:38.042+0000] {logging_mixin.py:188} INFO - [2024-06-03T10:28:38.042+0000] {dag.py:3954} INFO - Setting next_dagrun for tutorial to 2024-06-02 00:00:00+00:00, run_after=2024-06-03 00:00:00+00:00
[2024-06-03T10:28:38.064+0000] {processor.py:183} INFO - Processing /home/airflow/.local/lib/python3.12/site-packages/airflow/example_dags/tutorial.py took 0.096 seconds
[2024-06-03T10:29:08.347+0000] {processor.py:161} INFO - Started process (PID=3691) to work on /home/airflow/.local/lib/python3.12/site-packages/airflow/example_dags/tutorial.py
[2024-06-03T10:29:08.348+0000] {processor.py:830} INFO - Processing file /home/airflow/.local/lib/python3.12/site-packages/airflow/example_dags/tutorial.py for tasks to queue
[2024-06-03T10:29:08.349+0000] {logging_mixin.py:188} INFO - [2024-06-03T10:29:08.349+0000] {dagbag.py:545} INFO - Filling up the DagBag from /home/airflow/.local/lib/python3.12/site-packages/airflow/example_dags/tutorial.py
[2024-06-03T10:29:08.356+0000] {processor.py:840} INFO - DAG(s) 'tutorial' retrieved from /home/airflow/.local/lib/python3.12/site-packages/airflow/example_dags/tutorial.py
[2024-06-03T10:29:08.379+0000] {logging_mixin.py:188} INFO - [2024-06-03T10:29:08.379+0000] {dag.py:3096} INFO - Sync 1 DAGs
[2024-06-03T10:29:08.409+0000] {logging_mixin.py:188} INFO - [2024-06-03T10:29:08.408+0000] {dag.py:3954} INFO - Setting next_dagrun for tutorial to 2024-06-02 00:00:00+00:00, run_after=2024-06-03 00:00:00+00:00
[2024-06-03T10:29:08.431+0000] {processor.py:183} INFO - Processing /home/airflow/.local/lib/python3.12/site-packages/airflow/example_dags/tutorial.py took 0.091 seconds
[2024-06-03T10:29:38.674+0000] {processor.py:161} INFO - Started process (PID=3947) to work on /home/airflow/.local/lib/python3.12/site-packages/airflow/example_dags/tutorial.py
[2024-06-03T10:29:38.675+0000] {processor.py:830} INFO - Processing file /home/airflow/.local/lib/python3.12/site-packages/airflow/example_dags/tutorial.py for tasks to queue
[2024-06-03T10:29:38.676+0000] {logging_mixin.py:188} INFO - [2024-06-03T10:29:38.676+0000] {dagbag.py:545} INFO - Filling up the DagBag from /home/airflow/.local/lib/python3.12/site-packages/airflow/example_dags/tutorial.py
[2024-06-03T10:29:38.683+0000] {processor.py:840} INFO - DAG(s) 'tutorial' retrieved from /home/airflow/.local/lib/python3.12/site-packages/airflow/example_dags/tutorial.py
[2024-06-03T10:29:38.707+0000] {logging_mixin.py:188} INFO - [2024-06-03T10:29:38.707+0000] {dag.py:3096} INFO - Sync 1 DAGs
[2024-06-03T10:29:38.737+0000] {logging_mixin.py:188} INFO - [2024-06-03T10:29:38.737+0000] {dag.py:3954} INFO - Setting next_dagrun for tutorial to 2024-06-02 00:00:00+00:00, run_after=2024-06-03 00:00:00+00:00
[2024-06-03T10:29:38.760+0000] {processor.py:183} INFO - Processing /home/airflow/.local/lib/python3.12/site-packages/airflow/example_dags/tutorial.py took 0.093 seconds
[2024-06-03T10:30:08.973+0000] {processor.py:161} INFO - Started process (PID=4205) to work on /home/airflow/.local/lib/python3.12/site-packages/airflow/example_dags/tutorial.py
[2024-06-03T10:30:08.974+0000] {processor.py:830} INFO - Processing file /home/airflow/.local/lib/python3.12/site-packages/airflow/example_dags/tutorial.py for tasks to queue
[2024-06-03T10:30:08.976+0000] {logging_mixin.py:188} INFO - [2024-06-03T10:30:08.976+0000] {dagbag.py:545} INFO - Filling up the DagBag from /home/airflow/.local/lib/python3.12/site-packages/airflow/example_dags/tutorial.py
[2024-06-03T10:30:08.982+0000] {processor.py:840} INFO - DAG(s) 'tutorial' retrieved from /home/airflow/.local/lib/python3.12/site-packages/airflow/example_dags/tutorial.py
[2024-06-03T10:30:09.006+0000] {logging_mixin.py:188} INFO - [2024-06-03T10:30:09.006+0000] {dag.py:3096} INFO - Sync 1 DAGs
[2024-06-03T10:30:09.035+0000] {logging_mixin.py:188} INFO - [2024-06-03T10:30:09.035+0000] {dag.py:3954} INFO - Setting next_dagrun for tutorial to 2024-06-02 00:00:00+00:00, run_after=2024-06-03 00:00:00+00:00
[2024-06-03T10:30:09.057+0000] {processor.py:183} INFO - Processing /home/airflow/.local/lib/python3.12/site-packages/airflow/example_dags/tutorial.py took 0.090 seconds
[2024-06-03T10:30:39.162+0000] {processor.py:161} INFO - Started process (PID=4461) to work on /home/airflow/.local/lib/python3.12/site-packages/airflow/example_dags/tutorial.py
[2024-06-03T10:30:39.163+0000] {processor.py:830} INFO - Processing file /home/airflow/.local/lib/python3.12/site-packages/airflow/example_dags/tutorial.py for tasks to queue
[2024-06-03T10:30:39.165+0000] {logging_mixin.py:188} INFO - [2024-06-03T10:30:39.164+0000] {dagbag.py:545} INFO - Filling up the DagBag from /home/airflow/.local/lib/python3.12/site-packages/airflow/example_dags/tutorial.py
[2024-06-03T10:30:39.171+0000] {processor.py:840} INFO - DAG(s) 'tutorial' retrieved from /home/airflow/.local/lib/python3.12/site-packages/airflow/example_dags/tutorial.py
[2024-06-03T10:30:39.195+0000] {logging_mixin.py:188} INFO - [2024-06-03T10:30:39.195+0000] {dag.py:3096} INFO - Sync 1 DAGs
[2024-06-03T10:30:39.225+0000] {logging_mixin.py:188} INFO - [2024-06-03T10:30:39.225+0000] {dag.py:3954} INFO - Setting next_dagrun for tutorial to 2024-06-02 00:00:00+00:00, run_after=2024-06-03 00:00:00+00:00
[2024-06-03T10:30:39.249+0000] {processor.py:183} INFO - Processing /home/airflow/.local/lib/python3.12/site-packages/airflow/example_dags/tutorial.py took 0.093 seconds
[2024-06-03T10:31:09.545+0000] {processor.py:161} INFO - Started process (PID=4715) to work on /home/airflow/.local/lib/python3.12/site-packages/airflow/example_dags/tutorial.py
[2024-06-03T10:31:09.546+0000] {processor.py:830} INFO - Processing file /home/airflow/.local/lib/python3.12/site-packages/airflow/example_dags/tutorial.py for tasks to queue
[2024-06-03T10:31:09.548+0000] {logging_mixin.py:188} INFO - [2024-06-03T10:31:09.547+0000] {dagbag.py:545} INFO - Filling up the DagBag from /home/airflow/.local/lib/python3.12/site-packages/airflow/example_dags/tutorial.py
[2024-06-03T10:31:09.554+0000] {processor.py:840} INFO - DAG(s) 'tutorial' retrieved from /home/airflow/.local/lib/python3.12/site-packages/airflow/example_dags/tutorial.py
[2024-06-03T10:31:09.581+0000] {logging_mixin.py:188} INFO - [2024-06-03T10:31:09.580+0000] {dag.py:3096} INFO - Sync 1 DAGs
[2024-06-03T10:31:09.617+0000] {logging_mixin.py:188} INFO - [2024-06-03T10:31:09.617+0000] {dag.py:3954} INFO - Setting next_dagrun for tutorial to 2024-06-02 00:00:00+00:00, run_after=2024-06-03 00:00:00+00:00
[2024-06-03T10:31:09.647+0000] {processor.py:183} INFO - Processing /home/airflow/.local/lib/python3.12/site-packages/airflow/example_dags/tutorial.py took 0.108 seconds
[2024-06-03T10:31:39.768+0000] {processor.py:161} INFO - Started process (PID=4971) to work on /home/airflow/.local/lib/python3.12/site-packages/airflow/example_dags/tutorial.py
[2024-06-03T10:31:39.769+0000] {processor.py:830} INFO - Processing file /home/airflow/.local/lib/python3.12/site-packages/airflow/example_dags/tutorial.py for tasks to queue
[2024-06-03T10:31:39.771+0000] {logging_mixin.py:188} INFO - [2024-06-03T10:31:39.770+0000] {dagbag.py:545} INFO - Filling up the DagBag from /home/airflow/.local/lib/python3.12/site-packages/airflow/example_dags/tutorial.py
[2024-06-03T10:31:39.777+0000] {processor.py:840} INFO - DAG(s) 'tutorial' retrieved from /home/airflow/.local/lib/python3.12/site-packages/airflow/example_dags/tutorial.py
[2024-06-03T10:31:39.801+0000] {logging_mixin.py:188} INFO - [2024-06-03T10:31:39.801+0000] {dag.py:3096} INFO - Sync 1 DAGs
[2024-06-03T10:31:39.832+0000] {logging_mixin.py:188} INFO - [2024-06-03T10:31:39.831+0000] {dag.py:3954} INFO - Setting next_dagrun for tutorial to 2024-06-02 00:00:00+00:00, run_after=2024-06-03 00:00:00+00:00
[2024-06-03T10:31:39.855+0000] {processor.py:183} INFO - Processing /home/airflow/.local/lib/python3.12/site-packages/airflow/example_dags/tutorial.py took 0.094 seconds
[2024-06-03T10:32:10.158+0000] {processor.py:161} INFO - Started process (PID=5229) to work on /home/airflow/.local/lib/python3.12/site-packages/airflow/example_dags/tutorial.py
[2024-06-03T10:32:10.159+0000] {processor.py:830} INFO - Processing file /home/airflow/.local/lib/python3.12/site-packages/airflow/example_dags/tutorial.py for tasks to queue
[2024-06-03T10:32:10.161+0000] {logging_mixin.py:188} INFO - [2024-06-03T10:32:10.160+0000] {dagbag.py:545} INFO - Filling up the DagBag from /home/airflow/.local/lib/python3.12/site-packages/airflow/example_dags/tutorial.py
[2024-06-03T10:32:10.167+0000] {processor.py:840} INFO - DAG(s) 'tutorial' retrieved from /home/airflow/.local/lib/python3.12/site-packages/airflow/example_dags/tutorial.py
[2024-06-03T10:32:10.191+0000] {logging_mixin.py:188} INFO - [2024-06-03T10:32:10.191+0000] {dag.py:3096} INFO - Sync 1 DAGs
[2024-06-03T10:32:10.221+0000] {logging_mixin.py:188} INFO - [2024-06-03T10:32:10.220+0000] {dag.py:3954} INFO - Setting next_dagrun for tutorial to 2024-06-02 00:00:00+00:00, run_after=2024-06-03 00:00:00+00:00
[2024-06-03T10:32:10.243+0000] {processor.py:183} INFO - Processing /home/airflow/.local/lib/python3.12/site-packages/airflow/example_dags/tutorial.py took 0.091 seconds
[2024-06-03T10:32:40.369+0000] {processor.py:161} INFO - Started process (PID=5483) to work on /home/airflow/.local/lib/python3.12/site-packages/airflow/example_dags/tutorial.py
[2024-06-03T10:32:40.370+0000] {processor.py:830} INFO - Processing file /home/airflow/.local/lib/python3.12/site-packages/airflow/example_dags/tutorial.py for tasks to queue
[2024-06-03T10:32:40.372+0000] {logging_mixin.py:188} INFO - [2024-06-03T10:32:40.371+0000] {dagbag.py:545} INFO - Filling up the DagBag from /home/airflow/.local/lib/python3.12/site-packages/airflow/example_dags/tutorial.py
[2024-06-03T10:32:40.378+0000] {processor.py:840} INFO - DAG(s) 'tutorial' retrieved from /home/airflow/.local/lib/python3.12/site-packages/airflow/example_dags/tutorial.py
[2024-06-03T10:32:40.402+0000] {logging_mixin.py:188} INFO - [2024-06-03T10:32:40.401+0000] {dag.py:3096} INFO - Sync 1 DAGs
[2024-06-03T10:32:40.431+0000] {logging_mixin.py:188} INFO - [2024-06-03T10:32:40.431+0000] {dag.py:3954} INFO - Setting next_dagrun for tutorial to 2024-06-02 00:00:00+00:00, run_after=2024-06-03 00:00:00+00:00
[2024-06-03T10:32:40.454+0000] {processor.py:183} INFO - Processing /home/airflow/.local/lib/python3.12/site-packages/airflow/example_dags/tutorial.py took 0.091 seconds
[2024-06-03T10:33:10.690+0000] {processor.py:161} INFO - Started process (PID=5739) to work on /home/airflow/.local/lib/python3.12/site-packages/airflow/example_dags/tutorial.py
[2024-06-03T10:33:10.691+0000] {processor.py:830} INFO - Processing file /home/airflow/.local/lib/python3.12/site-packages/airflow/example_dags/tutorial.py for tasks to queue
[2024-06-03T10:33:10.692+0000] {logging_mixin.py:188} INFO - [2024-06-03T10:33:10.692+0000] {dagbag.py:545} INFO - Filling up the DagBag from /home/airflow/.local/lib/python3.12/site-packages/airflow/example_dags/tutorial.py
[2024-06-03T10:33:10.699+0000] {processor.py:840} INFO - DAG(s) 'tutorial' retrieved from /home/airflow/.local/lib/python3.12/site-packages/airflow/example_dags/tutorial.py
[2024-06-03T10:33:10.727+0000] {logging_mixin.py:188} INFO - [2024-06-03T10:33:10.726+0000] {dag.py:3096} INFO - Sync 1 DAGs
[2024-06-03T10:33:10.763+0000] {logging_mixin.py:188} INFO - [2024-06-03T10:33:10.763+0000] {dag.py:3954} INFO - Setting next_dagrun for tutorial to 2024-06-02 00:00:00+00:00, run_after=2024-06-03 00:00:00+00:00
[2024-06-03T10:33:10.786+0000] {processor.py:183} INFO - Processing /home/airflow/.local/lib/python3.12/site-packages/airflow/example_dags/tutorial.py took 0.104 seconds
[2024-06-03T10:33:41.898+0000] {processor.py:161} INFO - Started process (PID=5995) to work on /home/airflow/.local/lib/python3.12/site-packages/airflow/example_dags/tutorial.py
[2024-06-03T10:33:41.899+0000] {processor.py:830} INFO - Processing file /home/airflow/.local/lib/python3.12/site-packages/airflow/example_dags/tutorial.py for tasks to queue
[2024-06-03T10:33:41.900+0000] {logging_mixin.py:188} INFO - [2024-06-03T10:33:41.900+0000] {dagbag.py:545} INFO - Filling up the DagBag from /home/airflow/.local/lib/python3.12/site-packages/airflow/example_dags/tutorial.py
[2024-06-03T10:33:41.907+0000] {processor.py:840} INFO - DAG(s) 'tutorial' retrieved from /home/airflow/.local/lib/python3.12/site-packages/airflow/example_dags/tutorial.py
[2024-06-03T10:33:41.936+0000] {logging_mixin.py:188} INFO - [2024-06-03T10:33:41.935+0000] {dag.py:3096} INFO - Sync 1 DAGs
[2024-06-03T10:33:41.970+0000] {logging_mixin.py:188} INFO - [2024-06-03T10:33:41.969+0000] {dag.py:3954} INFO - Setting next_dagrun for tutorial to 2024-06-02 00:00:00+00:00, run_after=2024-06-03 00:00:00+00:00
[2024-06-03T10:33:41.999+0000] {processor.py:183} INFO - Processing /home/airflow/.local/lib/python3.12/site-packages/airflow/example_dags/tutorial.py took 0.109 seconds
[2024-06-03T10:34:12.853+0000] {processor.py:161} INFO - Started process (PID=6251) to work on /home/airflow/.local/lib/python3.12/site-packages/airflow/example_dags/tutorial.py
[2024-06-03T10:34:12.854+0000] {processor.py:830} INFO - Processing file /home/airflow/.local/lib/python3.12/site-packages/airflow/example_dags/tutorial.py for tasks to queue
[2024-06-03T10:34:12.855+0000] {logging_mixin.py:188} INFO - [2024-06-03T10:34:12.855+0000] {dagbag.py:545} INFO - Filling up the DagBag from /home/airflow/.local/lib/python3.12/site-packages/airflow/example_dags/tutorial.py
[2024-06-03T10:34:12.862+0000] {processor.py:840} INFO - DAG(s) 'tutorial' retrieved from /home/airflow/.local/lib/python3.12/site-packages/airflow/example_dags/tutorial.py
[2024-06-03T10:34:12.888+0000] {logging_mixin.py:188} INFO - [2024-06-03T10:34:12.887+0000] {dag.py:3096} INFO - Sync 1 DAGs
[2024-06-03T10:34:12.919+0000] {logging_mixin.py:188} INFO - [2024-06-03T10:34:12.919+0000] {dag.py:3954} INFO - Setting next_dagrun for tutorial to 2024-06-02 00:00:00+00:00, run_after=2024-06-03 00:00:00+00:00
[2024-06-03T10:34:12.943+0000] {processor.py:183} INFO - Processing /home/airflow/.local/lib/python3.12/site-packages/airflow/example_dags/tutorial.py took 0.097 seconds
[2024-06-03T10:34:43.442+0000] {processor.py:161} INFO - Started process (PID=6507) to work on /home/airflow/.local/lib/python3.12/site-packages/airflow/example_dags/tutorial.py
[2024-06-03T10:34:43.443+0000] {processor.py:830} INFO - Processing file /home/airflow/.local/lib/python3.12/site-packages/airflow/example_dags/tutorial.py for tasks to queue
[2024-06-03T10:34:43.445+0000] {logging_mixin.py:188} INFO - [2024-06-03T10:34:43.445+0000] {dagbag.py:545} INFO - Filling up the DagBag from /home/airflow/.local/lib/python3.12/site-packages/airflow/example_dags/tutorial.py
[2024-06-03T10:34:43.451+0000] {processor.py:840} INFO - DAG(s) 'tutorial' retrieved from /home/airflow/.local/lib/python3.12/site-packages/airflow/example_dags/tutorial.py
[2024-06-03T10:34:43.478+0000] {logging_mixin.py:188} INFO - [2024-06-03T10:34:43.477+0000] {dag.py:3096} INFO - Sync 1 DAGs
[2024-06-03T10:34:43.511+0000] {logging_mixin.py:188} INFO - [2024-06-03T10:34:43.510+0000] {dag.py:3954} INFO - Setting next_dagrun for tutorial to 2024-06-02 00:00:00+00:00, run_after=2024-06-03 00:00:00+00:00
[2024-06-03T10:34:43.537+0000] {processor.py:183} INFO - Processing /home/airflow/.local/lib/python3.12/site-packages/airflow/example_dags/tutorial.py took 0.102 seconds
[2024-06-03T10:35:13.823+0000] {processor.py:161} INFO - Started process (PID=6765) to work on /home/airflow/.local/lib/python3.12/site-packages/airflow/example_dags/tutorial.py
[2024-06-03T10:35:13.823+0000] {processor.py:830} INFO - Processing file /home/airflow/.local/lib/python3.12/site-packages/airflow/example_dags/tutorial.py for tasks to queue
[2024-06-03T10:35:13.825+0000] {logging_mixin.py:188} INFO - [2024-06-03T10:35:13.825+0000] {dagbag.py:545} INFO - Filling up the DagBag from /home/airflow/.local/lib/python3.12/site-packages/airflow/example_dags/tutorial.py
[2024-06-03T10:35:13.831+0000] {processor.py:840} INFO - DAG(s) 'tutorial' retrieved from /home/airflow/.local/lib/python3.12/site-packages/airflow/example_dags/tutorial.py
[2024-06-03T10:35:13.857+0000] {logging_mixin.py:188} INFO - [2024-06-03T10:35:13.857+0000] {dag.py:3096} INFO - Sync 1 DAGs
[2024-06-03T10:35:13.889+0000] {logging_mixin.py:188} INFO - [2024-06-03T10:35:13.888+0000] {dag.py:3954} INFO - Setting next_dagrun for tutorial to 2024-06-02 00:00:00+00:00, run_after=2024-06-03 00:00:00+00:00
[2024-06-03T10:35:13.914+0000] {processor.py:183} INFO - Processing /home/airflow/.local/lib/python3.12/site-packages/airflow/example_dags/tutorial.py took 0.098 seconds
[2024-06-03T10:35:44.144+0000] {processor.py:161} INFO - Started process (PID=7019) to work on /home/airflow/.local/lib/python3.12/site-packages/airflow/example_dags/tutorial.py
[2024-06-03T10:35:44.145+0000] {processor.py:830} INFO - Processing file /home/airflow/.local/lib/python3.12/site-packages/airflow/example_dags/tutorial.py for tasks to queue
[2024-06-03T10:35:44.147+0000] {logging_mixin.py:188} INFO - [2024-06-03T10:35:44.146+0000] {dagbag.py:545} INFO - Filling up the DagBag from /home/airflow/.local/lib/python3.12/site-packages/airflow/example_dags/tutorial.py
[2024-06-03T10:35:44.154+0000] {processor.py:840} INFO - DAG(s) 'tutorial' retrieved from /home/airflow/.local/lib/python3.12/site-packages/airflow/example_dags/tutorial.py
[2024-06-03T10:35:44.180+0000] {logging_mixin.py:188} INFO - [2024-06-03T10:35:44.180+0000] {dag.py:3096} INFO - Sync 1 DAGs
[2024-06-03T10:35:44.212+0000] {logging_mixin.py:188} INFO - [2024-06-03T10:35:44.211+0000] {dag.py:3954} INFO - Setting next_dagrun for tutorial to 2024-06-02 00:00:00+00:00, run_after=2024-06-03 00:00:00+00:00
[2024-06-03T10:35:44.237+0000] {processor.py:183} INFO - Processing /home/airflow/.local/lib/python3.12/site-packages/airflow/example_dags/tutorial.py took 0.099 seconds
[2024-06-03T10:36:15.287+0000] {processor.py:161} INFO - Started process (PID=7275) to work on /home/airflow/.local/lib/python3.12/site-packages/airflow/example_dags/tutorial.py
[2024-06-03T10:36:15.287+0000] {processor.py:830} INFO - Processing file /home/airflow/.local/lib/python3.12/site-packages/airflow/example_dags/tutorial.py for tasks to queue
[2024-06-03T10:36:15.289+0000] {logging_mixin.py:188} INFO - [2024-06-03T10:36:15.289+0000] {dagbag.py:545} INFO - Filling up the DagBag from /home/airflow/.local/lib/python3.12/site-packages/airflow/example_dags/tutorial.py
[2024-06-03T10:36:15.296+0000] {processor.py:840} INFO - DAG(s) 'tutorial' retrieved from /home/airflow/.local/lib/python3.12/site-packages/airflow/example_dags/tutorial.py
[2024-06-03T10:36:15.321+0000] {logging_mixin.py:188} INFO - [2024-06-03T10:36:15.320+0000] {dag.py:3096} INFO - Sync 1 DAGs
[2024-06-03T10:36:15.356+0000] {logging_mixin.py:188} INFO - [2024-06-03T10:36:15.356+0000] {dag.py:3954} INFO - Setting next_dagrun for tutorial to 2024-06-02 00:00:00+00:00, run_after=2024-06-03 00:00:00+00:00
[2024-06-03T10:36:15.380+0000] {processor.py:183} INFO - Processing /home/airflow/.local/lib/python3.12/site-packages/airflow/example_dags/tutorial.py took 0.102 seconds
[2024-06-03T10:36:45.901+0000] {processor.py:161} INFO - Started process (PID=7533) to work on /home/airflow/.local/lib/python3.12/site-packages/airflow/example_dags/tutorial.py
[2024-06-03T10:36:45.903+0000] {processor.py:830} INFO - Processing file /home/airflow/.local/lib/python3.12/site-packages/airflow/example_dags/tutorial.py for tasks to queue
[2024-06-03T10:36:45.904+0000] {logging_mixin.py:188} INFO - [2024-06-03T10:36:45.904+0000] {dagbag.py:545} INFO - Filling up the DagBag from /home/airflow/.local/lib/python3.12/site-packages/airflow/example_dags/tutorial.py
[2024-06-03T10:36:45.910+0000] {processor.py:840} INFO - DAG(s) 'tutorial' retrieved from /home/airflow/.local/lib/python3.12/site-packages/airflow/example_dags/tutorial.py
[2024-06-03T10:36:45.937+0000] {logging_mixin.py:188} INFO - [2024-06-03T10:36:45.936+0000] {dag.py:3096} INFO - Sync 1 DAGs
[2024-06-03T10:36:45.968+0000] {logging_mixin.py:188} INFO - [2024-06-03T10:36:45.968+0000] {dag.py:3954} INFO - Setting next_dagrun for tutorial to 2024-06-02 00:00:00+00:00, run_after=2024-06-03 00:00:00+00:00
[2024-06-03T10:36:45.994+0000] {processor.py:183} INFO - Processing /home/airflow/.local/lib/python3.12/site-packages/airflow/example_dags/tutorial.py took 0.100 seconds
[2024-06-03T10:37:16.893+0000] {processor.py:161} INFO - Started process (PID=7787) to work on /home/airflow/.local/lib/python3.12/site-packages/airflow/example_dags/tutorial.py
[2024-06-03T10:37:16.894+0000] {processor.py:830} INFO - Processing file /home/airflow/.local/lib/python3.12/site-packages/airflow/example_dags/tutorial.py for tasks to queue
[2024-06-03T10:37:16.895+0000] {logging_mixin.py:188} INFO - [2024-06-03T10:37:16.895+0000] {dagbag.py:545} INFO - Filling up the DagBag from /home/airflow/.local/lib/python3.12/site-packages/airflow/example_dags/tutorial.py
[2024-06-03T10:37:16.901+0000] {processor.py:840} INFO - DAG(s) 'tutorial' retrieved from /home/airflow/.local/lib/python3.12/site-packages/airflow/example_dags/tutorial.py
[2024-06-03T10:37:16.931+0000] {logging_mixin.py:188} INFO - [2024-06-03T10:37:16.931+0000] {dag.py:3096} INFO - Sync 1 DAGs
[2024-06-03T10:37:16.969+0000] {logging_mixin.py:188} INFO - [2024-06-03T10:37:16.969+0000] {dag.py:3954} INFO - Setting next_dagrun for tutorial to 2024-06-02 00:00:00+00:00, run_after=2024-06-03 00:00:00+00:00
[2024-06-03T10:37:17.004+0000] {processor.py:183} INFO - Processing /home/airflow/.local/lib/python3.12/site-packages/airflow/example_dags/tutorial.py took 0.118 seconds
[2024-06-03T10:37:47.470+0000] {processor.py:161} INFO - Started process (PID=8043) to work on /home/airflow/.local/lib/python3.12/site-packages/airflow/example_dags/tutorial.py
[2024-06-03T10:37:47.471+0000] {processor.py:830} INFO - Processing file /home/airflow/.local/lib/python3.12/site-packages/airflow/example_dags/tutorial.py for tasks to queue
[2024-06-03T10:37:47.473+0000] {logging_mixin.py:188} INFO - [2024-06-03T10:37:47.472+0000] {dagbag.py:545} INFO - Filling up the DagBag from /home/airflow/.local/lib/python3.12/site-packages/airflow/example_dags/tutorial.py
[2024-06-03T10:37:47.479+0000] {processor.py:840} INFO - DAG(s) 'tutorial' retrieved from /home/airflow/.local/lib/python3.12/site-packages/airflow/example_dags/tutorial.py
[2024-06-03T10:37:47.505+0000] {logging_mixin.py:188} INFO - [2024-06-03T10:37:47.505+0000] {dag.py:3096} INFO - Sync 1 DAGs
[2024-06-03T10:37:47.538+0000] {logging_mixin.py:188} INFO - [2024-06-03T10:37:47.537+0000] {dag.py:3954} INFO - Setting next_dagrun for tutorial to 2024-06-02 00:00:00+00:00, run_after=2024-06-03 00:00:00+00:00
[2024-06-03T10:37:47.564+0000] {processor.py:183} INFO - Processing /home/airflow/.local/lib/python3.12/site-packages/airflow/example_dags/tutorial.py took 0.101 seconds
[2024-06-03T10:38:18.129+0000] {processor.py:161} INFO - Started process (PID=8299) to work on /home/airflow/.local/lib/python3.12/site-packages/airflow/example_dags/tutorial.py
[2024-06-03T10:38:18.131+0000] {processor.py:830} INFO - Processing file /home/airflow/.local/lib/python3.12/site-packages/airflow/example_dags/tutorial.py for tasks to queue
[2024-06-03T10:38:18.133+0000] {logging_mixin.py:188} INFO - [2024-06-03T10:38:18.133+0000] {dagbag.py:545} INFO - Filling up the DagBag from /home/airflow/.local/lib/python3.12/site-packages/airflow/example_dags/tutorial.py
[2024-06-03T10:38:18.143+0000] {processor.py:840} INFO - DAG(s) 'tutorial' retrieved from /home/airflow/.local/lib/python3.12/site-packages/airflow/example_dags/tutorial.py
[2024-06-03T10:38:18.178+0000] {logging_mixin.py:188} INFO - [2024-06-03T10:38:18.177+0000] {dag.py:3096} INFO - Sync 1 DAGs
[2024-06-03T10:38:18.221+0000] {logging_mixin.py:188} INFO - [2024-06-03T10:38:18.221+0000] {dag.py:3954} INFO - Setting next_dagrun for tutorial to 2024-06-02 00:00:00+00:00, run_after=2024-06-03 00:00:00+00:00
[2024-06-03T10:38:18.275+0000] {processor.py:183} INFO - Processing /home/airflow/.local/lib/python3.12/site-packages/airflow/example_dags/tutorial.py took 0.154 seconds
[2024-06-03T10:38:49.178+0000] {processor.py:161} INFO - Started process (PID=8555) to work on /home/airflow/.local/lib/python3.12/site-packages/airflow/example_dags/tutorial.py
[2024-06-03T10:38:49.179+0000] {processor.py:830} INFO - Processing file /home/airflow/.local/lib/python3.12/site-packages/airflow/example_dags/tutorial.py for tasks to queue
[2024-06-03T10:38:49.181+0000] {logging_mixin.py:188} INFO - [2024-06-03T10:38:49.180+0000] {dagbag.py:545} INFO - Filling up the DagBag from /home/airflow/.local/lib/python3.12/site-packages/airflow/example_dags/tutorial.py
[2024-06-03T10:38:49.187+0000] {processor.py:840} INFO - DAG(s) 'tutorial' retrieved from /home/airflow/.local/lib/python3.12/site-packages/airflow/example_dags/tutorial.py
[2024-06-03T10:38:49.213+0000] {logging_mixin.py:188} INFO - [2024-06-03T10:38:49.212+0000] {dag.py:3096} INFO - Sync 1 DAGs
[2024-06-03T10:38:49.251+0000] {logging_mixin.py:188} INFO - [2024-06-03T10:38:49.250+0000] {dag.py:3954} INFO - Setting next_dagrun for tutorial to 2024-06-02 00:00:00+00:00, run_after=2024-06-03 00:00:00+00:00
[2024-06-03T10:38:49.277+0000] {processor.py:183} INFO - Processing /home/airflow/.local/lib/python3.12/site-packages/airflow/example_dags/tutorial.py took 0.106 seconds
[2024-06-03T10:39:20.164+0000] {processor.py:161} INFO - Started process (PID=8811) to work on /home/airflow/.local/lib/python3.12/site-packages/airflow/example_dags/tutorial.py
[2024-06-03T10:39:20.165+0000] {processor.py:830} INFO - Processing file /home/airflow/.local/lib/python3.12/site-packages/airflow/example_dags/tutorial.py for tasks to queue
[2024-06-03T10:39:20.167+0000] {logging_mixin.py:188} INFO - [2024-06-03T10:39:20.166+0000] {dagbag.py:545} INFO - Filling up the DagBag from /home/airflow/.local/lib/python3.12/site-packages/airflow/example_dags/tutorial.py
[2024-06-03T10:39:20.173+0000] {processor.py:840} INFO - DAG(s) 'tutorial' retrieved from /home/airflow/.local/lib/python3.12/site-packages/airflow/example_dags/tutorial.py
[2024-06-03T10:39:20.202+0000] {logging_mixin.py:188} INFO - [2024-06-03T10:39:20.201+0000] {dag.py:3096} INFO - Sync 1 DAGs
[2024-06-03T10:39:20.238+0000] {logging_mixin.py:188} INFO - [2024-06-03T10:39:20.237+0000] {dag.py:3954} INFO - Setting next_dagrun for tutorial to 2024-06-02 00:00:00+00:00, run_after=2024-06-03 00:00:00+00:00
[2024-06-03T10:39:20.263+0000] {processor.py:183} INFO - Processing /home/airflow/.local/lib/python3.12/site-packages/airflow/example_dags/tutorial.py took 0.105 seconds
[2024-06-03T10:39:51.147+0000] {processor.py:161} INFO - Started process (PID=9067) to work on /home/airflow/.local/lib/python3.12/site-packages/airflow/example_dags/tutorial.py
[2024-06-03T10:39:51.148+0000] {processor.py:830} INFO - Processing file /home/airflow/.local/lib/python3.12/site-packages/airflow/example_dags/tutorial.py for tasks to queue
[2024-06-03T10:39:51.149+0000] {logging_mixin.py:188} INFO - [2024-06-03T10:39:51.149+0000] {dagbag.py:545} INFO - Filling up the DagBag from /home/airflow/.local/lib/python3.12/site-packages/airflow/example_dags/tutorial.py
[2024-06-03T10:39:51.155+0000] {processor.py:840} INFO - DAG(s) 'tutorial' retrieved from /home/airflow/.local/lib/python3.12/site-packages/airflow/example_dags/tutorial.py
[2024-06-03T10:39:51.181+0000] {logging_mixin.py:188} INFO - [2024-06-03T10:39:51.181+0000] {dag.py:3096} INFO - Sync 1 DAGs
[2024-06-03T10:39:51.212+0000] {logging_mixin.py:188} INFO - [2024-06-03T10:39:51.211+0000] {dag.py:3954} INFO - Setting next_dagrun for tutorial to 2024-06-02 00:00:00+00:00, run_after=2024-06-03 00:00:00+00:00
[2024-06-03T10:39:51.237+0000] {processor.py:183} INFO - Processing /home/airflow/.local/lib/python3.12/site-packages/airflow/example_dags/tutorial.py took 0.096 seconds
[2024-06-03T10:40:22.022+0000] {processor.py:161} INFO - Started process (PID=9323) to work on /home/airflow/.local/lib/python3.12/site-packages/airflow/example_dags/tutorial.py
[2024-06-03T10:40:22.023+0000] {processor.py:830} INFO - Processing file /home/airflow/.local/lib/python3.12/site-packages/airflow/example_dags/tutorial.py for tasks to queue
[2024-06-03T10:40:22.025+0000] {logging_mixin.py:188} INFO - [2024-06-03T10:40:22.025+0000] {dagbag.py:545} INFO - Filling up the DagBag from /home/airflow/.local/lib/python3.12/site-packages/airflow/example_dags/tutorial.py
[2024-06-03T10:40:22.031+0000] {processor.py:840} INFO - DAG(s) 'tutorial' retrieved from /home/airflow/.local/lib/python3.12/site-packages/airflow/example_dags/tutorial.py
[2024-06-03T10:40:22.057+0000] {logging_mixin.py:188} INFO - [2024-06-03T10:40:22.057+0000] {dag.py:3096} INFO - Sync 1 DAGs
[2024-06-03T10:40:22.088+0000] {logging_mixin.py:188} INFO - [2024-06-03T10:40:22.088+0000] {dag.py:3954} INFO - Setting next_dagrun for tutorial to 2024-06-02 00:00:00+00:00, run_after=2024-06-03 00:00:00+00:00
[2024-06-03T10:40:22.114+0000] {processor.py:183} INFO - Processing /home/airflow/.local/lib/python3.12/site-packages/airflow/example_dags/tutorial.py took 0.099 seconds
[2024-06-03T10:40:52.212+0000] {processor.py:161} INFO - Started process (PID=9576) to work on /home/airflow/.local/lib/python3.12/site-packages/airflow/example_dags/tutorial.py
[2024-06-03T10:40:52.214+0000] {processor.py:830} INFO - Processing file /home/airflow/.local/lib/python3.12/site-packages/airflow/example_dags/tutorial.py for tasks to queue
[2024-06-03T10:40:52.215+0000] {logging_mixin.py:188} INFO - [2024-06-03T10:40:52.215+0000] {dagbag.py:545} INFO - Filling up the DagBag from /home/airflow/.local/lib/python3.12/site-packages/airflow/example_dags/tutorial.py
[2024-06-03T10:40:52.222+0000] {processor.py:840} INFO - DAG(s) 'tutorial' retrieved from /home/airflow/.local/lib/python3.12/site-packages/airflow/example_dags/tutorial.py
[2024-06-03T10:40:52.246+0000] {logging_mixin.py:188} INFO - [2024-06-03T10:40:52.246+0000] {dag.py:3096} INFO - Sync 1 DAGs
[2024-06-03T10:40:52.277+0000] {logging_mixin.py:188} INFO - [2024-06-03T10:40:52.276+0000] {dag.py:3954} INFO - Setting next_dagrun for tutorial to 2024-06-02 00:00:00+00:00, run_after=2024-06-03 00:00:00+00:00
[2024-06-03T10:40:52.300+0000] {processor.py:183} INFO - Processing /home/airflow/.local/lib/python3.12/site-packages/airflow/example_dags/tutorial.py took 0.094 seconds
[2024-06-03T10:41:22.376+0000] {processor.py:161} INFO - Started process (PID=9832) to work on /home/airflow/.local/lib/python3.12/site-packages/airflow/example_dags/tutorial.py
[2024-06-03T10:41:22.377+0000] {processor.py:830} INFO - Processing file /home/airflow/.local/lib/python3.12/site-packages/airflow/example_dags/tutorial.py for tasks to queue
[2024-06-03T10:41:22.379+0000] {logging_mixin.py:188} INFO - [2024-06-03T10:41:22.379+0000] {dagbag.py:545} INFO - Filling up the DagBag from /home/airflow/.local/lib/python3.12/site-packages/airflow/example_dags/tutorial.py
[2024-06-03T10:41:22.385+0000] {processor.py:840} INFO - DAG(s) 'tutorial' retrieved from /home/airflow/.local/lib/python3.12/site-packages/airflow/example_dags/tutorial.py
[2024-06-03T10:41:22.410+0000] {logging_mixin.py:188} INFO - [2024-06-03T10:41:22.409+0000] {dag.py:3096} INFO - Sync 1 DAGs
[2024-06-03T10:41:22.441+0000] {logging_mixin.py:188} INFO - [2024-06-03T10:41:22.441+0000] {dag.py:3954} INFO - Setting next_dagrun for tutorial to 2024-06-02 00:00:00+00:00, run_after=2024-06-03 00:00:00+00:00
[2024-06-03T10:41:22.467+0000] {processor.py:183} INFO - Processing /home/airflow/.local/lib/python3.12/site-packages/airflow/example_dags/tutorial.py took 0.098 seconds
[2024-06-03T10:41:52.573+0000] {processor.py:161} INFO - Started process (PID=10088) to work on /home/airflow/.local/lib/python3.12/site-packages/airflow/example_dags/tutorial.py
[2024-06-03T10:41:52.574+0000] {processor.py:830} INFO - Processing file /home/airflow/.local/lib/python3.12/site-packages/airflow/example_dags/tutorial.py for tasks to queue
[2024-06-03T10:41:52.576+0000] {logging_mixin.py:188} INFO - [2024-06-03T10:41:52.576+0000] {dagbag.py:545} INFO - Filling up the DagBag from /home/airflow/.local/lib/python3.12/site-packages/airflow/example_dags/tutorial.py
[2024-06-03T10:41:52.582+0000] {processor.py:840} INFO - DAG(s) 'tutorial' retrieved from /home/airflow/.local/lib/python3.12/site-packages/airflow/example_dags/tutorial.py
[2024-06-03T10:41:52.607+0000] {logging_mixin.py:188} INFO - [2024-06-03T10:41:52.607+0000] {dag.py:3096} INFO - Sync 1 DAGs
[2024-06-03T10:41:52.637+0000] {logging_mixin.py:188} INFO - [2024-06-03T10:41:52.637+0000] {dag.py:3954} INFO - Setting next_dagrun for tutorial to 2024-06-02 00:00:00+00:00, run_after=2024-06-03 00:00:00+00:00
[2024-06-03T10:41:52.662+0000] {processor.py:183} INFO - Processing /home/airflow/.local/lib/python3.12/site-packages/airflow/example_dags/tutorial.py took 0.095 seconds
[2024-06-03T10:42:22.823+0000] {processor.py:161} INFO - Started process (PID=10344) to work on /home/airflow/.local/lib/python3.12/site-packages/airflow/example_dags/tutorial.py
[2024-06-03T10:42:22.823+0000] {processor.py:830} INFO - Processing file /home/airflow/.local/lib/python3.12/site-packages/airflow/example_dags/tutorial.py for tasks to queue
[2024-06-03T10:42:22.825+0000] {logging_mixin.py:188} INFO - [2024-06-03T10:42:22.825+0000] {dagbag.py:545} INFO - Filling up the DagBag from /home/airflow/.local/lib/python3.12/site-packages/airflow/example_dags/tutorial.py
[2024-06-03T10:42:22.832+0000] {processor.py:840} INFO - DAG(s) 'tutorial' retrieved from /home/airflow/.local/lib/python3.12/site-packages/airflow/example_dags/tutorial.py
[2024-06-03T10:42:22.860+0000] {logging_mixin.py:188} INFO - [2024-06-03T10:42:22.860+0000] {dag.py:3096} INFO - Sync 1 DAGs
[2024-06-03T10:42:22.898+0000] {logging_mixin.py:188} INFO - [2024-06-03T10:42:22.897+0000] {dag.py:3954} INFO - Setting next_dagrun for tutorial to 2024-06-02 00:00:00+00:00, run_after=2024-06-03 00:00:00+00:00
[2024-06-03T10:42:22.926+0000] {processor.py:183} INFO - Processing /home/airflow/.local/lib/python3.12/site-packages/airflow/example_dags/tutorial.py took 0.111 seconds
[2024-06-03T10:42:53.252+0000] {processor.py:161} INFO - Started process (PID=10600) to work on /home/airflow/.local/lib/python3.12/site-packages/airflow/example_dags/tutorial.py
[2024-06-03T10:42:53.253+0000] {processor.py:830} INFO - Processing file /home/airflow/.local/lib/python3.12/site-packages/airflow/example_dags/tutorial.py for tasks to queue
[2024-06-03T10:42:53.254+0000] {logging_mixin.py:188} INFO - [2024-06-03T10:42:53.254+0000] {dagbag.py:545} INFO - Filling up the DagBag from /home/airflow/.local/lib/python3.12/site-packages/airflow/example_dags/tutorial.py
[2024-06-03T10:42:53.261+0000] {processor.py:840} INFO - DAG(s) 'tutorial' retrieved from /home/airflow/.local/lib/python3.12/site-packages/airflow/example_dags/tutorial.py
[2024-06-03T10:42:53.287+0000] {logging_mixin.py:188} INFO - [2024-06-03T10:42:53.287+0000] {dag.py:3096} INFO - Sync 1 DAGs
[2024-06-03T10:42:53.318+0000] {logging_mixin.py:188} INFO - [2024-06-03T10:42:53.318+0000] {dag.py:3954} INFO - Setting next_dagrun for tutorial to 2024-06-02 00:00:00+00:00, run_after=2024-06-03 00:00:00+00:00
[2024-06-03T10:42:53.343+0000] {processor.py:183} INFO - Processing /home/airflow/.local/lib/python3.12/site-packages/airflow/example_dags/tutorial.py took 0.098 seconds
[2024-06-03T10:43:23.638+0000] {processor.py:161} INFO - Started process (PID=10856) to work on /home/airflow/.local/lib/python3.12/site-packages/airflow/example_dags/tutorial.py
[2024-06-03T10:43:23.639+0000] {processor.py:830} INFO - Processing file /home/airflow/.local/lib/python3.12/site-packages/airflow/example_dags/tutorial.py for tasks to queue
[2024-06-03T10:43:23.641+0000] {logging_mixin.py:188} INFO - [2024-06-03T10:43:23.640+0000] {dagbag.py:545} INFO - Filling up the DagBag from /home/airflow/.local/lib/python3.12/site-packages/airflow/example_dags/tutorial.py
[2024-06-03T10:43:23.647+0000] {processor.py:840} INFO - DAG(s) 'tutorial' retrieved from /home/airflow/.local/lib/python3.12/site-packages/airflow/example_dags/tutorial.py
[2024-06-03T10:43:23.675+0000] {logging_mixin.py:188} INFO - [2024-06-03T10:43:23.675+0000] {dag.py:3096} INFO - Sync 1 DAGs
[2024-06-03T10:43:23.710+0000] {logging_mixin.py:188} INFO - [2024-06-03T10:43:23.709+0000] {dag.py:3954} INFO - Setting next_dagrun for tutorial to 2024-06-02 00:00:00+00:00, run_after=2024-06-03 00:00:00+00:00
[2024-06-03T10:43:23.737+0000] {processor.py:183} INFO - Processing /home/airflow/.local/lib/python3.12/site-packages/airflow/example_dags/tutorial.py took 0.106 seconds
[2024-06-03T10:43:54.434+0000] {processor.py:161} INFO - Started process (PID=11112) to work on /home/airflow/.local/lib/python3.12/site-packages/airflow/example_dags/tutorial.py
[2024-06-03T10:43:54.436+0000] {processor.py:830} INFO - Processing file /home/airflow/.local/lib/python3.12/site-packages/airflow/example_dags/tutorial.py for tasks to queue
[2024-06-03T10:43:54.437+0000] {logging_mixin.py:188} INFO - [2024-06-03T10:43:54.437+0000] {dagbag.py:545} INFO - Filling up the DagBag from /home/airflow/.local/lib/python3.12/site-packages/airflow/example_dags/tutorial.py
[2024-06-03T10:43:54.444+0000] {processor.py:840} INFO - DAG(s) 'tutorial' retrieved from /home/airflow/.local/lib/python3.12/site-packages/airflow/example_dags/tutorial.py
[2024-06-03T10:43:54.471+0000] {logging_mixin.py:188} INFO - [2024-06-03T10:43:54.471+0000] {dag.py:3096} INFO - Sync 1 DAGs
[2024-06-03T10:43:54.502+0000] {logging_mixin.py:188} INFO - [2024-06-03T10:43:54.502+0000] {dag.py:3954} INFO - Setting next_dagrun for tutorial to 2024-06-02 00:00:00+00:00, run_after=2024-06-03 00:00:00+00:00
[2024-06-03T10:43:54.528+0000] {processor.py:183} INFO - Processing /home/airflow/.local/lib/python3.12/site-packages/airflow/example_dags/tutorial.py took 0.100 seconds
[2024-06-03T10:44:25.125+0000] {processor.py:161} INFO - Started process (PID=11368) to work on /home/airflow/.local/lib/python3.12/site-packages/airflow/example_dags/tutorial.py
[2024-06-03T10:44:25.126+0000] {processor.py:830} INFO - Processing file /home/airflow/.local/lib/python3.12/site-packages/airflow/example_dags/tutorial.py for tasks to queue
[2024-06-03T10:44:25.127+0000] {logging_mixin.py:188} INFO - [2024-06-03T10:44:25.127+0000] {dagbag.py:545} INFO - Filling up the DagBag from /home/airflow/.local/lib/python3.12/site-packages/airflow/example_dags/tutorial.py
[2024-06-03T10:44:25.134+0000] {processor.py:840} INFO - DAG(s) 'tutorial' retrieved from /home/airflow/.local/lib/python3.12/site-packages/airflow/example_dags/tutorial.py
[2024-06-03T10:44:25.161+0000] {logging_mixin.py:188} INFO - [2024-06-03T10:44:25.160+0000] {dag.py:3096} INFO - Sync 1 DAGs
[2024-06-03T10:44:25.332+0000] {logging_mixin.py:188} INFO - [2024-06-03T10:44:25.332+0000] {dag.py:3954} INFO - Setting next_dagrun for tutorial to 2024-06-02 00:00:00+00:00, run_after=2024-06-03 00:00:00+00:00
[2024-06-03T10:44:25.357+0000] {processor.py:183} INFO - Processing /home/airflow/.local/lib/python3.12/site-packages/airflow/example_dags/tutorial.py took 0.240 seconds
[2024-06-03T10:44:55.667+0000] {processor.py:161} INFO - Started process (PID=11624) to work on /home/airflow/.local/lib/python3.12/site-packages/airflow/example_dags/tutorial.py
[2024-06-03T10:44:55.668+0000] {processor.py:830} INFO - Processing file /home/airflow/.local/lib/python3.12/site-packages/airflow/example_dags/tutorial.py for tasks to queue
[2024-06-03T10:44:55.670+0000] {logging_mixin.py:188} INFO - [2024-06-03T10:44:55.670+0000] {dagbag.py:545} INFO - Filling up the DagBag from /home/airflow/.local/lib/python3.12/site-packages/airflow/example_dags/tutorial.py
[2024-06-03T10:44:55.676+0000] {processor.py:840} INFO - DAG(s) 'tutorial' retrieved from /home/airflow/.local/lib/python3.12/site-packages/airflow/example_dags/tutorial.py
[2024-06-03T10:44:55.703+0000] {logging_mixin.py:188} INFO - [2024-06-03T10:44:55.703+0000] {dag.py:3096} INFO - Sync 1 DAGs
[2024-06-03T10:44:55.736+0000] {logging_mixin.py:188} INFO - [2024-06-03T10:44:55.736+0000] {dag.py:3954} INFO - Setting next_dagrun for tutorial to 2024-06-02 00:00:00+00:00, run_after=2024-06-03 00:00:00+00:00
[2024-06-03T10:44:55.762+0000] {processor.py:183} INFO - Processing /home/airflow/.local/lib/python3.12/site-packages/airflow/example_dags/tutorial.py took 0.103 seconds
[2024-06-03T10:45:26.185+0000] {processor.py:161} INFO - Started process (PID=11874) to work on /home/airflow/.local/lib/python3.12/site-packages/airflow/example_dags/tutorial.py
[2024-06-03T10:45:26.186+0000] {processor.py:830} INFO - Processing file /home/airflow/.local/lib/python3.12/site-packages/airflow/example_dags/tutorial.py for tasks to queue
[2024-06-03T10:45:26.188+0000] {logging_mixin.py:188} INFO - [2024-06-03T10:45:26.188+0000] {dagbag.py:545} INFO - Filling up the DagBag from /home/airflow/.local/lib/python3.12/site-packages/airflow/example_dags/tutorial.py
[2024-06-03T10:45:26.194+0000] {processor.py:840} INFO - DAG(s) 'tutorial' retrieved from /home/airflow/.local/lib/python3.12/site-packages/airflow/example_dags/tutorial.py
[2024-06-03T10:45:26.219+0000] {logging_mixin.py:188} INFO - [2024-06-03T10:45:26.218+0000] {dag.py:3096} INFO - Sync 1 DAGs
[2024-06-03T10:45:26.249+0000] {logging_mixin.py:188} INFO - [2024-06-03T10:45:26.248+0000] {dag.py:3954} INFO - Setting next_dagrun for tutorial to 2024-06-02 00:00:00+00:00, run_after=2024-06-03 00:00:00+00:00
[2024-06-03T10:45:26.274+0000] {processor.py:183} INFO - Processing /home/airflow/.local/lib/python3.12/site-packages/airflow/example_dags/tutorial.py took 0.096 seconds
[2024-06-03T10:45:56.943+0000] {processor.py:161} INFO - Started process (PID=12130) to work on /home/airflow/.local/lib/python3.12/site-packages/airflow/example_dags/tutorial.py
[2024-06-03T10:45:56.944+0000] {processor.py:830} INFO - Processing file /home/airflow/.local/lib/python3.12/site-packages/airflow/example_dags/tutorial.py for tasks to queue
[2024-06-03T10:45:56.945+0000] {logging_mixin.py:188} INFO - [2024-06-03T10:45:56.945+0000] {dagbag.py:545} INFO - Filling up the DagBag from /home/airflow/.local/lib/python3.12/site-packages/airflow/example_dags/tutorial.py
[2024-06-03T10:45:56.952+0000] {processor.py:840} INFO - DAG(s) 'tutorial' retrieved from /home/airflow/.local/lib/python3.12/site-packages/airflow/example_dags/tutorial.py
[2024-06-03T10:45:56.977+0000] {logging_mixin.py:188} INFO - [2024-06-03T10:45:56.977+0000] {dag.py:3096} INFO - Sync 1 DAGs
[2024-06-03T10:45:57.008+0000] {logging_mixin.py:188} INFO - [2024-06-03T10:45:57.007+0000] {dag.py:3954} INFO - Setting next_dagrun for tutorial to 2024-06-02 00:00:00+00:00, run_after=2024-06-03 00:00:00+00:00
[2024-06-03T10:45:57.030+0000] {processor.py:183} INFO - Processing /home/airflow/.local/lib/python3.12/site-packages/airflow/example_dags/tutorial.py took 0.094 seconds
[2024-06-03T10:46:27.224+0000] {processor.py:161} INFO - Started process (PID=12386) to work on /home/airflow/.local/lib/python3.12/site-packages/airflow/example_dags/tutorial.py
[2024-06-03T10:46:27.225+0000] {processor.py:830} INFO - Processing file /home/airflow/.local/lib/python3.12/site-packages/airflow/example_dags/tutorial.py for tasks to queue
[2024-06-03T10:46:27.226+0000] {logging_mixin.py:188} INFO - [2024-06-03T10:46:27.226+0000] {dagbag.py:545} INFO - Filling up the DagBag from /home/airflow/.local/lib/python3.12/site-packages/airflow/example_dags/tutorial.py
[2024-06-03T10:46:27.232+0000] {processor.py:840} INFO - DAG(s) 'tutorial' retrieved from /home/airflow/.local/lib/python3.12/site-packages/airflow/example_dags/tutorial.py
[2024-06-03T10:46:27.257+0000] {logging_mixin.py:188} INFO - [2024-06-03T10:46:27.256+0000] {dag.py:3096} INFO - Sync 1 DAGs
[2024-06-03T10:46:27.287+0000] {logging_mixin.py:188} INFO - [2024-06-03T10:46:27.287+0000] {dag.py:3954} INFO - Setting next_dagrun for tutorial to 2024-06-02 00:00:00+00:00, run_after=2024-06-03 00:00:00+00:00
[2024-06-03T10:46:27.311+0000] {processor.py:183} INFO - Processing /home/airflow/.local/lib/python3.12/site-packages/airflow/example_dags/tutorial.py took 0.094 seconds
[2024-06-03T10:46:57.897+0000] {processor.py:161} INFO - Started process (PID=12642) to work on /home/airflow/.local/lib/python3.12/site-packages/airflow/example_dags/tutorial.py
[2024-06-03T10:46:57.898+0000] {processor.py:830} INFO - Processing file /home/airflow/.local/lib/python3.12/site-packages/airflow/example_dags/tutorial.py for tasks to queue
[2024-06-03T10:46:57.900+0000] {logging_mixin.py:188} INFO - [2024-06-03T10:46:57.900+0000] {dagbag.py:545} INFO - Filling up the DagBag from /home/airflow/.local/lib/python3.12/site-packages/airflow/example_dags/tutorial.py
[2024-06-03T10:46:57.906+0000] {processor.py:840} INFO - DAG(s) 'tutorial' retrieved from /home/airflow/.local/lib/python3.12/site-packages/airflow/example_dags/tutorial.py
[2024-06-03T10:46:57.930+0000] {logging_mixin.py:188} INFO - [2024-06-03T10:46:57.929+0000] {dag.py:3096} INFO - Sync 1 DAGs
[2024-06-03T10:46:57.959+0000] {logging_mixin.py:188} INFO - [2024-06-03T10:46:57.959+0000] {dag.py:3954} INFO - Setting next_dagrun for tutorial to 2024-06-02 00:00:00+00:00, run_after=2024-06-03 00:00:00+00:00
[2024-06-03T10:46:57.981+0000] {processor.py:183} INFO - Processing /home/airflow/.local/lib/python3.12/site-packages/airflow/example_dags/tutorial.py took 0.090 seconds
[2024-06-03T10:47:28.592+0000] {processor.py:161} INFO - Started process (PID=12898) to work on /home/airflow/.local/lib/python3.12/site-packages/airflow/example_dags/tutorial.py
[2024-06-03T10:47:28.593+0000] {processor.py:830} INFO - Processing file /home/airflow/.local/lib/python3.12/site-packages/airflow/example_dags/tutorial.py for tasks to queue
[2024-06-03T10:47:28.594+0000] {logging_mixin.py:188} INFO - [2024-06-03T10:47:28.594+0000] {dagbag.py:545} INFO - Filling up the DagBag from /home/airflow/.local/lib/python3.12/site-packages/airflow/example_dags/tutorial.py
[2024-06-03T10:47:28.601+0000] {processor.py:840} INFO - DAG(s) 'tutorial' retrieved from /home/airflow/.local/lib/python3.12/site-packages/airflow/example_dags/tutorial.py
[2024-06-03T10:47:28.626+0000] {logging_mixin.py:188} INFO - [2024-06-03T10:47:28.625+0000] {dag.py:3096} INFO - Sync 1 DAGs
[2024-06-03T10:47:28.657+0000] {logging_mixin.py:188} INFO - [2024-06-03T10:47:28.656+0000] {dag.py:3954} INFO - Setting next_dagrun for tutorial to 2024-06-02 00:00:00+00:00, run_after=2024-06-03 00:00:00+00:00
[2024-06-03T10:47:28.679+0000] {processor.py:183} INFO - Processing /home/airflow/.local/lib/python3.12/site-packages/airflow/example_dags/tutorial.py took 0.094 seconds
[2024-06-03T10:47:59.283+0000] {processor.py:161} INFO - Started process (PID=13154) to work on /home/airflow/.local/lib/python3.12/site-packages/airflow/example_dags/tutorial.py
[2024-06-03T10:47:59.285+0000] {processor.py:830} INFO - Processing file /home/airflow/.local/lib/python3.12/site-packages/airflow/example_dags/tutorial.py for tasks to queue
[2024-06-03T10:47:59.286+0000] {logging_mixin.py:188} INFO - [2024-06-03T10:47:59.286+0000] {dagbag.py:545} INFO - Filling up the DagBag from /home/airflow/.local/lib/python3.12/site-packages/airflow/example_dags/tutorial.py
[2024-06-03T10:47:59.293+0000] {processor.py:840} INFO - DAG(s) 'tutorial' retrieved from /home/airflow/.local/lib/python3.12/site-packages/airflow/example_dags/tutorial.py
[2024-06-03T10:47:59.318+0000] {logging_mixin.py:188} INFO - [2024-06-03T10:47:59.317+0000] {dag.py:3096} INFO - Sync 1 DAGs
[2024-06-03T10:47:59.349+0000] {logging_mixin.py:188} INFO - [2024-06-03T10:47:59.348+0000] {dag.py:3954} INFO - Setting next_dagrun for tutorial to 2024-06-02 00:00:00+00:00, run_after=2024-06-03 00:00:00+00:00
[2024-06-03T10:47:59.372+0000] {processor.py:183} INFO - Processing /home/airflow/.local/lib/python3.12/site-packages/airflow/example_dags/tutorial.py took 0.095 seconds
[2024-06-03T10:48:29.663+0000] {processor.py:161} INFO - Started process (PID=13410) to work on /home/airflow/.local/lib/python3.12/site-packages/airflow/example_dags/tutorial.py
[2024-06-03T10:48:29.663+0000] {processor.py:830} INFO - Processing file /home/airflow/.local/lib/python3.12/site-packages/airflow/example_dags/tutorial.py for tasks to queue
[2024-06-03T10:48:29.665+0000] {logging_mixin.py:188} INFO - [2024-06-03T10:48:29.665+0000] {dagbag.py:545} INFO - Filling up the DagBag from /home/airflow/.local/lib/python3.12/site-packages/airflow/example_dags/tutorial.py
[2024-06-03T10:48:29.671+0000] {processor.py:840} INFO - DAG(s) 'tutorial' retrieved from /home/airflow/.local/lib/python3.12/site-packages/airflow/example_dags/tutorial.py
[2024-06-03T10:48:29.696+0000] {logging_mixin.py:188} INFO - [2024-06-03T10:48:29.696+0000] {dag.py:3096} INFO - Sync 1 DAGs
[2024-06-03T10:48:29.727+0000] {logging_mixin.py:188} INFO - [2024-06-03T10:48:29.727+0000] {dag.py:3954} INFO - Setting next_dagrun for tutorial to 2024-06-02 00:00:00+00:00, run_after=2024-06-03 00:00:00+00:00
[2024-06-03T10:48:29.750+0000] {processor.py:183} INFO - Processing /home/airflow/.local/lib/python3.12/site-packages/airflow/example_dags/tutorial.py took 0.094 seconds
[2024-06-03T10:48:59.980+0000] {processor.py:161} INFO - Started process (PID=13666) to work on /home/airflow/.local/lib/python3.12/site-packages/airflow/example_dags/tutorial.py
[2024-06-03T10:48:59.981+0000] {processor.py:830} INFO - Processing file /home/airflow/.local/lib/python3.12/site-packages/airflow/example_dags/tutorial.py for tasks to queue
[2024-06-03T10:48:59.982+0000] {logging_mixin.py:188} INFO - [2024-06-03T10:48:59.982+0000] {dagbag.py:545} INFO - Filling up the DagBag from /home/airflow/.local/lib/python3.12/site-packages/airflow/example_dags/tutorial.py
[2024-06-03T10:48:59.988+0000] {processor.py:840} INFO - DAG(s) 'tutorial' retrieved from /home/airflow/.local/lib/python3.12/site-packages/airflow/example_dags/tutorial.py
[2024-06-03T10:49:00.013+0000] {logging_mixin.py:188} INFO - [2024-06-03T10:49:00.012+0000] {dag.py:3096} INFO - Sync 1 DAGs
[2024-06-03T10:49:00.043+0000] {logging_mixin.py:188} INFO - [2024-06-03T10:49:00.042+0000] {dag.py:3954} INFO - Setting next_dagrun for tutorial to 2024-06-02 00:00:00+00:00, run_after=2024-06-03 00:00:00+00:00
[2024-06-03T10:49:00.065+0000] {processor.py:183} INFO - Processing /home/airflow/.local/lib/python3.12/site-packages/airflow/example_dags/tutorial.py took 0.091 seconds
[2024-06-03T10:49:30.186+0000] {processor.py:161} INFO - Started process (PID=13922) to work on /home/airflow/.local/lib/python3.12/site-packages/airflow/example_dags/tutorial.py
[2024-06-03T10:49:30.187+0000] {processor.py:830} INFO - Processing file /home/airflow/.local/lib/python3.12/site-packages/airflow/example_dags/tutorial.py for tasks to queue
[2024-06-03T10:49:30.188+0000] {logging_mixin.py:188} INFO - [2024-06-03T10:49:30.188+0000] {dagbag.py:545} INFO - Filling up the DagBag from /home/airflow/.local/lib/python3.12/site-packages/airflow/example_dags/tutorial.py
[2024-06-03T10:49:30.194+0000] {processor.py:840} INFO - DAG(s) 'tutorial' retrieved from /home/airflow/.local/lib/python3.12/site-packages/airflow/example_dags/tutorial.py
[2024-06-03T10:49:30.219+0000] {logging_mixin.py:188} INFO - [2024-06-03T10:49:30.218+0000] {dag.py:3096} INFO - Sync 1 DAGs
[2024-06-03T10:49:30.248+0000] {logging_mixin.py:188} INFO - [2024-06-03T10:49:30.248+0000] {dag.py:3954} INFO - Setting next_dagrun for tutorial to 2024-06-02 00:00:00+00:00, run_after=2024-06-03 00:00:00+00:00
[2024-06-03T10:49:30.270+0000] {processor.py:183} INFO - Processing /home/airflow/.local/lib/python3.12/site-packages/airflow/example_dags/tutorial.py took 0.091 seconds
[2024-06-03T10:50:00.873+0000] {processor.py:161} INFO - Started process (PID=14178) to work on /home/airflow/.local/lib/python3.12/site-packages/airflow/example_dags/tutorial.py
[2024-06-03T10:50:00.876+0000] {processor.py:830} INFO - Processing file /home/airflow/.local/lib/python3.12/site-packages/airflow/example_dags/tutorial.py for tasks to queue
[2024-06-03T10:50:00.878+0000] {logging_mixin.py:188} INFO - [2024-06-03T10:50:00.878+0000] {dagbag.py:545} INFO - Filling up the DagBag from /home/airflow/.local/lib/python3.12/site-packages/airflow/example_dags/tutorial.py
[2024-06-03T10:50:00.884+0000] {processor.py:840} INFO - DAG(s) 'tutorial' retrieved from /home/airflow/.local/lib/python3.12/site-packages/airflow/example_dags/tutorial.py
[2024-06-03T10:50:00.909+0000] {logging_mixin.py:188} INFO - [2024-06-03T10:50:00.909+0000] {dag.py:3096} INFO - Sync 1 DAGs
[2024-06-03T10:50:00.939+0000] {logging_mixin.py:188} INFO - [2024-06-03T10:50:00.938+0000] {dag.py:3954} INFO - Setting next_dagrun for tutorial to 2024-06-02 00:00:00+00:00, run_after=2024-06-03 00:00:00+00:00
[2024-06-03T10:50:00.962+0000] {processor.py:183} INFO - Processing /home/airflow/.local/lib/python3.12/site-packages/airflow/example_dags/tutorial.py took 0.095 seconds
[2024-06-03T10:50:31.262+0000] {processor.py:161} INFO - Started process (PID=14434) to work on /home/airflow/.local/lib/python3.12/site-packages/airflow/example_dags/tutorial.py
[2024-06-03T10:50:31.263+0000] {processor.py:830} INFO - Processing file /home/airflow/.local/lib/python3.12/site-packages/airflow/example_dags/tutorial.py for tasks to queue
[2024-06-03T10:50:31.265+0000] {logging_mixin.py:188} INFO - [2024-06-03T10:50:31.264+0000] {dagbag.py:545} INFO - Filling up the DagBag from /home/airflow/.local/lib/python3.12/site-packages/airflow/example_dags/tutorial.py
[2024-06-03T10:50:31.271+0000] {processor.py:840} INFO - DAG(s) 'tutorial' retrieved from /home/airflow/.local/lib/python3.12/site-packages/airflow/example_dags/tutorial.py
[2024-06-03T10:50:31.298+0000] {logging_mixin.py:188} INFO - [2024-06-03T10:50:31.298+0000] {dag.py:3096} INFO - Sync 1 DAGs
[2024-06-03T10:50:31.332+0000] {logging_mixin.py:188} INFO - [2024-06-03T10:50:31.331+0000] {dag.py:3954} INFO - Setting next_dagrun for tutorial to 2024-06-02 00:00:00+00:00, run_after=2024-06-03 00:00:00+00:00
[2024-06-03T10:50:31.359+0000] {processor.py:183} INFO - Processing /home/airflow/.local/lib/python3.12/site-packages/airflow/example_dags/tutorial.py took 0.104 seconds
[2024-06-03T10:51:01.981+0000] {processor.py:161} INFO - Started process (PID=14690) to work on /home/airflow/.local/lib/python3.12/site-packages/airflow/example_dags/tutorial.py
[2024-06-03T10:51:01.983+0000] {processor.py:830} INFO - Processing file /home/airflow/.local/lib/python3.12/site-packages/airflow/example_dags/tutorial.py for tasks to queue
[2024-06-03T10:51:01.984+0000] {logging_mixin.py:188} INFO - [2024-06-03T10:51:01.984+0000] {dagbag.py:545} INFO - Filling up the DagBag from /home/airflow/.local/lib/python3.12/site-packages/airflow/example_dags/tutorial.py
[2024-06-03T10:51:01.991+0000] {processor.py:840} INFO - DAG(s) 'tutorial' retrieved from /home/airflow/.local/lib/python3.12/site-packages/airflow/example_dags/tutorial.py
[2024-06-03T10:51:02.018+0000] {logging_mixin.py:188} INFO - [2024-06-03T10:51:02.018+0000] {dag.py:3096} INFO - Sync 1 DAGs
[2024-06-03T10:51:02.050+0000] {logging_mixin.py:188} INFO - [2024-06-03T10:51:02.050+0000] {dag.py:3954} INFO - Setting next_dagrun for tutorial to 2024-06-02 00:00:00+00:00, run_after=2024-06-03 00:00:00+00:00
[2024-06-03T10:51:02.073+0000] {processor.py:183} INFO - Processing /home/airflow/.local/lib/python3.12/site-packages/airflow/example_dags/tutorial.py took 0.098 seconds
[2024-06-03T10:51:32.725+0000] {processor.py:161} INFO - Started process (PID=14946) to work on /home/airflow/.local/lib/python3.12/site-packages/airflow/example_dags/tutorial.py
[2024-06-03T10:51:32.726+0000] {processor.py:830} INFO - Processing file /home/airflow/.local/lib/python3.12/site-packages/airflow/example_dags/tutorial.py for tasks to queue
[2024-06-03T10:51:32.728+0000] {logging_mixin.py:188} INFO - [2024-06-03T10:51:32.727+0000] {dagbag.py:545} INFO - Filling up the DagBag from /home/airflow/.local/lib/python3.12/site-packages/airflow/example_dags/tutorial.py
[2024-06-03T10:51:32.734+0000] {processor.py:840} INFO - DAG(s) 'tutorial' retrieved from /home/airflow/.local/lib/python3.12/site-packages/airflow/example_dags/tutorial.py
[2024-06-03T10:51:32.758+0000] {logging_mixin.py:188} INFO - [2024-06-03T10:51:32.757+0000] {dag.py:3096} INFO - Sync 1 DAGs
[2024-06-03T10:51:32.787+0000] {logging_mixin.py:188} INFO - [2024-06-03T10:51:32.787+0000] {dag.py:3954} INFO - Setting next_dagrun for tutorial to 2024-06-02 00:00:00+00:00, run_after=2024-06-03 00:00:00+00:00
[2024-06-03T10:51:32.809+0000] {processor.py:183} INFO - Processing /home/airflow/.local/lib/python3.12/site-packages/airflow/example_dags/tutorial.py took 0.091 seconds
[2024-06-03T10:52:03.362+0000] {processor.py:161} INFO - Started process (PID=15202) to work on /home/airflow/.local/lib/python3.12/site-packages/airflow/example_dags/tutorial.py
[2024-06-03T10:52:03.364+0000] {processor.py:830} INFO - Processing file /home/airflow/.local/lib/python3.12/site-packages/airflow/example_dags/tutorial.py for tasks to queue
[2024-06-03T10:52:03.365+0000] {logging_mixin.py:188} INFO - [2024-06-03T10:52:03.365+0000] {dagbag.py:545} INFO - Filling up the DagBag from /home/airflow/.local/lib/python3.12/site-packages/airflow/example_dags/tutorial.py
[2024-06-03T10:52:03.372+0000] {processor.py:840} INFO - DAG(s) 'tutorial' retrieved from /home/airflow/.local/lib/python3.12/site-packages/airflow/example_dags/tutorial.py
[2024-06-03T10:52:03.401+0000] {logging_mixin.py:188} INFO - [2024-06-03T10:52:03.400+0000] {dag.py:3096} INFO - Sync 1 DAGs
[2024-06-03T10:52:03.438+0000] {logging_mixin.py:188} INFO - [2024-06-03T10:52:03.438+0000] {dag.py:3954} INFO - Setting next_dagrun for tutorial to 2024-06-02 00:00:00+00:00, run_after=2024-06-03 00:00:00+00:00
[2024-06-03T10:52:03.463+0000] {processor.py:183} INFO - Processing /home/airflow/.local/lib/python3.12/site-packages/airflow/example_dags/tutorial.py took 0.108 seconds
[2024-06-03T10:52:34.157+0000] {processor.py:161} INFO - Started process (PID=15458) to work on /home/airflow/.local/lib/python3.12/site-packages/airflow/example_dags/tutorial.py
[2024-06-03T10:52:34.157+0000] {processor.py:830} INFO - Processing file /home/airflow/.local/lib/python3.12/site-packages/airflow/example_dags/tutorial.py for tasks to queue
[2024-06-03T10:52:34.159+0000] {logging_mixin.py:188} INFO - [2024-06-03T10:52:34.159+0000] {dagbag.py:545} INFO - Filling up the DagBag from /home/airflow/.local/lib/python3.12/site-packages/airflow/example_dags/tutorial.py
[2024-06-03T10:52:34.165+0000] {processor.py:840} INFO - DAG(s) 'tutorial' retrieved from /home/airflow/.local/lib/python3.12/site-packages/airflow/example_dags/tutorial.py
[2024-06-03T10:52:34.194+0000] {logging_mixin.py:188} INFO - [2024-06-03T10:52:34.194+0000] {dag.py:3096} INFO - Sync 1 DAGs
[2024-06-03T10:52:34.232+0000] {logging_mixin.py:188} INFO - [2024-06-03T10:52:34.232+0000] {dag.py:3954} INFO - Setting next_dagrun for tutorial to 2024-06-02 00:00:00+00:00, run_after=2024-06-03 00:00:00+00:00
[2024-06-03T10:52:34.261+0000] {processor.py:183} INFO - Processing /home/airflow/.local/lib/python3.12/site-packages/airflow/example_dags/tutorial.py took 0.112 seconds
[2024-06-03T10:53:04.514+0000] {processor.py:161} INFO - Started process (PID=15714) to work on /home/airflow/.local/lib/python3.12/site-packages/airflow/example_dags/tutorial.py
[2024-06-03T10:53:04.515+0000] {processor.py:830} INFO - Processing file /home/airflow/.local/lib/python3.12/site-packages/airflow/example_dags/tutorial.py for tasks to queue
[2024-06-03T10:53:04.517+0000] {logging_mixin.py:188} INFO - [2024-06-03T10:53:04.517+0000] {dagbag.py:545} INFO - Filling up the DagBag from /home/airflow/.local/lib/python3.12/site-packages/airflow/example_dags/tutorial.py
[2024-06-03T10:53:04.524+0000] {processor.py:840} INFO - DAG(s) 'tutorial' retrieved from /home/airflow/.local/lib/python3.12/site-packages/airflow/example_dags/tutorial.py
[2024-06-03T10:53:04.550+0000] {logging_mixin.py:188} INFO - [2024-06-03T10:53:04.550+0000] {dag.py:3096} INFO - Sync 1 DAGs
[2024-06-03T10:53:04.581+0000] {logging_mixin.py:188} INFO - [2024-06-03T10:53:04.580+0000] {dag.py:3954} INFO - Setting next_dagrun for tutorial to 2024-06-02 00:00:00+00:00, run_after=2024-06-03 00:00:00+00:00
[2024-06-03T10:53:04.604+0000] {processor.py:183} INFO - Processing /home/airflow/.local/lib/python3.12/site-packages/airflow/example_dags/tutorial.py took 0.097 seconds
[2024-06-03T10:53:34.796+0000] {processor.py:161} INFO - Started process (PID=15970) to work on /home/airflow/.local/lib/python3.12/site-packages/airflow/example_dags/tutorial.py
[2024-06-03T10:53:34.797+0000] {processor.py:830} INFO - Processing file /home/airflow/.local/lib/python3.12/site-packages/airflow/example_dags/tutorial.py for tasks to queue
[2024-06-03T10:53:34.798+0000] {logging_mixin.py:188} INFO - [2024-06-03T10:53:34.798+0000] {dagbag.py:545} INFO - Filling up the DagBag from /home/airflow/.local/lib/python3.12/site-packages/airflow/example_dags/tutorial.py
[2024-06-03T10:53:34.805+0000] {processor.py:840} INFO - DAG(s) 'tutorial' retrieved from /home/airflow/.local/lib/python3.12/site-packages/airflow/example_dags/tutorial.py
[2024-06-03T10:53:34.832+0000] {logging_mixin.py:188} INFO - [2024-06-03T10:53:34.832+0000] {dag.py:3096} INFO - Sync 1 DAGs
[2024-06-03T10:53:34.869+0000] {logging_mixin.py:188} INFO - [2024-06-03T10:53:34.869+0000] {dag.py:3954} INFO - Setting next_dagrun for tutorial to 2024-06-02 00:00:00+00:00, run_after=2024-06-03 00:00:00+00:00
[2024-06-03T10:53:34.896+0000] {processor.py:183} INFO - Processing /home/airflow/.local/lib/python3.12/site-packages/airflow/example_dags/tutorial.py took 0.106 seconds
